Creating kernel tarball at /tmp/ktest-kernel.tar.gz...
Creating lustre tarball at /tmp/ktest-lustre.tar.gz...
Executing 16 jobs with dependencies
Jobs will start as soon as their dependencies are satisfied

Starting job: lustre_u24 (ktest-out: /tmp/ktest_lustre_u24_st95wzei)
Starting job: lustre_mainline (ktest-out: /tmp/ktest_lustre_mainline_23u6796z)
Starting job: lustre_mainline_strict (ktest-out: /tmp/ktest_lustre_mainline_strict_zy4spoys)
Starting job: checkpatch (ktest-out: /tmp/ktest_checkpatch_a7a6mk1k)
Starting job: lustre_al2023 (ktest-out: /tmp/ktest_lustre_al2023_eyeauewt)
Starting job: lustre_mainline_native (ktest-out: /tmp/ktest_lustre_mainline_native_q_6rn_49)
put_archive(/tmp/ktest-kernel.tar.gz): 7.20s
put_archive(/tmp/ktest-kernel.tar.gz): 9.87s
put_archive(/tmp/ktest-kernel.tar.gz): 10.04s
put_archive(/tmp/ktest-kernel.tar.gz): 10.43s
put_archive(/tmp/ktest-kernel.tar.gz): 9.39s
put_archive(/tmp/ktest-kernel.tar.gz): 9.31s
put_archive(/tmp/ktest-lustre.tar.gz): 11.64s
put_archive(/tmp/ktest-lustre.tar.gz): 7.69s
put_archive(/tmp/ktest-lustre.tar.gz): 7.56s
put_archive(/tmp/ktest-lustre.tar.gz): 8.00s
put_archive(/tmp/ktest-lustre.tar.gz): 8.15s
put_archive(/tmp/ktest-lustre.tar.gz): 7.89s
Job checkpatch completed: FAILED (return code = 1, log: /tmp/ktest-results/checkpatch.log)
Job lustre_al2023 completed: SUCCESS (return code = 0, log: /tmp/ktest-results/lustre_al2023.log)
Job lustre_u24 completed: SUCCESS (return code = 0, log: /tmp/ktest-results/lustre_u24.log)
get_archive(ktest-out): 3.87s
Job lustre_mainline_strict completed: FAILED (return code = 1, log: /tmp/ktest-results/lustre_mainline_strict.log)
get_archive(ktest-out): 3.26s
get_archive(ktest-out): 3.43s
Job lustre_mainline completed: SUCCESS (return code = 0, log: /tmp/ktest-results/lustre_mainline.log)
Job lustre_mainline_native completed: SUCCESS (return code = 0, log: /tmp/ktest-results/lustre_mainline_native.log)
Starting job: clang-tidy (ktest-out: /tmp/ktest_lustre_mainline_native_q_6rn_49)
Starting job: cc-plugin (ktest-out: /tmp/ktest_lustre_mainline_native_q_6rn_49)
Starting job: boot (ktest-out: /tmp/ktest_lustre_mainline_native_q_6rn_49)
Starting job: llmount (ktest-out: /tmp/ktest_lustre_mainline_native_q_6rn_49)
Starting job: llog-unit (ktest-out: /tmp/ktest_lustre_mainline_native_q_6rn_49)
Starting job: mgs-setup (ktest-out: /tmp/ktest_lustre_mainline_native_q_6rn_49)
Starting job: sanity-1 (ktest-out: /tmp/ktest_lustre_mainline_native_q_6rn_49)
Starting job: sanity-2 (ktest-out: /tmp/ktest_lustre_mainline_native_q_6rn_49)
Starting job: sanity-3 (ktest-out: /tmp/ktest_lustre_mainline_native_q_6rn_49)
Starting job: sanity-4 (ktest-out: /tmp/ktest_lustre_mainline_native_q_6rn_49)
put_archive(/tmp/ktest_lustre_mainline_native_q_6rn_49.tar): 5.41s
put_archive(/tmp/ktest_lustre_mainline_native_q_6rn_49.tar): 17.04s
put_archive(/tmp/ktest-kernel.tar.gz): 21.39s
put_archive(/tmp/ktest-lustre.tar.gz): 13.15s
put_archive(/tmp/ktest_lustre_mainline_native_q_6rn_49.tar): 17.36s
put_archive(/tmp/ktest_lustre_mainline_native_q_6rn_49.tar): 13.18s
put_archive(/tmp/ktest_lustre_mainline_native_q_6rn_49.tar): 67.82s
put_archive(/tmp/ktest_lustre_mainline_native_q_6rn_49.tar): 54.18s
put_archive(/tmp/ktest_lustre_mainline_native_q_6rn_49.tar): 54.11s
put_archive(/tmp/ktest_lustre_mainline_native_q_6rn_49.tar): 54.18s
put_archive(/tmp/ktest_lustre_mainline_native_q_6rn_49.tar): 54.78s
put_archive(/tmp/ktest-kernel.tar.gz): 54.93s
put_archive(/tmp/ktest-lustre.tar.gz): 44.26s
Job mgs-setup completed: SUCCESS (return code = 0, log: /tmp/ktest-results/mgs-setup.log)
put_archive(/tmp/ktest_lustre_mainline_native_q_6rn_49.tar): 15.66s
Job cc-plugin completed: FAILED (return code = 127, log: /tmp/ktest-results/cc-plugin.log)
Job llmount completed: SUCCESS (return code = 0, log: /tmp/ktest-results/llmount.log)
Job clang-tidy completed: SUCCESS (return code = 0, log: /tmp/ktest-results/clang-tidy.log)
Job boot completed: SUCCESS (return code = 0, log: /tmp/ktest-results/boot.log)
Job sanity-4 completed: SUCCESS (return code = 0, log: /tmp/ktest-results/sanity-4.log)
Job llog-unit completed: SUCCESS (return code = 0, log: /tmp/ktest-results/llog-unit.log)
Job sanity-3 completed: SUCCESS (return code = 0, log: /tmp/ktest-results/sanity-3.log)
Job sanity-2 completed: SUCCESS (return code = 0, log: /tmp/ktest-results/sanity-2.log)
Job sanity-1 completed: SUCCESS (return code = 0, log: /tmp/ktest-results/sanity-1.log)

============================================================
Final Results:
  checkpatch: FAILED (return code = 1, log: /tmp/ktest-results/checkpatch.log)
  lustre_u24: SUCCESS (return code = 0, log: /tmp/ktest-results/lustre_u24.log)
  lustre_al2023: SUCCESS (return code = 0, log: /tmp/ktest-results/lustre_al2023.log)
  lustre_mainline_strict: FAILED (return code = 1, log: /tmp/ktest-results/lustre_mainline_strict.log)
  lustre_mainline: SUCCESS (return code = 0, log: /tmp/ktest-results/lustre_mainline.log)
  lustre_mainline_native: SUCCESS (return code = 0, log: /tmp/ktest-results/lustre_mainline_native.log)
  clang-tidy: SUCCESS (return code = 0, log: /tmp/ktest-results/clang-tidy.log)
  cc-plugin: FAILED (return code = 127, log: /tmp/ktest-results/cc-plugin.log)
  boot: SUCCESS (return code = 0, log: /tmp/ktest-results/boot.log)
  llmount: SUCCESS (return code = 0, log: /tmp/ktest-results/llmount.log)
  llog-unit: SUCCESS (return code = 0, log: /tmp/ktest-results/llog-unit.log)
  mgs-setup: SUCCESS (return code = 0, log: /tmp/ktest-results/mgs-setup.log)
  sanity-1: SUCCESS (return code = 0, log: /tmp/ktest-results/sanity-1.log)
  sanity-2: SUCCESS (return code = 0, log: /tmp/ktest-results/sanity-2.log)
  sanity-3: SUCCESS (return code = 0, log: /tmp/ktest-results/sanity-3.log)
  sanity-4: SUCCESS (return code = 0, log: /tmp/ktest-results/sanity-4.log)