<html lang="en">
<body>
<pre>
Creating kernel tarball at /tmp/ktest-kernel.tar.gz...
Creating lustre tarball at /tmp/ktest-lustre.tar.gz...
Executing 16 jobs with dependencies
Jobs will start as soon as their dependencies are satisfied

Starting job: lustre_mainline_strict (ktest-out: /tmp/ktest_lustre_mainline_strict_ghz1as84)
Starting job: lustre_mainline (ktest-out: /tmp/ktest_lustre_mainline_g84fqsv5)
Starting job: lustre_u24 (ktest-out: /tmp/ktest_lustre_u24_ek142v1p)
Starting job: lustre_al2023 (ktest-out: /tmp/ktest_lustre_al2023_9eonpjiv)
Starting job: lustre_mainline_native (ktest-out: /tmp/ktest_lustre_mainline_native_pktqot59)
Starting job: checkpatch (ktest-out: /tmp/ktest_checkpatch_fon3e214)
put_archive(/tmp/ktest-kernel.tar.gz): 7.51s
put_archive(/tmp/ktest-kernel.tar.gz): 7.23s
put_archive(/tmp/ktest-kernel.tar.gz): 7.43s
put_archive(/tmp/ktest-kernel.tar.gz): 6.88s
put_archive(/tmp/ktest-kernel.tar.gz): 7.60s
put_archive(/tmp/ktest-kernel.tar.gz): 7.22s
put_archive(/tmp/ktest-lustre.tar.gz): 0.92s
put_archive(/tmp/ktest-lustre.tar.gz): 0.79s
put_archive(/tmp/ktest-lustre.tar.gz): 0.54s
put_archive(/tmp/ktest-lustre.tar.gz): 1.28s
put_archive(/tmp/ktest-lustre.tar.gz): 0.44s
put_archive(/tmp/ktest-lustre.tar.gz): 0.70s
Job checkpatch completed: SUCCESS (return code = 0, log: /tmp/ktest-results/checkpatch.log)
Job lustre_al2023 completed: SUCCESS (return code = 0, log: /tmp/ktest-results/lustre_al2023.log)
Job lustre_u24 completed: SUCCESS (return code = 0, log: /tmp/ktest-results/lustre_u24.log)
get_archive(ktest-out): 4.90s
Job lustre_mainline_strict completed: FAILED (return code = 1, log: /tmp/ktest-results/lustre_mainline_strict.log)
get_archive(ktest-out): 2.39s
get_archive(ktest-out): 2.38s
Job lustre_mainline completed: SUCCESS (return code = 0, log: /tmp/ktest-results/lustre_mainline.log)
Job lustre_mainline_native completed: SUCCESS (return code = 0, log: /tmp/ktest-results/lustre_mainline_native.log)
Starting job: clang-tidy (ktest-out: /tmp/ktest_lustre_mainline_native_pktqot59)
Starting job: cc-plugin (ktest-out: /tmp/ktest_lustre_mainline_native_pktqot59)
Starting job: boot (ktest-out: /tmp/ktest_lustre_mainline_native_pktqot59)
Starting job: llmount (ktest-out: /tmp/ktest_lustre_mainline_native_pktqot59)
Starting job: llog-unit (ktest-out: /tmp/ktest_lustre_mainline_native_pktqot59)
Starting job: mgs-setup (ktest-out: /tmp/ktest_lustre_mainline_native_pktqot59)
Starting job: sanity-1 (ktest-out: /tmp/ktest_lustre_mainline_native_pktqot59)
Starting job: sanity-2 (ktest-out: /tmp/ktest_lustre_mainline_native_pktqot59)
Starting job: sanity-3 (ktest-out: /tmp/ktest_lustre_mainline_native_pktqot59)
Starting job: sanity-4 (ktest-out: /tmp/ktest_lustre_mainline_native_pktqot59)
put_archive(/tmp/ktest_lustre_mainline_native_pktqot59.tar): 2.76s
put_archive(/tmp/ktest_lustre_mainline_native_pktqot59.tar): 2.45s
put_archive(/tmp/ktest_lustre_mainline_native_pktqot59.tar): 16.12s
put_archive(/tmp/ktest_lustre_mainline_native_pktqot59.tar): 15.59s
put_archive(/tmp/ktest_lustre_mainline_native_pktqot59.tar): 15.75s
put_archive(/tmp/ktest-kernel.tar.gz): 15.80s
put_archive(/tmp/ktest_lustre_mainline_native_pktqot59.tar): 15.76s
put_archive(/tmp/ktest_lustre_mainline_native_pktqot59.tar): 15.45s
put_archive(/tmp/ktest_lustre_mainline_native_pktqot59.tar): 15.79s
put_archive(/tmp/ktest-kernel.tar.gz): 15.70s
put_archive(/tmp/ktest-lustre.tar.gz): 0.74s
put_archive(/tmp/ktest-lustre.tar.gz): 14.98s
put_archive(/tmp/ktest_lustre_mainline_native_pktqot59.tar): 17.10s
put_archive(/tmp/ktest_lustre_mainline_native_pktqot59.tar): 3.11s
Job boot completed: SUCCESS (return code = 0, log: /tmp/ktest-results/boot.log)
Job cc-plugin completed: FAILED (return code = 127, log: /tmp/ktest-results/cc-plugin.log)
Job mgs-setup completed: SUCCESS (return code = 0, log: /tmp/ktest-results/mgs-setup.log)
Job clang-tidy completed: SUCCESS (return code = 0, log: /tmp/ktest-results/clang-tidy.log)
Job sanity-1 completed: SUCCESS (return code = 0, log: /tmp/ktest-results/sanity-1.log)
Job sanity-2 completed: SUCCESS (return code = 0, log: /tmp/ktest-results/sanity-2.log)
Job sanity-3 completed: SUCCESS (return code = 0, log: /tmp/ktest-results/sanity-3.log)
Job llmount completed: SUCCESS (return code = 0, log: /tmp/ktest-results/llmount.log)
Job llog-unit completed: SUCCESS (return code = 0, log: /tmp/ktest-results/llog-unit.log)
Job sanity-4 completed: SUCCESS (return code = 0, log: /tmp/ktest-results/sanity-4.log)

============================================================
Final Results:
  checkpatch: SUCCESS (return code = 0, log: /tmp/ktest-results/checkpatch.log)
  lustre_u24: SUCCESS (return code = 0, log: /tmp/ktest-results/lustre_u24.log)
  lustre_al2023: SUCCESS (return code = 0, log: /tmp/ktest-results/lustre_al2023.log)
  lustre_mainline_strict: FAILED (return code = 1, log: /tmp/ktest-results/lustre_mainline_strict.log)
  lustre_mainline: SUCCESS (return code = 0, log: /tmp/ktest-results/lustre_mainline.log)
  lustre_mainline_native: SUCCESS (return code = 0, log: /tmp/ktest-results/lustre_mainline_native.log)
  clang-tidy: SUCCESS (return code = 0, log: /tmp/ktest-results/clang-tidy.log)
  cc-plugin: FAILED (return code = 127, log: /tmp/ktest-results/cc-plugin.log)
  boot: SUCCESS (return code = 0, log: /tmp/ktest-results/boot.log)
  llmount: SUCCESS (return code = 0, log: /tmp/ktest-results/llmount.log)
  llog-unit: SUCCESS (return code = 0, log: /tmp/ktest-results/llog-unit.log)
  mgs-setup: SUCCESS (return code = 0, log: /tmp/ktest-results/mgs-setup.log)
  sanity-1: SUCCESS (return code = 0, log: /tmp/ktest-results/sanity-1.log)
  sanity-2: SUCCESS (return code = 0, log: /tmp/ktest-results/sanity-2.log)
  sanity-3: SUCCESS (return code = 0, log: /tmp/ktest-results/sanity-3.log)
  sanity-4: SUCCESS (return code = 0, log: /tmp/ktest-results/sanity-4.log)
</pre>
</body>
</html>
