Creating kernel tarball at /tmp/ktest-kernel.tar.gz...
Creating lustre tarball at /tmp/ktest-lustre.tar.gz...
Executing 16 jobs with dependencies
Jobs will start as soon as their dependencies are satisfied

Starting job: lustre_mainline (ktest-out: /tmp/ktest_lustre_mainline_9_o8txof)
Starting job: checkpatch (ktest-out: /tmp/ktest_checkpatch_9tyljno0)
Starting job: lustre_mainline_strict (ktest-out: /tmp/ktest_lustre_mainline_strict_71hv4vch)
Starting job: lustre_al2023 (ktest-out: /tmp/ktest_lustre_al2023_edr2murd)
Starting job: lustre_mainline_native (ktest-out: /tmp/ktest_lustre_mainline_native_ohhnav11)
Starting job: lustre_u24 (ktest-out: /tmp/ktest_lustre_u24_pl23wadx)
put_archive(/tmp/ktest-kernel.tar.gz): 13.66s
put_archive(/tmp/ktest-kernel.tar.gz): 15.06s
put_archive(/tmp/ktest-kernel.tar.gz): 14.80s
put_archive(/tmp/ktest-kernel.tar.gz): 15.09s
put_archive(/tmp/ktest-kernel.tar.gz): 15.53s
put_archive(/tmp/ktest-kernel.tar.gz): 14.79s
put_archive(/tmp/ktest-lustre.tar.gz): 8.77s
put_archive(/tmp/ktest-lustre.tar.gz): 10.35s
put_archive(/tmp/ktest-lustre.tar.gz): 8.67s
put_archive(/tmp/ktest-lustre.tar.gz): 9.10s
put_archive(/tmp/ktest-lustre.tar.gz): 8.98s
put_archive(/tmp/ktest-lustre.tar.gz): 9.29s
Job checkpatch completed: SUCCESS (return code = 0, log: /tmp/ktest-results/checkpatch.log)
Job lustre_al2023 completed: SUCCESS (return code = 0, log: /tmp/ktest-results/lustre_al2023.log)
Job lustre_u24 completed: SUCCESS (return code = 0, log: /tmp/ktest-results/lustre_u24.log)
get_archive(ktest-out): 3.58s
Job lustre_mainline_strict completed: FAILED (return code = 1, log: /tmp/ktest-results/lustre_mainline_strict.log)
get_archive(ktest-out): 3.35s
get_archive(ktest-out): 3.26s
Job lustre_mainline completed: SUCCESS (return code = 0, log: /tmp/ktest-results/lustre_mainline.log)
Job lustre_mainline_native completed: SUCCESS (return code = 0, log: /tmp/ktest-results/lustre_mainline_native.log)
Starting job: clang-tidy (ktest-out: /tmp/ktest_lustre_mainline_native_ohhnav11)
Starting job: cc-plugin (ktest-out: /tmp/ktest_lustre_mainline_native_ohhnav11)
Starting job: boot (ktest-out: /tmp/ktest_lustre_mainline_native_ohhnav11)
Starting job: llmount (ktest-out: /tmp/ktest_lustre_mainline_native_ohhnav11)
Starting job: llog-unit (ktest-out: /tmp/ktest_lustre_mainline_native_ohhnav11)
Starting job: mgs-setup (ktest-out: /tmp/ktest_lustre_mainline_native_ohhnav11)
Starting job: sanity-1 (ktest-out: /tmp/ktest_lustre_mainline_native_ohhnav11)
Starting job: sanity-2 (ktest-out: /tmp/ktest_lustre_mainline_native_ohhnav11)
Starting job: sanity-3 (ktest-out: /tmp/ktest_lustre_mainline_native_ohhnav11)
Starting job: sanity-4 (ktest-out: /tmp/ktest_lustre_mainline_native_ohhnav11)
put_archive(/tmp/ktest_lustre_mainline_native_ohhnav11.tar): 5.51s
put_archive(/tmp/ktest_lustre_mainline_native_ohhnav11.tar): 28.19s
put_archive(/tmp/ktest_lustre_mainline_native_ohhnav11.tar): 28.44s
put_archive(/tmp/ktest_lustre_mainline_native_ohhnav11.tar): 51.32s
put_archive(/tmp/ktest_lustre_mainline_native_ohhnav11.tar): 29.62s
put_archive(/tmp/ktest_lustre_mainline_native_ohhnav11.tar): 29.58s
put_archive(/tmp/ktest_lustre_mainline_native_ohhnav11.tar): 29.61s
put_archive(/tmp/ktest_lustre_mainline_native_ohhnav11.tar): 29.60s
put_archive(/tmp/ktest-kernel.tar.gz): 29.56s
put_archive(/tmp/ktest-kernel.tar.gz): 29.75s
put_archive(/tmp/ktest-lustre.tar.gz): 58.53s
put_archive(/tmp/ktest-lustre.tar.gz): 58.74s
Job boot completed: SUCCESS (return code = 0, log: /tmp/ktest-results/boot.log)
put_archive(/tmp/ktest_lustre_mainline_native_ohhnav11.tar): 14.60s
put_archive(/tmp/ktest_lustre_mainline_native_ohhnav11.tar): 14.58s
Job sanity-3 completed: SUCCESS (return code = 0, log: /tmp/ktest-results/sanity-3.log)
Job sanity-1 completed: SUCCESS (return code = 0, log: /tmp/ktest-results/sanity-1.log)
Job cc-plugin completed: FAILED (return code = 127, log: /tmp/ktest-results/cc-plugin.log)
Job clang-tidy completed: SUCCESS (return code = 0, log: /tmp/ktest-results/clang-tidy.log)
Job mgs-setup completed: SUCCESS (return code = 0, log: /tmp/ktest-results/mgs-setup.log)
Job sanity-2 completed: SUCCESS (return code = 0, log: /tmp/ktest-results/sanity-2.log)
Job sanity-4 completed: SUCCESS (return code = 0, log: /tmp/ktest-results/sanity-4.log)
Job llog-unit completed: SUCCESS (return code = 0, log: /tmp/ktest-results/llog-unit.log)
Job llmount completed: SUCCESS (return code = 0, log: /tmp/ktest-results/llmount.log)

============================================================
Final Results:
  checkpatch: SUCCESS (return code = 0, log: /tmp/ktest-results/checkpatch.log)
  lustre_u24: SUCCESS (return code = 0, log: /tmp/ktest-results/lustre_u24.log)
  lustre_al2023: SUCCESS (return code = 0, log: /tmp/ktest-results/lustre_al2023.log)
  lustre_mainline_strict: FAILED (return code = 1, log: /tmp/ktest-results/lustre_mainline_strict.log)
  lustre_mainline: SUCCESS (return code = 0, log: /tmp/ktest-results/lustre_mainline.log)
  lustre_mainline_native: SUCCESS (return code = 0, log: /tmp/ktest-results/lustre_mainline_native.log)
  clang-tidy: SUCCESS (return code = 0, log: /tmp/ktest-results/clang-tidy.log)
  cc-plugin: FAILED (return code = 127, log: /tmp/ktest-results/cc-plugin.log)
  boot: SUCCESS (return code = 0, log: /tmp/ktest-results/boot.log)
  llmount: SUCCESS (return code = 0, log: /tmp/ktest-results/llmount.log)
  llog-unit: SUCCESS (return code = 0, log: /tmp/ktest-results/llog-unit.log)
  mgs-setup: SUCCESS (return code = 0, log: /tmp/ktest-results/mgs-setup.log)
  sanity-1: SUCCESS (return code = 0, log: /tmp/ktest-results/sanity-1.log)
  sanity-2: SUCCESS (return code = 0, log: /tmp/ktest-results/sanity-2.log)
  sanity-3: SUCCESS (return code = 0, log: /tmp/ktest-results/sanity-3.log)
  sanity-4: SUCCESS (return code = 0, log: /tmp/ktest-results/sanity-4.log)