Creating kernel tarball at /tmp/ktest-kernel.tar.gz...
Creating lustre tarball at /tmp/ktest-lustre.tar.gz...
Executing 16 jobs with dependencies
Jobs will start as soon as their dependencies are satisfied

Starting job: lustre_mainline_native (ktest-out: /tmp/ktest_lustre_mainline_native_vo_3lb_b)
Starting job: lustre_al2023 (ktest-out: /tmp/ktest_lustre_al2023_omcht3we)
Starting job: lustre_u24 (ktest-out: /tmp/ktest_lustre_u24_qmzp_8fr)
Starting job: checkpatch (ktest-out: /tmp/ktest_checkpatch_za4f9r3g)
Starting job: lustre_mainline (ktest-out: /tmp/ktest_lustre_mainline_0hpa2wtx)
Starting job: lustre_mainline_strict (ktest-out: /tmp/ktest_lustre_mainline_strict_ozvdfo9b)
put_archive(/tmp/ktest-kernel.tar.gz): 6.90s
put_archive(/tmp/ktest-kernel.tar.gz): 6.47s
put_archive(/tmp/ktest-kernel.tar.gz): 6.38s
put_archive(/tmp/ktest-kernel.tar.gz): 6.58s
put_archive(/tmp/ktest-kernel.tar.gz): 7.20s
put_archive(/tmp/ktest-kernel.tar.gz): 6.98s
put_archive(/tmp/ktest-lustre.tar.gz): 5.61s
put_archive(/tmp/ktest-lustre.tar.gz): 5.52s
put_archive(/tmp/ktest-lustre.tar.gz): 6.10s
put_archive(/tmp/ktest-lustre.tar.gz): 5.96s
put_archive(/tmp/ktest-lustre.tar.gz): 6.82s
put_archive(/tmp/ktest-lustre.tar.gz): 5.85s
Job checkpatch completed: SUCCESS (return code = 0, log: /tmp/ktest-results/checkpatch.log)
Job lustre_al2023 completed: SUCCESS (return code = 0, log: /tmp/ktest-results/lustre_al2023.log)
Job lustre_u24 completed: SUCCESS (return code = 0, log: /tmp/ktest-results/lustre_u24.log)
get_archive(ktest-out): 4.56s
Job lustre_mainline_strict completed: FAILED (return code = 1, log: /tmp/ktest-results/lustre_mainline_strict.log)
get_archive(ktest-out): 3.18s
get_archive(ktest-out): 3.26s
Job lustre_mainline completed: SUCCESS (return code = 0, log: /tmp/ktest-results/lustre_mainline.log)
Job lustre_mainline_native completed: SUCCESS (return code = 0, log: /tmp/ktest-results/lustre_mainline_native.log)
Starting job: clang-tidy (ktest-out: /tmp/ktest_lustre_mainline_native_vo_3lb_b)
Starting job: cc-plugin (ktest-out: /tmp/ktest_lustre_mainline_native_vo_3lb_b)
Starting job: boot (ktest-out: /tmp/ktest_lustre_mainline_native_vo_3lb_b)
Starting job: llmount (ktest-out: /tmp/ktest_lustre_mainline_native_vo_3lb_b)
Starting job: llog-unit (ktest-out: /tmp/ktest_lustre_mainline_native_vo_3lb_b)
Starting job: mgs-setup (ktest-out: /tmp/ktest_lustre_mainline_native_vo_3lb_b)
Starting job: sanity-1 (ktest-out: /tmp/ktest_lustre_mainline_native_vo_3lb_b)
Starting job: sanity-2 (ktest-out: /tmp/ktest_lustre_mainline_native_vo_3lb_b)
Starting job: sanity-3 (ktest-out: /tmp/ktest_lustre_mainline_native_vo_3lb_b)
Starting job: sanity-4 (ktest-out: /tmp/ktest_lustre_mainline_native_vo_3lb_b)
put_archive(/tmp/ktest_lustre_mainline_native_vo_3lb_b.tar): 24.30s
put_archive(/tmp/ktest_lustre_mainline_native_vo_3lb_b.tar): 23.76s
put_archive(/tmp/ktest_lustre_mainline_native_vo_3lb_b.tar): 24.14s
put_archive(/tmp/ktest-kernel.tar.gz): 24.96s
put_archive(/tmp/ktest-kernel.tar.gz): 24.56s
put_archive(/tmp/ktest_lustre_mainline_native_vo_3lb_b.tar): 25.31s
put_archive(/tmp/ktest-lustre.tar.gz): 72.91s
put_archive(/tmp/ktest_lustre_mainline_native_vo_3lb_b.tar): 91.80s
put_archive(/tmp/ktest-lustre.tar.gz): 73.12s
put_archive(/tmp/ktest_lustre_mainline_native_vo_3lb_b.tar): 72.46s
put_archive(/tmp/ktest_lustre_mainline_native_vo_3lb_b.tar): 72.63s
put_archive(/tmp/ktest_lustre_mainline_native_vo_3lb_b.tar): 72.71s
put_archive(/tmp/ktest_lustre_mainline_native_vo_3lb_b.tar): 46.90s
put_archive(/tmp/ktest_lustre_mainline_native_vo_3lb_b.tar): 46.91s
Job boot completed: SUCCESS (return code = 0, log: /tmp/ktest-results/boot.log)
Job cc-plugin completed: FAILED (return code = 127, log: /tmp/ktest-results/cc-plugin.log)
Job clang-tidy completed: SUCCESS (return code = 0, log: /tmp/ktest-results/clang-tidy.log)
Job mgs-setup completed: SUCCESS (return code = 0, log: /tmp/ktest-results/mgs-setup.log)
Job sanity-4 completed: SUCCESS (return code = 0, log: /tmp/ktest-results/sanity-4.log)
Job sanity-1 completed: SUCCESS (return code = 0, log: /tmp/ktest-results/sanity-1.log)
Job llmount completed: SUCCESS (return code = 0, log: /tmp/ktest-results/llmount.log)
Job sanity-2 completed: SUCCESS (return code = 0, log: /tmp/ktest-results/sanity-2.log)
Job llog-unit completed: SUCCESS (return code = 0, log: /tmp/ktest-results/llog-unit.log)
Job sanity-3 completed: SUCCESS (return code = 0, log: /tmp/ktest-results/sanity-3.log)

============================================================
Final Results:
  checkpatch: SUCCESS (return code = 0, log: /tmp/ktest-results/checkpatch.log)
  lustre_u24: SUCCESS (return code = 0, log: /tmp/ktest-results/lustre_u24.log)
  lustre_al2023: SUCCESS (return code = 0, log: /tmp/ktest-results/lustre_al2023.log)
  lustre_mainline_strict: FAILED (return code = 1, log: /tmp/ktest-results/lustre_mainline_strict.log)
  lustre_mainline: SUCCESS (return code = 0, log: /tmp/ktest-results/lustre_mainline.log)
  lustre_mainline_native: SUCCESS (return code = 0, log: /tmp/ktest-results/lustre_mainline_native.log)
  clang-tidy: SUCCESS (return code = 0, log: /tmp/ktest-results/clang-tidy.log)
  cc-plugin: FAILED (return code = 127, log: /tmp/ktest-results/cc-plugin.log)
  boot: SUCCESS (return code = 0, log: /tmp/ktest-results/boot.log)
  llmount: SUCCESS (return code = 0, log: /tmp/ktest-results/llmount.log)
  llog-unit: SUCCESS (return code = 0, log: /tmp/ktest-results/llog-unit.log)
  mgs-setup: SUCCESS (return code = 0, log: /tmp/ktest-results/mgs-setup.log)
  sanity-1: SUCCESS (return code = 0, log: /tmp/ktest-results/sanity-1.log)
  sanity-2: SUCCESS (return code = 0, log: /tmp/ktest-results/sanity-2.log)
  sanity-3: SUCCESS (return code = 0, log: /tmp/ktest-results/sanity-3.log)
  sanity-4: SUCCESS (return code = 0, log: /tmp/ktest-results/sanity-4.log)