<html lang="en">
<body>
<pre>
Creating kernel tarball at /tmp/ktest-kernel.tar.gz...
Creating lustre tarball at /tmp/ktest-lustre.tar.gz...
Executing 16 jobs with dependencies
Jobs will start as soon as their dependencies are satisfied

Starting job: checkpatch (ktest-out: /tmp/ktest_checkpatch_xmk0alo6)
Starting job: lustre_al2023 (ktest-out: /tmp/ktest_lustre_al2023_ddcsbzpf)
Starting job: lustre_u24 (ktest-out: /tmp/ktest_lustre_u24_8n_lqsik)
Starting job: lustre_mainline_strict (ktest-out: /tmp/ktest_lustre_mainline_strict_kikpm15o)
Starting job: lustre_mainline (ktest-out: /tmp/ktest_lustre_mainline_666vj2c8)
Starting job: lustre_mainline_native (ktest-out: /tmp/ktest_lustre_mainline_native_gsj8kqxr)
put_archive(/tmp/ktest-kernel.tar.gz): 7.17s
put_archive(/tmp/ktest-kernel.tar.gz): 7.03s
put_archive(/tmp/ktest-kernel.tar.gz): 7.05s
put_archive(/tmp/ktest-kernel.tar.gz): 7.39s
put_archive(/tmp/ktest-kernel.tar.gz): 6.94s
put_archive(/tmp/ktest-kernel.tar.gz): 7.06s
put_archive(/tmp/ktest-lustre.tar.gz): 0.64s
put_archive(/tmp/ktest-lustre.tar.gz): 0.92s
put_archive(/tmp/ktest-lustre.tar.gz): 0.54s
put_archive(/tmp/ktest-lustre.tar.gz): 0.42s
put_archive(/tmp/ktest-lustre.tar.gz): 0.82s
put_archive(/tmp/ktest-lustre.tar.gz): 1.26s
Job checkpatch completed: SUCCESS (return code = 0, log: /tmp/ktest-results/checkpatch.log)
Job lustre_al2023 completed: SUCCESS (return code = 0, log: /tmp/ktest-results/lustre_al2023.log)
Job lustre_u24 completed: SUCCESS (return code = 0, log: /tmp/ktest-results/lustre_u24.log)
get_archive(ktest-out): 2.93s
Job lustre_mainline_strict completed: FAILED (return code = 1, log: /tmp/ktest-results/lustre_mainline_strict.log)
get_archive(ktest-out): 2.57s
get_archive(ktest-out): 2.62s
Job lustre_mainline_native completed: SUCCESS (return code = 0, log: /tmp/ktest-results/lustre_mainline_native.log)
Starting job: clang-tidy (ktest-out: /tmp/ktest_lustre_mainline_native_gsj8kqxr)
Starting job: cc-plugin (ktest-out: /tmp/ktest_lustre_mainline_native_gsj8kqxr)
Starting job: boot (ktest-out: /tmp/ktest_lustre_mainline_native_gsj8kqxr)
Starting job: llmount (ktest-out: /tmp/ktest_lustre_mainline_native_gsj8kqxr)
Starting job: llog-unit (ktest-out: /tmp/ktest_lustre_mainline_native_gsj8kqxr)
Starting job: mgs-setup (ktest-out: /tmp/ktest_lustre_mainline_native_gsj8kqxr)
Starting job: sanity-1 (ktest-out: /tmp/ktest_lustre_mainline_native_gsj8kqxr)
Starting job: sanity-2 (ktest-out: /tmp/ktest_lustre_mainline_native_gsj8kqxr)
Starting job: sanity-3 (ktest-out: /tmp/ktest_lustre_mainline_native_gsj8kqxr)
Starting job: sanity-4 (ktest-out: /tmp/ktest_lustre_mainline_native_gsj8kqxr)
Job lustre_mainline completed: SUCCESS (return code = 0, log: /tmp/ktest-results/lustre_mainline.log)
put_archive(/tmp/ktest_lustre_mainline_native_gsj8kqxr.tar): 1.49s
put_archive(/tmp/ktest_lustre_mainline_native_gsj8kqxr.tar): 4.04s
put_archive(/tmp/ktest_lustre_mainline_native_gsj8kqxr.tar): 4.29s
put_archive(/tmp/ktest_lustre_mainline_native_gsj8kqxr.tar): 7.04s
put_archive(/tmp/ktest_lustre_mainline_native_gsj8kqxr.tar): 7.73s
put_archive(/tmp/ktest_lustre_mainline_native_gsj8kqxr.tar): 9.60s
put_archive(/tmp/ktest_lustre_mainline_native_gsj8kqxr.tar): 14.95s
put_archive(/tmp/ktest_lustre_mainline_native_gsj8kqxr.tar): 14.45s
put_archive(/tmp/ktest-kernel.tar.gz): 15.17s
put_archive(/tmp/ktest-kernel.tar.gz): 15.10s
put_archive(/tmp/ktest-lustre.tar.gz): 1.71s
put_archive(/tmp/ktest-lustre.tar.gz): 5.31s
put_archive(/tmp/ktest_lustre_mainline_native_gsj8kqxr.tar): 6.08s
put_archive(/tmp/ktest_lustre_mainline_native_gsj8kqxr.tar): 2.95s
Job boot completed: SUCCESS (return code = 0, log: /tmp/ktest-results/boot.log)
Job cc-plugin completed: FAILED (return code = 127, log: /tmp/ktest-results/cc-plugin.log)
Job clang-tidy completed: SUCCESS (return code = 0, log: /tmp/ktest-results/clang-tidy.log)
Job mgs-setup completed: SUCCESS (return code = 0, log: /tmp/ktest-results/mgs-setup.log)
Job sanity-4 completed: SUCCESS (return code = 0, log: /tmp/ktest-results/sanity-4.log)
Job sanity-2 completed: SUCCESS (return code = 0, log: /tmp/ktest-results/sanity-2.log)
Job sanity-1 completed: SUCCESS (return code = 0, log: /tmp/ktest-results/sanity-1.log)
Job sanity-3 completed: SUCCESS (return code = 0, log: /tmp/ktest-results/sanity-3.log)
Job llog-unit completed: SUCCESS (return code = 0, log: /tmp/ktest-results/llog-unit.log)
Job llmount completed: SUCCESS (return code = 0, log: /tmp/ktest-results/llmount.log)

============================================================
Final Results:
  checkpatch: SUCCESS (return code = 0, log: /tmp/ktest-results/checkpatch.log)
  lustre_u24: SUCCESS (return code = 0, log: /tmp/ktest-results/lustre_u24.log)
  lustre_al2023: SUCCESS (return code = 0, log: /tmp/ktest-results/lustre_al2023.log)
  lustre_mainline_strict: FAILED (return code = 1, log: /tmp/ktest-results/lustre_mainline_strict.log)
  lustre_mainline: SUCCESS (return code = 0, log: /tmp/ktest-results/lustre_mainline.log)
  lustre_mainline_native: SUCCESS (return code = 0, log: /tmp/ktest-results/lustre_mainline_native.log)
  clang-tidy: SUCCESS (return code = 0, log: /tmp/ktest-results/clang-tidy.log)
  cc-plugin: FAILED (return code = 127, log: /tmp/ktest-results/cc-plugin.log)
  boot: SUCCESS (return code = 0, log: /tmp/ktest-results/boot.log)
  llmount: SUCCESS (return code = 0, log: /tmp/ktest-results/llmount.log)
  llog-unit: SUCCESS (return code = 0, log: /tmp/ktest-results/llog-unit.log)
  mgs-setup: SUCCESS (return code = 0, log: /tmp/ktest-results/mgs-setup.log)
  sanity-1: SUCCESS (return code = 0, log: /tmp/ktest-results/sanity-1.log)
  sanity-2: SUCCESS (return code = 0, log: /tmp/ktest-results/sanity-2.log)
  sanity-3: SUCCESS (return code = 0, log: /tmp/ktest-results/sanity-3.log)
  sanity-4: SUCCESS (return code = 0, log: /tmp/ktest-results/sanity-4.log)
</pre>
</body>
</html>
