Creating kernel tarball at /tmp/ktest-kernel.tar.gz...
Creating lustre tarball at /tmp/ktest-lustre.tar.gz...
Executing 16 jobs with dependencies
Jobs will start as soon as their dependencies are satisfied

Starting job: lustre_mainline (ktest-out: /tmp/ktest_lustre_mainline_2yvyol1g)
Starting job: lustre_mainline_native (ktest-out: /tmp/ktest_lustre_mainline_native_2txtryg_)
Starting job: lustre_al2023 (ktest-out: /tmp/ktest_lustre_al2023_1q4nk3_4)
Starting job: lustre_u24 (ktest-out: /tmp/ktest_lustre_u24_pz8_topj)
Starting job: lustre_mainline_strict (ktest-out: /tmp/ktest_lustre_mainline_strict_entu8ohm)
Starting job: checkpatch (ktest-out: /tmp/ktest_checkpatch_e1kjqi16)
put_archive(/tmp/ktest-kernel.tar.gz): 7.41s
put_archive(/tmp/ktest-kernel.tar.gz): 9.44s
put_archive(/tmp/ktest-kernel.tar.gz): 9.97s
put_archive(/tmp/ktest-kernel.tar.gz): 9.07s
put_archive(/tmp/ktest-kernel.tar.gz): 10.17s
put_archive(/tmp/ktest-kernel.tar.gz): 9.29s
put_archive(/tmp/ktest-lustre.tar.gz): 5.29s
put_archive(/tmp/ktest-lustre.tar.gz): 5.86s
put_archive(/tmp/ktest-lustre.tar.gz): 5.73s
put_archive(/tmp/ktest-lustre.tar.gz): 9.45s
put_archive(/tmp/ktest-lustre.tar.gz): 5.62s
put_archive(/tmp/ktest-lustre.tar.gz): 5.49s
Job checkpatch completed: SUCCESS (return code = 0, log: /tmp/ktest-results/checkpatch.log)
Job lustre_al2023 completed: SUCCESS (return code = 0, log: /tmp/ktest-results/lustre_al2023.log)
Job lustre_u24 completed: SUCCESS (return code = 0, log: /tmp/ktest-results/lustre_u24.log)
get_archive(ktest-out): 3.89s
Job lustre_mainline_strict completed: FAILED (return code = 1, log: /tmp/ktest-results/lustre_mainline_strict.log)
get_archive(ktest-out): 2.27s
Job lustre_mainline completed: SUCCESS (return code = 0, log: /tmp/ktest-results/lustre_mainline.log)
get_archive(ktest-out): 9.27s
Job lustre_mainline_native completed: SUCCESS (return code = 0, log: /tmp/ktest-results/lustre_mainline_native.log)
Starting job: clang-tidy (ktest-out: /tmp/ktest_lustre_mainline_native_2txtryg_)
Starting job: cc-plugin (ktest-out: /tmp/ktest_lustre_mainline_native_2txtryg_)
Starting job: boot (ktest-out: /tmp/ktest_lustre_mainline_native_2txtryg_)
Starting job: llmount (ktest-out: /tmp/ktest_lustre_mainline_native_2txtryg_)
Starting job: llog-unit (ktest-out: /tmp/ktest_lustre_mainline_native_2txtryg_)
Starting job: mgs-setup (ktest-out: /tmp/ktest_lustre_mainline_native_2txtryg_)
Starting job: sanity-1 (ktest-out: /tmp/ktest_lustre_mainline_native_2txtryg_)
Starting job: sanity-2 (ktest-out: /tmp/ktest_lustre_mainline_native_2txtryg_)
Starting job: sanity-3 (ktest-out: /tmp/ktest_lustre_mainline_native_2txtryg_)
Starting job: sanity-4 (ktest-out: /tmp/ktest_lustre_mainline_native_2txtryg_)
put_archive(/tmp/ktest_lustre_mainline_native_2txtryg_.tar): 10.69s
put_archive(/tmp/ktest-kernel.tar.gz): 13.31s
put_archive(/tmp/ktest-lustre.tar.gz): 25.69s
put_archive(/tmp/ktest_lustre_mainline_native_2txtryg_.tar): 27.02s
put_archive(/tmp/ktest_lustre_mainline_native_2txtryg_.tar): 25.61s
put_archive(/tmp/ktest_lustre_mainline_native_2txtryg_.tar): 27.07s
put_archive(/tmp/ktest_lustre_mainline_native_2txtryg_.tar): 64.54s
put_archive(/tmp/ktest_lustre_mainline_native_2txtryg_.tar): 64.13s
put_archive(/tmp/ktest_lustre_mainline_native_2txtryg_.tar): 63.97s
put_archive(/tmp/ktest_lustre_mainline_native_2txtryg_.tar): 64.05s
put_archive(/tmp/ktest_lustre_mainline_native_2txtryg_.tar): 64.33s
put_archive(/tmp/ktest-kernel.tar.gz): 63.97s
put_archive(/tmp/ktest-lustre.tar.gz): 35.99s
Job boot completed: SUCCESS (return code = 0, log: /tmp/ktest-results/boot.log)
put_archive(/tmp/ktest_lustre_mainline_native_2txtryg_.tar): 16.06s
Job mgs-setup completed: SUCCESS (return code = 0, log: /tmp/ktest-results/mgs-setup.log)
Job cc-plugin completed: FAILED (return code = 127, log: /tmp/ktest-results/cc-plugin.log)
Job llmount completed: SUCCESS (return code = 0, log: /tmp/ktest-results/llmount.log)
Job clang-tidy completed: SUCCESS (return code = 0, log: /tmp/ktest-results/clang-tidy.log)
Job sanity-2 completed: SUCCESS (return code = 0, log: /tmp/ktest-results/sanity-2.log)
Job sanity-4 completed: SUCCESS (return code = 0, log: /tmp/ktest-results/sanity-4.log)
Job sanity-1 completed: SUCCESS (return code = 0, log: /tmp/ktest-results/sanity-1.log)
Job sanity-3 completed: SUCCESS (return code = 0, log: /tmp/ktest-results/sanity-3.log)
Job llog-unit completed: SUCCESS (return code = 0, log: /tmp/ktest-results/llog-unit.log)

============================================================
Final Results:
  checkpatch: SUCCESS (return code = 0, log: /tmp/ktest-results/checkpatch.log)
  lustre_u24: SUCCESS (return code = 0, log: /tmp/ktest-results/lustre_u24.log)
  lustre_al2023: SUCCESS (return code = 0, log: /tmp/ktest-results/lustre_al2023.log)
  lustre_mainline_strict: FAILED (return code = 1, log: /tmp/ktest-results/lustre_mainline_strict.log)
  lustre_mainline: SUCCESS (return code = 0, log: /tmp/ktest-results/lustre_mainline.log)
  lustre_mainline_native: SUCCESS (return code = 0, log: /tmp/ktest-results/lustre_mainline_native.log)
  clang-tidy: SUCCESS (return code = 0, log: /tmp/ktest-results/clang-tidy.log)
  cc-plugin: FAILED (return code = 127, log: /tmp/ktest-results/cc-plugin.log)
  boot: SUCCESS (return code = 0, log: /tmp/ktest-results/boot.log)
  llmount: SUCCESS (return code = 0, log: /tmp/ktest-results/llmount.log)
  llog-unit: SUCCESS (return code = 0, log: /tmp/ktest-results/llog-unit.log)
  mgs-setup: SUCCESS (return code = 0, log: /tmp/ktest-results/mgs-setup.log)
  sanity-1: SUCCESS (return code = 0, log: /tmp/ktest-results/sanity-1.log)
  sanity-2: SUCCESS (return code = 0, log: /tmp/ktest-results/sanity-2.log)
  sanity-3: SUCCESS (return code = 0, log: /tmp/ktest-results/sanity-3.log)
  sanity-4: SUCCESS (return code = 0, log: /tmp/ktest-results/sanity-4.log)