Creating kernel tarball at /tmp/ktest-kernel.tar.gz...
Creating lustre tarball at /tmp/ktest-lustre.tar.gz...
Executing 16 jobs with dependencies
Jobs will start as soon as their dependencies are satisfied

Starting job: lustre_al2023 (ktest-out: /tmp/ktest_lustre_al2023_g82adwv5)
Starting job: lustre_mainline_native (ktest-out: /tmp/ktest_lustre_mainline_native_u_roupuo)
Starting job: lustre_mainline_strict (ktest-out: /tmp/ktest_lustre_mainline_strict_971tnpu9)
Starting job: lustre_mainline (ktest-out: /tmp/ktest_lustre_mainline_rucaxelj)
Starting job: lustre_u24 (ktest-out: /tmp/ktest_lustre_u24_kroo9toz)
Starting job: checkpatch (ktest-out: /tmp/ktest_checkpatch_qvsv6bsq)
put_archive(/tmp/ktest-kernel.tar.gz): 7.32s
put_archive(/tmp/ktest-kernel.tar.gz): 7.56s
put_archive(/tmp/ktest-kernel.tar.gz): 7.50s
put_archive(/tmp/ktest-kernel.tar.gz): 7.29s
put_archive(/tmp/ktest-kernel.tar.gz): 7.45s
put_archive(/tmp/ktest-kernel.tar.gz): 8.15s
put_archive(/tmp/ktest-lustre.tar.gz): 5.51s
put_archive(/tmp/ktest-lustre.tar.gz): 4.72s
put_archive(/tmp/ktest-lustre.tar.gz): 5.30s
put_archive(/tmp/ktest-lustre.tar.gz): 5.02s
put_archive(/tmp/ktest-lustre.tar.gz): 5.17s
put_archive(/tmp/ktest-lustre.tar.gz): 4.92s
Job checkpatch completed: FAILED (return code = 1, log: /tmp/ktest-results/checkpatch.log)
Job lustre_u24 completed: SUCCESS (return code = 0, log: /tmp/ktest-results/lustre_u24.log)
Job lustre_al2023 completed: SUCCESS (return code = 0, log: /tmp/ktest-results/lustre_al2023.log)
get_archive(ktest-out): 4.32s
Job lustre_mainline_strict completed: FAILED (return code = 1, log: /tmp/ktest-results/lustre_mainline_strict.log)
get_archive(ktest-out): 3.10s
get_archive(ktest-out): 3.18s
Job lustre_mainline completed: SUCCESS (return code = 0, log: /tmp/ktest-results/lustre_mainline.log)
Job lustre_mainline_native completed: SUCCESS (return code = 0, log: /tmp/ktest-results/lustre_mainline_native.log)
Starting job: clang-tidy (ktest-out: /tmp/ktest_lustre_mainline_native_u_roupuo)
Starting job: cc-plugin (ktest-out: /tmp/ktest_lustre_mainline_native_u_roupuo)
Starting job: boot (ktest-out: /tmp/ktest_lustre_mainline_native_u_roupuo)
Starting job: llmount (ktest-out: /tmp/ktest_lustre_mainline_native_u_roupuo)
Starting job: llog-unit (ktest-out: /tmp/ktest_lustre_mainline_native_u_roupuo)
Starting job: mgs-setup (ktest-out: /tmp/ktest_lustre_mainline_native_u_roupuo)
Starting job: sanity-1 (ktest-out: /tmp/ktest_lustre_mainline_native_u_roupuo)
Starting job: sanity-2 (ktest-out: /tmp/ktest_lustre_mainline_native_u_roupuo)
Starting job: sanity-3 (ktest-out: /tmp/ktest_lustre_mainline_native_u_roupuo)
Starting job: sanity-4 (ktest-out: /tmp/ktest_lustre_mainline_native_u_roupuo)
put_archive(/tmp/ktest_lustre_mainline_native_u_roupuo.tar): 5.55s
put_archive(/tmp/ktest_lustre_mainline_native_u_roupuo.tar): 22.26s
put_archive(/tmp/ktest_lustre_mainline_native_u_roupuo.tar): 36.34s
put_archive(/tmp/ktest_lustre_mainline_native_u_roupuo.tar): 35.59s
put_archive(/tmp/ktest_lustre_mainline_native_u_roupuo.tar): 36.25s
put_archive(/tmp/ktest_lustre_mainline_native_u_roupuo.tar): 65.00s
put_archive(/tmp/ktest_lustre_mainline_native_u_roupuo.tar): 59.80s
put_archive(/tmp/ktest-kernel.tar.gz): 74.73s
put_archive(/tmp/ktest_lustre_mainline_native_u_roupuo.tar): 60.04s
put_archive(/tmp/ktest-kernel.tar.gz): 60.43s
put_archive(/tmp/ktest-lustre.tar.gz): 36.08s
put_archive(/tmp/ktest-lustre.tar.gz): 35.94s
put_archive(/tmp/ktest_lustre_mainline_native_u_roupuo.tar): 15.02s
put_archive(/tmp/ktest_lustre_mainline_native_u_roupuo.tar): 15.10s
Job boot completed: SUCCESS (return code = 0, log: /tmp/ktest-results/boot.log)
Job mgs-setup completed: SUCCESS (return code = 0, log: /tmp/ktest-results/mgs-setup.log)
Job llmount completed: SUCCESS (return code = 0, log: /tmp/ktest-results/llmount.log)
Job cc-plugin completed: FAILED (return code = 127, log: /tmp/ktest-results/cc-plugin.log)
Job clang-tidy completed: SUCCESS (return code = 0, log: /tmp/ktest-results/clang-tidy.log)
Job sanity-3 completed: SUCCESS (return code = 0, log: /tmp/ktest-results/sanity-3.log)
Job sanity-2 completed: SUCCESS (return code = 0, log: /tmp/ktest-results/sanity-2.log)
Job sanity-1 completed: SUCCESS (return code = 0, log: /tmp/ktest-results/sanity-1.log)
Job sanity-4 completed: SUCCESS (return code = 0, log: /tmp/ktest-results/sanity-4.log)
Job llog-unit completed: SUCCESS (return code = 0, log: /tmp/ktest-results/llog-unit.log)

============================================================
Final Results:
  checkpatch: FAILED (return code = 1, log: /tmp/ktest-results/checkpatch.log)
  lustre_u24: SUCCESS (return code = 0, log: /tmp/ktest-results/lustre_u24.log)
  lustre_al2023: SUCCESS (return code = 0, log: /tmp/ktest-results/lustre_al2023.log)
  lustre_mainline_strict: FAILED (return code = 1, log: /tmp/ktest-results/lustre_mainline_strict.log)
  lustre_mainline: SUCCESS (return code = 0, log: /tmp/ktest-results/lustre_mainline.log)
  lustre_mainline_native: SUCCESS (return code = 0, log: /tmp/ktest-results/lustre_mainline_native.log)
  clang-tidy: SUCCESS (return code = 0, log: /tmp/ktest-results/clang-tidy.log)
  cc-plugin: FAILED (return code = 127, log: /tmp/ktest-results/cc-plugin.log)
  boot: SUCCESS (return code = 0, log: /tmp/ktest-results/boot.log)
  llmount: SUCCESS (return code = 0, log: /tmp/ktest-results/llmount.log)
  llog-unit: SUCCESS (return code = 0, log: /tmp/ktest-results/llog-unit.log)
  mgs-setup: SUCCESS (return code = 0, log: /tmp/ktest-results/mgs-setup.log)
  sanity-1: SUCCESS (return code = 0, log: /tmp/ktest-results/sanity-1.log)
  sanity-2: SUCCESS (return code = 0, log: /tmp/ktest-results/sanity-2.log)
  sanity-3: SUCCESS (return code = 0, log: /tmp/ktest-results/sanity-3.log)
  sanity-4: SUCCESS (return code = 0, log: /tmp/ktest-results/sanity-4.log)