<html lang="en">
<body>
<pre>
Creating kernel tarball at /tmp/ktest-kernel.tar.gz...
Creating lustre tarball at /tmp/ktest-lustre.tar.gz...
Executing 16 jobs with dependencies
Jobs will start as soon as their dependencies are satisfied

Starting job: lustre_u24 (ktest-out: /tmp/ktest_lustre_u24_xso1gch_)
Starting job: lustre_mainline_strict (ktest-out: /tmp/ktest_lustre_mainline_strict_0v52m3yu)
Starting job: lustre_mainline_native (ktest-out: /tmp/ktest_lustre_mainline_native_bw4lwv0x)
Starting job: lustre_mainline (ktest-out: /tmp/ktest_lustre_mainline_8n17kdd5)
Starting job: lustre_al2023 (ktest-out: /tmp/ktest_lustre_al2023_npfph3kf)
Starting job: checkpatch (ktest-out: /tmp/ktest_checkpatch_iwvpmkio)
put_archive(/tmp/ktest-kernel.tar.gz): 7.04s
put_archive(/tmp/ktest-kernel.tar.gz): 7.29s
put_archive(/tmp/ktest-kernel.tar.gz): 7.25s
put_archive(/tmp/ktest-kernel.tar.gz): 7.36s
put_archive(/tmp/ktest-kernel.tar.gz): 7.91s
put_archive(/tmp/ktest-kernel.tar.gz): 7.49s
put_archive(/tmp/ktest-lustre.tar.gz): 0.68s
put_archive(/tmp/ktest-lustre.tar.gz): 0.40s
put_archive(/tmp/ktest-lustre.tar.gz): 0.55s
put_archive(/tmp/ktest-lustre.tar.gz): 0.97s
put_archive(/tmp/ktest-lustre.tar.gz): 1.24s
put_archive(/tmp/ktest-lustre.tar.gz): 0.87s
Job checkpatch completed: SUCCESS (return code = 0, log: /tmp/ktest-results/checkpatch.log)
Job lustre_al2023 completed: SUCCESS (return code = 0, log: /tmp/ktest-results/lustre_al2023.log)
Job lustre_u24 completed: SUCCESS (return code = 0, log: /tmp/ktest-results/lustre_u24.log)
get_archive(ktest-out): 4.06s
Job lustre_mainline_strict completed: FAILED (return code = 1, log: /tmp/ktest-results/lustre_mainline_strict.log)
get_archive(ktest-out): 2.24s
get_archive(ktest-out): 2.33s
Job lustre_mainline completed: SUCCESS (return code = 0, log: /tmp/ktest-results/lustre_mainline.log)
Job lustre_mainline_native completed: SUCCESS (return code = 0, log: /tmp/ktest-results/lustre_mainline_native.log)
Starting job: clang-tidy (ktest-out: /tmp/ktest_lustre_mainline_native_bw4lwv0x)
Starting job: cc-plugin (ktest-out: /tmp/ktest_lustre_mainline_native_bw4lwv0x)
Starting job: boot (ktest-out: /tmp/ktest_lustre_mainline_native_bw4lwv0x)
Starting job: llmount (ktest-out: /tmp/ktest_lustre_mainline_native_bw4lwv0x)
Starting job: llog-unit (ktest-out: /tmp/ktest_lustre_mainline_native_bw4lwv0x)
Starting job: mgs-setup (ktest-out: /tmp/ktest_lustre_mainline_native_bw4lwv0x)
Starting job: sanity-1 (ktest-out: /tmp/ktest_lustre_mainline_native_bw4lwv0x)
Starting job: sanity-2 (ktest-out: /tmp/ktest_lustre_mainline_native_bw4lwv0x)
Starting job: sanity-3 (ktest-out: /tmp/ktest_lustre_mainline_native_bw4lwv0x)
Starting job: sanity-4 (ktest-out: /tmp/ktest_lustre_mainline_native_bw4lwv0x)
put_archive(/tmp/ktest_lustre_mainline_native_bw4lwv0x.tar): 1.16s
put_archive(/tmp/ktest_lustre_mainline_native_bw4lwv0x.tar): 1.21s
put_archive(/tmp/ktest_lustre_mainline_native_bw4lwv0x.tar): 3.14s
put_archive(/tmp/ktest_lustre_mainline_native_bw4lwv0x.tar): 3.79s
put_archive(/tmp/ktest_lustre_mainline_native_bw4lwv0x.tar): 3.53s
put_archive(/tmp/ktest_lustre_mainline_native_bw4lwv0x.tar): 6.36s
put_archive(/tmp/ktest_lustre_mainline_native_bw4lwv0x.tar): 7.48s
put_archive(/tmp/ktest-kernel.tar.gz): 5.35s
put_archive(/tmp/ktest-kernel.tar.gz): 9.18s
put_archive(/tmp/ktest-lustre.tar.gz): 10.94s
put_archive(/tmp/ktest-lustre.tar.gz): 11.49s
put_archive(/tmp/ktest_lustre_mainline_native_bw4lwv0x.tar): 3.78s
put_archive(/tmp/ktest_lustre_mainline_native_bw4lwv0x.tar): 3.89s
put_archive(/tmp/ktest_lustre_mainline_native_bw4lwv0x.tar): 6.19s
Job boot completed: SUCCESS (return code = 0, log: /tmp/ktest-results/boot.log)
Job cc-plugin completed: FAILED (return code = 127, log: /tmp/ktest-results/cc-plugin.log)
Job mgs-setup completed: SUCCESS (return code = 0, log: /tmp/ktest-results/mgs-setup.log)
Job clang-tidy completed: SUCCESS (return code = 0, log: /tmp/ktest-results/clang-tidy.log)
Job sanity-3 completed: SUCCESS (return code = 0, log: /tmp/ktest-results/sanity-3.log)
Job sanity-1 completed: SUCCESS (return code = 0, log: /tmp/ktest-results/sanity-1.log)
Job sanity-2 completed: SUCCESS (return code = 0, log: /tmp/ktest-results/sanity-2.log)
Job llog-unit completed: SUCCESS (return code = 0, log: /tmp/ktest-results/llog-unit.log)
Job sanity-4 completed: SUCCESS (return code = 0, log: /tmp/ktest-results/sanity-4.log)
Job llmount completed: SUCCESS (return code = 0, log: /tmp/ktest-results/llmount.log)

============================================================
Final Results:
  checkpatch: SUCCESS (return code = 0, log: /tmp/ktest-results/checkpatch.log)
  lustre_u24: SUCCESS (return code = 0, log: /tmp/ktest-results/lustre_u24.log)
  lustre_al2023: SUCCESS (return code = 0, log: /tmp/ktest-results/lustre_al2023.log)
  lustre_mainline_strict: FAILED (return code = 1, log: /tmp/ktest-results/lustre_mainline_strict.log)
  lustre_mainline: SUCCESS (return code = 0, log: /tmp/ktest-results/lustre_mainline.log)
  lustre_mainline_native: SUCCESS (return code = 0, log: /tmp/ktest-results/lustre_mainline_native.log)
  clang-tidy: SUCCESS (return code = 0, log: /tmp/ktest-results/clang-tidy.log)
  cc-plugin: FAILED (return code = 127, log: /tmp/ktest-results/cc-plugin.log)
  boot: SUCCESS (return code = 0, log: /tmp/ktest-results/boot.log)
  llmount: SUCCESS (return code = 0, log: /tmp/ktest-results/llmount.log)
  llog-unit: SUCCESS (return code = 0, log: /tmp/ktest-results/llog-unit.log)
  mgs-setup: SUCCESS (return code = 0, log: /tmp/ktest-results/mgs-setup.log)
  sanity-1: SUCCESS (return code = 0, log: /tmp/ktest-results/sanity-1.log)
  sanity-2: SUCCESS (return code = 0, log: /tmp/ktest-results/sanity-2.log)
  sanity-3: SUCCESS (return code = 0, log: /tmp/ktest-results/sanity-3.log)
  sanity-4: SUCCESS (return code = 0, log: /tmp/ktest-results/sanity-4.log)
</pre>
</body>
</html>
