Creating kernel tarball at /tmp/ktest-kernel.tar.gz...
Creating lustre tarball at /tmp/ktest-lustre.tar.gz...
Executing 16 jobs with dependencies
Jobs will start as soon as their dependencies are satisfied

Starting job: lustre_mainline_strict (ktest-out: /tmp/ktest_lustre_mainline_strict_ks_o_9tn)
Starting job: lustre_mainline (ktest-out: /tmp/ktest_lustre_mainline_9ih5qgwr)
Starting job: lustre_mainline_native (ktest-out: /tmp/ktest_lustre_mainline_native_q5xecz40)
Starting job: lustre_al2023 (ktest-out: /tmp/ktest_lustre_al2023_3r0uw76m)
Starting job: checkpatch (ktest-out: /tmp/ktest_checkpatch_5xst44uf)
Starting job: lustre_u24 (ktest-out: /tmp/ktest_lustre_u24_ywaunbas)
put_archive(/tmp/ktest-kernel.tar.gz): 7.69s
put_archive(/tmp/ktest-kernel.tar.gz): 7.52s
put_archive(/tmp/ktest-kernel.tar.gz): 8.09s
put_archive(/tmp/ktest-kernel.tar.gz): 7.02s
put_archive(/tmp/ktest-kernel.tar.gz): 8.25s
put_archive(/tmp/ktest-kernel.tar.gz): 7.49s
put_archive(/tmp/ktest-lustre.tar.gz): 2.09s
put_archive(/tmp/ktest-lustre.tar.gz): 1.83s
put_archive(/tmp/ktest-lustre.tar.gz): 1.57s
put_archive(/tmp/ktest-lustre.tar.gz): 1.99s
put_archive(/tmp/ktest-lustre.tar.gz): 2.72s
put_archive(/tmp/ktest-lustre.tar.gz): 1.74s
Job checkpatch completed: SUCCESS (return code = 0, log: /tmp/ktest-results/checkpatch.log)
Job lustre_al2023 completed: SUCCESS (return code = 0, log: /tmp/ktest-results/lustre_al2023.log)
Job lustre_u24 completed: SUCCESS (return code = 0, log: /tmp/ktest-results/lustre_u24.log)
get_archive(ktest-out): 4.60s
Job lustre_mainline_strict completed: FAILED (return code = 1, log: /tmp/ktest-results/lustre_mainline_strict.log)
get_archive(ktest-out): 3.30s
get_archive(ktest-out): 3.23s
Job lustre_mainline completed: SUCCESS (return code = 0, log: /tmp/ktest-results/lustre_mainline.log)
Job lustre_mainline_native completed: SUCCESS (return code = 0, log: /tmp/ktest-results/lustre_mainline_native.log)
Starting job: clang-tidy (ktest-out: /tmp/ktest_lustre_mainline_native_q5xecz40)
Starting job: cc-plugin (ktest-out: /tmp/ktest_lustre_mainline_native_q5xecz40)
Starting job: boot (ktest-out: /tmp/ktest_lustre_mainline_native_q5xecz40)
Starting job: llmount (ktest-out: /tmp/ktest_lustre_mainline_native_q5xecz40)
Starting job: llog-unit (ktest-out: /tmp/ktest_lustre_mainline_native_q5xecz40)
Starting job: mgs-setup (ktest-out: /tmp/ktest_lustre_mainline_native_q5xecz40)
Starting job: sanity-1 (ktest-out: /tmp/ktest_lustre_mainline_native_q5xecz40)
Starting job: sanity-2 (ktest-out: /tmp/ktest_lustre_mainline_native_q5xecz40)
Starting job: sanity-3 (ktest-out: /tmp/ktest_lustre_mainline_native_q5xecz40)
Starting job: sanity-4 (ktest-out: /tmp/ktest_lustre_mainline_native_q5xecz40)
put_archive(/tmp/ktest_lustre_mainline_native_q5xecz40.tar): 5.46s
put_archive(/tmp/ktest-kernel.tar.gz): 6.75s
put_archive(/tmp/ktest_lustre_mainline_native_q5xecz40.tar): 7.39s
put_archive(/tmp/ktest_lustre_mainline_native_q5xecz40.tar): 7.67s
put_archive(/tmp/ktest-kernel.tar.gz): 6.80s
put_archive(/tmp/ktest_lustre_mainline_native_q5xecz40.tar): 6.98s
put_archive(/tmp/ktest_lustre_mainline_native_q5xecz40.tar): 6.89s
put_archive(/tmp/ktest-lustre.tar.gz): 2.11s
put_archive(/tmp/ktest_lustre_mainline_native_q5xecz40.tar): 8.05s
put_archive(/tmp/ktest_lustre_mainline_native_q5xecz40.tar): 7.95s
put_archive(/tmp/ktest_lustre_mainline_native_q5xecz40.tar): 8.06s
put_archive(/tmp/ktest-lustre.tar.gz): 18.64s
put_archive(/tmp/ktest_lustre_mainline_native_q5xecz40.tar): 20.85s
put_archive(/tmp/ktest_lustre_mainline_native_q5xecz40.tar): 7.69s
Job cc-plugin completed: FAILED (return code = 127, log: /tmp/ktest-results/cc-plugin.log)
Job boot completed: SUCCESS (return code = 0, log: /tmp/ktest-results/boot.log)
Job clang-tidy completed: SUCCESS (return code = 0, log: /tmp/ktest-results/clang-tidy.log)
Job mgs-setup completed: SUCCESS (return code = 0, log: /tmp/ktest-results/mgs-setup.log)
Job sanity-4 completed: SUCCESS (return code = 0, log: /tmp/ktest-results/sanity-4.log)
Job llog-unit completed: SUCCESS (return code = 0, log: /tmp/ktest-results/llog-unit.log)
Job sanity-1 completed: SUCCESS (return code = 0, log: /tmp/ktest-results/sanity-1.log)
Job sanity-2 completed: SUCCESS (return code = 0, log: /tmp/ktest-results/sanity-2.log)
Job llmount completed: SUCCESS (return code = 0, log: /tmp/ktest-results/llmount.log)
Job sanity-3 completed: SUCCESS (return code = 0, log: /tmp/ktest-results/sanity-3.log)

============================================================
Final Results:
  checkpatch: SUCCESS (return code = 0, log: /tmp/ktest-results/checkpatch.log)
  lustre_u24: SUCCESS (return code = 0, log: /tmp/ktest-results/lustre_u24.log)
  lustre_al2023: SUCCESS (return code = 0, log: /tmp/ktest-results/lustre_al2023.log)
  lustre_mainline_strict: FAILED (return code = 1, log: /tmp/ktest-results/lustre_mainline_strict.log)
  lustre_mainline: SUCCESS (return code = 0, log: /tmp/ktest-results/lustre_mainline.log)
  lustre_mainline_native: SUCCESS (return code = 0, log: /tmp/ktest-results/lustre_mainline_native.log)
  clang-tidy: SUCCESS (return code = 0, log: /tmp/ktest-results/clang-tidy.log)
  cc-plugin: FAILED (return code = 127, log: /tmp/ktest-results/cc-plugin.log)
  boot: SUCCESS (return code = 0, log: /tmp/ktest-results/boot.log)
  llmount: SUCCESS (return code = 0, log: /tmp/ktest-results/llmount.log)
  llog-unit: SUCCESS (return code = 0, log: /tmp/ktest-results/llog-unit.log)
  mgs-setup: SUCCESS (return code = 0, log: /tmp/ktest-results/mgs-setup.log)
  sanity-1: SUCCESS (return code = 0, log: /tmp/ktest-results/sanity-1.log)
  sanity-2: SUCCESS (return code = 0, log: /tmp/ktest-results/sanity-2.log)
  sanity-3: SUCCESS (return code = 0, log: /tmp/ktest-results/sanity-3.log)
  sanity-4: SUCCESS (return code = 0, log: /tmp/ktest-results/sanity-4.log)