Creating kernel tarball at /tmp/ktest-kernel.tar.gz...
Creating lustre tarball at /tmp/ktest-lustre.tar.gz...
Executing 16 jobs with dependencies
Jobs will start as soon as their dependencies are satisfied

Starting job: lustre_al2023 (ktest-out: /tmp/ktest_lustre_al2023_da706cyz)
Starting job: lustre_mainline_native (ktest-out: /tmp/ktest_lustre_mainline_native_byi87jxj)
Starting job: lustre_mainline (ktest-out: /tmp/ktest_lustre_mainline_eks0q_9r)
Starting job: checkpatch (ktest-out: /tmp/ktest_checkpatch_b16qyu3w)
Starting job: lustre_mainline_strict (ktest-out: /tmp/ktest_lustre_mainline_strict_xammmpc6)
Starting job: lustre_u24 (ktest-out: /tmp/ktest_lustre_u24_l332cccn)
put_archive(/tmp/ktest-kernel.tar.gz): 9.04s
put_archive(/tmp/ktest-kernel.tar.gz): 9.02s
put_archive(/tmp/ktest-kernel.tar.gz): 9.44s
put_archive(/tmp/ktest-kernel.tar.gz): 9.65s
put_archive(/tmp/ktest-kernel.tar.gz): 9.55s
put_archive(/tmp/ktest-kernel.tar.gz): 9.68s
put_archive(/tmp/ktest-lustre.tar.gz): 7.26s
put_archive(/tmp/ktest-lustre.tar.gz): 7.85s
put_archive(/tmp/ktest-lustre.tar.gz): 6.99s
put_archive(/tmp/ktest-lustre.tar.gz): 6.71s
put_archive(/tmp/ktest-lustre.tar.gz): 7.19s
put_archive(/tmp/ktest-lustre.tar.gz): 6.90s
Job checkpatch completed: SUCCESS (return code = 0, log: /tmp/ktest-results/checkpatch.log)
Job lustre_al2023 completed: SUCCESS (return code = 0, log: /tmp/ktest-results/lustre_al2023.log)
Job lustre_u24 completed: SUCCESS (return code = 0, log: /tmp/ktest-results/lustre_u24.log)
get_archive(ktest-out): 3.55s
Job lustre_mainline_strict completed: FAILED (return code = 1, log: /tmp/ktest-results/lustre_mainline_strict.log)
get_archive(ktest-out): 2.14s
Job lustre_mainline completed: SUCCESS (return code = 0, log: /tmp/ktest-results/lustre_mainline.log)
get_archive(ktest-out): 9.17s
Job lustre_mainline_native completed: SUCCESS (return code = 0, log: /tmp/ktest-results/lustre_mainline_native.log)
Starting job: clang-tidy (ktest-out: /tmp/ktest_lustre_mainline_native_byi87jxj)
Starting job: cc-plugin (ktest-out: /tmp/ktest_lustre_mainline_native_byi87jxj)
Starting job: boot (ktest-out: /tmp/ktest_lustre_mainline_native_byi87jxj)
Starting job: llmount (ktest-out: /tmp/ktest_lustre_mainline_native_byi87jxj)
Starting job: llog-unit (ktest-out: /tmp/ktest_lustre_mainline_native_byi87jxj)
Starting job: mgs-setup (ktest-out: /tmp/ktest_lustre_mainline_native_byi87jxj)
Starting job: sanity-1 (ktest-out: /tmp/ktest_lustre_mainline_native_byi87jxj)
Starting job: sanity-2 (ktest-out: /tmp/ktest_lustre_mainline_native_byi87jxj)
Starting job: sanity-3 (ktest-out: /tmp/ktest_lustre_mainline_native_byi87jxj)
Starting job: sanity-4 (ktest-out: /tmp/ktest_lustre_mainline_native_byi87jxj)
put_archive(/tmp/ktest_lustre_mainline_native_byi87jxj.tar): 2.95s
put_archive(/tmp/ktest_lustre_mainline_native_byi87jxj.tar): 2.71s
put_archive(/tmp/ktest_lustre_mainline_native_byi87jxj.tar): 42.50s
put_archive(/tmp/ktest_lustre_mainline_native_byi87jxj.tar): 42.59s
put_archive(/tmp/ktest_lustre_mainline_native_byi87jxj.tar): 42.65s
put_archive(/tmp/ktest_lustre_mainline_native_byi87jxj.tar): 43.14s
put_archive(/tmp/ktest_lustre_mainline_native_byi87jxj.tar): 42.86s
put_archive(/tmp/ktest-kernel.tar.gz): 42.64s
put_archive(/tmp/ktest_lustre_mainline_native_byi87jxj.tar): 42.83s
put_archive(/tmp/ktest-kernel.tar.gz): 43.08s
put_archive(/tmp/ktest-lustre.tar.gz): 64.67s
put_archive(/tmp/ktest-lustre.tar.gz): 64.53s
put_archive(/tmp/ktest_lustre_mainline_native_byi87jxj.tar): 22.77s
put_archive(/tmp/ktest_lustre_mainline_native_byi87jxj.tar): 22.76s
Job llog-unit completed: SUCCESS (return code = 0, log: /tmp/ktest-results/llog-unit.log)
Job boot completed: SUCCESS (return code = 0, log: /tmp/ktest-results/boot.log)
Job sanity-4 completed: SUCCESS (return code = 0, log: /tmp/ktest-results/sanity-4.log)
Job cc-plugin completed: FAILED (return code = 127, log: /tmp/ktest-results/cc-plugin.log)
Job clang-tidy completed: SUCCESS (return code = 0, log: /tmp/ktest-results/clang-tidy.log)
Job mgs-setup completed: SUCCESS (return code = 0, log: /tmp/ktest-results/mgs-setup.log)
Job sanity-3 completed: SUCCESS (return code = 0, log: /tmp/ktest-results/sanity-3.log)
Job sanity-2 completed: SUCCESS (return code = 0, log: /tmp/ktest-results/sanity-2.log)
Job sanity-1 completed: SUCCESS (return code = 0, log: /tmp/ktest-results/sanity-1.log)
Job llmount completed: SUCCESS (return code = 0, log: /tmp/ktest-results/llmount.log)

============================================================
Final Results:
  checkpatch: SUCCESS (return code = 0, log: /tmp/ktest-results/checkpatch.log)
  lustre_u24: SUCCESS (return code = 0, log: /tmp/ktest-results/lustre_u24.log)
  lustre_al2023: SUCCESS (return code = 0, log: /tmp/ktest-results/lustre_al2023.log)
  lustre_mainline_strict: FAILED (return code = 1, log: /tmp/ktest-results/lustre_mainline_strict.log)
  lustre_mainline: SUCCESS (return code = 0, log: /tmp/ktest-results/lustre_mainline.log)
  lustre_mainline_native: SUCCESS (return code = 0, log: /tmp/ktest-results/lustre_mainline_native.log)
  clang-tidy: SUCCESS (return code = 0, log: /tmp/ktest-results/clang-tidy.log)
  cc-plugin: FAILED (return code = 127, log: /tmp/ktest-results/cc-plugin.log)
  boot: SUCCESS (return code = 0, log: /tmp/ktest-results/boot.log)
  llmount: SUCCESS (return code = 0, log: /tmp/ktest-results/llmount.log)
  llog-unit: SUCCESS (return code = 0, log: /tmp/ktest-results/llog-unit.log)
  mgs-setup: SUCCESS (return code = 0, log: /tmp/ktest-results/mgs-setup.log)
  sanity-1: SUCCESS (return code = 0, log: /tmp/ktest-results/sanity-1.log)
  sanity-2: SUCCESS (return code = 0, log: /tmp/ktest-results/sanity-2.log)
  sanity-3: SUCCESS (return code = 0, log: /tmp/ktest-results/sanity-3.log)
  sanity-4: SUCCESS (return code = 0, log: /tmp/ktest-results/sanity-4.log)