<html lang="en">
<body>
<pre>
Creating kernel tarball at /tmp/ktest-kernel.tar.gz...
Creating lustre tarball at /tmp/ktest-lustre.tar.gz...
Executing 16 jobs with dependencies
Jobs will start as soon as their dependencies are satisfied

Starting job: lustre_u24 (ktest-out: /tmp/ktest_lustre_u24_5k_bqbpt)
Starting job: checkpatch (ktest-out: /tmp/ktest_checkpatch_uflqey0x)
Starting job: lustre_al2023 (ktest-out: /tmp/ktest_lustre_al2023_op1wbjpw)
Starting job: lustre_mainline_strict (ktest-out: /tmp/ktest_lustre_mainline_strict_s5rjv27m)
Starting job: lustre_mainline (ktest-out: /tmp/ktest_lustre_mainline_oi6a37h7)
Starting job: lustre_mainline_native (ktest-out: /tmp/ktest_lustre_mainline_native_2y9rofac)
put_archive(/tmp/ktest-kernel.tar.gz): 7.37s
put_archive(/tmp/ktest-kernel.tar.gz): 7.39s
put_archive(/tmp/ktest-kernel.tar.gz): 6.66s
put_archive(/tmp/ktest-kernel.tar.gz): 7.40s
put_archive(/tmp/ktest-kernel.tar.gz): 7.66s
put_archive(/tmp/ktest-kernel.tar.gz): 6.98s
put_archive(/tmp/ktest-lustre.tar.gz): 1.91s
put_archive(/tmp/ktest-lustre.tar.gz): 1.51s
put_archive(/tmp/ktest-lustre.tar.gz): 1.66s
put_archive(/tmp/ktest-lustre.tar.gz): 2.07s
put_archive(/tmp/ktest-lustre.tar.gz): 2.51s
put_archive(/tmp/ktest-lustre.tar.gz): 1.84s
Job checkpatch completed: SUCCESS (return code = 0, log: /tmp/ktest-results/checkpatch.log)
Job lustre_u24 completed: SUCCESS (return code = 0, log: /tmp/ktest-results/lustre_u24.log)
Job lustre_al2023 completed: SUCCESS (return code = 0, log: /tmp/ktest-results/lustre_al2023.log)
get_archive(ktest-out): 4.71s
Job lustre_mainline_strict completed: FAILED (return code = 1, log: /tmp/ktest-results/lustre_mainline_strict.log)
get_archive(ktest-out): 3.13s
get_archive(ktest-out): 3.21s
Job lustre_mainline completed: SUCCESS (return code = 0, log: /tmp/ktest-results/lustre_mainline.log)
Job lustre_mainline_native completed: SUCCESS (return code = 0, log: /tmp/ktest-results/lustre_mainline_native.log)
Starting job: clang-tidy (ktest-out: /tmp/ktest_lustre_mainline_native_2y9rofac)
Starting job: cc-plugin (ktest-out: /tmp/ktest_lustre_mainline_native_2y9rofac)
Starting job: boot (ktest-out: /tmp/ktest_lustre_mainline_native_2y9rofac)
Starting job: llmount (ktest-out: /tmp/ktest_lustre_mainline_native_2y9rofac)
Starting job: llog-unit (ktest-out: /tmp/ktest_lustre_mainline_native_2y9rofac)
Starting job: mgs-setup (ktest-out: /tmp/ktest_lustre_mainline_native_2y9rofac)
Starting job: sanity-1 (ktest-out: /tmp/ktest_lustre_mainline_native_2y9rofac)
Starting job: sanity-2 (ktest-out: /tmp/ktest_lustre_mainline_native_2y9rofac)
Starting job: sanity-3 (ktest-out: /tmp/ktest_lustre_mainline_native_2y9rofac)
Starting job: sanity-4 (ktest-out: /tmp/ktest_lustre_mainline_native_2y9rofac)
put_archive(/tmp/ktest_lustre_mainline_native_2y9rofac.tar): 2.78s
put_archive(/tmp/ktest_lustre_mainline_native_2y9rofac.tar): 2.85s
put_archive(/tmp/ktest_lustre_mainline_native_2y9rofac.tar): 52.48s
put_archive(/tmp/ktest_lustre_mainline_native_2y9rofac.tar): 51.44s
put_archive(/tmp/ktest-kernel.tar.gz): 51.82s
put_archive(/tmp/ktest_lustre_mainline_native_2y9rofac.tar): 52.71s
put_archive(/tmp/ktest_lustre_mainline_native_2y9rofac.tar): 52.56s
put_archive(/tmp/ktest-kernel.tar.gz): 53.07s
put_archive(/tmp/ktest_lustre_mainline_native_2y9rofac.tar): 51.81s
put_archive(/tmp/ktest-lustre.tar.gz): 54.37s
put_archive(/tmp/ktest-lustre.tar.gz): 54.18s
put_archive(/tmp/ktest_lustre_mainline_native_2y9rofac.tar): 53.57s
put_archive(/tmp/ktest_lustre_mainline_native_2y9rofac.tar): 30.95s
put_archive(/tmp/ktest_lustre_mainline_native_2y9rofac.tar): 30.96s
Job llog-unit completed: SUCCESS (return code = 0, log: /tmp/ktest-results/llog-unit.log)
Job cc-plugin completed: FAILED (return code = 127, log: /tmp/ktest-results/cc-plugin.log)
Job sanity-1 completed: SUCCESS (return code = 0, log: /tmp/ktest-results/sanity-1.log)
Job boot completed: SUCCESS (return code = 0, log: /tmp/ktest-results/boot.log)
Job clang-tidy completed: SUCCESS (return code = 0, log: /tmp/ktest-results/clang-tidy.log)
Job mgs-setup completed: SUCCESS (return code = 0, log: /tmp/ktest-results/mgs-setup.log)
Job sanity-4 completed: SUCCESS (return code = 0, log: /tmp/ktest-results/sanity-4.log)
Job sanity-2 completed: SUCCESS (return code = 0, log: /tmp/ktest-results/sanity-2.log)
Job llmount completed: SUCCESS (return code = 0, log: /tmp/ktest-results/llmount.log)
Job sanity-3 completed: SUCCESS (return code = 0, log: /tmp/ktest-results/sanity-3.log)

============================================================
Final Results:
  checkpatch: SUCCESS (return code = 0, log: /tmp/ktest-results/checkpatch.log)
  lustre_u24: SUCCESS (return code = 0, log: /tmp/ktest-results/lustre_u24.log)
  lustre_al2023: SUCCESS (return code = 0, log: /tmp/ktest-results/lustre_al2023.log)
  lustre_mainline_strict: FAILED (return code = 1, log: /tmp/ktest-results/lustre_mainline_strict.log)
  lustre_mainline: SUCCESS (return code = 0, log: /tmp/ktest-results/lustre_mainline.log)
  lustre_mainline_native: SUCCESS (return code = 0, log: /tmp/ktest-results/lustre_mainline_native.log)
  clang-tidy: SUCCESS (return code = 0, log: /tmp/ktest-results/clang-tidy.log)
  cc-plugin: FAILED (return code = 127, log: /tmp/ktest-results/cc-plugin.log)
  boot: SUCCESS (return code = 0, log: /tmp/ktest-results/boot.log)
  llmount: SUCCESS (return code = 0, log: /tmp/ktest-results/llmount.log)
  llog-unit: SUCCESS (return code = 0, log: /tmp/ktest-results/llog-unit.log)
  mgs-setup: SUCCESS (return code = 0, log: /tmp/ktest-results/mgs-setup.log)
  sanity-1: SUCCESS (return code = 0, log: /tmp/ktest-results/sanity-1.log)
  sanity-2: SUCCESS (return code = 0, log: /tmp/ktest-results/sanity-2.log)
  sanity-3: SUCCESS (return code = 0, log: /tmp/ktest-results/sanity-3.log)
  sanity-4: SUCCESS (return code = 0, log: /tmp/ktest-results/sanity-4.log)
</pre>
</body>
</html>
