Creating kernel tarball at /tmp/ktest-kernel.tar.gz...
Creating lustre tarball at /tmp/ktest-lustre.tar.gz...
Executing 16 jobs with dependencies
Jobs will start as soon as their dependencies are satisfied

Starting job: lustre_u24 (ktest-out: /tmp/ktest_lustre_u24_6lal8o3z)
Starting job: lustre_mainline_strict (ktest-out: /tmp/ktest_lustre_mainline_strict_250h26mn)
Starting job: lustre_mainline_native (ktest-out: /tmp/ktest_lustre_mainline_native__ddzosqt)
Starting job: lustre_mainline (ktest-out: /tmp/ktest_lustre_mainline_y3y05txe)
Starting job: checkpatch (ktest-out: /tmp/ktest_checkpatch_seyqnsrc)
Starting job: lustre_al2023 (ktest-out: /tmp/ktest_lustre_al2023_lmbzkam1)
put_archive(/tmp/ktest-kernel.tar.gz): 7.35s
put_archive(/tmp/ktest-kernel.tar.gz): 6.76s
put_archive(/tmp/ktest-kernel.tar.gz): 7.37s
put_archive(/tmp/ktest-kernel.tar.gz): 7.23s
put_archive(/tmp/ktest-kernel.tar.gz): 7.79s
put_archive(/tmp/ktest-kernel.tar.gz): 6.49s
put_archive(/tmp/ktest-lustre.tar.gz): 4.25s
put_archive(/tmp/ktest-lustre.tar.gz): 3.88s
put_archive(/tmp/ktest-lustre.tar.gz): 4.17s
put_archive(/tmp/ktest-lustre.tar.gz): 3.78s
put_archive(/tmp/ktest-lustre.tar.gz): 4.06s
put_archive(/tmp/ktest-lustre.tar.gz): 4.80s
Job checkpatch completed: SUCCESS (return code = 0, log: /tmp/ktest-results/checkpatch.log)
Job lustre_al2023 completed: SUCCESS (return code = 0, log: /tmp/ktest-results/lustre_al2023.log)
Job lustre_u24 completed: SUCCESS (return code = 0, log: /tmp/ktest-results/lustre_u24.log)
get_archive(ktest-out): 4.59s
Job lustre_mainline_strict completed: FAILED (return code = 1, log: /tmp/ktest-results/lustre_mainline_strict.log)
get_archive(ktest-out): 3.21s
get_archive(ktest-out): 3.31s
Job lustre_mainline completed: SUCCESS (return code = 0, log: /tmp/ktest-results/lustre_mainline.log)
Job lustre_mainline_native completed: SUCCESS (return code = 0, log: /tmp/ktest-results/lustre_mainline_native.log)
Starting job: clang-tidy (ktest-out: /tmp/ktest_lustre_mainline_native__ddzosqt)
Starting job: cc-plugin (ktest-out: /tmp/ktest_lustre_mainline_native__ddzosqt)
Starting job: boot (ktest-out: /tmp/ktest_lustre_mainline_native__ddzosqt)
Starting job: llmount (ktest-out: /tmp/ktest_lustre_mainline_native__ddzosqt)
Starting job: llog-unit (ktest-out: /tmp/ktest_lustre_mainline_native__ddzosqt)
Starting job: mgs-setup (ktest-out: /tmp/ktest_lustre_mainline_native__ddzosqt)
Starting job: sanity-1 (ktest-out: /tmp/ktest_lustre_mainline_native__ddzosqt)
Starting job: sanity-2 (ktest-out: /tmp/ktest_lustre_mainline_native__ddzosqt)
Starting job: sanity-3 (ktest-out: /tmp/ktest_lustre_mainline_native__ddzosqt)
Starting job: sanity-4 (ktest-out: /tmp/ktest_lustre_mainline_native__ddzosqt)
put_archive(/tmp/ktest_lustre_mainline_native__ddzosqt.tar): 2.51s
put_archive(/tmp/ktest-kernel.tar.gz): 29.67s
put_archive(/tmp/ktest_lustre_mainline_native__ddzosqt.tar): 28.13s
put_archive(/tmp/ktest-kernel.tar.gz): 30.29s
put_archive(/tmp/ktest_lustre_mainline_native__ddzosqt.tar): 28.66s
put_archive(/tmp/ktest-lustre.tar.gz): 19.39s
put_archive(/tmp/ktest-lustre.tar.gz): 20.39s
put_archive(/tmp/ktest_lustre_mainline_native__ddzosqt.tar): 45.87s
put_archive(/tmp/ktest_lustre_mainline_native__ddzosqt.tar): 44.25s
put_archive(/tmp/ktest_lustre_mainline_native__ddzosqt.tar): 44.23s
put_archive(/tmp/ktest_lustre_mainline_native__ddzosqt.tar): 44.33s
put_archive(/tmp/ktest_lustre_mainline_native__ddzosqt.tar): 45.96s
put_archive(/tmp/ktest_lustre_mainline_native__ddzosqt.tar): 44.50s
put_archive(/tmp/ktest_lustre_mainline_native__ddzosqt.tar): 43.00s
Job mgs-setup completed: SUCCESS (return code = 0, log: /tmp/ktest-results/mgs-setup.log)
Job cc-plugin completed: FAILED (return code = 127, log: /tmp/ktest-results/cc-plugin.log)
Job clang-tidy completed: SUCCESS (return code = 0, log: /tmp/ktest-results/clang-tidy.log)
Job sanity-1 completed: SUCCESS (return code = 0, log: /tmp/ktest-results/sanity-1.log)
Job llmount completed: SUCCESS (return code = 0, log: /tmp/ktest-results/llmount.log)
Job boot completed: SUCCESS (return code = 0, log: /tmp/ktest-results/boot.log)
Job sanity-3 completed: SUCCESS (return code = 0, log: /tmp/ktest-results/sanity-3.log)
Job sanity-2 completed: SUCCESS (return code = 0, log: /tmp/ktest-results/sanity-2.log)
Job sanity-4 completed: SUCCESS (return code = 0, log: /tmp/ktest-results/sanity-4.log)
Job llog-unit completed: SUCCESS (return code = 0, log: /tmp/ktest-results/llog-unit.log)

============================================================
Final Results:
  checkpatch: SUCCESS (return code = 0, log: /tmp/ktest-results/checkpatch.log)
  lustre_u24: SUCCESS (return code = 0, log: /tmp/ktest-results/lustre_u24.log)
  lustre_al2023: SUCCESS (return code = 0, log: /tmp/ktest-results/lustre_al2023.log)
  lustre_mainline_strict: FAILED (return code = 1, log: /tmp/ktest-results/lustre_mainline_strict.log)
  lustre_mainline: SUCCESS (return code = 0, log: /tmp/ktest-results/lustre_mainline.log)
  lustre_mainline_native: SUCCESS (return code = 0, log: /tmp/ktest-results/lustre_mainline_native.log)
  clang-tidy: SUCCESS (return code = 0, log: /tmp/ktest-results/clang-tidy.log)
  cc-plugin: FAILED (return code = 127, log: /tmp/ktest-results/cc-plugin.log)
  boot: SUCCESS (return code = 0, log: /tmp/ktest-results/boot.log)
  llmount: SUCCESS (return code = 0, log: /tmp/ktest-results/llmount.log)
  llog-unit: SUCCESS (return code = 0, log: /tmp/ktest-results/llog-unit.log)
  mgs-setup: SUCCESS (return code = 0, log: /tmp/ktest-results/mgs-setup.log)
  sanity-1: SUCCESS (return code = 0, log: /tmp/ktest-results/sanity-1.log)
  sanity-2: SUCCESS (return code = 0, log: /tmp/ktest-results/sanity-2.log)
  sanity-3: SUCCESS (return code = 0, log: /tmp/ktest-results/sanity-3.log)
  sanity-4: SUCCESS (return code = 0, log: /tmp/ktest-results/sanity-4.log)