Creating kernel tarball at /tmp/ktest-kernel.tar.gz...
Creating lustre tarball at /tmp/ktest-lustre.tar.gz...
Executing 16 jobs with dependencies
Jobs will start as soon as their dependencies are satisfied

Starting job: lustre_al2023 (ktest-out: /tmp/ktest_lustre_al2023_pwinf_h6)
Starting job: lustre_mainline (ktest-out: /tmp/ktest_lustre_mainline_oo0h8d1g)
Starting job: lustre_u24 (ktest-out: /tmp/ktest_lustre_u24_wvodoptr)
Starting job: lustre_mainline_strict (ktest-out: /tmp/ktest_lustre_mainline_strict_edoesiod)
Starting job: checkpatch (ktest-out: /tmp/ktest_checkpatch_mix3kkd3)
Starting job: lustre_mainline_native (ktest-out: /tmp/ktest_lustre_mainline_native_p13z5ko6)
put_archive(/tmp/ktest-kernel.tar.gz): 6.34s
put_archive(/tmp/ktest-kernel.tar.gz): 6.63s
put_archive(/tmp/ktest-kernel.tar.gz): 6.57s
put_archive(/tmp/ktest-kernel.tar.gz): 6.61s
put_archive(/tmp/ktest-kernel.tar.gz): 5.70s
put_archive(/tmp/ktest-kernel.tar.gz): 5.98s
put_archive(/tmp/ktest-lustre.tar.gz): 5.71s
put_archive(/tmp/ktest-lustre.tar.gz): 4.68s
put_archive(/tmp/ktest-lustre.tar.gz): 4.41s
put_archive(/tmp/ktest-lustre.tar.gz): 4.57s
put_archive(/tmp/ktest-lustre.tar.gz): 4.91s
put_archive(/tmp/ktest-lustre.tar.gz): 4.14s
Job checkpatch completed: SUCCESS (return code = 0, log: /tmp/ktest-results/checkpatch.log)
Job lustre_al2023 completed: SUCCESS (return code = 0, log: /tmp/ktest-results/lustre_al2023.log)
Job lustre_u24 completed: SUCCESS (return code = 0, log: /tmp/ktest-results/lustre_u24.log)
get_archive(ktest-out): 3.47s
Job lustre_mainline_strict completed: FAILED (return code = 1, log: /tmp/ktest-results/lustre_mainline_strict.log)
get_archive(ktest-out): 3.25s
get_archive(ktest-out): 3.25s
Job lustre_mainline_native completed: SUCCESS (return code = 0, log: /tmp/ktest-results/lustre_mainline_native.log)
Starting job: clang-tidy (ktest-out: /tmp/ktest_lustre_mainline_native_p13z5ko6)
Starting job: cc-plugin (ktest-out: /tmp/ktest_lustre_mainline_native_p13z5ko6)
Starting job: boot (ktest-out: /tmp/ktest_lustre_mainline_native_p13z5ko6)
Starting job: llmount (ktest-out: /tmp/ktest_lustre_mainline_native_p13z5ko6)
Starting job: llog-unit (ktest-out: /tmp/ktest_lustre_mainline_native_p13z5ko6)
Starting job: mgs-setup (ktest-out: /tmp/ktest_lustre_mainline_native_p13z5ko6)
Starting job: sanity-1 (ktest-out: /tmp/ktest_lustre_mainline_native_p13z5ko6)
Starting job: sanity-2 (ktest-out: /tmp/ktest_lustre_mainline_native_p13z5ko6)
Starting job: sanity-3 (ktest-out: /tmp/ktest_lustre_mainline_native_p13z5ko6)
Starting job: sanity-4 (ktest-out: /tmp/ktest_lustre_mainline_native_p13z5ko6)
Job lustre_mainline completed: SUCCESS (return code = 0, log: /tmp/ktest-results/lustre_mainline.log)
put_archive(/tmp/ktest_lustre_mainline_native_p13z5ko6.tar): 5.75s
put_archive(/tmp/ktest_lustre_mainline_native_p13z5ko6.tar): 15.95s
put_archive(/tmp/ktest_lustre_mainline_native_p13z5ko6.tar): 44.58s
put_archive(/tmp/ktest_lustre_mainline_native_p13z5ko6.tar): 44.22s
put_archive(/tmp/ktest_lustre_mainline_native_p13z5ko6.tar): 44.28s
put_archive(/tmp/ktest-kernel.tar.gz): 44.47s
put_archive(/tmp/ktest_lustre_mainline_native_p13z5ko6.tar): 44.81s
put_archive(/tmp/ktest_lustre_mainline_native_p13z5ko6.tar): 44.53s
put_archive(/tmp/ktest_lustre_mainline_native_p13z5ko6.tar): 44.83s
put_archive(/tmp/ktest-kernel.tar.gz): 44.69s
put_archive(/tmp/ktest-lustre.tar.gz): 58.71s
put_archive(/tmp/ktest-lustre.tar.gz): 58.97s
Job boot completed: SUCCESS (return code = 0, log: /tmp/ktest-results/boot.log)
put_archive(/tmp/ktest_lustre_mainline_native_p13z5ko6.tar): 26.57s
put_archive(/tmp/ktest_lustre_mainline_native_p13z5ko6.tar): 26.59s
Job sanity-1 completed: SUCCESS (return code = 0, log: /tmp/ktest-results/sanity-1.log)
Job cc-plugin completed: FAILED (return code = 127, log: /tmp/ktest-results/cc-plugin.log)
Job clang-tidy completed: SUCCESS (return code = 0, log: /tmp/ktest-results/clang-tidy.log)
Job mgs-setup completed: SUCCESS (return code = 0, log: /tmp/ktest-results/mgs-setup.log)
Job sanity-3 completed: SUCCESS (return code = 0, log: /tmp/ktest-results/sanity-3.log)
Job llmount completed: SUCCESS (return code = 0, log: /tmp/ktest-results/llmount.log)
Job sanity-2 completed: SUCCESS (return code = 0, log: /tmp/ktest-results/sanity-2.log)
Job llog-unit completed: SUCCESS (return code = 0, log: /tmp/ktest-results/llog-unit.log)
Job sanity-4 completed: SUCCESS (return code = 0, log: /tmp/ktest-results/sanity-4.log)

============================================================
Final Results:
  checkpatch: SUCCESS (return code = 0, log: /tmp/ktest-results/checkpatch.log)
  lustre_u24: SUCCESS (return code = 0, log: /tmp/ktest-results/lustre_u24.log)
  lustre_al2023: SUCCESS (return code = 0, log: /tmp/ktest-results/lustre_al2023.log)
  lustre_mainline_strict: FAILED (return code = 1, log: /tmp/ktest-results/lustre_mainline_strict.log)
  lustre_mainline: SUCCESS (return code = 0, log: /tmp/ktest-results/lustre_mainline.log)
  lustre_mainline_native: SUCCESS (return code = 0, log: /tmp/ktest-results/lustre_mainline_native.log)
  clang-tidy: SUCCESS (return code = 0, log: /tmp/ktest-results/clang-tidy.log)
  cc-plugin: FAILED (return code = 127, log: /tmp/ktest-results/cc-plugin.log)
  boot: SUCCESS (return code = 0, log: /tmp/ktest-results/boot.log)
  llmount: SUCCESS (return code = 0, log: /tmp/ktest-results/llmount.log)
  llog-unit: SUCCESS (return code = 0, log: /tmp/ktest-results/llog-unit.log)
  mgs-setup: SUCCESS (return code = 0, log: /tmp/ktest-results/mgs-setup.log)
  sanity-1: SUCCESS (return code = 0, log: /tmp/ktest-results/sanity-1.log)
  sanity-2: SUCCESS (return code = 0, log: /tmp/ktest-results/sanity-2.log)
  sanity-3: SUCCESS (return code = 0, log: /tmp/ktest-results/sanity-3.log)
  sanity-4: SUCCESS (return code = 0, log: /tmp/ktest-results/sanity-4.log)