Creating kernel tarball at /tmp/ktest-kernel.tar.gz...
Creating lustre tarball at /tmp/ktest-lustre.tar.gz...
Executing 16 jobs with dependencies
Jobs will start as soon as their dependencies are satisfied

Starting job: checkpatch (ktest-out: /tmp/ktest_checkpatch_s_wu5z21)
Starting job: lustre_mainline (ktest-out: /tmp/ktest_lustre_mainline_tbt83z69)
Starting job: lustre_mainline_native (ktest-out: /tmp/ktest_lustre_mainline_native_d6of79va)
Starting job: lustre_u24 (ktest-out: /tmp/ktest_lustre_u24_cd9wd558)
Starting job: lustre_al2023 (ktest-out: /tmp/ktest_lustre_al2023_f4ovy_nh)
Starting job: lustre_mainline_strict (ktest-out: /tmp/ktest_lustre_mainline_strict_w6xaysrw)
put_archive(/tmp/ktest-kernel.tar.gz): 9.67s
put_archive(/tmp/ktest-kernel.tar.gz): 10.28s
put_archive(/tmp/ktest-kernel.tar.gz): 11.03s
put_archive(/tmp/ktest-kernel.tar.gz): 10.91s
put_archive(/tmp/ktest-kernel.tar.gz): 11.03s
put_archive(/tmp/ktest-kernel.tar.gz): 10.78s
put_archive(/tmp/ktest-lustre.tar.gz): 7.80s
put_archive(/tmp/ktest-lustre.tar.gz): 9.87s
put_archive(/tmp/ktest-lustre.tar.gz): 8.00s
put_archive(/tmp/ktest-lustre.tar.gz): 8.31s
put_archive(/tmp/ktest-lustre.tar.gz): 8.48s
put_archive(/tmp/ktest-lustre.tar.gz): 8.19s
Job checkpatch completed: SUCCESS (return code = 0, log: /tmp/ktest-results/checkpatch.log)
Job lustre_u24 completed: SUCCESS (return code = 0, log: /tmp/ktest-results/lustre_u24.log)
Job lustre_al2023 completed: SUCCESS (return code = 0, log: /tmp/ktest-results/lustre_al2023.log)
get_archive(ktest-out): 3.40s
Job lustre_mainline_strict completed: FAILED (return code = 1, log: /tmp/ktest-results/lustre_mainline_strict.log)
get_archive(ktest-out): 3.06s
get_archive(ktest-out): 3.13s
Job lustre_mainline_native completed: SUCCESS (return code = 0, log: /tmp/ktest-results/lustre_mainline_native.log)
Starting job: clang-tidy (ktest-out: /tmp/ktest_lustre_mainline_native_d6of79va)
Starting job: cc-plugin (ktest-out: /tmp/ktest_lustre_mainline_native_d6of79va)
Starting job: boot (ktest-out: /tmp/ktest_lustre_mainline_native_d6of79va)
Starting job: llmount (ktest-out: /tmp/ktest_lustre_mainline_native_d6of79va)
Starting job: llog-unit (ktest-out: /tmp/ktest_lustre_mainline_native_d6of79va)
Starting job: mgs-setup (ktest-out: /tmp/ktest_lustre_mainline_native_d6of79va)
Starting job: sanity-1 (ktest-out: /tmp/ktest_lustre_mainline_native_d6of79va)
Starting job: sanity-2 (ktest-out: /tmp/ktest_lustre_mainline_native_d6of79va)
Starting job: sanity-3 (ktest-out: /tmp/ktest_lustre_mainline_native_d6of79va)
Starting job: sanity-4 (ktest-out: /tmp/ktest_lustre_mainline_native_d6of79va)
Job lustre_mainline completed: SUCCESS (return code = 0, log: /tmp/ktest-results/lustre_mainline.log)
put_archive(/tmp/ktest_lustre_mainline_native_d6of79va.tar): 7.74s
put_archive(/tmp/ktest_lustre_mainline_native_d6of79va.tar): 19.77s
put_archive(/tmp/ktest_lustre_mainline_native_d6of79va.tar): 19.83s
put_archive(/tmp/ktest-kernel.tar.gz): 21.44s
put_archive(/tmp/ktest_lustre_mainline_native_d6of79va.tar): 27.63s
put_archive(/tmp/ktest-kernel.tar.gz): 30.42s
put_archive(/tmp/ktest-lustre.tar.gz): 48.33s
put_archive(/tmp/ktest-lustre.tar.gz): 18.08s
put_archive(/tmp/ktest_lustre_mainline_native_d6of79va.tar): 19.17s
put_archive(/tmp/ktest_lustre_mainline_native_d6of79va.tar): 22.38s
put_archive(/tmp/ktest_lustre_mainline_native_d6of79va.tar): 22.44s
Job boot completed: SUCCESS (return code = 0, log: /tmp/ktest-results/boot.log)
put_archive(/tmp/ktest_lustre_mainline_native_d6of79va.tar): 9.82s
put_archive(/tmp/ktest_lustre_mainline_native_d6of79va.tar): 9.89s
put_archive(/tmp/ktest_lustre_mainline_native_d6of79va.tar): 9.94s
Job cc-plugin completed: FAILED (return code = 127, log: /tmp/ktest-results/cc-plugin.log)
Job clang-tidy completed: SUCCESS (return code = 0, log: /tmp/ktest-results/clang-tidy.log)
Job mgs-setup completed: SUCCESS (return code = 0, log: /tmp/ktest-results/mgs-setup.log)
Job sanity-3 completed: SUCCESS (return code = 0, log: /tmp/ktest-results/sanity-3.log)
Job sanity-1 completed: SUCCESS (return code = 0, log: /tmp/ktest-results/sanity-1.log)
Job llog-unit completed: SUCCESS (return code = 0, log: /tmp/ktest-results/llog-unit.log)
Job sanity-4 completed: SUCCESS (return code = 0, log: /tmp/ktest-results/sanity-4.log)
Job sanity-2 completed: SUCCESS (return code = 0, log: /tmp/ktest-results/sanity-2.log)
Job llmount completed: SUCCESS (return code = 0, log: /tmp/ktest-results/llmount.log)

============================================================
Final Results:
  checkpatch: SUCCESS (return code = 0, log: /tmp/ktest-results/checkpatch.log)
  lustre_u24: SUCCESS (return code = 0, log: /tmp/ktest-results/lustre_u24.log)
  lustre_al2023: SUCCESS (return code = 0, log: /tmp/ktest-results/lustre_al2023.log)
  lustre_mainline_strict: FAILED (return code = 1, log: /tmp/ktest-results/lustre_mainline_strict.log)
  lustre_mainline: SUCCESS (return code = 0, log: /tmp/ktest-results/lustre_mainline.log)
  lustre_mainline_native: SUCCESS (return code = 0, log: /tmp/ktest-results/lustre_mainline_native.log)
  clang-tidy: SUCCESS (return code = 0, log: /tmp/ktest-results/clang-tidy.log)
  cc-plugin: FAILED (return code = 127, log: /tmp/ktest-results/cc-plugin.log)
  boot: SUCCESS (return code = 0, log: /tmp/ktest-results/boot.log)
  llmount: SUCCESS (return code = 0, log: /tmp/ktest-results/llmount.log)
  llog-unit: SUCCESS (return code = 0, log: /tmp/ktest-results/llog-unit.log)
  mgs-setup: SUCCESS (return code = 0, log: /tmp/ktest-results/mgs-setup.log)
  sanity-1: SUCCESS (return code = 0, log: /tmp/ktest-results/sanity-1.log)
  sanity-2: SUCCESS (return code = 0, log: /tmp/ktest-results/sanity-2.log)
  sanity-3: SUCCESS (return code = 0, log: /tmp/ktest-results/sanity-3.log)
  sanity-4: SUCCESS (return code = 0, log: /tmp/ktest-results/sanity-4.log)