Creating kernel tarball at /tmp/ktest-kernel.tar.gz...
Creating lustre tarball at /tmp/ktest-lustre.tar.gz...
Executing 16 jobs with dependencies
Jobs will start as soon as their dependencies are satisfied

Starting job: lustre_mainline (ktest-out: /tmp/ktest_lustre_mainline_ubj4gsaa)
Starting job: lustre_mainline_native (ktest-out: /tmp/ktest_lustre_mainline_native_kj56kl_g)
Starting job: lustre_al2023 (ktest-out: /tmp/ktest_lustre_al2023_z60abqbk)
Starting job: lustre_u24 (ktest-out: /tmp/ktest_lustre_u24_9tn3y4u6)
Starting job: checkpatch (ktest-out: /tmp/ktest_checkpatch_qvl3tlvd)
Starting job: lustre_mainline_strict (ktest-out: /tmp/ktest_lustre_mainline_strict_z6ai80hx)
put_archive(/tmp/ktest-kernel.tar.gz): 11.24s
put_archive(/tmp/ktest-kernel.tar.gz): 13.90s
put_archive(/tmp/ktest-kernel.tar.gz): 13.46s
put_archive(/tmp/ktest-kernel.tar.gz): 14.24s
put_archive(/tmp/ktest-kernel.tar.gz): 13.89s
put_archive(/tmp/ktest-kernel.tar.gz): 14.00s
put_archive(/tmp/ktest-lustre.tar.gz): 10.99s
put_archive(/tmp/ktest-lustre.tar.gz): 8.08s
put_archive(/tmp/ktest-lustre.tar.gz): 7.67s
put_archive(/tmp/ktest-lustre.tar.gz): 7.99s
put_archive(/tmp/ktest-lustre.tar.gz): 8.28s
put_archive(/tmp/ktest-lustre.tar.gz): 7.87s
Job checkpatch completed: FAILED (return code = 1, log: /tmp/ktest-results/checkpatch.log)
Job lustre_al2023 completed: SUCCESS (return code = 0, log: /tmp/ktest-results/lustre_al2023.log)
Job lustre_u24 completed: SUCCESS (return code = 0, log: /tmp/ktest-results/lustre_u24.log)
get_archive(ktest-out): 3.86s
Job lustre_mainline_strict completed: FAILED (return code = 1, log: /tmp/ktest-results/lustre_mainline_strict.log)
get_archive(ktest-out): 2.25s
Job lustre_mainline_native completed: SUCCESS (return code = 0, log: /tmp/ktest-results/lustre_mainline_native.log)
Starting job: clang-tidy (ktest-out: /tmp/ktest_lustre_mainline_native_kj56kl_g)
Starting job: cc-plugin (ktest-out: /tmp/ktest_lustre_mainline_native_kj56kl_g)
Starting job: boot (ktest-out: /tmp/ktest_lustre_mainline_native_kj56kl_g)
Starting job: llmount (ktest-out: /tmp/ktest_lustre_mainline_native_kj56kl_g)
Starting job: llog-unit (ktest-out: /tmp/ktest_lustre_mainline_native_kj56kl_g)
Starting job: mgs-setup (ktest-out: /tmp/ktest_lustre_mainline_native_kj56kl_g)
Starting job: sanity-1 (ktest-out: /tmp/ktest_lustre_mainline_native_kj56kl_g)
Starting job: sanity-2 (ktest-out: /tmp/ktest_lustre_mainline_native_kj56kl_g)
Starting job: sanity-3 (ktest-out: /tmp/ktest_lustre_mainline_native_kj56kl_g)
Starting job: sanity-4 (ktest-out: /tmp/ktest_lustre_mainline_native_kj56kl_g)
get_archive(ktest-out): 8.64s
Job lustre_mainline completed: SUCCESS (return code = 0, log: /tmp/ktest-results/lustre_mainline.log)
put_archive(/tmp/ktest_lustre_mainline_native_kj56kl_g.tar): 5.80s
put_archive(/tmp/ktest_lustre_mainline_native_kj56kl_g.tar): 14.95s
put_archive(/tmp/ktest_lustre_mainline_native_kj56kl_g.tar): 42.15s
put_archive(/tmp/ktest_lustre_mainline_native_kj56kl_g.tar): 27.26s
put_archive(/tmp/ktest_lustre_mainline_native_kj56kl_g.tar): 26.99s
put_archive(/tmp/ktest-kernel.tar.gz): 27.85s
put_archive(/tmp/ktest-kernel.tar.gz): 27.40s
put_archive(/tmp/ktest-lustre.tar.gz): 48.64s
put_archive(/tmp/ktest_lustre_mainline_native_kj56kl_g.tar): 48.27s
put_archive(/tmp/ktest_lustre_mainline_native_kj56kl_g.tar): 48.11s
put_archive(/tmp/ktest-lustre.tar.gz): 48.60s
put_archive(/tmp/ktest_lustre_mainline_native_kj56kl_g.tar): 48.26s
put_archive(/tmp/ktest_lustre_mainline_native_kj56kl_g.tar): 42.90s
put_archive(/tmp/ktest_lustre_mainline_native_kj56kl_g.tar): 44.49s
Job mgs-setup completed: SUCCESS (return code = 0, log: /tmp/ktest-results/mgs-setup.log)
Job llmount completed: SUCCESS (return code = 0, log: /tmp/ktest-results/llmount.log)
Job cc-plugin completed: FAILED (return code = 127, log: /tmp/ktest-results/cc-plugin.log)
Job boot completed: SUCCESS (return code = 0, log: /tmp/ktest-results/boot.log)
Job clang-tidy completed: SUCCESS (return code = 0, log: /tmp/ktest-results/clang-tidy.log)
Job sanity-3 completed: SUCCESS (return code = 0, log: /tmp/ktest-results/sanity-3.log)
Job llog-unit completed: SUCCESS (return code = 0, log: /tmp/ktest-results/llog-unit.log)
Job sanity-2 completed: SUCCESS (return code = 0, log: /tmp/ktest-results/sanity-2.log)
Job sanity-4 completed: SUCCESS (return code = 0, log: /tmp/ktest-results/sanity-4.log)
Job sanity-1 completed: SUCCESS (return code = 0, log: /tmp/ktest-results/sanity-1.log)

============================================================
Final Results:
  checkpatch: FAILED (return code = 1, log: /tmp/ktest-results/checkpatch.log)
  lustre_u24: SUCCESS (return code = 0, log: /tmp/ktest-results/lustre_u24.log)
  lustre_al2023: SUCCESS (return code = 0, log: /tmp/ktest-results/lustre_al2023.log)
  lustre_mainline_strict: FAILED (return code = 1, log: /tmp/ktest-results/lustre_mainline_strict.log)
  lustre_mainline: SUCCESS (return code = 0, log: /tmp/ktest-results/lustre_mainline.log)
  lustre_mainline_native: SUCCESS (return code = 0, log: /tmp/ktest-results/lustre_mainline_native.log)
  clang-tidy: SUCCESS (return code = 0, log: /tmp/ktest-results/clang-tidy.log)
  cc-plugin: FAILED (return code = 127, log: /tmp/ktest-results/cc-plugin.log)
  boot: SUCCESS (return code = 0, log: /tmp/ktest-results/boot.log)
  llmount: SUCCESS (return code = 0, log: /tmp/ktest-results/llmount.log)
  llog-unit: SUCCESS (return code = 0, log: /tmp/ktest-results/llog-unit.log)
  mgs-setup: SUCCESS (return code = 0, log: /tmp/ktest-results/mgs-setup.log)
  sanity-1: SUCCESS (return code = 0, log: /tmp/ktest-results/sanity-1.log)
  sanity-2: SUCCESS (return code = 0, log: /tmp/ktest-results/sanity-2.log)
  sanity-3: SUCCESS (return code = 0, log: /tmp/ktest-results/sanity-3.log)
  sanity-4: SUCCESS (return code = 0, log: /tmp/ktest-results/sanity-4.log)