Creating kernel tarball at /tmp/ktest-kernel.tar.gz...
Creating lustre tarball at /tmp/ktest-lustre.tar.gz...
Executing 16 jobs with dependencies
Jobs will start as soon as their dependencies are satisfied

Starting job: lustre_mainline (ktest-out: /tmp/ktest_lustre_mainline_wkknjc58)
Starting job: checkpatch (ktest-out: /tmp/ktest_checkpatch_adnkrh4v)
Starting job: lustre_mainline_native (ktest-out: /tmp/ktest_lustre_mainline_native_0_3c458y)
Starting job: lustre_al2023 (ktest-out: /tmp/ktest_lustre_al2023_x6bsare9)
Starting job: lustre_mainline_strict (ktest-out: /tmp/ktest_lustre_mainline_strict_3wqq7bq_)
Starting job: lustre_u24 (ktest-out: /tmp/ktest_lustre_u24_qv6ztnqm)
put_archive(/tmp/ktest-kernel.tar.gz): 6.55s
put_archive(/tmp/ktest-kernel.tar.gz): 6.57s
put_archive(/tmp/ktest-kernel.tar.gz): 7.37s
put_archive(/tmp/ktest-kernel.tar.gz): 6.41s
put_archive(/tmp/ktest-kernel.tar.gz): 6.68s
put_archive(/tmp/ktest-kernel.tar.gz): 5.90s
put_archive(/tmp/ktest-lustre.tar.gz): 5.36s
put_archive(/tmp/ktest-lustre.tar.gz): 4.20s
put_archive(/tmp/ktest-lustre.tar.gz): 4.35s
put_archive(/tmp/ktest-lustre.tar.gz): 4.63s
put_archive(/tmp/ktest-lustre.tar.gz): 4.51s
put_archive(/tmp/ktest-lustre.tar.gz): 4.14s
Job checkpatch completed: FAILED (return code = 1, log: /tmp/ktest-results/checkpatch.log)
Job lustre_u24 completed: SUCCESS (return code = 0, log: /tmp/ktest-results/lustre_u24.log)
Job lustre_al2023 completed: SUCCESS (return code = 0, log: /tmp/ktest-results/lustre_al2023.log)
get_archive(ktest-out): 4.48s
Job lustre_mainline_strict completed: FAILED (return code = 1, log: /tmp/ktest-results/lustre_mainline_strict.log)
get_archive(ktest-out): 3.12s
get_archive(ktest-out): 3.17s
Job lustre_mainline completed: SUCCESS (return code = 0, log: /tmp/ktest-results/lustre_mainline.log)
Job lustre_mainline_native completed: SUCCESS (return code = 0, log: /tmp/ktest-results/lustre_mainline_native.log)
Starting job: clang-tidy (ktest-out: /tmp/ktest_lustre_mainline_native_0_3c458y)
Starting job: cc-plugin (ktest-out: /tmp/ktest_lustre_mainline_native_0_3c458y)
Starting job: boot (ktest-out: /tmp/ktest_lustre_mainline_native_0_3c458y)
Starting job: llmount (ktest-out: /tmp/ktest_lustre_mainline_native_0_3c458y)
Starting job: llog-unit (ktest-out: /tmp/ktest_lustre_mainline_native_0_3c458y)
Starting job: mgs-setup (ktest-out: /tmp/ktest_lustre_mainline_native_0_3c458y)
Starting job: sanity-1 (ktest-out: /tmp/ktest_lustre_mainline_native_0_3c458y)
Starting job: sanity-2 (ktest-out: /tmp/ktest_lustre_mainline_native_0_3c458y)
Starting job: sanity-3 (ktest-out: /tmp/ktest_lustre_mainline_native_0_3c458y)
Starting job: sanity-4 (ktest-out: /tmp/ktest_lustre_mainline_native_0_3c458y)
put_archive(/tmp/ktest_lustre_mainline_native_0_3c458y.tar): 27.79s
put_archive(/tmp/ktest_lustre_mainline_native_0_3c458y.tar): 39.27s
put_archive(/tmp/ktest_lustre_mainline_native_0_3c458y.tar): 39.37s
put_archive(/tmp/ktest_lustre_mainline_native_0_3c458y.tar): 39.20s
put_archive(/tmp/ktest-kernel.tar.gz): 40.17s
put_archive(/tmp/ktest_lustre_mainline_native_0_3c458y.tar): 39.39s
put_archive(/tmp/ktest_lustre_mainline_native_0_3c458y.tar): 39.36s
put_archive(/tmp/ktest-kernel.tar.gz): 40.33s
put_archive(/tmp/ktest_lustre_mainline_native_0_3c458y.tar): 39.77s
put_archive(/tmp/ktest_lustre_mainline_native_0_3c458y.tar): 40.58s
put_archive(/tmp/ktest-lustre.tar.gz): 73.21s
put_archive(/tmp/ktest-lustre.tar.gz): 73.69s
put_archive(/tmp/ktest_lustre_mainline_native_0_3c458y.tar): 13.97s
put_archive(/tmp/ktest_lustre_mainline_native_0_3c458y.tar): 14.30s
Job cc-plugin completed: FAILED (return code = 127, log: /tmp/ktest-results/cc-plugin.log)
Job clang-tidy completed: SUCCESS (return code = 0, log: /tmp/ktest-results/clang-tidy.log)
Job boot completed: SUCCESS (return code = 0, log: /tmp/ktest-results/boot.log)
Job mgs-setup completed: SUCCESS (return code = 0, log: /tmp/ktest-results/mgs-setup.log)
Job sanity-2 completed: SUCCESS (return code = 0, log: /tmp/ktest-results/sanity-2.log)
Job sanity-3 completed: SUCCESS (return code = 0, log: /tmp/ktest-results/sanity-3.log)
Job sanity-4 completed: SUCCESS (return code = 0, log: /tmp/ktest-results/sanity-4.log)
Job sanity-1 completed: SUCCESS (return code = 0, log: /tmp/ktest-results/sanity-1.log)
Job llmount completed: SUCCESS (return code = 0, log: /tmp/ktest-results/llmount.log)
Job llog-unit completed: SUCCESS (return code = 0, log: /tmp/ktest-results/llog-unit.log)

============================================================
Final Results:
  checkpatch: FAILED (return code = 1, log: /tmp/ktest-results/checkpatch.log)
  lustre_u24: SUCCESS (return code = 0, log: /tmp/ktest-results/lustre_u24.log)
  lustre_al2023: SUCCESS (return code = 0, log: /tmp/ktest-results/lustre_al2023.log)
  lustre_mainline_strict: FAILED (return code = 1, log: /tmp/ktest-results/lustre_mainline_strict.log)
  lustre_mainline: SUCCESS (return code = 0, log: /tmp/ktest-results/lustre_mainline.log)
  lustre_mainline_native: SUCCESS (return code = 0, log: /tmp/ktest-results/lustre_mainline_native.log)
  clang-tidy: SUCCESS (return code = 0, log: /tmp/ktest-results/clang-tidy.log)
  cc-plugin: FAILED (return code = 127, log: /tmp/ktest-results/cc-plugin.log)
  boot: SUCCESS (return code = 0, log: /tmp/ktest-results/boot.log)
  llmount: SUCCESS (return code = 0, log: /tmp/ktest-results/llmount.log)
  llog-unit: SUCCESS (return code = 0, log: /tmp/ktest-results/llog-unit.log)
  mgs-setup: SUCCESS (return code = 0, log: /tmp/ktest-results/mgs-setup.log)
  sanity-1: SUCCESS (return code = 0, log: /tmp/ktest-results/sanity-1.log)
  sanity-2: SUCCESS (return code = 0, log: /tmp/ktest-results/sanity-2.log)
  sanity-3: SUCCESS (return code = 0, log: /tmp/ktest-results/sanity-3.log)
  sanity-4: SUCCESS (return code = 0, log: /tmp/ktest-results/sanity-4.log)