Creating kernel tarball at /tmp/ktest-kernel.tar.gz...
Creating lustre tarball at /tmp/ktest-lustre.tar.gz...
Executing 16 jobs with dependencies
Jobs will start as soon as their dependencies are satisfied

Starting job: lustre_mainline (ktest-out: /tmp/ktest_lustre_mainline_mi803ap_)
Starting job: lustre_al2023 (ktest-out: /tmp/ktest_lustre_al2023_pb4xh_g7)
Starting job: lustre_u24 (ktest-out: /tmp/ktest_lustre_u24__grq97yf)
Starting job: checkpatch (ktest-out: /tmp/ktest_checkpatch_jshbvqkx)
Starting job: lustre_mainline_native (ktest-out: /tmp/ktest_lustre_mainline_native_zyt7wmkq)
Starting job: lustre_mainline_strict (ktest-out: /tmp/ktest_lustre_mainline_strict_kmhfk433)
put_archive(/tmp/ktest-kernel.tar.gz): 6.98s
put_archive(/tmp/ktest-kernel.tar.gz): 6.87s
put_archive(/tmp/ktest-kernel.tar.gz): 7.94s
put_archive(/tmp/ktest-kernel.tar.gz): 6.92s
put_archive(/tmp/ktest-kernel.tar.gz): 7.13s
put_archive(/tmp/ktest-kernel.tar.gz): 7.19s
put_archive(/tmp/ktest-lustre.tar.gz): 5.98s
put_archive(/tmp/ktest-lustre.tar.gz): 5.73s
put_archive(/tmp/ktest-lustre.tar.gz): 6.18s
put_archive(/tmp/ktest-lustre.tar.gz): 7.24s
put_archive(/tmp/ktest-lustre.tar.gz): 6.35s
put_archive(/tmp/ktest-lustre.tar.gz): 5.93s
Job checkpatch completed: FAILED (return code = 1, log: /tmp/ktest-results/checkpatch.log)
Job lustre_al2023 completed: SUCCESS (return code = 0, log: /tmp/ktest-results/lustre_al2023.log)
Job lustre_u24 completed: SUCCESS (return code = 0, log: /tmp/ktest-results/lustre_u24.log)
get_archive(ktest-out): 4.16s
Job lustre_mainline_strict completed: FAILED (return code = 1, log: /tmp/ktest-results/lustre_mainline_strict.log)
get_archive(ktest-out): 3.14s
get_archive(ktest-out): 3.21s
Job lustre_mainline completed: SUCCESS (return code = 0, log: /tmp/ktest-results/lustre_mainline.log)
Job lustre_mainline_native completed: SUCCESS (return code = 0, log: /tmp/ktest-results/lustre_mainline_native.log)
Starting job: clang-tidy (ktest-out: /tmp/ktest_lustre_mainline_native_zyt7wmkq)
Starting job: cc-plugin (ktest-out: /tmp/ktest_lustre_mainline_native_zyt7wmkq)
Starting job: boot (ktest-out: /tmp/ktest_lustre_mainline_native_zyt7wmkq)
Starting job: llmount (ktest-out: /tmp/ktest_lustre_mainline_native_zyt7wmkq)
Starting job: llog-unit (ktest-out: /tmp/ktest_lustre_mainline_native_zyt7wmkq)
Starting job: mgs-setup (ktest-out: /tmp/ktest_lustre_mainline_native_zyt7wmkq)
Starting job: sanity-1 (ktest-out: /tmp/ktest_lustre_mainline_native_zyt7wmkq)
Starting job: sanity-2 (ktest-out: /tmp/ktest_lustre_mainline_native_zyt7wmkq)
Starting job: sanity-3 (ktest-out: /tmp/ktest_lustre_mainline_native_zyt7wmkq)
Starting job: sanity-4 (ktest-out: /tmp/ktest_lustre_mainline_native_zyt7wmkq)
put_archive(/tmp/ktest_lustre_mainline_native_zyt7wmkq.tar): 3.43s
put_archive(/tmp/ktest_lustre_mainline_native_zyt7wmkq.tar): 13.26s
put_archive(/tmp/ktest_lustre_mainline_native_zyt7wmkq.tar): 34.19s
put_archive(/tmp/ktest-kernel.tar.gz): 33.88s
put_archive(/tmp/ktest_lustre_mainline_native_zyt7wmkq.tar): 34.39s
put_archive(/tmp/ktest-kernel.tar.gz): 34.54s
put_archive(/tmp/ktest_lustre_mainline_native_zyt7wmkq.tar): 34.23s
put_archive(/tmp/ktest-lustre.tar.gz): 41.21s
put_archive(/tmp/ktest-lustre.tar.gz): 41.07s
put_archive(/tmp/ktest_lustre_mainline_native_zyt7wmkq.tar): 40.61s
put_archive(/tmp/ktest_lustre_mainline_native_zyt7wmkq.tar): 40.58s
Job boot completed: SUCCESS (return code = 0, log: /tmp/ktest-results/boot.log)
put_archive(/tmp/ktest_lustre_mainline_native_zyt7wmkq.tar): 41.03s
put_archive(/tmp/ktest_lustre_mainline_native_zyt7wmkq.tar): 41.11s
put_archive(/tmp/ktest_lustre_mainline_native_zyt7wmkq.tar): 41.15s
Job cc-plugin completed: FAILED (return code = 127, log: /tmp/ktest-results/cc-plugin.log)
Job mgs-setup completed: SUCCESS (return code = 0, log: /tmp/ktest-results/mgs-setup.log)
Job sanity-1 completed: SUCCESS (return code = 0, log: /tmp/ktest-results/sanity-1.log)
Job clang-tidy completed: SUCCESS (return code = 0, log: /tmp/ktest-results/clang-tidy.log)
Job sanity-2 completed: SUCCESS (return code = 0, log: /tmp/ktest-results/sanity-2.log)
Job llog-unit completed: SUCCESS (return code = 0, log: /tmp/ktest-results/llog-unit.log)
Job sanity-4 completed: SUCCESS (return code = 0, log: /tmp/ktest-results/sanity-4.log)
Job llmount completed: SUCCESS (return code = 0, log: /tmp/ktest-results/llmount.log)
Job sanity-3 completed: SUCCESS (return code = 0, log: /tmp/ktest-results/sanity-3.log)

============================================================
Final Results:
  checkpatch: FAILED (return code = 1, log: /tmp/ktest-results/checkpatch.log)
  lustre_u24: SUCCESS (return code = 0, log: /tmp/ktest-results/lustre_u24.log)
  lustre_al2023: SUCCESS (return code = 0, log: /tmp/ktest-results/lustre_al2023.log)
  lustre_mainline_strict: FAILED (return code = 1, log: /tmp/ktest-results/lustre_mainline_strict.log)
  lustre_mainline: SUCCESS (return code = 0, log: /tmp/ktest-results/lustre_mainline.log)
  lustre_mainline_native: SUCCESS (return code = 0, log: /tmp/ktest-results/lustre_mainline_native.log)
  clang-tidy: SUCCESS (return code = 0, log: /tmp/ktest-results/clang-tidy.log)
  cc-plugin: FAILED (return code = 127, log: /tmp/ktest-results/cc-plugin.log)
  boot: SUCCESS (return code = 0, log: /tmp/ktest-results/boot.log)
  llmount: SUCCESS (return code = 0, log: /tmp/ktest-results/llmount.log)
  llog-unit: SUCCESS (return code = 0, log: /tmp/ktest-results/llog-unit.log)
  mgs-setup: SUCCESS (return code = 0, log: /tmp/ktest-results/mgs-setup.log)
  sanity-1: SUCCESS (return code = 0, log: /tmp/ktest-results/sanity-1.log)
  sanity-2: SUCCESS (return code = 0, log: /tmp/ktest-results/sanity-2.log)
  sanity-3: SUCCESS (return code = 0, log: /tmp/ktest-results/sanity-3.log)
  sanity-4: SUCCESS (return code = 0, log: /tmp/ktest-results/sanity-4.log)