Creating kernel tarball at /tmp/ktest-kernel.tar.gz...
Creating lustre tarball at /tmp/ktest-lustre.tar.gz...
Executing 16 jobs with dependencies
Jobs will start as soon as their dependencies are satisfied

Starting job: lustre_mainline (ktest-out: /tmp/ktest_lustre_mainline_kwbp_acv)
Starting job: lustre_mainline_strict (ktest-out: /tmp/ktest_lustre_mainline_strict_vz7kq804)
Starting job: lustre_u24 (ktest-out: /tmp/ktest_lustre_u24_pfqme49v)
Starting job: checkpatch (ktest-out: /tmp/ktest_checkpatch_w5mhwbw6)
Starting job: lustre_mainline_native (ktest-out: /tmp/ktest_lustre_mainline_native_rnrana38)
Starting job: lustre_al2023 (ktest-out: /tmp/ktest_lustre_al2023_7tv1pedp)
put_archive(/tmp/ktest-kernel.tar.gz): 7.15s
put_archive(/tmp/ktest-kernel.tar.gz): 6.30s
put_archive(/tmp/ktest-kernel.tar.gz): 7.83s
put_archive(/tmp/ktest-kernel.tar.gz): 7.49s
put_archive(/tmp/ktest-kernel.tar.gz): 6.53s
put_archive(/tmp/ktest-kernel.tar.gz): 7.16s
put_archive(/tmp/ktest-lustre.tar.gz): 2.03s
put_archive(/tmp/ktest-lustre.tar.gz): 1.48s
put_archive(/tmp/ktest-lustre.tar.gz): 1.63s
put_archive(/tmp/ktest-lustre.tar.gz): 1.78s
put_archive(/tmp/ktest-lustre.tar.gz): 2.52s
put_archive(/tmp/ktest-lustre.tar.gz): 1.94s
Job checkpatch completed: FAILED (return code = 1, log: /tmp/ktest-results/checkpatch.log)
Job lustre_u24 completed: FAILED (return code = 2, log: /tmp/ktest-results/lustre_u24.log)
Job lustre_al2023 completed: FAILED (return code = 2, log: /tmp/ktest-results/lustre_al2023.log)
get_archive(ktest-out): 4.97s
Job lustre_mainline_strict completed: FAILED (return code = 1, log: /tmp/ktest-results/lustre_mainline_strict.log)
get_archive(ktest-out): 5.50s
get_archive(ktest-out): 5.50s
Job lustre_mainline_native completed: FAILED (return code = 1, log: /tmp/ktest-results/lustre_mainline_native.log)
Job lustre_mainline completed: FAILED (return code = 1, log: /tmp/ktest-results/lustre_mainline.log)

============================================================
Final Results:
  checkpatch: FAILED (return code = 1, log: /tmp/ktest-results/checkpatch.log)
  lustre_u24: FAILED (return code = 2, log: /tmp/ktest-results/lustre_u24.log)
  lustre_al2023: FAILED (return code = 2, log: /tmp/ktest-results/lustre_al2023.log)
  lustre_mainline_strict: FAILED (return code = 1, log: /tmp/ktest-results/lustre_mainline_strict.log)
  lustre_mainline: FAILED (return code = 1, log: /tmp/ktest-results/lustre_mainline.log)
  lustre_mainline_native: FAILED (return code = 1, log: /tmp/ktest-results/lustre_mainline_native.log)
  clang-tidy: SKIPPED (due to dependency failure)
  cc-plugin: SKIPPED (due to dependency failure)
  boot: SKIPPED (due to dependency failure)
  llmount: SKIPPED (due to dependency failure)
  llog-unit: SKIPPED (due to dependency failure)
  mgs-setup: SKIPPED (due to dependency failure)
  sanity-1: SKIPPED (due to dependency failure)
  sanity-2: SKIPPED (due to dependency failure)
  sanity-3: SKIPPED (due to dependency failure)
  sanity-4: SKIPPED (due to dependency failure)