<html lang="en">
<body>
<pre>
Creating kernel tarball at /tmp/ktest-kernel.tar.gz...
Creating lustre tarball at /tmp/ktest-lustre.tar.gz...
Executing 16 jobs with dependencies
Jobs will start as soon as their dependencies are satisfied

Starting job: lustre_u24 (ktest-out: /tmp/ktest_lustre_u24_l5xb7r64)
Starting job: checkpatch (ktest-out: /tmp/ktest_checkpatch_rsbgpynu)
Starting job: lustre_al2023 (ktest-out: /tmp/ktest_lustre_al2023_ne_ghvj7)
Starting job: lustre_mainline_native (ktest-out: /tmp/ktest_lustre_mainline_native_y9lxy5x7)
Starting job: lustre_mainline (ktest-out: /tmp/ktest_lustre_mainline_rci75qvn)
Starting job: lustre_mainline_strict (ktest-out: /tmp/ktest_lustre_mainline_strict_6a1g2b7c)
put_archive(/tmp/ktest-kernel.tar.gz): 9.09s
put_archive(/tmp/ktest-kernel.tar.gz): 9.80s
put_archive(/tmp/ktest-kernel.tar.gz): 9.92s
put_archive(/tmp/ktest-kernel.tar.gz): 10.39s
put_archive(/tmp/ktest-kernel.tar.gz): 10.23s
put_archive(/tmp/ktest-kernel.tar.gz): 9.97s
put_archive(/tmp/ktest-lustre.tar.gz): 8.26s
put_archive(/tmp/ktest-lustre.tar.gz): 7.26s
put_archive(/tmp/ktest-lustre.tar.gz): 7.15s
put_archive(/tmp/ktest-lustre.tar.gz): 6.73s
put_archive(/tmp/ktest-lustre.tar.gz): 7.05s
put_archive(/tmp/ktest-lustre.tar.gz): 6.91s
Job checkpatch completed: FAILED (return code = 1, log: /tmp/ktest-results/checkpatch.log)
Job lustre_u24 completed: SUCCESS (return code = 0, log: /tmp/ktest-results/lustre_u24.log)
Job lustre_al2023 completed: SUCCESS (return code = 0, log: /tmp/ktest-results/lustre_al2023.log)
get_archive(ktest-out): 4.88s
Job lustre_mainline_strict completed: FAILED (return code = 1, log: /tmp/ktest-results/lustre_mainline_strict.log)
get_archive(ktest-out): 3.21s
get_archive(ktest-out): 3.22s
Job lustre_mainline completed: SUCCESS (return code = 0, log: /tmp/ktest-results/lustre_mainline.log)
Job lustre_mainline_native completed: SUCCESS (return code = 0, log: /tmp/ktest-results/lustre_mainline_native.log)
Starting job: clang-tidy (ktest-out: /tmp/ktest_lustre_mainline_native_y9lxy5x7)
Starting job: cc-plugin (ktest-out: /tmp/ktest_lustre_mainline_native_y9lxy5x7)
Starting job: boot (ktest-out: /tmp/ktest_lustre_mainline_native_y9lxy5x7)
Starting job: llmount (ktest-out: /tmp/ktest_lustre_mainline_native_y9lxy5x7)
Starting job: llog-unit (ktest-out: /tmp/ktest_lustre_mainline_native_y9lxy5x7)
Starting job: mgs-setup (ktest-out: /tmp/ktest_lustre_mainline_native_y9lxy5x7)
Starting job: sanity-1 (ktest-out: /tmp/ktest_lustre_mainline_native_y9lxy5x7)
Starting job: sanity-2 (ktest-out: /tmp/ktest_lustre_mainline_native_y9lxy5x7)
Starting job: sanity-3 (ktest-out: /tmp/ktest_lustre_mainline_native_y9lxy5x7)
Starting job: sanity-4 (ktest-out: /tmp/ktest_lustre_mainline_native_y9lxy5x7)
put_archive(/tmp/ktest_lustre_mainline_native_y9lxy5x7.tar): 11.19s
put_archive(/tmp/ktest_lustre_mainline_native_y9lxy5x7.tar): 11.08s
put_archive(/tmp/ktest-kernel.tar.gz): 16.02s
put_archive(/tmp/ktest-lustre.tar.gz): 1.44s
put_archive(/tmp/ktest_lustre_mainline_native_y9lxy5x7.tar): 42.72s
put_archive(/tmp/ktest_lustre_mainline_native_y9lxy5x7.tar): 42.27s
put_archive(/tmp/ktest_lustre_mainline_native_y9lxy5x7.tar): 42.62s
put_archive(/tmp/ktest-kernel.tar.gz): 42.47s
put_archive(/tmp/ktest_lustre_mainline_native_y9lxy5x7.tar): 42.58s
put_archive(/tmp/ktest_lustre_mainline_native_y9lxy5x7.tar): 42.61s
put_archive(/tmp/ktest_lustre_mainline_native_y9lxy5x7.tar): 42.56s
put_archive(/tmp/ktest_lustre_mainline_native_y9lxy5x7.tar): 42.88s
put_archive(/tmp/ktest-lustre.tar.gz): 1.41s
put_archive(/tmp/ktest_lustre_mainline_native_y9lxy5x7.tar): 63.97s
Job cc-plugin completed: FAILED (return code = 127, log: /tmp/ktest-results/cc-plugin.log)
Job boot completed: SUCCESS (return code = 0, log: /tmp/ktest-results/boot.log)
Job sanity-1 completed: SUCCESS (return code = 0, log: /tmp/ktest-results/sanity-1.log)
Job clang-tidy completed: SUCCESS (return code = 0, log: /tmp/ktest-results/clang-tidy.log)
Job mgs-setup completed: SUCCESS (return code = 0, log: /tmp/ktest-results/mgs-setup.log)
Job sanity-3 completed: SUCCESS (return code = 0, log: /tmp/ktest-results/sanity-3.log)
Job sanity-2 completed: SUCCESS (return code = 0, log: /tmp/ktest-results/sanity-2.log)
Job llmount completed: SUCCESS (return code = 0, log: /tmp/ktest-results/llmount.log)
Job llog-unit completed: SUCCESS (return code = 0, log: /tmp/ktest-results/llog-unit.log)
Job sanity-4 completed: SUCCESS (return code = 0, log: /tmp/ktest-results/sanity-4.log)

============================================================
Final Results:
  checkpatch: FAILED (return code = 1, log: /tmp/ktest-results/checkpatch.log)
  lustre_u24: SUCCESS (return code = 0, log: /tmp/ktest-results/lustre_u24.log)
  lustre_al2023: SUCCESS (return code = 0, log: /tmp/ktest-results/lustre_al2023.log)
  lustre_mainline_strict: FAILED (return code = 1, log: /tmp/ktest-results/lustre_mainline_strict.log)
  lustre_mainline: SUCCESS (return code = 0, log: /tmp/ktest-results/lustre_mainline.log)
  lustre_mainline_native: SUCCESS (return code = 0, log: /tmp/ktest-results/lustre_mainline_native.log)
  clang-tidy: SUCCESS (return code = 0, log: /tmp/ktest-results/clang-tidy.log)
  cc-plugin: FAILED (return code = 127, log: /tmp/ktest-results/cc-plugin.log)
  boot: SUCCESS (return code = 0, log: /tmp/ktest-results/boot.log)
  llmount: SUCCESS (return code = 0, log: /tmp/ktest-results/llmount.log)
  llog-unit: SUCCESS (return code = 0, log: /tmp/ktest-results/llog-unit.log)
  mgs-setup: SUCCESS (return code = 0, log: /tmp/ktest-results/mgs-setup.log)
  sanity-1: SUCCESS (return code = 0, log: /tmp/ktest-results/sanity-1.log)
  sanity-2: SUCCESS (return code = 0, log: /tmp/ktest-results/sanity-2.log)
  sanity-3: SUCCESS (return code = 0, log: /tmp/ktest-results/sanity-3.log)
  sanity-4: SUCCESS (return code = 0, log: /tmp/ktest-results/sanity-4.log)
</pre>
</body>
</html>
