Creating kernel tarball at /tmp/ktest-kernel.tar.gz...
Creating lustre tarball at /tmp/ktest-lustre.tar.gz...
Executing 16 jobs with dependencies
Jobs will start as soon as their dependencies are satisfied

Starting job: checkpatch (ktest-out: /tmp/ktest_checkpatch_2z6ge8n_)
Starting job: lustre_mainline (ktest-out: /tmp/ktest_lustre_mainline_wlg7m78i)
Starting job: lustre_u24 (ktest-out: /tmp/ktest_lustre_u24_1zpujf_f)
Starting job: lustre_mainline_native (ktest-out: /tmp/ktest_lustre_mainline_native_3jxxrnq_)
Starting job: lustre_mainline_strict (ktest-out: /tmp/ktest_lustre_mainline_strict_yggapwcf)
Starting job: lustre_al2023 (ktest-out: /tmp/ktest_lustre_al2023_qjfgrn3d)
put_archive(/tmp/ktest-kernel.tar.gz): 8.56s
put_archive(/tmp/ktest-kernel.tar.gz): 9.00s
put_archive(/tmp/ktest-kernel.tar.gz): 9.02s
put_archive(/tmp/ktest-kernel.tar.gz): 9.33s
put_archive(/tmp/ktest-kernel.tar.gz): 9.44s
put_archive(/tmp/ktest-kernel.tar.gz): 9.06s
put_archive(/tmp/ktest-lustre.tar.gz): 6.14s
put_archive(/tmp/ktest-lustre.tar.gz): 6.91s
put_archive(/tmp/ktest-lustre.tar.gz): 6.64s
put_archive(/tmp/ktest-lustre.tar.gz): 6.50s
put_archive(/tmp/ktest-lustre.tar.gz): 6.81s
put_archive(/tmp/ktest-lustre.tar.gz): 6.39s
Job checkpatch completed: SUCCESS (return code = 0, log: /tmp/ktest-results/checkpatch.log)
Job lustre_al2023 completed: SUCCESS (return code = 0, log: /tmp/ktest-results/lustre_al2023.log)
Job lustre_u24 completed: SUCCESS (return code = 0, log: /tmp/ktest-results/lustre_u24.log)
get_archive(ktest-out): 3.48s
Job lustre_mainline_strict completed: FAILED (return code = 1, log: /tmp/ktest-results/lustre_mainline_strict.log)
get_archive(ktest-out): 3.13s
get_archive(ktest-out): 3.24s
Job lustre_mainline_native completed: SUCCESS (return code = 0, log: /tmp/ktest-results/lustre_mainline_native.log)
Starting job: clang-tidy (ktest-out: /tmp/ktest_lustre_mainline_native_3jxxrnq_)
Starting job: cc-plugin (ktest-out: /tmp/ktest_lustre_mainline_native_3jxxrnq_)
Starting job: boot (ktest-out: /tmp/ktest_lustre_mainline_native_3jxxrnq_)
Starting job: llmount (ktest-out: /tmp/ktest_lustre_mainline_native_3jxxrnq_)
Starting job: llog-unit (ktest-out: /tmp/ktest_lustre_mainline_native_3jxxrnq_)
Starting job: mgs-setup (ktest-out: /tmp/ktest_lustre_mainline_native_3jxxrnq_)
Starting job: sanity-1 (ktest-out: /tmp/ktest_lustre_mainline_native_3jxxrnq_)
Starting job: sanity-2 (ktest-out: /tmp/ktest_lustre_mainline_native_3jxxrnq_)
Starting job: sanity-3 (ktest-out: /tmp/ktest_lustre_mainline_native_3jxxrnq_)
Starting job: sanity-4 (ktest-out: /tmp/ktest_lustre_mainline_native_3jxxrnq_)
Job lustre_mainline completed: SUCCESS (return code = 0, log: /tmp/ktest-results/lustre_mainline.log)
put_archive(/tmp/ktest_lustre_mainline_native_3jxxrnq_.tar): 8.30s
put_archive(/tmp/ktest_lustre_mainline_native_3jxxrnq_.tar): 12.30s
put_archive(/tmp/ktest_lustre_mainline_native_3jxxrnq_.tar): 11.96s
put_archive(/tmp/ktest_lustre_mainline_native_3jxxrnq_.tar): 12.45s
put_archive(/tmp/ktest_lustre_mainline_native_3jxxrnq_.tar): 98.91s
put_archive(/tmp/ktest_lustre_mainline_native_3jxxrnq_.tar): 88.03s
put_archive(/tmp/ktest_lustre_mainline_native_3jxxrnq_.tar): 99.05s
put_archive(/tmp/ktest-kernel.tar.gz): 88.51s
put_archive(/tmp/ktest_lustre_mainline_native_3jxxrnq_.tar): 87.90s
put_archive(/tmp/ktest-kernel.tar.gz): 88.00s
put_archive(/tmp/ktest-lustre.tar.gz): 29.94s
put_archive(/tmp/ktest-lustre.tar.gz): 29.81s
Job boot completed: SUCCESS (return code = 0, log: /tmp/ktest-results/boot.log)
put_archive(/tmp/ktest_lustre_mainline_native_3jxxrnq_.tar): 11.82s
put_archive(/tmp/ktest_lustre_mainline_native_3jxxrnq_.tar): 11.86s
Job mgs-setup completed: SUCCESS (return code = 0, log: /tmp/ktest-results/mgs-setup.log)
Job cc-plugin completed: FAILED (return code = 127, log: /tmp/ktest-results/cc-plugin.log)
Job clang-tidy completed: SUCCESS (return code = 0, log: /tmp/ktest-results/clang-tidy.log)
Job sanity-4 completed: SUCCESS (return code = 0, log: /tmp/ktest-results/sanity-4.log)
Job llmount completed: SUCCESS (return code = 0, log: /tmp/ktest-results/llmount.log)
Job sanity-1 completed: SUCCESS (return code = 0, log: /tmp/ktest-results/sanity-1.log)
Job sanity-3 completed: SUCCESS (return code = 0, log: /tmp/ktest-results/sanity-3.log)
Job sanity-2 completed: SUCCESS (return code = 0, log: /tmp/ktest-results/sanity-2.log)
Job llog-unit completed: SUCCESS (return code = 0, log: /tmp/ktest-results/llog-unit.log)

============================================================
Final Results:
  checkpatch: SUCCESS (return code = 0, log: /tmp/ktest-results/checkpatch.log)
  lustre_u24: SUCCESS (return code = 0, log: /tmp/ktest-results/lustre_u24.log)
  lustre_al2023: SUCCESS (return code = 0, log: /tmp/ktest-results/lustre_al2023.log)
  lustre_mainline_strict: FAILED (return code = 1, log: /tmp/ktest-results/lustre_mainline_strict.log)
  lustre_mainline: SUCCESS (return code = 0, log: /tmp/ktest-results/lustre_mainline.log)
  lustre_mainline_native: SUCCESS (return code = 0, log: /tmp/ktest-results/lustre_mainline_native.log)
  clang-tidy: SUCCESS (return code = 0, log: /tmp/ktest-results/clang-tidy.log)
  cc-plugin: FAILED (return code = 127, log: /tmp/ktest-results/cc-plugin.log)
  boot: SUCCESS (return code = 0, log: /tmp/ktest-results/boot.log)
  llmount: SUCCESS (return code = 0, log: /tmp/ktest-results/llmount.log)
  llog-unit: SUCCESS (return code = 0, log: /tmp/ktest-results/llog-unit.log)
  mgs-setup: SUCCESS (return code = 0, log: /tmp/ktest-results/mgs-setup.log)
  sanity-1: SUCCESS (return code = 0, log: /tmp/ktest-results/sanity-1.log)
  sanity-2: SUCCESS (return code = 0, log: /tmp/ktest-results/sanity-2.log)
  sanity-3: SUCCESS (return code = 0, log: /tmp/ktest-results/sanity-3.log)
  sanity-4: SUCCESS (return code = 0, log: /tmp/ktest-results/sanity-4.log)