Creating kernel tarball at /tmp/ktest-kernel.tar.gz...
Creating lustre tarball at /tmp/ktest-lustre.tar.gz...
Executing 16 jobs with dependencies
Jobs will start as soon as their dependencies are satisfied

Starting job: lustre_mainline (ktest-out: /tmp/ktest_lustre_mainline_ey9dqb82)
Starting job: lustre_mainline_native (ktest-out: /tmp/ktest_lustre_mainline_native_pb3fjukt)
Starting job: lustre_u24 (ktest-out: /tmp/ktest_lustre_u24_1ga65vd5)
Starting job: checkpatch (ktest-out: /tmp/ktest_checkpatch_974al998)
Starting job: lustre_al2023 (ktest-out: /tmp/ktest_lustre_al2023_jr6z4oq_)
Starting job: lustre_mainline_strict (ktest-out: /tmp/ktest_lustre_mainline_strict_572z5q6p)
put_archive(/tmp/ktest-kernel.tar.gz): 6.77s
put_archive(/tmp/ktest-kernel.tar.gz): 9.13s
put_archive(/tmp/ktest-kernel.tar.gz): 9.42s
put_archive(/tmp/ktest-kernel.tar.gz): 9.23s
put_archive(/tmp/ktest-kernel.tar.gz): 9.05s
put_archive(/tmp/ktest-kernel.tar.gz): 9.17s
put_archive(/tmp/ktest-lustre.tar.gz): 8.51s
put_archive(/tmp/ktest-lustre.tar.gz): 11.88s
put_archive(/tmp/ktest-lustre.tar.gz): 8.84s
put_archive(/tmp/ktest-lustre.tar.gz): 9.02s
put_archive(/tmp/ktest-lustre.tar.gz): 8.75s
put_archive(/tmp/ktest-lustre.tar.gz): 9.19s
Job checkpatch completed: SUCCESS (return code = 0, log: /tmp/ktest-results/checkpatch.log)
Job lustre_al2023 completed: SUCCESS (return code = 0, log: /tmp/ktest-results/lustre_al2023.log)
Job lustre_u24 completed: SUCCESS (return code = 0, log: /tmp/ktest-results/lustre_u24.log)
get_archive(ktest-out): 4.57s
Job lustre_mainline_strict completed: FAILED (return code = 1, log: /tmp/ktest-results/lustre_mainline_strict.log)
get_archive(ktest-out): 3.26s
get_archive(ktest-out): 3.26s
Job lustre_mainline completed: SUCCESS (return code = 0, log: /tmp/ktest-results/lustre_mainline.log)
Job lustre_mainline_native completed: SUCCESS (return code = 0, log: /tmp/ktest-results/lustre_mainline_native.log)
Starting job: clang-tidy (ktest-out: /tmp/ktest_lustre_mainline_native_pb3fjukt)
Starting job: cc-plugin (ktest-out: /tmp/ktest_lustre_mainline_native_pb3fjukt)
Starting job: boot (ktest-out: /tmp/ktest_lustre_mainline_native_pb3fjukt)
Starting job: llmount (ktest-out: /tmp/ktest_lustre_mainline_native_pb3fjukt)
Starting job: llog-unit (ktest-out: /tmp/ktest_lustre_mainline_native_pb3fjukt)
Starting job: mgs-setup (ktest-out: /tmp/ktest_lustre_mainline_native_pb3fjukt)
Starting job: sanity-1 (ktest-out: /tmp/ktest_lustre_mainline_native_pb3fjukt)
Starting job: sanity-2 (ktest-out: /tmp/ktest_lustre_mainline_native_pb3fjukt)
Starting job: sanity-3 (ktest-out: /tmp/ktest_lustre_mainline_native_pb3fjukt)
Starting job: sanity-4 (ktest-out: /tmp/ktest_lustre_mainline_native_pb3fjukt)
put_archive(/tmp/ktest_lustre_mainline_native_pb3fjukt.tar): 5.12s
put_archive(/tmp/ktest_lustre_mainline_native_pb3fjukt.tar): 17.01s
put_archive(/tmp/ktest-kernel.tar.gz): 17.38s
put_archive(/tmp/ktest-lustre.tar.gz): 29.50s
put_archive(/tmp/ktest-kernel.tar.gz): 30.07s
put_archive(/tmp/ktest_lustre_mainline_native_pb3fjukt.tar): 30.44s
put_archive(/tmp/ktest_lustre_mainline_native_pb3fjukt.tar): 30.05s
put_archive(/tmp/ktest_lustre_mainline_native_pb3fjukt.tar): 30.13s
put_archive(/tmp/ktest-lustre.tar.gz): 60.87s
put_archive(/tmp/ktest_lustre_mainline_native_pb3fjukt.tar): 60.90s
put_archive(/tmp/ktest_lustre_mainline_native_pb3fjukt.tar): 60.93s
put_archive(/tmp/ktest_lustre_mainline_native_pb3fjukt.tar): 62.10s
put_archive(/tmp/ktest_lustre_mainline_native_pb3fjukt.tar): 60.98s
put_archive(/tmp/ktest_lustre_mainline_native_pb3fjukt.tar): 19.27s
Job mgs-setup completed: SUCCESS (return code = 0, log: /tmp/ktest-results/mgs-setup.log)
Job cc-plugin completed: FAILED (return code = 127, log: /tmp/ktest-results/cc-plugin.log)
Job boot completed: SUCCESS (return code = 0, log: /tmp/ktest-results/boot.log)
Job llmount completed: SUCCESS (return code = 0, log: /tmp/ktest-results/llmount.log)
Job clang-tidy completed: SUCCESS (return code = 0, log: /tmp/ktest-results/clang-tidy.log)
Job sanity-1 completed: SUCCESS (return code = 0, log: /tmp/ktest-results/sanity-1.log)
Job llog-unit completed: SUCCESS (return code = 0, log: /tmp/ktest-results/llog-unit.log)
Job sanity-2 completed: SUCCESS (return code = 0, log: /tmp/ktest-results/sanity-2.log)
Job sanity-4 completed: SUCCESS (return code = 0, log: /tmp/ktest-results/sanity-4.log)
Job sanity-3 completed: SUCCESS (return code = 0, log: /tmp/ktest-results/sanity-3.log)

============================================================
Final Results:
  checkpatch: SUCCESS (return code = 0, log: /tmp/ktest-results/checkpatch.log)
  lustre_u24: SUCCESS (return code = 0, log: /tmp/ktest-results/lustre_u24.log)
  lustre_al2023: SUCCESS (return code = 0, log: /tmp/ktest-results/lustre_al2023.log)
  lustre_mainline_strict: FAILED (return code = 1, log: /tmp/ktest-results/lustre_mainline_strict.log)
  lustre_mainline: SUCCESS (return code = 0, log: /tmp/ktest-results/lustre_mainline.log)
  lustre_mainline_native: SUCCESS (return code = 0, log: /tmp/ktest-results/lustre_mainline_native.log)
  clang-tidy: SUCCESS (return code = 0, log: /tmp/ktest-results/clang-tidy.log)
  cc-plugin: FAILED (return code = 127, log: /tmp/ktest-results/cc-plugin.log)
  boot: SUCCESS (return code = 0, log: /tmp/ktest-results/boot.log)
  llmount: SUCCESS (return code = 0, log: /tmp/ktest-results/llmount.log)
  llog-unit: SUCCESS (return code = 0, log: /tmp/ktest-results/llog-unit.log)
  mgs-setup: SUCCESS (return code = 0, log: /tmp/ktest-results/mgs-setup.log)
  sanity-1: SUCCESS (return code = 0, log: /tmp/ktest-results/sanity-1.log)
  sanity-2: SUCCESS (return code = 0, log: /tmp/ktest-results/sanity-2.log)
  sanity-3: SUCCESS (return code = 0, log: /tmp/ktest-results/sanity-3.log)
  sanity-4: SUCCESS (return code = 0, log: /tmp/ktest-results/sanity-4.log)