Creating kernel tarball at /tmp/ktest-kernel.tar.gz...
Creating lustre tarball at /tmp/ktest-lustre.tar.gz...
Executing 16 jobs with dependencies
Jobs will start as soon as their dependencies are satisfied

Starting job: lustre_mainline_strict (ktest-out: /tmp/ktest_lustre_mainline_strict_c8w0ijax)
Starting job: lustre_mainline (ktest-out: /tmp/ktest_lustre_mainline_78ew0u6c)
Starting job: lustre_mainline_native (ktest-out: /tmp/ktest_lustre_mainline_native_htbunbl_)
Starting job: lustre_u24 (ktest-out: /tmp/ktest_lustre_u24_187guylq)
Starting job: checkpatch (ktest-out: /tmp/ktest_checkpatch_bks7u7qi)
Starting job: lustre_al2023 (ktest-out: /tmp/ktest_lustre_al2023_28yiylfk)
put_archive(/tmp/ktest-kernel.tar.gz): 9.42s
put_archive(/tmp/ktest-kernel.tar.gz): 9.12s
put_archive(/tmp/ktest-kernel.tar.gz): 9.70s
put_archive(/tmp/ktest-kernel.tar.gz): 9.72s
put_archive(/tmp/ktest-kernel.tar.gz): 10.00s
put_archive(/tmp/ktest-kernel.tar.gz): 10.47s
put_archive(/tmp/ktest-lustre.tar.gz): 5.72s
put_archive(/tmp/ktest-lustre.tar.gz): 5.47s
put_archive(/tmp/ktest-lustre.tar.gz): 5.90s
put_archive(/tmp/ktest-lustre.tar.gz): 5.65s
put_archive(/tmp/ktest-lustre.tar.gz): 5.40s
put_archive(/tmp/ktest-lustre.tar.gz): 6.56s
Job checkpatch completed: FAILED (return code = 1, log: /tmp/ktest-results/checkpatch.log)
Job lustre_al2023 completed: SUCCESS (return code = 0, log: /tmp/ktest-results/lustre_al2023.log)
Job lustre_u24 completed: SUCCESS (return code = 0, log: /tmp/ktest-results/lustre_u24.log)
get_archive(ktest-out): 4.69s
Job lustre_mainline_strict completed: FAILED (return code = 1, log: /tmp/ktest-results/lustre_mainline_strict.log)
get_archive(ktest-out): 3.21s
get_archive(ktest-out): 3.30s
Job lustre_mainline completed: SUCCESS (return code = 0, log: /tmp/ktest-results/lustre_mainline.log)
Job lustre_mainline_native completed: SUCCESS (return code = 0, log: /tmp/ktest-results/lustre_mainline_native.log)
Starting job: clang-tidy (ktest-out: /tmp/ktest_lustre_mainline_native_htbunbl_)
Starting job: cc-plugin (ktest-out: /tmp/ktest_lustre_mainline_native_htbunbl_)
Starting job: boot (ktest-out: /tmp/ktest_lustre_mainline_native_htbunbl_)
Starting job: llmount (ktest-out: /tmp/ktest_lustre_mainline_native_htbunbl_)
Starting job: llog-unit (ktest-out: /tmp/ktest_lustre_mainline_native_htbunbl_)
Starting job: mgs-setup (ktest-out: /tmp/ktest_lustre_mainline_native_htbunbl_)
Starting job: sanity-1 (ktest-out: /tmp/ktest_lustre_mainline_native_htbunbl_)
Starting job: sanity-2 (ktest-out: /tmp/ktest_lustre_mainline_native_htbunbl_)
Starting job: sanity-3 (ktest-out: /tmp/ktest_lustre_mainline_native_htbunbl_)
Starting job: sanity-4 (ktest-out: /tmp/ktest_lustre_mainline_native_htbunbl_)
put_archive(/tmp/ktest_lustre_mainline_native_htbunbl_.tar): 15.68s
put_archive(/tmp/ktest_lustre_mainline_native_htbunbl_.tar): 16.11s
put_archive(/tmp/ktest-kernel.tar.gz): 16.88s
put_archive(/tmp/ktest-lustre.tar.gz): 32.48s
put_archive(/tmp/ktest_lustre_mainline_native_htbunbl_.tar): 32.19s
put_archive(/tmp/ktest_lustre_mainline_native_htbunbl_.tar): 31.83s
put_archive(/tmp/ktest_lustre_mainline_native_htbunbl_.tar): 33.22s
put_archive(/tmp/ktest-kernel.tar.gz): 46.83s
put_archive(/tmp/ktest_lustre_mainline_native_htbunbl_.tar): 46.63s
put_archive(/tmp/ktest_lustre_mainline_native_htbunbl_.tar): 47.20s
put_archive(/tmp/ktest_lustre_mainline_native_htbunbl_.tar): 18.97s
put_archive(/tmp/ktest_lustre_mainline_native_htbunbl_.tar): 71.00s
put_archive(/tmp/ktest-lustre.tar.gz): 56.28s
put_archive(/tmp/ktest_lustre_mainline_native_htbunbl_.tar): 21.95s
Job boot completed: SUCCESS (return code = 0, log: /tmp/ktest-results/boot.log)
Job cc-plugin completed: FAILED (return code = 127, log: /tmp/ktest-results/cc-plugin.log)
Job sanity-3 completed: SUCCESS (return code = 0, log: /tmp/ktest-results/sanity-3.log)
Job clang-tidy completed: SUCCESS (return code = 0, log: /tmp/ktest-results/clang-tidy.log)
Job mgs-setup completed: SUCCESS (return code = 0, log: /tmp/ktest-results/mgs-setup.log)
Job llmount completed: SUCCESS (return code = 0, log: /tmp/ktest-results/llmount.log)
Job sanity-2 completed: SUCCESS (return code = 0, log: /tmp/ktest-results/sanity-2.log)
Job sanity-4 completed: SUCCESS (return code = 0, log: /tmp/ktest-results/sanity-4.log)
Job sanity-1 completed: SUCCESS (return code = 0, log: /tmp/ktest-results/sanity-1.log)
Job llog-unit completed: SUCCESS (return code = 0, log: /tmp/ktest-results/llog-unit.log)

============================================================
Final Results:
  checkpatch: FAILED (return code = 1, log: /tmp/ktest-results/checkpatch.log)
  lustre_u24: SUCCESS (return code = 0, log: /tmp/ktest-results/lustre_u24.log)
  lustre_al2023: SUCCESS (return code = 0, log: /tmp/ktest-results/lustre_al2023.log)
  lustre_mainline_strict: FAILED (return code = 1, log: /tmp/ktest-results/lustre_mainline_strict.log)
  lustre_mainline: SUCCESS (return code = 0, log: /tmp/ktest-results/lustre_mainline.log)
  lustre_mainline_native: SUCCESS (return code = 0, log: /tmp/ktest-results/lustre_mainline_native.log)
  clang-tidy: SUCCESS (return code = 0, log: /tmp/ktest-results/clang-tidy.log)
  cc-plugin: FAILED (return code = 127, log: /tmp/ktest-results/cc-plugin.log)
  boot: SUCCESS (return code = 0, log: /tmp/ktest-results/boot.log)
  llmount: SUCCESS (return code = 0, log: /tmp/ktest-results/llmount.log)
  llog-unit: SUCCESS (return code = 0, log: /tmp/ktest-results/llog-unit.log)
  mgs-setup: SUCCESS (return code = 0, log: /tmp/ktest-results/mgs-setup.log)
  sanity-1: SUCCESS (return code = 0, log: /tmp/ktest-results/sanity-1.log)
  sanity-2: SUCCESS (return code = 0, log: /tmp/ktest-results/sanity-2.log)
  sanity-3: SUCCESS (return code = 0, log: /tmp/ktest-results/sanity-3.log)
  sanity-4: SUCCESS (return code = 0, log: /tmp/ktest-results/sanity-4.log)