<html lang="en">
<body>
<pre>
Creating kernel tarball at /tmp/ktest-kernel.tar.gz...
Creating lustre tarball at /tmp/ktest-lustre.tar.gz...
Executing 16 jobs with dependencies
Jobs will start as soon as their dependencies are satisfied

Starting job: lustre_u24 (ktest-out: /tmp/ktest_lustre_u24_7sl5z5hr)
Starting job: lustre_mainline (ktest-out: /tmp/ktest_lustre_mainline_2gsxy2f6)
Starting job: lustre_al2023 (ktest-out: /tmp/ktest_lustre_al2023_wacmt7g3)
Starting job: checkpatch (ktest-out: /tmp/ktest_checkpatch_bcq0a413)
Starting job: lustre_mainline_strict (ktest-out: /tmp/ktest_lustre_mainline_strict_garkgu95)
Starting job: lustre_mainline_native (ktest-out: /tmp/ktest_lustre_mainline_native_hwutbvhi)
put_archive(/tmp/ktest-kernel.tar.gz): 8.24s
put_archive(/tmp/ktest-kernel.tar.gz): 9.35s
put_archive(/tmp/ktest-kernel.tar.gz): 9.32s
put_archive(/tmp/ktest-kernel.tar.gz): 9.07s
put_archive(/tmp/ktest-kernel.tar.gz): 9.64s
put_archive(/tmp/ktest-kernel.tar.gz): 9.36s
put_archive(/tmp/ktest-lustre.tar.gz): 7.72s
put_archive(/tmp/ktest-lustre.tar.gz): 6.41s
put_archive(/tmp/ktest-lustre.tar.gz): 6.57s
put_archive(/tmp/ktest-lustre.tar.gz): 6.72s
put_archive(/tmp/ktest-lustre.tar.gz): 6.34s
put_archive(/tmp/ktest-lustre.tar.gz): 6.20s
Job checkpatch completed: FAILED (return code = 1, log: /tmp/ktest-results/checkpatch.log)
Job lustre_al2023 completed: SUCCESS (return code = 0, log: /tmp/ktest-results/lustre_al2023.log)
Job lustre_u24 completed: SUCCESS (return code = 0, log: /tmp/ktest-results/lustre_u24.log)
get_archive(ktest-out): 4.87s
Job lustre_mainline_strict completed: FAILED (return code = 1, log: /tmp/ktest-results/lustre_mainline_strict.log)
get_archive(ktest-out): 3.13s
get_archive(ktest-out): 3.20s
Job lustre_mainline completed: SUCCESS (return code = 0, log: /tmp/ktest-results/lustre_mainline.log)
Job lustre_mainline_native completed: SUCCESS (return code = 0, log: /tmp/ktest-results/lustre_mainline_native.log)
Starting job: clang-tidy (ktest-out: /tmp/ktest_lustre_mainline_native_hwutbvhi)
Starting job: cc-plugin (ktest-out: /tmp/ktest_lustre_mainline_native_hwutbvhi)
Starting job: boot (ktest-out: /tmp/ktest_lustre_mainline_native_hwutbvhi)
Starting job: llmount (ktest-out: /tmp/ktest_lustre_mainline_native_hwutbvhi)
Starting job: llog-unit (ktest-out: /tmp/ktest_lustre_mainline_native_hwutbvhi)
Starting job: mgs-setup (ktest-out: /tmp/ktest_lustre_mainline_native_hwutbvhi)
Starting job: sanity-1 (ktest-out: /tmp/ktest_lustre_mainline_native_hwutbvhi)
Starting job: sanity-2 (ktest-out: /tmp/ktest_lustre_mainline_native_hwutbvhi)
Starting job: sanity-3 (ktest-out: /tmp/ktest_lustre_mainline_native_hwutbvhi)
Starting job: sanity-4 (ktest-out: /tmp/ktest_lustre_mainline_native_hwutbvhi)
put_archive(/tmp/ktest_lustre_mainline_native_hwutbvhi.tar): 1.87s
put_archive(/tmp/ktest-kernel.tar.gz): 10.98s
put_archive(/tmp/ktest-lustre.tar.gz): 5.99s
put_archive(/tmp/ktest_lustre_mainline_native_hwutbvhi.tar): 16.74s
put_archive(/tmp/ktest_lustre_mainline_native_hwutbvhi.tar): 23.36s
put_archive(/tmp/ktest_lustre_mainline_native_hwutbvhi.tar): 28.46s
put_archive(/tmp/ktest_lustre_mainline_native_hwutbvhi.tar): 42.83s
put_archive(/tmp/ktest_lustre_mainline_native_hwutbvhi.tar): 31.70s
put_archive(/tmp/ktest_lustre_mainline_native_hwutbvhi.tar): 42.94s
put_archive(/tmp/ktest-kernel.tar.gz): 52.42s
put_archive(/tmp/ktest_lustre_mainline_native_hwutbvhi.tar): 48.70s
put_archive(/tmp/ktest-lustre.tar.gz): 2.96s
put_archive(/tmp/ktest_lustre_mainline_native_hwutbvhi.tar): 36.79s
put_archive(/tmp/ktest_lustre_mainline_native_hwutbvhi.tar): 43.63s
Job cc-plugin completed: FAILED (return code = 127, log: /tmp/ktest-results/cc-plugin.log)
Job clang-tidy completed: SUCCESS (return code = 0, log: /tmp/ktest-results/clang-tidy.log)
Job llmount completed: SUCCESS (return code = 0, log: /tmp/ktest-results/llmount.log)
Job mgs-setup completed: SUCCESS (return code = 0, log: /tmp/ktest-results/mgs-setup.log)
Job sanity-3 completed: SUCCESS (return code = 0, log: /tmp/ktest-results/sanity-3.log)
Job boot completed: SUCCESS (return code = 0, log: /tmp/ktest-results/boot.log)
Job llog-unit completed: SUCCESS (return code = 0, log: /tmp/ktest-results/llog-unit.log)
Job sanity-4 completed: SUCCESS (return code = 0, log: /tmp/ktest-results/sanity-4.log)
Job sanity-2 completed: SUCCESS (return code = 0, log: /tmp/ktest-results/sanity-2.log)
Job sanity-1 completed: SUCCESS (return code = 0, log: /tmp/ktest-results/sanity-1.log)

============================================================
Final Results:
  checkpatch: FAILED (return code = 1, log: /tmp/ktest-results/checkpatch.log)
  lustre_u24: SUCCESS (return code = 0, log: /tmp/ktest-results/lustre_u24.log)
  lustre_al2023: SUCCESS (return code = 0, log: /tmp/ktest-results/lustre_al2023.log)
  lustre_mainline_strict: FAILED (return code = 1, log: /tmp/ktest-results/lustre_mainline_strict.log)
  lustre_mainline: SUCCESS (return code = 0, log: /tmp/ktest-results/lustre_mainline.log)
  lustre_mainline_native: SUCCESS (return code = 0, log: /tmp/ktest-results/lustre_mainline_native.log)
  clang-tidy: SUCCESS (return code = 0, log: /tmp/ktest-results/clang-tidy.log)
  cc-plugin: FAILED (return code = 127, log: /tmp/ktest-results/cc-plugin.log)
  boot: SUCCESS (return code = 0, log: /tmp/ktest-results/boot.log)
  llmount: SUCCESS (return code = 0, log: /tmp/ktest-results/llmount.log)
  llog-unit: SUCCESS (return code = 0, log: /tmp/ktest-results/llog-unit.log)
  mgs-setup: SUCCESS (return code = 0, log: /tmp/ktest-results/mgs-setup.log)
  sanity-1: SUCCESS (return code = 0, log: /tmp/ktest-results/sanity-1.log)
  sanity-2: SUCCESS (return code = 0, log: /tmp/ktest-results/sanity-2.log)
  sanity-3: SUCCESS (return code = 0, log: /tmp/ktest-results/sanity-3.log)
  sanity-4: SUCCESS (return code = 0, log: /tmp/ktest-results/sanity-4.log)
</pre>
</body>
</html>
