<html lang="en">
<body>
<pre>
Creating kernel tarball at /tmp/ktest-kernel.tar.gz...
Creating lustre tarball at /tmp/ktest-lustre.tar.gz...
Executing 16 jobs with dependencies
Jobs will start as soon as their dependencies are satisfied

Starting job: lustre_mainline_strict (ktest-out: /tmp/ktest_lustre_mainline_strict_dr3cj4g9)
Starting job: lustre_u24 (ktest-out: /tmp/ktest_lustre_u24_kw9r4ymk)
Starting job: checkpatch (ktest-out: /tmp/ktest_checkpatch_n42taln1)
Starting job: lustre_mainline_native (ktest-out: /tmp/ktest_lustre_mainline_native_ftp7qm_6)
Starting job: lustre_mainline (ktest-out: /tmp/ktest_lustre_mainline_0_9ru952)
Starting job: lustre_al2023 (ktest-out: /tmp/ktest_lustre_al2023_fb886ht8)
put_archive(/tmp/ktest-kernel.tar.gz): 11.50s
put_archive(/tmp/ktest-kernel.tar.gz): 12.24s
put_archive(/tmp/ktest-kernel.tar.gz): 12.26s
put_archive(/tmp/ktest-kernel.tar.gz): 12.04s
put_archive(/tmp/ktest-kernel.tar.gz): 12.13s
put_archive(/tmp/ktest-kernel.tar.gz): 12.89s
put_archive(/tmp/ktest-lustre.tar.gz): 8.39s
put_archive(/tmp/ktest-lustre.tar.gz): 7.66s
put_archive(/tmp/ktest-lustre.tar.gz): 7.83s
put_archive(/tmp/ktest-lustre.tar.gz): 7.42s
put_archive(/tmp/ktest-lustre.tar.gz): 7.57s
put_archive(/tmp/ktest-lustre.tar.gz): 7.30s
Job checkpatch completed: SUCCESS (return code = 0, log: /tmp/ktest-results/checkpatch.log)
Job lustre_al2023 completed: SUCCESS (return code = 0, log: /tmp/ktest-results/lustre_al2023.log)
Job lustre_u24 completed: SUCCESS (return code = 0, log: /tmp/ktest-results/lustre_u24.log)
get_archive(ktest-out): 4.58s
Job lustre_mainline_strict completed: FAILED (return code = 1, log: /tmp/ktest-results/lustre_mainline_strict.log)
get_archive(ktest-out): 3.08s
get_archive(ktest-out): 3.16s
Job lustre_mainline completed: SUCCESS (return code = 0, log: /tmp/ktest-results/lustre_mainline.log)
Job lustre_mainline_native completed: SUCCESS (return code = 0, log: /tmp/ktest-results/lustre_mainline_native.log)
Starting job: clang-tidy (ktest-out: /tmp/ktest_lustre_mainline_native_ftp7qm_6)
Starting job: cc-plugin (ktest-out: /tmp/ktest_lustre_mainline_native_ftp7qm_6)
Starting job: boot (ktest-out: /tmp/ktest_lustre_mainline_native_ftp7qm_6)
Starting job: llmount (ktest-out: /tmp/ktest_lustre_mainline_native_ftp7qm_6)
Starting job: llog-unit (ktest-out: /tmp/ktest_lustre_mainline_native_ftp7qm_6)
Starting job: mgs-setup (ktest-out: /tmp/ktest_lustre_mainline_native_ftp7qm_6)
Starting job: sanity-1 (ktest-out: /tmp/ktest_lustre_mainline_native_ftp7qm_6)
Starting job: sanity-2 (ktest-out: /tmp/ktest_lustre_mainline_native_ftp7qm_6)
Starting job: sanity-3 (ktest-out: /tmp/ktest_lustre_mainline_native_ftp7qm_6)
Starting job: sanity-4 (ktest-out: /tmp/ktest_lustre_mainline_native_ftp7qm_6)
put_archive(/tmp/ktest_lustre_mainline_native_ftp7qm_6.tar): 4.89s
put_archive(/tmp/ktest_lustre_mainline_native_ftp7qm_6.tar): 4.65s
put_archive(/tmp/ktest_lustre_mainline_native_ftp7qm_6.tar): 5.85s
put_archive(/tmp/ktest_lustre_mainline_native_ftp7qm_6.tar): 37.83s
put_archive(/tmp/ktest-kernel.tar.gz): 33.30s
put_archive(/tmp/ktest-lustre.tar.gz): 33.45s
put_archive(/tmp/ktest_lustre_mainline_native_ftp7qm_6.tar): 33.73s
put_archive(/tmp/ktest_lustre_mainline_native_ftp7qm_6.tar): 33.20s
put_archive(/tmp/ktest-kernel.tar.gz): 33.37s
put_archive(/tmp/ktest_lustre_mainline_native_ftp7qm_6.tar): 33.90s
put_archive(/tmp/ktest_lustre_mainline_native_ftp7qm_6.tar): 33.47s
put_archive(/tmp/ktest-lustre.tar.gz): 39.97s
put_archive(/tmp/ktest_lustre_mainline_native_ftp7qm_6.tar): 40.21s
Job boot completed: SUCCESS (return code = 0, log: /tmp/ktest-results/boot.log)
put_archive(/tmp/ktest_lustre_mainline_native_ftp7qm_6.tar): 10.07s
Job cc-plugin completed: FAILED (return code = 127, log: /tmp/ktest-results/cc-plugin.log)
Job clang-tidy completed: SUCCESS (return code = 0, log: /tmp/ktest-results/clang-tidy.log)
Job llmount completed: SUCCESS (return code = 0, log: /tmp/ktest-results/llmount.log)
Job llog-unit completed: SUCCESS (return code = 0, log: /tmp/ktest-results/llog-unit.log)
Job mgs-setup completed: SUCCESS (return code = 0, log: /tmp/ktest-results/mgs-setup.log)
Job sanity-2 completed: SUCCESS (return code = 0, log: /tmp/ktest-results/sanity-2.log)
Job sanity-3 completed: SUCCESS (return code = 0, log: /tmp/ktest-results/sanity-3.log)
Job sanity-4 completed: SUCCESS (return code = 0, log: /tmp/ktest-results/sanity-4.log)
Job sanity-1 completed: SUCCESS (return code = 0, log: /tmp/ktest-results/sanity-1.log)

============================================================
Final Results:
  checkpatch: SUCCESS (return code = 0, log: /tmp/ktest-results/checkpatch.log)
  lustre_u24: SUCCESS (return code = 0, log: /tmp/ktest-results/lustre_u24.log)
  lustre_al2023: SUCCESS (return code = 0, log: /tmp/ktest-results/lustre_al2023.log)
  lustre_mainline_strict: FAILED (return code = 1, log: /tmp/ktest-results/lustre_mainline_strict.log)
  lustre_mainline: SUCCESS (return code = 0, log: /tmp/ktest-results/lustre_mainline.log)
  lustre_mainline_native: SUCCESS (return code = 0, log: /tmp/ktest-results/lustre_mainline_native.log)
  clang-tidy: SUCCESS (return code = 0, log: /tmp/ktest-results/clang-tidy.log)
  cc-plugin: FAILED (return code = 127, log: /tmp/ktest-results/cc-plugin.log)
  boot: SUCCESS (return code = 0, log: /tmp/ktest-results/boot.log)
  llmount: SUCCESS (return code = 0, log: /tmp/ktest-results/llmount.log)
  llog-unit: SUCCESS (return code = 0, log: /tmp/ktest-results/llog-unit.log)
  mgs-setup: SUCCESS (return code = 0, log: /tmp/ktest-results/mgs-setup.log)
  sanity-1: SUCCESS (return code = 0, log: /tmp/ktest-results/sanity-1.log)
  sanity-2: SUCCESS (return code = 0, log: /tmp/ktest-results/sanity-2.log)
  sanity-3: SUCCESS (return code = 0, log: /tmp/ktest-results/sanity-3.log)
  sanity-4: SUCCESS (return code = 0, log: /tmp/ktest-results/sanity-4.log)
</pre>
</body>
</html>
