Creating kernel tarball at /tmp/ktest-kernel.tar.gz...
Creating lustre tarball at /tmp/ktest-lustre.tar.gz...
Executing 16 jobs with dependencies
Jobs will start as soon as their dependencies are satisfied

Starting job: lustre_al2023 (ktest-out: /tmp/ktest_lustre_al2023_ocnlbp_6)
Starting job: lustre_u24 (ktest-out: /tmp/ktest_lustre_u24_svak4oev)
Starting job: lustre_mainline_strict (ktest-out: /tmp/ktest_lustre_mainline_strict_g1silsk8)
Starting job: checkpatch (ktest-out: /tmp/ktest_checkpatch_rvy7e_0z)
Starting job: lustre_mainline (ktest-out: /tmp/ktest_lustre_mainline_xcvmfhnw)
Starting job: lustre_mainline_native (ktest-out: /tmp/ktest_lustre_mainline_native_hv2xbgk_)
put_archive(/tmp/ktest-kernel.tar.gz): 6.70s
put_archive(/tmp/ktest-kernel.tar.gz): 7.60s
put_archive(/tmp/ktest-kernel.tar.gz): 7.94s
put_archive(/tmp/ktest-kernel.tar.gz): 6.10s
put_archive(/tmp/ktest-kernel.tar.gz): 8.68s
put_archive(/tmp/ktest-kernel.tar.gz): 9.07s
put_archive(/tmp/ktest-lustre.tar.gz): 5.76s
put_archive(/tmp/ktest-lustre.tar.gz): 4.62s
put_archive(/tmp/ktest-lustre.tar.gz): 5.38s
put_archive(/tmp/ktest-lustre.tar.gz): 4.30s
put_archive(/tmp/ktest-lustre.tar.gz): 1.72s
put_archive(/tmp/ktest-lustre.tar.gz): 2.65s
Job checkpatch completed: SUCCESS (return code = 0, log: /tmp/ktest-results/checkpatch.log)
Job lustre_al2023 completed: SUCCESS (return code = 0, log: /tmp/ktest-results/lustre_al2023.log)
Job lustre_u24 completed: SUCCESS (return code = 0, log: /tmp/ktest-results/lustre_u24.log)
get_archive(ktest-out): 3.53s
Job lustre_mainline_strict completed: FAILED (return code = 1, log: /tmp/ktest-results/lustre_mainline_strict.log)
get_archive(ktest-out): 3.10s
get_archive(ktest-out): 3.37s
Job lustre_mainline_native completed: SUCCESS (return code = 0, log: /tmp/ktest-results/lustre_mainline_native.log)
Starting job: clang-tidy (ktest-out: /tmp/ktest_lustre_mainline_native_hv2xbgk_)
Starting job: cc-plugin (ktest-out: /tmp/ktest_lustre_mainline_native_hv2xbgk_)
Starting job: boot (ktest-out: /tmp/ktest_lustre_mainline_native_hv2xbgk_)
Starting job: llmount (ktest-out: /tmp/ktest_lustre_mainline_native_hv2xbgk_)
Starting job: llog-unit (ktest-out: /tmp/ktest_lustre_mainline_native_hv2xbgk_)
Starting job: mgs-setup (ktest-out: /tmp/ktest_lustre_mainline_native_hv2xbgk_)
Starting job: sanity-1 (ktest-out: /tmp/ktest_lustre_mainline_native_hv2xbgk_)
Starting job: sanity-2 (ktest-out: /tmp/ktest_lustre_mainline_native_hv2xbgk_)
Starting job: sanity-3 (ktest-out: /tmp/ktest_lustre_mainline_native_hv2xbgk_)
Starting job: sanity-4 (ktest-out: /tmp/ktest_lustre_mainline_native_hv2xbgk_)
Job lustre_mainline completed: SUCCESS (return code = 0, log: /tmp/ktest-results/lustre_mainline.log)
put_archive(/tmp/ktest_lustre_mainline_native_hv2xbgk_.tar): 2.85s
put_archive(/tmp/ktest_lustre_mainline_native_hv2xbgk_.tar): 2.88s
put_archive(/tmp/ktest_lustre_mainline_native_hv2xbgk_.tar): 68.60s
put_archive(/tmp/ktest_lustre_mainline_native_hv2xbgk_.tar): 68.50s
put_archive(/tmp/ktest-kernel.tar.gz): 68.43s
put_archive(/tmp/ktest_lustre_mainline_native_hv2xbgk_.tar): 69.05s
put_archive(/tmp/ktest-kernel.tar.gz): 68.57s
put_archive(/tmp/ktest_lustre_mainline_native_hv2xbgk_.tar): 68.53s
put_archive(/tmp/ktest_lustre_mainline_native_hv2xbgk_.tar): 69.12s
put_archive(/tmp/ktest_lustre_mainline_native_hv2xbgk_.tar): 69.49s
put_archive(/tmp/ktest-lustre.tar.gz): 54.99s
put_archive(/tmp/ktest-lustre.tar.gz): 66.10s
put_archive(/tmp/ktest_lustre_mainline_native_hv2xbgk_.tar): 11.31s
Job boot completed: SUCCESS (return code = 0, log: /tmp/ktest-results/boot.log)
put_archive(/tmp/ktest_lustre_mainline_native_hv2xbgk_.tar): 5.67s
Job sanity-3 completed: SUCCESS (return code = 0, log: /tmp/ktest-results/sanity-3.log)
Job cc-plugin completed: FAILED (return code = 127, log: /tmp/ktest-results/cc-plugin.log)
Job clang-tidy completed: SUCCESS (return code = 0, log: /tmp/ktest-results/clang-tidy.log)
Job mgs-setup completed: SUCCESS (return code = 0, log: /tmp/ktest-results/mgs-setup.log)
Job llmount completed: SUCCESS (return code = 0, log: /tmp/ktest-results/llmount.log)
Job sanity-2 completed: SUCCESS (return code = 0, log: /tmp/ktest-results/sanity-2.log)
Job sanity-1 completed: SUCCESS (return code = 0, log: /tmp/ktest-results/sanity-1.log)
Job llog-unit completed: SUCCESS (return code = 0, log: /tmp/ktest-results/llog-unit.log)
Job sanity-4 completed: SUCCESS (return code = 0, log: /tmp/ktest-results/sanity-4.log)

============================================================
Final Results:
  checkpatch: SUCCESS (return code = 0, log: /tmp/ktest-results/checkpatch.log)
  lustre_u24: SUCCESS (return code = 0, log: /tmp/ktest-results/lustre_u24.log)
  lustre_al2023: SUCCESS (return code = 0, log: /tmp/ktest-results/lustre_al2023.log)
  lustre_mainline_strict: FAILED (return code = 1, log: /tmp/ktest-results/lustre_mainline_strict.log)
  lustre_mainline: SUCCESS (return code = 0, log: /tmp/ktest-results/lustre_mainline.log)
  lustre_mainline_native: SUCCESS (return code = 0, log: /tmp/ktest-results/lustre_mainline_native.log)
  clang-tidy: SUCCESS (return code = 0, log: /tmp/ktest-results/clang-tidy.log)
  cc-plugin: FAILED (return code = 127, log: /tmp/ktest-results/cc-plugin.log)
  boot: SUCCESS (return code = 0, log: /tmp/ktest-results/boot.log)
  llmount: SUCCESS (return code = 0, log: /tmp/ktest-results/llmount.log)
  llog-unit: SUCCESS (return code = 0, log: /tmp/ktest-results/llog-unit.log)
  mgs-setup: SUCCESS (return code = 0, log: /tmp/ktest-results/mgs-setup.log)
  sanity-1: SUCCESS (return code = 0, log: /tmp/ktest-results/sanity-1.log)
  sanity-2: SUCCESS (return code = 0, log: /tmp/ktest-results/sanity-2.log)
  sanity-3: SUCCESS (return code = 0, log: /tmp/ktest-results/sanity-3.log)
  sanity-4: SUCCESS (return code = 0, log: /tmp/ktest-results/sanity-4.log)