Creating kernel tarball at /tmp/ktest-kernel.tar.gz...
Creating lustre tarball at /tmp/ktest-lustre.tar.gz...
Executing 16 jobs with dependencies
Jobs will start as soon as their dependencies are satisfied

Starting job: lustre_al2023 (ktest-out: /tmp/ktest_lustre_al2023_6xijl0ux)
Starting job: lustre_mainline (ktest-out: /tmp/ktest_lustre_mainline_hb_fkoyb)
Starting job: lustre_u24 (ktest-out: /tmp/ktest_lustre_u24_8gv7hghf)
Starting job: checkpatch (ktest-out: /tmp/ktest_checkpatch_cj_l22wj)
Starting job: lustre_mainline_native (ktest-out: /tmp/ktest_lustre_mainline_native_dofk__hc)
Starting job: lustre_mainline_strict (ktest-out: /tmp/ktest_lustre_mainline_strict_tnn9otj4)
put_archive(/tmp/ktest-kernel.tar.gz): 7.70s
put_archive(/tmp/ktest-kernel.tar.gz): 7.23s
put_archive(/tmp/ktest-kernel.tar.gz): 8.20s
put_archive(/tmp/ktest-kernel.tar.gz): 7.76s
put_archive(/tmp/ktest-kernel.tar.gz): 7.48s
put_archive(/tmp/ktest-kernel.tar.gz): 7.14s
put_archive(/tmp/ktest-lustre.tar.gz): 1.57s
put_archive(/tmp/ktest-lustre.tar.gz): 1.99s
put_archive(/tmp/ktest-lustre.tar.gz): 2.30s
put_archive(/tmp/ktest-lustre.tar.gz): 1.88s
put_archive(/tmp/ktest-lustre.tar.gz): 1.48s
put_archive(/tmp/ktest-lustre.tar.gz): 1.76s
Job checkpatch completed: FAILED (return code = 1, log: /tmp/ktest-results/checkpatch.log)
Job lustre_al2023 completed: SUCCESS (return code = 0, log: /tmp/ktest-results/lustre_al2023.log)
Job lustre_u24 completed: SUCCESS (return code = 0, log: /tmp/ktest-results/lustre_u24.log)
get_archive(ktest-out): 3.40s
Job lustre_mainline_strict completed: FAILED (return code = 1, log: /tmp/ktest-results/lustre_mainline_strict.log)
get_archive(ktest-out): 2.15s
Job lustre_mainline_native completed: SUCCESS (return code = 0, log: /tmp/ktest-results/lustre_mainline_native.log)
Starting job: clang-tidy (ktest-out: /tmp/ktest_lustre_mainline_native_dofk__hc)
Starting job: cc-plugin (ktest-out: /tmp/ktest_lustre_mainline_native_dofk__hc)
Starting job: boot (ktest-out: /tmp/ktest_lustre_mainline_native_dofk__hc)
Starting job: llmount (ktest-out: /tmp/ktest_lustre_mainline_native_dofk__hc)
Starting job: llog-unit (ktest-out: /tmp/ktest_lustre_mainline_native_dofk__hc)
Starting job: mgs-setup (ktest-out: /tmp/ktest_lustre_mainline_native_dofk__hc)
Starting job: sanity-1 (ktest-out: /tmp/ktest_lustre_mainline_native_dofk__hc)
Starting job: sanity-2 (ktest-out: /tmp/ktest_lustre_mainline_native_dofk__hc)
Starting job: sanity-3 (ktest-out: /tmp/ktest_lustre_mainline_native_dofk__hc)
Starting job: sanity-4 (ktest-out: /tmp/ktest_lustre_mainline_native_dofk__hc)
get_archive(ktest-out): 8.86s
Job lustre_mainline completed: SUCCESS (return code = 0, log: /tmp/ktest-results/lustre_mainline.log)
put_archive(/tmp/ktest_lustre_mainline_native_dofk__hc.tar): 6.60s
put_archive(/tmp/ktest_lustre_mainline_native_dofk__hc.tar): 21.34s
put_archive(/tmp/ktest_lustre_mainline_native_dofk__hc.tar): 21.76s
put_archive(/tmp/ktest-kernel.tar.gz): 21.68s
put_archive(/tmp/ktest-kernel.tar.gz): 21.84s
put_archive(/tmp/ktest-lustre.tar.gz): 52.47s
put_archive(/tmp/ktest-lustre.tar.gz): 52.68s
put_archive(/tmp/ktest_lustre_mainline_native_dofk__hc.tar): 51.81s
put_archive(/tmp/ktest_lustre_mainline_native_dofk__hc.tar): 51.87s
put_archive(/tmp/ktest_lustre_mainline_native_dofk__hc.tar): 52.17s
put_archive(/tmp/ktest_lustre_mainline_native_dofk__hc.tar): 51.96s
put_archive(/tmp/ktest_lustre_mainline_native_dofk__hc.tar): 52.04s
put_archive(/tmp/ktest_lustre_mainline_native_dofk__hc.tar): 64.14s
put_archive(/tmp/ktest_lustre_mainline_native_dofk__hc.tar): 64.16s
Job mgs-setup completed: SUCCESS (return code = 0, log: /tmp/ktest-results/mgs-setup.log)
Job cc-plugin completed: FAILED (return code = 127, log: /tmp/ktest-results/cc-plugin.log)
Job clang-tidy completed: SUCCESS (return code = 0, log: /tmp/ktest-results/clang-tidy.log)
Job boot completed: SUCCESS (return code = 0, log: /tmp/ktest-results/boot.log)
Job sanity-1 completed: SUCCESS (return code = 0, log: /tmp/ktest-results/sanity-1.log)
Job llog-unit completed: SUCCESS (return code = 0, log: /tmp/ktest-results/llog-unit.log)
Job sanity-4 completed: SUCCESS (return code = 0, log: /tmp/ktest-results/sanity-4.log)
Job sanity-3 completed: SUCCESS (return code = 0, log: /tmp/ktest-results/sanity-3.log)
Job sanity-2 completed: SUCCESS (return code = 0, log: /tmp/ktest-results/sanity-2.log)
Job llmount completed: SUCCESS (return code = 0, log: /tmp/ktest-results/llmount.log)

============================================================
Final Results:
  checkpatch: FAILED (return code = 1, log: /tmp/ktest-results/checkpatch.log)
  lustre_u24: SUCCESS (return code = 0, log: /tmp/ktest-results/lustre_u24.log)
  lustre_al2023: SUCCESS (return code = 0, log: /tmp/ktest-results/lustre_al2023.log)
  lustre_mainline_strict: FAILED (return code = 1, log: /tmp/ktest-results/lustre_mainline_strict.log)
  lustre_mainline: SUCCESS (return code = 0, log: /tmp/ktest-results/lustre_mainline.log)
  lustre_mainline_native: SUCCESS (return code = 0, log: /tmp/ktest-results/lustre_mainline_native.log)
  clang-tidy: SUCCESS (return code = 0, log: /tmp/ktest-results/clang-tidy.log)
  cc-plugin: FAILED (return code = 127, log: /tmp/ktest-results/cc-plugin.log)
  boot: SUCCESS (return code = 0, log: /tmp/ktest-results/boot.log)
  llmount: SUCCESS (return code = 0, log: /tmp/ktest-results/llmount.log)
  llog-unit: SUCCESS (return code = 0, log: /tmp/ktest-results/llog-unit.log)
  mgs-setup: SUCCESS (return code = 0, log: /tmp/ktest-results/mgs-setup.log)
  sanity-1: SUCCESS (return code = 0, log: /tmp/ktest-results/sanity-1.log)
  sanity-2: SUCCESS (return code = 0, log: /tmp/ktest-results/sanity-2.log)
  sanity-3: SUCCESS (return code = 0, log: /tmp/ktest-results/sanity-3.log)
  sanity-4: SUCCESS (return code = 0, log: /tmp/ktest-results/sanity-4.log)