KERNEL BUILD [boot.ktest] ... done
LUSTRE BUILD [boot.ktest] ... Error 2 at /home/ktest/ktest/lib/common.sh 100 from: ( set -e; "$@" ) > "$out" 2>&1, exiting

configure.ac:25: installing 'config/compile'
configure.ac:20: installing 'config/config.guess'
configure.ac:20: installing 'config/config.sub'
configure.ac:22: installing 'config/install-sh'
configure.ac:22: installing 'config/missing'
contrib/cc-plugins/Makefile.am: installing 'config/depcomp'
checking build system type... x86_64-pc-linux-gnu
checking host system type... x86_64-pc-linux-gnu
checking target system type... x86_64-pc-linux-gnu
checking for a BSD-compatible install... /usr/bin/install -c
checking whether build environment is sane... yes
checking for a race-free mkdir -p... /usr/bin/mkdir -p
checking for gawk... gawk
checking whether make sets $(MAKE)... yes
checking whether make supports nested variables... yes
checking how to create a pax tar archive... gnutar
checking whether to enable maintainer-specific portions of Makefiles... yes
checking whether make supports the include directive... yes (GNU style)
checking for gcc... clang-20
checking whether the C compiler works... yes
checking for C compiler default output file name... a.out
checking for suffix of executables... 
checking whether we are cross compiling... no
checking for suffix of object files... o
checking whether the compiler supports GNU C... yes
checking whether clang-20 accepts -g... yes
checking for clang-20 option to enable C11 features... none needed
checking whether clang-20 understands -c and -o together... yes
checking dependency style of clang-20... gcc3
checking whether the compiler supports GNU C++... yes
checking whether clang++-20 accepts -g... yes
checking for clang++-20 option to enable C++11 features... none needed
checking dependency style of clang++-20... gcc3
checking for stdio.h... yes
checking for stdlib.h... yes
checking for string.h... yes
checking for inttypes.h... yes
checking for stdint.h... yes
checking for strings.h... yes
checking for sys/stat.h... yes
checking for sys/types.h... yes
checking for unistd.h... yes
checking dependency style of clang-20... gcc3
checking for ranlib... ranlib
checking for ld... ld.lld-20
checking for objdump... llvm-objdump-20
checking for strip... llvm-strip-20
checking size of unsigned long long... 8
checking for -Wno-format-truncation support... yes
checking for -Wno-stringop-truncation support... no
checking for -Wno-stringop-overflow support... no
checking how to print strings... printf
checking for a sed that does not truncate output... /usr/bin/sed
checking for grep that handles long lines and -e... /usr/bin/grep
checking for egrep... /usr/bin/grep -E
checking for fgrep... /usr/bin/grep -F
checking for ld used by clang-20... ld.lld-20
checking if the linker (ld.lld-20) is GNU ld... yes
checking for BSD- or MS-compatible name lister (nm)... llvm-nm-20
checking the name lister (llvm-nm-20) interface... BSD nm
checking whether ln -s works... yes
checking the maximum length of command line arguments... 1572864
checking how to convert x86_64-pc-linux-gnu file names to x86_64-pc-linux-gnu format... func_convert_file_noop
checking how to convert x86_64-pc-linux-gnu file names to toolchain format... func_convert_file_noop
checking for ld.lld-20 option to reload object files... -r
checking for objdump... (cached) llvm-objdump-20
checking how to recognize dependent libraries... pass_all
checking for dlltool... no
checking how to associate runtime and link libraries... printf %s\n
checking for archiver @FILE support... @
checking for strip... (cached) llvm-strip-20
checking for ranlib... (cached) ranlib
checking command to parse llvm-nm-20 output from clang-20 object... ok
checking for sysroot... no
checking for a working dd... /usr/bin/dd
checking how to truncate binary pipes... /usr/bin/dd bs=4096 count=1
checking for mt... mt
checking if mt is a manifest tool... no
checking for dlfcn.h... yes
checking for objdir... .libs
checking if clang-20 supports -fno-rtti -fno-exceptions... yes
checking for clang-20 option to produce PIC... -fPIC -DPIC
checking if clang-20 PIC flag -fPIC -DPIC works... yes
checking if clang-20 static flag -static works... yes
checking if clang-20 supports -c -o file.o... yes
checking if clang-20 supports -c -o file.o... (cached) yes
checking whether the clang-20 linker (ld.lld-20 -m elf_x86_64) supports shared libraries... yes
checking dynamic linker characteristics... GNU/Linux ld.so
checking how to hardcode library paths into programs... immediate
checking whether stripping libraries is possible... yes
checking if libtool supports shared libraries... yes
checking whether to build shared libraries... no
checking whether to build static libraries... yes
checking how to run the C++ preprocessor... clang++-20 -E
checking for ld used by clang++-20... ld.lld-20 -m elf_x86_64
checking if the linker (ld.lld-20 -m elf_x86_64) is GNU ld... yes
checking whether the clang++-20 linker (ld.lld-20 -m elf_x86_64) supports shared libraries... yes
checking for clang++-20 option to produce PIC... -fPIC -DPIC
checking if clang++-20 PIC flag -fPIC -DPIC works... yes
checking if clang++-20 static flag -static works... no
checking if clang++-20 supports -c -o file.o... yes
checking if clang++-20 supports -c -o file.o... (cached) yes
checking whether the clang++-20 linker (ld.lld-20 -m elf_x86_64) supports shared libraries... yes
checking dynamic linker characteristics... (cached) GNU/Linux ld.so
checking how to hardcode library paths into programs... immediate
checking for flex... /usr/bin/flex
checking for bison... /usr/bin/bison
checking for rpmbuild... /usr/bin/rpmbuild
checking for pkg-config... /usr/bin/pkg-config
checking for pkg-config... /usr/bin/pkg-config
checking pkg-config is at least version 0.9.0... yes
configure: Lustre base checks
==============================================================================
checking whether to configure just enough for make dist... no
checking if this distro uses dpkg... yes
checking whether to use OSD addon... no
checking whether to build Lustre docs... no
checking whether to build Lustre manpages... yes
checking whether to build Lustre utilities... yes
checking whether to build Lustre tests... yes
checking for python... no
configure: WARNING: Cannot find python in your system path
checking whether to build LUTF (LNet Unit Test Framework)... no
checking whether to build Lustre client support... yes
checking whether mpitests can be built... no
checking whether to build Linux kernel modules... yes (linux-gnu)
find: '/usr/src/kernels/': No such file or directory
checking for Linux sources... /home/ktest/git/linux
checking for /home/ktest/git/linux... yes
checking for Linux objects... /tmp/ktest-out/kernel_build.x86_64
checking for /tmp/ktest-out/kernel_build.x86_64/.config... yes
checking for /boot/kernel.h... no
checking for /var/adm/running-kernel.h... no
checking for /tmp/ktest-out/kernel_build.x86_64/include/generated/autoconf.h... yes
checking for /tmp/ktest-out/kernel_build.x86_64/include/linux/version.h... no
checking for /tmp/ktest-out/kernel_build.x86_64/include/generated/uapi/linux/version.h... yes
checking for /home/ktest/git/linux/include/linux/kconfig.h... yes
checking for external module build target... M58
checking for compiler version text... yes
checking that modules can be built at all... yes
checking for Linux kernel utsrelease... 6.16.0-ktest-5f4d038082-20260219
checking for RedHat kernel release number... 
checking if Linux kernel was built with CONFIG_SUSE_KERNEL... no
checking for Ubuntu kernel signature... no
checking for Debian kernel signature... grep: /tmp/ktest-out/kernel_build.x86_64/include/generated/package.h: No such file or directory
no
checking for ELRepo -ml kernel signature on CentOS... no
checking for openEuler kernel version number... 
configure: WARNING: Kernel Distro seems to be neither RedHat, SuSE, openEuler, Ubuntu nor Debian
checking for Linux kernel module package directory... configure: WARNING: Kernel Distro seems to be neither RedHat, SuSE, openEuler, Ubuntu nor Debian

checking for the name of module symbol version file... Module.symvers
checking if Linux kernel module loading is possible... yes
checking if lbug_with_loc is in objtool global_noreturns array... no
checking ext4 source directory... /home/ktest/git/linux/fs/ext4
checking for /home/ktest/git/linux/fs/ext4/dir.c... yes
checking for /home/ktest/git/linux/fs/ext4/file.c... yes
checking for /home/ktest/git/linux/fs/ext4/inode.c... yes
checking for /home/ktest/git/linux/fs/ext4/super.c... yes
configure: WARNING: --with-ldiskfs is deprecated, please use --enable-ldiskfs
checking whether to build ldiskfs... no
checking whether to enable zfs... no
configure: LibCFS kernel checks
==============================================================================
checking whether to use tunable 'panic_dumplog' support... no
checking if Linux kernel exports '__genradix_ptr'... yes
checking if Linux kernel exports 'kallsyms_lookup_name'... no
configure: LNet kernel checks
==============================================================================
checking whether to enable tunable backoff TCP support... yes
checking if Linux kernel has tunable backoff TCP support... no
checking if external o2iblnd needs to use Compat RDMA... no
checking whether to enable EFA LND... no
checking whether to enable GNI lnd... no
configure: Lustre kernel checks
==============================================================================
checking whether to enable Lustre pinger support... yes
checking whether to enable data checksum support... yes
checking whether to enable flock by default... yes
checking whether to enable lru self-adjusting... yes
checking whether to enable gss support... no
checking for name_to_handle_at... yes
checking for copy_file_range... yes
checking whether OpenSSL has HMAC_Init_ex... no
checking whether OpenSSL has FIPS_mode... no
checking whether OpenSSL has EVP_PKEY_get_params... yes
checking whether OpenSSL has functions needed for SSK... 
checking whether openssl-devel is present... yes
checking if Linux kernel exports 'default_file_splice_read'... no
checking if Linux kernel exports 'account_page_dirtied'... no
checking if Linux kernel exports 'add_to_page_cache_locked'... no
configure: building 12 linux kernel compile tests for 'early'
configure: KBUILD_MODPOST_NOFINAL="yes" make modules CC="clang-20" -k -j32 -C /tmp/ktest-out/kernel_build.x86_64  M=/tmp/ktest-out/lustre_build.x86_64/_lpb CONFIG_CC_VERSION_TEXT='Ubuntu.clang.version.20.1.8..++20250708082409+6fb913d3e2ec-1~exp1~20250708202428.132.'
checking if 'lockdep_is_held()' uses const argument... yes
checking for linux header linux/wait_bit.h... yes
checking for linux header linux/blk-integrity.h... yes
checking for linux header linux/bio-integrity.h... yes
checking if mmap_lock API is available... yes
checking if 'lock_manager_operations.lm_grant' takes two args... no
checking if 'pagevec_lookup' takes three parameter... no
checking if IS_ENCRYPTED is defined... yes
checking if filemap_invalidate_lock() is available... yes
checking if wb_stat_mod() exists... yes
checking if struct lsm_context is available... yes
checking if grab_cache_page_write_begin() has flags argument... no
configure: building 286 linux kernel compile tests for 'lustre'
configure: KBUILD_MODPOST_NOFINAL="yes" make modules CC="clang-20" -k -j32 -C /tmp/ktest-out/kernel_build.x86_64  M=/tmp/ktest-out/lustre_build.x86_64/_lpb CONFIG_CC_VERSION_TEXT='Ubuntu.clang.version.20.1.8..++20250708082409+6fb913d3e2ec-1~exp1~20250708202428.132.'
checking if Linux kernel was built with CONFIG_MODULES... yes
checking if Linux kernel was built with CONFIG_MODVERSIONS... no
checking if function 'prepare_to_wait_event' exist... yes
checking if 'struct kernel_param_ops' exist... yes
checking if enum mapping_flags has AS_EXITING flag... yes
checking if iov_iter has member type... no
checking if 'glob_match()' exist... yes
checking if function 'wait_woken' exist... yes
checking if function 'kernel_param_unlock' exist... yes
checking if kernel strscpy is available... yes
checking if function 'topology_sibling_cpumask' exist... yes
checking if struct genl_ops has start callback... yes
checking if crypto hash helper functions exist... yes
checking if 'rhashtable_replace_fast' exists... yes
checking if kernel has fixed hash_64()... no
checking if 'get_user_pages()' takes 6 arguments... no
checking for linux header linux/stringhash.h... yes
checking if internal '__rhashtable_insert_fast()' returns int... no
checking if 'rhashtable_walk_init' has 3 args... no
checking if 'rhashtable_lookup' exist... yes
checking if 'struct rhltable' exist... yes
checking if 'get_user_pages()' takes gup_flags in arguments... no
checking if 'rhashtable_walk_enter' exists... yes
checking if libcfs supports CPU hotplug state machine... yes
checking if 'nla_put_u64_64bit()' exists... yes
checking if NR_WRITEBACK node_stat_item enum is available... yes
checking if Netlink supports netlink_ext_ack... yes
checking if 'rhashtable_lookup_get_insert_fast' exist... yes
checking for linux header linux/sched/signal.h... yes
checking if 'kref_read' exists... yes
checking if 'rht_bucket_var' exists... yes
checking if 'cpus_read_unlock' exist... yes
checking if linux wait_queue_head list_head is named head... yes
checking if struct wait_bit_queue_entry exists... yes
checking if 'wait_queue_entry_t' exists... yes
checking if DEFINE_TIMER takes only 2 arguments... yes
checking if setup_timer has been replaced with timer_setup... yes
checking if 'wait_var_event' exist... yes
checking if Linux bitmap memory management exist... yes
checking if 'clear_and_wake_up_bit' exist... yes
checking if 'tcp_sock_set_nodelay()' exists... yes
checking if 'tcp_sock_set_keepidle()' exists... yes
checking if Netlink dump handlers support ext_ack... yes
checking if iov_iter_type exists... yes
checking if totalram_pages is a function... yes
checking if get_request_key_auth() is available... yes
checking if struct kobj_type have 'default_groups' member... yes
checking if uid_keyring exists... checking for user_uid_keyring_exists... no
checking if lookup_user_key() is available... yes
checking if struct cache_detail has writers... yes
checking if struct genl_dumpit_info has family field... no
checking if struct proc_ops exists... yes
checking if 'tcp_sock_set_quickack()' exists... yes
checking if 'tcp_sock_set_keepintvl()' exists... yes
checking if 'tcp_sock_set_keepcnt()' exists... yes
checking if ip6_sock_set_addr_preferences() exists... yes
checking if ip_sock_set_tos() exists... yes
checking if __vmalloc has 2 args... yes
checking if NR_UNSTABLE_NFS still in use... no
checking if NR_UNSTABLE_NFS is defined but DEPRECATED... no
checking if kernel_setsockopt still in use... no
checking if KEY_NEED_UNLINK exists... yes
checking if security_release_secctx has 1 arg... yes
checking if 'kmap_local*' are available... yes
checking if kfree_sensitive() is available... yes
checking for linux header crypto/sha2.h... yes
checking if list_cmp_func_t type is defined... yes
checking if 'nla_strlcpy()' still exists... no
checking if 'rb_find()' is available... yes
checking if linux/fortify-string.h header available... yes
checking for linux header crypto/internal/cipher.h... yes
checking if task_is_running() is defined... yes
checking for linux header linux/stdarg.h... yes
checking for linux header linux/panic_notifier.h... yes
checking if function 'param_set_uint_minmax' exist... yes
checking if function 'pde_data' exist... yes
checking if bio_alloc() takes a struct block_device... yes
checking if timer_delete_sync() is available... yes
checking if timer_delete() is available... yes
checking if struct ctl_table argument to proc_handler() is const... yes
checking if BLK_INTEGRITY_NOVERIFY is available... yes
checking (external) if 'rdma_create_id' wants four args... (cached) unused
checking (in-kernel) if 'rdma_create_id' wants four args... (cached) unused
checking (external) if 'rdma_create_id' wants five args... (cached) unused
checking (in-kernel) if 'rdma_create_id' wants five args... (cached) unused
checking (external) if 'struct ib_cq_init_attr' is used by ib_create_cq... (cached) unused
checking (in-kernel) if 'struct ib_cq_init_attr' is used by ib_create_cq... (cached) unused
checking (external) if 'ib_alloc_fast_reg_mr' exists... (cached) unused
checking (in-kernel) if 'ib_alloc_fast_reg_mr' exists... (cached) unused
checking (external) if 'struct ib_rdma_wr' is defined... (cached) unused
checking (in-kernel) if 'struct ib_rdma_wr' is defined... (cached) unused
checking (external) if 'ib_map_mr_sg' with 4 args exists... (cached) unused
checking (in-kernel) if 'ib_map_mr_sg' with 4 args exists... (cached) unused
checking (external) if struct ib_reg_wr exists... (cached) unused
checking (in-kernel) if struct ib_reg_wr exists... (cached) unused
checking (external) if 'ib_map_mr_sg()' with 5 args exists... (cached) unused
checking (in-kernel) if 'ib_map_mr_sg()' with 5 args exists... (cached) unused
checking (external) if 'struct ib_device' has member 'attrs'... (cached) unused
checking (in-kernel) if 'struct ib_device' has member 'attrs'... (cached) unused
checking (external) if 2arg 'ib_alloc_pd' exists... (cached) unused
checking (in-kernel) if 2arg 'ib_alloc_pd' exists... (cached) unused
checking (external) if function 'ib_inc_rkey' is defined... (cached) unused
checking (in-kernel) if function 'ib_inc_rkey' is defined... (cached) unused
checking (external) if 'ib_post_send() and ib_post_recv()' have const parameters... (cached) unused
checking (in-kernel) if 'ib_post_send() and ib_post_recv()' have const parameters... (cached) unused
checking (external) if if ib_dma_map_sg() is sane... (cached) unused
checking (in-kernel) if if ib_dma_map_sg() is sane... (cached) unused
checking (external) if struct ib_device_ops is defined... (cached) unused
checking (in-kernel) if struct ib_device_ops is defined... (cached) unused
checking (external) if ib_sg_dma_address wrapper exists... (cached) unused
checking (in-kernel) if ib_sg_dma_address wrapper exists... (cached) unused
checking (external) if 4arg 'rdma_reject' exists... (cached) unused
checking (in-kernel) if 4arg 'rdma_reject' exists... (cached) unused
checking (external) if FMR pools API available... (cached) unused
checking (in-kernel) if FMR pools API available... (cached) unused
checking (external) if 'rdma_connect_locked' exists... (cached) unused
checking (in-kernel) if 'rdma_connect_locked' exists... (cached) unused
checking if 'sk_data_ready' takes only one argument... yes
checking if 'sock_create_kern' first parameter is net... yes
checking if 'sock_inuse_add()' is available... yes
checking if Linux kernel has 'sock_not_owned_by_me'... yes
checking if 'ethtool_link_settings' exists... yes
checking if hypervisor_is_type function is available... yes
checking if Oracle OFED Extensions are enabled... no
checking if 'netdev_cmd_to_name' exist... yes
checking if 'getname' has two args... yes
checking if 'in_dev_for_each_ifa_rtnl' is defined... yes
checking if ext4_bread takes 4 arguments... yes
checking if i_dquot is in ext4_inode_info... yes
checking if i_crypt_info is in ext4_inode_info... no
checking if Linux kernel was built with CONFIG_EXT4_FS_ENCRYPTION... no
checking if 'ext4_journal_ensure_credits' exists... yes
checking if ldiskfs_iget takes a flags argument... yes
checking if 'EXT4_IGET_EA_INODE' exists... yes
checking if __ldiskfs_find_entry is available... no
checking if ldiskfsfs_dirhash takes an inode argument... yes
checking if struct jbd2_journal_handle has h_total_credits member... yes
checking if jbd2_journal_get_max_txn_bufs is available... no
checking if Linux kernel enabled CONFIG_FS_ENCRYPTION as built-in or module... no
checking if Linux kernel enabled CONFIG_QUOTA as built-in or module... yes
checking if stack size is at least 8k... yes
checking if Linux kernel enabled CONFIG_FHANDLE as built-in or module... yes
checking if Linux kernel enabled CONFIG_FS_POSIX_ACL as built-in or module... yes
checking if get_projid exists... yes
checking if Linux kernel enabled CONFIG_XARRAY_MULTI as built-in or module... yes
checking if 'address_space_operations.invalidatepage' requires 3 arguments... no
checking if 'dir_context' exist... yes
checking if 'struct nsproxy' has 'pid_ns_for_children'... yes
checking if 'file_operations' has 'readdir'... no
checking if vfs_pressure_ratio() is available... yes
checking if 'truncate_pagecache' with 'old_size' parameter... no
checking if 'PTR_ERR_OR_ZERO' is missing... yes
checking if 'struct kiocb' with 'ki_left' member... no
checking if Linux kernel has 'vfs_rename' with 5 args... no
checking if Linux kernel has 'vfs_unlink' with 3 args... no
checking if 'bio_integrity_payload.bip_iter' exist... yes
checking if Linux kernel has struct bvec_iter... yes
checking if Linux kernel has truncate_inode_pages_final... yes
checking if 'inode_operations->rename' taken flags as argument... no
checking if 'inode_operations' has '.set_acl' member function... yes
checking if Linux kernel has 'vfs_rename' with 6 args... no
checking if 'DEV_PM_QOS_LATENCY' vs 'DEV_PM_QOS_RESUME_LATENCY'... no
checking if direct IO uses iov_iter... no
checking if 'iov_iter_init' takes a tag... yes
checking if 'iov_iter_truncate' exists... yes
checking if 'pagecache_get_page' exists... yes
checking if 'blk_integrity.interval' exist... no
checking if struct key_match field exist... yes
checking if percpu_counter_init uses GFP_* flag as argument... yes
checking if filldir_t uses struct dir_context... no
checking if struct kiocb has ki_nbytes field... no
checking if 'quotactl_ops.set_dqblk' takes struct qc_dqblk... yes
checking if kernel has exported aio_complete()... no
checking if kernel has is_root_inode()... yes
checking if struct address_space has backing_dev_info... no
checking if iov_iter_rw exists... yes
checking if Linux kernel has __bi_cnt in struct bio... yes
checking if 'bio_endio' with one argument exist... yes
checking if symlink inode operations have struct nameidata argument... no
checking if 'account_page_dirtied' with 3 args exists... no
checking if crypto_alloc_skcipher is defined... yes
checking if 'blk_integrity.interval_exp' exist... yes
checking if 'struct cache_head' has 'cache_list' field... yes
checking if 'struct xattr_handler' functions pass in handler pointer... no
checking if 'locks_lock_file_wait' exists... no
checking if 'struct key' has 'payload.data' as an array... yes
checking if 'struct xattr_handler' has a name member... yes
checking if Linux kernel has bi_opf in struct bio... yes
checking if submit_bio takes two arguments... no
checking if kernel has clean_bdev_aliases... yes
checking if Linux kernel has 'file_dentry'... yes
checking if 'inode_lock' is defined... yes
checking if 'iop' has 'get_link'... yes
checking if 'in_compat_syscall' is defined... yes
checking if 'struct xattr_handler' functions have inode parameter... no
checking if 'lock_page_memcg' is defined... no
checking if down_write_killable exists... yes
checking if 'd_in_lookup' is defined... yes
checking if '->direct_IO()' takes 2 arguments... yes
checking if 'generic_write_sync()' takes 2 arguments... yes
checking if 'file_operations' has 'iterate_shared'... yes
checking if 'posix_acl_valid' takes 'struct user_namespace'... yes
checking if 'full_name_hash' taken 3 arguments... yes
checking if 'struct posix_acl_xattr_{header,entry}' defined... yes
checking if 'inode_operations' has {get,set,remove}xattr members... no
checking if 'struct group_info' has member 'gid'... yes
checking if '__vfs_setxattr' helper is available... no
checking if 'posix_acl_update_mode' exists... no
checking if 'struct backing_dev_info' has 'io_pages' field... yes
checking if 'radix_tree_replace_slot' has 3 args... checking for radix_tree_replace_slot_3args... yes
checking if 'generic_readlink' still exist... no
checking if 'struct vm_fault' replaced virtual_address with address field... yes
checking if 'inode_operations' getattr member can gather advance stats... no
checking if 'struct vm_operations' removed struct vm_area_struct... yes
checking if 'key.usage' is refcount_t... yes
checking if 'CRYPTO_MAX_ALG_NAME' is 128... yes
checking for linux header linux/fsmap.h... yes
checking if 'percpu_counter_add_batch()' exists... yes
checking if CURRENT_TIME has been replaced with current_time... yes
checking if 'super_setup_bdi_name' exist... yes
checking if 'bi_status' exists... yes
checking if get_inode_usage exists... yes
checking if 'pagevec_init' takes one parameter... no
checking if 'bi_bdev' exists... yes
checking if interval_trees use rb_tree_cached... yes
checking if vm_fault_t type exists... yes
checking if VM_FAULT_RETRY is defined... yes
checking if struct address_space has i_pages... yes
checking if 'alloc_file_pseudo' is defined... yes
checking if inode timestamps are struct timespec64... no
checking if MS_RDONLY was moved to uapi/linux/mount.h... yes
checking if cache_detail->hash_lock is a spinlock... yes
checking if struct genl_family has resv_start_op member... yes
checking for linux header linux/fs_context.h... yes
checking if bvec_iter_all exists for multi-page bvec iteration... yes
checking if 'keyring_search' has 4 args... yes
checking if struct bio has bi_phys_segments member... no
checking if Linux kernel exports 'flush_delayed_fput'... yes
checking if lock_manager_operations has lm_compare_owner... no
checking if fscrypt has 'struct fscrypt_digested_name'... no
checking if fscrypt_dummy_context_enabled() exists... no
checking for linux header linux/prandom.h... yes
checking if have kthread_use_mm... yes
checking if iter_file_splice_write() exists... yes
checking if fscrypt_fname_alloc_buffer() removed inode parameter... yes
checking if 'fscrypt_set_context()' exists... yes
checking if Linux kernel exports 'fscrypt_d_revalidate'... yes
checking if struct fscrypt_name has is_nokey_name field... yes
checking if fscrypt_set_test_dummy_encryption() take 'const char' parameter... no
checking if fscrypt_free_dummy_policy() exists... yes
checking if 'struct backing_dev_info' has 'debug_stats' field... no
checking if fscrypt_is_no_key_name() exists... yes
checking if fscrypt_prepare_readdir() exists... yes
checking if set_posix_acl() has user namespace argument... no
checking if 'bio_set_dev' is available... yes
checking if 'inode_operations' members have user namespace argument... no
checking if 'inode_operations' has fileattr_get (and fileattr_set)... yes
checking if have copy_page_from_iter_atomic... no
checking if 'get_acl' has a rcu argument... no
checking if have fault_in_iov_iter_readable... yes
checking if security_dentry_init_security() returns xattr name... no
checking if 'folio_memcg_lock' is defined... no
checking if kiocb->ki_complete() has 2 arguments... yes
checking if Linux kernel exports 'folio_memcg_lock'... no
checking if Linux kernel exports 'delete_from_page_cache'... no
checking if have address_spaace_operaions->invalidate_folio() member... yes
checking if have address_spaace_operaions->dirty_folio() member... yes
checking if alloc_inode_sb() exists... yes
checking if struct address_space_operations() has read_folio()... yes
checking if read_cache_page() filler_t needs struct file... yes
checking if struct address_space_operations() has release_folio()... yes
checking if lsmcontext_init is available... no
checking if security_dentry_init_security needs lsm_context... yes
checking if filemap_get_folios() exists... checking for filemap_get_folios... yes
checking if no_llseek() is available... no
checking if dquot_transfer() has user_ns argument... no
checking if struct address_space_operations() has migrate_folio()... yes
checking if register_shrinker() returns status... no
checking if vfs_setxattr() value argument is non-const... no
checking if iov_iter_get_pages_alloc2() is available... yes
checking if user_backed_iter() is available... yes
checking if iov_iter_is_aligned() is available... yes
checking if get_random_u32() and get_random_u64() are available... yes
checking if filldir_t uses struct dir_context and returns bool... yes
checking if filemap_get_folios_contig() is available... yes
checking if inode_operations has .get_inode_acl member function... yes
checking if posix_acl_type() is available... no
checking if get_random_u32_below()is available... yes
checking if 'get_acl' and 'set_acl' use dentry argument... yes
checking if 'folio_mapcount()' is available... yes
checking if 'inode_operations' members have mnt_idmap argument... yes
checking if 'locks_lock_file_wait' exists in filelock.h... yes
checking if 'kernel_cap_t' has u64 val... yes
checking if 'folio_batch_reinit' is available... yes
checking if 'iov_iter_iovec' is available... no
checking if 'iov_iter()' is available... yes
checking if 'class_create' does not have module arg... yes
checking if enum iter_type has member 'iter_pipe'... no
checking if get_user_pages removed 'vma' parameter... yes
checking if 'struct folio_batch' is available... yes
checking if 'struct pagevec' is available... yes
checking if Linux kernel exports 'filemap_splice_read'... yes
checking if 'flush_scheduled_work()' throws warning... yes
checking if 'inode_get_ctime()' exists... yes
checking if 'mmap_write_trylock()' is available... no
checking if 'generic_fillattr()' has request_mask argument... yes
checking if 'struct group_info.usage' is refcount_t... yes
checking if 'struct nsproxy.count' is refcount_t... yes
checking if 'inode_get_mtime()' exists... yes
checking if 'shrinker_alloc()' exists... yes
checking if sruct dentry has d_children member... yes
checking if generic_error_remove_folio() exists... yes
checking if lsm_context has id... yes
checking if struct file_lock_core exists... yes
checking if 'blk_integrity.csum_type' exists... yes
checking if linux/unaligned.h header is available... yes
checking if write_begin() takes folio... yes
checking if struct file has f_version... no
checking if 'PageError()' is available... no
checking if 'folio_test_mlocked()' is available... yes
checking if 'page_mapcount_is_type()' is available... yes
checking if MODULE_IMPORT_NS() uses export symbols... no
checking if PagePrivate2() is available... no
checking if d_revalidate() takes inode, name... yes
checking if grab_cache_page_write_begin() is available... no
checking if wait_on_page_locked() is available... no
checking if hrtimer_setup() is available... yes
checking if inode_operations.mkdir() returns dentry... yes
configure: WARNING: no backends were configured
checking whether to build Lustre server support... yes
checking whether to enable Lustre client crypto... embedded-llcrypt
checking for copy_file_range... (cached) yes
checking whether OpenSSL has HMAC_Init_ex... no
checking whether OpenSSL has FIPS_mode... no
checking whether OpenSSL has EVP_PKEY_get_params... yes
checking whether OpenSSL has functions needed for SSK... 
checking whether openssl-devel is present... yes
checking whether to build l_getsepol... yes
checking if 'struct getinfo_fid2path' has anonymous union... no
checking for libaio.h... yes
checking for name_to_handle_at... (cached) yes
checking whether to enable CDEBUG, CWARN... yes
checking whether to enable ENTRY/EXIT... yes
checking whether to enable LASSERT, LASSERTF... yes
checking whether to enable quota support global control... yes
checking for sys/quota.h... yes
checking for libmount/libmount.h... yes
checking for mnt_update_set_fs in -lmount... yes
checking whether to build with libmount... yes
checking whether to build iokit... yes
checking whether to use alternate names for e2fsprogs... disabled
configure: Erasurecode core checks
==============================================================================
configure: LibCFS core checks
==============================================================================
checking for netdb.h... yes
checking for asm/types.h... yes
checking for endian.h... yes
configure: LibCFS required packages checks
==============================================================================
checking whether to enable readline support... yes
checking for readline in -lreadline... yes
checking whether to use libpthread for libcfs library... yes
checking for pthread_create in -lpthread... yes
configure: LNet core checks
==============================================================================
checking cuda source directory... Not found
checking gds source directory... Not found
configure: WARNING: CUDA or GDS sources not found. Using embedded GDS headers.
checking for libnl-genl-3.0 >= 3.1... yes
checking for nla_get_s32 in -lnl-3... yes
checking for nla_get_s64 in -lnl-3... yes
checking for netdb.h... (cached) yes
checking for strnlen... yes
checking whether to enable 'efence' debugging support... no
checking for yaml_parser_initialize in -lyaml... yes
checking if RDMA_PS_TCP exists... checking if 'enum nlmsgerr_attrs' exists... configure: Lustre core checks
==============================================================================
checking for maximum number of MDS threads... 
checking for netdb.h... (cached) yes
checking for endian.h... (cached) yes
checking for statx... yes
checking for crc32 in -lz... yes
checking for zlib.h... yes
checking for is_selinux_enabled in -lselinux... yes
checking for selinux/selinux.h... yes
checking for add_key in -lkeyutils... yes
checking whether to report minimum OST free space... no
checking whether to randomly failing memory alloc... yes
checking whether to check invariants (expensive cpu-wise)... no
checking whether to enable page state tracking... no
checking for pkg-config... (cached) /usr/bin/pkg-config
checking pkg-config is at least version 0.9.0... yes
checking systemd unit file directory... /lib/systemd/system
checking bash-completion directory... Package bash-completion was not found in the pkg-config search path.
Perhaps you should add the directory containing `bash-completion.pc'
to the PKG_CONFIG_PATH environment variable
No package 'bash-completion' found
/usr/share/bash-completion/completions
checking for release ID... 1
configure: remove temporary parallel configure dir /tmp/ktest-out/lustre_build.x86_64/_lpb
checking that generated files are newer than configure... done
configure: creating ./config.status
config.status: creating libcfs/Makefile
config.status: creating libcfs/autoMakefile
config.status: creating libcfs/libcfs/Makefile
config.status: creating libcfs/libcfs/autoMakefile
config.status: creating libcfs/libcfs/linux/Makefile
config.status: creating Makefile
config.status: creating autoMakefile
config.status: creating config/Makefile
config.status: creating Rules
config.status: creating lustre.spec
config.status: creating lustre-dkms.spec
config.status: creating ldiskfs/Makefile
config.status: creating ldiskfs/autoMakefile
config.status: creating lnet/utils/lnet.pc
config.status: creating lustre/utils/lustre.pc
config.status: creating lustre-iokit/Makefile
config.status: creating lustre-iokit/obdfilter-survey/Makefile
config.status: creating lustre-iokit/ost-survey/Makefile
config.status: creating lustre-iokit/sgpdd-survey/Makefile
config.status: creating lustre-iokit/mds-survey/Makefile
config.status: creating lustre-iokit/ior-survey/Makefile
config.status: creating lustre-iokit/stats-collect/Makefile
config.status: creating lustre-iokit/lst-survey/Makefile
config.status: creating Documentation/Makefile
config.status: creating Documentation/man1/Makefile
config.status: creating Documentation/man3/Makefile
config.status: creating Documentation/man5/Makefile
config.status: creating Documentation/man7/Makefile
config.status: creating Documentation/man8/Makefile
config.status: creating lustre/utils/erasurecode/Makefile
config.status: creating lustre/utils/erasurecode/autoMakefile
config.status: creating lustre/ec/Makefile
config.status: creating lustre/ec/autoMakefile
config.status: creating lnet/Makefile
config.status: creating lnet/autoMakefile
config.status: creating lnet/include/Makefile
config.status: creating lnet/include/lnet/Makefile
config.status: creating lnet/include/uapi/linux/lnet/Makefile
config.status: creating lnet/klnds/Makefile
config.status: creating lnet/klnds/autoMakefile
config.status: creating lnet/klnds/o2iblnd/Makefile
config.status: creating lnet/klnds/o2iblnd/autoMakefile
config.status: creating lnet/klnds/in-kernel-o2iblnd/Makefile
config.status: creating lnet/klnds/in-kernel-o2iblnd/autoMakefile
config.status: creating lnet/klnds/efalnd/Makefile
config.status: creating lnet/klnds/efalnd/autoMakefile
config.status: creating lnet/klnds/gnilnd/Makefile
config.status: creating lnet/klnds/gnilnd/autoMakefile
config.status: creating lnet/klnds/socklnd/Makefile
config.status: creating lnet/klnds/socklnd/autoMakefile
config.status: creating lnet/klnds/kfilnd/Makefile
config.status: creating lnet/klnds/kfilnd/autoMakefile
config.status: creating lnet/lnet/Makefile
config.status: creating lnet/lnet/autoMakefile
config.status: creating lnet/selftest/Makefile
config.status: creating lnet/selftest/autoMakefile
config.status: creating lnet/utils/Makefile
config.status: creating lnet/utils/lnetconfig/Makefile
config.status: creating lustre/Makefile
config.status: creating lustre/autoMakefile
config.status: creating lustre/conf/Makefile
config.status: creating lustre/conf/resource/Makefile
config.status: creating lustre/include/Makefile
config.status: creating lustre/include/lustre/Makefile
config.status: creating lustre/include/uapi/linux/lustre/Makefile
config.status: creating lustre/kernel_patches/targets/6.12-rhel10.1.target
config.status: creating lustre/kernel_patches/targets/6.12-rhel10.0.target
config.status: creating lustre/kernel_patches/targets/5.14-rhel9.7.target
config.status: creating lustre/kernel_patches/targets/5.14-rhel9.6.target
config.status: creating lustre/kernel_patches/targets/5.14-rhel9.5.target
config.status: creating lustre/kernel_patches/targets/5.14-rhel9.4.target
config.status: creating lustre/kernel_patches/targets/5.14-rhel9.3.target
config.status: creating lustre/kernel_patches/targets/5.14-rhel9.2.target
config.status: creating lustre/kernel_patches/targets/5.14-rhel9.1.target
config.status: creating lustre/kernel_patches/targets/5.14-rhel9.0.target
config.status: creating lustre/kernel_patches/targets/4.18-rhel8.10.target
config.status: creating lustre/kernel_patches/targets/4.18-rhel8.9.target
config.status: creating lustre/kernel_patches/targets/4.18-rhel8.8.target
config.status: creating lustre/kernel_patches/targets/4.18-rhel8.7.target
config.status: creating lustre/kernel_patches/targets/4.18-rhel8.6.target
config.status: creating lustre/kernel_patches/targets/4.18-rhel8.5.target
config.status: creating lustre/kernel_patches/targets/4.18-rhel8.4.target
config.status: creating lustre/kernel_patches/targets/4.18-rhel8.3.target
config.status: creating lustre/kernel_patches/targets/4.18-rhel8.2.target
config.status: creating lustre/kernel_patches/targets/4.18-rhel8.1.target
config.status: creating lustre/kernel_patches/targets/4.18-rhel8.target
config.status: creating lustre/kernel_patches/targets/3.10-rhel7.9.target
config.status: creating lustre/kernel_patches/targets/3.10-rhel7.8.target
config.status: creating lustre/kernel_patches/targets/3.10-rhel7.7.target
config.status: creating lustre/kernel_patches/targets/3.10-rhel7.6.target
config.status: creating lustre/kernel_patches/targets/3.10-rhel7.5.target
config.status: creating lustre/kernel_patches/targets/4.14-rhel7.5.target
config.status: creating lustre/kernel_patches/targets/4.14-rhel7.6.target
config.status: creating lustre/kernel_patches/targets/4.12-sles12sp4.target
config.status: creating lustre/kernel_patches/targets/4.12-sles12sp5.target
config.status: creating lustre/kernel_patches/targets/4.12-sles15sp1.target
config.status: creating lustre/kernel_patches/targets/5.3-sles15sp2.target
config.status: creating lustre/kernel_patches/targets/5.3-sles15sp3.target
config.status: creating lustre/kernel_patches/targets/5.14-sles15sp4.target
config.status: creating lustre/kernel_patches/targets/5.14-sles15sp5.target
config.status: creating lustre/kernel_patches/targets/6.4-sles15sp6.target
config.status: creating lustre/kernel_patches/targets/6.4-sles15sp7.target
config.status: creating lustre/kernel_patches/targets/3.x-fc18.target
config.status: creating lustre/kernel_patches/targets/5.10-oe2203.target
config.status: creating lustre/kernel_patches/targets/5.10-oe2203sp1.target
config.status: creating lustre/kernel_patches/targets/5.10-oe2203sp2.target
config.status: creating lustre/ldlm/Makefile
config.status: creating lustre/ldlm/autoMakefile
config.status: creating lustre/fid/Makefile
config.status: creating lustre/fid/autoMakefile
config.status: creating lustre/llite/Makefile
config.status: creating lustre/llite/autoMakefile
config.status: creating lustre/lov/Makefile
config.status: creating lustre/lov/autoMakefile
config.status: creating lustre/mdc/Makefile
config.status: creating lustre/mdc/autoMakefile
config.status: creating lustre/lmv/Makefile
config.status: creating lustre/lmv/autoMakefile
config.status: creating lustre/lfsck/Makefile
config.status: creating lustre/lfsck/autoMakefile
config.status: creating lustre/mdt/Makefile
config.status: creating lustre/mdt/autoMakefile
config.status: creating lustre/mdd/Makefile
config.status: creating lustre/mdd/autoMakefile
config.status: creating lustre/fld/Makefile
config.status: creating lustre/fld/autoMakefile
config.status: creating lustre/obdclass/Makefile
config.status: creating lustre/obdclass/autoMakefile
config.status: creating lustre/obdecho/Makefile
config.status: creating lustre/obdecho/autoMakefile
config.status: creating lustre/ofd/Makefile
config.status: creating lustre/ofd/autoMakefile
config.status: creating lustre/osc/Makefile
config.status: creating lustre/osc/autoMakefile
config.status: creating lustre/osd-ldiskfs/Makefile
config.status: creating lustre/osd-ldiskfs/autoMakefile
config.status: creating lustre/osd-zfs/Makefile
config.status: creating lustre/osd-zfs/autoMakefile
config.status: creating lustre/osd-wbcfs/Makefile
config.status: creating lustre/osd-wbcfs/autoMakefile
config.status: creating lustre/mgc/Makefile
config.status: creating lustre/mgc/autoMakefile
config.status: creating lustre/mgs/Makefile
config.status: creating lustre/mgs/autoMakefile
config.status: creating lustre/target/Makefile
config.status: creating lustre/target/autoMakefile
config.status: creating lustre/ptlrpc/Makefile
config.status: creating lustre/ptlrpc/autoMakefile
config.status: creating lustre/ptlrpc/gss/Makefile
config.status: creating lustre/ptlrpc/gss/autoMakefile
config.status: creating lustre/quota/Makefile
config.status: creating lustre/quota/autoMakefile
config.status: creating lustre/scripts/Makefile
config.status: creating lustre/scripts/systemd/Makefile
config.status: creating lustre/tests/Makefile
config.status: creating lustre/tests/mpi/Makefile
config.status: creating lustre/tests/iabf/Makefile
config.status: creating lustre/tests/lutf/Makefile
config.status: creating lustre/tests/lutf/src/Makefile
config.status: creating lustre/kunit/Makefile
config.status: creating lustre/kunit/autoMakefile
config.status: creating lustre/utils/Makefile
config.status: creating lustre/utils/gss/Makefile
config.status: creating lustre/osp/Makefile
config.status: creating lustre/osp/autoMakefile
config.status: creating lustre/lod/Makefile
config.status: creating lustre/lod/autoMakefile
config.status: creating contrib/cc-plugins/Makefile
config.status: creating lib/Makefile
config.status: creating lib/libcfs/Makefile
config.status: creating config.h
config.status: executing depfiles commands
config.status: executing libtool commands

CC:            clang-20
CFLAGS:        -Wno-error=attribute-warning -Wno-error=unused-but-set-variable -Wno-error=single-bit-bitfield-constant-conversion -Wno-error=format-security -Wno-error=cast-function-type-strict -I/tmp/ktest-out/kernel_build.x86_64//include -I/tmp/ktest-out/kernel_build.x86_64//include -I/tmp/ktest-out/kernel_build.x86_64//arch/x86/include/generated -I/tmp/ktest-out/kernel_build.x86_64//arch/x86/include/generated/uapi -I/tmp/ktest-out/kernel_build.x86_64//include/generated -I/tmp/ktest-out/kernel_build.x86_64//include/generated/uapi 
EXTRA_CFLAGS:  

EXTRA_KCFLAGS: -include /tmp/ktest-out/lustre_build.x86_64/undef.h -include /tmp/ktest-out/lustre_build.x86_64/config.h  -g -I/tmp/ktest-out/lustre_build.x86_64/libcfs/include -I/tmp/ktest-out/lustre_build.x86_64/libcfs/include/libcfs -I/tmp/ktest-out/lustre_build.x86_64/lnet/include/uapi -I/tmp/ktest-out/lustre_build.x86_64/lnet/include -I/tmp/ktest-out/lustre_build.x86_64/lustre/include/uapi -I/tmp/ktest-out/lustre_build.x86_64/lustre/include -I/tmp/ktest-out/lustre_build.x86_64/include -Wno-format-truncation

LD:            ld.lld-20 -m elf_x86_64

CXX:           clang++-20
CPPFLAGS:      -include /tmp/ktest-out/lustre_build.x86_64/undef.h -include /tmp/ktest-out/lustre_build.x86_64/config.h -I/tmp/ktest-out/lustre_build.x86_64/lnet/include/uapi -I/tmp/ktest-out/lustre_build.x86_64/lustre/include/uapi -I/tmp/ktest-out/lustre_build.x86_64/libcfs/include -I/tmp/ktest-out/lustre_build.x86_64/lnet/utils/ -I/tmp/ktest-out/lustre_build.x86_64/lustre/include -I/tmp/ktest-out/lustre_build.x86_64/include 

Type 'make' to build Lustre.
grep -v config.h.in config.h.in > undef.h
make  all-recursive
make[1]: Entering directory '/tmp/ktest-out/lustre_build.x86_64'
Making all in .
make[2]: Entering directory '/tmp/ktest-out/lustre_build.x86_64'
make DEQUOTE_CC_VERSION_TEXT=yes \
KBUILD_EXTRA_SYMBOLS="  " \
LDFLAGS= CC="clang-20" -C /tmp/ktest-out/kernel_build.x86_64 \
-f /tmp/ktest-out/lustre_build.x86_64/config/Kbuild LUSTRE_LINUX_CONFIG=/tmp/ktest-out/kernel_build.x86_64/.config \
LINUXINCLUDE='-I$(srctree)/include -I$(srctree)/arch/$(SRCARCH)/include -Iarch/$(SRCARCH)/include/generated -Iinclude $(if $(KBUILD_SRC)$(building_out_of_srctree),-Iinclude2 -I$(srctree)/include) -I$(srctree)/arch/$(SRCARCH)/include/uapi -Iarch/$(SRCARCH)/include/generated/uapi -I$(srctree)/include/uapi -Iinclude/generated/uapi -I$(srctree)/arch/$(SRCARCH)/include/generated -I$(srctree)/arch/$(SRCARCH)/include/generated/uapi -I$(srctree)/include/generated -I$(srctree)/include/generated/uapi -include /home/ktest/git/linux/include/linux/kconfig.h' \
M=/tmp/ktest-out/lustre_build.x86_64 -o tmp_include_depends -o scripts -o \
include/config/MARKER modules
make[3]: Entering directory '/tmp/ktest-out/kernel_build.x86_64'
make[4]: Entering directory '/tmp/ktest-out/lustre_build.x86_64'
  CC [M]  libcfs/libcfs/linux/linux-prim.o
  CC [M]  lustre/mgc/mgc_request.o
  CC [M]  libcfs/libcfs/debug.o
  CC [M]  lustre/mgc/lproc_mgc.o
  CC [M]  lustre/kunit/ec_test.o
  CC [M]  lustre/osc/osc_request.o
  CC [M]  lustre/osd-wbcfs/osd_handler.o
  CC [M]  lustre/ec/ec_kmod.o
  CC [M]  lustre/lov/lov_dev.o
  CC [M]  lustre/lmv/lmv_obd.o
  CC [M]  lustre/obdclass/llog.o
  CC [M]  lnet/selftest/console.o
  CC [M]  lustre/mdc/mdc_request.o
  CC [M]  lnet/klnds/socklnd/socklnd.o
  CC [M]  lustre/fld/fld_request.o
  CC [M]  lnet/lnet/api-ni.o
  CC [M]  lustre/ptlrpc/client.o
  CC [M]  lustre/lmv/lmv_intent.o
  CC [M]  lustre/mdt/mdt_handler.o
  CC [M]  lustre/fid/fid_request.o
  CC [M]  lustre/obdecho/echo_client.o
  CC [M]  lustre/ofd/ofd_dev.o
  CC [M]  lustre/quota/lproc_quota.o
  CC [M]  lustre/lod/lod_dev.o
  CC [M]  lustre/lov/lov_ea.o
  CC [M]  lustre/mdd/mdd_acl.o
  CC [M]  lustre/osp/osp_dev.o
  CC [M]  lustre/lfsck/lfsck_lib.o
  CC [M]  lustre/mgs/mgs_handler.o
  CC [M]  lustre/llite/dcache.o
  CC [M]  lustre/llite/dir.o
  CC [M]  lustre/llite/file.o
  CC [M]  lustre/llite/llite_lib.o
  CC [M]  lustre/ec/ec_base.o
  CC [M]  lnet/klnds/socklnd/socklnd_cb.o
  CC [M]  lnet/selftest/conrpc.o
  CC [M]  lnet/lnet/config.o
  CC [M]  lustre/kunit/kinode.o
  CC [M]  lustre/ec/ec_base_aliases.o
  CC [M]  lnet/selftest/conctl.o
  CC [M]  lnet/klnds/socklnd/socklnd_lib.o
  CC [M]  lnet/lnet/nidstrings.o
  CC [M]  lustre/kunit/obd_test.o
  CC [M]  lnet/selftest/framework.o
  LD [M]  lustre/ec/ec.o
  CC [M]  lnet/klnds/socklnd/socklnd_modparams.o
  CC [M]  lnet/lnet/lnet_rdma.o
  CC [M]  lnet/selftest/timer.o
  CC [M]  lnet/klnds/socklnd/socklnd_proto.o
  CC [M]  lustre/kunit/obd_mod_rpcs_test.o
  CC [M]  lnet/lnet/lock.o
  CC [M]  lnet/selftest/rpc.o
  LD [M]  lnet/klnds/socklnd/ksocklnd.o
  CC [M]  lnet/lnet/lib-me.o
  CC [M]  lnet/selftest/module.o
  CC [M]  lnet/lnet/lib-msg.o
  CC [M]  lnet/selftest/ping_test.o
  CC [M]  lnet/lnet/lib-md.o
  CC [M]  lustre/ptlrpc/recover.o
  CC [M]  lnet/selftest/brw_test.o
In file included from libcfs/libcfs/linux/linux-prim.c:31:
/tmp/ktest-out/lustre_build.x86_64/lustre/include/lustre_compat.h:651:25: error: no member named 'index' in 'struct page'
  651 |                 loff_t lstart = page->index << PAGE_SHIFT;
      |                                 ~~~~  ^
1 error generated.
make[8]: *** [/home/ktest/git/linux/scripts/Makefile.build:287: libcfs/libcfs/linux/linux-prim.o] Error 1
make[7]: *** [/home/ktest/git/linux/scripts/Makefile.build:555: libcfs/libcfs] Error 2
make[6]: *** [/home/ktest/git/linux/scripts/Makefile.build:555: libcfs] Error 2
make[6]: *** Waiting for unfinished jobs....
  CC [M]  lnet/lnet/lib-ptl.o
  CC [M]  lnet/lnet/lib-socket.o
  LD [M]  lnet/selftest/lnet_selftest.o
  CC [M]  lustre/ptlrpc/connection.o
  CC [M]  lnet/lnet/lib-move.o
In file included from lustre/mgc/lproc_mgc.c:18:
In file included from /tmp/ktest-out/lustre_build.x86_64/lustre/include/obd_class.h:23:
In file included from /tmp/ktest-out/lustre_build.x86_64/lustre/include/obd.h:31:
In file included from /tmp/ktest-out/lustre_build.x86_64/lustre/include/lvfs.h:24:
/tmp/ktest-out/lustre_build.x86_64/lustre/include/lustre_compat.h:651:25: error: no member named 'index' in 'struct page'
  651 |                 loff_t lstart = page->index << PAGE_SHIFT;
      |                                 ~~~~  ^
1 error generated.
make[8]: *** [/home/ktest/git/linux/scripts/Makefile.build:287: lustre/mgc/lproc_mgc.o] Error 1
make[8]: *** Waiting for unfinished jobs....
  CC [M]  lustre/lov/lov_io.o
In file included from lustre/lov/lov_dev.c:21:
In file included from /tmp/ktest-out/lustre_build.x86_64/lustre/include/obd_class.h:23:
In file included from /tmp/ktest-out/lustre_build.x86_64/lustre/include/obd.h:31:
In file included from /tmp/ktest-out/lustre_build.x86_64/lustre/include/lvfs.h:24:
/tmp/ktest-out/lustre_build.x86_64/lustre/include/lustre_compat.h:651:25: error: no member named 'index' in 'struct page'
  651 |                 loff_t lstart = page->index << PAGE_SHIFT;
      |                                 ~~~~  ^
In file included from lustre/lov/lov_dev.c:23:
In file included from lustre/lov/lov_cl_internal.h:23:
/tmp/ktest-out/lustre_build.x86_64/lustre/include/cl_object.h:975:29: error: no member named 'index' in 'struct page'
  975 |         return cl_page_vmpage(cp)->index;
      |                ~~~~~~~~~~~~~~~~~~  ^
2 errors generated.
make[8]: *** [/home/ktest/git/linux/scripts/Makefile.build:287: lustre/lov/lov_dev.o] Error 1
make[8]: *** Waiting for unfinished jobs....
In file included from lustre/quota/lproc_quota.c:17:
In file included from /tmp/ktest-out/lustre_build.x86_64/lustre/include/obd.h:31:
In file included from /tmp/ktest-out/lustre_build.x86_64/lustre/include/lvfs.h:24:
/tmp/ktest-out/lustre_build.x86_64/lustre/include/lustre_compat.h:651:25: error: no member named 'index' in 'struct page'
  651 |                 loff_t lstart = page->index << PAGE_SHIFT;
      |                                 ~~~~  ^
1 error generated.
In file included from lustre/osd-wbcfs/osd_handler.c:13:
In file included from /tmp/ktest-out/lustre_build.x86_64/lustre/include/obd_class.h:23:
In file included from /tmp/ktest-out/lustre_build.x86_64/lustre/include/obd.h:31:
In file included from /tmp/ktest-out/lustre_build.x86_64/lustre/include/lvfs.h:24:
/tmp/ktest-out/lustre_build.x86_64/lustre/include/lustre_compat.h:651:25: error: no member named 'index' in 'struct page'
  651 |                 loff_t lstart = page->index << PAGE_SHIFT;
      |                                 ~~~~  ^
1 error generated.
In file included from lustre/osp/osp_dev.c:57:
In file included from /tmp/ktest-out/lustre_build.x86_64/lustre/include/lustre_log.h:34:
In file included from /tmp/ktest-out/lustre_build.x86_64/lustre/include/obd_class.h:23:
In file included from /tmp/ktest-out/lustre_build.x86_64/lustre/include/obd.h:31:
In file included from /tmp/ktest-out/lustre_build.x86_64/lustre/include/lvfs.h:24:
/tmp/ktest-out/lustre_build.x86_64/lustre/include/lustre_compat.h:651:25: error: no member named 'index' in 'struct page'
  651 |                 loff_t lstart = page->index << PAGE_SHIFT;
      |                                 ~~~~  ^
1 error generated.
make[8]: *** [/home/ktest/git/linux/scripts/Makefile.build:287: lustre/quota/lproc_quota.o] Error 1
In file included from lustre/obdclass/llog.c:29:
In file included from /tmp/ktest-out/lustre_build.x86_64/lustre/include/lustre_log.h:34:
In file included from /tmp/ktest-out/lustre_build.x86_64/lustre/include/obd_class.h:23:
In file included from /tmp/ktest-out/lustre_build.x86_64/lustre/include/obd.h:31:
In file included from /tmp/ktest-out/lustre_build.x86_64/lustre/include/lvfs.h:24:
/tmp/ktest-out/lustre_build.x86_64/lustre/include/lustre_compat.h:651:25: error: no member named 'index' in 'struct page'
  651 |                 loff_t lstart = page->index << PAGE_SHIFT;
      |                                 ~~~~  ^
1 error generated.
make[7]: *** [/home/ktest/git/linux/scripts/Makefile.build:555: lustre/quota] Error 2
make[7]: *** Waiting for unfinished jobs....
In file included from lustre/fld/fld_request.c:24:
In file included from /tmp/ktest-out/lustre_build.x86_64/lustre/include/obd.h:31:
In file included from /tmp/ktest-out/lustre_build.x86_64/lustre/include/lvfs.h:24:
/tmp/ktest-out/lustre_build.x86_64/lustre/include/lustre_compat.h:651:25: error: no member named 'index' in 'struct page'
  651 |                 loff_t lstart = page->index << PAGE_SHIFT;
      |                                 ~~~~  ^
1 error generated.
make[8]: *** [/home/ktest/git/linux/scripts/Makefile.build:287: lustre/obdclass/llog.o] Error 1
make[8]: *** [/home/ktest/git/linux/scripts/Makefile.build:287: lustre/osd-wbcfs/osd_handler.o] Error 1
make[8]: *** [/home/ktest/git/linux/scripts/Makefile.build:287: lustre/osp/osp_dev.o] Error 1
In file included from lustre/mgc/mgc_request.c:25:
In file included from /tmp/ktest-out/lustre_build.x86_64/lustre/include/lustre_log.h:34:
In file included from /tmp/ktest-out/lustre_build.x86_64/lustre/include/obd_class.h:23:
In file included from /tmp/ktest-out/lustre_build.x86_64/lustre/include/obd.h:31:
In file included from /tmp/ktest-out/lustre_build.x86_64/lustre/include/lvfs.h:24:
/tmp/ktest-out/lustre_build.x86_64/lustre/include/lustre_compat.h:651:25: error: no member named 'index' in 'struct page'
  651 |                 loff_t lstart = page->index << PAGE_SHIFT;
      |                                 ~~~~  ^
1 error generated.
make[7]: *** [/home/ktest/git/linux/scripts/Makefile.build:555: lustre/obdclass] Error 2
make[7]: *** [/home/ktest/git/linux/scripts/Makefile.build:555: lustre/osp] Error 2
make[7]: *** [/home/ktest/git/linux/scripts/Makefile.build:555: lustre/osd-wbcfs] Error 2
make[8]: *** [/home/ktest/git/linux/scripts/Makefile.build:287: lustre/fld/fld_request.o] Error 1
make[7]: *** [/home/ktest/git/linux/scripts/Makefile.build:555: lustre/fld] Error 2
make[8]: *** [/home/ktest/git/linux/scripts/Makefile.build:287: lustre/mgc/mgc_request.o] Error 1
In file included from lustre/lov/lov_ea.c:21:
In file included from /tmp/ktest-out/lustre_build.x86_64/lustre/include/obd_class.h:23:
In file included from /tmp/ktest-out/lustre_build.x86_64/lustre/include/obd.h:31:
In file included from /tmp/ktest-out/lustre_build.x86_64/lustre/include/lvfs.h:24:
/tmp/ktest-out/lustre_build.x86_64/lustre/include/lustre_compat.h:651:25: error: no member named 'index' in 'struct page'
  651 |                 loff_t lstart = page->index << PAGE_SHIFT;
      |                                 ~~~~  ^
1 error generated.
  CC [M]  lustre/lod/lod_lov.o
make[7]: *** [/home/ktest/git/linux/scripts/Makefile.build:555: lustre/mgc] Error 2
make[8]: *** [/home/ktest/git/linux/scripts/Makefile.build:287: lustre/lov/lov_ea.o] Error 1
  CC [M]  lustre/lod/lproc_lod.o
  CC [M]  lnet/lnet/lo.o
  CC [M]  lnet/lnet/module.o
  CC [M]  lustre/ptlrpc/pack_generic.o
In file included from lustre/ofd/ofd_dev.c:51:
In file included from /tmp/ktest-out/lustre_build.x86_64/lustre/include/obd_class.h:23:
In file included from /tmp/ktest-out/lustre_build.x86_64/lustre/include/obd.h:31:
In file included from /tmp/ktest-out/lustre_build.x86_64/lustre/include/lvfs.h:24:
/tmp/ktest-out/lustre_build.x86_64/lustre/include/lustre_compat.h:651:25: error: no member named 'index' in 'struct page'
  651 |                 loff_t lstart = page->index << PAGE_SHIFT;
      |                                 ~~~~  ^
1 error generated.
  CC [M]  lustre/obdecho/debug.o
  CC [M]  lustre/ptlrpc/niobuf.o
  CC [M]  lustre/llite/llite_nfs.o
  CC [M]  lustre/ptlrpc/events.o
make[8]: *** [/home/ktest/git/linux/scripts/Makefile.build:287: lustre/ofd/ofd_dev.o] Error 1
make[7]: *** [/home/ktest/git/linux/scripts/Makefile.build:555: lustre/ofd] Error 2
In file included from lustre/lfsck/lfsck_lib.c:28:
In file included from lustre/lfsck/lfsck_internal.h:19:
In file included from /tmp/ktest-out/lustre_build.x86_64/lustre/include/obd.h:31:
In file included from /tmp/ktest-out/lustre_build.x86_64/lustre/include/lvfs.h:24:
/tmp/ktest-out/lustre_build.x86_64/lustre/include/lustre_compat.h:651:25: error: no member named 'index' in 'struct page'
  651 |                 loff_t lstart = page->index << PAGE_SHIFT;
      |                                 ~~~~  ^
1 error generated.
In file included from lustre/fid/fid_request.c:23:
In file included from /tmp/ktest-out/lustre_build.x86_64/lustre/include/obd.h:31:
In file included from /tmp/ktest-out/lustre_build.x86_64/lustre/include/lvfs.h:24:
/tmp/ktest-out/lustre_build.x86_64/lustre/include/lustre_compat.h:651:25: error: no member named 'index' in 'struct page'
  651 |                 loff_t lstart = page->index << PAGE_SHIFT;
      |                                 ~~~~  ^
1 error generated.
In file included from lustre/mdd/mdd_acl.c:24:
In file included from lustre/mdd/mdd_internal.h:20:
/tmp/ktest-out/lustre_build.x86_64/lustre/include/lustre_compat.h:651:25: error: no member named 'index' in 'struct page'
  651 |                 loff_t lstart = page->index << PAGE_SHIFT;
      |                                 ~~~~  ^
1 error generated.
In file included from lustre/mgs/mgs_handler.c:21:
In file included from /tmp/ktest-out/lustre_build.x86_64/lustre/include/obd_class.h:23:
In file included from /tmp/ktest-out/lustre_build.x86_64/lustre/include/obd.h:31:
In file included from /tmp/ktest-out/lustre_build.x86_64/lustre/include/lvfs.h:24:
/tmp/ktest-out/lustre_build.x86_64/lustre/include/lustre_compat.h:651:25: error: no member named 'index' in 'struct page'
  651 |                 loff_t lstart = page->index << PAGE_SHIFT;
      |                                 ~~~~  ^
1 error generated.
In file included from lustre/lod/lod_dev.c:73:
In file included from /tmp/ktest-out/lustre_build.x86_64/lustre/include/obd_class.h:23:
In file included from /tmp/ktest-out/lustre_build.x86_64/lustre/include/obd.h:31:
In file included from /tmp/ktest-out/lustre_build.x86_64/lustre/include/lvfs.h:24:
/tmp/ktest-out/lustre_build.x86_64/lustre/include/lustre_compat.h:651:25: error: no member named 'index' in 'struct page'
  651 |                 loff_t lstart = page->index << PAGE_SHIFT;
      |                                 ~~~~  ^
1 error generated.
In file included from lustre/osc/osc_request.c:28:
In file included from /tmp/ktest-out/lustre_build.x86_64/lustre/include/lustre_osc.h:27:
In file included from /tmp/ktest-out/lustre_build.x86_64/lustre/include/obd.h:31:
In file included from /tmp/ktest-out/lustre_build.x86_64/lustre/include/lvfs.h:24:
/tmp/ktest-out/lustre_build.x86_64/lustre/include/lustre_compat.h:651:25: error: no member named 'index' in 'struct page'
  651 |                 loff_t lstart = page->index << PAGE_SHIFT;
      |                                 ~~~~  ^
In file included from lustre/osc/osc_request.c:28:
In file included from /tmp/ktest-out/lustre_build.x86_64/lustre/include/lustre_osc.h:29:
/tmp/ktest-out/lustre_build.x86_64/lustre/include/cl_object.h:975:29: error: no member named 'index' in 'struct page'
  975 |         return cl_page_vmpage(cp)->index;
      |                ~~~~~~~~~~~~~~~~~~  ^
lustre/osc/osc_request.c:1327:3: error: no member named 'index' in 'struct page'
 1327 |                 LL_CDEBUG_PAGE(D_PAGE, pga[i]->bp_page, "off %d\n",
      |                 ^                      ~~~~~~~~~~~~~~~
/tmp/ktest-out/lustre_build.x86_64/lustre/include/lustre_lib.h:73:41: note: expanded from macro 'LL_CDEBUG_PAGE'
   73 |                fmt, page, page->mapping, page->index, (long)page->flags, \
      |                                          ~~~~  ^
include/linux/libcfs/libcfs_debug.h:128:29: note: expanded from macro 'CDEBUG'
  128 |                           mask, NULL, format, ## __VA_ARGS__)
      |                                                  ^~~~~~~~~~~
include/linux/libcfs/libcfs_debug.h:122:41: note: expanded from macro '__CDEBUG_WITH_LOC'
  122 |                 libcfs_debug_msg(&msgdata, format, ## __VA_ARGS__);     \
      |                                                       ^~~~~~~~~~~
lustre/osc/osc_request.c:1394:32: error: no member named 'index' in 'struct page'
 1394 |         u64 lblk_num = ((u64)srcpage->index << (PAGE_SHIFT - blockbits)) +
      |                              ~~~~~~~  ^
lustre/osc/osc_request.c:1588:34: error: no member named 'index' in 'struct page'
 1588 |                                 index_orig = brwpg->bp_page->index;
      |                                              ~~~~~~~~~~~~~~  ^
lustre/osc/osc_request.c:1590:21: error: no member named 'index' in 'struct page'
 1590 |                                 brwpg->bp_page->index = clpage->cp_page_index;
      |                                 ~~~~~~~~~~~~~~  ^
lustre/osc/osc_request.c:1599:21: error: no member named 'index' in 'struct page'
 1599 |                                 brwpg->bp_page->index = index_orig;
      |                                 ~~~~~~~~~~~~~~  ^
lustre/osc/osc_request.c:1824:18: error: no member named 'index' in 'struct page'
 1824 |                          pg->bp_page->index, pg->bp_off,
      |                          ~~~~~~~~~~~  ^
include/linux/libcfs/libcfs_private.h:69:9: note: expanded from macro 'LASSERTF'
   69 |                                  ## __VA_ARGS__);                       \
      |                                     ^~~~~~~~~~~
lustre/osc/osc_request.c:1826:23: error: no member named 'index' in 'struct page'
 1826 |                          pg_prev->bp_page->index, pg_prev->bp_off);
      |                          ~~~~~~~~~~~~~~~~  ^
include/linux/libcfs/libcfs_private.h:69:9: note: expanded from macro 'LASSERTF'
   69 |                                  ## __VA_ARGS__);                       \
      |                                     ^~~~~~~~~~~
9 errors generated.
make[8]: *** [/home/ktest/git/linux/scripts/Makefile.build:287: lustre/lfsck/lfsck_lib.o] Error 1
  CC [M]  lustre/kunit/ldlm_extent.o
make[8]: *** [/home/ktest/git/linux/scripts/Makefile.build:287: lustre/mdd/mdd_acl.o] Error 1
make[8]: *** [/home/ktest/git/linux/scripts/Makefile.build:287: lustre/fid/fid_request.o] Error 1
make[7]: *** [/home/ktest/git/linux/scripts/Makefile.build:555: lustre/mdd] Error 2
make[7]: *** [/home/ktest/git/linux/scripts/Makefile.build:555: lustre/lfsck] Error 2
make[7]: *** [/home/ktest/git/linux/scripts/Makefile.build:555: lustre/fid] Error 2
make[8]: *** [/home/ktest/git/linux/scripts/Makefile.build:287: lustre/mgs/mgs_handler.o] Error 1
make[8]: *** [/home/ktest/git/linux/scripts/Makefile.build:287: lustre/osc/osc_request.o] Error 1
make[8]: *** [/home/ktest/git/linux/scripts/Makefile.build:287: lustre/lod/lod_dev.o] Error 1
make[7]: *** [/home/ktest/git/linux/scripts/Makefile.build:555: lustre/mgs] Error 2
make[8]: *** Waiting for unfinished jobs....
make[7]: *** [/home/ktest/git/linux/scripts/Makefile.build:555: lustre/osc] Error 2
In file included from lustre/lmv/lmv_intent.c:29:
In file included from /tmp/ktest-out/lustre_build.x86_64/lustre/include/lustre_mdc.h:28:
/tmp/ktest-out/lustre_build.x86_64/lustre/include/lustre_compat.h:651:25: error: no member named 'index' in 'struct page'
  651 |                 loff_t lstart = page->index << PAGE_SHIFT;
      |                                 ~~~~  ^
1 error generated.
  CC [M]  lustre/obdecho/echo.o
make[8]: *** [/home/ktest/git/linux/scripts/Makefile.build:287: lustre/lmv/lmv_intent.o] Error 1
make[8]: *** Waiting for unfinished jobs....
In file included from lustre/llite/dcache.c:24:
In file included from lustre/llite/llite_internal.h:16:
In file included from /tmp/ktest-out/lustre_build.x86_64/lustre/include/obd.h:31:
In file included from /tmp/ktest-out/lustre_build.x86_64/lustre/include/lvfs.h:24:
/tmp/ktest-out/lustre_build.x86_64/lustre/include/lustre_compat.h:651:25: error: no member named 'index' in 'struct page'
  651 |                 loff_t lstart = page->index << PAGE_SHIFT;
      |                                 ~~~~  ^
In file included from lustre/llite/dcache.c:24:
In file included from lustre/llite/llite_internal.h:21:
/tmp/ktest-out/lustre_build.x86_64/lustre/include/cl_object.h:975:29: error: no member named 'index' in 'struct page'
  975 |         return cl_page_vmpage(cp)->index;
      |                ~~~~~~~~~~~~~~~~~~  ^
2 errors generated.
make[8]: *** [/home/ktest/git/linux/scripts/Makefile.build:287: lustre/llite/dcache.o] Error 1
make[8]: *** Waiting for unfinished jobs....
In file included from lustre/obdecho/echo_client.c:19:
In file included from /tmp/ktest-out/lustre_build.x86_64/lustre/include/obd.h:31:
In file included from /tmp/ktest-out/lustre_build.x86_64/lustre/include/lvfs.h:24:
/tmp/ktest-out/lustre_build.x86_64/lustre/include/lustre_compat.h:651:25: error: no member named 'index' in 'struct page'
  651 |                 loff_t lstart = page->index << PAGE_SHIFT;
      |                                 ~~~~  ^
In file included from lustre/obdecho/echo_client.c:23:
/tmp/ktest-out/lustre_build.x86_64/lustre/include/cl_object.h:975:29: error: no member named 'index' in 'struct page'
  975 |         return cl_page_vmpage(cp)->index;
      |                ~~~~~~~~~~~~~~~~~~  ^
2 errors generated.
  CC [M]  lustre/kunit/llog_test.o
  CC [M]  lustre/lmv/lmv_fld.o
  CC [M]  lustre/lmv/lproc_lmv.o
In file included from lustre/mdc/mdc_request.c:29:
In file included from /tmp/ktest-out/lustre_build.x86_64/lustre/include/cl_object.h:85:
/tmp/ktest-out/lustre_build.x86_64/lustre/include/lustre_compat.h:651:25: error: no member named 'index' in 'struct page'
  651 |                 loff_t lstart = page->index << PAGE_SHIFT;
      |                                 ~~~~  ^
In file included from lustre/mdc/mdc_request.c:29:
/tmp/ktest-out/lustre_build.x86_64/lustre/include/cl_object.h:975:29: error: no member named 'index' in 'struct page'
  975 |         return cl_page_vmpage(cp)->index;
      |                ~~~~~~~~~~~~~~~~~~  ^
2 errors generated.
  CC [M]  lustre/ptlrpc/ptlrpc_module.o
  CC [M]  lustre/llite/rw.o
make[8]: *** [/home/ktest/git/linux/scripts/Makefile.build:287: lustre/obdecho/echo_client.o] Error 1
make[8]: *** Waiting for unfinished jobs....
make[8]: *** [/home/ktest/git/linux/scripts/Makefile.build:287: lustre/mdc/mdc_request.o] Error 1
make[7]: *** [/home/ktest/git/linux/scripts/Makefile.build:555: lustre/mdc] Error 2
In file included from lustre/lmv/lmv_obd.c:34:
In file included from /tmp/ktest-out/lustre_build.x86_64/lustre/include/obd_class.h:23:
In file included from /tmp/ktest-out/lustre_build.x86_64/lustre/include/obd.h:31:
In file included from /tmp/ktest-out/lustre_build.x86_64/lustre/include/lvfs.h:24:
/tmp/ktest-out/lustre_build.x86_64/lustre/include/lustre_compat.h:651:25: error: no member named 'index' in 'struct page'
  651 |                 loff_t lstart = page->index << PAGE_SHIFT;
      |                                 ~~~~  ^
In file included from lustre/lmv/lmv_obd.c:37:
/tmp/ktest-out/lustre_build.x86_64/lustre/include/cl_object.h:975:29: error: no member named 'index' in 'struct page'
  975 |         return cl_page_vmpage(cp)->index;
      |                ~~~~~~~~~~~~~~~~~~  ^
2 errors generated.
make[8]: *** [/home/ktest/git/linux/scripts/Makefile.build:287: lustre/lmv/lmv_obd.o] Error 1
In file included from lustre/ptlrpc/client.c:23:
In file included from /tmp/ktest-out/lustre_build.x86_64/lustre/include/obd_class.h:23:
In file included from /tmp/ktest-out/lustre_build.x86_64/lustre/include/obd.h:31:
In file included from /tmp/ktest-out/lustre_build.x86_64/lustre/include/lvfs.h:24:
/tmp/ktest-out/lustre_build.x86_64/lustre/include/lustre_compat.h:651:25: error: no member named 'index' in 'struct page'
  651 |                 loff_t lstart = page->index << PAGE_SHIFT;
      |                                 ~~~~  ^
1 error generated.
make[8]: *** [/home/ktest/git/linux/scripts/Makefile.build:287: lustre/ptlrpc/client.o] Error 1
make[8]: *** Waiting for unfinished jobs....
  CC [M]  lustre/mdt/mdt_lib.o
  CC [M]  lustre/mdt/mdt_reint.o
  CC [M]  lustre/mdt/mdt_xattr.o
  CC [M]  lustre/mdt/mdt_recovery.o
In file included from lustre/llite/llite_lib.c:52:
In file included from /tmp/ktest-out/lustre_build.x86_64/lustre/include/lustre_log.h:34:
In file included from /tmp/ktest-out/lustre_build.x86_64/lustre/include/obd_class.h:23:
In file included from /tmp/ktest-out/lustre_build.x86_64/lustre/include/obd.h:31:
In file included from /tmp/ktest-out/lustre_build.x86_64/lustre/include/lvfs.h:24:
/tmp/ktest-out/lustre_build.x86_64/lustre/include/lustre_compat.h:651:25: error: no member named 'index' in 'struct page'
  651 |                 loff_t lstart = page->index << PAGE_SHIFT;
      |                                 ~~~~  ^
In file included from lustre/llite/llite_lib.c:53:
/tmp/ktest-out/lustre_build.x86_64/lustre/include/cl_object.h:975:29: error: no member named 'index' in 'struct page'
  975 |         return cl_page_vmpage(cp)->index;
      |                ~~~~~~~~~~~~~~~~~~  ^
lustre/llite/llite_lib.c:2166:44: error: no member named 'index' in 'struct page'
 2166 |                 clpage = cl_page_find(env, clob, vmpage->index,
      |                                                  ~~~~~~  ^
3 errors generated.
make[8]: *** [/home/ktest/git/linux/scripts/Makefile.build:287: lustre/llite/llite_lib.o] Error 1
  CC [M]  lnet/lnet/router.o
In file included from lustre/llite/file.c:36:
In file included from /tmp/ktest-out/lustre_build.x86_64/lustre/include/cl_object.h:85:
/tmp/ktest-out/lustre_build.x86_64/lustre/include/lustre_compat.h:651:25: error: no member named 'index' in 'struct page'
  651 |                 loff_t lstart = page->index << PAGE_SHIFT;
      |                                 ~~~~  ^
In file included from lustre/llite/file.c:36:
/tmp/ktest-out/lustre_build.x86_64/lustre/include/cl_object.h:975:29: error: no member named 'index' in 'struct page'
  975 |         return cl_page_vmpage(cp)->index;
      |                ~~~~~~~~~~~~~~~~~~  ^
lustre/llite/file.c:623:41: error: no member named 'index' in 'struct page'
  623 |                 page = cl_page_find(env, obj, vmpage->index, vmpage,
      |                                               ~~~~~~  ^
lustre/llite/file.c:2563:29: warning: implicit truncation from 'int' to a one-bit wide bit-field changes value from 1 to -1 [-Wsingle-bit-bitfield-constant-conversion]
 2563 |                 args->via_hybrid_switched = 1;
      |                                           ^ ~
lustre/llite/file.c:3437:8: error: call to undeclared function 'lookup_one_len'; ISO C99 and later do not support implicit function declarations [-Wimplicit-function-declaration]
 3437 |                 de = lookup_one_len(p, de_parent, len);
      |                      ^
lustre/llite/file.c:3437:8: note: did you mean 'lookup_one'?
/home/ktest/git/linux/include/linux/namei.h:77:16: note: 'lookup_one' declared here
   77 | struct dentry *lookup_one(struct mnt_idmap *, struct qstr *, struct dentry *);
      |                ^
lustre/llite/file.c:3437:6: error: incompatible integer to pointer conversion assigning to 'struct dentry *' from 'int' [-Wint-conversion]
 3437 |                 de = lookup_one_len(p, de_parent, len);
      |                    ^ ~~~~~~~~~~~~~~~~~~~~~~~~~~~~~~~~~
lustre/llite/file.c:4362:18: error: call to undeclared function 'lookup_one_len'; ISO C99 and later do not support implicit function declarations [-Wimplicit-function-declaration]
 4362 |                 child_dentry = lookup_one_len(lu_project.project_name,
      |                                ^
lustre/llite/file.c:4362:16: error: incompatible integer to pointer conversion assigning to 'struct dentry *' from 'int' [-Wint-conversion]
 4362 |                 child_dentry = lookup_one_len(lu_project.project_name,
      |                              ^ ~~~~~~~~~~~~~~~~~~~~~~~~~~~~~~~~~~~~~~~
 4363 |                                               dentry, name_len);
      |                                               ~~~~~~~~~~~~~~~~~
1 warning and 7 errors generated.
make[8]: *** [/home/ktest/git/linux/scripts/Makefile.build:287: lustre/llite/file.o] Error 1
In file included from lustre/mdt/mdt_handler.c:34:
In file included from /tmp/ktest-out/lustre_build.x86_64/lustre/include/lustre_log.h:34:
In file included from /tmp/ktest-out/lustre_build.x86_64/lustre/include/obd_class.h:23:
In file included from /tmp/ktest-out/lustre_build.x86_64/lustre/include/obd.h:31:
In file included from /tmp/ktest-out/lustre_build.x86_64/lustre/include/lvfs.h:24:
/tmp/ktest-out/lustre_build.x86_64/lustre/include/lustre_compat.h:651:25: error: no member named 'index' in 'struct page'
  651 |                 loff_t lstart = page->index << PAGE_SHIFT;
      |                                 ~~~~  ^
1 error generated.
make[8]: *** [/home/ktest/git/linux/scripts/Makefile.build:287: lustre/mdt/mdt_handler.o] Error 1
make[8]: *** Waiting for unfinished jobs....
  CC [M]  lnet/lnet/lnet_debugfs.o
  CC [M]  lustre/mdt/mdt_open.o
In file included from lustre/llite/dir.c:30:
In file included from /tmp/ktest-out/lustre_build.x86_64/lustre/include/obd_class.h:23:
In file included from /tmp/ktest-out/lustre_build.x86_64/lustre/include/obd.h:31:
In file included from /tmp/ktest-out/lustre_build.x86_64/lustre/include/lvfs.h:24:
/tmp/ktest-out/lustre_build.x86_64/lustre/include/lustre_compat.h:651:25: error: no member named 'index' in 'struct page'
  651 |                 loff_t lstart = page->index << PAGE_SHIFT;
      |                                 ~~~~  ^
In file included from lustre/llite/dir.c:40:
In file included from lustre/llite/llite_internal.h:21:
/tmp/ktest-out/lustre_build.x86_64/lustre/include/cl_object.h:975:29: error: no member named 'index' in 'struct page'
  975 |         return cl_page_vmpage(cp)->index;
      |                ~~~~~~~~~~~~~~~~~~  ^
2 errors generated.
make[8]: *** [/home/ktest/git/linux/scripts/Makefile.build:287: lustre/llite/dir.o] Error 1
In file included from lustre/kunit/obd_test.c:24:
In file included from /tmp/ktest-out/lustre_build.x86_64/lustre/include/obd_class.h:23:
In file included from /tmp/ktest-out/lustre_build.x86_64/lustre/include/obd.h:31:
In file included from /tmp/ktest-out/lustre_build.x86_64/lustre/include/lvfs.h:24:
/tmp/ktest-out/lustre_build.x86_64/lustre/include/lustre_compat.h:651:25: error: no member named 'index' in 'struct page'
  651 |                 loff_t lstart = page->index << PAGE_SHIFT;
      |                                 ~~~~  ^
1 error generated.
make[8]: *** [/home/ktest/git/linux/scripts/Makefile.build:287: lustre/kunit/obd_test.o] Error 1
make[8]: *** Waiting for unfinished jobs....
  CC [M]  lustre/mdt/mdt_identity.o
  CC [M]  lnet/lnet/acceptor.o
  CC [M]  lnet/lnet/peer.o
  CC [M]  lnet/lnet/net_fault.o
  CC [M]  lnet/lnet/lnet-crypto.o
  CC [M]  lnet/lnet/udsp.o
  CC [M]  lnet/lnet/adler.o
  CC [M]  lnet/lnet/lib-cpt.o
In file included from lustre/kunit/obd_mod_rpcs_test.c:28:
In file included from /tmp/ktest-out/lustre_build.x86_64/lustre/include/obd_class.h:23:
In file included from /tmp/ktest-out/lustre_build.x86_64/lustre/include/obd.h:31:
In file included from /tmp/ktest-out/lustre_build.x86_64/lustre/include/lvfs.h:24:
/tmp/ktest-out/lustre_build.x86_64/lustre/include/lustre_compat.h:651:25: error: no member named 'index' in 'struct page'
  651 |                 loff_t lstart = page->index << PAGE_SHIFT;
      |                                 ~~~~  ^
1 error generated.
make[8]: *** [/home/ktest/git/linux/scripts/Makefile.build:287: lustre/kunit/obd_mod_rpcs_test.o] Error 1
In file included from lustre/ptlrpc/recover.c:25:
In file included from /tmp/ktest-out/lustre_build.x86_64/lustre/include/obd.h:31:
In file included from /tmp/ktest-out/lustre_build.x86_64/lustre/include/lvfs.h:24:
/tmp/ktest-out/lustre_build.x86_64/lustre/include/lustre_compat.h:651:25: error: no member named 'index' in 'struct page'
  651 |                 loff_t lstart = page->index << PAGE_SHIFT;
      |                                 ~~~~  ^
1 error generated.
make[8]: *** [/home/ktest/git/linux/scripts/Makefile.build:287: lustre/ptlrpc/recover.o] Error 1
In file included from lustre/ptlrpc/connection.c:19:
In file included from /tmp/ktest-out/lustre_build.x86_64/lustre/include/obd_class.h:23:
In file included from /tmp/ktest-out/lustre_build.x86_64/lustre/include/obd.h:31:
In file included from /tmp/ktest-out/lustre_build.x86_64/lustre/include/lvfs.h:24:
/tmp/ktest-out/lustre_build.x86_64/lustre/include/lustre_compat.h:651:25: error: no member named 'index' in 'struct page'
  651 |                 loff_t lstart = page->index << PAGE_SHIFT;
      |                                 ~~~~  ^
1 error generated.
make[8]: *** [/home/ktest/git/linux/scripts/Makefile.build:287: lustre/ptlrpc/connection.o] Error 1
In file included from lustre/lod/lod_lov.c:19:
In file included from /tmp/ktest-out/lustre_build.x86_64/lustre/include/obd_class.h:23:
In file included from /tmp/ktest-out/lustre_build.x86_64/lustre/include/obd.h:31:
In file included from /tmp/ktest-out/lustre_build.x86_64/lustre/include/lvfs.h:24:
/tmp/ktest-out/lustre_build.x86_64/lustre/include/lustre_compat.h:651:25: error: no member named 'index' in 'struct page'
  651 |                 loff_t lstart = page->index << PAGE_SHIFT;
      |                                 ~~~~  ^
1 error generated.
In file included from lustre/obdecho/echo.c:20:
In file included from /tmp/ktest-out/lustre_build.x86_64/lustre/include/obd_class.h:23:
In file included from /tmp/ktest-out/lustre_build.x86_64/lustre/include/obd.h:31:
In file included from /tmp/ktest-out/lustre_build.x86_64/lustre/include/lvfs.h:24:
/tmp/ktest-out/lustre_build.x86_64/lustre/include/lustre_compat.h:651:25: error: no member named 'index' in 'struct page'
  651 |                 loff_t lstart = page->index << PAGE_SHIFT;
      |                                 ~~~~  ^
1 error generated.
make[8]: *** [/home/ktest/git/linux/scripts/Makefile.build:287: lustre/obdecho/echo.o] Error 1
make[8]: *** [/home/ktest/git/linux/scripts/Makefile.build:287: lustre/lod/lod_lov.o] Error 1
make[7]: *** [/home/ktest/git/linux/scripts/Makefile.build:555: lustre/obdecho] Error 2
In file included from lustre/llite/llite_nfs.c:23:
In file included from lustre/llite/llite_internal.h:16:
In file included from /tmp/ktest-out/lustre_build.x86_64/lustre/include/obd.h:31:
In file included from /tmp/ktest-out/lustre_build.x86_64/lustre/include/lvfs.h:24:
/tmp/ktest-out/lustre_build.x86_64/lustre/include/lustre_compat.h:651:25: error: no member named 'index' in 'struct page'
  651 |                 loff_t lstart = page->index << PAGE_SHIFT;
      |                                 ~~~~  ^
In file included from lustre/llite/llite_nfs.c:23:
In file included from lustre/llite/llite_internal.h:21:
/tmp/ktest-out/lustre_build.x86_64/lustre/include/cl_object.h:975:29: error: no member named 'index' in 'struct page'
  975 |         return cl_page_vmpage(cp)->index;
      |                ~~~~~~~~~~~~~~~~~~  ^
2 errors generated.
make[8]: *** [/home/ktest/git/linux/scripts/Makefile.build:287: lustre/llite/llite_nfs.o] Error 1
In file included from lustre/ptlrpc/ptlrpc_module.c:18:
In file included from /tmp/ktest-out/lustre_build.x86_64/lustre/include/obd_class.h:23:
In file included from /tmp/ktest-out/lustre_build.x86_64/lustre/include/obd.h:31:
In file included from /tmp/ktest-out/lustre_build.x86_64/lustre/include/lvfs.h:24:
/tmp/ktest-out/lustre_build.x86_64/lustre/include/lustre_compat.h:651:25: error: no member named 'index' in 'struct page'
  651 |                 loff_t lstart = page->index << PAGE_SHIFT;
      |                                 ~~~~  ^
1 error generated.
In file included from lustre/ptlrpc/events.c:18:
In file included from /tmp/ktest-out/lustre_build.x86_64/lustre/include/obd_class.h:23:
In file included from /tmp/ktest-out/lustre_build.x86_64/lustre/include/obd.h:31:
In file included from /tmp/ktest-out/lustre_build.x86_64/lustre/include/lvfs.h:24:
/tmp/ktest-out/lustre_build.x86_64/lustre/include/lustre_compat.h:651:25: error: no member named 'index' in 'struct page'
  651 |                 loff_t lstart = page->index << PAGE_SHIFT;
      |                                 ~~~~  ^
1 error generated.
In file included from lustre/lov/lov_io.c:22:
In file included from lustre/lov/lov_cl_internal.h:22:
In file included from /tmp/ktest-out/lustre_build.x86_64/lustre/include/obd.h:31:
In file included from /tmp/ktest-out/lustre_build.x86_64/lustre/include/lvfs.h:24:
/tmp/ktest-out/lustre_build.x86_64/lustre/include/lustre_compat.h:651:25: error: no member named 'index' in 'struct page'
  651 |                 loff_t lstart = page->index << PAGE_SHIFT;
      |                                 ~~~~  ^
In file included from lustre/lov/lov_io.c:22:
In file included from lustre/lov/lov_cl_internal.h:23:
/tmp/ktest-out/lustre_build.x86_64/lustre/include/cl_object.h:975:29: error: no member named 'index' in 'struct page'
  975 |         return cl_page_vmpage(cp)->index;
      |                ~~~~~~~~~~~~~~~~~~  ^
2 errors generated.
make[8]: *** [/home/ktest/git/linux/scripts/Makefile.build:287: lustre/ptlrpc/events.o] Error 1
make[8]: *** [/home/ktest/git/linux/scripts/Makefile.build:287: lustre/ptlrpc/ptlrpc_module.o] Error 1
In file included from lustre/llite/rw.c:38:
In file included from lustre/llite/llite_internal.h:16:
In file included from /tmp/ktest-out/lustre_build.x86_64/lustre/include/obd.h:31:
In file included from /tmp/ktest-out/lustre_build.x86_64/lustre/include/lvfs.h:24:
/tmp/ktest-out/lustre_build.x86_64/lustre/include/lustre_compat.h:651:25: error: no member named 'index' in 'struct page'
  651 |                 loff_t lstart = page->index << PAGE_SHIFT;
      |                                 ~~~~  ^
In file included from lustre/llite/rw.c:38:
In file included from lustre/llite/llite_internal.h:21:
/tmp/ktest-out/lustre_build.x86_64/lustre/include/cl_object.h:975:29: error: no member named 'index' in 'struct page'
  975 |         return cl_page_vmpage(cp)->index;
      |                ~~~~~~~~~~~~~~~~~~  ^
lustre/llite/rw.c:240:39: error: no member named 'index' in 'struct page'
  240 |         cp = cl_page_find(env, clob, vmpage->index, vmpage, CPT_CACHEABLE);
      |                                      ~~~~~~  ^
lustre/llite/rw.c:1500:42: error: no member named 'index' in 'struct page'
 1500 |                 page = cl_page_find(env, clob, vmpage->index,
      |                                                ~~~~~~  ^
lustre/llite/rw.c:1527:27: error: no member named 'index' in 'struct page'
 1527 |                 loff_t offset = vmpage->index << PAGE_SHIFT;
      |                                 ~~~~~~  ^
lustre/llite/rw.c:2016:55: error: no member named 'index' in 'struct page'
 2016 |                 CDEBUG(D_VFSTRACE, "fast read pgno: %ld\n", vmpage->index);
      |                                                             ~~~~~~  ^
include/linux/libcfs/libcfs_debug.h:128:29: note: expanded from macro 'CDEBUG'
  128 |                           mask, NULL, format, ## __VA_ARGS__)
      |                                                  ^~~~~~~~~~~
include/linux/libcfs/libcfs_debug.h:122:41: note: expanded from macro '__CDEBUG_WITH_LOC'
  122 |                 libcfs_debug_msg(&msgdata, format, ## __VA_ARGS__);     \
      |                                                       ^~~~~~~~~~~
lustre/llite/rw.c:2027:13: error: no member named 'index' in 'struct page'
 2027 |                                 vmpage->index);
      |                                 ~~~~~~  ^
include/linux/libcfs/libcfs_debug.h:128:29: note: expanded from macro 'CDEBUG'
  128 |                           mask, NULL, format, ## __VA_ARGS__)
      |                                                  ^~~~~~~~~~~
include/linux/libcfs/libcfs_debug.h:122:41: note: expanded from macro '__CDEBUG_WITH_LOC'
  122 |                 libcfs_debug_msg(&msgdata, format, ## __VA_ARGS__);     \
      |                                                       ^~~~~~~~~~~
lustre/llite/rw.c:2101:15: error: no member named 'index' in 'struct page'
 2101 |                     vmpage->index >= lcc->lcc_end_index) {
      |                     ~~~~~~  ^
lustre/llite/rw.c:2104:19: error: no member named 'index' in 'struct page'
 2104 |                                vmpage->index, lcc->lcc_end_index);
      |                                ~~~~~~  ^
include/linux/libcfs/libcfs_debug.h:128:29: note: expanded from macro 'CDEBUG'
  128 |                           mask, NULL, format, ## __VA_ARGS__)
      |                                                  ^~~~~~~~~~~
include/linux/libcfs/libcfs_debug.h:122:41: note: expanded from macro '__CDEBUG_WITH_LOC'
  122 |                 libcfs_debug_msg(&msgdata, format, ## __VA_ARGS__);     \
      |                                                       ^~~~~~~~~~~
lustre/llite/rw.c:2120:22: error: no member named 'index' in 'struct page'
 2120 |                                                        vmpage->index, &ra);
      |                                                        ~~~~~~  ^
lustre/llite/rw.c:2121:30: error: no member named 'index' in 'struct page'
 2121 |                         if (result < 0 || vmpage->index > ra.cra_end_idx) {
      |                                           ~~~~~~  ^
lustre/llite/rw.c:2140:22: error: no member named 'index' in 'struct page'
 2140 |                                                        vmpage->index,
      |                                                        ~~~~~~  ^
lustre/llite/rw.c:2143:16: error: no member named 'index' in 'struct page'
 2143 |                             vmpage->index > ra.cra_end_idx) {
      |                             ~~~~~~  ^
lustre/llite/rw.c:2159:41: error: no member named 'index' in 'struct page'
 2159 |             io->u.ci_fault.ft_index != vmpage->index) {
      |                                        ~~~~~~  ^
lustre/llite/rw.c:2164:19: error: no member named 'index' in 'struct page'
 2164 |                                vmpage->index);
      |                                ~~~~~~  ^
include/linux/libcfs/libcfs_debug.h:176:70: note: expanded from macro 'CERROR'
  176 | #define CERROR(format, ...)         CDEBUG_LIMIT(D_ERROR, format, ## __VA_ARGS__)
      |                                                                      ^~~~~~~~~~~
include/linux/libcfs/libcfs_debug.h:135:30: note: expanded from macro 'CDEBUG_LIMIT'
  135 |                           mask, &cdls, format, ## __VA_ARGS__);         \
      |                                                   ^~~~~~~~~~~
include/linux/libcfs/libcfs_debug.h:122:41: note: expanded from macro '__CDEBUG_WITH_LOC'
  122 |                 libcfs_debug_msg(&msgdata, format, ## __VA_ARGS__);     \
      |                                                       ^~~~~~~~~~~
lustre/llite/rw.c:2168:22: error: no member named 'index' in 'struct page'
 2168 |                                                        vmpage->index, &ra);
      |                                                        ~~~~~~  ^
lustre/llite/rw.c:2169:30: error: no member named 'index' in 'struct page'
 2169 |                         if (result < 0 || vmpage->index > ra.cra_end_idx) {
      |                                           ~~~~~~  ^
lustre/llite/rw.c:2211:41: error: no member named 'index' in 'struct page'
 2211 |         page = cl_page_find(env, clob, vmpage->index, vmpage, CPT_CACHEABLE);
      |                                        ~~~~~~  ^
lustre/llite/rw.c:2228:26: error: no member named 'index' in 'struct page'
 2228 |                        vmpage, vmpage->index, result);
      |                                ~~~~~~  ^
include/linux/libcfs/libcfs_debug.h:128:29: note: expanded from macro 'CDEBUG'
  128 |                           mask, NULL, format, ## __VA_ARGS__)
      |                                                  ^~~~~~~~~~~
include/linux/libcfs/libcfs_debug.h:122:41: note: expanded from macro '__CDEBUG_WITH_LOC'
  122 |                 libcfs_debug_msg(&msgdata, format, ## __VA_ARGS__);     \
      |                                                       ^~~~~~~~~~~
19 errors generated.
make[8]: *** [/home/ktest/git/linux/scripts/Makefile.build:287: lustre/lov/lov_io.o] Error 1
In file included from lustre/kunit/ldlm_extent.c:10:
In file included from /tmp/ktest-out/lustre_build.x86_64/lustre/include/obd.h:31:
In file included from /tmp/ktest-out/lustre_build.x86_64/lustre/include/lvfs.h:24:
/tmp/ktest-out/lustre_build.x86_64/lustre/include/lustre_compat.h:651:25: error: no member named 'index' in 'struct page'
  651 |                 loff_t lstart = page->index << PAGE_SHIFT;
      |                                 ~~~~  ^
1 error generated.
make[7]: *** [/home/ktest/git/linux/scripts/Makefile.build:555: lustre/lov] Error 2
make[8]: *** [/home/ktest/git/linux/scripts/Makefile.build:287: lustre/llite/rw.o] Error 1
make[7]: *** [/home/ktest/git/linux/scripts/Makefile.build:555: lustre/llite] Error 2
make[8]: *** [/home/ktest/git/linux/scripts/Makefile.build:287: lustre/kunit/ldlm_extent.o] Error 1
In file included from lustre/lmv/lmv_fld.c:28:
In file included from /tmp/ktest-out/lustre_build.x86_64/lustre/include/obd_class.h:23:
In file included from /tmp/ktest-out/lustre_build.x86_64/lustre/include/obd.h:31:
In file included from /tmp/ktest-out/lustre_build.x86_64/lustre/include/lvfs.h:24:
/tmp/ktest-out/lustre_build.x86_64/lustre/include/lustre_compat.h:651:25: error: no member named 'index' in 'struct page'
  651 |                 loff_t lstart = page->index << PAGE_SHIFT;
      |                                 ~~~~  ^
1 error generated.
make[8]: *** [/home/ktest/git/linux/scripts/Makefile.build:287: lustre/lmv/lmv_fld.o] Error 1
In file included from lustre/ptlrpc/pack_generic.c:29:
In file included from /tmp/ktest-out/lustre_build.x86_64/lustre/include/obd_class.h:23:
In file included from /tmp/ktest-out/lustre_build.x86_64/lustre/include/obd.h:31:
In file included from /tmp/ktest-out/lustre_build.x86_64/lustre/include/lvfs.h:24:
/tmp/ktest-out/lustre_build.x86_64/lustre/include/lustre_compat.h:651:25: error: no member named 'index' in 'struct page'
  651 |                 loff_t lstart = page->index << PAGE_SHIFT;
      |                                 ~~~~  ^
1 error generated.
make[8]: *** [/home/ktest/git/linux/scripts/Makefile.build:287: lustre/ptlrpc/pack_generic.o] Error 1
In file included from lustre/lod/lproc_lod.c:17:
In file included from /tmp/ktest-out/lustre_build.x86_64/lustre/include/obd_class.h:23:
In file included from /tmp/ktest-out/lustre_build.x86_64/lustre/include/obd.h:31:
In file included from /tmp/ktest-out/lustre_build.x86_64/lustre/include/lvfs.h:24:
/tmp/ktest-out/lustre_build.x86_64/lustre/include/lustre_compat.h:651:25: error: no member named 'index' in 'struct page'
  651 |                 loff_t lstart = page->index << PAGE_SHIFT;
      |                                 ~~~~  ^
1 error generated.
In file included from lustre/lmv/lproc_lmv.c:19:
In file included from /tmp/ktest-out/lustre_build.x86_64/lustre/include/obd_class.h:23:
In file included from /tmp/ktest-out/lustre_build.x86_64/lustre/include/obd.h:31:
In file included from /tmp/ktest-out/lustre_build.x86_64/lustre/include/lvfs.h:24:
/tmp/ktest-out/lustre_build.x86_64/lustre/include/lustre_compat.h:651:25: error: no member named 'index' in 'struct page'
  651 |                 loff_t lstart = page->index << PAGE_SHIFT;
      |                                 ~~~~  ^
1 error generated.
make[8]: *** [/home/ktest/git/linux/scripts/Makefile.build:287: lustre/lmv/lproc_lmv.o] Error 1
make[7]: *** [/home/ktest/git/linux/scripts/Makefile.build:555: lustre/lmv] Error 2
make[8]: *** [/home/ktest/git/linux/scripts/Makefile.build:287: lustre/lod/lproc_lod.o] Error 1
make[7]: *** [/home/ktest/git/linux/scripts/Makefile.build:555: lustre/lod] Error 2
In file included from lustre/ptlrpc/niobuf.c:19:
In file included from /tmp/ktest-out/lustre_build.x86_64/lustre/include/obd.h:31:
In file included from /tmp/ktest-out/lustre_build.x86_64/lustre/include/lvfs.h:24:
/tmp/ktest-out/lustre_build.x86_64/lustre/include/lustre_compat.h:651:25: error: no member named 'index' in 'struct page'
  651 |                 loff_t lstart = page->index << PAGE_SHIFT;
      |                                 ~~~~  ^
1 error generated.
In file included from lustre/mdt/mdt_recovery.c:21:
In file included from lustre/mdt/mdt_internal.h:27:
In file included from /tmp/ktest-out/lustre_build.x86_64/lustre/include/upcall_cache.h:19:
In file included from /tmp/ktest-out/lustre_build.x86_64/lustre/include/obd.h:31:
In file included from /tmp/ktest-out/lustre_build.x86_64/lustre/include/lvfs.h:24:
/tmp/ktest-out/lustre_build.x86_64/lustre/include/lustre_compat.h:651:25: error: no member named 'index' in 'struct page'
  651 |                 loff_t lstart = page->index << PAGE_SHIFT;
      |                                 ~~~~  ^
1 error generated.
In file included from lustre/mdt/mdt_lib.c:29:
In file included from lustre/mdt/mdt_internal.h:27:
In file included from /tmp/ktest-out/lustre_build.x86_64/lustre/include/upcall_cache.h:19:
In file included from /tmp/ktest-out/lustre_build.x86_64/lustre/include/obd.h:31:
In file included from /tmp/ktest-out/lustre_build.x86_64/lustre/include/lvfs.h:24:
/tmp/ktest-out/lustre_build.x86_64/lustre/include/lustre_compat.h:651:25: error: no member named 'index' in 'struct page'
  651 |                 loff_t lstart = page->index << PAGE_SHIFT;
      |                                 ~~~~  ^
1 error generated.
In file included from lustre/kunit/llog_test.c:29:
In file included from /tmp/ktest-out/lustre_build.x86_64/lustre/include/obd_class.h:23:
In file included from /tmp/ktest-out/lustre_build.x86_64/lustre/include/obd.h:31:
In file included from /tmp/ktest-out/lustre_build.x86_64/lustre/include/lvfs.h:24:
/tmp/ktest-out/lustre_build.x86_64/lustre/include/lustre_compat.h:651:25: error: no member named 'index' in 'struct page'
  651 |                 loff_t lstart = page->index << PAGE_SHIFT;
      |                                 ~~~~  ^
1 error generated.
make[8]: *** [/home/ktest/git/linux/scripts/Makefile.build:287: lustre/ptlrpc/niobuf.o] Error 1
make[7]: *** [/home/ktest/git/linux/scripts/Makefile.build:555: lustre/ptlrpc] Error 2
make[8]: *** [/home/ktest/git/linux/scripts/Makefile.build:287: lustre/mdt/mdt_recovery.o] Error 1
make[8]: *** [/home/ktest/git/linux/scripts/Makefile.build:287: lustre/mdt/mdt_lib.o] Error 1
make[8]: *** [/home/ktest/git/linux/scripts/Makefile.build:287: lustre/kunit/llog_test.o] Error 1
make[7]: *** [/home/ktest/git/linux/scripts/Makefile.build:555: lustre/kunit] Error 2
lnet/lnet/net_fault.c:852:33: error: call to undeclared function 'from_timer'; ISO C99 and later do not support implicit function declarations [-Wimplicit-function-declaration]
  852 |         struct lnet_delay_rule *rule = cfs_from_timer(rule, data, dl_timer);
      |                                        ^
include/lustre_compat/linux/timer.h:51:2: note: expanded from macro 'cfs_from_timer'
   51 |         from_timer(var, callback_timer, timer_fieldname)
      |         ^
lnet/lnet/net_fault.c:852:33: note: did you mean 'mod_timer'?
include/lustre_compat/linux/timer.h:51:2: note: expanded from macro 'cfs_from_timer'
   51 |         from_timer(var, callback_timer, timer_fieldname)
      |         ^
/home/ktest/git/linux/include/linux/timer.h:151:12: note: 'mod_timer' declared here
  151 | extern int mod_timer(struct timer_list *timer, unsigned long expires);
      |            ^
lnet/lnet/net_fault.c:852:60: error: use of undeclared identifier 'dl_timer'; did you mean 'add_timer'?
  852 |         struct lnet_delay_rule *rule = cfs_from_timer(rule, data, dl_timer);
      |                                                                   ^~~~~~~~
      |                                                                   add_timer
include/lustre_compat/linux/timer.h:51:34: note: expanded from macro 'cfs_from_timer'
   51 |         from_timer(var, callback_timer, timer_fieldname)
      |                                         ^
/home/ktest/git/linux/include/linux/timer.h:161:13: note: 'add_timer' declared here
  161 | extern void add_timer(struct timer_list *timer);
      |             ^
lnet/lnet/net_fault.c:852:26: error: incompatible integer to pointer conversion initializing 'struct lnet_delay_rule *' with an expression of type 'int' [-Wint-conversion]
  852 |         struct lnet_delay_rule *rule = cfs_from_timer(rule, data, dl_timer);
      |                                 ^      ~~~~~~~~~~~~~~~~~~~~~~~~~~~~~~~~~~~~
3 errors generated.
make[8]: *** [/home/ktest/git/linux/scripts/Makefile.build:287: lnet/lnet/net_fault.o] Error 1
make[7]: *** [/home/ktest/git/linux/scripts/Makefile.build:555: lnet/lnet] Error 2
make[6]: *** [/home/ktest/git/linux/scripts/Makefile.build:555: lnet] Error 2
In file included from lustre/mdt/mdt_reint.c:25:
In file included from lustre/mdt/mdt_internal.h:27:
In file included from /tmp/ktest-out/lustre_build.x86_64/lustre/include/upcall_cache.h:19:
In file included from /tmp/ktest-out/lustre_build.x86_64/lustre/include/obd.h:31:
In file included from /tmp/ktest-out/lustre_build.x86_64/lustre/include/lvfs.h:24:
/tmp/ktest-out/lustre_build.x86_64/lustre/include/lustre_compat.h:651:25: error: no member named 'index' in 'struct page'
  651 |                 loff_t lstart = page->index << PAGE_SHIFT;
      |                                 ~~~~  ^
1 error generated.
make[8]: *** [/home/ktest/git/linux/scripts/Makefile.build:287: lustre/mdt/mdt_reint.o] Error 1
In file included from lustre/mdt/mdt_xattr.c:24:
In file included from /tmp/ktest-out/lustre_build.x86_64/lustre/include/obd_class.h:23:
In file included from /tmp/ktest-out/lustre_build.x86_64/lustre/include/obd.h:31:
In file included from /tmp/ktest-out/lustre_build.x86_64/lustre/include/lvfs.h:24:
/tmp/ktest-out/lustre_build.x86_64/lustre/include/lustre_compat.h:651:25: error: no member named 'index' in 'struct page'
  651 |                 loff_t lstart = page->index << PAGE_SHIFT;
      |                                 ~~~~  ^
1 error generated.
make[8]: *** [/home/ktest/git/linux/scripts/Makefile.build:287: lustre/mdt/mdt_xattr.o] Error 1
In file included from lustre/mdt/mdt_identity.c:19:
In file included from lustre/mdt/mdt_internal.h:27:
In file included from /tmp/ktest-out/lustre_build.x86_64/lustre/include/upcall_cache.h:19:
In file included from /tmp/ktest-out/lustre_build.x86_64/lustre/include/obd.h:31:
In file included from /tmp/ktest-out/lustre_build.x86_64/lustre/include/lvfs.h:24:
/tmp/ktest-out/lustre_build.x86_64/lustre/include/lustre_compat.h:651:25: error: no member named 'index' in 'struct page'
  651 |                 loff_t lstart = page->index << PAGE_SHIFT;
      |                                 ~~~~  ^
1 error generated.
make[8]: *** [/home/ktest/git/linux/scripts/Makefile.build:287: lustre/mdt/mdt_identity.o] Error 1
In file included from lustre/mdt/mdt_open.c:23:
In file included from lustre/mdt/mdt_internal.h:27:
In file included from /tmp/ktest-out/lustre_build.x86_64/lustre/include/upcall_cache.h:19:
In file included from /tmp/ktest-out/lustre_build.x86_64/lustre/include/obd.h:31:
In file included from /tmp/ktest-out/lustre_build.x86_64/lustre/include/lvfs.h:24:
/tmp/ktest-out/lustre_build.x86_64/lustre/include/lustre_compat.h:651:25: error: no member named 'index' in 'struct page'
  651 |                 loff_t lstart = page->index << PAGE_SHIFT;
      |                                 ~~~~  ^
1 error generated.
make[8]: *** [/home/ktest/git/linux/scripts/Makefile.build:287: lustre/mdt/mdt_open.o] Error 1
make[7]: *** [/home/ktest/git/linux/scripts/Makefile.build:555: lustre/mdt] Error 2
make[6]: *** [/home/ktest/git/linux/scripts/Makefile.build:555: lustre] Error 2
make[5]: *** [/home/ktest/git/linux/Makefile:2003: .] Error 2
make[4]: *** [/home/ktest/git/linux/Makefile:248: __sub-make] Error 2
make[4]: Leaving directory '/tmp/ktest-out/lustre_build.x86_64'
make[3]: *** [/home/ktest/git/linux/Makefile:248: __sub-make] Error 2
make[3]: Leaving directory '/tmp/ktest-out/kernel_build.x86_64'
make[2]: *** [autoMakefile:1260: modules] Error 2
make[2]: Leaving directory '/tmp/ktest-out/lustre_build.x86_64'
make[1]: *** [autoMakefile:766: all-recursive] Error 1
make[1]: Leaving directory '/tmp/ktest-out/lustre_build.x86_64'
make: *** [autoMakefile:608: all] Error 2
Error 2 at ./qlkbuild 355 from: bear -- make -j$ktest_njobs, exiting
