Creating kernel tarball at /tmp/ktest-kernel.tar.gz...
Creating lustre tarball at /tmp/ktest-lustre.tar.gz...
Executing 16 jobs with dependencies
Jobs will start as soon as their dependencies are satisfied

Starting job: lustre_mainline_native (ktest-out: /tmp/ktest_lustre_mainline_native_eld6xyxi)
Starting job: checkpatch (ktest-out: /tmp/ktest_checkpatch_fzbh93qv)
Starting job: lustre_u24 (ktest-out: /tmp/ktest_lustre_u24_aew4fu4k)
Starting job: lustre_al2023 (ktest-out: /tmp/ktest_lustre_al2023_sdk2spm2)
Starting job: lustre_mainline_strict (ktest-out: /tmp/ktest_lustre_mainline_strict_ol2wyl2o)
Starting job: lustre_mainline (ktest-out: /tmp/ktest_lustre_mainline__plro4ua)
put_archive(/tmp/ktest-kernel.tar.gz): 9.55s
put_archive(/tmp/ktest-kernel.tar.gz): 12.42s
put_archive(/tmp/ktest-kernel.tar.gz): 11.79s
put_archive(/tmp/ktest-kernel.tar.gz): 12.63s
put_archive(/tmp/ktest-kernel.tar.gz): 12.17s
put_archive(/tmp/ktest-kernel.tar.gz): 12.16s
put_archive(/tmp/ktest-lustre.tar.gz): 7.36s
put_archive(/tmp/ktest-lustre.tar.gz): 7.52s
put_archive(/tmp/ktest-lustre.tar.gz): 7.95s
put_archive(/tmp/ktest-lustre.tar.gz): 7.83s
put_archive(/tmp/ktest-lustre.tar.gz): 7.71s
put_archive(/tmp/ktest-lustre.tar.gz): 10.89s
Job checkpatch completed: FAILED (return code = 1, log: /tmp/ktest-results/checkpatch.log)
Job lustre_al2023 completed: SUCCESS (return code = 0, log: /tmp/ktest-results/lustre_al2023.log)
Job lustre_u24 completed: SUCCESS (return code = 0, log: /tmp/ktest-results/lustre_u24.log)
get_archive(ktest-out): 4.30s
Job lustre_mainline_strict completed: FAILED (return code = 1, log: /tmp/ktest-results/lustre_mainline_strict.log)
get_archive(ktest-out): 2.26s
Job lustre_mainline completed: SUCCESS (return code = 0, log: /tmp/ktest-results/lustre_mainline.log)
get_archive(ktest-out): 9.01s
Job lustre_mainline_native completed: SUCCESS (return code = 0, log: /tmp/ktest-results/lustre_mainline_native.log)
Starting job: clang-tidy (ktest-out: /tmp/ktest_lustre_mainline_native_eld6xyxi)
Starting job: cc-plugin (ktest-out: /tmp/ktest_lustre_mainline_native_eld6xyxi)
Starting job: boot (ktest-out: /tmp/ktest_lustre_mainline_native_eld6xyxi)
Starting job: llmount (ktest-out: /tmp/ktest_lustre_mainline_native_eld6xyxi)
Starting job: llog-unit (ktest-out: /tmp/ktest_lustre_mainline_native_eld6xyxi)
Starting job: mgs-setup (ktest-out: /tmp/ktest_lustre_mainline_native_eld6xyxi)
Starting job: sanity-1 (ktest-out: /tmp/ktest_lustre_mainline_native_eld6xyxi)
Starting job: sanity-2 (ktest-out: /tmp/ktest_lustre_mainline_native_eld6xyxi)
Starting job: sanity-3 (ktest-out: /tmp/ktest_lustre_mainline_native_eld6xyxi)
Starting job: sanity-4 (ktest-out: /tmp/ktest_lustre_mainline_native_eld6xyxi)
put_archive(/tmp/ktest_lustre_mainline_native_eld6xyxi.tar): 5.68s
put_archive(/tmp/ktest_lustre_mainline_native_eld6xyxi.tar): 1.34s
put_archive(/tmp/ktest-kernel.tar.gz): 4.89s
put_archive(/tmp/ktest-lustre.tar.gz): 20.28s
put_archive(/tmp/ktest_lustre_mainline_native_eld6xyxi.tar): 40.77s
put_archive(/tmp/ktest_lustre_mainline_native_eld6xyxi.tar): 40.31s
put_archive(/tmp/ktest_lustre_mainline_native_eld6xyxi.tar): 40.58s
put_archive(/tmp/ktest_lustre_mainline_native_eld6xyxi.tar): 40.34s
put_archive(/tmp/ktest-kernel.tar.gz): 40.27s
put_archive(/tmp/ktest_lustre_mainline_native_eld6xyxi.tar): 40.63s
put_archive(/tmp/ktest-lustre.tar.gz): 57.79s
put_archive(/tmp/ktest_lustre_mainline_native_eld6xyxi.tar): 57.39s
put_archive(/tmp/ktest_lustre_mainline_native_eld6xyxi.tar): 57.40s
put_archive(/tmp/ktest_lustre_mainline_native_eld6xyxi.tar): 28.46s
Job boot completed: SUCCESS (return code = 0, log: /tmp/ktest-results/boot.log)
Job clang-tidy completed: SUCCESS (return code = 0, log: /tmp/ktest-results/clang-tidy.log)
Job llmount completed: SUCCESS (return code = 0, log: /tmp/ktest-results/llmount.log)
Job cc-plugin completed: FAILED (return code = 127, log: /tmp/ktest-results/cc-plugin.log)
Job mgs-setup completed: SUCCESS (return code = 0, log: /tmp/ktest-results/mgs-setup.log)
Job sanity-4 completed: SUCCESS (return code = 0, log: /tmp/ktest-results/sanity-4.log)
Job llog-unit completed: SUCCESS (return code = 0, log: /tmp/ktest-results/llog-unit.log)
Job sanity-3 completed: SUCCESS (return code = 0, log: /tmp/ktest-results/sanity-3.log)
Job sanity-1 completed: SUCCESS (return code = 0, log: /tmp/ktest-results/sanity-1.log)
Job sanity-2 completed: SUCCESS (return code = 0, log: /tmp/ktest-results/sanity-2.log)

============================================================
Final Results:
  checkpatch: FAILED (return code = 1, log: /tmp/ktest-results/checkpatch.log)
  lustre_u24: SUCCESS (return code = 0, log: /tmp/ktest-results/lustre_u24.log)
  lustre_al2023: SUCCESS (return code = 0, log: /tmp/ktest-results/lustre_al2023.log)
  lustre_mainline_strict: FAILED (return code = 1, log: /tmp/ktest-results/lustre_mainline_strict.log)
  lustre_mainline: SUCCESS (return code = 0, log: /tmp/ktest-results/lustre_mainline.log)
  lustre_mainline_native: SUCCESS (return code = 0, log: /tmp/ktest-results/lustre_mainline_native.log)
  clang-tidy: SUCCESS (return code = 0, log: /tmp/ktest-results/clang-tidy.log)
  cc-plugin: FAILED (return code = 127, log: /tmp/ktest-results/cc-plugin.log)
  boot: SUCCESS (return code = 0, log: /tmp/ktest-results/boot.log)
  llmount: SUCCESS (return code = 0, log: /tmp/ktest-results/llmount.log)
  llog-unit: SUCCESS (return code = 0, log: /tmp/ktest-results/llog-unit.log)
  mgs-setup: SUCCESS (return code = 0, log: /tmp/ktest-results/mgs-setup.log)
  sanity-1: SUCCESS (return code = 0, log: /tmp/ktest-results/sanity-1.log)
  sanity-2: SUCCESS (return code = 0, log: /tmp/ktest-results/sanity-2.log)
  sanity-3: SUCCESS (return code = 0, log: /tmp/ktest-results/sanity-3.log)
  sanity-4: SUCCESS (return code = 0, log: /tmp/ktest-results/sanity-4.log)