<html lang="en">
<body>
<pre>
Creating kernel tarball at /tmp/ktest-kernel.tar.gz...
Creating lustre tarball at /tmp/ktest-lustre.tar.gz...
Creating ccplugin tarball at /tmp/ktest-ccplugin.tar.gz...
Executing 18 jobs with dependencies
Jobs will start as soon as their dependencies are satisfied

Starting job: lustre_al2023 (ktest-out: /tmp/ktest_lustre_al2023_5ij1kzk_)
Starting job: lustre_u24_userland (ktest-out: /tmp/ktest_lustre_u24_userland_on871i21)
Starting job: checkpatch (ktest-out: /tmp/ktest_checkpatch_3kjqwi6r)
Starting job: lustre_mainline_native (ktest-out: /tmp/ktest_lustre_mainline_native_qto9x5q0)
Starting job: lustre_al2023_userland (ktest-out: /tmp/ktest_lustre_al2023_userland_i2ooljbm)
Starting job: lustre_mainline (ktest-out: /tmp/ktest_lustre_mainline_7am_re6s)
Starting job: lustre_mainline_strict (ktest-out: /tmp/ktest_lustre_mainline_strict__oqk6jqg)
Starting job: lustre_u24 (ktest-out: /tmp/ktest_lustre_u24_c53ogefo)
put_archive(/tmp/ktest-kernel.tar.gz): 8.54s
put_archive(/tmp/ktest-kernel.tar.gz): 8.63s
put_archive(/tmp/ktest-kernel.tar.gz): 8.76s
put_archive(/tmp/ktest-kernel.tar.gz): 8.75s
put_archive(/tmp/ktest-kernel.tar.gz): 8.93s
put_archive(/tmp/ktest-kernel.tar.gz): 9.16s
put_archive(/tmp/ktest-kernel.tar.gz): 9.13s
put_archive(/tmp/ktest-kernel.tar.gz): 9.29s
put_archive(/tmp/ktest-lustre.tar.gz): 0.72s
put_archive(/tmp/ktest-lustre.tar.gz): 0.99s
put_archive(/tmp/ktest-lustre.tar.gz): 1.31s
put_archive(/tmp/ktest-lustre.tar.gz): 1.46s
put_archive(/tmp/ktest-lustre.tar.gz): 0.65s
put_archive(/tmp/ktest-lustre.tar.gz): 1.20s
put_archive(/tmp/ktest-lustre.tar.gz): 0.92s
put_archive(/tmp/ktest-lustre.tar.gz): 0.53s
put_archive(/tmp/ktest-ccplugin.tar.gz): 0.08s
Job checkpatch completed: SUCCESS (return code = 0, log: /tmp/ktest-results/checkpatch.log)
Job lustre_u24_userland completed: FAILED (return code = 2, log: /tmp/ktest-results/lustre_u24_userland.log)
Job lustre_al2023_userland completed: FAILED (return code = 2, log: /tmp/ktest-results/lustre_al2023_userland.log)
Job lustre_al2023 completed: SUCCESS (return code = 0, log: /tmp/ktest-results/lustre_al2023.log)
Job lustre_u24 completed: SUCCESS (return code = 0, log: /tmp/ktest-results/lustre_u24.log)
get_archive(ktest-out): 4.98s
Job lustre_mainline_strict completed: FAILED (return code = 1, log: /tmp/ktest-results/lustre_mainline_strict.log)
get_archive(ktest-out): 2.24s
get_archive(ktest-out): 2.29s
Job lustre_mainline_native completed: SUCCESS (return code = 0, log: /tmp/ktest-results/lustre_mainline_native.log)
Starting job: clang-tidy (ktest-out: /tmp/ktest_lustre_mainline_native_qto9x5q0)
Starting job: cc-plugin (ktest-out: /tmp/ktest_lustre_mainline_native_qto9x5q0)
Starting job: boot (ktest-out: /tmp/ktest_lustre_mainline_native_qto9x5q0)
Starting job: llmount (ktest-out: /tmp/ktest_lustre_mainline_native_qto9x5q0)
Starting job: llog-unit (ktest-out: /tmp/ktest_lustre_mainline_native_qto9x5q0)
Starting job: mgs-setup (ktest-out: /tmp/ktest_lustre_mainline_native_qto9x5q0)
Starting job: sanity-1 (ktest-out: /tmp/ktest_lustre_mainline_native_qto9x5q0)
Starting job: sanity-2 (ktest-out: /tmp/ktest_lustre_mainline_native_qto9x5q0)
Starting job: sanity-3 (ktest-out: /tmp/ktest_lustre_mainline_native_qto9x5q0)
Starting job: sanity-4 (ktest-out: /tmp/ktest_lustre_mainline_native_qto9x5q0)
Job lustre_mainline completed: SUCCESS (return code = 0, log: /tmp/ktest-results/lustre_mainline.log)
put_archive(/tmp/ktest-kernel.tar.gz): 7.61s
put_archive(/tmp/ktest_lustre_mainline_native_qto9x5q0.tar): 7.58s
put_archive(/tmp/ktest-kernel.tar.gz): 7.71s
put_archive(/tmp/ktest_lustre_mainline_native_qto9x5q0.tar): 7.99s
put_archive(/tmp/ktest_lustre_mainline_native_qto9x5q0.tar): 7.89s
put_archive(/tmp/ktest_lustre_mainline_native_qto9x5q0.tar): 7.79s
put_archive(/tmp/ktest_lustre_mainline_native_qto9x5q0.tar): 7.89s
put_archive(/tmp/ktest_lustre_mainline_native_qto9x5q0.tar): 7.82s
put_archive(/tmp/ktest_lustre_mainline_native_qto9x5q0.tar): 7.95s
put_archive(/tmp/ktest_lustre_mainline_native_qto9x5q0.tar): 7.90s
put_archive(/tmp/ktest-lustre.tar.gz): 0.56s
put_archive(/tmp/ktest-lustre.tar.gz): 0.45s
put_archive(/tmp/ktest-ccplugin.tar.gz): 0.34s
put_archive(/tmp/ktest-ccplugin.tar.gz): 1.13s
put_archive(/tmp/ktest_lustre_mainline_native_qto9x5q0.tar): 6.82s
put_archive(/tmp/ktest_lustre_mainline_native_qto9x5q0.tar): 6.13s
Job cc-plugin completed: FAILED (return code = 127, log: /tmp/ktest-results/cc-plugin.log)
Job clang-tidy completed: SUCCESS (return code = 0, log: /tmp/ktest-results/clang-tidy.log)
Job boot completed: SUCCESS (return code = 0, log: /tmp/ktest-results/boot.log)
Job mgs-setup completed: SUCCESS (return code = 0, log: /tmp/ktest-results/mgs-setup.log)
Job sanity-4 completed: SUCCESS (return code = 0, log: /tmp/ktest-results/sanity-4.log)
Job sanity-3 completed: SUCCESS (return code = 0, log: /tmp/ktest-results/sanity-3.log)
Job sanity-2 completed: SUCCESS (return code = 0, log: /tmp/ktest-results/sanity-2.log)
Job llog-unit completed: SUCCESS (return code = 0, log: /tmp/ktest-results/llog-unit.log)
Job sanity-1 completed: SUCCESS (return code = 0, log: /tmp/ktest-results/sanity-1.log)
Job llmount completed: SUCCESS (return code = 0, log: /tmp/ktest-results/llmount.log)

============================================================
Final Results:
  checkpatch: SUCCESS (return code = 0, log: /tmp/ktest-results/checkpatch.log)
  lustre_u24: SUCCESS (return code = 0, log: /tmp/ktest-results/lustre_u24.log)
  lustre_al2023: SUCCESS (return code = 0, log: /tmp/ktest-results/lustre_al2023.log)
  lustre_u24_userland: FAILED (return code = 2, log: /tmp/ktest-results/lustre_u24_userland.log)
  lustre_al2023_userland: FAILED (return code = 2, log: /tmp/ktest-results/lustre_al2023_userland.log)
  lustre_mainline_strict: FAILED (return code = 1, log: /tmp/ktest-results/lustre_mainline_strict.log)
  lustre_mainline: SUCCESS (return code = 0, log: /tmp/ktest-results/lustre_mainline.log)
  lustre_mainline_native: SUCCESS (return code = 0, log: /tmp/ktest-results/lustre_mainline_native.log)
  clang-tidy: SUCCESS (return code = 0, log: /tmp/ktest-results/clang-tidy.log)
  cc-plugin: FAILED (return code = 127, log: /tmp/ktest-results/cc-plugin.log)
  boot: SUCCESS (return code = 0, log: /tmp/ktest-results/boot.log)
  llmount: SUCCESS (return code = 0, log: /tmp/ktest-results/llmount.log)
  llog-unit: SUCCESS (return code = 0, log: /tmp/ktest-results/llog-unit.log)
  mgs-setup: SUCCESS (return code = 0, log: /tmp/ktest-results/mgs-setup.log)
  sanity-1: SUCCESS (return code = 0, log: /tmp/ktest-results/sanity-1.log)
  sanity-2: SUCCESS (return code = 0, log: /tmp/ktest-results/sanity-2.log)
  sanity-3: SUCCESS (return code = 0, log: /tmp/ktest-results/sanity-3.log)
  sanity-4: SUCCESS (return code = 0, log: /tmp/ktest-results/sanity-4.log)
</pre>
</body>
</html>
