<html lang="en">
<body>
<pre>
Creating kernel tarball at /tmp/ktest-kernel.tar.gz...
Creating lustre tarball at /tmp/ktest-lustre.tar.gz...
Executing 16 jobs with dependencies
Jobs will start as soon as their dependencies are satisfied

Starting job: lustre_mainline (ktest-out: /tmp/ktest_lustre_mainline_ydglycgh)
Starting job: lustre_mainline_strict (ktest-out: /tmp/ktest_lustre_mainline_strict_jxm1x19s)
Starting job: lustre_u24 (ktest-out: /tmp/ktest_lustre_u24_90lv_ys9)
Starting job: lustre_al2023 (ktest-out: /tmp/ktest_lustre_al2023_r3izi4e7)
Starting job: lustre_mainline_native (ktest-out: /tmp/ktest_lustre_mainline_native_scvluhdg)
Starting job: checkpatch (ktest-out: /tmp/ktest_checkpatch_gaab3kuf)
put_archive(/tmp/ktest-kernel.tar.gz): 7.25s
put_archive(/tmp/ktest-kernel.tar.gz): 7.52s
put_archive(/tmp/ktest-kernel.tar.gz): 7.28s
put_archive(/tmp/ktest-kernel.tar.gz): 7.24s
put_archive(/tmp/ktest-kernel.tar.gz): 7.72s
put_archive(/tmp/ktest-kernel.tar.gz): 7.54s
put_archive(/tmp/ktest-lustre.tar.gz): 2.99s
put_archive(/tmp/ktest-lustre.tar.gz): 3.85s
put_archive(/tmp/ktest-lustre.tar.gz): 3.16s
put_archive(/tmp/ktest-lustre.tar.gz): 2.63s
put_archive(/tmp/ktest-lustre.tar.gz): 2.93s
put_archive(/tmp/ktest-lustre.tar.gz): 2.80s
Job checkpatch completed: FAILED (return code = 1, log: /tmp/ktest-results/checkpatch.log)
Job lustre_al2023 completed: SUCCESS (return code = 0, log: /tmp/ktest-results/lustre_al2023.log)
Job lustre_u24 completed: SUCCESS (return code = 0, log: /tmp/ktest-results/lustre_u24.log)
get_archive(ktest-out): 3.49s
Job lustre_mainline_strict completed: FAILED (return code = 1, log: /tmp/ktest-results/lustre_mainline_strict.log)
get_archive(ktest-out): 3.04s
get_archive(ktest-out): 3.13s
Job lustre_mainline_native completed: SUCCESS (return code = 0, log: /tmp/ktest-results/lustre_mainline_native.log)
Starting job: clang-tidy (ktest-out: /tmp/ktest_lustre_mainline_native_scvluhdg)
Starting job: cc-plugin (ktest-out: /tmp/ktest_lustre_mainline_native_scvluhdg)
Starting job: boot (ktest-out: /tmp/ktest_lustre_mainline_native_scvluhdg)
Starting job: llmount (ktest-out: /tmp/ktest_lustre_mainline_native_scvluhdg)
Starting job: llog-unit (ktest-out: /tmp/ktest_lustre_mainline_native_scvluhdg)
Starting job: mgs-setup (ktest-out: /tmp/ktest_lustre_mainline_native_scvluhdg)
Starting job: sanity-1 (ktest-out: /tmp/ktest_lustre_mainline_native_scvluhdg)
Starting job: sanity-2 (ktest-out: /tmp/ktest_lustre_mainline_native_scvluhdg)
Starting job: sanity-3 (ktest-out: /tmp/ktest_lustre_mainline_native_scvluhdg)
Starting job: sanity-4 (ktest-out: /tmp/ktest_lustre_mainline_native_scvluhdg)
Job lustre_mainline completed: SUCCESS (return code = 0, log: /tmp/ktest-results/lustre_mainline.log)
put_archive(/tmp/ktest_lustre_mainline_native_scvluhdg.tar): 4.68s
put_archive(/tmp/ktest_lustre_mainline_native_scvluhdg.tar): 39.46s
put_archive(/tmp/ktest_lustre_mainline_native_scvluhdg.tar): 39.14s
put_archive(/tmp/ktest-kernel.tar.gz): 39.23s
put_archive(/tmp/ktest_lustre_mainline_native_scvluhdg.tar): 39.29s
put_archive(/tmp/ktest_lustre_mainline_native_scvluhdg.tar): 39.76s
put_archive(/tmp/ktest_lustre_mainline_native_scvluhdg.tar): 39.42s
put_archive(/tmp/ktest-lustre.tar.gz): 52.96s
put_archive(/tmp/ktest_lustre_mainline_native_scvluhdg.tar): 52.39s
put_archive(/tmp/ktest_lustre_mainline_native_scvluhdg.tar): 26.78s
put_archive(/tmp/ktest_lustre_mainline_native_scvluhdg.tar): 26.77s
put_archive(/tmp/ktest-kernel.tar.gz): 26.78s
put_archive(/tmp/ktest-lustre.tar.gz): 3.50s
Job mgs-setup completed: SUCCESS (return code = 0, log: /tmp/ktest-results/mgs-setup.log)
Job cc-plugin completed: FAILED (return code = 127, log: /tmp/ktest-results/cc-plugin.log)
Job boot completed: SUCCESS (return code = 0, log: /tmp/ktest-results/boot.log)
put_archive(/tmp/ktest_lustre_mainline_native_scvluhdg.tar): 7.23s
Job sanity-3 completed: SUCCESS (return code = 0, log: /tmp/ktest-results/sanity-3.log)
Job clang-tidy completed: SUCCESS (return code = 0, log: /tmp/ktest-results/clang-tidy.log)
Job sanity-1 completed: SUCCESS (return code = 0, log: /tmp/ktest-results/sanity-1.log)
Job llmount completed: SUCCESS (return code = 0, log: /tmp/ktest-results/llmount.log)
Job sanity-2 completed: SUCCESS (return code = 0, log: /tmp/ktest-results/sanity-2.log)
Job llog-unit completed: SUCCESS (return code = 0, log: /tmp/ktest-results/llog-unit.log)
Job sanity-4 completed: SUCCESS (return code = 0, log: /tmp/ktest-results/sanity-4.log)

============================================================
Final Results:
  checkpatch: FAILED (return code = 1, log: /tmp/ktest-results/checkpatch.log)
  lustre_u24: SUCCESS (return code = 0, log: /tmp/ktest-results/lustre_u24.log)
  lustre_al2023: SUCCESS (return code = 0, log: /tmp/ktest-results/lustre_al2023.log)
  lustre_mainline_strict: FAILED (return code = 1, log: /tmp/ktest-results/lustre_mainline_strict.log)
  lustre_mainline: SUCCESS (return code = 0, log: /tmp/ktest-results/lustre_mainline.log)
  lustre_mainline_native: SUCCESS (return code = 0, log: /tmp/ktest-results/lustre_mainline_native.log)
  clang-tidy: SUCCESS (return code = 0, log: /tmp/ktest-results/clang-tidy.log)
  cc-plugin: FAILED (return code = 127, log: /tmp/ktest-results/cc-plugin.log)
  boot: SUCCESS (return code = 0, log: /tmp/ktest-results/boot.log)
  llmount: SUCCESS (return code = 0, log: /tmp/ktest-results/llmount.log)
  llog-unit: SUCCESS (return code = 0, log: /tmp/ktest-results/llog-unit.log)
  mgs-setup: SUCCESS (return code = 0, log: /tmp/ktest-results/mgs-setup.log)
  sanity-1: SUCCESS (return code = 0, log: /tmp/ktest-results/sanity-1.log)
  sanity-2: SUCCESS (return code = 0, log: /tmp/ktest-results/sanity-2.log)
  sanity-3: SUCCESS (return code = 0, log: /tmp/ktest-results/sanity-3.log)
  sanity-4: SUCCESS (return code = 0, log: /tmp/ktest-results/sanity-4.log)
</pre>
</body>
</html>
