Creating kernel tarball at /tmp/ktest-kernel.tar.gz...
Creating lustre tarball at /tmp/ktest-lustre.tar.gz...
Executing 16 jobs with dependencies
Jobs will start as soon as their dependencies are satisfied

Starting job: checkpatch (ktest-out: /tmp/ktest_checkpatch_u6ena9oz)
Starting job: lustre_mainline_native (ktest-out: /tmp/ktest_lustre_mainline_native_o2th7n0m)
Starting job: lustre_u24 (ktest-out: /tmp/ktest_lustre_u24_6nezlovh)
Starting job: lustre_al2023 (ktest-out: /tmp/ktest_lustre_al2023_4fy8vyl1)
Starting job: lustre_mainline (ktest-out: /tmp/ktest_lustre_mainline_1xyawmu1)
Starting job: lustre_mainline_strict (ktest-out: /tmp/ktest_lustre_mainline_strict_gseogta_)
put_archive(/tmp/ktest-kernel.tar.gz): 7.63s
put_archive(/tmp/ktest-kernel.tar.gz): 10.29s
put_archive(/tmp/ktest-kernel.tar.gz): 10.14s
put_archive(/tmp/ktest-kernel.tar.gz): 10.30s
put_archive(/tmp/ktest-kernel.tar.gz): 10.41s
put_archive(/tmp/ktest-kernel.tar.gz): 10.54s
put_archive(/tmp/ktest-lustre.tar.gz): 6.84s
put_archive(/tmp/ktest-lustre.tar.gz): 6.27s
put_archive(/tmp/ktest-lustre.tar.gz): 6.74s
put_archive(/tmp/ktest-lustre.tar.gz): 9.73s
put_archive(/tmp/ktest-lustre.tar.gz): 6.47s
put_archive(/tmp/ktest-lustre.tar.gz): 6.63s
Job checkpatch completed: FAILED (return code = 1, log: /tmp/ktest-results/checkpatch.log)
Job lustre_al2023 completed: SUCCESS (return code = 0, log: /tmp/ktest-results/lustre_al2023.log)
Job lustre_u24 completed: SUCCESS (return code = 0, log: /tmp/ktest-results/lustre_u24.log)
get_archive(ktest-out): 3.67s
Job lustre_mainline_strict completed: FAILED (return code = 1, log: /tmp/ktest-results/lustre_mainline_strict.log)
get_archive(ktest-out): 2.20s
Job lustre_mainline_native completed: SUCCESS (return code = 0, log: /tmp/ktest-results/lustre_mainline_native.log)
Starting job: clang-tidy (ktest-out: /tmp/ktest_lustre_mainline_native_o2th7n0m)
Starting job: cc-plugin (ktest-out: /tmp/ktest_lustre_mainline_native_o2th7n0m)
Starting job: boot (ktest-out: /tmp/ktest_lustre_mainline_native_o2th7n0m)
Starting job: llmount (ktest-out: /tmp/ktest_lustre_mainline_native_o2th7n0m)
Starting job: llog-unit (ktest-out: /tmp/ktest_lustre_mainline_native_o2th7n0m)
Starting job: mgs-setup (ktest-out: /tmp/ktest_lustre_mainline_native_o2th7n0m)
Starting job: sanity-1 (ktest-out: /tmp/ktest_lustre_mainline_native_o2th7n0m)
Starting job: sanity-2 (ktest-out: /tmp/ktest_lustre_mainline_native_o2th7n0m)
Starting job: sanity-3 (ktest-out: /tmp/ktest_lustre_mainline_native_o2th7n0m)
Starting job: sanity-4 (ktest-out: /tmp/ktest_lustre_mainline_native_o2th7n0m)
get_archive(ktest-out): 5.17s
put_archive(/tmp/ktest_lustre_mainline_native_o2th7n0m.tar): 3.32s
Job lustre_mainline completed: SUCCESS (return code = 0, log: /tmp/ktest-results/lustre_mainline.log)
put_archive(/tmp/ktest_lustre_mainline_native_o2th7n0m.tar): 10.67s
put_archive(/tmp/ktest_lustre_mainline_native_o2th7n0m.tar): 17.84s
put_archive(/tmp/ktest_lustre_mainline_native_o2th7n0m.tar): 51.48s
put_archive(/tmp/ktest-kernel.tar.gz): 51.21s
put_archive(/tmp/ktest-kernel.tar.gz): 51.24s
put_archive(/tmp/ktest_lustre_mainline_native_o2th7n0m.tar): 50.95s
put_archive(/tmp/ktest_lustre_mainline_native_o2th7n0m.tar): 51.23s
put_archive(/tmp/ktest_lustre_mainline_native_o2th7n0m.tar): 51.31s
put_archive(/tmp/ktest-lustre.tar.gz): 51.63s
put_archive(/tmp/ktest-lustre.tar.gz): 51.53s
put_archive(/tmp/ktest_lustre_mainline_native_o2th7n0m.tar): 51.22s
put_archive(/tmp/ktest_lustre_mainline_native_o2th7n0m.tar): 22.94s
put_archive(/tmp/ktest_lustre_mainline_native_o2th7n0m.tar): 23.02s
Job boot completed: SUCCESS (return code = 0, log: /tmp/ktest-results/boot.log)
Job mgs-setup completed: SUCCESS (return code = 0, log: /tmp/ktest-results/mgs-setup.log)
Job sanity-2 completed: SUCCESS (return code = 0, log: /tmp/ktest-results/sanity-2.log)
Job cc-plugin completed: FAILED (return code = 127, log: /tmp/ktest-results/cc-plugin.log)
Job sanity-1 completed: SUCCESS (return code = 0, log: /tmp/ktest-results/sanity-1.log)
Job clang-tidy completed: SUCCESS (return code = 0, log: /tmp/ktest-results/clang-tidy.log)
Job llog-unit completed: SUCCESS (return code = 0, log: /tmp/ktest-results/llog-unit.log)
Job sanity-3 completed: SUCCESS (return code = 0, log: /tmp/ktest-results/sanity-3.log)
Job llmount completed: SUCCESS (return code = 0, log: /tmp/ktest-results/llmount.log)
Job sanity-4 completed: SUCCESS (return code = 0, log: /tmp/ktest-results/sanity-4.log)

============================================================
Final Results:
  checkpatch: FAILED (return code = 1, log: /tmp/ktest-results/checkpatch.log)
  lustre_u24: SUCCESS (return code = 0, log: /tmp/ktest-results/lustre_u24.log)
  lustre_al2023: SUCCESS (return code = 0, log: /tmp/ktest-results/lustre_al2023.log)
  lustre_mainline_strict: FAILED (return code = 1, log: /tmp/ktest-results/lustre_mainline_strict.log)
  lustre_mainline: SUCCESS (return code = 0, log: /tmp/ktest-results/lustre_mainline.log)
  lustre_mainline_native: SUCCESS (return code = 0, log: /tmp/ktest-results/lustre_mainline_native.log)
  clang-tidy: SUCCESS (return code = 0, log: /tmp/ktest-results/clang-tidy.log)
  cc-plugin: FAILED (return code = 127, log: /tmp/ktest-results/cc-plugin.log)
  boot: SUCCESS (return code = 0, log: /tmp/ktest-results/boot.log)
  llmount: SUCCESS (return code = 0, log: /tmp/ktest-results/llmount.log)
  llog-unit: SUCCESS (return code = 0, log: /tmp/ktest-results/llog-unit.log)
  mgs-setup: SUCCESS (return code = 0, log: /tmp/ktest-results/mgs-setup.log)
  sanity-1: SUCCESS (return code = 0, log: /tmp/ktest-results/sanity-1.log)
  sanity-2: SUCCESS (return code = 0, log: /tmp/ktest-results/sanity-2.log)
  sanity-3: SUCCESS (return code = 0, log: /tmp/ktest-results/sanity-3.log)
  sanity-4: SUCCESS (return code = 0, log: /tmp/ktest-results/sanity-4.log)