Creating kernel tarball at /tmp/ktest-kernel.tar.gz...
Creating lustre tarball at /tmp/ktest-lustre.tar.gz...
Executing 16 jobs with dependencies
Jobs will start as soon as their dependencies are satisfied

Starting job: lustre_mainline (ktest-out: /tmp/ktest_lustre_mainline_9tibeyee)
Starting job: lustre_al2023 (ktest-out: /tmp/ktest_lustre_al2023_zje54z36)
Starting job: checkpatch (ktest-out: /tmp/ktest_checkpatch_9vxefv1i)
Starting job: lustre_mainline_strict (ktest-out: /tmp/ktest_lustre_mainline_strict_whp1cf0d)
Starting job: lustre_mainline_native (ktest-out: /tmp/ktest_lustre_mainline_native_gdktswrc)
Starting job: lustre_u24 (ktest-out: /tmp/ktest_lustre_u24__1fyz_o8)
put_archive(/tmp/ktest-kernel.tar.gz): 7.35s
put_archive(/tmp/ktest-kernel.tar.gz): 9.21s
put_archive(/tmp/ktest-kernel.tar.gz): 9.32s
put_archive(/tmp/ktest-kernel.tar.gz): 9.35s
put_archive(/tmp/ktest-kernel.tar.gz): 8.98s
put_archive(/tmp/ktest-kernel.tar.gz): 10.19s
put_archive(/tmp/ktest-lustre.tar.gz): 7.43s
put_archive(/tmp/ktest-lustre.tar.gz): 7.92s
put_archive(/tmp/ktest-lustre.tar.gz): 7.33s
put_archive(/tmp/ktest-lustre.tar.gz): 10.17s
put_archive(/tmp/ktest-lustre.tar.gz): 7.65s
put_archive(/tmp/ktest-lustre.tar.gz): 7.82s
Job checkpatch completed: FAILED (return code = 1, log: /tmp/ktest-results/checkpatch.log)
Job lustre_u24 completed: SUCCESS (return code = 0, log: /tmp/ktest-results/lustre_u24.log)
Job lustre_al2023 completed: SUCCESS (return code = 0, log: /tmp/ktest-results/lustre_al2023.log)
get_archive(ktest-out): 3.39s
Job lustre_mainline_strict completed: FAILED (return code = 1, log: /tmp/ktest-results/lustre_mainline_strict.log)
get_archive(ktest-out): 3.01s
get_archive(ktest-out): 3.09s
Job lustre_mainline completed: SUCCESS (return code = 0, log: /tmp/ktest-results/lustre_mainline.log)
Job lustre_mainline_native completed: SUCCESS (return code = 0, log: /tmp/ktest-results/lustre_mainline_native.log)
Starting job: clang-tidy (ktest-out: /tmp/ktest_lustre_mainline_native_gdktswrc)
Starting job: cc-plugin (ktest-out: /tmp/ktest_lustre_mainline_native_gdktswrc)
Starting job: boot (ktest-out: /tmp/ktest_lustre_mainline_native_gdktswrc)
Starting job: llmount (ktest-out: /tmp/ktest_lustre_mainline_native_gdktswrc)
Starting job: llog-unit (ktest-out: /tmp/ktest_lustre_mainline_native_gdktswrc)
Starting job: mgs-setup (ktest-out: /tmp/ktest_lustre_mainline_native_gdktswrc)
Starting job: sanity-1 (ktest-out: /tmp/ktest_lustre_mainline_native_gdktswrc)
Starting job: sanity-2 (ktest-out: /tmp/ktest_lustre_mainline_native_gdktswrc)
Starting job: sanity-3 (ktest-out: /tmp/ktest_lustre_mainline_native_gdktswrc)
Starting job: sanity-4 (ktest-out: /tmp/ktest_lustre_mainline_native_gdktswrc)
put_archive(/tmp/ktest_lustre_mainline_native_gdktswrc.tar): 2.49s
put_archive(/tmp/ktest_lustre_mainline_native_gdktswrc.tar): 32.70s
put_archive(/tmp/ktest_lustre_mainline_native_gdktswrc.tar): 32.79s
put_archive(/tmp/ktest-kernel.tar.gz): 33.45s
put_archive(/tmp/ktest_lustre_mainline_native_gdktswrc.tar): 32.83s
put_archive(/tmp/ktest-lustre.tar.gz): 50.56s
put_archive(/tmp/ktest_lustre_mainline_native_gdktswrc.tar): 50.76s
put_archive(/tmp/ktest_lustre_mainline_native_gdktswrc.tar): 50.31s
put_archive(/tmp/ktest_lustre_mainline_native_gdktswrc.tar): 50.05s
put_archive(/tmp/ktest_lustre_mainline_native_gdktswrc.tar): 50.39s
put_archive(/tmp/ktest_lustre_mainline_native_gdktswrc.tar): 50.43s
put_archive(/tmp/ktest-kernel.tar.gz): 50.55s
put_archive(/tmp/ktest-lustre.tar.gz): 11.78s
Job llmount completed: SUCCESS (return code = 0, log: /tmp/ktest-results/llmount.log)
put_archive(/tmp/ktest_lustre_mainline_native_gdktswrc.tar): 7.06s
Job clang-tidy completed: SUCCESS (return code = 0, log: /tmp/ktest-results/clang-tidy.log)
Job cc-plugin completed: FAILED (return code = 127, log: /tmp/ktest-results/cc-plugin.log)
Job mgs-setup completed: SUCCESS (return code = 0, log: /tmp/ktest-results/mgs-setup.log)
Job boot completed: SUCCESS (return code = 0, log: /tmp/ktest-results/boot.log)
Job sanity-3 completed: SUCCESS (return code = 0, log: /tmp/ktest-results/sanity-3.log)
Job sanity-4 completed: SUCCESS (return code = 0, log: /tmp/ktest-results/sanity-4.log)
Job sanity-2 completed: SUCCESS (return code = 0, log: /tmp/ktest-results/sanity-2.log)
Job sanity-1 completed: SUCCESS (return code = 0, log: /tmp/ktest-results/sanity-1.log)
Job llog-unit completed: SUCCESS (return code = 0, log: /tmp/ktest-results/llog-unit.log)

============================================================
Final Results:
  checkpatch: FAILED (return code = 1, log: /tmp/ktest-results/checkpatch.log)
  lustre_u24: SUCCESS (return code = 0, log: /tmp/ktest-results/lustre_u24.log)
  lustre_al2023: SUCCESS (return code = 0, log: /tmp/ktest-results/lustre_al2023.log)
  lustre_mainline_strict: FAILED (return code = 1, log: /tmp/ktest-results/lustre_mainline_strict.log)
  lustre_mainline: SUCCESS (return code = 0, log: /tmp/ktest-results/lustre_mainline.log)
  lustre_mainline_native: SUCCESS (return code = 0, log: /tmp/ktest-results/lustre_mainline_native.log)
  clang-tidy: SUCCESS (return code = 0, log: /tmp/ktest-results/clang-tidy.log)
  cc-plugin: FAILED (return code = 127, log: /tmp/ktest-results/cc-plugin.log)
  boot: SUCCESS (return code = 0, log: /tmp/ktest-results/boot.log)
  llmount: SUCCESS (return code = 0, log: /tmp/ktest-results/llmount.log)
  llog-unit: SUCCESS (return code = 0, log: /tmp/ktest-results/llog-unit.log)
  mgs-setup: SUCCESS (return code = 0, log: /tmp/ktest-results/mgs-setup.log)
  sanity-1: SUCCESS (return code = 0, log: /tmp/ktest-results/sanity-1.log)
  sanity-2: SUCCESS (return code = 0, log: /tmp/ktest-results/sanity-2.log)
  sanity-3: SUCCESS (return code = 0, log: /tmp/ktest-results/sanity-3.log)
  sanity-4: SUCCESS (return code = 0, log: /tmp/ktest-results/sanity-4.log)