<html lang="en">
<body>
<pre>
Creating kernel tarball at /tmp/ktest-kernel.tar.gz...
Creating lustre tarball at /tmp/ktest-lustre.tar.gz...
Executing 16 jobs with dependencies
Jobs will start as soon as their dependencies are satisfied

Starting job: lustre_mainline_strict (ktest-out: /tmp/ktest_lustre_mainline_strict_n5cnjmwu)
Starting job: lustre_mainline (ktest-out: /tmp/ktest_lustre_mainline_z821k6gz)
Starting job: lustre_mainline_native (ktest-out: /tmp/ktest_lustre_mainline_native_d1b8z7_2)
Starting job: lustre_al2023 (ktest-out: /tmp/ktest_lustre_al2023_rfzed2ta)
Starting job: checkpatch (ktest-out: /tmp/ktest_checkpatch_kzgu3spj)
Starting job: lustre_u24 (ktest-out: /tmp/ktest_lustre_u24_m1qylb7p)
put_archive(/tmp/ktest-kernel.tar.gz): 7.25s
put_archive(/tmp/ktest-kernel.tar.gz): 7.42s
put_archive(/tmp/ktest-kernel.tar.gz): 7.93s
put_archive(/tmp/ktest-kernel.tar.gz): 7.46s
put_archive(/tmp/ktest-kernel.tar.gz): 7.75s
put_archive(/tmp/ktest-kernel.tar.gz): 7.78s
put_archive(/tmp/ktest-lustre.tar.gz): 0.68s
put_archive(/tmp/ktest-lustre.tar.gz): 0.55s
put_archive(/tmp/ktest-lustre.tar.gz): 0.42s
put_archive(/tmp/ktest-lustre.tar.gz): 1.15s
put_archive(/tmp/ktest-lustre.tar.gz): 0.98s
put_archive(/tmp/ktest-lustre.tar.gz): 0.85s
Job checkpatch completed: SUCCESS (return code = 0, log: /tmp/ktest-results/checkpatch.log)
Job lustre_al2023 completed: SUCCESS (return code = 0, log: /tmp/ktest-results/lustre_al2023.log)
Job lustre_u24 completed: SUCCESS (return code = 0, log: /tmp/ktest-results/lustre_u24.log)
get_archive(ktest-out): 4.08s
Job lustre_mainline_strict completed: FAILED (return code = 1, log: /tmp/ktest-results/lustre_mainline_strict.log)
get_archive(ktest-out): 2.51s
get_archive(ktest-out): 2.58s
Job lustre_mainline_native completed: SUCCESS (return code = 0, log: /tmp/ktest-results/lustre_mainline_native.log)
Starting job: clang-tidy (ktest-out: /tmp/ktest_lustre_mainline_native_d1b8z7_2)
Starting job: cc-plugin (ktest-out: /tmp/ktest_lustre_mainline_native_d1b8z7_2)
Starting job: boot (ktest-out: /tmp/ktest_lustre_mainline_native_d1b8z7_2)
Starting job: llmount (ktest-out: /tmp/ktest_lustre_mainline_native_d1b8z7_2)
Starting job: llog-unit (ktest-out: /tmp/ktest_lustre_mainline_native_d1b8z7_2)
Starting job: mgs-setup (ktest-out: /tmp/ktest_lustre_mainline_native_d1b8z7_2)
Starting job: sanity-1 (ktest-out: /tmp/ktest_lustre_mainline_native_d1b8z7_2)
Starting job: sanity-2 (ktest-out: /tmp/ktest_lustre_mainline_native_d1b8z7_2)
Starting job: sanity-3 (ktest-out: /tmp/ktest_lustre_mainline_native_d1b8z7_2)
Starting job: sanity-4 (ktest-out: /tmp/ktest_lustre_mainline_native_d1b8z7_2)
Job lustre_mainline completed: SUCCESS (return code = 0, log: /tmp/ktest-results/lustre_mainline.log)
put_archive(/tmp/ktest_lustre_mainline_native_d1b8z7_2.tar): 2.80s
put_archive(/tmp/ktest_lustre_mainline_native_d1b8z7_2.tar): 2.66s
put_archive(/tmp/ktest_lustre_mainline_native_d1b8z7_2.tar): 5.79s
put_archive(/tmp/ktest-kernel.tar.gz): 6.13s
put_archive(/tmp/ktest-kernel.tar.gz): 5.88s
put_archive(/tmp/ktest_lustre_mainline_native_d1b8z7_2.tar): 5.89s
put_archive(/tmp/ktest-lustre.tar.gz): 5.75s
put_archive(/tmp/ktest-lustre.tar.gz): 6.52s
put_archive(/tmp/ktest_lustre_mainline_native_d1b8z7_2.tar): 6.85s
put_archive(/tmp/ktest_lustre_mainline_native_d1b8z7_2.tar): 17.08s
put_archive(/tmp/ktest_lustre_mainline_native_d1b8z7_2.tar): 17.03s
put_archive(/tmp/ktest_lustre_mainline_native_d1b8z7_2.tar): 11.74s
put_archive(/tmp/ktest_lustre_mainline_native_d1b8z7_2.tar): 10.83s
put_archive(/tmp/ktest_lustre_mainline_native_d1b8z7_2.tar): 10.88s
Job cc-plugin completed: FAILED (return code = 127, log: /tmp/ktest-results/cc-plugin.log)
Job clang-tidy completed: SUCCESS (return code = 0, log: /tmp/ktest-results/clang-tidy.log)
Job mgs-setup completed: SUCCESS (return code = 0, log: /tmp/ktest-results/mgs-setup.log)
Job boot completed: SUCCESS (return code = 0, log: /tmp/ktest-results/boot.log)
Job sanity-4 completed: SUCCESS (return code = 0, log: /tmp/ktest-results/sanity-4.log)
Job llmount completed: SUCCESS (return code = 0, log: /tmp/ktest-results/llmount.log)
Job sanity-2 completed: SUCCESS (return code = 0, log: /tmp/ktest-results/sanity-2.log)
Job sanity-3 completed: SUCCESS (return code = 0, log: /tmp/ktest-results/sanity-3.log)
Job llog-unit completed: SUCCESS (return code = 0, log: /tmp/ktest-results/llog-unit.log)
Job sanity-1 completed: SUCCESS (return code = 0, log: /tmp/ktest-results/sanity-1.log)

============================================================
Final Results:
  checkpatch: SUCCESS (return code = 0, log: /tmp/ktest-results/checkpatch.log)
  lustre_u24: SUCCESS (return code = 0, log: /tmp/ktest-results/lustre_u24.log)
  lustre_al2023: SUCCESS (return code = 0, log: /tmp/ktest-results/lustre_al2023.log)
  lustre_mainline_strict: FAILED (return code = 1, log: /tmp/ktest-results/lustre_mainline_strict.log)
  lustre_mainline: SUCCESS (return code = 0, log: /tmp/ktest-results/lustre_mainline.log)
  lustre_mainline_native: SUCCESS (return code = 0, log: /tmp/ktest-results/lustre_mainline_native.log)
  clang-tidy: SUCCESS (return code = 0, log: /tmp/ktest-results/clang-tidy.log)
  cc-plugin: FAILED (return code = 127, log: /tmp/ktest-results/cc-plugin.log)
  boot: SUCCESS (return code = 0, log: /tmp/ktest-results/boot.log)
  llmount: SUCCESS (return code = 0, log: /tmp/ktest-results/llmount.log)
  llog-unit: SUCCESS (return code = 0, log: /tmp/ktest-results/llog-unit.log)
  mgs-setup: SUCCESS (return code = 0, log: /tmp/ktest-results/mgs-setup.log)
  sanity-1: SUCCESS (return code = 0, log: /tmp/ktest-results/sanity-1.log)
  sanity-2: SUCCESS (return code = 0, log: /tmp/ktest-results/sanity-2.log)
  sanity-3: SUCCESS (return code = 0, log: /tmp/ktest-results/sanity-3.log)
  sanity-4: SUCCESS (return code = 0, log: /tmp/ktest-results/sanity-4.log)
</pre>
</body>
</html>
