<html lang="en">
<body>
<pre>
Creating kernel tarball at /tmp/ktest-kernel.tar.gz...
Creating lustre tarball at /tmp/ktest-lustre.tar.gz...
Executing 16 jobs with dependencies
Jobs will start as soon as their dependencies are satisfied

Starting job: lustre_u24 (ktest-out: /tmp/ktest_lustre_u24_0yuydu4c)
Starting job: checkpatch (ktest-out: /tmp/ktest_checkpatch_z9vdvcc6)
Starting job: lustre_mainline_strict (ktest-out: /tmp/ktest_lustre_mainline_strict_va33hy51)
Starting job: lustre_mainline_native (ktest-out: /tmp/ktest_lustre_mainline_native_k_us7mag)
Starting job: lustre_al2023 (ktest-out: /tmp/ktest_lustre_al2023_rkf9d3y4)
Starting job: lustre_mainline (ktest-out: /tmp/ktest_lustre_mainline_chv756b6)
put_archive(/tmp/ktest-kernel.tar.gz): 6.71s
put_archive(/tmp/ktest-kernel.tar.gz): 7.20s
put_archive(/tmp/ktest-kernel.tar.gz): 7.09s
put_archive(/tmp/ktest-kernel.tar.gz): 7.17s
put_archive(/tmp/ktest-kernel.tar.gz): 7.32s
put_archive(/tmp/ktest-kernel.tar.gz): 7.74s
put_archive(/tmp/ktest-lustre.tar.gz): 3.00s
put_archive(/tmp/ktest-lustre.tar.gz): 2.88s
put_archive(/tmp/ktest-lustre.tar.gz): 2.77s
put_archive(/tmp/ktest-lustre.tar.gz): 4.24s
put_archive(/tmp/ktest-lustre.tar.gz): 2.65s
put_archive(/tmp/ktest-lustre.tar.gz): 3.21s
Job checkpatch completed: SUCCESS (return code = 0, log: /tmp/ktest-results/checkpatch.log)
Job lustre_u24 completed: SUCCESS (return code = 0, log: /tmp/ktest-results/lustre_u24.log)
Job lustre_al2023 completed: SUCCESS (return code = 0, log: /tmp/ktest-results/lustre_al2023.log)
get_archive(ktest-out): 4.56s
Job lustre_mainline_strict completed: FAILED (return code = 1, log: /tmp/ktest-results/lustre_mainline_strict.log)
get_archive(ktest-out): 3.09s
get_archive(ktest-out): 3.17s
Job lustre_mainline_native completed: SUCCESS (return code = 0, log: /tmp/ktest-results/lustre_mainline_native.log)
Starting job: clang-tidy (ktest-out: /tmp/ktest_lustre_mainline_native_k_us7mag)
Starting job: cc-plugin (ktest-out: /tmp/ktest_lustre_mainline_native_k_us7mag)
Starting job: boot (ktest-out: /tmp/ktest_lustre_mainline_native_k_us7mag)
Starting job: llmount (ktest-out: /tmp/ktest_lustre_mainline_native_k_us7mag)
Starting job: llog-unit (ktest-out: /tmp/ktest_lustre_mainline_native_k_us7mag)
Starting job: mgs-setup (ktest-out: /tmp/ktest_lustre_mainline_native_k_us7mag)
Starting job: sanity-1 (ktest-out: /tmp/ktest_lustre_mainline_native_k_us7mag)
Starting job: sanity-2 (ktest-out: /tmp/ktest_lustre_mainline_native_k_us7mag)
Starting job: sanity-3 (ktest-out: /tmp/ktest_lustre_mainline_native_k_us7mag)
Starting job: sanity-4 (ktest-out: /tmp/ktest_lustre_mainline_native_k_us7mag)
Job lustre_mainline completed: SUCCESS (return code = 0, log: /tmp/ktest-results/lustre_mainline.log)
put_archive(/tmp/ktest_lustre_mainline_native_k_us7mag.tar): 4.37s
put_archive(/tmp/ktest_lustre_mainline_native_k_us7mag.tar): 13.78s
put_archive(/tmp/ktest_lustre_mainline_native_k_us7mag.tar): 42.08s
put_archive(/tmp/ktest_lustre_mainline_native_k_us7mag.tar): 41.99s
put_archive(/tmp/ktest-kernel.tar.gz): 43.62s
put_archive(/tmp/ktest-kernel.tar.gz): 42.23s
put_archive(/tmp/ktest_lustre_mainline_native_k_us7mag.tar): 43.78s
put_archive(/tmp/ktest_lustre_mainline_native_k_us7mag.tar): 56.34s
put_archive(/tmp/ktest-lustre.tar.gz): 40.53s
put_archive(/tmp/ktest_lustre_mainline_native_k_us7mag.tar): 46.65s
put_archive(/tmp/ktest-lustre.tar.gz): 46.41s
put_archive(/tmp/ktest_lustre_mainline_native_k_us7mag.tar): 45.78s
put_archive(/tmp/ktest_lustre_mainline_native_k_us7mag.tar): 36.52s
put_archive(/tmp/ktest_lustre_mainline_native_k_us7mag.tar): 30.55s
Job mgs-setup completed: SUCCESS (return code = 0, log: /tmp/ktest-results/mgs-setup.log)
Job cc-plugin completed: FAILED (return code = 127, log: /tmp/ktest-results/cc-plugin.log)
Job sanity-4 completed: SUCCESS (return code = 0, log: /tmp/ktest-results/sanity-4.log)
Job clang-tidy completed: SUCCESS (return code = 0, log: /tmp/ktest-results/clang-tidy.log)
Job boot completed: SUCCESS (return code = 0, log: /tmp/ktest-results/boot.log)
Job llmount completed: SUCCESS (return code = 0, log: /tmp/ktest-results/llmount.log)
Job sanity-3 completed: SUCCESS (return code = 0, log: /tmp/ktest-results/sanity-3.log)
Job sanity-1 completed: SUCCESS (return code = 0, log: /tmp/ktest-results/sanity-1.log)
Job sanity-2 completed: SUCCESS (return code = 0, log: /tmp/ktest-results/sanity-2.log)
Job llog-unit completed: SUCCESS (return code = 0, log: /tmp/ktest-results/llog-unit.log)

============================================================
Final Results:
  checkpatch: SUCCESS (return code = 0, log: /tmp/ktest-results/checkpatch.log)
  lustre_u24: SUCCESS (return code = 0, log: /tmp/ktest-results/lustre_u24.log)
  lustre_al2023: SUCCESS (return code = 0, log: /tmp/ktest-results/lustre_al2023.log)
  lustre_mainline_strict: FAILED (return code = 1, log: /tmp/ktest-results/lustre_mainline_strict.log)
  lustre_mainline: SUCCESS (return code = 0, log: /tmp/ktest-results/lustre_mainline.log)
  lustre_mainline_native: SUCCESS (return code = 0, log: /tmp/ktest-results/lustre_mainline_native.log)
  clang-tidy: SUCCESS (return code = 0, log: /tmp/ktest-results/clang-tidy.log)
  cc-plugin: FAILED (return code = 127, log: /tmp/ktest-results/cc-plugin.log)
  boot: SUCCESS (return code = 0, log: /tmp/ktest-results/boot.log)
  llmount: SUCCESS (return code = 0, log: /tmp/ktest-results/llmount.log)
  llog-unit: SUCCESS (return code = 0, log: /tmp/ktest-results/llog-unit.log)
  mgs-setup: SUCCESS (return code = 0, log: /tmp/ktest-results/mgs-setup.log)
  sanity-1: SUCCESS (return code = 0, log: /tmp/ktest-results/sanity-1.log)
  sanity-2: SUCCESS (return code = 0, log: /tmp/ktest-results/sanity-2.log)
  sanity-3: SUCCESS (return code = 0, log: /tmp/ktest-results/sanity-3.log)
  sanity-4: SUCCESS (return code = 0, log: /tmp/ktest-results/sanity-4.log)
</pre>
</body>
</html>
