Creating kernel tarball at /tmp/ktest-kernel.tar.gz...
Creating lustre tarball at /tmp/ktest-lustre.tar.gz...
Executing 16 jobs with dependencies
Jobs will start as soon as their dependencies are satisfied

Starting job: lustre_mainline_strict (ktest-out: /tmp/ktest_lustre_mainline_strict_bk196cp1)
Starting job: lustre_mainline (ktest-out: /tmp/ktest_lustre_mainline_h71kbu4u)
Starting job: lustre_mainline_native (ktest-out: /tmp/ktest_lustre_mainline_native_2o4p58gy)
Starting job: checkpatch (ktest-out: /tmp/ktest_checkpatch_ose5mm07)
Starting job: lustre_al2023 (ktest-out: /tmp/ktest_lustre_al2023_yq05_8px)
Starting job: lustre_u24 (ktest-out: /tmp/ktest_lustre_u24_z8y2y50m)
put_archive(/tmp/ktest-kernel.tar.gz): 7.23s
put_archive(/tmp/ktest-kernel.tar.gz): 7.61s
put_archive(/tmp/ktest-kernel.tar.gz): 7.45s
put_archive(/tmp/ktest-kernel.tar.gz): 7.03s
put_archive(/tmp/ktest-kernel.tar.gz): 7.15s
put_archive(/tmp/ktest-kernel.tar.gz): 7.77s
put_archive(/tmp/ktest-lustre.tar.gz): 2.34s
put_archive(/tmp/ktest-lustre.tar.gz): 1.97s
put_archive(/tmp/ktest-lustre.tar.gz): 1.56s
put_archive(/tmp/ktest-lustre.tar.gz): 1.71s
put_archive(/tmp/ktest-lustre.tar.gz): 1.86s
put_archive(/tmp/ktest-lustre.tar.gz): 1.45s
Job checkpatch completed: FAILED (return code = 1, log: /tmp/ktest-results/checkpatch.log)
Job lustre_al2023 completed: SUCCESS (return code = 0, log: /tmp/ktest-results/lustre_al2023.log)
Job lustre_u24 completed: SUCCESS (return code = 0, log: /tmp/ktest-results/lustre_u24.log)
get_archive(ktest-out): 3.67s
Job lustre_mainline_strict completed: FAILED (return code = 1, log: /tmp/ktest-results/lustre_mainline_strict.log)
get_archive(ktest-out): 3.09s
get_archive(ktest-out): 3.16s
Job lustre_mainline_native completed: SUCCESS (return code = 0, log: /tmp/ktest-results/lustre_mainline_native.log)
Starting job: clang-tidy (ktest-out: /tmp/ktest_lustre_mainline_native_2o4p58gy)
Starting job: cc-plugin (ktest-out: /tmp/ktest_lustre_mainline_native_2o4p58gy)
Starting job: boot (ktest-out: /tmp/ktest_lustre_mainline_native_2o4p58gy)
Starting job: llmount (ktest-out: /tmp/ktest_lustre_mainline_native_2o4p58gy)
Starting job: llog-unit (ktest-out: /tmp/ktest_lustre_mainline_native_2o4p58gy)
Starting job: mgs-setup (ktest-out: /tmp/ktest_lustre_mainline_native_2o4p58gy)
Starting job: sanity-1 (ktest-out: /tmp/ktest_lustre_mainline_native_2o4p58gy)
Starting job: sanity-2 (ktest-out: /tmp/ktest_lustre_mainline_native_2o4p58gy)
Starting job: sanity-3 (ktest-out: /tmp/ktest_lustre_mainline_native_2o4p58gy)
Starting job: sanity-4 (ktest-out: /tmp/ktest_lustre_mainline_native_2o4p58gy)
Job lustre_mainline completed: SUCCESS (return code = 0, log: /tmp/ktest-results/lustre_mainline.log)
put_archive(/tmp/ktest_lustre_mainline_native_2o4p58gy.tar): 8.09s
put_archive(/tmp/ktest_lustre_mainline_native_2o4p58gy.tar): 7.68s
put_archive(/tmp/ktest_lustre_mainline_native_2o4p58gy.tar): 20.04s
put_archive(/tmp/ktest_lustre_mainline_native_2o4p58gy.tar): 24.65s
put_archive(/tmp/ktest_lustre_mainline_native_2o4p58gy.tar): 24.86s
put_archive(/tmp/ktest_lustre_mainline_native_2o4p58gy.tar): 53.45s
put_archive(/tmp/ktest-kernel.tar.gz): 53.65s
put_archive(/tmp/ktest_lustre_mainline_native_2o4p58gy.tar): 53.76s
put_archive(/tmp/ktest_lustre_mainline_native_2o4p58gy.tar): 53.72s
put_archive(/tmp/ktest-kernel.tar.gz): 53.85s
put_archive(/tmp/ktest-lustre.tar.gz): 27.20s
put_archive(/tmp/ktest-lustre.tar.gz): 27.03s
Job boot completed: SUCCESS (return code = 0, log: /tmp/ktest-results/boot.log)
put_archive(/tmp/ktest_lustre_mainline_native_2o4p58gy.tar): 10.61s
put_archive(/tmp/ktest_lustre_mainline_native_2o4p58gy.tar): 10.67s
Job cc-plugin completed: FAILED (return code = 127, log: /tmp/ktest-results/cc-plugin.log)
Job sanity-2 completed: SUCCESS (return code = 0, log: /tmp/ktest-results/sanity-2.log)
Job clang-tidy completed: SUCCESS (return code = 0, log: /tmp/ktest-results/clang-tidy.log)
Job mgs-setup completed: SUCCESS (return code = 0, log: /tmp/ktest-results/mgs-setup.log)
Job sanity-4 completed: SUCCESS (return code = 0, log: /tmp/ktest-results/sanity-4.log)
Job sanity-1 completed: SUCCESS (return code = 0, log: /tmp/ktest-results/sanity-1.log)
Job llog-unit completed: SUCCESS (return code = 0, log: /tmp/ktest-results/llog-unit.log)
Job sanity-3 completed: SUCCESS (return code = 0, log: /tmp/ktest-results/sanity-3.log)
Job llmount completed: SUCCESS (return code = 0, log: /tmp/ktest-results/llmount.log)

============================================================
Final Results:
  checkpatch: FAILED (return code = 1, log: /tmp/ktest-results/checkpatch.log)
  lustre_u24: SUCCESS (return code = 0, log: /tmp/ktest-results/lustre_u24.log)
  lustre_al2023: SUCCESS (return code = 0, log: /tmp/ktest-results/lustre_al2023.log)
  lustre_mainline_strict: FAILED (return code = 1, log: /tmp/ktest-results/lustre_mainline_strict.log)
  lustre_mainline: SUCCESS (return code = 0, log: /tmp/ktest-results/lustre_mainline.log)
  lustre_mainline_native: SUCCESS (return code = 0, log: /tmp/ktest-results/lustre_mainline_native.log)
  clang-tidy: SUCCESS (return code = 0, log: /tmp/ktest-results/clang-tidy.log)
  cc-plugin: FAILED (return code = 127, log: /tmp/ktest-results/cc-plugin.log)
  boot: SUCCESS (return code = 0, log: /tmp/ktest-results/boot.log)
  llmount: SUCCESS (return code = 0, log: /tmp/ktest-results/llmount.log)
  llog-unit: SUCCESS (return code = 0, log: /tmp/ktest-results/llog-unit.log)
  mgs-setup: SUCCESS (return code = 0, log: /tmp/ktest-results/mgs-setup.log)
  sanity-1: SUCCESS (return code = 0, log: /tmp/ktest-results/sanity-1.log)
  sanity-2: SUCCESS (return code = 0, log: /tmp/ktest-results/sanity-2.log)
  sanity-3: SUCCESS (return code = 0, log: /tmp/ktest-results/sanity-3.log)
  sanity-4: SUCCESS (return code = 0, log: /tmp/ktest-results/sanity-4.log)