<html lang="en">
<body>
<pre>
Creating kernel tarball at /tmp/ktest-kernel.tar.gz...
Creating lustre tarball at /tmp/ktest-lustre.tar.gz...
Executing 16 jobs with dependencies
Jobs will start as soon as their dependencies are satisfied

Starting job: lustre_mainline_strict (ktest-out: /tmp/ktest_lustre_mainline_strict_uj9fvf9h)
Starting job: lustre_u24 (ktest-out: /tmp/ktest_lustre_u24_dbku71kc)
Starting job: lustre_mainline (ktest-out: /tmp/ktest_lustre_mainline_8tmuv490)
Starting job: lustre_mainline_native (ktest-out: /tmp/ktest_lustre_mainline_native_xb9knwke)
Starting job: checkpatch (ktest-out: /tmp/ktest_checkpatch_uuhj9gj8)
Starting job: lustre_al2023 (ktest-out: /tmp/ktest_lustre_al2023_8cgx8i_7)
put_archive(/tmp/ktest-kernel.tar.gz): 6.97s
put_archive(/tmp/ktest-kernel.tar.gz): 5.90s
put_archive(/tmp/ktest-kernel.tar.gz): 6.87s
put_archive(/tmp/ktest-kernel.tar.gz): 6.61s
put_archive(/tmp/ktest-kernel.tar.gz): 6.24s
put_archive(/tmp/ktest-kernel.tar.gz): 8.13s
put_archive(/tmp/ktest-lustre.tar.gz): 5.61s
put_archive(/tmp/ktest-lustre.tar.gz): 5.06s
put_archive(/tmp/ktest-lustre.tar.gz): 5.48s
put_archive(/tmp/ktest-lustre.tar.gz): 5.23s
put_archive(/tmp/ktest-lustre.tar.gz): 5.38s
put_archive(/tmp/ktest-lustre.tar.gz): 6.27s
Job checkpatch completed: FAILED (return code = 1, log: /tmp/ktest-results/checkpatch.log)
Job lustre_u24 completed: SUCCESS (return code = 0, log: /tmp/ktest-results/lustre_u24.log)
Job lustre_al2023 completed: SUCCESS (return code = 0, log: /tmp/ktest-results/lustre_al2023.log)
get_archive(ktest-out): 6.61s
Job lustre_mainline_strict completed: FAILED (return code = 1, log: /tmp/ktest-results/lustre_mainline_strict.log)
get_archive(ktest-out): 3.17s
get_archive(ktest-out): 3.25s
Job lustre_mainline completed: SUCCESS (return code = 0, log: /tmp/ktest-results/lustre_mainline.log)
Job lustre_mainline_native completed: SUCCESS (return code = 0, log: /tmp/ktest-results/lustre_mainline_native.log)
Starting job: clang-tidy (ktest-out: /tmp/ktest_lustre_mainline_native_xb9knwke)
Starting job: cc-plugin (ktest-out: /tmp/ktest_lustre_mainline_native_xb9knwke)
Starting job: boot (ktest-out: /tmp/ktest_lustre_mainline_native_xb9knwke)
Starting job: llmount (ktest-out: /tmp/ktest_lustre_mainline_native_xb9knwke)
Starting job: llog-unit (ktest-out: /tmp/ktest_lustre_mainline_native_xb9knwke)
Starting job: mgs-setup (ktest-out: /tmp/ktest_lustre_mainline_native_xb9knwke)
Starting job: sanity-1 (ktest-out: /tmp/ktest_lustre_mainline_native_xb9knwke)
Starting job: sanity-2 (ktest-out: /tmp/ktest_lustre_mainline_native_xb9knwke)
Starting job: sanity-3 (ktest-out: /tmp/ktest_lustre_mainline_native_xb9knwke)
Starting job: sanity-4 (ktest-out: /tmp/ktest_lustre_mainline_native_xb9knwke)
put_archive(/tmp/ktest_lustre_mainline_native_xb9knwke.tar): 14.25s
put_archive(/tmp/ktest_lustre_mainline_native_xb9knwke.tar): 14.18s
put_archive(/tmp/ktest_lustre_mainline_native_xb9knwke.tar): 14.03s
put_archive(/tmp/ktest_lustre_mainline_native_xb9knwke.tar): 32.57s
put_archive(/tmp/ktest_lustre_mainline_native_xb9knwke.tar): 32.72s
put_archive(/tmp/ktest_lustre_mainline_native_xb9knwke.tar): 30.62s
put_archive(/tmp/ktest_lustre_mainline_native_xb9knwke.tar): 30.43s
put_archive(/tmp/ktest_lustre_mainline_native_xb9knwke.tar): 30.35s
put_archive(/tmp/ktest-kernel.tar.gz): 30.58s
put_archive(/tmp/ktest-kernel.tar.gz): 30.68s
put_archive(/tmp/ktest-lustre.tar.gz): 30.38s
put_archive(/tmp/ktest-lustre.tar.gz): 30.30s
put_archive(/tmp/ktest_lustre_mainline_native_xb9knwke.tar): 15.34s
put_archive(/tmp/ktest_lustre_mainline_native_xb9knwke.tar): 15.45s
Job boot completed: SUCCESS (return code = 0, log: /tmp/ktest-results/boot.log)
Job cc-plugin completed: FAILED (return code = 127, log: /tmp/ktest-results/cc-plugin.log)
Job clang-tidy completed: SUCCESS (return code = 0, log: /tmp/ktest-results/clang-tidy.log)
Job sanity-4 completed: SUCCESS (return code = 0, log: /tmp/ktest-results/sanity-4.log)
Job mgs-setup completed: SUCCESS (return code = 0, log: /tmp/ktest-results/mgs-setup.log)
Job sanity-3 completed: SUCCESS (return code = 0, log: /tmp/ktest-results/sanity-3.log)
Job llmount completed: SUCCESS (return code = 0, log: /tmp/ktest-results/llmount.log)
Job llog-unit completed: SUCCESS (return code = 0, log: /tmp/ktest-results/llog-unit.log)
Job sanity-2 completed: SUCCESS (return code = 0, log: /tmp/ktest-results/sanity-2.log)
Job sanity-1 completed: SUCCESS (return code = 0, log: /tmp/ktest-results/sanity-1.log)

============================================================
Final Results:
  checkpatch: FAILED (return code = 1, log: /tmp/ktest-results/checkpatch.log)
  lustre_u24: SUCCESS (return code = 0, log: /tmp/ktest-results/lustre_u24.log)
  lustre_al2023: SUCCESS (return code = 0, log: /tmp/ktest-results/lustre_al2023.log)
  lustre_mainline_strict: FAILED (return code = 1, log: /tmp/ktest-results/lustre_mainline_strict.log)
  lustre_mainline: SUCCESS (return code = 0, log: /tmp/ktest-results/lustre_mainline.log)
  lustre_mainline_native: SUCCESS (return code = 0, log: /tmp/ktest-results/lustre_mainline_native.log)
  clang-tidy: SUCCESS (return code = 0, log: /tmp/ktest-results/clang-tidy.log)
  cc-plugin: FAILED (return code = 127, log: /tmp/ktest-results/cc-plugin.log)
  boot: SUCCESS (return code = 0, log: /tmp/ktest-results/boot.log)
  llmount: SUCCESS (return code = 0, log: /tmp/ktest-results/llmount.log)
  llog-unit: SUCCESS (return code = 0, log: /tmp/ktest-results/llog-unit.log)
  mgs-setup: SUCCESS (return code = 0, log: /tmp/ktest-results/mgs-setup.log)
  sanity-1: SUCCESS (return code = 0, log: /tmp/ktest-results/sanity-1.log)
  sanity-2: SUCCESS (return code = 0, log: /tmp/ktest-results/sanity-2.log)
  sanity-3: SUCCESS (return code = 0, log: /tmp/ktest-results/sanity-3.log)
  sanity-4: SUCCESS (return code = 0, log: /tmp/ktest-results/sanity-4.log)
</pre>
</body>
</html>
