<html lang="en">
<body>
<pre>
Creating kernel tarball at /tmp/ktest-kernel.tar.gz...
Creating lustre tarball at /tmp/ktest-lustre.tar.gz...
Executing 16 jobs with dependencies
Jobs will start as soon as their dependencies are satisfied

Starting job: lustre_mainline_strict (ktest-out: /tmp/ktest_lustre_mainline_strict_v007wtds)
Starting job: lustre_mainline_native (ktest-out: /tmp/ktest_lustre_mainline_native_pafnrtd8)
Starting job: lustre_mainline (ktest-out: /tmp/ktest_lustre_mainline_b78ew5e5)
Starting job: lustre_al2023 (ktest-out: /tmp/ktest_lustre_al2023_24dvxrod)
Starting job: checkpatch (ktest-out: /tmp/ktest_checkpatch_vd_g633b)
Starting job: lustre_u24 (ktest-out: /tmp/ktest_lustre_u24_1fik718m)
put_archive(/tmp/ktest-kernel.tar.gz): 7.58s
put_archive(/tmp/ktest-kernel.tar.gz): 7.67s
put_archive(/tmp/ktest-kernel.tar.gz): 7.42s
put_archive(/tmp/ktest-kernel.tar.gz): 7.25s
put_archive(/tmp/ktest-kernel.tar.gz): 8.05s
put_archive(/tmp/ktest-kernel.tar.gz): 7.34s
put_archive(/tmp/ktest-lustre.tar.gz): 1.73s
put_archive(/tmp/ktest-lustre.tar.gz): 2.24s
put_archive(/tmp/ktest-lustre.tar.gz): 1.89s
put_archive(/tmp/ktest-lustre.tar.gz): 1.63s
put_archive(/tmp/ktest-lustre.tar.gz): 1.50s
put_archive(/tmp/ktest-lustre.tar.gz): 2.06s
Job checkpatch completed: FAILED (return code = 1, log: /tmp/ktest-results/checkpatch.log)
Job lustre_al2023 completed: SUCCESS (return code = 0, log: /tmp/ktest-results/lustre_al2023.log)
Job lustre_u24 completed: SUCCESS (return code = 0, log: /tmp/ktest-results/lustre_u24.log)
get_archive(ktest-out): 3.41s
Job lustre_mainline_strict completed: FAILED (return code = 1, log: /tmp/ktest-results/lustre_mainline_strict.log)
get_archive(ktest-out): 3.08s
get_archive(ktest-out): 3.19s
Job lustre_mainline_native completed: SUCCESS (return code = 0, log: /tmp/ktest-results/lustre_mainline_native.log)
Starting job: clang-tidy (ktest-out: /tmp/ktest_lustre_mainline_native_pafnrtd8)
Starting job: cc-plugin (ktest-out: /tmp/ktest_lustre_mainline_native_pafnrtd8)
Starting job: boot (ktest-out: /tmp/ktest_lustre_mainline_native_pafnrtd8)
Starting job: llmount (ktest-out: /tmp/ktest_lustre_mainline_native_pafnrtd8)
Starting job: llog-unit (ktest-out: /tmp/ktest_lustre_mainline_native_pafnrtd8)
Starting job: mgs-setup (ktest-out: /tmp/ktest_lustre_mainline_native_pafnrtd8)
Starting job: sanity-1 (ktest-out: /tmp/ktest_lustre_mainline_native_pafnrtd8)
Starting job: sanity-2 (ktest-out: /tmp/ktest_lustre_mainline_native_pafnrtd8)
Starting job: sanity-3 (ktest-out: /tmp/ktest_lustre_mainline_native_pafnrtd8)
Starting job: sanity-4 (ktest-out: /tmp/ktest_lustre_mainline_native_pafnrtd8)
Job lustre_mainline completed: SUCCESS (return code = 0, log: /tmp/ktest-results/lustre_mainline.log)
put_archive(/tmp/ktest_lustre_mainline_native_pafnrtd8.tar): 6.69s
put_archive(/tmp/ktest_lustre_mainline_native_pafnrtd8.tar): 6.29s
put_archive(/tmp/ktest_lustre_mainline_native_pafnrtd8.tar): 31.01s
put_archive(/tmp/ktest_lustre_mainline_native_pafnrtd8.tar): 34.14s
put_archive(/tmp/ktest-kernel.tar.gz): 31.46s
put_archive(/tmp/ktest-lustre.tar.gz): 46.99s
put_archive(/tmp/ktest_lustre_mainline_native_pafnrtd8.tar): 46.58s
put_archive(/tmp/ktest_lustre_mainline_native_pafnrtd8.tar): 46.65s
put_archive(/tmp/ktest_lustre_mainline_native_pafnrtd8.tar): 46.59s
put_archive(/tmp/ktest_lustre_mainline_native_pafnrtd8.tar): 46.93s
put_archive(/tmp/ktest-kernel.tar.gz): 46.83s
put_archive(/tmp/ktest-lustre.tar.gz): 43.88s
put_archive(/tmp/ktest_lustre_mainline_native_pafnrtd8.tar): 49.05s
put_archive(/tmp/ktest_lustre_mainline_native_pafnrtd8.tar): 12.74s
Job sanity-4 completed: SUCCESS (return code = 0, log: /tmp/ktest-results/sanity-4.log)
Job boot completed: SUCCESS (return code = 0, log: /tmp/ktest-results/boot.log)
Job cc-plugin completed: FAILED (return code = 127, log: /tmp/ktest-results/cc-plugin.log)
Job llog-unit completed: SUCCESS (return code = 0, log: /tmp/ktest-results/llog-unit.log)
Job clang-tidy completed: SUCCESS (return code = 0, log: /tmp/ktest-results/clang-tidy.log)
Job mgs-setup completed: SUCCESS (return code = 0, log: /tmp/ktest-results/mgs-setup.log)
Job sanity-1 completed: SUCCESS (return code = 0, log: /tmp/ktest-results/sanity-1.log)
Job sanity-2 completed: SUCCESS (return code = 0, log: /tmp/ktest-results/sanity-2.log)
Job sanity-3 completed: SUCCESS (return code = 0, log: /tmp/ktest-results/sanity-3.log)
Job llmount completed: SUCCESS (return code = 0, log: /tmp/ktest-results/llmount.log)

============================================================
Final Results:
  checkpatch: FAILED (return code = 1, log: /tmp/ktest-results/checkpatch.log)
  lustre_u24: SUCCESS (return code = 0, log: /tmp/ktest-results/lustre_u24.log)
  lustre_al2023: SUCCESS (return code = 0, log: /tmp/ktest-results/lustre_al2023.log)
  lustre_mainline_strict: FAILED (return code = 1, log: /tmp/ktest-results/lustre_mainline_strict.log)
  lustre_mainline: SUCCESS (return code = 0, log: /tmp/ktest-results/lustre_mainline.log)
  lustre_mainline_native: SUCCESS (return code = 0, log: /tmp/ktest-results/lustre_mainline_native.log)
  clang-tidy: SUCCESS (return code = 0, log: /tmp/ktest-results/clang-tidy.log)
  cc-plugin: FAILED (return code = 127, log: /tmp/ktest-results/cc-plugin.log)
  boot: SUCCESS (return code = 0, log: /tmp/ktest-results/boot.log)
  llmount: SUCCESS (return code = 0, log: /tmp/ktest-results/llmount.log)
  llog-unit: SUCCESS (return code = 0, log: /tmp/ktest-results/llog-unit.log)
  mgs-setup: SUCCESS (return code = 0, log: /tmp/ktest-results/mgs-setup.log)
  sanity-1: SUCCESS (return code = 0, log: /tmp/ktest-results/sanity-1.log)
  sanity-2: SUCCESS (return code = 0, log: /tmp/ktest-results/sanity-2.log)
  sanity-3: SUCCESS (return code = 0, log: /tmp/ktest-results/sanity-3.log)
  sanity-4: SUCCESS (return code = 0, log: /tmp/ktest-results/sanity-4.log)
</pre>
</body>
</html>
