Creating kernel tarball at /tmp/ktest-kernel.tar.gz...
Creating lustre tarball at /tmp/ktest-lustre.tar.gz...
Executing 16 jobs with dependencies
Jobs will start as soon as their dependencies are satisfied

Starting job: lustre_mainline_strict (ktest-out: /tmp/ktest_lustre_mainline_strict_7a1t5plg)
Starting job: lustre_mainline (ktest-out: /tmp/ktest_lustre_mainline_w49kp_de)
Starting job: checkpatch (ktest-out: /tmp/ktest_checkpatch_oviza9h0)
Starting job: lustre_u24 (ktest-out: /tmp/ktest_lustre_u24_q79h_i0_)
Starting job: lustre_mainline_native (ktest-out: /tmp/ktest_lustre_mainline_native_0p169355)
Starting job: lustre_al2023 (ktest-out: /tmp/ktest_lustre_al2023_iz20ddxn)
put_archive(/tmp/ktest-kernel.tar.gz): 7.29s
put_archive(/tmp/ktest-kernel.tar.gz): 7.60s
put_archive(/tmp/ktest-kernel.tar.gz): 7.00s
put_archive(/tmp/ktest-kernel.tar.gz): 6.49s
put_archive(/tmp/ktest-kernel.tar.gz): 6.76s
put_archive(/tmp/ktest-kernel.tar.gz): 6.78s
put_archive(/tmp/ktest-lustre.tar.gz): 2.50s
put_archive(/tmp/ktest-lustre.tar.gz): 2.79s
put_archive(/tmp/ktest-lustre.tar.gz): 2.42s
put_archive(/tmp/ktest-lustre.tar.gz): 3.60s
put_archive(/tmp/ktest-lustre.tar.gz): 3.00s
put_archive(/tmp/ktest-lustre.tar.gz): 2.73s
Job checkpatch completed: FAILED (return code = 1, log: /tmp/ktest-results/checkpatch.log)
Job lustre_u24 completed: SUCCESS (return code = 0, log: /tmp/ktest-results/lustre_u24.log)
Job lustre_al2023 completed: SUCCESS (return code = 0, log: /tmp/ktest-results/lustre_al2023.log)
get_archive(ktest-out): 5.35s
Job lustre_mainline_strict completed: FAILED (return code = 1, log: /tmp/ktest-results/lustre_mainline_strict.log)
get_archive(ktest-out): 3.23s
get_archive(ktest-out): 3.23s
Job lustre_mainline completed: SUCCESS (return code = 0, log: /tmp/ktest-results/lustre_mainline.log)
Job lustre_mainline_native completed: SUCCESS (return code = 0, log: /tmp/ktest-results/lustre_mainline_native.log)
Starting job: clang-tidy (ktest-out: /tmp/ktest_lustre_mainline_native_0p169355)
Starting job: cc-plugin (ktest-out: /tmp/ktest_lustre_mainline_native_0p169355)
Starting job: boot (ktest-out: /tmp/ktest_lustre_mainline_native_0p169355)
Starting job: llmount (ktest-out: /tmp/ktest_lustre_mainline_native_0p169355)
Starting job: llog-unit (ktest-out: /tmp/ktest_lustre_mainline_native_0p169355)
Starting job: mgs-setup (ktest-out: /tmp/ktest_lustre_mainline_native_0p169355)
Starting job: sanity-1 (ktest-out: /tmp/ktest_lustre_mainline_native_0p169355)
Starting job: sanity-2 (ktest-out: /tmp/ktest_lustre_mainline_native_0p169355)
Starting job: sanity-3 (ktest-out: /tmp/ktest_lustre_mainline_native_0p169355)
Starting job: sanity-4 (ktest-out: /tmp/ktest_lustre_mainline_native_0p169355)
put_archive(/tmp/ktest_lustre_mainline_native_0p169355.tar): 6.21s
put_archive(/tmp/ktest-kernel.tar.gz): 17.67s
put_archive(/tmp/ktest-lustre.tar.gz): 8.38s
put_archive(/tmp/ktest_lustre_mainline_native_0p169355.tar): 14.09s
put_archive(/tmp/ktest_lustre_mainline_native_0p169355.tar): 13.94s
put_archive(/tmp/ktest_lustre_mainline_native_0p169355.tar): 13.96s
put_archive(/tmp/ktest_lustre_mainline_native_0p169355.tar): 15.91s
put_archive(/tmp/ktest_lustre_mainline_native_0p169355.tar): 13.34s
put_archive(/tmp/ktest_lustre_mainline_native_0p169355.tar): 41.14s
put_archive(/tmp/ktest_lustre_mainline_native_0p169355.tar): 59.32s
Job boot completed: SUCCESS (return code = 0, log: /tmp/ktest-results/boot.log)
put_archive(/tmp/ktest-kernel.tar.gz): 25.15s
put_archive(/tmp/ktest_lustre_mainline_native_0p169355.tar): 17.43s
Job clang-tidy completed: SUCCESS (return code = 0, log: /tmp/ktest-results/clang-tidy.log)
put_archive(/tmp/ktest-lustre.tar.gz): 15.21s
Job mgs-setup completed: SUCCESS (return code = 0, log: /tmp/ktest-results/mgs-setup.log)
put_archive(/tmp/ktest_lustre_mainline_native_0p169355.tar): 18.29s
Job cc-plugin completed: FAILED (return code = 127, log: /tmp/ktest-results/cc-plugin.log)
Job sanity-4 completed: SUCCESS (return code = 0, log: /tmp/ktest-results/sanity-4.log)
Job llog-unit completed: SUCCESS (return code = 0, log: /tmp/ktest-results/llog-unit.log)
Job llmount completed: SUCCESS (return code = 0, log: /tmp/ktest-results/llmount.log)
Job sanity-2 completed: SUCCESS (return code = 0, log: /tmp/ktest-results/sanity-2.log)
Job sanity-1 completed: SUCCESS (return code = 0, log: /tmp/ktest-results/sanity-1.log)
Job sanity-3 completed: SUCCESS (return code = 0, log: /tmp/ktest-results/sanity-3.log)

============================================================
Final Results:
  checkpatch: FAILED (return code = 1, log: /tmp/ktest-results/checkpatch.log)
  lustre_u24: SUCCESS (return code = 0, log: /tmp/ktest-results/lustre_u24.log)
  lustre_al2023: SUCCESS (return code = 0, log: /tmp/ktest-results/lustre_al2023.log)
  lustre_mainline_strict: FAILED (return code = 1, log: /tmp/ktest-results/lustre_mainline_strict.log)
  lustre_mainline: SUCCESS (return code = 0, log: /tmp/ktest-results/lustre_mainline.log)
  lustre_mainline_native: SUCCESS (return code = 0, log: /tmp/ktest-results/lustre_mainline_native.log)
  clang-tidy: SUCCESS (return code = 0, log: /tmp/ktest-results/clang-tidy.log)
  cc-plugin: FAILED (return code = 127, log: /tmp/ktest-results/cc-plugin.log)
  boot: SUCCESS (return code = 0, log: /tmp/ktest-results/boot.log)
  llmount: SUCCESS (return code = 0, log: /tmp/ktest-results/llmount.log)
  llog-unit: SUCCESS (return code = 0, log: /tmp/ktest-results/llog-unit.log)
  mgs-setup: SUCCESS (return code = 0, log: /tmp/ktest-results/mgs-setup.log)
  sanity-1: SUCCESS (return code = 0, log: /tmp/ktest-results/sanity-1.log)
  sanity-2: SUCCESS (return code = 0, log: /tmp/ktest-results/sanity-2.log)
  sanity-3: SUCCESS (return code = 0, log: /tmp/ktest-results/sanity-3.log)
  sanity-4: SUCCESS (return code = 0, log: /tmp/ktest-results/sanity-4.log)