Creating kernel tarball at /tmp/ktest-kernel.tar.gz...
Creating lustre tarball at /tmp/ktest-lustre.tar.gz...
Executing 16 jobs with dependencies
Jobs will start as soon as their dependencies are satisfied

Starting job: lustre_al2023 (ktest-out: /tmp/ktest_lustre_al2023_xk553_e_)
Starting job: lustre_u24 (ktest-out: /tmp/ktest_lustre_u24_le5mxrq6)
Starting job: lustre_mainline_strict (ktest-out: /tmp/ktest_lustre_mainline_strict_dkcesfp3)
Starting job: lustre_mainline (ktest-out: /tmp/ktest_lustre_mainline_x6zvjnhd)
Starting job: lustre_mainline_native (ktest-out: /tmp/ktest_lustre_mainline_native_fmu3j3nb)
Starting job: checkpatch (ktest-out: /tmp/ktest_checkpatch_wxcsvm54)
put_archive(/tmp/ktest-kernel.tar.gz): 6.67s
put_archive(/tmp/ktest-kernel.tar.gz): 6.37s
put_archive(/tmp/ktest-kernel.tar.gz): 5.90s
put_archive(/tmp/ktest-kernel.tar.gz): 6.00s
put_archive(/tmp/ktest-kernel.tar.gz): 6.22s
put_archive(/tmp/ktest-kernel.tar.gz): 8.12s
put_archive(/tmp/ktest-lustre.tar.gz): 6.82s
put_archive(/tmp/ktest-lustre.tar.gz): 6.03s
put_archive(/tmp/ktest-lustre.tar.gz): 5.51s
put_archive(/tmp/ktest-lustre.tar.gz): 5.65s
put_archive(/tmp/ktest-lustre.tar.gz): 5.95s
put_archive(/tmp/ktest-lustre.tar.gz): 5.82s
Job checkpatch completed: SUCCESS (return code = 0, log: /tmp/ktest-results/checkpatch.log)
Job lustre_u24 completed: SUCCESS (return code = 0, log: /tmp/ktest-results/lustre_u24.log)
Job lustre_al2023 completed: SUCCESS (return code = 0, log: /tmp/ktest-results/lustre_al2023.log)
get_archive(ktest-out): 4.67s
Job lustre_mainline_strict completed: FAILED (return code = 1, log: /tmp/ktest-results/lustre_mainline_strict.log)
get_archive(ktest-out): 3.15s
get_archive(ktest-out): 3.24s
Job lustre_mainline completed: SUCCESS (return code = 0, log: /tmp/ktest-results/lustre_mainline.log)
Job lustre_mainline_native completed: SUCCESS (return code = 0, log: /tmp/ktest-results/lustre_mainline_native.log)
Starting job: clang-tidy (ktest-out: /tmp/ktest_lustre_mainline_native_fmu3j3nb)
Starting job: cc-plugin (ktest-out: /tmp/ktest_lustre_mainline_native_fmu3j3nb)
Starting job: boot (ktest-out: /tmp/ktest_lustre_mainline_native_fmu3j3nb)
Starting job: llmount (ktest-out: /tmp/ktest_lustre_mainline_native_fmu3j3nb)
Starting job: llog-unit (ktest-out: /tmp/ktest_lustre_mainline_native_fmu3j3nb)
Starting job: mgs-setup (ktest-out: /tmp/ktest_lustre_mainline_native_fmu3j3nb)
Starting job: sanity-1 (ktest-out: /tmp/ktest_lustre_mainline_native_fmu3j3nb)
Starting job: sanity-2 (ktest-out: /tmp/ktest_lustre_mainline_native_fmu3j3nb)
Starting job: sanity-3 (ktest-out: /tmp/ktest_lustre_mainline_native_fmu3j3nb)
Starting job: sanity-4 (ktest-out: /tmp/ktest_lustre_mainline_native_fmu3j3nb)
put_archive(/tmp/ktest_lustre_mainline_native_fmu3j3nb.tar): 21.03s
put_archive(/tmp/ktest_lustre_mainline_native_fmu3j3nb.tar): 21.44s
put_archive(/tmp/ktest_lustre_mainline_native_fmu3j3nb.tar): 21.09s
put_archive(/tmp/ktest_lustre_mainline_native_fmu3j3nb.tar): 21.64s
put_archive(/tmp/ktest_lustre_mainline_native_fmu3j3nb.tar): 56.24s
put_archive(/tmp/ktest_lustre_mainline_native_fmu3j3nb.tar): 55.61s
put_archive(/tmp/ktest_lustre_mainline_native_fmu3j3nb.tar): 55.79s
put_archive(/tmp/ktest-kernel.tar.gz): 56.54s
put_archive(/tmp/ktest_lustre_mainline_native_fmu3j3nb.tar): 56.13s
put_archive(/tmp/ktest-kernel.tar.gz): 55.78s
put_archive(/tmp/ktest-lustre.tar.gz): 42.19s
put_archive(/tmp/ktest-lustre.tar.gz): 42.08s
put_archive(/tmp/ktest_lustre_mainline_native_fmu3j3nb.tar): 16.99s
put_archive(/tmp/ktest_lustre_mainline_native_fmu3j3nb.tar): 16.95s
Job boot completed: SUCCESS (return code = 0, log: /tmp/ktest-results/boot.log)
Job mgs-setup completed: SUCCESS (return code = 0, log: /tmp/ktest-results/mgs-setup.log)
Job cc-plugin completed: FAILED (return code = 127, log: /tmp/ktest-results/cc-plugin.log)
Job clang-tidy completed: SUCCESS (return code = 0, log: /tmp/ktest-results/clang-tidy.log)
Job sanity-3 completed: SUCCESS (return code = 0, log: /tmp/ktest-results/sanity-3.log)
Job sanity-2 completed: SUCCESS (return code = 0, log: /tmp/ktest-results/sanity-2.log)
Job sanity-4 completed: SUCCESS (return code = 0, log: /tmp/ktest-results/sanity-4.log)
Job llmount completed: SUCCESS (return code = 0, log: /tmp/ktest-results/llmount.log)
Job sanity-1 completed: SUCCESS (return code = 0, log: /tmp/ktest-results/sanity-1.log)
Job llog-unit completed: SUCCESS (return code = 0, log: /tmp/ktest-results/llog-unit.log)

============================================================
Final Results:
  checkpatch: SUCCESS (return code = 0, log: /tmp/ktest-results/checkpatch.log)
  lustre_u24: SUCCESS (return code = 0, log: /tmp/ktest-results/lustre_u24.log)
  lustre_al2023: SUCCESS (return code = 0, log: /tmp/ktest-results/lustre_al2023.log)
  lustre_mainline_strict: FAILED (return code = 1, log: /tmp/ktest-results/lustre_mainline_strict.log)
  lustre_mainline: SUCCESS (return code = 0, log: /tmp/ktest-results/lustre_mainline.log)
  lustre_mainline_native: SUCCESS (return code = 0, log: /tmp/ktest-results/lustre_mainline_native.log)
  clang-tidy: SUCCESS (return code = 0, log: /tmp/ktest-results/clang-tidy.log)
  cc-plugin: FAILED (return code = 127, log: /tmp/ktest-results/cc-plugin.log)
  boot: SUCCESS (return code = 0, log: /tmp/ktest-results/boot.log)
  llmount: SUCCESS (return code = 0, log: /tmp/ktest-results/llmount.log)
  llog-unit: SUCCESS (return code = 0, log: /tmp/ktest-results/llog-unit.log)
  mgs-setup: SUCCESS (return code = 0, log: /tmp/ktest-results/mgs-setup.log)
  sanity-1: SUCCESS (return code = 0, log: /tmp/ktest-results/sanity-1.log)
  sanity-2: SUCCESS (return code = 0, log: /tmp/ktest-results/sanity-2.log)
  sanity-3: SUCCESS (return code = 0, log: /tmp/ktest-results/sanity-3.log)
  sanity-4: SUCCESS (return code = 0, log: /tmp/ktest-results/sanity-4.log)