Creating kernel tarball at /tmp/ktest-kernel.tar.gz...
Creating lustre tarball at /tmp/ktest-lustre.tar.gz...
Executing 16 jobs with dependencies
Jobs will start as soon as their dependencies are satisfied

Starting job: lustre_mainline_native (ktest-out: /tmp/ktest_lustre_mainline_native_sygdrrlj)
Starting job: lustre_mainline_strict (ktest-out: /tmp/ktest_lustre_mainline_strict_2c8w4_tw)
Starting job: lustre_al2023 (ktest-out: /tmp/ktest_lustre_al2023_656yqy3r)
Starting job: lustre_mainline (ktest-out: /tmp/ktest_lustre_mainline_432fz6sc)
Starting job: checkpatch (ktest-out: /tmp/ktest_checkpatch_hz49p1n3)
Starting job: lustre_u24 (ktest-out: /tmp/ktest_lustre_u24_5y583r0_)
put_archive(/tmp/ktest-kernel.tar.gz): 7.95s
put_archive(/tmp/ktest-kernel.tar.gz): 7.56s
put_archive(/tmp/ktest-kernel.tar.gz): 8.00s
put_archive(/tmp/ktest-kernel.tar.gz): 7.91s
put_archive(/tmp/ktest-kernel.tar.gz): 8.75s
put_archive(/tmp/ktest-kernel.tar.gz): 8.01s
put_archive(/tmp/ktest-lustre.tar.gz): 5.04s
put_archive(/tmp/ktest-lustre.tar.gz): 4.92s
put_archive(/tmp/ktest-lustre.tar.gz): 4.66s
put_archive(/tmp/ktest-lustre.tar.gz): 4.82s
put_archive(/tmp/ktest-lustre.tar.gz): 4.56s
put_archive(/tmp/ktest-lustre.tar.gz): 5.64s
Job checkpatch completed: FAILED (return code = 1, log: /tmp/ktest-results/checkpatch.log)
Job lustre_al2023 completed: SUCCESS (return code = 0, log: /tmp/ktest-results/lustre_al2023.log)
Job lustre_u24 completed: SUCCESS (return code = 0, log: /tmp/ktest-results/lustre_u24.log)
get_archive(ktest-out): 3.53s
Job lustre_mainline_strict completed: FAILED (return code = 1, log: /tmp/ktest-results/lustre_mainline_strict.log)
get_archive(ktest-out): 3.26s
get_archive(ktest-out): 3.25s
Job lustre_mainline completed: SUCCESS (return code = 0, log: /tmp/ktest-results/lustre_mainline.log)
Job lustre_mainline_native completed: SUCCESS (return code = 0, log: /tmp/ktest-results/lustre_mainline_native.log)
Starting job: clang-tidy (ktest-out: /tmp/ktest_lustre_mainline_native_sygdrrlj)
Starting job: cc-plugin (ktest-out: /tmp/ktest_lustre_mainline_native_sygdrrlj)
Starting job: boot (ktest-out: /tmp/ktest_lustre_mainline_native_sygdrrlj)
Starting job: llmount (ktest-out: /tmp/ktest_lustre_mainline_native_sygdrrlj)
Starting job: llog-unit (ktest-out: /tmp/ktest_lustre_mainline_native_sygdrrlj)
Starting job: mgs-setup (ktest-out: /tmp/ktest_lustre_mainline_native_sygdrrlj)
Starting job: sanity-1 (ktest-out: /tmp/ktest_lustre_mainline_native_sygdrrlj)
Starting job: sanity-2 (ktest-out: /tmp/ktest_lustre_mainline_native_sygdrrlj)
Starting job: sanity-3 (ktest-out: /tmp/ktest_lustre_mainline_native_sygdrrlj)
Starting job: sanity-4 (ktest-out: /tmp/ktest_lustre_mainline_native_sygdrrlj)
put_archive(/tmp/ktest_lustre_mainline_native_sygdrrlj.tar): 2.60s
put_archive(/tmp/ktest_lustre_mainline_native_sygdrrlj.tar): 2.70s
put_archive(/tmp/ktest_lustre_mainline_native_sygdrrlj.tar): 10.76s
put_archive(/tmp/ktest_lustre_mainline_native_sygdrrlj.tar): 15.39s
put_archive(/tmp/ktest_lustre_mainline_native_sygdrrlj.tar): 15.77s
put_archive(/tmp/ktest_lustre_mainline_native_sygdrrlj.tar): 67.97s
put_archive(/tmp/ktest_lustre_mainline_native_sygdrrlj.tar): 67.21s
put_archive(/tmp/ktest-kernel.tar.gz): 67.77s
put_archive(/tmp/ktest_lustre_mainline_native_sygdrrlj.tar): 67.62s
put_archive(/tmp/ktest-kernel.tar.gz): 68.01s
put_archive(/tmp/ktest-lustre.tar.gz): 20.39s
put_archive(/tmp/ktest-lustre.tar.gz): 20.20s
Job boot completed: SUCCESS (return code = 0, log: /tmp/ktest-results/boot.log)
put_archive(/tmp/ktest_lustre_mainline_native_sygdrrlj.tar): 13.08s
put_archive(/tmp/ktest_lustre_mainline_native_sygdrrlj.tar): 13.10s
Job mgs-setup completed: SUCCESS (return code = 0, log: /tmp/ktest-results/mgs-setup.log)
Job llog-unit completed: SUCCESS (return code = 0, log: /tmp/ktest-results/llog-unit.log)
Job cc-plugin completed: FAILED (return code = 127, log: /tmp/ktest-results/cc-plugin.log)
Job clang-tidy completed: SUCCESS (return code = 0, log: /tmp/ktest-results/clang-tidy.log)
Job sanity-1 completed: SUCCESS (return code = 0, log: /tmp/ktest-results/sanity-1.log)
Job sanity-3 completed: SUCCESS (return code = 0, log: /tmp/ktest-results/sanity-3.log)
Job sanity-2 completed: SUCCESS (return code = 0, log: /tmp/ktest-results/sanity-2.log)
Job sanity-4 completed: SUCCESS (return code = 0, log: /tmp/ktest-results/sanity-4.log)
Job llmount completed: SUCCESS (return code = 0, log: /tmp/ktest-results/llmount.log)

============================================================
Final Results:
  checkpatch: FAILED (return code = 1, log: /tmp/ktest-results/checkpatch.log)
  lustre_u24: SUCCESS (return code = 0, log: /tmp/ktest-results/lustre_u24.log)
  lustre_al2023: SUCCESS (return code = 0, log: /tmp/ktest-results/lustre_al2023.log)
  lustre_mainline_strict: FAILED (return code = 1, log: /tmp/ktest-results/lustre_mainline_strict.log)
  lustre_mainline: SUCCESS (return code = 0, log: /tmp/ktest-results/lustre_mainline.log)
  lustre_mainline_native: SUCCESS (return code = 0, log: /tmp/ktest-results/lustre_mainline_native.log)
  clang-tidy: SUCCESS (return code = 0, log: /tmp/ktest-results/clang-tidy.log)
  cc-plugin: FAILED (return code = 127, log: /tmp/ktest-results/cc-plugin.log)
  boot: SUCCESS (return code = 0, log: /tmp/ktest-results/boot.log)
  llmount: SUCCESS (return code = 0, log: /tmp/ktest-results/llmount.log)
  llog-unit: SUCCESS (return code = 0, log: /tmp/ktest-results/llog-unit.log)
  mgs-setup: SUCCESS (return code = 0, log: /tmp/ktest-results/mgs-setup.log)
  sanity-1: SUCCESS (return code = 0, log: /tmp/ktest-results/sanity-1.log)
  sanity-2: SUCCESS (return code = 0, log: /tmp/ktest-results/sanity-2.log)
  sanity-3: SUCCESS (return code = 0, log: /tmp/ktest-results/sanity-3.log)
  sanity-4: SUCCESS (return code = 0, log: /tmp/ktest-results/sanity-4.log)