<html lang="en">
<body>
<pre>
Creating kernel tarball at /tmp/ktest-kernel.tar.gz...
Creating lustre tarball at /tmp/ktest-lustre.tar.gz...
Executing 16 jobs with dependencies
Jobs will start as soon as their dependencies are satisfied

Starting job: lustre_u24 (ktest-out: /tmp/ktest_lustre_u24_4z6wi7g7)
Starting job: checkpatch (ktest-out: /tmp/ktest_checkpatch_dmgldefh)
Starting job: lustre_mainline_strict (ktest-out: /tmp/ktest_lustre_mainline_strict_xb85xnz6)
Starting job: lustre_mainline_native (ktest-out: /tmp/ktest_lustre_mainline_native_bg4d3ubu)
Starting job: lustre_mainline (ktest-out: /tmp/ktest_lustre_mainline_ginrkqda)
Starting job: lustre_al2023 (ktest-out: /tmp/ktest_lustre_al2023_mq9jo1pb)
put_archive(/tmp/ktest-kernel.tar.gz): 7.32s
put_archive(/tmp/ktest-kernel.tar.gz): 7.73s
put_archive(/tmp/ktest-kernel.tar.gz): 7.94s
put_archive(/tmp/ktest-kernel.tar.gz): 7.84s
put_archive(/tmp/ktest-kernel.tar.gz): 7.69s
put_archive(/tmp/ktest-kernel.tar.gz): 7.64s
put_archive(/tmp/ktest-lustre.tar.gz): 8.43s
put_archive(/tmp/ktest-lustre.tar.gz): 8.59s
put_archive(/tmp/ktest-lustre.tar.gz): 9.03s
put_archive(/tmp/ktest-lustre.tar.gz): 8.75s
put_archive(/tmp/ktest-lustre.tar.gz): 8.35s
put_archive(/tmp/ktest-lustre.tar.gz): 8.91s
Job checkpatch completed: FAILED (return code = 1, log: /tmp/ktest-results/checkpatch.log)
Job lustre_u24 completed: SUCCESS (return code = 0, log: /tmp/ktest-results/lustre_u24.log)
Job lustre_al2023 completed: SUCCESS (return code = 0, log: /tmp/ktest-results/lustre_al2023.log)
get_archive(ktest-out): 3.43s
Job lustre_mainline_strict completed: FAILED (return code = 1, log: /tmp/ktest-results/lustre_mainline_strict.log)
get_archive(ktest-out): 3.09s
get_archive(ktest-out): 3.18s
Job lustre_mainline_native completed: SUCCESS (return code = 0, log: /tmp/ktest-results/lustre_mainline_native.log)
Starting job: clang-tidy (ktest-out: /tmp/ktest_lustre_mainline_native_bg4d3ubu)
Starting job: cc-plugin (ktest-out: /tmp/ktest_lustre_mainline_native_bg4d3ubu)
Starting job: boot (ktest-out: /tmp/ktest_lustre_mainline_native_bg4d3ubu)
Starting job: llmount (ktest-out: /tmp/ktest_lustre_mainline_native_bg4d3ubu)
Starting job: llog-unit (ktest-out: /tmp/ktest_lustre_mainline_native_bg4d3ubu)
Starting job: mgs-setup (ktest-out: /tmp/ktest_lustre_mainline_native_bg4d3ubu)
Starting job: sanity-1 (ktest-out: /tmp/ktest_lustre_mainline_native_bg4d3ubu)
Starting job: sanity-2 (ktest-out: /tmp/ktest_lustre_mainline_native_bg4d3ubu)
Starting job: sanity-3 (ktest-out: /tmp/ktest_lustre_mainline_native_bg4d3ubu)
Starting job: sanity-4 (ktest-out: /tmp/ktest_lustre_mainline_native_bg4d3ubu)
Job lustre_mainline completed: SUCCESS (return code = 0, log: /tmp/ktest-results/lustre_mainline.log)
put_archive(/tmp/ktest_lustre_mainline_native_bg4d3ubu.tar): 5.28s
put_archive(/tmp/ktest-kernel.tar.gz): 13.18s
put_archive(/tmp/ktest-lustre.tar.gz): 4.79s
put_archive(/tmp/ktest_lustre_mainline_native_bg4d3ubu.tar): 6.07s
put_archive(/tmp/ktest-kernel.tar.gz): 12.13s
put_archive(/tmp/ktest_lustre_mainline_native_bg4d3ubu.tar): 27.09s
put_archive(/tmp/ktest_lustre_mainline_native_bg4d3ubu.tar): 25.28s
put_archive(/tmp/ktest_lustre_mainline_native_bg4d3ubu.tar): 33.84s
put_archive(/tmp/ktest_lustre_mainline_native_bg4d3ubu.tar): 29.82s
put_archive(/tmp/ktest-lustre.tar.gz): 24.04s
put_archive(/tmp/ktest_lustre_mainline_native_bg4d3ubu.tar): 24.08s
put_archive(/tmp/ktest_lustre_mainline_native_bg4d3ubu.tar): 56.69s
put_archive(/tmp/ktest_lustre_mainline_native_bg4d3ubu.tar): 56.36s
put_archive(/tmp/ktest_lustre_mainline_native_bg4d3ubu.tar): 56.48s
Job clang-tidy completed: SUCCESS (return code = 0, log: /tmp/ktest-results/clang-tidy.log)
Job cc-plugin completed: FAILED (return code = 127, log: /tmp/ktest-results/cc-plugin.log)
Job sanity-4 completed: SUCCESS (return code = 0, log: /tmp/ktest-results/sanity-4.log)
Job mgs-setup completed: SUCCESS (return code = 0, log: /tmp/ktest-results/mgs-setup.log)
Job boot completed: SUCCESS (return code = 0, log: /tmp/ktest-results/boot.log)
Job sanity-3 completed: SUCCESS (return code = 0, log: /tmp/ktest-results/sanity-3.log)
Job sanity-2 completed: SUCCESS (return code = 0, log: /tmp/ktest-results/sanity-2.log)
Job llmount completed: SUCCESS (return code = 0, log: /tmp/ktest-results/llmount.log)
Job llog-unit completed: SUCCESS (return code = 0, log: /tmp/ktest-results/llog-unit.log)
Job sanity-1 completed: SUCCESS (return code = 0, log: /tmp/ktest-results/sanity-1.log)

============================================================
Final Results:
  checkpatch: FAILED (return code = 1, log: /tmp/ktest-results/checkpatch.log)
  lustre_u24: SUCCESS (return code = 0, log: /tmp/ktest-results/lustre_u24.log)
  lustre_al2023: SUCCESS (return code = 0, log: /tmp/ktest-results/lustre_al2023.log)
  lustre_mainline_strict: FAILED (return code = 1, log: /tmp/ktest-results/lustre_mainline_strict.log)
  lustre_mainline: SUCCESS (return code = 0, log: /tmp/ktest-results/lustre_mainline.log)
  lustre_mainline_native: SUCCESS (return code = 0, log: /tmp/ktest-results/lustre_mainline_native.log)
  clang-tidy: SUCCESS (return code = 0, log: /tmp/ktest-results/clang-tidy.log)
  cc-plugin: FAILED (return code = 127, log: /tmp/ktest-results/cc-plugin.log)
  boot: SUCCESS (return code = 0, log: /tmp/ktest-results/boot.log)
  llmount: SUCCESS (return code = 0, log: /tmp/ktest-results/llmount.log)
  llog-unit: SUCCESS (return code = 0, log: /tmp/ktest-results/llog-unit.log)
  mgs-setup: SUCCESS (return code = 0, log: /tmp/ktest-results/mgs-setup.log)
  sanity-1: SUCCESS (return code = 0, log: /tmp/ktest-results/sanity-1.log)
  sanity-2: SUCCESS (return code = 0, log: /tmp/ktest-results/sanity-2.log)
  sanity-3: SUCCESS (return code = 0, log: /tmp/ktest-results/sanity-3.log)
  sanity-4: SUCCESS (return code = 0, log: /tmp/ktest-results/sanity-4.log)
</pre>
</body>
</html>
