Creating kernel tarball at /tmp/ktest-kernel.tar.gz...
Creating lustre tarball at /tmp/ktest-lustre.tar.gz...
Executing 16 jobs with dependencies
Jobs will start as soon as their dependencies are satisfied

Starting job: lustre_al2023 (ktest-out: /tmp/ktest_lustre_al2023_5qz3bim2)
Starting job: checkpatch (ktest-out: /tmp/ktest_checkpatch_xc0eh7b9)
Starting job: lustre_u24 (ktest-out: /tmp/ktest_lustre_u24_m8v_vibz)
Starting job: lustre_mainline_strict (ktest-out: /tmp/ktest_lustre_mainline_strict_uh4cnz83)
Starting job: lustre_mainline_native (ktest-out: /tmp/ktest_lustre_mainline_native_82o8l42f)
Starting job: lustre_mainline (ktest-out: /tmp/ktest_lustre_mainline_238bs2m7)
put_archive(/tmp/ktest-kernel.tar.gz): 6.52s
put_archive(/tmp/ktest-kernel.tar.gz): 8.56s
put_archive(/tmp/ktest-kernel.tar.gz): 8.32s
put_archive(/tmp/ktest-kernel.tar.gz): 8.97s
put_archive(/tmp/ktest-kernel.tar.gz): 8.24s
put_archive(/tmp/ktest-kernel.tar.gz): 8.28s
put_archive(/tmp/ktest-lustre.tar.gz): 7.78s
put_archive(/tmp/ktest-lustre.tar.gz): 7.65s
put_archive(/tmp/ktest-lustre.tar.gz): 10.49s
put_archive(/tmp/ktest-lustre.tar.gz): 8.00s
put_archive(/tmp/ktest-lustre.tar.gz): 7.42s
put_archive(/tmp/ktest-lustre.tar.gz): 7.58s
Job checkpatch completed: FAILED (return code = 1, log: /tmp/ktest-results/checkpatch.log)
Job lustre_al2023 completed: SUCCESS (return code = 0, log: /tmp/ktest-results/lustre_al2023.log)
Job lustre_u24 completed: SUCCESS (return code = 0, log: /tmp/ktest-results/lustre_u24.log)
get_archive(ktest-out): 4.79s
Job lustre_mainline_strict completed: FAILED (return code = 1, log: /tmp/ktest-results/lustre_mainline_strict.log)
get_archive(ktest-out): 3.21s
get_archive(ktest-out): 3.25s
Job lustre_mainline completed: SUCCESS (return code = 0, log: /tmp/ktest-results/lustre_mainline.log)
Job lustre_mainline_native completed: SUCCESS (return code = 0, log: /tmp/ktest-results/lustre_mainline_native.log)
Starting job: clang-tidy (ktest-out: /tmp/ktest_lustre_mainline_native_82o8l42f)
Starting job: cc-plugin (ktest-out: /tmp/ktest_lustre_mainline_native_82o8l42f)
Starting job: boot (ktest-out: /tmp/ktest_lustre_mainline_native_82o8l42f)
Starting job: llmount (ktest-out: /tmp/ktest_lustre_mainline_native_82o8l42f)
Starting job: llog-unit (ktest-out: /tmp/ktest_lustre_mainline_native_82o8l42f)
Starting job: mgs-setup (ktest-out: /tmp/ktest_lustre_mainline_native_82o8l42f)
Starting job: sanity-1 (ktest-out: /tmp/ktest_lustre_mainline_native_82o8l42f)
Starting job: sanity-2 (ktest-out: /tmp/ktest_lustre_mainline_native_82o8l42f)
Starting job: sanity-3 (ktest-out: /tmp/ktest_lustre_mainline_native_82o8l42f)
Starting job: sanity-4 (ktest-out: /tmp/ktest_lustre_mainline_native_82o8l42f)
put_archive(/tmp/ktest_lustre_mainline_native_82o8l42f.tar): 13.35s
put_archive(/tmp/ktest_lustre_mainline_native_82o8l42f.tar): 13.40s
put_archive(/tmp/ktest_lustre_mainline_native_82o8l42f.tar): 13.29s
put_archive(/tmp/ktest-kernel.tar.gz): 13.66s
put_archive(/tmp/ktest_lustre_mainline_native_82o8l42f.tar): 56.67s
put_archive(/tmp/ktest_lustre_mainline_native_82o8l42f.tar): 56.47s
put_archive(/tmp/ktest-kernel.tar.gz): 56.81s
put_archive(/tmp/ktest_lustre_mainline_native_82o8l42f.tar): 56.81s
put_archive(/tmp/ktest-lustre.tar.gz): 57.16s
put_archive(/tmp/ktest-lustre.tar.gz): 49.19s
put_archive(/tmp/ktest_lustre_mainline_native_82o8l42f.tar): 49.40s
put_archive(/tmp/ktest_lustre_mainline_native_82o8l42f.tar): 49.22s
put_archive(/tmp/ktest_lustre_mainline_native_82o8l42f.tar): 49.00s
put_archive(/tmp/ktest_lustre_mainline_native_82o8l42f.tar): 18.90s
Job boot completed: SUCCESS (return code = 0, log: /tmp/ktest-results/boot.log)
Job cc-plugin completed: FAILED (return code = 127, log: /tmp/ktest-results/cc-plugin.log)
Job mgs-setup completed: SUCCESS (return code = 0, log: /tmp/ktest-results/mgs-setup.log)
Job clang-tidy completed: SUCCESS (return code = 0, log: /tmp/ktest-results/clang-tidy.log)
Job sanity-4 completed: SUCCESS (return code = 0, log: /tmp/ktest-results/sanity-4.log)
Job sanity-3 completed: SUCCESS (return code = 0, log: /tmp/ktest-results/sanity-3.log)
Job llog-unit completed: SUCCESS (return code = 0, log: /tmp/ktest-results/llog-unit.log)
Job llmount completed: SUCCESS (return code = 0, log: /tmp/ktest-results/llmount.log)
Job sanity-2 completed: SUCCESS (return code = 0, log: /tmp/ktest-results/sanity-2.log)
Job sanity-1 completed: SUCCESS (return code = 0, log: /tmp/ktest-results/sanity-1.log)

============================================================
Final Results:
  checkpatch: FAILED (return code = 1, log: /tmp/ktest-results/checkpatch.log)
  lustre_u24: SUCCESS (return code = 0, log: /tmp/ktest-results/lustre_u24.log)
  lustre_al2023: SUCCESS (return code = 0, log: /tmp/ktest-results/lustre_al2023.log)
  lustre_mainline_strict: FAILED (return code = 1, log: /tmp/ktest-results/lustre_mainline_strict.log)
  lustre_mainline: SUCCESS (return code = 0, log: /tmp/ktest-results/lustre_mainline.log)
  lustre_mainline_native: SUCCESS (return code = 0, log: /tmp/ktest-results/lustre_mainline_native.log)
  clang-tidy: SUCCESS (return code = 0, log: /tmp/ktest-results/clang-tidy.log)
  cc-plugin: FAILED (return code = 127, log: /tmp/ktest-results/cc-plugin.log)
  boot: SUCCESS (return code = 0, log: /tmp/ktest-results/boot.log)
  llmount: SUCCESS (return code = 0, log: /tmp/ktest-results/llmount.log)
  llog-unit: SUCCESS (return code = 0, log: /tmp/ktest-results/llog-unit.log)
  mgs-setup: SUCCESS (return code = 0, log: /tmp/ktest-results/mgs-setup.log)
  sanity-1: SUCCESS (return code = 0, log: /tmp/ktest-results/sanity-1.log)
  sanity-2: SUCCESS (return code = 0, log: /tmp/ktest-results/sanity-2.log)
  sanity-3: SUCCESS (return code = 0, log: /tmp/ktest-results/sanity-3.log)
  sanity-4: SUCCESS (return code = 0, log: /tmp/ktest-results/sanity-4.log)