Creating kernel tarball at /tmp/ktest-kernel.tar.gz...
Creating lustre tarball at /tmp/ktest-lustre.tar.gz...
Executing 16 jobs with dependencies
Jobs will start as soon as their dependencies are satisfied

Starting job: lustre_u24 (ktest-out: /tmp/ktest_lustre_u24_6wj09hkl)
Starting job: lustre_mainline_native (ktest-out: /tmp/ktest_lustre_mainline_native_9_x5zq_w)
Starting job: lustre_mainline_strict (ktest-out: /tmp/ktest_lustre_mainline_strict_20y30h5b)
Starting job: lustre_mainline (ktest-out: /tmp/ktest_lustre_mainline_78j529_2)
Starting job: checkpatch (ktest-out: /tmp/ktest_checkpatch_v8mr5v0n)
Starting job: lustre_al2023 (ktest-out: /tmp/ktest_lustre_al2023_cpw3849x)
put_archive(/tmp/ktest-kernel.tar.gz): 8.25s
put_archive(/tmp/ktest-kernel.tar.gz): 10.78s
put_archive(/tmp/ktest-kernel.tar.gz): 10.44s
put_archive(/tmp/ktest-kernel.tar.gz): 11.15s
put_archive(/tmp/ktest-kernel.tar.gz): 10.83s
put_archive(/tmp/ktest-kernel.tar.gz): 11.05s
put_archive(/tmp/ktest-lustre.tar.gz): 7.56s
put_archive(/tmp/ktest-lustre.tar.gz): 7.71s
put_archive(/tmp/ktest-lustre.tar.gz): 7.89s
put_archive(/tmp/ktest-lustre.tar.gz): 7.31s
put_archive(/tmp/ktest-lustre.tar.gz): 10.76s
put_archive(/tmp/ktest-lustre.tar.gz): 7.49s
Job checkpatch completed: FAILED (return code = 1, log: /tmp/ktest-results/checkpatch.log)
Job lustre_u24 completed: SUCCESS (return code = 0, log: /tmp/ktest-results/lustre_u24.log)
Job lustre_al2023 completed: SUCCESS (return code = 0, log: /tmp/ktest-results/lustre_al2023.log)
get_archive(ktest-out): 3.60s
Job lustre_mainline_strict completed: FAILED (return code = 1, log: /tmp/ktest-results/lustre_mainline_strict.log)
get_archive(ktest-out): 3.04s
get_archive(ktest-out): 3.11s
Job lustre_mainline_native completed: SUCCESS (return code = 0, log: /tmp/ktest-results/lustre_mainline_native.log)
Starting job: clang-tidy (ktest-out: /tmp/ktest_lustre_mainline_native_9_x5zq_w)
Starting job: cc-plugin (ktest-out: /tmp/ktest_lustre_mainline_native_9_x5zq_w)
Starting job: boot (ktest-out: /tmp/ktest_lustre_mainline_native_9_x5zq_w)
Starting job: llmount (ktest-out: /tmp/ktest_lustre_mainline_native_9_x5zq_w)
Starting job: llog-unit (ktest-out: /tmp/ktest_lustre_mainline_native_9_x5zq_w)
Starting job: mgs-setup (ktest-out: /tmp/ktest_lustre_mainline_native_9_x5zq_w)
Starting job: sanity-1 (ktest-out: /tmp/ktest_lustre_mainline_native_9_x5zq_w)
Starting job: sanity-2 (ktest-out: /tmp/ktest_lustre_mainline_native_9_x5zq_w)
Starting job: sanity-3 (ktest-out: /tmp/ktest_lustre_mainline_native_9_x5zq_w)
Starting job: sanity-4 (ktest-out: /tmp/ktest_lustre_mainline_native_9_x5zq_w)
Job lustre_mainline completed: SUCCESS (return code = 0, log: /tmp/ktest-results/lustre_mainline.log)
put_archive(/tmp/ktest_lustre_mainline_native_9_x5zq_w.tar): 5.45s
put_archive(/tmp/ktest_lustre_mainline_native_9_x5zq_w.tar): 15.59s
put_archive(/tmp/ktest_lustre_mainline_native_9_x5zq_w.tar): 26.22s
put_archive(/tmp/ktest_lustre_mainline_native_9_x5zq_w.tar): 37.40s
put_archive(/tmp/ktest_lustre_mainline_native_9_x5zq_w.tar): 37.16s
put_archive(/tmp/ktest_lustre_mainline_native_9_x5zq_w.tar): 37.77s
put_archive(/tmp/ktest-kernel.tar.gz): 50.62s
put_archive(/tmp/ktest-kernel.tar.gz): 54.42s
put_archive(/tmp/ktest_lustre_mainline_native_9_x5zq_w.tar): 54.46s
put_archive(/tmp/ktest-lustre.tar.gz): 17.95s
put_archive(/tmp/ktest-lustre.tar.gz): 47.53s
put_archive(/tmp/ktest_lustre_mainline_native_9_x5zq_w.tar): 17.88s
put_archive(/tmp/ktest_lustre_mainline_native_9_x5zq_w.tar): 22.05s
put_archive(/tmp/ktest_lustre_mainline_native_9_x5zq_w.tar): 22.05s
Job boot completed: SUCCESS (return code = 0, log: /tmp/ktest-results/boot.log)
Job cc-plugin completed: FAILED (return code = 127, log: /tmp/ktest-results/cc-plugin.log)
Job llog-unit completed: SUCCESS (return code = 0, log: /tmp/ktest-results/llog-unit.log)
Job sanity-1 completed: SUCCESS (return code = 0, log: /tmp/ktest-results/sanity-1.log)
Job clang-tidy completed: SUCCESS (return code = 0, log: /tmp/ktest-results/clang-tidy.log)
Job mgs-setup completed: SUCCESS (return code = 0, log: /tmp/ktest-results/mgs-setup.log)
Job sanity-2 completed: SUCCESS (return code = 0, log: /tmp/ktest-results/sanity-2.log)
Job sanity-4 completed: SUCCESS (return code = 0, log: /tmp/ktest-results/sanity-4.log)
Job llmount completed: SUCCESS (return code = 0, log: /tmp/ktest-results/llmount.log)
Job sanity-3 completed: SUCCESS (return code = 0, log: /tmp/ktest-results/sanity-3.log)

============================================================
Final Results:
  checkpatch: FAILED (return code = 1, log: /tmp/ktest-results/checkpatch.log)
  lustre_u24: SUCCESS (return code = 0, log: /tmp/ktest-results/lustre_u24.log)
  lustre_al2023: SUCCESS (return code = 0, log: /tmp/ktest-results/lustre_al2023.log)
  lustre_mainline_strict: FAILED (return code = 1, log: /tmp/ktest-results/lustre_mainline_strict.log)
  lustre_mainline: SUCCESS (return code = 0, log: /tmp/ktest-results/lustre_mainline.log)
  lustre_mainline_native: SUCCESS (return code = 0, log: /tmp/ktest-results/lustre_mainline_native.log)
  clang-tidy: SUCCESS (return code = 0, log: /tmp/ktest-results/clang-tidy.log)
  cc-plugin: FAILED (return code = 127, log: /tmp/ktest-results/cc-plugin.log)
  boot: SUCCESS (return code = 0, log: /tmp/ktest-results/boot.log)
  llmount: SUCCESS (return code = 0, log: /tmp/ktest-results/llmount.log)
  llog-unit: SUCCESS (return code = 0, log: /tmp/ktest-results/llog-unit.log)
  mgs-setup: SUCCESS (return code = 0, log: /tmp/ktest-results/mgs-setup.log)
  sanity-1: SUCCESS (return code = 0, log: /tmp/ktest-results/sanity-1.log)
  sanity-2: SUCCESS (return code = 0, log: /tmp/ktest-results/sanity-2.log)
  sanity-3: SUCCESS (return code = 0, log: /tmp/ktest-results/sanity-3.log)
  sanity-4: SUCCESS (return code = 0, log: /tmp/ktest-results/sanity-4.log)