Creating kernel tarball at /tmp/ktest-kernel.tar.gz...
Creating lustre tarball at /tmp/ktest-lustre.tar.gz...
Executing 16 jobs with dependencies
Jobs will start as soon as their dependencies are satisfied

Starting job: lustre_mainline (ktest-out: /tmp/ktest_lustre_mainline_jgl1w1kd)
Starting job: lustre_mainline_native (ktest-out: /tmp/ktest_lustre_mainline_native_sffsno0v)
Starting job: lustre_mainline_strict (ktest-out: /tmp/ktest_lustre_mainline_strict_y08rz549)
Starting job: checkpatch (ktest-out: /tmp/ktest_checkpatch_skh21633)
Starting job: lustre_al2023 (ktest-out: /tmp/ktest_lustre_al2023_thajnqa2)
Starting job: lustre_u24 (ktest-out: /tmp/ktest_lustre_u24_44gpb08i)
put_archive(/tmp/ktest-kernel.tar.gz): 7.81s
put_archive(/tmp/ktest-kernel.tar.gz): 7.21s
put_archive(/tmp/ktest-kernel.tar.gz): 8.15s
put_archive(/tmp/ktest-kernel.tar.gz): 7.78s
put_archive(/tmp/ktest-kernel.tar.gz): 7.57s
put_archive(/tmp/ktest-kernel.tar.gz): 7.59s
put_archive(/tmp/ktest-lustre.tar.gz): 1.86s
put_archive(/tmp/ktest-lustre.tar.gz): 2.58s
put_archive(/tmp/ktest-lustre.tar.gz): 2.16s
put_archive(/tmp/ktest-lustre.tar.gz): 1.60s
put_archive(/tmp/ktest-lustre.tar.gz): 1.77s
put_archive(/tmp/ktest-lustre.tar.gz): 2.05s
Job checkpatch completed: SUCCESS (return code = 0, log: /tmp/ktest-results/checkpatch.log)
Job lustre_al2023 completed: SUCCESS (return code = 0, log: /tmp/ktest-results/lustre_al2023.log)
Job lustre_u24 completed: SUCCESS (return code = 0, log: /tmp/ktest-results/lustre_u24.log)
get_archive(ktest-out): 6.20s
Job lustre_mainline_strict completed: FAILED (return code = 1, log: /tmp/ktest-results/lustre_mainline_strict.log)
get_archive(ktest-out): 3.20s
get_archive(ktest-out): 3.33s
Job lustre_mainline_native completed: SUCCESS (return code = 0, log: /tmp/ktest-results/lustre_mainline_native.log)
Starting job: clang-tidy (ktest-out: /tmp/ktest_lustre_mainline_native_sffsno0v)
Starting job: cc-plugin (ktest-out: /tmp/ktest_lustre_mainline_native_sffsno0v)
Starting job: boot (ktest-out: /tmp/ktest_lustre_mainline_native_sffsno0v)
Starting job: llmount (ktest-out: /tmp/ktest_lustre_mainline_native_sffsno0v)
Starting job: llog-unit (ktest-out: /tmp/ktest_lustre_mainline_native_sffsno0v)
Starting job: mgs-setup (ktest-out: /tmp/ktest_lustre_mainline_native_sffsno0v)
Starting job: sanity-1 (ktest-out: /tmp/ktest_lustre_mainline_native_sffsno0v)
Starting job: sanity-2 (ktest-out: /tmp/ktest_lustre_mainline_native_sffsno0v)
Starting job: sanity-3 (ktest-out: /tmp/ktest_lustre_mainline_native_sffsno0v)
Starting job: sanity-4 (ktest-out: /tmp/ktest_lustre_mainline_native_sffsno0v)
Job lustre_mainline completed: SUCCESS (return code = 0, log: /tmp/ktest-results/lustre_mainline.log)
put_archive(/tmp/ktest_lustre_mainline_native_sffsno0v.tar): 5.62s
put_archive(/tmp/ktest_lustre_mainline_native_sffsno0v.tar): 6.52s
put_archive(/tmp/ktest-kernel.tar.gz): 7.40s
put_archive(/tmp/ktest_lustre_mainline_native_sffsno0v.tar): 7.20s
put_archive(/tmp/ktest-kernel.tar.gz): 6.72s
put_archive(/tmp/ktest_lustre_mainline_native_sffsno0v.tar): 7.39s
put_archive(/tmp/ktest_lustre_mainline_native_sffsno0v.tar): 7.51s
put_archive(/tmp/ktest_lustre_mainline_native_sffsno0v.tar): 7.85s
put_archive(/tmp/ktest_lustre_mainline_native_sffsno0v.tar): 7.67s
put_archive(/tmp/ktest_lustre_mainline_native_sffsno0v.tar): 7.81s
put_archive(/tmp/ktest-lustre.tar.gz): 17.78s
put_archive(/tmp/ktest-lustre.tar.gz): 18.89s
put_archive(/tmp/ktest_lustre_mainline_native_sffsno0v.tar): 9.07s
put_archive(/tmp/ktest_lustre_mainline_native_sffsno0v.tar): 7.37s
Job cc-plugin completed: FAILED (return code = 127, log: /tmp/ktest-results/cc-plugin.log)
Job boot completed: SUCCESS (return code = 0, log: /tmp/ktest-results/boot.log)
Job mgs-setup completed: SUCCESS (return code = 0, log: /tmp/ktest-results/mgs-setup.log)
Job clang-tidy completed: SUCCESS (return code = 0, log: /tmp/ktest-results/clang-tidy.log)
Job sanity-4 completed: SUCCESS (return code = 0, log: /tmp/ktest-results/sanity-4.log)
Job sanity-2 completed: SUCCESS (return code = 0, log: /tmp/ktest-results/sanity-2.log)
Job sanity-1 completed: SUCCESS (return code = 0, log: /tmp/ktest-results/sanity-1.log)
Job llmount completed: SUCCESS (return code = 0, log: /tmp/ktest-results/llmount.log)
Job llog-unit completed: SUCCESS (return code = 0, log: /tmp/ktest-results/llog-unit.log)
Job sanity-3 completed: SUCCESS (return code = 0, log: /tmp/ktest-results/sanity-3.log)

============================================================
Final Results:
  checkpatch: SUCCESS (return code = 0, log: /tmp/ktest-results/checkpatch.log)
  lustre_u24: SUCCESS (return code = 0, log: /tmp/ktest-results/lustre_u24.log)
  lustre_al2023: SUCCESS (return code = 0, log: /tmp/ktest-results/lustre_al2023.log)
  lustre_mainline_strict: FAILED (return code = 1, log: /tmp/ktest-results/lustre_mainline_strict.log)
  lustre_mainline: SUCCESS (return code = 0, log: /tmp/ktest-results/lustre_mainline.log)
  lustre_mainline_native: SUCCESS (return code = 0, log: /tmp/ktest-results/lustre_mainline_native.log)
  clang-tidy: SUCCESS (return code = 0, log: /tmp/ktest-results/clang-tidy.log)
  cc-plugin: FAILED (return code = 127, log: /tmp/ktest-results/cc-plugin.log)
  boot: SUCCESS (return code = 0, log: /tmp/ktest-results/boot.log)
  llmount: SUCCESS (return code = 0, log: /tmp/ktest-results/llmount.log)
  llog-unit: SUCCESS (return code = 0, log: /tmp/ktest-results/llog-unit.log)
  mgs-setup: SUCCESS (return code = 0, log: /tmp/ktest-results/mgs-setup.log)
  sanity-1: SUCCESS (return code = 0, log: /tmp/ktest-results/sanity-1.log)
  sanity-2: SUCCESS (return code = 0, log: /tmp/ktest-results/sanity-2.log)
  sanity-3: SUCCESS (return code = 0, log: /tmp/ktest-results/sanity-3.log)
  sanity-4: SUCCESS (return code = 0, log: /tmp/ktest-results/sanity-4.log)