Creating kernel tarball at /tmp/ktest-kernel.tar.gz...
Creating lustre tarball at /tmp/ktest-lustre.tar.gz...
Executing 16 jobs with dependencies
Jobs will start as soon as their dependencies are satisfied

Starting job: checkpatch (ktest-out: /tmp/ktest_checkpatch_m8ksfv8h)
Starting job: lustre_al2023 (ktest-out: /tmp/ktest_lustre_al2023_wjpdtntv)
Starting job: lustre_mainline_native (ktest-out: /tmp/ktest_lustre_mainline_native_tg9m8x23)
Starting job: lustre_mainline (ktest-out: /tmp/ktest_lustre_mainline_etzdxwk2)
Starting job: lustre_mainline_strict (ktest-out: /tmp/ktest_lustre_mainline_strict_ckh2welz)
Starting job: lustre_u24 (ktest-out: /tmp/ktest_lustre_u24_h56g62jh)
put_archive(/tmp/ktest-kernel.tar.gz): 6.74s
put_archive(/tmp/ktest-kernel.tar.gz): 6.94s
put_archive(/tmp/ktest-kernel.tar.gz): 6.78s
put_archive(/tmp/ktest-kernel.tar.gz): 7.61s
put_archive(/tmp/ktest-kernel.tar.gz): 6.64s
put_archive(/tmp/ktest-kernel.tar.gz): 6.76s
put_archive(/tmp/ktest-lustre.tar.gz): 9.11s
put_archive(/tmp/ktest-lustre.tar.gz): 8.34s
put_archive(/tmp/ktest-lustre.tar.gz): 8.18s
put_archive(/tmp/ktest-lustre.tar.gz): 7.91s
put_archive(/tmp/ktest-lustre.tar.gz): 8.07s
put_archive(/tmp/ktest-lustre.tar.gz): 8.55s
Job checkpatch completed: SUCCESS (return code = 0, log: /tmp/ktest-results/checkpatch.log)
Job lustre_al2023 completed: SUCCESS (return code = 0, log: /tmp/ktest-results/lustre_al2023.log)
Job lustre_u24 completed: SUCCESS (return code = 0, log: /tmp/ktest-results/lustre_u24.log)
get_archive(ktest-out): 4.53s
Job lustre_mainline_strict completed: FAILED (return code = 1, log: /tmp/ktest-results/lustre_mainline_strict.log)
get_archive(ktest-out): 3.19s
get_archive(ktest-out): 3.29s
Job lustre_mainline completed: SUCCESS (return code = 0, log: /tmp/ktest-results/lustre_mainline.log)
Job lustre_mainline_native completed: SUCCESS (return code = 0, log: /tmp/ktest-results/lustre_mainline_native.log)
Starting job: clang-tidy (ktest-out: /tmp/ktest_lustre_mainline_native_tg9m8x23)
Starting job: cc-plugin (ktest-out: /tmp/ktest_lustre_mainline_native_tg9m8x23)
Starting job: boot (ktest-out: /tmp/ktest_lustre_mainline_native_tg9m8x23)
Starting job: llmount (ktest-out: /tmp/ktest_lustre_mainline_native_tg9m8x23)
Starting job: llog-unit (ktest-out: /tmp/ktest_lustre_mainline_native_tg9m8x23)
Starting job: mgs-setup (ktest-out: /tmp/ktest_lustre_mainline_native_tg9m8x23)
Starting job: sanity-1 (ktest-out: /tmp/ktest_lustre_mainline_native_tg9m8x23)
Starting job: sanity-2 (ktest-out: /tmp/ktest_lustre_mainline_native_tg9m8x23)
Starting job: sanity-3 (ktest-out: /tmp/ktest_lustre_mainline_native_tg9m8x23)
Starting job: sanity-4 (ktest-out: /tmp/ktest_lustre_mainline_native_tg9m8x23)
put_archive(/tmp/ktest_lustre_mainline_native_tg9m8x23.tar): 4.41s
put_archive(/tmp/ktest_lustre_mainline_native_tg9m8x23.tar): 3.16s
put_archive(/tmp/ktest_lustre_mainline_native_tg9m8x23.tar): 3.20s
put_archive(/tmp/ktest_lustre_mainline_native_tg9m8x23.tar): 43.14s
put_archive(/tmp/ktest-kernel.tar.gz): 48.79s
put_archive(/tmp/ktest-kernel.tar.gz): 48.95s
put_archive(/tmp/ktest_lustre_mainline_native_tg9m8x23.tar): 61.06s
put_archive(/tmp/ktest-lustre.tar.gz): 12.24s
put_archive(/tmp/ktest-lustre.tar.gz): 12.10s
put_archive(/tmp/ktest_lustre_mainline_native_tg9m8x23.tar): 19.24s
Job boot completed: SUCCESS (return code = 0, log: /tmp/ktest-results/boot.log)
put_archive(/tmp/ktest_lustre_mainline_native_tg9m8x23.tar): 25.07s
put_archive(/tmp/ktest_lustre_mainline_native_tg9m8x23.tar): 21.54s
put_archive(/tmp/ktest_lustre_mainline_native_tg9m8x23.tar): 15.64s
put_archive(/tmp/ktest_lustre_mainline_native_tg9m8x23.tar): 21.69s
Job cc-plugin completed: FAILED (return code = 127, log: /tmp/ktest-results/cc-plugin.log)
Job clang-tidy completed: SUCCESS (return code = 0, log: /tmp/ktest-results/clang-tidy.log)
Job mgs-setup completed: SUCCESS (return code = 0, log: /tmp/ktest-results/mgs-setup.log)
Job sanity-1 completed: SUCCESS (return code = 0, log: /tmp/ktest-results/sanity-1.log)
Job llmount completed: SUCCESS (return code = 0, log: /tmp/ktest-results/llmount.log)
Job llog-unit completed: SUCCESS (return code = 0, log: /tmp/ktest-results/llog-unit.log)
Job sanity-2 completed: SUCCESS (return code = 0, log: /tmp/ktest-results/sanity-2.log)
Job sanity-3 completed: SUCCESS (return code = 0, log: /tmp/ktest-results/sanity-3.log)
Job sanity-4 completed: SUCCESS (return code = 0, log: /tmp/ktest-results/sanity-4.log)

============================================================
Final Results:
  checkpatch: SUCCESS (return code = 0, log: /tmp/ktest-results/checkpatch.log)
  lustre_u24: SUCCESS (return code = 0, log: /tmp/ktest-results/lustre_u24.log)
  lustre_al2023: SUCCESS (return code = 0, log: /tmp/ktest-results/lustre_al2023.log)
  lustre_mainline_strict: FAILED (return code = 1, log: /tmp/ktest-results/lustre_mainline_strict.log)
  lustre_mainline: SUCCESS (return code = 0, log: /tmp/ktest-results/lustre_mainline.log)
  lustre_mainline_native: SUCCESS (return code = 0, log: /tmp/ktest-results/lustre_mainline_native.log)
  clang-tidy: SUCCESS (return code = 0, log: /tmp/ktest-results/clang-tidy.log)
  cc-plugin: FAILED (return code = 127, log: /tmp/ktest-results/cc-plugin.log)
  boot: SUCCESS (return code = 0, log: /tmp/ktest-results/boot.log)
  llmount: SUCCESS (return code = 0, log: /tmp/ktest-results/llmount.log)
  llog-unit: SUCCESS (return code = 0, log: /tmp/ktest-results/llog-unit.log)
  mgs-setup: SUCCESS (return code = 0, log: /tmp/ktest-results/mgs-setup.log)
  sanity-1: SUCCESS (return code = 0, log: /tmp/ktest-results/sanity-1.log)
  sanity-2: SUCCESS (return code = 0, log: /tmp/ktest-results/sanity-2.log)
  sanity-3: SUCCESS (return code = 0, log: /tmp/ktest-results/sanity-3.log)
  sanity-4: SUCCESS (return code = 0, log: /tmp/ktest-results/sanity-4.log)