Creating kernel tarball at /tmp/ktest-kernel.tar.gz...
Creating lustre tarball at /tmp/ktest-lustre.tar.gz...
Executing 16 jobs with dependencies
Jobs will start as soon as their dependencies are satisfied

Starting job: lustre_mainline_native (ktest-out: /tmp/ktest_lustre_mainline_native_rxkycp8n)
Starting job: checkpatch (ktest-out: /tmp/ktest_checkpatch_qn5n5yz9)
Starting job: lustre_al2023 (ktest-out: /tmp/ktest_lustre_al2023_0zlcr27p)
Starting job: lustre_mainline (ktest-out: /tmp/ktest_lustre_mainline_1bntxko1)
Starting job: lustre_u24 (ktest-out: /tmp/ktest_lustre_u24_m3xtfju9)
Starting job: lustre_mainline_strict (ktest-out: /tmp/ktest_lustre_mainline_strict_vi2v6a3r)
put_archive(/tmp/ktest-kernel.tar.gz): 6.85s
put_archive(/tmp/ktest-kernel.tar.gz): 7.88s
put_archive(/tmp/ktest-kernel.tar.gz): 7.95s
put_archive(/tmp/ktest-kernel.tar.gz): 7.93s
put_archive(/tmp/ktest-kernel.tar.gz): 7.54s
put_archive(/tmp/ktest-kernel.tar.gz): 7.64s
put_archive(/tmp/ktest-lustre.tar.gz): 6.99s
put_archive(/tmp/ktest-lustre.tar.gz): 5.71s
put_archive(/tmp/ktest-lustre.tar.gz): 6.02s
put_archive(/tmp/ktest-lustre.tar.gz): 5.59s
put_archive(/tmp/ktest-lustre.tar.gz): 5.46s
put_archive(/tmp/ktest-lustre.tar.gz): 5.94s
Job checkpatch completed: SUCCESS (return code = 0, log: /tmp/ktest-results/checkpatch.log)
Job lustre_al2023 completed: SUCCESS (return code = 0, log: /tmp/ktest-results/lustre_al2023.log)
Job lustre_u24 completed: SUCCESS (return code = 0, log: /tmp/ktest-results/lustre_u24.log)
get_archive(ktest-out): 4.49s
Job lustre_mainline_strict completed: FAILED (return code = 1, log: /tmp/ktest-results/lustre_mainline_strict.log)
get_archive(ktest-out): 3.07s
get_archive(ktest-out): 3.14s
Job lustre_mainline_native completed: SUCCESS (return code = 0, log: /tmp/ktest-results/lustre_mainline_native.log)
Starting job: clang-tidy (ktest-out: /tmp/ktest_lustre_mainline_native_rxkycp8n)
Starting job: cc-plugin (ktest-out: /tmp/ktest_lustre_mainline_native_rxkycp8n)
Starting job: boot (ktest-out: /tmp/ktest_lustre_mainline_native_rxkycp8n)
Starting job: llmount (ktest-out: /tmp/ktest_lustre_mainline_native_rxkycp8n)
Starting job: llog-unit (ktest-out: /tmp/ktest_lustre_mainline_native_rxkycp8n)
Starting job: mgs-setup (ktest-out: /tmp/ktest_lustre_mainline_native_rxkycp8n)
Starting job: sanity-1 (ktest-out: /tmp/ktest_lustre_mainline_native_rxkycp8n)
Starting job: sanity-2 (ktest-out: /tmp/ktest_lustre_mainline_native_rxkycp8n)
Starting job: sanity-3 (ktest-out: /tmp/ktest_lustre_mainline_native_rxkycp8n)
Starting job: sanity-4 (ktest-out: /tmp/ktest_lustre_mainline_native_rxkycp8n)
Job lustre_mainline completed: SUCCESS (return code = 0, log: /tmp/ktest-results/lustre_mainline.log)
put_archive(/tmp/ktest_lustre_mainline_native_rxkycp8n.tar): 9.00s
put_archive(/tmp/ktest_lustre_mainline_native_rxkycp8n.tar): 9.74s
put_archive(/tmp/ktest_lustre_mainline_native_rxkycp8n.tar): 24.99s
put_archive(/tmp/ktest-kernel.tar.gz): 36.26s
put_archive(/tmp/ktest-kernel.tar.gz): 47.86s
put_archive(/tmp/ktest_lustre_mainline_native_rxkycp8n.tar): 18.65s
put_archive(/tmp/ktest-lustre.tar.gz): 19.14s
put_archive(/tmp/ktest-lustre.tar.gz): 19.01s
put_archive(/tmp/ktest_lustre_mainline_native_rxkycp8n.tar): 45.15s
put_archive(/tmp/ktest_lustre_mainline_native_rxkycp8n.tar): 44.85s
put_archive(/tmp/ktest_lustre_mainline_native_rxkycp8n.tar): 45.19s
put_archive(/tmp/ktest_lustre_mainline_native_rxkycp8n.tar): 44.91s
put_archive(/tmp/ktest_lustre_mainline_native_rxkycp8n.tar): 45.01s
put_archive(/tmp/ktest_lustre_mainline_native_rxkycp8n.tar): 44.86s
Job mgs-setup completed: SUCCESS (return code = 0, log: /tmp/ktest-results/mgs-setup.log)
Job cc-plugin completed: FAILED (return code = 127, log: /tmp/ktest-results/cc-plugin.log)
Job sanity-2 completed: SUCCESS (return code = 0, log: /tmp/ktest-results/sanity-2.log)
Job clang-tidy completed: SUCCESS (return code = 0, log: /tmp/ktest-results/clang-tidy.log)
Job sanity-1 completed: SUCCESS (return code = 0, log: /tmp/ktest-results/sanity-1.log)
Job boot completed: SUCCESS (return code = 0, log: /tmp/ktest-results/boot.log)
Job sanity-3 completed: SUCCESS (return code = 0, log: /tmp/ktest-results/sanity-3.log)
Job sanity-4 completed: SUCCESS (return code = 0, log: /tmp/ktest-results/sanity-4.log)
Job llog-unit completed: SUCCESS (return code = 0, log: /tmp/ktest-results/llog-unit.log)
Job llmount completed: SUCCESS (return code = 0, log: /tmp/ktest-results/llmount.log)

============================================================
Final Results:
  checkpatch: SUCCESS (return code = 0, log: /tmp/ktest-results/checkpatch.log)
  lustre_u24: SUCCESS (return code = 0, log: /tmp/ktest-results/lustre_u24.log)
  lustre_al2023: SUCCESS (return code = 0, log: /tmp/ktest-results/lustre_al2023.log)
  lustre_mainline_strict: FAILED (return code = 1, log: /tmp/ktest-results/lustre_mainline_strict.log)
  lustre_mainline: SUCCESS (return code = 0, log: /tmp/ktest-results/lustre_mainline.log)
  lustre_mainline_native: SUCCESS (return code = 0, log: /tmp/ktest-results/lustre_mainline_native.log)
  clang-tidy: SUCCESS (return code = 0, log: /tmp/ktest-results/clang-tidy.log)
  cc-plugin: FAILED (return code = 127, log: /tmp/ktest-results/cc-plugin.log)
  boot: SUCCESS (return code = 0, log: /tmp/ktest-results/boot.log)
  llmount: SUCCESS (return code = 0, log: /tmp/ktest-results/llmount.log)
  llog-unit: SUCCESS (return code = 0, log: /tmp/ktest-results/llog-unit.log)
  mgs-setup: SUCCESS (return code = 0, log: /tmp/ktest-results/mgs-setup.log)
  sanity-1: SUCCESS (return code = 0, log: /tmp/ktest-results/sanity-1.log)
  sanity-2: SUCCESS (return code = 0, log: /tmp/ktest-results/sanity-2.log)
  sanity-3: SUCCESS (return code = 0, log: /tmp/ktest-results/sanity-3.log)
  sanity-4: SUCCESS (return code = 0, log: /tmp/ktest-results/sanity-4.log)