Creating kernel tarball at /tmp/ktest-kernel.tar.gz...
Creating lustre tarball at /tmp/ktest-lustre.tar.gz...
Executing 16 jobs with dependencies
Jobs will start as soon as their dependencies are satisfied

Starting job: lustre_mainline (ktest-out: /tmp/ktest_lustre_mainline_ei3lp9u7)
Starting job: lustre_mainline_strict (ktest-out: /tmp/ktest_lustre_mainline_strict_djd5pi24)
Starting job: lustre_mainline_native (ktest-out: /tmp/ktest_lustre_mainline_native_lc6zoy5x)
Starting job: lustre_u24 (ktest-out: /tmp/ktest_lustre_u24_4r0jnu7o)
Starting job: checkpatch (ktest-out: /tmp/ktest_checkpatch_49qcm6ep)
Starting job: lustre_al2023 (ktest-out: /tmp/ktest_lustre_al2023_j8lo2l83)
put_archive(/tmp/ktest-kernel.tar.gz): 8.65s
put_archive(/tmp/ktest-kernel.tar.gz): 12.67s
put_archive(/tmp/ktest-kernel.tar.gz): 11.96s
put_archive(/tmp/ktest-kernel.tar.gz): 11.95s
put_archive(/tmp/ktest-kernel.tar.gz): 12.07s
put_archive(/tmp/ktest-kernel.tar.gz): 12.25s
put_archive(/tmp/ktest-lustre.tar.gz): 6.83s
put_archive(/tmp/ktest-lustre.tar.gz): 6.72s
put_archive(/tmp/ktest-lustre.tar.gz): 11.06s
put_archive(/tmp/ktest-lustre.tar.gz): 6.48s
put_archive(/tmp/ktest-lustre.tar.gz): 6.63s
put_archive(/tmp/ktest-lustre.tar.gz): 6.37s
Job checkpatch completed: SUCCESS (return code = 0, log: /tmp/ktest-results/checkpatch.log)
Job lustre_al2023 completed: SUCCESS (return code = 0, log: /tmp/ktest-results/lustre_al2023.log)
Job lustre_u24 completed: SUCCESS (return code = 0, log: /tmp/ktest-results/lustre_u24.log)
get_archive(ktest-out): 3.49s
Job lustre_mainline_strict completed: FAILED (return code = 1, log: /tmp/ktest-results/lustre_mainline_strict.log)
get_archive(ktest-out): 3.23s
get_archive(ktest-out): 3.17s
Job lustre_mainline_native completed: SUCCESS (return code = 0, log: /tmp/ktest-results/lustre_mainline_native.log)
Starting job: clang-tidy (ktest-out: /tmp/ktest_lustre_mainline_native_lc6zoy5x)
Starting job: cc-plugin (ktest-out: /tmp/ktest_lustre_mainline_native_lc6zoy5x)
Starting job: boot (ktest-out: /tmp/ktest_lustre_mainline_native_lc6zoy5x)
Starting job: llmount (ktest-out: /tmp/ktest_lustre_mainline_native_lc6zoy5x)
Starting job: llog-unit (ktest-out: /tmp/ktest_lustre_mainline_native_lc6zoy5x)
Starting job: mgs-setup (ktest-out: /tmp/ktest_lustre_mainline_native_lc6zoy5x)
Starting job: sanity-1 (ktest-out: /tmp/ktest_lustre_mainline_native_lc6zoy5x)
Starting job: sanity-2 (ktest-out: /tmp/ktest_lustre_mainline_native_lc6zoy5x)
Starting job: sanity-3 (ktest-out: /tmp/ktest_lustre_mainline_native_lc6zoy5x)
Starting job: sanity-4 (ktest-out: /tmp/ktest_lustre_mainline_native_lc6zoy5x)
Job lustre_mainline completed: SUCCESS (return code = 0, log: /tmp/ktest-results/lustre_mainline.log)
put_archive(/tmp/ktest_lustre_mainline_native_lc6zoy5x.tar): 11.41s
put_archive(/tmp/ktest-kernel.tar.gz): 39.15s
put_archive(/tmp/ktest_lustre_mainline_native_lc6zoy5x.tar): 39.23s
put_archive(/tmp/ktest-kernel.tar.gz): 39.26s
put_archive(/tmp/ktest_lustre_mainline_native_lc6zoy5x.tar): 39.82s
put_archive(/tmp/ktest_lustre_mainline_native_lc6zoy5x.tar): 39.40s
put_archive(/tmp/ktest_lustre_mainline_native_lc6zoy5x.tar): 39.96s
put_archive(/tmp/ktest_lustre_mainline_native_lc6zoy5x.tar): 39.74s
put_archive(/tmp/ktest_lustre_mainline_native_lc6zoy5x.tar): 39.62s
put_archive(/tmp/ktest_lustre_mainline_native_lc6zoy5x.tar): 39.79s
put_archive(/tmp/ktest-lustre.tar.gz): 99.60s
put_archive(/tmp/ktest-lustre.tar.gz): 99.79s
put_archive(/tmp/ktest_lustre_mainline_native_lc6zoy5x.tar): 14.28s
put_archive(/tmp/ktest_lustre_mainline_native_lc6zoy5x.tar): 14.43s
Job cc-plugin completed: FAILED (return code = 127, log: /tmp/ktest-results/cc-plugin.log)
Job boot completed: SUCCESS (return code = 0, log: /tmp/ktest-results/boot.log)
Job mgs-setup completed: SUCCESS (return code = 0, log: /tmp/ktest-results/mgs-setup.log)
Job clang-tidy completed: SUCCESS (return code = 0, log: /tmp/ktest-results/clang-tidy.log)
Job sanity-2 completed: SUCCESS (return code = 0, log: /tmp/ktest-results/sanity-2.log)
Job llmount completed: SUCCESS (return code = 0, log: /tmp/ktest-results/llmount.log)
Job sanity-3 completed: SUCCESS (return code = 0, log: /tmp/ktest-results/sanity-3.log)
Job sanity-4 completed: SUCCESS (return code = 0, log: /tmp/ktest-results/sanity-4.log)
Job sanity-1 completed: SUCCESS (return code = 0, log: /tmp/ktest-results/sanity-1.log)
Job llog-unit completed: SUCCESS (return code = 0, log: /tmp/ktest-results/llog-unit.log)

============================================================
Final Results:
  checkpatch: SUCCESS (return code = 0, log: /tmp/ktest-results/checkpatch.log)
  lustre_u24: SUCCESS (return code = 0, log: /tmp/ktest-results/lustre_u24.log)
  lustre_al2023: SUCCESS (return code = 0, log: /tmp/ktest-results/lustre_al2023.log)
  lustre_mainline_strict: FAILED (return code = 1, log: /tmp/ktest-results/lustre_mainline_strict.log)
  lustre_mainline: SUCCESS (return code = 0, log: /tmp/ktest-results/lustre_mainline.log)
  lustre_mainline_native: SUCCESS (return code = 0, log: /tmp/ktest-results/lustre_mainline_native.log)
  clang-tidy: SUCCESS (return code = 0, log: /tmp/ktest-results/clang-tidy.log)
  cc-plugin: FAILED (return code = 127, log: /tmp/ktest-results/cc-plugin.log)
  boot: SUCCESS (return code = 0, log: /tmp/ktest-results/boot.log)
  llmount: SUCCESS (return code = 0, log: /tmp/ktest-results/llmount.log)
  llog-unit: SUCCESS (return code = 0, log: /tmp/ktest-results/llog-unit.log)
  mgs-setup: SUCCESS (return code = 0, log: /tmp/ktest-results/mgs-setup.log)
  sanity-1: SUCCESS (return code = 0, log: /tmp/ktest-results/sanity-1.log)
  sanity-2: SUCCESS (return code = 0, log: /tmp/ktest-results/sanity-2.log)
  sanity-3: SUCCESS (return code = 0, log: /tmp/ktest-results/sanity-3.log)
  sanity-4: SUCCESS (return code = 0, log: /tmp/ktest-results/sanity-4.log)