<html lang="en">
<body>
<pre>
Creating kernel tarball at /tmp/ktest-kernel.tar.gz...
Creating lustre tarball at /tmp/ktest-lustre.tar.gz...
Executing 16 jobs with dependencies
Jobs will start as soon as their dependencies are satisfied

Starting job: lustre_mainline_native (ktest-out: /tmp/ktest_lustre_mainline_native_cjmzs70k)
Starting job: checkpatch (ktest-out: /tmp/ktest_checkpatch_zawks3zx)
Starting job: lustre_al2023 (ktest-out: /tmp/ktest_lustre_al2023_y82r0jp3)
Starting job: lustre_u24 (ktest-out: /tmp/ktest_lustre_u24_23787elk)
Starting job: lustre_mainline (ktest-out: /tmp/ktest_lustre_mainline_8nvq_b9r)
Starting job: lustre_mainline_strict (ktest-out: /tmp/ktest_lustre_mainline_strict_huqlcub5)
put_archive(/tmp/ktest-kernel.tar.gz): 7.61s
put_archive(/tmp/ktest-kernel.tar.gz): 7.37s
put_archive(/tmp/ktest-kernel.tar.gz): 7.49s
put_archive(/tmp/ktest-kernel.tar.gz): 7.72s
put_archive(/tmp/ktest-kernel.tar.gz): 7.65s
put_archive(/tmp/ktest-kernel.tar.gz): 8.01s
put_archive(/tmp/ktest-lustre.tar.gz): 0.92s
put_archive(/tmp/ktest-lustre.tar.gz): 1.11s
put_archive(/tmp/ktest-lustre.tar.gz): 0.81s
put_archive(/tmp/ktest-lustre.tar.gz): 0.68s
put_archive(/tmp/ktest-lustre.tar.gz): 0.56s
put_archive(/tmp/ktest-lustre.tar.gz): 0.43s
Job checkpatch completed: SUCCESS (return code = 0, log: /tmp/ktest-results/checkpatch.log)
Job lustre_al2023 completed: SUCCESS (return code = 0, log: /tmp/ktest-results/lustre_al2023.log)
Job lustre_u24 completed: SUCCESS (return code = 0, log: /tmp/ktest-results/lustre_u24.log)
get_archive(ktest-out): 3.54s
Job lustre_mainline_strict completed: FAILED (return code = 1, log: /tmp/ktest-results/lustre_mainline_strict.log)
get_archive(ktest-out): 2.52s
get_archive(ktest-out): 2.58s
Job lustre_mainline completed: SUCCESS (return code = 0, log: /tmp/ktest-results/lustre_mainline.log)
Job lustre_mainline_native completed: SUCCESS (return code = 0, log: /tmp/ktest-results/lustre_mainline_native.log)
Starting job: clang-tidy (ktest-out: /tmp/ktest_lustre_mainline_native_cjmzs70k)
Starting job: cc-plugin (ktest-out: /tmp/ktest_lustre_mainline_native_cjmzs70k)
Starting job: boot (ktest-out: /tmp/ktest_lustre_mainline_native_cjmzs70k)
Starting job: llmount (ktest-out: /tmp/ktest_lustre_mainline_native_cjmzs70k)
Starting job: llog-unit (ktest-out: /tmp/ktest_lustre_mainline_native_cjmzs70k)
Starting job: mgs-setup (ktest-out: /tmp/ktest_lustre_mainline_native_cjmzs70k)
Starting job: sanity-1 (ktest-out: /tmp/ktest_lustre_mainline_native_cjmzs70k)
Starting job: sanity-2 (ktest-out: /tmp/ktest_lustre_mainline_native_cjmzs70k)
Starting job: sanity-3 (ktest-out: /tmp/ktest_lustre_mainline_native_cjmzs70k)
Starting job: sanity-4 (ktest-out: /tmp/ktest_lustre_mainline_native_cjmzs70k)
put_archive(/tmp/ktest_lustre_mainline_native_cjmzs70k.tar): 1.45s
put_archive(/tmp/ktest_lustre_mainline_native_cjmzs70k.tar): 1.50s
put_archive(/tmp/ktest-kernel.tar.gz): 13.80s
put_archive(/tmp/ktest_lustre_mainline_native_cjmzs70k.tar): 12.19s
put_archive(/tmp/ktest-kernel.tar.gz): 12.13s
put_archive(/tmp/ktest_lustre_mainline_native_cjmzs70k.tar): 13.25s
put_archive(/tmp/ktest_lustre_mainline_native_cjmzs70k.tar): 12.32s
put_archive(/tmp/ktest-lustre.tar.gz): 0.57s
put_archive(/tmp/ktest-lustre.tar.gz): 0.41s
put_archive(/tmp/ktest_lustre_mainline_native_cjmzs70k.tar): 15.81s
put_archive(/tmp/ktest_lustre_mainline_native_cjmzs70k.tar): 15.75s
put_archive(/tmp/ktest_lustre_mainline_native_cjmzs70k.tar): 15.42s
put_archive(/tmp/ktest_lustre_mainline_native_cjmzs70k.tar): 15.94s
put_archive(/tmp/ktest_lustre_mainline_native_cjmzs70k.tar): 15.52s
Job cc-plugin completed: FAILED (return code = 127, log: /tmp/ktest-results/cc-plugin.log)
Job clang-tidy completed: SUCCESS (return code = 0, log: /tmp/ktest-results/clang-tidy.log)
Job mgs-setup completed: SUCCESS (return code = 0, log: /tmp/ktest-results/mgs-setup.log)
Job boot completed: SUCCESS (return code = 0, log: /tmp/ktest-results/boot.log)
Job sanity-3 completed: SUCCESS (return code = 0, log: /tmp/ktest-results/sanity-3.log)
Job llmount completed: SUCCESS (return code = 0, log: /tmp/ktest-results/llmount.log)
Job sanity-1 completed: SUCCESS (return code = 0, log: /tmp/ktest-results/sanity-1.log)
Job sanity-4 completed: SUCCESS (return code = 0, log: /tmp/ktest-results/sanity-4.log)
Job sanity-2 completed: SUCCESS (return code = 0, log: /tmp/ktest-results/sanity-2.log)
Job llog-unit completed: SUCCESS (return code = 0, log: /tmp/ktest-results/llog-unit.log)

============================================================
Final Results:
  checkpatch: SUCCESS (return code = 0, log: /tmp/ktest-results/checkpatch.log)
  lustre_u24: SUCCESS (return code = 0, log: /tmp/ktest-results/lustre_u24.log)
  lustre_al2023: SUCCESS (return code = 0, log: /tmp/ktest-results/lustre_al2023.log)
  lustre_mainline_strict: FAILED (return code = 1, log: /tmp/ktest-results/lustre_mainline_strict.log)
  lustre_mainline: SUCCESS (return code = 0, log: /tmp/ktest-results/lustre_mainline.log)
  lustre_mainline_native: SUCCESS (return code = 0, log: /tmp/ktest-results/lustre_mainline_native.log)
  clang-tidy: SUCCESS (return code = 0, log: /tmp/ktest-results/clang-tidy.log)
  cc-plugin: FAILED (return code = 127, log: /tmp/ktest-results/cc-plugin.log)
  boot: SUCCESS (return code = 0, log: /tmp/ktest-results/boot.log)
  llmount: SUCCESS (return code = 0, log: /tmp/ktest-results/llmount.log)
  llog-unit: SUCCESS (return code = 0, log: /tmp/ktest-results/llog-unit.log)
  mgs-setup: SUCCESS (return code = 0, log: /tmp/ktest-results/mgs-setup.log)
  sanity-1: SUCCESS (return code = 0, log: /tmp/ktest-results/sanity-1.log)
  sanity-2: SUCCESS (return code = 0, log: /tmp/ktest-results/sanity-2.log)
  sanity-3: SUCCESS (return code = 0, log: /tmp/ktest-results/sanity-3.log)
  sanity-4: SUCCESS (return code = 0, log: /tmp/ktest-results/sanity-4.log)
</pre>
</body>
</html>
