<html lang="en">
<body>
<pre>
Creating kernel tarball at /tmp/ktest-kernel.tar.gz...
Creating lustre tarball at /tmp/ktest-lustre.tar.gz...
Executing 16 jobs with dependencies
Jobs will start as soon as their dependencies are satisfied

Starting job: checkpatch (ktest-out: /tmp/ktest_checkpatch_0pm_2y8x)
Starting job: lustre_mainline_strict (ktest-out: /tmp/ktest_lustre_mainline_strict__izfri6x)
Starting job: lustre_mainline_native (ktest-out: /tmp/ktest_lustre_mainline_native_hb_66_1r)
Starting job: lustre_al2023 (ktest-out: /tmp/ktest_lustre_al2023_bb6gy0h5)
Starting job: lustre_u24 (ktest-out: /tmp/ktest_lustre_u24_70qunv3c)
Starting job: lustre_mainline (ktest-out: /tmp/ktest_lustre_mainline_ftbmxmjf)
put_archive(/tmp/ktest-kernel.tar.gz): 7.31s
put_archive(/tmp/ktest-kernel.tar.gz): 7.64s
put_archive(/tmp/ktest-kernel.tar.gz): 7.89s
put_archive(/tmp/ktest-kernel.tar.gz): 7.64s
put_archive(/tmp/ktest-kernel.tar.gz): 8.30s
put_archive(/tmp/ktest-kernel.tar.gz): 7.80s
put_archive(/tmp/ktest-lustre.tar.gz): 1.75s
put_archive(/tmp/ktest-lustre.tar.gz): 1.17s
put_archive(/tmp/ktest-lustre.tar.gz): 0.90s
put_archive(/tmp/ktest-lustre.tar.gz): 0.64s
put_archive(/tmp/ktest-lustre.tar.gz): 1.06s
put_archive(/tmp/ktest-lustre.tar.gz): 0.80s
Job checkpatch completed: SUCCESS (return code = 0, log: /tmp/ktest-results/checkpatch.log)
Job lustre_al2023 completed: SUCCESS (return code = 0, log: /tmp/ktest-results/lustre_al2023.log)
Job lustre_u24 completed: SUCCESS (return code = 0, log: /tmp/ktest-results/lustre_u24.log)
get_archive(ktest-out): 3.50s
Job lustre_mainline_strict completed: FAILED (return code = 1, log: /tmp/ktest-results/lustre_mainline_strict.log)
get_archive(ktest-out): 2.55s
get_archive(ktest-out): 2.61s
Job lustre_mainline_native completed: SUCCESS (return code = 0, log: /tmp/ktest-results/lustre_mainline_native.log)
Starting job: clang-tidy (ktest-out: /tmp/ktest_lustre_mainline_native_hb_66_1r)
Starting job: cc-plugin (ktest-out: /tmp/ktest_lustre_mainline_native_hb_66_1r)
Starting job: boot (ktest-out: /tmp/ktest_lustre_mainline_native_hb_66_1r)
Starting job: llmount (ktest-out: /tmp/ktest_lustre_mainline_native_hb_66_1r)
Starting job: llog-unit (ktest-out: /tmp/ktest_lustre_mainline_native_hb_66_1r)
Starting job: mgs-setup (ktest-out: /tmp/ktest_lustre_mainline_native_hb_66_1r)
Starting job: sanity-1 (ktest-out: /tmp/ktest_lustre_mainline_native_hb_66_1r)
Starting job: sanity-2 (ktest-out: /tmp/ktest_lustre_mainline_native_hb_66_1r)
Starting job: sanity-3 (ktest-out: /tmp/ktest_lustre_mainline_native_hb_66_1r)
Starting job: sanity-4 (ktest-out: /tmp/ktest_lustre_mainline_native_hb_66_1r)
Job lustre_mainline completed: SUCCESS (return code = 0, log: /tmp/ktest-results/lustre_mainline.log)
put_archive(/tmp/ktest_lustre_mainline_native_hb_66_1r.tar): 1.43s
put_archive(/tmp/ktest_lustre_mainline_native_hb_66_1r.tar): 18.36s
put_archive(/tmp/ktest_lustre_mainline_native_hb_66_1r.tar): 24.39s
put_archive(/tmp/ktest_lustre_mainline_native_hb_66_1r.tar): 23.87s
put_archive(/tmp/ktest-kernel.tar.gz): 33.72s
put_archive(/tmp/ktest_lustre_mainline_native_hb_66_1r.tar): 37.40s
put_archive(/tmp/ktest_lustre_mainline_native_hb_66_1r.tar): 18.84s
put_archive(/tmp/ktest-kernel.tar.gz): 19.68s
put_archive(/tmp/ktest-lustre.tar.gz): 36.98s
put_archive(/tmp/ktest-lustre.tar.gz): 35.79s
put_archive(/tmp/ktest_lustre_mainline_native_hb_66_1r.tar): 2.85s
Job mgs-setup completed: SUCCESS (return code = 0, log: /tmp/ktest-results/mgs-setup.log)
Job boot completed: SUCCESS (return code = 0, log: /tmp/ktest-results/boot.log)
put_archive(/tmp/ktest_lustre_mainline_native_hb_66_1r.tar): 6.09s
put_archive(/tmp/ktest_lustre_mainline_native_hb_66_1r.tar): 6.16s
put_archive(/tmp/ktest_lustre_mainline_native_hb_66_1r.tar): 4.28s
Job cc-plugin completed: FAILED (return code = 127, log: /tmp/ktest-results/cc-plugin.log)
Job clang-tidy completed: SUCCESS (return code = 0, log: /tmp/ktest-results/clang-tidy.log)
Job sanity-4 completed: SUCCESS (return code = 0, log: /tmp/ktest-results/sanity-4.log)
Job sanity-1 completed: SUCCESS (return code = 0, log: /tmp/ktest-results/sanity-1.log)
Job sanity-2 completed: SUCCESS (return code = 0, log: /tmp/ktest-results/sanity-2.log)
Job sanity-3 completed: SUCCESS (return code = 0, log: /tmp/ktest-results/sanity-3.log)
Job llog-unit completed: SUCCESS (return code = 0, log: /tmp/ktest-results/llog-unit.log)
Job llmount completed: SUCCESS (return code = 0, log: /tmp/ktest-results/llmount.log)

============================================================
Final Results:
  checkpatch: SUCCESS (return code = 0, log: /tmp/ktest-results/checkpatch.log)
  lustre_u24: SUCCESS (return code = 0, log: /tmp/ktest-results/lustre_u24.log)
  lustre_al2023: SUCCESS (return code = 0, log: /tmp/ktest-results/lustre_al2023.log)
  lustre_mainline_strict: FAILED (return code = 1, log: /tmp/ktest-results/lustre_mainline_strict.log)
  lustre_mainline: SUCCESS (return code = 0, log: /tmp/ktest-results/lustre_mainline.log)
  lustre_mainline_native: SUCCESS (return code = 0, log: /tmp/ktest-results/lustre_mainline_native.log)
  clang-tidy: SUCCESS (return code = 0, log: /tmp/ktest-results/clang-tidy.log)
  cc-plugin: FAILED (return code = 127, log: /tmp/ktest-results/cc-plugin.log)
  boot: SUCCESS (return code = 0, log: /tmp/ktest-results/boot.log)
  llmount: SUCCESS (return code = 0, log: /tmp/ktest-results/llmount.log)
  llog-unit: SUCCESS (return code = 0, log: /tmp/ktest-results/llog-unit.log)
  mgs-setup: SUCCESS (return code = 0, log: /tmp/ktest-results/mgs-setup.log)
  sanity-1: SUCCESS (return code = 0, log: /tmp/ktest-results/sanity-1.log)
  sanity-2: SUCCESS (return code = 0, log: /tmp/ktest-results/sanity-2.log)
  sanity-3: SUCCESS (return code = 0, log: /tmp/ktest-results/sanity-3.log)
  sanity-4: SUCCESS (return code = 0, log: /tmp/ktest-results/sanity-4.log)
</pre>
</body>
</html>
