Creating kernel tarball at /tmp/ktest-kernel.tar.gz...
Creating lustre tarball at /tmp/ktest-lustre.tar.gz...
Executing 16 jobs with dependencies
Jobs will start as soon as their dependencies are satisfied

Starting job: lustre_al2023 (ktest-out: /tmp/ktest_lustre_al2023_ne0h2sum)
Starting job: lustre_u24 (ktest-out: /tmp/ktest_lustre_u24_ee8vhgl2)
Starting job: checkpatch (ktest-out: /tmp/ktest_checkpatch_2ucrsl5u)
Starting job: lustre_mainline (ktest-out: /tmp/ktest_lustre_mainline_3_oqmgan)
Starting job: lustre_mainline_strict (ktest-out: /tmp/ktest_lustre_mainline_strict_b42ys7cm)
Starting job: lustre_mainline_native (ktest-out: /tmp/ktest_lustre_mainline_native_pv5aiioi)
put_archive(/tmp/ktest-kernel.tar.gz): 13.44s
put_archive(/tmp/ktest-kernel.tar.gz): 14.37s
put_archive(/tmp/ktest-kernel.tar.gz): 14.50s
put_archive(/tmp/ktest-kernel.tar.gz): 14.06s
put_archive(/tmp/ktest-kernel.tar.gz): 14.62s
put_archive(/tmp/ktest-kernel.tar.gz): 14.45s
put_archive(/tmp/ktest-lustre.tar.gz): 8.42s
put_archive(/tmp/ktest-lustre.tar.gz): 7.34s
put_archive(/tmp/ktest-lustre.tar.gz): 7.50s
put_archive(/tmp/ktest-lustre.tar.gz): 7.67s
put_archive(/tmp/ktest-lustre.tar.gz): 7.26s
put_archive(/tmp/ktest-lustre.tar.gz): 7.13s
Job checkpatch completed: FAILED (return code = 1, log: /tmp/ktest-results/checkpatch.log)
Job lustre_u24 completed: SUCCESS (return code = 0, log: /tmp/ktest-results/lustre_u24.log)
Job lustre_al2023 completed: SUCCESS (return code = 0, log: /tmp/ktest-results/lustre_al2023.log)
get_archive(ktest-out): 3.48s
Job lustre_mainline_strict completed: FAILED (return code = 1, log: /tmp/ktest-results/lustre_mainline_strict.log)
get_archive(ktest-out): 3.28s
get_archive(ktest-out): 3.18s
Job lustre_mainline completed: SUCCESS (return code = 0, log: /tmp/ktest-results/lustre_mainline.log)
Job lustre_mainline_native completed: SUCCESS (return code = 0, log: /tmp/ktest-results/lustre_mainline_native.log)
Starting job: clang-tidy (ktest-out: /tmp/ktest_lustre_mainline_native_pv5aiioi)
Starting job: cc-plugin (ktest-out: /tmp/ktest_lustre_mainline_native_pv5aiioi)
Starting job: boot (ktest-out: /tmp/ktest_lustre_mainline_native_pv5aiioi)
Starting job: llmount (ktest-out: /tmp/ktest_lustre_mainline_native_pv5aiioi)
Starting job: llog-unit (ktest-out: /tmp/ktest_lustre_mainline_native_pv5aiioi)
Starting job: mgs-setup (ktest-out: /tmp/ktest_lustre_mainline_native_pv5aiioi)
Starting job: sanity-1 (ktest-out: /tmp/ktest_lustre_mainline_native_pv5aiioi)
Starting job: sanity-2 (ktest-out: /tmp/ktest_lustre_mainline_native_pv5aiioi)
Starting job: sanity-3 (ktest-out: /tmp/ktest_lustre_mainline_native_pv5aiioi)
Starting job: sanity-4 (ktest-out: /tmp/ktest_lustre_mainline_native_pv5aiioi)
put_archive(/tmp/ktest_lustre_mainline_native_pv5aiioi.tar): 8.83s
put_archive(/tmp/ktest_lustre_mainline_native_pv5aiioi.tar): 9.09s
put_archive(/tmp/ktest-kernel.tar.gz): 35.04s
put_archive(/tmp/ktest_lustre_mainline_native_pv5aiioi.tar): 39.90s
put_archive(/tmp/ktest-kernel.tar.gz): 43.73s
put_archive(/tmp/ktest-lustre.tar.gz): 28.84s
put_archive(/tmp/ktest-lustre.tar.gz): 47.25s
put_archive(/tmp/ktest_lustre_mainline_native_pv5aiioi.tar): 47.02s
put_archive(/tmp/ktest_lustre_mainline_native_pv5aiioi.tar): 47.06s
put_archive(/tmp/ktest_lustre_mainline_native_pv5aiioi.tar): 50.16s
put_archive(/tmp/ktest_lustre_mainline_native_pv5aiioi.tar): 51.94s
put_archive(/tmp/ktest_lustre_mainline_native_pv5aiioi.tar): 52.28s
put_archive(/tmp/ktest_lustre_mainline_native_pv5aiioi.tar): 28.97s
Job mgs-setup completed: SUCCESS (return code = 0, log: /tmp/ktest-results/mgs-setup.log)
put_archive(/tmp/ktest_lustre_mainline_native_pv5aiioi.tar): 66.35s
Job cc-plugin completed: FAILED (return code = 127, log: /tmp/ktest-results/cc-plugin.log)
Job sanity-3 completed: SUCCESS (return code = 0, log: /tmp/ktest-results/sanity-3.log)
Job clang-tidy completed: SUCCESS (return code = 0, log: /tmp/ktest-results/clang-tidy.log)
Job boot completed: SUCCESS (return code = 0, log: /tmp/ktest-results/boot.log)
Job llmount completed: SUCCESS (return code = 0, log: /tmp/ktest-results/llmount.log)
Job sanity-2 completed: SUCCESS (return code = 0, log: /tmp/ktest-results/sanity-2.log)
Job sanity-4 completed: SUCCESS (return code = 0, log: /tmp/ktest-results/sanity-4.log)
Job sanity-1 completed: SUCCESS (return code = 0, log: /tmp/ktest-results/sanity-1.log)
Job llog-unit completed: SUCCESS (return code = 0, log: /tmp/ktest-results/llog-unit.log)

============================================================
Final Results:
  checkpatch: FAILED (return code = 1, log: /tmp/ktest-results/checkpatch.log)
  lustre_u24: SUCCESS (return code = 0, log: /tmp/ktest-results/lustre_u24.log)
  lustre_al2023: SUCCESS (return code = 0, log: /tmp/ktest-results/lustre_al2023.log)
  lustre_mainline_strict: FAILED (return code = 1, log: /tmp/ktest-results/lustre_mainline_strict.log)
  lustre_mainline: SUCCESS (return code = 0, log: /tmp/ktest-results/lustre_mainline.log)
  lustre_mainline_native: SUCCESS (return code = 0, log: /tmp/ktest-results/lustre_mainline_native.log)
  clang-tidy: SUCCESS (return code = 0, log: /tmp/ktest-results/clang-tidy.log)
  cc-plugin: FAILED (return code = 127, log: /tmp/ktest-results/cc-plugin.log)
  boot: SUCCESS (return code = 0, log: /tmp/ktest-results/boot.log)
  llmount: SUCCESS (return code = 0, log: /tmp/ktest-results/llmount.log)
  llog-unit: SUCCESS (return code = 0, log: /tmp/ktest-results/llog-unit.log)
  mgs-setup: SUCCESS (return code = 0, log: /tmp/ktest-results/mgs-setup.log)
  sanity-1: SUCCESS (return code = 0, log: /tmp/ktest-results/sanity-1.log)
  sanity-2: SUCCESS (return code = 0, log: /tmp/ktest-results/sanity-2.log)
  sanity-3: SUCCESS (return code = 0, log: /tmp/ktest-results/sanity-3.log)
  sanity-4: SUCCESS (return code = 0, log: /tmp/ktest-results/sanity-4.log)