Creating kernel tarball at /tmp/ktest-kernel.tar.gz...
Creating lustre tarball at /tmp/ktest-lustre.tar.gz...
Executing 16 jobs with dependencies
Jobs will start as soon as their dependencies are satisfied

Starting job: lustre_al2023 (ktest-out: /tmp/ktest_lustre_al2023_4y34a37m)
Starting job: lustre_mainline_native (ktest-out: /tmp/ktest_lustre_mainline_native_obivbwgo)
Starting job: lustre_mainline (ktest-out: /tmp/ktest_lustre_mainline_pn5nckw0)
Starting job: lustre_mainline_strict (ktest-out: /tmp/ktest_lustre_mainline_strict_u44jp8sy)
Starting job: lustre_u24 (ktest-out: /tmp/ktest_lustre_u24_58vykk7b)
Starting job: checkpatch (ktest-out: /tmp/ktest_checkpatch__89h_akw)
put_archive(/tmp/ktest-kernel.tar.gz): 7.35s
put_archive(/tmp/ktest-kernel.tar.gz): 7.06s
put_archive(/tmp/ktest-kernel.tar.gz): 7.16s
put_archive(/tmp/ktest-kernel.tar.gz): 7.32s
put_archive(/tmp/ktest-kernel.tar.gz): 7.05s
put_archive(/tmp/ktest-kernel.tar.gz): 7.04s
put_archive(/tmp/ktest-lustre.tar.gz): 10.00s
put_archive(/tmp/ktest-lustre.tar.gz): 9.86s
put_archive(/tmp/ktest-lustre.tar.gz): 9.74s
put_archive(/tmp/ktest-lustre.tar.gz): 10.19s
put_archive(/tmp/ktest-lustre.tar.gz): 9.65s
put_archive(/tmp/ktest-lustre.tar.gz): 10.87s
Job checkpatch completed: FAILED (return code = 1, log: /tmp/ktest-results/checkpatch.log)
Job lustre_u24 completed: SUCCESS (return code = 0, log: /tmp/ktest-results/lustre_u24.log)
Job lustre_al2023 completed: SUCCESS (return code = 0, log: /tmp/ktest-results/lustre_al2023.log)
get_archive(ktest-out): 5.02s
Job lustre_mainline_strict completed: FAILED (return code = 1, log: /tmp/ktest-results/lustre_mainline_strict.log)
get_archive(ktest-out): 3.17s
get_archive(ktest-out): 3.22s
Job lustre_mainline completed: SUCCESS (return code = 0, log: /tmp/ktest-results/lustre_mainline.log)
Job lustre_mainline_native completed: SUCCESS (return code = 0, log: /tmp/ktest-results/lustre_mainline_native.log)
Starting job: clang-tidy (ktest-out: /tmp/ktest_lustre_mainline_native_obivbwgo)
Starting job: cc-plugin (ktest-out: /tmp/ktest_lustre_mainline_native_obivbwgo)
Starting job: boot (ktest-out: /tmp/ktest_lustre_mainline_native_obivbwgo)
Starting job: llmount (ktest-out: /tmp/ktest_lustre_mainline_native_obivbwgo)
Starting job: llog-unit (ktest-out: /tmp/ktest_lustre_mainline_native_obivbwgo)
Starting job: mgs-setup (ktest-out: /tmp/ktest_lustre_mainline_native_obivbwgo)
Starting job: sanity-1 (ktest-out: /tmp/ktest_lustre_mainline_native_obivbwgo)
Starting job: sanity-2 (ktest-out: /tmp/ktest_lustre_mainline_native_obivbwgo)
Starting job: sanity-3 (ktest-out: /tmp/ktest_lustre_mainline_native_obivbwgo)
Starting job: sanity-4 (ktest-out: /tmp/ktest_lustre_mainline_native_obivbwgo)
put_archive(/tmp/ktest_lustre_mainline_native_obivbwgo.tar): 11.22s
put_archive(/tmp/ktest_lustre_mainline_native_obivbwgo.tar): 11.86s
put_archive(/tmp/ktest_lustre_mainline_native_obivbwgo.tar): 11.18s
put_archive(/tmp/ktest-kernel.tar.gz): 11.40s
put_archive(/tmp/ktest-lustre.tar.gz): 48.43s
put_archive(/tmp/ktest_lustre_mainline_native_obivbwgo.tar): 48.10s
put_archive(/tmp/ktest_lustre_mainline_native_obivbwgo.tar): 48.16s
put_archive(/tmp/ktest_lustre_mainline_native_obivbwgo.tar): 48.13s
put_archive(/tmp/ktest_lustre_mainline_native_obivbwgo.tar): 59.90s
put_archive(/tmp/ktest_lustre_mainline_native_obivbwgo.tar): 59.61s
put_archive(/tmp/ktest-kernel.tar.gz): 60.09s
put_archive(/tmp/ktest_lustre_mainline_native_obivbwgo.tar): 59.90s
put_archive(/tmp/ktest-lustre.tar.gz): 20.76s
Job cc-plugin completed: FAILED (return code = 127, log: /tmp/ktest-results/cc-plugin.log)
Job mgs-setup completed: SUCCESS (return code = 0, log: /tmp/ktest-results/mgs-setup.log)
put_archive(/tmp/ktest_lustre_mainline_native_obivbwgo.tar): 6.13s
Job boot completed: SUCCESS (return code = 0, log: /tmp/ktest-results/boot.log)
Job sanity-3 completed: SUCCESS (return code = 0, log: /tmp/ktest-results/sanity-3.log)
Job clang-tidy completed: SUCCESS (return code = 0, log: /tmp/ktest-results/clang-tidy.log)
Job llog-unit completed: SUCCESS (return code = 0, log: /tmp/ktest-results/llog-unit.log)
Job sanity-1 completed: SUCCESS (return code = 0, log: /tmp/ktest-results/sanity-1.log)
Job sanity-4 completed: SUCCESS (return code = 0, log: /tmp/ktest-results/sanity-4.log)
Job sanity-2 completed: SUCCESS (return code = 0, log: /tmp/ktest-results/sanity-2.log)
Job llmount completed: SUCCESS (return code = 0, log: /tmp/ktest-results/llmount.log)

============================================================
Final Results:
  checkpatch: FAILED (return code = 1, log: /tmp/ktest-results/checkpatch.log)
  lustre_u24: SUCCESS (return code = 0, log: /tmp/ktest-results/lustre_u24.log)
  lustre_al2023: SUCCESS (return code = 0, log: /tmp/ktest-results/lustre_al2023.log)
  lustre_mainline_strict: FAILED (return code = 1, log: /tmp/ktest-results/lustre_mainline_strict.log)
  lustre_mainline: SUCCESS (return code = 0, log: /tmp/ktest-results/lustre_mainline.log)
  lustre_mainline_native: SUCCESS (return code = 0, log: /tmp/ktest-results/lustre_mainline_native.log)
  clang-tidy: SUCCESS (return code = 0, log: /tmp/ktest-results/clang-tidy.log)
  cc-plugin: FAILED (return code = 127, log: /tmp/ktest-results/cc-plugin.log)
  boot: SUCCESS (return code = 0, log: /tmp/ktest-results/boot.log)
  llmount: SUCCESS (return code = 0, log: /tmp/ktest-results/llmount.log)
  llog-unit: SUCCESS (return code = 0, log: /tmp/ktest-results/llog-unit.log)
  mgs-setup: SUCCESS (return code = 0, log: /tmp/ktest-results/mgs-setup.log)
  sanity-1: SUCCESS (return code = 0, log: /tmp/ktest-results/sanity-1.log)
  sanity-2: SUCCESS (return code = 0, log: /tmp/ktest-results/sanity-2.log)
  sanity-3: SUCCESS (return code = 0, log: /tmp/ktest-results/sanity-3.log)
  sanity-4: SUCCESS (return code = 0, log: /tmp/ktest-results/sanity-4.log)