Creating kernel tarball at /tmp/ktest-kernel.tar.gz...
Creating lustre tarball at /tmp/ktest-lustre.tar.gz...
Executing 16 jobs with dependencies
Jobs will start as soon as their dependencies are satisfied

Starting job: checkpatch (ktest-out: /tmp/ktest_checkpatch__l7qxj9a)
Starting job: lustre_mainline (ktest-out: /tmp/ktest_lustre_mainline_j_wkl4ur)
Starting job: lustre_mainline_native (ktest-out: /tmp/ktest_lustre_mainline_native_of4_6kt8)
Starting job: lustre_al2023 (ktest-out: /tmp/ktest_lustre_al2023_mjmby22s)
Starting job: lustre_u24 (ktest-out: /tmp/ktest_lustre_u24_v07o1lu0)
Starting job: lustre_mainline_strict (ktest-out: /tmp/ktest_lustre_mainline_strict_c4f5vn3x)
put_archive(/tmp/ktest-kernel.tar.gz): 6.93s
put_archive(/tmp/ktest-kernel.tar.gz): 7.30s
put_archive(/tmp/ktest-kernel.tar.gz): 6.80s
put_archive(/tmp/ktest-kernel.tar.gz): 6.93s
put_archive(/tmp/ktest-kernel.tar.gz): 7.09s
put_archive(/tmp/ktest-kernel.tar.gz): 8.55s
put_archive(/tmp/ktest-lustre.tar.gz): 6.39s
put_archive(/tmp/ktest-lustre.tar.gz): 6.00s
put_archive(/tmp/ktest-lustre.tar.gz): 5.86s
put_archive(/tmp/ktest-lustre.tar.gz): 6.17s
put_archive(/tmp/ktest-lustre.tar.gz): 6.32s
put_archive(/tmp/ktest-lustre.tar.gz): 7.76s
Job checkpatch completed: FAILED (return code = 1, log: /tmp/ktest-results/checkpatch.log)
Job lustre_al2023 completed: SUCCESS (return code = 0, log: /tmp/ktest-results/lustre_al2023.log)
Job lustre_u24 completed: SUCCESS (return code = 0, log: /tmp/ktest-results/lustre_u24.log)
get_archive(ktest-out): 4.51s
Job lustre_mainline_strict completed: FAILED (return code = 1, log: /tmp/ktest-results/lustre_mainline_strict.log)
get_archive(ktest-out): 3.20s
get_archive(ktest-out): 3.29s
Job lustre_mainline_native completed: SUCCESS (return code = 0, log: /tmp/ktest-results/lustre_mainline_native.log)
Starting job: clang-tidy (ktest-out: /tmp/ktest_lustre_mainline_native_of4_6kt8)
Starting job: cc-plugin (ktest-out: /tmp/ktest_lustre_mainline_native_of4_6kt8)
Starting job: boot (ktest-out: /tmp/ktest_lustre_mainline_native_of4_6kt8)
Starting job: llmount (ktest-out: /tmp/ktest_lustre_mainline_native_of4_6kt8)
Starting job: llog-unit (ktest-out: /tmp/ktest_lustre_mainline_native_of4_6kt8)
Starting job: mgs-setup (ktest-out: /tmp/ktest_lustre_mainline_native_of4_6kt8)
Starting job: sanity-1 (ktest-out: /tmp/ktest_lustre_mainline_native_of4_6kt8)
Starting job: sanity-2 (ktest-out: /tmp/ktest_lustre_mainline_native_of4_6kt8)
Starting job: sanity-3 (ktest-out: /tmp/ktest_lustre_mainline_native_of4_6kt8)
Starting job: sanity-4 (ktest-out: /tmp/ktest_lustre_mainline_native_of4_6kt8)
Job lustre_mainline completed: SUCCESS (return code = 0, log: /tmp/ktest-results/lustre_mainline.log)
put_archive(/tmp/ktest_lustre_mainline_native_of4_6kt8.tar): 21.32s
put_archive(/tmp/ktest-kernel.tar.gz): 20.70s
put_archive(/tmp/ktest_lustre_mainline_native_of4_6kt8.tar): 22.17s
put_archive(/tmp/ktest_lustre_mainline_native_of4_6kt8.tar): 20.70s
put_archive(/tmp/ktest-lustre.tar.gz): 73.80s
put_archive(/tmp/ktest_lustre_mainline_native_of4_6kt8.tar): 73.23s
put_archive(/tmp/ktest_lustre_mainline_native_of4_6kt8.tar): 73.83s
put_archive(/tmp/ktest_lustre_mainline_native_of4_6kt8.tar): 73.80s
put_archive(/tmp/ktest_lustre_mainline_native_of4_6kt8.tar): 73.42s
put_archive(/tmp/ktest_lustre_mainline_native_of4_6kt8.tar): 73.37s
put_archive(/tmp/ktest-kernel.tar.gz): 74.11s
put_archive(/tmp/ktest-lustre.tar.gz): 48.07s
put_archive(/tmp/ktest_lustre_mainline_native_of4_6kt8.tar): 49.57s
put_archive(/tmp/ktest_lustre_mainline_native_of4_6kt8.tar): 16.32s
Job cc-plugin completed: FAILED (return code = 127, log: /tmp/ktest-results/cc-plugin.log)
Job clang-tidy completed: SUCCESS (return code = 0, log: /tmp/ktest-results/clang-tidy.log)
Job sanity-4 completed: SUCCESS (return code = 0, log: /tmp/ktest-results/sanity-4.log)
Job sanity-3 completed: SUCCESS (return code = 0, log: /tmp/ktest-results/sanity-3.log)
Job boot completed: SUCCESS (return code = 0, log: /tmp/ktest-results/boot.log)
Job sanity-1 completed: SUCCESS (return code = 0, log: /tmp/ktest-results/sanity-1.log)
Job mgs-setup completed: SUCCESS (return code = 0, log: /tmp/ktest-results/mgs-setup.log)
Job sanity-2 completed: SUCCESS (return code = 0, log: /tmp/ktest-results/sanity-2.log)
Job llog-unit completed: SUCCESS (return code = 0, log: /tmp/ktest-results/llog-unit.log)
Job llmount completed: SUCCESS (return code = 0, log: /tmp/ktest-results/llmount.log)

============================================================
Final Results:
  checkpatch: FAILED (return code = 1, log: /tmp/ktest-results/checkpatch.log)
  lustre_u24: SUCCESS (return code = 0, log: /tmp/ktest-results/lustre_u24.log)
  lustre_al2023: SUCCESS (return code = 0, log: /tmp/ktest-results/lustre_al2023.log)
  lustre_mainline_strict: FAILED (return code = 1, log: /tmp/ktest-results/lustre_mainline_strict.log)
  lustre_mainline: SUCCESS (return code = 0, log: /tmp/ktest-results/lustre_mainline.log)
  lustre_mainline_native: SUCCESS (return code = 0, log: /tmp/ktest-results/lustre_mainline_native.log)
  clang-tidy: SUCCESS (return code = 0, log: /tmp/ktest-results/clang-tidy.log)
  cc-plugin: FAILED (return code = 127, log: /tmp/ktest-results/cc-plugin.log)
  boot: SUCCESS (return code = 0, log: /tmp/ktest-results/boot.log)
  llmount: SUCCESS (return code = 0, log: /tmp/ktest-results/llmount.log)
  llog-unit: SUCCESS (return code = 0, log: /tmp/ktest-results/llog-unit.log)
  mgs-setup: SUCCESS (return code = 0, log: /tmp/ktest-results/mgs-setup.log)
  sanity-1: SUCCESS (return code = 0, log: /tmp/ktest-results/sanity-1.log)
  sanity-2: SUCCESS (return code = 0, log: /tmp/ktest-results/sanity-2.log)
  sanity-3: SUCCESS (return code = 0, log: /tmp/ktest-results/sanity-3.log)
  sanity-4: SUCCESS (return code = 0, log: /tmp/ktest-results/sanity-4.log)