<html lang="en">
<body>
<pre>
Creating kernel tarball at /tmp/ktest-kernel.tar.gz...
Creating lustre tarball at /tmp/ktest-lustre.tar.gz...
Executing 16 jobs with dependencies
Jobs will start as soon as their dependencies are satisfied

Starting job: checkpatch (ktest-out: /tmp/ktest_checkpatch__fn_en2q)
Starting job: lustre_mainline (ktest-out: /tmp/ktest_lustre_mainline_k_92vdgm)
Starting job: lustre_u24 (ktest-out: /tmp/ktest_lustre_u24_lmfs7587)
Starting job: lustre_al2023 (ktest-out: /tmp/ktest_lustre_al2023_xdot0rp0)
Starting job: lustre_mainline_strict (ktest-out: /tmp/ktest_lustre_mainline_strict_qu571uk7)
Starting job: lustre_mainline_native (ktest-out: /tmp/ktest_lustre_mainline_native_e547mrkg)
put_archive(/tmp/ktest-kernel.tar.gz): 6.63s
put_archive(/tmp/ktest-kernel.tar.gz): 5.94s
put_archive(/tmp/ktest-kernel.tar.gz): 7.64s
put_archive(/tmp/ktest-kernel.tar.gz): 6.06s
put_archive(/tmp/ktest-kernel.tar.gz): 6.16s
put_archive(/tmp/ktest-kernel.tar.gz): 6.24s
put_archive(/tmp/ktest-lustre.tar.gz): 4.84s
put_archive(/tmp/ktest-lustre.tar.gz): 3.38s
put_archive(/tmp/ktest-lustre.tar.gz): 3.66s
put_archive(/tmp/ktest-lustre.tar.gz): 3.55s
put_archive(/tmp/ktest-lustre.tar.gz): 3.86s
put_archive(/tmp/ktest-lustre.tar.gz): 4.00s
Job checkpatch completed: FAILED (return code = 1, log: /tmp/ktest-results/checkpatch.log)
Job lustre_al2023 completed: SUCCESS (return code = 0, log: /tmp/ktest-results/lustre_al2023.log)
Job lustre_u24 completed: SUCCESS (return code = 0, log: /tmp/ktest-results/lustre_u24.log)
get_archive(ktest-out): 5.11s
Job lustre_mainline_strict completed: FAILED (return code = 1, log: /tmp/ktest-results/lustre_mainline_strict.log)
get_archive(ktest-out): 3.15s
get_archive(ktest-out): 3.23s
Job lustre_mainline completed: SUCCESS (return code = 0, log: /tmp/ktest-results/lustre_mainline.log)
Job lustre_mainline_native completed: SUCCESS (return code = 0, log: /tmp/ktest-results/lustre_mainline_native.log)
Starting job: clang-tidy (ktest-out: /tmp/ktest_lustre_mainline_native_e547mrkg)
Starting job: cc-plugin (ktest-out: /tmp/ktest_lustre_mainline_native_e547mrkg)
Starting job: boot (ktest-out: /tmp/ktest_lustre_mainline_native_e547mrkg)
Starting job: llmount (ktest-out: /tmp/ktest_lustre_mainline_native_e547mrkg)
Starting job: llog-unit (ktest-out: /tmp/ktest_lustre_mainline_native_e547mrkg)
Starting job: mgs-setup (ktest-out: /tmp/ktest_lustre_mainline_native_e547mrkg)
Starting job: sanity-1 (ktest-out: /tmp/ktest_lustre_mainline_native_e547mrkg)
Starting job: sanity-2 (ktest-out: /tmp/ktest_lustre_mainline_native_e547mrkg)
Starting job: sanity-3 (ktest-out: /tmp/ktest_lustre_mainline_native_e547mrkg)
Starting job: sanity-4 (ktest-out: /tmp/ktest_lustre_mainline_native_e547mrkg)
put_archive(/tmp/ktest_lustre_mainline_native_e547mrkg.tar): 4.47s
put_archive(/tmp/ktest_lustre_mainline_native_e547mrkg.tar): 17.67s
put_archive(/tmp/ktest_lustre_mainline_native_e547mrkg.tar): 20.25s
put_archive(/tmp/ktest_lustre_mainline_native_e547mrkg.tar): 17.98s
put_archive(/tmp/ktest-kernel.tar.gz): 18.18s
put_archive(/tmp/ktest-lustre.tar.gz): 39.96s
put_archive(/tmp/ktest_lustre_mainline_native_e547mrkg.tar): 30.82s
put_archive(/tmp/ktest_lustre_mainline_native_e547mrkg.tar): 30.99s
put_archive(/tmp/ktest_lustre_mainline_native_e547mrkg.tar): 30.87s
put_archive(/tmp/ktest_lustre_mainline_native_e547mrkg.tar): 30.85s
put_archive(/tmp/ktest-kernel.tar.gz): 31.39s
put_archive(/tmp/ktest-lustre.tar.gz): 43.00s
put_archive(/tmp/ktest_lustre_mainline_native_e547mrkg.tar): 64.07s
put_archive(/tmp/ktest_lustre_mainline_native_e547mrkg.tar): 11.64s
Job mgs-setup completed: SUCCESS (return code = 0, log: /tmp/ktest-results/mgs-setup.log)
Job llmount completed: SUCCESS (return code = 0, log: /tmp/ktest-results/llmount.log)
Job cc-plugin completed: FAILED (return code = 127, log: /tmp/ktest-results/cc-plugin.log)
Job boot completed: SUCCESS (return code = 0, log: /tmp/ktest-results/boot.log)
Job clang-tidy completed: SUCCESS (return code = 0, log: /tmp/ktest-results/clang-tidy.log)
Job sanity-2 completed: SUCCESS (return code = 0, log: /tmp/ktest-results/sanity-2.log)
Job llog-unit completed: SUCCESS (return code = 0, log: /tmp/ktest-results/llog-unit.log)
Job sanity-1 completed: SUCCESS (return code = 0, log: /tmp/ktest-results/sanity-1.log)
Job sanity-4 completed: SUCCESS (return code = 0, log: /tmp/ktest-results/sanity-4.log)
Job sanity-3 completed: SUCCESS (return code = 0, log: /tmp/ktest-results/sanity-3.log)

============================================================
Final Results:
  checkpatch: FAILED (return code = 1, log: /tmp/ktest-results/checkpatch.log)
  lustre_u24: SUCCESS (return code = 0, log: /tmp/ktest-results/lustre_u24.log)
  lustre_al2023: SUCCESS (return code = 0, log: /tmp/ktest-results/lustre_al2023.log)
  lustre_mainline_strict: FAILED (return code = 1, log: /tmp/ktest-results/lustre_mainline_strict.log)
  lustre_mainline: SUCCESS (return code = 0, log: /tmp/ktest-results/lustre_mainline.log)
  lustre_mainline_native: SUCCESS (return code = 0, log: /tmp/ktest-results/lustre_mainline_native.log)
  clang-tidy: SUCCESS (return code = 0, log: /tmp/ktest-results/clang-tidy.log)
  cc-plugin: FAILED (return code = 127, log: /tmp/ktest-results/cc-plugin.log)
  boot: SUCCESS (return code = 0, log: /tmp/ktest-results/boot.log)
  llmount: SUCCESS (return code = 0, log: /tmp/ktest-results/llmount.log)
  llog-unit: SUCCESS (return code = 0, log: /tmp/ktest-results/llog-unit.log)
  mgs-setup: SUCCESS (return code = 0, log: /tmp/ktest-results/mgs-setup.log)
  sanity-1: SUCCESS (return code = 0, log: /tmp/ktest-results/sanity-1.log)
  sanity-2: SUCCESS (return code = 0, log: /tmp/ktest-results/sanity-2.log)
  sanity-3: SUCCESS (return code = 0, log: /tmp/ktest-results/sanity-3.log)
  sanity-4: SUCCESS (return code = 0, log: /tmp/ktest-results/sanity-4.log)
</pre>
</body>
</html>
