Creating kernel tarball at /tmp/ktest-kernel.tar.gz...
Creating lustre tarball at /tmp/ktest-lustre.tar.gz...
Executing 16 jobs with dependencies
Jobs will start as soon as their dependencies are satisfied

Starting job: lustre_mainline (ktest-out: /tmp/ktest_lustre_mainline_brv0rmnx)
Starting job: lustre_mainline_strict (ktest-out: /tmp/ktest_lustre_mainline_strict_tt8csmft)
Starting job: checkpatch (ktest-out: /tmp/ktest_checkpatch_29nm94ff)
Starting job: lustre_al2023 (ktest-out: /tmp/ktest_lustre_al2023_qxty0n8p)
Starting job: lustre_mainline_native (ktest-out: /tmp/ktest_lustre_mainline_native_qkwn21fo)
Starting job: lustre_u24 (ktest-out: /tmp/ktest_lustre_u24_n6_kianb)
put_archive(/tmp/ktest-kernel.tar.gz): 6.76s
put_archive(/tmp/ktest-kernel.tar.gz): 6.32s
put_archive(/tmp/ktest-kernel.tar.gz): 6.66s
put_archive(/tmp/ktest-kernel.tar.gz): 6.58s
put_archive(/tmp/ktest-kernel.tar.gz): 6.01s
put_archive(/tmp/ktest-kernel.tar.gz): 6.93s
put_archive(/tmp/ktest-lustre.tar.gz): 6.97s
put_archive(/tmp/ktest-lustre.tar.gz): 7.44s
put_archive(/tmp/ktest-lustre.tar.gz): 6.87s
put_archive(/tmp/ktest-lustre.tar.gz): 7.18s
put_archive(/tmp/ktest-lustre.tar.gz): 8.20s
put_archive(/tmp/ktest-lustre.tar.gz): 7.36s
Job checkpatch completed: FAILED (return code = 1, log: /tmp/ktest-results/checkpatch.log)
Job lustre_al2023 completed: SUCCESS (return code = 0, log: /tmp/ktest-results/lustre_al2023.log)
Job lustre_u24 completed: SUCCESS (return code = 0, log: /tmp/ktest-results/lustre_u24.log)
get_archive(ktest-out): 3.94s
Job lustre_mainline_strict completed: FAILED (return code = 1, log: /tmp/ktest-results/lustre_mainline_strict.log)
get_archive(ktest-out): 3.02s
get_archive(ktest-out): 3.09s
Job lustre_mainline completed: SUCCESS (return code = 0, log: /tmp/ktest-results/lustre_mainline.log)
Job lustre_mainline_native completed: SUCCESS (return code = 0, log: /tmp/ktest-results/lustre_mainline_native.log)
Starting job: clang-tidy (ktest-out: /tmp/ktest_lustre_mainline_native_qkwn21fo)
Starting job: cc-plugin (ktest-out: /tmp/ktest_lustre_mainline_native_qkwn21fo)
Starting job: boot (ktest-out: /tmp/ktest_lustre_mainline_native_qkwn21fo)
Starting job: llmount (ktest-out: /tmp/ktest_lustre_mainline_native_qkwn21fo)
Starting job: llog-unit (ktest-out: /tmp/ktest_lustre_mainline_native_qkwn21fo)
Starting job: mgs-setup (ktest-out: /tmp/ktest_lustre_mainline_native_qkwn21fo)
Starting job: sanity-1 (ktest-out: /tmp/ktest_lustre_mainline_native_qkwn21fo)
Starting job: sanity-2 (ktest-out: /tmp/ktest_lustre_mainline_native_qkwn21fo)
Starting job: sanity-3 (ktest-out: /tmp/ktest_lustre_mainline_native_qkwn21fo)
Starting job: sanity-4 (ktest-out: /tmp/ktest_lustre_mainline_native_qkwn21fo)
put_archive(/tmp/ktest_lustre_mainline_native_qkwn21fo.tar): 16.85s
put_archive(/tmp/ktest_lustre_mainline_native_qkwn21fo.tar): 17.29s
put_archive(/tmp/ktest_lustre_mainline_native_qkwn21fo.tar): 17.30s
put_archive(/tmp/ktest-kernel.tar.gz): 18.03s
put_archive(/tmp/ktest-lustre.tar.gz): 64.28s
put_archive(/tmp/ktest_lustre_mainline_native_qkwn21fo.tar): 64.64s
put_archive(/tmp/ktest_lustre_mainline_native_qkwn21fo.tar): 64.00s
put_archive(/tmp/ktest_lustre_mainline_native_qkwn21fo.tar): 64.05s
put_archive(/tmp/ktest_lustre_mainline_native_qkwn21fo.tar): 63.85s
put_archive(/tmp/ktest_lustre_mainline_native_qkwn21fo.tar): 63.90s
put_archive(/tmp/ktest-kernel.tar.gz): 64.53s
put_archive(/tmp/ktest-lustre.tar.gz): 52.11s
put_archive(/tmp/ktest_lustre_mainline_native_qkwn21fo.tar): 52.46s
put_archive(/tmp/ktest_lustre_mainline_native_qkwn21fo.tar): 14.30s
Job cc-plugin completed: FAILED (return code = 127, log: /tmp/ktest-results/cc-plugin.log)
Job clang-tidy completed: SUCCESS (return code = 0, log: /tmp/ktest-results/clang-tidy.log)
Job sanity-2 completed: SUCCESS (return code = 0, log: /tmp/ktest-results/sanity-2.log)
Job boot completed: SUCCESS (return code = 0, log: /tmp/ktest-results/boot.log)
Job sanity-3 completed: SUCCESS (return code = 0, log: /tmp/ktest-results/sanity-3.log)
Job mgs-setup completed: SUCCESS (return code = 0, log: /tmp/ktest-results/mgs-setup.log)
Job llmount completed: SUCCESS (return code = 0, log: /tmp/ktest-results/llmount.log)
Job llog-unit completed: SUCCESS (return code = 0, log: /tmp/ktest-results/llog-unit.log)
Job sanity-1 completed: SUCCESS (return code = 0, log: /tmp/ktest-results/sanity-1.log)
Job sanity-4 completed: SUCCESS (return code = 0, log: /tmp/ktest-results/sanity-4.log)

============================================================
Final Results:
  checkpatch: FAILED (return code = 1, log: /tmp/ktest-results/checkpatch.log)
  lustre_u24: SUCCESS (return code = 0, log: /tmp/ktest-results/lustre_u24.log)
  lustre_al2023: SUCCESS (return code = 0, log: /tmp/ktest-results/lustre_al2023.log)
  lustre_mainline_strict: FAILED (return code = 1, log: /tmp/ktest-results/lustre_mainline_strict.log)
  lustre_mainline: SUCCESS (return code = 0, log: /tmp/ktest-results/lustre_mainline.log)
  lustre_mainline_native: SUCCESS (return code = 0, log: /tmp/ktest-results/lustre_mainline_native.log)
  clang-tidy: SUCCESS (return code = 0, log: /tmp/ktest-results/clang-tidy.log)
  cc-plugin: FAILED (return code = 127, log: /tmp/ktest-results/cc-plugin.log)
  boot: SUCCESS (return code = 0, log: /tmp/ktest-results/boot.log)
  llmount: SUCCESS (return code = 0, log: /tmp/ktest-results/llmount.log)
  llog-unit: SUCCESS (return code = 0, log: /tmp/ktest-results/llog-unit.log)
  mgs-setup: SUCCESS (return code = 0, log: /tmp/ktest-results/mgs-setup.log)
  sanity-1: SUCCESS (return code = 0, log: /tmp/ktest-results/sanity-1.log)
  sanity-2: SUCCESS (return code = 0, log: /tmp/ktest-results/sanity-2.log)
  sanity-3: SUCCESS (return code = 0, log: /tmp/ktest-results/sanity-3.log)
  sanity-4: SUCCESS (return code = 0, log: /tmp/ktest-results/sanity-4.log)