Creating kernel tarball at /tmp/ktest-kernel.tar.gz...
Creating lustre tarball at /tmp/ktest-lustre.tar.gz...
Executing 16 jobs with dependencies
Jobs will start as soon as their dependencies are satisfied

Starting job: lustre_u24 (ktest-out: /tmp/ktest_lustre_u24_k0_u0o6w)
Starting job: lustre_mainline_native (ktest-out: /tmp/ktest_lustre_mainline_native_61i431fl)
Starting job: lustre_mainline_strict (ktest-out: /tmp/ktest_lustre_mainline_strict_ry0dz04k)
Starting job: checkpatch (ktest-out: /tmp/ktest_checkpatch_b0ygvlic)
Starting job: lustre_al2023 (ktest-out: /tmp/ktest_lustre_al2023_s6pfz19v)
Starting job: lustre_mainline (ktest-out: /tmp/ktest_lustre_mainline_9udg3mq5)
put_archive(/tmp/ktest-kernel.tar.gz): 18.49s
put_archive(/tmp/ktest-kernel.tar.gz): 18.26s
put_archive(/tmp/ktest-kernel.tar.gz): 18.41s
put_archive(/tmp/ktest-kernel.tar.gz): 18.44s
put_archive(/tmp/ktest-kernel.tar.gz): 18.54s
put_archive(/tmp/ktest-kernel.tar.gz): 19.19s
put_archive(/tmp/ktest-lustre.tar.gz): 9.06s
put_archive(/tmp/ktest-lustre.tar.gz): 9.38s
put_archive(/tmp/ktest-lustre.tar.gz): 8.83s
put_archive(/tmp/ktest-lustre.tar.gz): 9.27s
put_archive(/tmp/ktest-lustre.tar.gz): 8.72s
put_archive(/tmp/ktest-lustre.tar.gz): 9.03s
Job checkpatch completed: SUCCESS (return code = 0, log: /tmp/ktest-results/checkpatch.log)
Job lustre_al2023 completed: SUCCESS (return code = 0, log: /tmp/ktest-results/lustre_al2023.log)
Job lustre_u24 completed: SUCCESS (return code = 0, log: /tmp/ktest-results/lustre_u24.log)
get_archive(ktest-out): 3.92s
Job lustre_mainline_strict completed: FAILED (return code = 1, log: /tmp/ktest-results/lustre_mainline_strict.log)
get_archive(ktest-out): 2.39s
Job lustre_mainline completed: SUCCESS (return code = 0, log: /tmp/ktest-results/lustre_mainline.log)
get_archive(ktest-out): 2.09s
Job lustre_mainline_native completed: SUCCESS (return code = 0, log: /tmp/ktest-results/lustre_mainline_native.log)
Starting job: clang-tidy (ktest-out: /tmp/ktest_lustre_mainline_native_61i431fl)
Starting job: cc-plugin (ktest-out: /tmp/ktest_lustre_mainline_native_61i431fl)
Starting job: boot (ktest-out: /tmp/ktest_lustre_mainline_native_61i431fl)
Starting job: llmount (ktest-out: /tmp/ktest_lustre_mainline_native_61i431fl)
Starting job: llog-unit (ktest-out: /tmp/ktest_lustre_mainline_native_61i431fl)
Starting job: mgs-setup (ktest-out: /tmp/ktest_lustre_mainline_native_61i431fl)
Starting job: sanity-1 (ktest-out: /tmp/ktest_lustre_mainline_native_61i431fl)
Starting job: sanity-2 (ktest-out: /tmp/ktest_lustre_mainline_native_61i431fl)
Starting job: sanity-3 (ktest-out: /tmp/ktest_lustre_mainline_native_61i431fl)
Starting job: sanity-4 (ktest-out: /tmp/ktest_lustre_mainline_native_61i431fl)
put_archive(/tmp/ktest_lustre_mainline_native_61i431fl.tar): 18.44s
put_archive(/tmp/ktest_lustre_mainline_native_61i431fl.tar): 18.48s
put_archive(/tmp/ktest-kernel.tar.gz): 19.23s
put_archive(/tmp/ktest-lustre.tar.gz): 30.88s
put_archive(/tmp/ktest_lustre_mainline_native_61i431fl.tar): 43.80s
put_archive(/tmp/ktest-kernel.tar.gz): 43.90s
put_archive(/tmp/ktest_lustre_mainline_native_61i431fl.tar): 43.78s
put_archive(/tmp/ktest-lustre.tar.gz): 48.57s
put_archive(/tmp/ktest_lustre_mainline_native_61i431fl.tar): 48.59s
put_archive(/tmp/ktest_lustre_mainline_native_61i431fl.tar): 62.32s
put_archive(/tmp/ktest_lustre_mainline_native_61i431fl.tar): 48.23s
put_archive(/tmp/ktest_lustre_mainline_native_61i431fl.tar): 48.27s
put_archive(/tmp/ktest_lustre_mainline_native_61i431fl.tar): 48.44s
put_archive(/tmp/ktest_lustre_mainline_native_61i431fl.tar): 33.36s
Job boot completed: SUCCESS (return code = 0, log: /tmp/ktest-results/boot.log)
Job cc-plugin completed: FAILED (return code = 127, log: /tmp/ktest-results/cc-plugin.log)
Job sanity-3 completed: SUCCESS (return code = 0, log: /tmp/ktest-results/sanity-3.log)
Job clang-tidy completed: SUCCESS (return code = 0, log: /tmp/ktest-results/clang-tidy.log)
Job llmount completed: SUCCESS (return code = 0, log: /tmp/ktest-results/llmount.log)
Job mgs-setup completed: SUCCESS (return code = 0, log: /tmp/ktest-results/mgs-setup.log)
Job llog-unit completed: SUCCESS (return code = 0, log: /tmp/ktest-results/llog-unit.log)
Job sanity-1 completed: SUCCESS (return code = 0, log: /tmp/ktest-results/sanity-1.log)
Job sanity-2 completed: SUCCESS (return code = 0, log: /tmp/ktest-results/sanity-2.log)
Job sanity-4 completed: SUCCESS (return code = 0, log: /tmp/ktest-results/sanity-4.log)

============================================================
Final Results:
  checkpatch: SUCCESS (return code = 0, log: /tmp/ktest-results/checkpatch.log)
  lustre_u24: SUCCESS (return code = 0, log: /tmp/ktest-results/lustre_u24.log)
  lustre_al2023: SUCCESS (return code = 0, log: /tmp/ktest-results/lustre_al2023.log)
  lustre_mainline_strict: FAILED (return code = 1, log: /tmp/ktest-results/lustre_mainline_strict.log)
  lustre_mainline: SUCCESS (return code = 0, log: /tmp/ktest-results/lustre_mainline.log)
  lustre_mainline_native: SUCCESS (return code = 0, log: /tmp/ktest-results/lustre_mainline_native.log)
  clang-tidy: SUCCESS (return code = 0, log: /tmp/ktest-results/clang-tidy.log)
  cc-plugin: FAILED (return code = 127, log: /tmp/ktest-results/cc-plugin.log)
  boot: SUCCESS (return code = 0, log: /tmp/ktest-results/boot.log)
  llmount: SUCCESS (return code = 0, log: /tmp/ktest-results/llmount.log)
  llog-unit: SUCCESS (return code = 0, log: /tmp/ktest-results/llog-unit.log)
  mgs-setup: SUCCESS (return code = 0, log: /tmp/ktest-results/mgs-setup.log)
  sanity-1: SUCCESS (return code = 0, log: /tmp/ktest-results/sanity-1.log)
  sanity-2: SUCCESS (return code = 0, log: /tmp/ktest-results/sanity-2.log)
  sanity-3: SUCCESS (return code = 0, log: /tmp/ktest-results/sanity-3.log)
  sanity-4: SUCCESS (return code = 0, log: /tmp/ktest-results/sanity-4.log)