Creating kernel tarball at /tmp/ktest-kernel.tar.gz...
Creating lustre tarball at /tmp/ktest-lustre.tar.gz...
Executing 16 jobs with dependencies
Jobs will start as soon as their dependencies are satisfied

Starting job: checkpatch (ktest-out: /tmp/ktest_checkpatch_kjj_ac82)
Starting job: lustre_u24 (ktest-out: /tmp/ktest_lustre_u24_8bj8f5s6)
Starting job: lustre_al2023 (ktest-out: /tmp/ktest_lustre_al2023_y5hrsjwd)
Starting job: lustre_mainline (ktest-out: /tmp/ktest_lustre_mainline_m_67j711)
Starting job: lustre_mainline_strict (ktest-out: /tmp/ktest_lustre_mainline_strict_5b6dbvy7)
Starting job: lustre_mainline_native (ktest-out: /tmp/ktest_lustre_mainline_native_71fc6pka)
put_archive(/tmp/ktest-kernel.tar.gz): 6.91s
put_archive(/tmp/ktest-kernel.tar.gz): 7.33s
put_archive(/tmp/ktest-kernel.tar.gz): 7.46s
put_archive(/tmp/ktest-kernel.tar.gz): 6.76s
put_archive(/tmp/ktest-lustre.tar.gz): 5.04s
put_archive(/tmp/ktest-kernel.tar.gz): 10.03s
put_archive(/tmp/ktest-kernel.tar.gz): 9.12s
put_archive(/tmp/ktest-lustre.tar.gz): 4.63s
put_archive(/tmp/ktest-lustre.tar.gz): 4.34s
put_archive(/tmp/ktest-lustre.tar.gz): 7.77s
put_archive(/tmp/ktest-lustre.tar.gz): 4.45s
put_archive(/tmp/ktest-lustre.tar.gz): 4.31s
Job checkpatch completed: SUCCESS (return code = 0, log: /tmp/ktest-results/checkpatch.log)
Job lustre_al2023 completed: SUCCESS (return code = 0, log: /tmp/ktest-results/lustre_al2023.log)
Job lustre_u24 completed: SUCCESS (return code = 0, log: /tmp/ktest-results/lustre_u24.log)
get_archive(ktest-out): 3.58s
Job lustre_mainline_strict completed: FAILED (return code = 1, log: /tmp/ktest-results/lustre_mainline_strict.log)
get_archive(ktest-out): 3.30s
get_archive(ktest-out): 3.23s
Job lustre_mainline_native completed: SUCCESS (return code = 0, log: /tmp/ktest-results/lustre_mainline_native.log)
Starting job: clang-tidy (ktest-out: /tmp/ktest_lustre_mainline_native_71fc6pka)
Starting job: cc-plugin (ktest-out: /tmp/ktest_lustre_mainline_native_71fc6pka)
Starting job: boot (ktest-out: /tmp/ktest_lustre_mainline_native_71fc6pka)
Starting job: llmount (ktest-out: /tmp/ktest_lustre_mainline_native_71fc6pka)
Starting job: llog-unit (ktest-out: /tmp/ktest_lustre_mainline_native_71fc6pka)
Starting job: mgs-setup (ktest-out: /tmp/ktest_lustre_mainline_native_71fc6pka)
Starting job: sanity-1 (ktest-out: /tmp/ktest_lustre_mainline_native_71fc6pka)
Starting job: sanity-2 (ktest-out: /tmp/ktest_lustre_mainline_native_71fc6pka)
Starting job: sanity-3 (ktest-out: /tmp/ktest_lustre_mainline_native_71fc6pka)
Starting job: sanity-4 (ktest-out: /tmp/ktest_lustre_mainline_native_71fc6pka)
Job lustre_mainline completed: SUCCESS (return code = 0, log: /tmp/ktest-results/lustre_mainline.log)
put_archive(/tmp/ktest_lustre_mainline_native_71fc6pka.tar): 27.86s
put_archive(/tmp/ktest_lustre_mainline_native_71fc6pka.tar): 27.98s
put_archive(/tmp/ktest_lustre_mainline_native_71fc6pka.tar): 26.75s
put_archive(/tmp/ktest_lustre_mainline_native_71fc6pka.tar): 27.90s
put_archive(/tmp/ktest_lustre_mainline_native_71fc6pka.tar): 27.99s
put_archive(/tmp/ktest-kernel.tar.gz): 28.11s
put_archive(/tmp/ktest-kernel.tar.gz): 28.85s
put_archive(/tmp/ktest-lustre.tar.gz): 80.05s
put_archive(/tmp/ktest_lustre_mainline_native_71fc6pka.tar): 79.57s
put_archive(/tmp/ktest_lustre_mainline_native_71fc6pka.tar): 79.84s
put_archive(/tmp/ktest-lustre.tar.gz): 80.30s
put_archive(/tmp/ktest_lustre_mainline_native_71fc6pka.tar): 79.82s
put_archive(/tmp/ktest_lustre_mainline_native_71fc6pka.tar): 42.85s
put_archive(/tmp/ktest_lustre_mainline_native_71fc6pka.tar): 42.77s
Job boot completed: SUCCESS (return code = 0, log: /tmp/ktest-results/boot.log)
Job mgs-setup completed: SUCCESS (return code = 0, log: /tmp/ktest-results/mgs-setup.log)
Job cc-plugin completed: FAILED (return code = 127, log: /tmp/ktest-results/cc-plugin.log)
Job clang-tidy completed: SUCCESS (return code = 0, log: /tmp/ktest-results/clang-tidy.log)
Job sanity-3 completed: SUCCESS (return code = 0, log: /tmp/ktest-results/sanity-3.log)
Job llmount completed: SUCCESS (return code = 0, log: /tmp/ktest-results/llmount.log)
Job sanity-2 completed: SUCCESS (return code = 0, log: /tmp/ktest-results/sanity-2.log)
Job sanity-1 completed: SUCCESS (return code = 0, log: /tmp/ktest-results/sanity-1.log)
Job sanity-4 completed: SUCCESS (return code = 0, log: /tmp/ktest-results/sanity-4.log)
Job llog-unit completed: SUCCESS (return code = 0, log: /tmp/ktest-results/llog-unit.log)

============================================================
Final Results:
  checkpatch: SUCCESS (return code = 0, log: /tmp/ktest-results/checkpatch.log)
  lustre_u24: SUCCESS (return code = 0, log: /tmp/ktest-results/lustre_u24.log)
  lustre_al2023: SUCCESS (return code = 0, log: /tmp/ktest-results/lustre_al2023.log)
  lustre_mainline_strict: FAILED (return code = 1, log: /tmp/ktest-results/lustre_mainline_strict.log)
  lustre_mainline: SUCCESS (return code = 0, log: /tmp/ktest-results/lustre_mainline.log)
  lustre_mainline_native: SUCCESS (return code = 0, log: /tmp/ktest-results/lustre_mainline_native.log)
  clang-tidy: SUCCESS (return code = 0, log: /tmp/ktest-results/clang-tidy.log)
  cc-plugin: FAILED (return code = 127, log: /tmp/ktest-results/cc-plugin.log)
  boot: SUCCESS (return code = 0, log: /tmp/ktest-results/boot.log)
  llmount: SUCCESS (return code = 0, log: /tmp/ktest-results/llmount.log)
  llog-unit: SUCCESS (return code = 0, log: /tmp/ktest-results/llog-unit.log)
  mgs-setup: SUCCESS (return code = 0, log: /tmp/ktest-results/mgs-setup.log)
  sanity-1: SUCCESS (return code = 0, log: /tmp/ktest-results/sanity-1.log)
  sanity-2: SUCCESS (return code = 0, log: /tmp/ktest-results/sanity-2.log)
  sanity-3: SUCCESS (return code = 0, log: /tmp/ktest-results/sanity-3.log)
  sanity-4: SUCCESS (return code = 0, log: /tmp/ktest-results/sanity-4.log)