Creating kernel tarball at /tmp/ktest-kernel.tar.gz...
Creating lustre tarball at /tmp/ktest-lustre.tar.gz...
Executing 16 jobs with dependencies
Jobs will start as soon as their dependencies are satisfied

Starting job: lustre_u24 (ktest-out: /tmp/ktest_lustre_u24_u4s40w43)
Starting job: lustre_mainline_native (ktest-out: /tmp/ktest_lustre_mainline_native_wm_rgff4)
Starting job: lustre_al2023 (ktest-out: /tmp/ktest_lustre_al2023_gosiovr9)
Starting job: lustre_mainline_strict (ktest-out: /tmp/ktest_lustre_mainline_strict_rj_q9yiv)
Starting job: checkpatch (ktest-out: /tmp/ktest_checkpatch_u9t13hv3)
Starting job: lustre_mainline (ktest-out: /tmp/ktest_lustre_mainline_tnacf9k8)
put_archive(/tmp/ktest-kernel.tar.gz): 7.02s
put_archive(/tmp/ktest-kernel.tar.gz): 8.20s
put_archive(/tmp/ktest-kernel.tar.gz): 8.48s
put_archive(/tmp/ktest-kernel.tar.gz): 7.67s
put_archive(/tmp/ktest-kernel.tar.gz): 7.89s
put_archive(/tmp/ktest-kernel.tar.gz): 7.96s
put_archive(/tmp/ktest-lustre.tar.gz): 6.89s
put_archive(/tmp/ktest-lustre.tar.gz): 6.79s
put_archive(/tmp/ktest-lustre.tar.gz): 6.65s
put_archive(/tmp/ktest-lustre.tar.gz): 7.11s
put_archive(/tmp/ktest-lustre.tar.gz): 8.87s
put_archive(/tmp/ktest-lustre.tar.gz): 7.32s
Job checkpatch completed: SUCCESS (return code = 0, log: /tmp/ktest-results/checkpatch.log)
Job lustre_u24 completed: SUCCESS (return code = 0, log: /tmp/ktest-results/lustre_u24.log)
Job lustre_al2023 completed: SUCCESS (return code = 0, log: /tmp/ktest-results/lustre_al2023.log)
get_archive(ktest-out): 3.95s
Job lustre_mainline_strict completed: FAILED (return code = 1, log: /tmp/ktest-results/lustre_mainline_strict.log)
get_archive(ktest-out): 3.02s
get_archive(ktest-out): 3.10s
Job lustre_mainline completed: SUCCESS (return code = 0, log: /tmp/ktest-results/lustre_mainline.log)
Job lustre_mainline_native completed: SUCCESS (return code = 0, log: /tmp/ktest-results/lustre_mainline_native.log)
Starting job: clang-tidy (ktest-out: /tmp/ktest_lustre_mainline_native_wm_rgff4)
Starting job: cc-plugin (ktest-out: /tmp/ktest_lustre_mainline_native_wm_rgff4)
Starting job: boot (ktest-out: /tmp/ktest_lustre_mainline_native_wm_rgff4)
Starting job: llmount (ktest-out: /tmp/ktest_lustre_mainline_native_wm_rgff4)
Starting job: llog-unit (ktest-out: /tmp/ktest_lustre_mainline_native_wm_rgff4)
Starting job: mgs-setup (ktest-out: /tmp/ktest_lustre_mainline_native_wm_rgff4)
Starting job: sanity-1 (ktest-out: /tmp/ktest_lustre_mainline_native_wm_rgff4)
Starting job: sanity-2 (ktest-out: /tmp/ktest_lustre_mainline_native_wm_rgff4)
Starting job: sanity-3 (ktest-out: /tmp/ktest_lustre_mainline_native_wm_rgff4)
Starting job: sanity-4 (ktest-out: /tmp/ktest_lustre_mainline_native_wm_rgff4)
put_archive(/tmp/ktest_lustre_mainline_native_wm_rgff4.tar): 2.34s
put_archive(/tmp/ktest_lustre_mainline_native_wm_rgff4.tar): 23.13s
put_archive(/tmp/ktest-kernel.tar.gz): 33.19s
put_archive(/tmp/ktest_lustre_mainline_native_wm_rgff4.tar): 30.47s
put_archive(/tmp/ktest_lustre_mainline_native_wm_rgff4.tar): 30.10s
put_archive(/tmp/ktest-kernel.tar.gz): 44.14s
put_archive(/tmp/ktest_lustre_mainline_native_wm_rgff4.tar): 17.33s
put_archive(/tmp/ktest-lustre.tar.gz): 17.21s
put_archive(/tmp/ktest-lustre.tar.gz): 56.44s
put_archive(/tmp/ktest_lustre_mainline_native_wm_rgff4.tar): 52.95s
put_archive(/tmp/ktest_lustre_mainline_native_wm_rgff4.tar): 53.27s
put_archive(/tmp/ktest_lustre_mainline_native_wm_rgff4.tar): 52.95s
put_archive(/tmp/ktest_lustre_mainline_native_wm_rgff4.tar): 53.03s
put_archive(/tmp/ktest_lustre_mainline_native_wm_rgff4.tar): 34.38s
Job cc-plugin completed: FAILED (return code = 127, log: /tmp/ktest-results/cc-plugin.log)
Job boot completed: SUCCESS (return code = 0, log: /tmp/ktest-results/boot.log)
Job clang-tidy completed: SUCCESS (return code = 0, log: /tmp/ktest-results/clang-tidy.log)
Job sanity-3 completed: SUCCESS (return code = 0, log: /tmp/ktest-results/sanity-3.log)
Job mgs-setup completed: SUCCESS (return code = 0, log: /tmp/ktest-results/mgs-setup.log)
Job sanity-1 completed: SUCCESS (return code = 0, log: /tmp/ktest-results/sanity-1.log)
Job sanity-4 completed: SUCCESS (return code = 0, log: /tmp/ktest-results/sanity-4.log)
Job llog-unit completed: SUCCESS (return code = 0, log: /tmp/ktest-results/llog-unit.log)
Job sanity-2 completed: SUCCESS (return code = 0, log: /tmp/ktest-results/sanity-2.log)
Job llmount completed: SUCCESS (return code = 0, log: /tmp/ktest-results/llmount.log)

============================================================
Final Results:
  checkpatch: SUCCESS (return code = 0, log: /tmp/ktest-results/checkpatch.log)
  lustre_u24: SUCCESS (return code = 0, log: /tmp/ktest-results/lustre_u24.log)
  lustre_al2023: SUCCESS (return code = 0, log: /tmp/ktest-results/lustre_al2023.log)
  lustre_mainline_strict: FAILED (return code = 1, log: /tmp/ktest-results/lustre_mainline_strict.log)
  lustre_mainline: SUCCESS (return code = 0, log: /tmp/ktest-results/lustre_mainline.log)
  lustre_mainline_native: SUCCESS (return code = 0, log: /tmp/ktest-results/lustre_mainline_native.log)
  clang-tidy: SUCCESS (return code = 0, log: /tmp/ktest-results/clang-tidy.log)
  cc-plugin: FAILED (return code = 127, log: /tmp/ktest-results/cc-plugin.log)
  boot: SUCCESS (return code = 0, log: /tmp/ktest-results/boot.log)
  llmount: SUCCESS (return code = 0, log: /tmp/ktest-results/llmount.log)
  llog-unit: SUCCESS (return code = 0, log: /tmp/ktest-results/llog-unit.log)
  mgs-setup: SUCCESS (return code = 0, log: /tmp/ktest-results/mgs-setup.log)
  sanity-1: SUCCESS (return code = 0, log: /tmp/ktest-results/sanity-1.log)
  sanity-2: SUCCESS (return code = 0, log: /tmp/ktest-results/sanity-2.log)
  sanity-3: SUCCESS (return code = 0, log: /tmp/ktest-results/sanity-3.log)
  sanity-4: SUCCESS (return code = 0, log: /tmp/ktest-results/sanity-4.log)