Creating kernel tarball at /tmp/ktest-kernel.tar.gz...
Creating lustre tarball at /tmp/ktest-lustre.tar.gz...
Executing 16 jobs with dependencies
Jobs will start as soon as their dependencies are satisfied

Starting job: lustre_mainline_native (ktest-out: /tmp/ktest_lustre_mainline_native_9mreq1_p)
Starting job: lustre_al2023 (ktest-out: /tmp/ktest_lustre_al2023_mqg13uk6)
Starting job: lustre_mainline (ktest-out: /tmp/ktest_lustre_mainline_ml97xigy)
Starting job: lustre_mainline_strict (ktest-out: /tmp/ktest_lustre_mainline_strict_i20ohrfy)
Starting job: lustre_u24 (ktest-out: /tmp/ktest_lustre_u24_nm4ojx43)
Starting job: checkpatch (ktest-out: /tmp/ktest_checkpatch_6048ej9z)
put_archive(/tmp/ktest-kernel.tar.gz): 6.77s
put_archive(/tmp/ktest-kernel.tar.gz): 8.32s
put_archive(/tmp/ktest-kernel.tar.gz): 8.34s
put_archive(/tmp/ktest-kernel.tar.gz): 9.46s
put_archive(/tmp/ktest-kernel.tar.gz): 7.90s
put_archive(/tmp/ktest-kernel.tar.gz): 8.92s
put_archive(/tmp/ktest-lustre.tar.gz): 9.39s
put_archive(/tmp/ktest-lustre.tar.gz): 9.71s
put_archive(/tmp/ktest-lustre.tar.gz): 9.16s
put_archive(/tmp/ktest-lustre.tar.gz): 9.61s
put_archive(/tmp/ktest-lustre.tar.gz): 12.61s
put_archive(/tmp/ktest-lustre.tar.gz): 9.36s
Job checkpatch completed: FAILED (return code = 1, log: /tmp/ktest-results/checkpatch.log)
Job lustre_u24 completed: SUCCESS (return code = 0, log: /tmp/ktest-results/lustre_u24.log)
Job lustre_al2023 completed: SUCCESS (return code = 0, log: /tmp/ktest-results/lustre_al2023.log)
get_archive(ktest-out): 3.45s
Job lustre_mainline_strict completed: FAILED (return code = 1, log: /tmp/ktest-results/lustre_mainline_strict.log)
get_archive(ktest-out): 3.27s
get_archive(ktest-out): 3.27s
Job lustre_mainline_native completed: SUCCESS (return code = 0, log: /tmp/ktest-results/lustre_mainline_native.log)
Starting job: clang-tidy (ktest-out: /tmp/ktest_lustre_mainline_native_9mreq1_p)
Starting job: cc-plugin (ktest-out: /tmp/ktest_lustre_mainline_native_9mreq1_p)
Starting job: boot (ktest-out: /tmp/ktest_lustre_mainline_native_9mreq1_p)
Starting job: llmount (ktest-out: /tmp/ktest_lustre_mainline_native_9mreq1_p)
Starting job: llog-unit (ktest-out: /tmp/ktest_lustre_mainline_native_9mreq1_p)
Starting job: mgs-setup (ktest-out: /tmp/ktest_lustre_mainline_native_9mreq1_p)
Starting job: sanity-1 (ktest-out: /tmp/ktest_lustre_mainline_native_9mreq1_p)
Starting job: sanity-2 (ktest-out: /tmp/ktest_lustre_mainline_native_9mreq1_p)
Starting job: sanity-3 (ktest-out: /tmp/ktest_lustre_mainline_native_9mreq1_p)
Starting job: sanity-4 (ktest-out: /tmp/ktest_lustre_mainline_native_9mreq1_p)
Job lustre_mainline completed: SUCCESS (return code = 0, log: /tmp/ktest-results/lustre_mainline.log)
put_archive(/tmp/ktest_lustre_mainline_native_9mreq1_p.tar): 9.37s
put_archive(/tmp/ktest_lustre_mainline_native_9mreq1_p.tar): 8.90s
put_archive(/tmp/ktest_lustre_mainline_native_9mreq1_p.tar): 9.13s
put_archive(/tmp/ktest_lustre_mainline_native_9mreq1_p.tar): 8.95s
put_archive(/tmp/ktest_lustre_mainline_native_9mreq1_p.tar): 51.34s
put_archive(/tmp/ktest-kernel.tar.gz): 51.45s
put_archive(/tmp/ktest-lustre.tar.gz): 40.11s
put_archive(/tmp/ktest_lustre_mainline_native_9mreq1_p.tar): 39.77s
put_archive(/tmp/ktest_lustre_mainline_native_9mreq1_p.tar): 39.79s
put_archive(/tmp/ktest_lustre_mainline_native_9mreq1_p.tar): 39.78s
put_archive(/tmp/ktest-kernel.tar.gz): 40.12s
Job boot completed: SUCCESS (return code = 0, log: /tmp/ktest-results/boot.log)
put_archive(/tmp/ktest_lustre_mainline_native_9mreq1_p.tar): 27.79s
put_archive(/tmp/ktest-lustre.tar.gz): 27.56s
Job mgs-setup completed: SUCCESS (return code = 0, log: /tmp/ktest-results/mgs-setup.log)
put_archive(/tmp/ktest_lustre_mainline_native_9mreq1_p.tar): 10.83s
Job cc-plugin completed: FAILED (return code = 127, log: /tmp/ktest-results/cc-plugin.log)
Job clang-tidy completed: SUCCESS (return code = 0, log: /tmp/ktest-results/clang-tidy.log)
Job llog-unit completed: SUCCESS (return code = 0, log: /tmp/ktest-results/llog-unit.log)
Job sanity-2 completed: SUCCESS (return code = 0, log: /tmp/ktest-results/sanity-2.log)
Job llmount completed: SUCCESS (return code = 0, log: /tmp/ktest-results/llmount.log)
Job sanity-4 completed: SUCCESS (return code = 0, log: /tmp/ktest-results/sanity-4.log)
Job sanity-1 completed: SUCCESS (return code = 0, log: /tmp/ktest-results/sanity-1.log)
Job sanity-3 completed: SUCCESS (return code = 0, log: /tmp/ktest-results/sanity-3.log)

============================================================
Final Results:
  checkpatch: FAILED (return code = 1, log: /tmp/ktest-results/checkpatch.log)
  lustre_u24: SUCCESS (return code = 0, log: /tmp/ktest-results/lustre_u24.log)
  lustre_al2023: SUCCESS (return code = 0, log: /tmp/ktest-results/lustre_al2023.log)
  lustre_mainline_strict: FAILED (return code = 1, log: /tmp/ktest-results/lustre_mainline_strict.log)
  lustre_mainline: SUCCESS (return code = 0, log: /tmp/ktest-results/lustre_mainline.log)
  lustre_mainline_native: SUCCESS (return code = 0, log: /tmp/ktest-results/lustre_mainline_native.log)
  clang-tidy: SUCCESS (return code = 0, log: /tmp/ktest-results/clang-tidy.log)
  cc-plugin: FAILED (return code = 127, log: /tmp/ktest-results/cc-plugin.log)
  boot: SUCCESS (return code = 0, log: /tmp/ktest-results/boot.log)
  llmount: SUCCESS (return code = 0, log: /tmp/ktest-results/llmount.log)
  llog-unit: SUCCESS (return code = 0, log: /tmp/ktest-results/llog-unit.log)
  mgs-setup: SUCCESS (return code = 0, log: /tmp/ktest-results/mgs-setup.log)
  sanity-1: SUCCESS (return code = 0, log: /tmp/ktest-results/sanity-1.log)
  sanity-2: SUCCESS (return code = 0, log: /tmp/ktest-results/sanity-2.log)
  sanity-3: SUCCESS (return code = 0, log: /tmp/ktest-results/sanity-3.log)
  sanity-4: SUCCESS (return code = 0, log: /tmp/ktest-results/sanity-4.log)