Creating kernel tarball at /tmp/ktest-kernel.tar.gz...
Creating lustre tarball at /tmp/ktest-lustre.tar.gz...
Executing 16 jobs with dependencies
Jobs will start as soon as their dependencies are satisfied

Starting job: lustre_mainline (ktest-out: /tmp/ktest_lustre_mainline_9mabpdh4)
Starting job: checkpatch (ktest-out: /tmp/ktest_checkpatch_atef8enb)
Starting job: lustre_mainline_strict (ktest-out: /tmp/ktest_lustre_mainline_strict_70htmypq)
Starting job: lustre_al2023 (ktest-out: /tmp/ktest_lustre_al2023_pyaqz8m3)
Starting job: lustre_u24 (ktest-out: /tmp/ktest_lustre_u24_t202_i9g)
Starting job: lustre_mainline_native (ktest-out: /tmp/ktest_lustre_mainline_native_e8tfa4gk)
put_archive(/tmp/ktest-kernel.tar.gz): 7.39s
put_archive(/tmp/ktest-kernel.tar.gz): 8.44s
put_archive(/tmp/ktest-kernel.tar.gz): 9.30s
put_archive(/tmp/ktest-kernel.tar.gz): 8.51s
put_archive(/tmp/ktest-kernel.tar.gz): 10.36s
put_archive(/tmp/ktest-kernel.tar.gz): 8.80s
put_archive(/tmp/ktest-lustre.tar.gz): 7.95s
put_archive(/tmp/ktest-lustre.tar.gz): 8.40s
put_archive(/tmp/ktest-lustre.tar.gz): 10.99s
put_archive(/tmp/ktest-lustre.tar.gz): 8.28s
put_archive(/tmp/ktest-lustre.tar.gz): 8.15s
put_archive(/tmp/ktest-lustre.tar.gz): 7.90s
Job checkpatch completed: FAILED (return code = 1, log: /tmp/ktest-results/checkpatch.log)
Job lustre_u24 completed: SUCCESS (return code = 0, log: /tmp/ktest-results/lustre_u24.log)
Job lustre_al2023 completed: SUCCESS (return code = 0, log: /tmp/ktest-results/lustre_al2023.log)
get_archive(ktest-out): 4.38s
Job lustre_mainline_strict completed: FAILED (return code = 1, log: /tmp/ktest-results/lustre_mainline_strict.log)
get_archive(ktest-out): 2.36s
Job lustre_mainline_native completed: SUCCESS (return code = 0, log: /tmp/ktest-results/lustre_mainline_native.log)
Starting job: clang-tidy (ktest-out: /tmp/ktest_lustre_mainline_native_e8tfa4gk)
Starting job: cc-plugin (ktest-out: /tmp/ktest_lustre_mainline_native_e8tfa4gk)
Starting job: boot (ktest-out: /tmp/ktest_lustre_mainline_native_e8tfa4gk)
Starting job: llmount (ktest-out: /tmp/ktest_lustre_mainline_native_e8tfa4gk)
Starting job: llog-unit (ktest-out: /tmp/ktest_lustre_mainline_native_e8tfa4gk)
Starting job: mgs-setup (ktest-out: /tmp/ktest_lustre_mainline_native_e8tfa4gk)
Starting job: sanity-1 (ktest-out: /tmp/ktest_lustre_mainline_native_e8tfa4gk)
Starting job: sanity-2 (ktest-out: /tmp/ktest_lustre_mainline_native_e8tfa4gk)
Starting job: sanity-3 (ktest-out: /tmp/ktest_lustre_mainline_native_e8tfa4gk)
Starting job: sanity-4 (ktest-out: /tmp/ktest_lustre_mainline_native_e8tfa4gk)
get_archive(ktest-out): 10.07s
Job lustre_mainline completed: SUCCESS (return code = 0, log: /tmp/ktest-results/lustre_mainline.log)
put_archive(/tmp/ktest_lustre_mainline_native_e8tfa4gk.tar): 9.01s
put_archive(/tmp/ktest_lustre_mainline_native_e8tfa4gk.tar): 9.90s
put_archive(/tmp/ktest-kernel.tar.gz): 10.58s
put_archive(/tmp/ktest_lustre_mainline_native_e8tfa4gk.tar): 10.19s
put_archive(/tmp/ktest-lustre.tar.gz): 65.07s
put_archive(/tmp/ktest_lustre_mainline_native_e8tfa4gk.tar): 66.71s
put_archive(/tmp/ktest_lustre_mainline_native_e8tfa4gk.tar): 66.73s
put_archive(/tmp/ktest_lustre_mainline_native_e8tfa4gk.tar): 64.45s
put_archive(/tmp/ktest_lustre_mainline_native_e8tfa4gk.tar): 64.83s
put_archive(/tmp/ktest_lustre_mainline_native_e8tfa4gk.tar): 64.53s
put_archive(/tmp/ktest-kernel.tar.gz): 65.15s
put_archive(/tmp/ktest-lustre.tar.gz): 42.97s
put_archive(/tmp/ktest_lustre_mainline_native_e8tfa4gk.tar): 48.17s
Job boot completed: SUCCESS (return code = 0, log: /tmp/ktest-results/boot.log)
put_archive(/tmp/ktest_lustre_mainline_native_e8tfa4gk.tar): 10.70s
Job cc-plugin completed: FAILED (return code = 127, log: /tmp/ktest-results/cc-plugin.log)
Job clang-tidy completed: SUCCESS (return code = 0, log: /tmp/ktest-results/clang-tidy.log)
Job mgs-setup completed: SUCCESS (return code = 0, log: /tmp/ktest-results/mgs-setup.log)
Job llmount completed: SUCCESS (return code = 0, log: /tmp/ktest-results/llmount.log)
Job llog-unit completed: SUCCESS (return code = 0, log: /tmp/ktest-results/llog-unit.log)
Job sanity-1 completed: SUCCESS (return code = 0, log: /tmp/ktest-results/sanity-1.log)
Job sanity-4 completed: SUCCESS (return code = 0, log: /tmp/ktest-results/sanity-4.log)
Job sanity-3 completed: SUCCESS (return code = 0, log: /tmp/ktest-results/sanity-3.log)
Job sanity-2 completed: SUCCESS (return code = 0, log: /tmp/ktest-results/sanity-2.log)

============================================================
Final Results:
  checkpatch: FAILED (return code = 1, log: /tmp/ktest-results/checkpatch.log)
  lustre_u24: SUCCESS (return code = 0, log: /tmp/ktest-results/lustre_u24.log)
  lustre_al2023: SUCCESS (return code = 0, log: /tmp/ktest-results/lustre_al2023.log)
  lustre_mainline_strict: FAILED (return code = 1, log: /tmp/ktest-results/lustre_mainline_strict.log)
  lustre_mainline: SUCCESS (return code = 0, log: /tmp/ktest-results/lustre_mainline.log)
  lustre_mainline_native: SUCCESS (return code = 0, log: /tmp/ktest-results/lustre_mainline_native.log)
  clang-tidy: SUCCESS (return code = 0, log: /tmp/ktest-results/clang-tidy.log)
  cc-plugin: FAILED (return code = 127, log: /tmp/ktest-results/cc-plugin.log)
  boot: SUCCESS (return code = 0, log: /tmp/ktest-results/boot.log)
  llmount: SUCCESS (return code = 0, log: /tmp/ktest-results/llmount.log)
  llog-unit: SUCCESS (return code = 0, log: /tmp/ktest-results/llog-unit.log)
  mgs-setup: SUCCESS (return code = 0, log: /tmp/ktest-results/mgs-setup.log)
  sanity-1: SUCCESS (return code = 0, log: /tmp/ktest-results/sanity-1.log)
  sanity-2: SUCCESS (return code = 0, log: /tmp/ktest-results/sanity-2.log)
  sanity-3: SUCCESS (return code = 0, log: /tmp/ktest-results/sanity-3.log)
  sanity-4: SUCCESS (return code = 0, log: /tmp/ktest-results/sanity-4.log)