<html lang="en">
<body>
<pre>
Creating kernel tarball at /tmp/ktest-kernel.tar.gz...
Creating lustre tarball at /tmp/ktest-lustre.tar.gz...
Executing 16 jobs with dependencies
Jobs will start as soon as their dependencies are satisfied

Starting job: lustre_mainline_native (ktest-out: /tmp/ktest_lustre_mainline_native_iiyue9sr)
Starting job: lustre_u24 (ktest-out: /tmp/ktest_lustre_u24_4ktrp4f0)
Starting job: lustre_mainline (ktest-out: /tmp/ktest_lustre_mainline_bdp4_x7b)
Starting job: lustre_al2023 (ktest-out: /tmp/ktest_lustre_al2023_qe4gul9e)
Starting job: checkpatch (ktest-out: /tmp/ktest_checkpatch_vznwxckv)
Starting job: lustre_mainline_strict (ktest-out: /tmp/ktest_lustre_mainline_strict_p3x1nj7e)
put_archive(/tmp/ktest-kernel.tar.gz): 6.97s
put_archive(/tmp/ktest-kernel.tar.gz): 7.08s
put_archive(/tmp/ktest-kernel.tar.gz): 7.32s
put_archive(/tmp/ktest-kernel.tar.gz): 6.96s
put_archive(/tmp/ktest-kernel.tar.gz): 7.26s
put_archive(/tmp/ktest-kernel.tar.gz): 7.34s
put_archive(/tmp/ktest-lustre.tar.gz): 5.81s
put_archive(/tmp/ktest-lustre.tar.gz): 5.37s
put_archive(/tmp/ktest-lustre.tar.gz): 5.12s
put_archive(/tmp/ktest-lustre.tar.gz): 5.54s
put_archive(/tmp/ktest-lustre.tar.gz): 5.29s
put_archive(/tmp/ktest-lustre.tar.gz): 5.04s
Job checkpatch completed: FAILED (return code = 1, log: /tmp/ktest-results/checkpatch.log)
Job lustre_al2023 completed: SUCCESS (return code = 0, log: /tmp/ktest-results/lustre_al2023.log)
Job lustre_u24 completed: SUCCESS (return code = 0, log: /tmp/ktest-results/lustre_u24.log)
get_archive(ktest-out): 4.52s
Job lustre_mainline_strict completed: FAILED (return code = 1, log: /tmp/ktest-results/lustre_mainline_strict.log)
get_archive(ktest-out): 3.08s
get_archive(ktest-out): 3.16s
Job lustre_mainline_native completed: SUCCESS (return code = 0, log: /tmp/ktest-results/lustre_mainline_native.log)
Starting job: clang-tidy (ktest-out: /tmp/ktest_lustre_mainline_native_iiyue9sr)
Starting job: cc-plugin (ktest-out: /tmp/ktest_lustre_mainline_native_iiyue9sr)
Starting job: boot (ktest-out: /tmp/ktest_lustre_mainline_native_iiyue9sr)
Starting job: llmount (ktest-out: /tmp/ktest_lustre_mainline_native_iiyue9sr)
Starting job: llog-unit (ktest-out: /tmp/ktest_lustre_mainline_native_iiyue9sr)
Starting job: mgs-setup (ktest-out: /tmp/ktest_lustre_mainline_native_iiyue9sr)
Starting job: sanity-1 (ktest-out: /tmp/ktest_lustre_mainline_native_iiyue9sr)
Starting job: sanity-2 (ktest-out: /tmp/ktest_lustre_mainline_native_iiyue9sr)
Starting job: sanity-3 (ktest-out: /tmp/ktest_lustre_mainline_native_iiyue9sr)
Starting job: sanity-4 (ktest-out: /tmp/ktest_lustre_mainline_native_iiyue9sr)
Job lustre_mainline completed: SUCCESS (return code = 0, log: /tmp/ktest-results/lustre_mainline.log)
put_archive(/tmp/ktest_lustre_mainline_native_iiyue9sr.tar): 13.40s
put_archive(/tmp/ktest_lustre_mainline_native_iiyue9sr.tar): 32.46s
put_archive(/tmp/ktest_lustre_mainline_native_iiyue9sr.tar): 32.77s
put_archive(/tmp/ktest_lustre_mainline_native_iiyue9sr.tar): 32.81s
put_archive(/tmp/ktest-kernel.tar.gz): 33.44s
put_archive(/tmp/ktest_lustre_mainline_native_iiyue9sr.tar): 32.99s
put_archive(/tmp/ktest_lustre_mainline_native_iiyue9sr.tar): 32.60s
put_archive(/tmp/ktest_lustre_mainline_native_iiyue9sr.tar): 33.19s
put_archive(/tmp/ktest_lustre_mainline_native_iiyue9sr.tar): 33.04s
put_archive(/tmp/ktest-kernel.tar.gz): 33.37s
put_archive(/tmp/ktest-lustre.tar.gz): 58.37s
put_archive(/tmp/ktest-lustre.tar.gz): 58.20s
put_archive(/tmp/ktest_lustre_mainline_native_iiyue9sr.tar): 22.70s
put_archive(/tmp/ktest_lustre_mainline_native_iiyue9sr.tar): 22.71s
Job cc-plugin completed: FAILED (return code = 127, log: /tmp/ktest-results/cc-plugin.log)
Job boot completed: SUCCESS (return code = 0, log: /tmp/ktest-results/boot.log)
Job clang-tidy completed: SUCCESS (return code = 0, log: /tmp/ktest-results/clang-tidy.log)
Job mgs-setup completed: SUCCESS (return code = 0, log: /tmp/ktest-results/mgs-setup.log)
Job sanity-2 completed: SUCCESS (return code = 0, log: /tmp/ktest-results/sanity-2.log)
Job sanity-1 completed: SUCCESS (return code = 0, log: /tmp/ktest-results/sanity-1.log)
Job sanity-4 completed: SUCCESS (return code = 0, log: /tmp/ktest-results/sanity-4.log)
Job llmount completed: SUCCESS (return code = 0, log: /tmp/ktest-results/llmount.log)
Job llog-unit completed: SUCCESS (return code = 0, log: /tmp/ktest-results/llog-unit.log)
Job sanity-3 completed: SUCCESS (return code = 0, log: /tmp/ktest-results/sanity-3.log)

============================================================
Final Results:
  checkpatch: FAILED (return code = 1, log: /tmp/ktest-results/checkpatch.log)
  lustre_u24: SUCCESS (return code = 0, log: /tmp/ktest-results/lustre_u24.log)
  lustre_al2023: SUCCESS (return code = 0, log: /tmp/ktest-results/lustre_al2023.log)
  lustre_mainline_strict: FAILED (return code = 1, log: /tmp/ktest-results/lustre_mainline_strict.log)
  lustre_mainline: SUCCESS (return code = 0, log: /tmp/ktest-results/lustre_mainline.log)
  lustre_mainline_native: SUCCESS (return code = 0, log: /tmp/ktest-results/lustre_mainline_native.log)
  clang-tidy: SUCCESS (return code = 0, log: /tmp/ktest-results/clang-tidy.log)
  cc-plugin: FAILED (return code = 127, log: /tmp/ktest-results/cc-plugin.log)
  boot: SUCCESS (return code = 0, log: /tmp/ktest-results/boot.log)
  llmount: SUCCESS (return code = 0, log: /tmp/ktest-results/llmount.log)
  llog-unit: SUCCESS (return code = 0, log: /tmp/ktest-results/llog-unit.log)
  mgs-setup: SUCCESS (return code = 0, log: /tmp/ktest-results/mgs-setup.log)
  sanity-1: SUCCESS (return code = 0, log: /tmp/ktest-results/sanity-1.log)
  sanity-2: SUCCESS (return code = 0, log: /tmp/ktest-results/sanity-2.log)
  sanity-3: SUCCESS (return code = 0, log: /tmp/ktest-results/sanity-3.log)
  sanity-4: SUCCESS (return code = 0, log: /tmp/ktest-results/sanity-4.log)
</pre>
</body>
</html>
