Creating kernel tarball at /tmp/ktest-kernel.tar.gz...
Creating lustre tarball at /tmp/ktest-lustre.tar.gz...
Executing 16 jobs with dependencies
Jobs will start as soon as their dependencies are satisfied

Starting job: lustre_mainline_native (ktest-out: /tmp/ktest_lustre_mainline_native_ojk8846a)
Starting job: lustre_al2023 (ktest-out: /tmp/ktest_lustre_al2023_lv8_kabn)
Starting job: checkpatch (ktest-out: /tmp/ktest_checkpatch_v2ldm8y7)
Starting job: lustre_mainline (ktest-out: /tmp/ktest_lustre_mainline_ooku46kh)
Starting job: lustre_u24 (ktest-out: /tmp/ktest_lustre_u24_v2x8y80o)
Starting job: lustre_mainline_strict (ktest-out: /tmp/ktest_lustre_mainline_strict_dyn9ddr4)
put_archive(/tmp/ktest-kernel.tar.gz): 7.88s
put_archive(/tmp/ktest-kernel.tar.gz): 8.41s
put_archive(/tmp/ktest-kernel.tar.gz): 7.65s
put_archive(/tmp/ktest-kernel.tar.gz): 7.80s
put_archive(/tmp/ktest-kernel.tar.gz): 7.72s
put_archive(/tmp/ktest-kernel.tar.gz): 7.88s
put_archive(/tmp/ktest-lustre.tar.gz): 5.60s
put_archive(/tmp/ktest-lustre.tar.gz): 5.22s
put_archive(/tmp/ktest-lustre.tar.gz): 5.37s
put_archive(/tmp/ktest-lustre.tar.gz): 5.81s
put_archive(/tmp/ktest-lustre.tar.gz): 6.99s
put_archive(/tmp/ktest-lustre.tar.gz): 5.56s
Job checkpatch completed: SUCCESS (return code = 0, log: /tmp/ktest-results/checkpatch.log)
Job lustre_al2023 completed: SUCCESS (return code = 0, log: /tmp/ktest-results/lustre_al2023.log)
Job lustre_u24 completed: SUCCESS (return code = 0, log: /tmp/ktest-results/lustre_u24.log)
get_archive(ktest-out): 3.90s
Job lustre_mainline_strict completed: FAILED (return code = 1, log: /tmp/ktest-results/lustre_mainline_strict.log)
get_archive(ktest-out): 3.21s
get_archive(ktest-out): 3.36s
Job lustre_mainline_native completed: SUCCESS (return code = 0, log: /tmp/ktest-results/lustre_mainline_native.log)
Starting job: clang-tidy (ktest-out: /tmp/ktest_lustre_mainline_native_ojk8846a)
Starting job: cc-plugin (ktest-out: /tmp/ktest_lustre_mainline_native_ojk8846a)
Starting job: boot (ktest-out: /tmp/ktest_lustre_mainline_native_ojk8846a)
Starting job: llmount (ktest-out: /tmp/ktest_lustre_mainline_native_ojk8846a)
Starting job: llog-unit (ktest-out: /tmp/ktest_lustre_mainline_native_ojk8846a)
Starting job: mgs-setup (ktest-out: /tmp/ktest_lustre_mainline_native_ojk8846a)
Starting job: sanity-1 (ktest-out: /tmp/ktest_lustre_mainline_native_ojk8846a)
Starting job: sanity-2 (ktest-out: /tmp/ktest_lustre_mainline_native_ojk8846a)
Starting job: sanity-3 (ktest-out: /tmp/ktest_lustre_mainline_native_ojk8846a)
Starting job: sanity-4 (ktest-out: /tmp/ktest_lustre_mainline_native_ojk8846a)
Job lustre_mainline completed: SUCCESS (return code = 0, log: /tmp/ktest-results/lustre_mainline.log)
put_archive(/tmp/ktest-kernel.tar.gz): 15.08s
put_archive(/tmp/ktest_lustre_mainline_native_ojk8846a.tar): 15.72s
put_archive(/tmp/ktest_lustre_mainline_native_ojk8846a.tar): 15.59s
put_archive(/tmp/ktest-lustre.tar.gz): 50.58s
put_archive(/tmp/ktest_lustre_mainline_native_ojk8846a.tar): 50.40s
put_archive(/tmp/ktest_lustre_mainline_native_ojk8846a.tar): 49.88s
put_archive(/tmp/ktest-kernel.tar.gz): 50.11s
put_archive(/tmp/ktest_lustre_mainline_native_ojk8846a.tar): 50.38s
put_archive(/tmp/ktest_lustre_mainline_native_ojk8846a.tar): 50.24s
put_archive(/tmp/ktest-lustre.tar.gz): 51.74s
put_archive(/tmp/ktest_lustre_mainline_native_ojk8846a.tar): 51.98s
put_archive(/tmp/ktest_lustre_mainline_native_ojk8846a.tar): 51.21s
put_archive(/tmp/ktest_lustre_mainline_native_ojk8846a.tar): 51.47s
put_archive(/tmp/ktest_lustre_mainline_native_ojk8846a.tar): 29.52s
Job clang-tidy completed: SUCCESS (return code = 0, log: /tmp/ktest-results/clang-tidy.log)
Job boot completed: SUCCESS (return code = 0, log: /tmp/ktest-results/boot.log)
Job cc-plugin completed: FAILED (return code = 127, log: /tmp/ktest-results/cc-plugin.log)
Job sanity-1 completed: SUCCESS (return code = 0, log: /tmp/ktest-results/sanity-1.log)
Job sanity-4 completed: SUCCESS (return code = 0, log: /tmp/ktest-results/sanity-4.log)
Job mgs-setup completed: SUCCESS (return code = 0, log: /tmp/ktest-results/mgs-setup.log)
Job llmount completed: SUCCESS (return code = 0, log: /tmp/ktest-results/llmount.log)
Job sanity-2 completed: SUCCESS (return code = 0, log: /tmp/ktest-results/sanity-2.log)
Job llog-unit completed: SUCCESS (return code = 0, log: /tmp/ktest-results/llog-unit.log)
Job sanity-3 completed: SUCCESS (return code = 0, log: /tmp/ktest-results/sanity-3.log)

============================================================
Final Results:
  checkpatch: SUCCESS (return code = 0, log: /tmp/ktest-results/checkpatch.log)
  lustre_u24: SUCCESS (return code = 0, log: /tmp/ktest-results/lustre_u24.log)
  lustre_al2023: SUCCESS (return code = 0, log: /tmp/ktest-results/lustre_al2023.log)
  lustre_mainline_strict: FAILED (return code = 1, log: /tmp/ktest-results/lustre_mainline_strict.log)
  lustre_mainline: SUCCESS (return code = 0, log: /tmp/ktest-results/lustre_mainline.log)
  lustre_mainline_native: SUCCESS (return code = 0, log: /tmp/ktest-results/lustre_mainline_native.log)
  clang-tidy: SUCCESS (return code = 0, log: /tmp/ktest-results/clang-tidy.log)
  cc-plugin: FAILED (return code = 127, log: /tmp/ktest-results/cc-plugin.log)
  boot: SUCCESS (return code = 0, log: /tmp/ktest-results/boot.log)
  llmount: SUCCESS (return code = 0, log: /tmp/ktest-results/llmount.log)
  llog-unit: SUCCESS (return code = 0, log: /tmp/ktest-results/llog-unit.log)
  mgs-setup: SUCCESS (return code = 0, log: /tmp/ktest-results/mgs-setup.log)
  sanity-1: SUCCESS (return code = 0, log: /tmp/ktest-results/sanity-1.log)
  sanity-2: SUCCESS (return code = 0, log: /tmp/ktest-results/sanity-2.log)
  sanity-3: SUCCESS (return code = 0, log: /tmp/ktest-results/sanity-3.log)
  sanity-4: SUCCESS (return code = 0, log: /tmp/ktest-results/sanity-4.log)