<html lang="en">
<body>
<pre>
Creating kernel tarball at /tmp/ktest-kernel.tar.gz...
Creating lustre tarball at /tmp/ktest-lustre.tar.gz...
Executing 16 jobs with dependencies
Jobs will start as soon as their dependencies are satisfied

Starting job: lustre_al2023 (ktest-out: /tmp/ktest_lustre_al2023_ltkzbnks)
Starting job: checkpatch (ktest-out: /tmp/ktest_checkpatch_vj_sfs9w)
Starting job: lustre_mainline_native (ktest-out: /tmp/ktest_lustre_mainline_native_xkbi82ts)
Starting job: lustre_mainline_strict (ktest-out: /tmp/ktest_lustre_mainline_strict_qx8r5rpi)
Starting job: lustre_mainline (ktest-out: /tmp/ktest_lustre_mainline_3ls8b797)
Starting job: lustre_u24 (ktest-out: /tmp/ktest_lustre_u24_7821hjd4)
put_archive(/tmp/ktest-kernel.tar.gz): 7.00s
put_archive(/tmp/ktest-kernel.tar.gz): 7.27s
put_archive(/tmp/ktest-kernel.tar.gz): 7.31s
put_archive(/tmp/ktest-kernel.tar.gz): 7.41s
put_archive(/tmp/ktest-kernel.tar.gz): 7.56s
put_archive(/tmp/ktest-kernel.tar.gz): 7.35s
put_archive(/tmp/ktest-lustre.tar.gz): 1.21s
put_archive(/tmp/ktest-lustre.tar.gz): 0.53s
put_archive(/tmp/ktest-lustre.tar.gz): 0.95s
put_archive(/tmp/ktest-lustre.tar.gz): 0.68s
put_archive(/tmp/ktest-lustre.tar.gz): 0.41s
put_archive(/tmp/ktest-lustre.tar.gz): 0.84s
Job checkpatch completed: SUCCESS (return code = 0, log: /tmp/ktest-results/checkpatch.log)
Job lustre_al2023 completed: SUCCESS (return code = 0, log: /tmp/ktest-results/lustre_al2023.log)
Job lustre_u24 completed: SUCCESS (return code = 0, log: /tmp/ktest-results/lustre_u24.log)
get_archive(ktest-out): 3.48s
Job lustre_mainline_strict completed: FAILED (return code = 1, log: /tmp/ktest-results/lustre_mainline_strict.log)
get_archive(ktest-out): 2.59s
get_archive(ktest-out): 2.67s
Job lustre_mainline completed: SUCCESS (return code = 0, log: /tmp/ktest-results/lustre_mainline.log)
Job lustre_mainline_native completed: SUCCESS (return code = 0, log: /tmp/ktest-results/lustre_mainline_native.log)
Starting job: clang-tidy (ktest-out: /tmp/ktest_lustre_mainline_native_xkbi82ts)
Starting job: cc-plugin (ktest-out: /tmp/ktest_lustre_mainline_native_xkbi82ts)
Starting job: boot (ktest-out: /tmp/ktest_lustre_mainline_native_xkbi82ts)
Starting job: llmount (ktest-out: /tmp/ktest_lustre_mainline_native_xkbi82ts)
Starting job: llog-unit (ktest-out: /tmp/ktest_lustre_mainline_native_xkbi82ts)
Starting job: mgs-setup (ktest-out: /tmp/ktest_lustre_mainline_native_xkbi82ts)
Starting job: sanity-1 (ktest-out: /tmp/ktest_lustre_mainline_native_xkbi82ts)
Starting job: sanity-2 (ktest-out: /tmp/ktest_lustre_mainline_native_xkbi82ts)
Starting job: sanity-3 (ktest-out: /tmp/ktest_lustre_mainline_native_xkbi82ts)
Starting job: sanity-4 (ktest-out: /tmp/ktest_lustre_mainline_native_xkbi82ts)
put_archive(/tmp/ktest_lustre_mainline_native_xkbi82ts.tar): 4.25s
put_archive(/tmp/ktest_lustre_mainline_native_xkbi82ts.tar): 8.99s
put_archive(/tmp/ktest-kernel.tar.gz): 10.72s
put_archive(/tmp/ktest_lustre_mainline_native_xkbi82ts.tar): 9.94s
put_archive(/tmp/ktest_lustre_mainline_native_xkbi82ts.tar): 9.28s
put_archive(/tmp/ktest_lustre_mainline_native_xkbi82ts.tar): 9.25s
put_archive(/tmp/ktest_lustre_mainline_native_xkbi82ts.tar): 9.19s
put_archive(/tmp/ktest_lustre_mainline_native_xkbi82ts.tar): 9.13s
put_archive(/tmp/ktest_lustre_mainline_native_xkbi82ts.tar): 9.13s
put_archive(/tmp/ktest-kernel.tar.gz): 9.15s
put_archive(/tmp/ktest-lustre.tar.gz): 0.55s
put_archive(/tmp/ktest-lustre.tar.gz): 20.08s
put_archive(/tmp/ktest_lustre_mainline_native_xkbi82ts.tar): 19.65s
put_archive(/tmp/ktest_lustre_mainline_native_xkbi82ts.tar): 6.07s
Job cc-plugin completed: FAILED (return code = 127, log: /tmp/ktest-results/cc-plugin.log)
Job clang-tidy completed: SUCCESS (return code = 0, log: /tmp/ktest-results/clang-tidy.log)
Job boot completed: SUCCESS (return code = 0, log: /tmp/ktest-results/boot.log)
Job mgs-setup completed: SUCCESS (return code = 0, log: /tmp/ktest-results/mgs-setup.log)
Job sanity-1 completed: SUCCESS (return code = 0, log: /tmp/ktest-results/sanity-1.log)
Job sanity-2 completed: SUCCESS (return code = 0, log: /tmp/ktest-results/sanity-2.log)
Job sanity-3 completed: SUCCESS (return code = 0, log: /tmp/ktest-results/sanity-3.log)
Job llmount completed: SUCCESS (return code = 0, log: /tmp/ktest-results/llmount.log)
Job llog-unit completed: SUCCESS (return code = 0, log: /tmp/ktest-results/llog-unit.log)
Job sanity-4 completed: SUCCESS (return code = 0, log: /tmp/ktest-results/sanity-4.log)

============================================================
Final Results:
  checkpatch: SUCCESS (return code = 0, log: /tmp/ktest-results/checkpatch.log)
  lustre_u24: SUCCESS (return code = 0, log: /tmp/ktest-results/lustre_u24.log)
  lustre_al2023: SUCCESS (return code = 0, log: /tmp/ktest-results/lustre_al2023.log)
  lustre_mainline_strict: FAILED (return code = 1, log: /tmp/ktest-results/lustre_mainline_strict.log)
  lustre_mainline: SUCCESS (return code = 0, log: /tmp/ktest-results/lustre_mainline.log)
  lustre_mainline_native: SUCCESS (return code = 0, log: /tmp/ktest-results/lustre_mainline_native.log)
  clang-tidy: SUCCESS (return code = 0, log: /tmp/ktest-results/clang-tidy.log)
  cc-plugin: FAILED (return code = 127, log: /tmp/ktest-results/cc-plugin.log)
  boot: SUCCESS (return code = 0, log: /tmp/ktest-results/boot.log)
  llmount: SUCCESS (return code = 0, log: /tmp/ktest-results/llmount.log)
  llog-unit: SUCCESS (return code = 0, log: /tmp/ktest-results/llog-unit.log)
  mgs-setup: SUCCESS (return code = 0, log: /tmp/ktest-results/mgs-setup.log)
  sanity-1: SUCCESS (return code = 0, log: /tmp/ktest-results/sanity-1.log)
  sanity-2: SUCCESS (return code = 0, log: /tmp/ktest-results/sanity-2.log)
  sanity-3: SUCCESS (return code = 0, log: /tmp/ktest-results/sanity-3.log)
  sanity-4: SUCCESS (return code = 0, log: /tmp/ktest-results/sanity-4.log)
</pre>
</body>
</html>
