Creating kernel tarball at /tmp/ktest-kernel.tar.gz...
Creating lustre tarball at /tmp/ktest-lustre.tar.gz...
Executing 16 jobs with dependencies
Jobs will start as soon as their dependencies are satisfied

Starting job: lustre_u24 (ktest-out: /tmp/ktest_lustre_u24_qu4wz21j)
Starting job: checkpatch (ktest-out: /tmp/ktest_checkpatch_kwlafh9n)
Starting job: lustre_al2023 (ktest-out: /tmp/ktest_lustre_al2023_obu595c7)
Starting job: lustre_mainline (ktest-out: /tmp/ktest_lustre_mainline_u307005v)
Starting job: lustre_mainline_native (ktest-out: /tmp/ktest_lustre_mainline_native_z320f91u)
Starting job: lustre_mainline_strict (ktest-out: /tmp/ktest_lustre_mainline_strict_xuoygkxy)
put_archive(/tmp/ktest-kernel.tar.gz): 15.32s
put_archive(/tmp/ktest-kernel.tar.gz): 15.42s
put_archive(/tmp/ktest-kernel.tar.gz): 15.31s
put_archive(/tmp/ktest-kernel.tar.gz): 15.71s
put_archive(/tmp/ktest-kernel.tar.gz): 15.58s
put_archive(/tmp/ktest-kernel.tar.gz): 15.85s
put_archive(/tmp/ktest-lustre.tar.gz): 7.64s
put_archive(/tmp/ktest-lustre.tar.gz): 7.26s
put_archive(/tmp/ktest-lustre.tar.gz): 7.88s
put_archive(/tmp/ktest-lustre.tar.gz): 7.16s
put_archive(/tmp/ktest-lustre.tar.gz): 7.60s
put_archive(/tmp/ktest-lustre.tar.gz): 7.46s
Job checkpatch completed: SUCCESS (return code = 0, log: /tmp/ktest-results/checkpatch.log)
Job lustre_al2023 completed: SUCCESS (return code = 0, log: /tmp/ktest-results/lustre_al2023.log)
Job lustre_u24 completed: SUCCESS (return code = 0, log: /tmp/ktest-results/lustre_u24.log)
get_archive(ktest-out): 3.61s
Job lustre_mainline_strict completed: FAILED (return code = 1, log: /tmp/ktest-results/lustre_mainline_strict.log)
get_archive(ktest-out): 2.12s
Job lustre_mainline completed: SUCCESS (return code = 0, log: /tmp/ktest-results/lustre_mainline.log)
get_archive(ktest-out): 2.00s
Job lustre_mainline_native completed: SUCCESS (return code = 0, log: /tmp/ktest-results/lustre_mainline_native.log)
Starting job: clang-tidy (ktest-out: /tmp/ktest_lustre_mainline_native_z320f91u)
Starting job: cc-plugin (ktest-out: /tmp/ktest_lustre_mainline_native_z320f91u)
Starting job: boot (ktest-out: /tmp/ktest_lustre_mainline_native_z320f91u)
Starting job: llmount (ktest-out: /tmp/ktest_lustre_mainline_native_z320f91u)
Starting job: llog-unit (ktest-out: /tmp/ktest_lustre_mainline_native_z320f91u)
Starting job: mgs-setup (ktest-out: /tmp/ktest_lustre_mainline_native_z320f91u)
Starting job: sanity-1 (ktest-out: /tmp/ktest_lustre_mainline_native_z320f91u)
Starting job: sanity-2 (ktest-out: /tmp/ktest_lustre_mainline_native_z320f91u)
Starting job: sanity-3 (ktest-out: /tmp/ktest_lustre_mainline_native_z320f91u)
Starting job: sanity-4 (ktest-out: /tmp/ktest_lustre_mainline_native_z320f91u)
put_archive(/tmp/ktest_lustre_mainline_native_z320f91u.tar): 4.34s
put_archive(/tmp/ktest_lustre_mainline_native_z320f91u.tar): 8.71s
put_archive(/tmp/ktest-kernel.tar.gz): 9.91s
put_archive(/tmp/ktest-lustre.tar.gz): 53.48s
put_archive(/tmp/ktest_lustre_mainline_native_z320f91u.tar): 50.18s
put_archive(/tmp/ktest_lustre_mainline_native_z320f91u.tar): 50.05s
put_archive(/tmp/ktest_lustre_mainline_native_z320f91u.tar): 53.62s
put_archive(/tmp/ktest-kernel.tar.gz): 50.06s
put_archive(/tmp/ktest_lustre_mainline_native_z320f91u.tar): 49.92s
put_archive(/tmp/ktest_lustre_mainline_native_z320f91u.tar): 50.04s
put_archive(/tmp/ktest_lustre_mainline_native_z320f91u.tar): 50.10s
put_archive(/tmp/ktest-lustre.tar.gz): 84.00s
put_archive(/tmp/ktest_lustre_mainline_native_z320f91u.tar): 84.33s
put_archive(/tmp/ktest_lustre_mainline_native_z320f91u.tar): 6.16s
Job sanity-1 completed: SUCCESS (return code = 0, log: /tmp/ktest-results/sanity-1.log)
Job mgs-setup completed: SUCCESS (return code = 0, log: /tmp/ktest-results/mgs-setup.log)
Job cc-plugin completed: FAILED (return code = 127, log: /tmp/ktest-results/cc-plugin.log)
Job clang-tidy completed: SUCCESS (return code = 0, log: /tmp/ktest-results/clang-tidy.log)
Job boot completed: SUCCESS (return code = 0, log: /tmp/ktest-results/boot.log)
Job sanity-3 completed: SUCCESS (return code = 0, log: /tmp/ktest-results/sanity-3.log)
Job sanity-2 completed: SUCCESS (return code = 0, log: /tmp/ktest-results/sanity-2.log)
Job sanity-4 completed: SUCCESS (return code = 0, log: /tmp/ktest-results/sanity-4.log)
Job llog-unit completed: SUCCESS (return code = 0, log: /tmp/ktest-results/llog-unit.log)
Job llmount completed: SUCCESS (return code = 0, log: /tmp/ktest-results/llmount.log)

============================================================
Final Results:
  checkpatch: SUCCESS (return code = 0, log: /tmp/ktest-results/checkpatch.log)
  lustre_u24: SUCCESS (return code = 0, log: /tmp/ktest-results/lustre_u24.log)
  lustre_al2023: SUCCESS (return code = 0, log: /tmp/ktest-results/lustre_al2023.log)
  lustre_mainline_strict: FAILED (return code = 1, log: /tmp/ktest-results/lustre_mainline_strict.log)
  lustre_mainline: SUCCESS (return code = 0, log: /tmp/ktest-results/lustre_mainline.log)
  lustre_mainline_native: SUCCESS (return code = 0, log: /tmp/ktest-results/lustre_mainline_native.log)
  clang-tidy: SUCCESS (return code = 0, log: /tmp/ktest-results/clang-tidy.log)
  cc-plugin: FAILED (return code = 127, log: /tmp/ktest-results/cc-plugin.log)
  boot: SUCCESS (return code = 0, log: /tmp/ktest-results/boot.log)
  llmount: SUCCESS (return code = 0, log: /tmp/ktest-results/llmount.log)
  llog-unit: SUCCESS (return code = 0, log: /tmp/ktest-results/llog-unit.log)
  mgs-setup: SUCCESS (return code = 0, log: /tmp/ktest-results/mgs-setup.log)
  sanity-1: SUCCESS (return code = 0, log: /tmp/ktest-results/sanity-1.log)
  sanity-2: SUCCESS (return code = 0, log: /tmp/ktest-results/sanity-2.log)
  sanity-3: SUCCESS (return code = 0, log: /tmp/ktest-results/sanity-3.log)
  sanity-4: SUCCESS (return code = 0, log: /tmp/ktest-results/sanity-4.log)