<html lang="en">
<body>
<pre>
Creating kernel tarball at /tmp/ktest-kernel.tar.gz...
Creating lustre tarball at /tmp/ktest-lustre.tar.gz...
Executing 16 jobs with dependencies
Jobs will start as soon as their dependencies are satisfied

Starting job: lustre_u24 (ktest-out: /tmp/ktest_lustre_u24_hvfp9cw3)
Starting job: lustre_mainline_strict (ktest-out: /tmp/ktest_lustre_mainline_strict_pp2lehxf)
Starting job: lustre_mainline_native (ktest-out: /tmp/ktest_lustre_mainline_native_1esn_pew)
Starting job: checkpatch (ktest-out: /tmp/ktest_checkpatch_w9tysi8r)
Starting job: lustre_al2023 (ktest-out: /tmp/ktest_lustre_al2023_sp6g0cu3)
Starting job: lustre_mainline (ktest-out: /tmp/ktest_lustre_mainline_et4g6wex)
put_archive(/tmp/ktest-kernel.tar.gz): 9.42s
put_archive(/tmp/ktest-kernel.tar.gz): 9.89s
put_archive(/tmp/ktest-kernel.tar.gz): 9.87s
put_archive(/tmp/ktest-kernel.tar.gz): 9.96s
put_archive(/tmp/ktest-kernel.tar.gz): 10.04s
put_archive(/tmp/ktest-kernel.tar.gz): 10.25s
put_archive(/tmp/ktest-lustre.tar.gz): 1.89s
put_archive(/tmp/ktest-lustre.tar.gz): 1.46s
put_archive(/tmp/ktest-lustre.tar.gz): 1.33s
put_archive(/tmp/ktest-lustre.tar.gz): 1.20s
put_archive(/tmp/ktest-lustre.tar.gz): 1.08s
put_archive(/tmp/ktest-lustre.tar.gz): 1.65s
Job checkpatch completed: SUCCESS (return code = 0, log: /tmp/ktest-results/checkpatch.log)
Job lustre_al2023 completed: SUCCESS (return code = 0, log: /tmp/ktest-results/lustre_al2023.log)
Job lustre_u24 completed: SUCCESS (return code = 0, log: /tmp/ktest-results/lustre_u24.log)
get_archive(ktest-out): 2.94s
Job lustre_mainline_strict completed: FAILED (return code = 1, log: /tmp/ktest-results/lustre_mainline_strict.log)
get_archive(ktest-out): 2.52s
get_archive(ktest-out): 2.57s
Job lustre_mainline_native completed: SUCCESS (return code = 0, log: /tmp/ktest-results/lustre_mainline_native.log)
Starting job: clang-tidy (ktest-out: /tmp/ktest_lustre_mainline_native_1esn_pew)
Starting job: cc-plugin (ktest-out: /tmp/ktest_lustre_mainline_native_1esn_pew)
Starting job: boot (ktest-out: /tmp/ktest_lustre_mainline_native_1esn_pew)
Starting job: llmount (ktest-out: /tmp/ktest_lustre_mainline_native_1esn_pew)
Starting job: llog-unit (ktest-out: /tmp/ktest_lustre_mainline_native_1esn_pew)
Starting job: mgs-setup (ktest-out: /tmp/ktest_lustre_mainline_native_1esn_pew)
Starting job: sanity-1 (ktest-out: /tmp/ktest_lustre_mainline_native_1esn_pew)
Starting job: sanity-2 (ktest-out: /tmp/ktest_lustre_mainline_native_1esn_pew)
Starting job: sanity-3 (ktest-out: /tmp/ktest_lustre_mainline_native_1esn_pew)
Starting job: sanity-4 (ktest-out: /tmp/ktest_lustre_mainline_native_1esn_pew)
Job lustre_mainline completed: SUCCESS (return code = 0, log: /tmp/ktest-results/lustre_mainline.log)
put_archive(/tmp/ktest_lustre_mainline_native_1esn_pew.tar): 9.45s
put_archive(/tmp/ktest_lustre_mainline_native_1esn_pew.tar): 8.75s
put_archive(/tmp/ktest_lustre_mainline_native_1esn_pew.tar): 9.10s
put_archive(/tmp/ktest_lustre_mainline_native_1esn_pew.tar): 9.31s
put_archive(/tmp/ktest-kernel.tar.gz): 23.04s
put_archive(/tmp/ktest-lustre.tar.gz): 0.44s
put_archive(/tmp/ktest_lustre_mainline_native_1esn_pew.tar): 21.11s
put_archive(/tmp/ktest_lustre_mainline_native_1esn_pew.tar): 21.07s
put_archive(/tmp/ktest_lustre_mainline_native_1esn_pew.tar): 21.36s
put_archive(/tmp/ktest_lustre_mainline_native_1esn_pew.tar): 21.20s
put_archive(/tmp/ktest_lustre_mainline_native_1esn_pew.tar): 21.19s
put_archive(/tmp/ktest-kernel.tar.gz): 21.24s
put_archive(/tmp/ktest-lustre.tar.gz): 0.34s
Job cc-plugin completed: FAILED (return code = 127, log: /tmp/ktest-results/cc-plugin.log)
put_archive(/tmp/ktest_lustre_mainline_native_1esn_pew.tar): 27.59s
Job boot completed: SUCCESS (return code = 0, log: /tmp/ktest-results/boot.log)
Job clang-tidy completed: SUCCESS (return code = 0, log: /tmp/ktest-results/clang-tidy.log)
Job mgs-setup completed: SUCCESS (return code = 0, log: /tmp/ktest-results/mgs-setup.log)
Job sanity-4 completed: SUCCESS (return code = 0, log: /tmp/ktest-results/sanity-4.log)
Job sanity-2 completed: SUCCESS (return code = 0, log: /tmp/ktest-results/sanity-2.log)
Job sanity-3 completed: SUCCESS (return code = 0, log: /tmp/ktest-results/sanity-3.log)
Job sanity-1 completed: SUCCESS (return code = 0, log: /tmp/ktest-results/sanity-1.log)
Job llog-unit completed: SUCCESS (return code = 0, log: /tmp/ktest-results/llog-unit.log)
Job llmount completed: SUCCESS (return code = 0, log: /tmp/ktest-results/llmount.log)

============================================================
Final Results:
  checkpatch: SUCCESS (return code = 0, log: /tmp/ktest-results/checkpatch.log)
  lustre_u24: SUCCESS (return code = 0, log: /tmp/ktest-results/lustre_u24.log)
  lustre_al2023: SUCCESS (return code = 0, log: /tmp/ktest-results/lustre_al2023.log)
  lustre_mainline_strict: FAILED (return code = 1, log: /tmp/ktest-results/lustre_mainline_strict.log)
  lustre_mainline: SUCCESS (return code = 0, log: /tmp/ktest-results/lustre_mainline.log)
  lustre_mainline_native: SUCCESS (return code = 0, log: /tmp/ktest-results/lustre_mainline_native.log)
  clang-tidy: SUCCESS (return code = 0, log: /tmp/ktest-results/clang-tidy.log)
  cc-plugin: FAILED (return code = 127, log: /tmp/ktest-results/cc-plugin.log)
  boot: SUCCESS (return code = 0, log: /tmp/ktest-results/boot.log)
  llmount: SUCCESS (return code = 0, log: /tmp/ktest-results/llmount.log)
  llog-unit: SUCCESS (return code = 0, log: /tmp/ktest-results/llog-unit.log)
  mgs-setup: SUCCESS (return code = 0, log: /tmp/ktest-results/mgs-setup.log)
  sanity-1: SUCCESS (return code = 0, log: /tmp/ktest-results/sanity-1.log)
  sanity-2: SUCCESS (return code = 0, log: /tmp/ktest-results/sanity-2.log)
  sanity-3: SUCCESS (return code = 0, log: /tmp/ktest-results/sanity-3.log)
  sanity-4: SUCCESS (return code = 0, log: /tmp/ktest-results/sanity-4.log)
</pre>
</body>
</html>
