Creating kernel tarball at /tmp/ktest-kernel.tar.gz...
Creating lustre tarball at /tmp/ktest-lustre.tar.gz...
Executing 16 jobs with dependencies
Jobs will start as soon as their dependencies are satisfied

Starting job: lustre_al2023 (ktest-out: /tmp/ktest_lustre_al2023_fu_6kg9o)
Starting job: lustre_mainline_strict (ktest-out: /tmp/ktest_lustre_mainline_strict_xipi6odc)
Starting job: checkpatch (ktest-out: /tmp/ktest_checkpatch_c5deuv0q)
Starting job: lustre_mainline_native (ktest-out: /tmp/ktest_lustre_mainline_native_85k4y258)
Starting job: lustre_mainline (ktest-out: /tmp/ktest_lustre_mainline_020jddd9)
Starting job: lustre_u24 (ktest-out: /tmp/ktest_lustre_u24_mytks5rk)
put_archive(/tmp/ktest-kernel.tar.gz): 7.98s
put_archive(/tmp/ktest-kernel.tar.gz): 7.72s
put_archive(/tmp/ktest-kernel.tar.gz): 7.97s
put_archive(/tmp/ktest-kernel.tar.gz): 8.36s
put_archive(/tmp/ktest-kernel.tar.gz): 7.20s
put_archive(/tmp/ktest-kernel.tar.gz): 7.31s
put_archive(/tmp/ktest-lustre.tar.gz): 1.70s
put_archive(/tmp/ktest-lustre.tar.gz): 2.12s
put_archive(/tmp/ktest-lustre.tar.gz): 1.98s
put_archive(/tmp/ktest-lustre.tar.gz): 2.48s
put_archive(/tmp/ktest-lustre.tar.gz): 1.60s
put_archive(/tmp/ktest-lustre.tar.gz): 1.89s
Job checkpatch completed: FAILED (return code = 1, log: /tmp/ktest-results/checkpatch.log)
Job lustre_al2023 completed: SUCCESS (return code = 0, log: /tmp/ktest-results/lustre_al2023.log)
Job lustre_u24 completed: SUCCESS (return code = 0, log: /tmp/ktest-results/lustre_u24.log)
get_archive(ktest-out): 5.55s
Job lustre_mainline_strict completed: FAILED (return code = 1, log: /tmp/ktest-results/lustre_mainline_strict.log)
get_archive(ktest-out): 3.23s
get_archive(ktest-out): 3.50s
Job lustre_mainline completed: SUCCESS (return code = 0, log: /tmp/ktest-results/lustre_mainline.log)
Job lustre_mainline_native completed: SUCCESS (return code = 0, log: /tmp/ktest-results/lustre_mainline_native.log)
Starting job: clang-tidy (ktest-out: /tmp/ktest_lustre_mainline_native_85k4y258)
Starting job: cc-plugin (ktest-out: /tmp/ktest_lustre_mainline_native_85k4y258)
Starting job: boot (ktest-out: /tmp/ktest_lustre_mainline_native_85k4y258)
Starting job: llmount (ktest-out: /tmp/ktest_lustre_mainline_native_85k4y258)
Starting job: llog-unit (ktest-out: /tmp/ktest_lustre_mainline_native_85k4y258)
Starting job: mgs-setup (ktest-out: /tmp/ktest_lustre_mainline_native_85k4y258)
Starting job: sanity-1 (ktest-out: /tmp/ktest_lustre_mainline_native_85k4y258)
Starting job: sanity-2 (ktest-out: /tmp/ktest_lustre_mainline_native_85k4y258)
Starting job: sanity-3 (ktest-out: /tmp/ktest_lustre_mainline_native_85k4y258)
Starting job: sanity-4 (ktest-out: /tmp/ktest_lustre_mainline_native_85k4y258)
put_archive(/tmp/ktest_lustre_mainline_native_85k4y258.tar): 1.52s
put_archive(/tmp/ktest_lustre_mainline_native_85k4y258.tar): 4.40s
put_archive(/tmp/ktest_lustre_mainline_native_85k4y258.tar): 5.41s
put_archive(/tmp/ktest_lustre_mainline_native_85k4y258.tar): 6.18s
put_archive(/tmp/ktest_lustre_mainline_native_85k4y258.tar): 10.67s
put_archive(/tmp/ktest-kernel.tar.gz): 10.98s
put_archive(/tmp/ktest_lustre_mainline_native_85k4y258.tar): 10.80s
put_archive(/tmp/ktest_lustre_mainline_native_85k4y258.tar): 10.84s
put_archive(/tmp/ktest-kernel.tar.gz): 10.99s
put_archive(/tmp/ktest_lustre_mainline_native_85k4y258.tar): 11.25s
put_archive(/tmp/ktest-lustre.tar.gz): 15.38s
put_archive(/tmp/ktest-lustre.tar.gz): 15.59s
put_archive(/tmp/ktest_lustre_mainline_native_85k4y258.tar): 7.26s
put_archive(/tmp/ktest_lustre_mainline_native_85k4y258.tar): 7.27s
Job cc-plugin completed: FAILED (return code = 127, log: /tmp/ktest-results/cc-plugin.log)
Job mgs-setup completed: SUCCESS (return code = 0, log: /tmp/ktest-results/mgs-setup.log)
Job clang-tidy completed: SUCCESS (return code = 0, log: /tmp/ktest-results/clang-tidy.log)
Job boot completed: SUCCESS (return code = 0, log: /tmp/ktest-results/boot.log)
Job sanity-2 completed: SUCCESS (return code = 0, log: /tmp/ktest-results/sanity-2.log)
Job llog-unit completed: SUCCESS (return code = 0, log: /tmp/ktest-results/llog-unit.log)
Job sanity-3 completed: SUCCESS (return code = 0, log: /tmp/ktest-results/sanity-3.log)
Job sanity-1 completed: SUCCESS (return code = 0, log: /tmp/ktest-results/sanity-1.log)
Job sanity-4 completed: SUCCESS (return code = 0, log: /tmp/ktest-results/sanity-4.log)
Job llmount completed: SUCCESS (return code = 0, log: /tmp/ktest-results/llmount.log)

============================================================
Final Results:
  checkpatch: FAILED (return code = 1, log: /tmp/ktest-results/checkpatch.log)
  lustre_u24: SUCCESS (return code = 0, log: /tmp/ktest-results/lustre_u24.log)
  lustre_al2023: SUCCESS (return code = 0, log: /tmp/ktest-results/lustre_al2023.log)
  lustre_mainline_strict: FAILED (return code = 1, log: /tmp/ktest-results/lustre_mainline_strict.log)
  lustre_mainline: SUCCESS (return code = 0, log: /tmp/ktest-results/lustre_mainline.log)
  lustre_mainline_native: SUCCESS (return code = 0, log: /tmp/ktest-results/lustre_mainline_native.log)
  clang-tidy: SUCCESS (return code = 0, log: /tmp/ktest-results/clang-tidy.log)
  cc-plugin: FAILED (return code = 127, log: /tmp/ktest-results/cc-plugin.log)
  boot: SUCCESS (return code = 0, log: /tmp/ktest-results/boot.log)
  llmount: SUCCESS (return code = 0, log: /tmp/ktest-results/llmount.log)
  llog-unit: SUCCESS (return code = 0, log: /tmp/ktest-results/llog-unit.log)
  mgs-setup: SUCCESS (return code = 0, log: /tmp/ktest-results/mgs-setup.log)
  sanity-1: SUCCESS (return code = 0, log: /tmp/ktest-results/sanity-1.log)
  sanity-2: SUCCESS (return code = 0, log: /tmp/ktest-results/sanity-2.log)
  sanity-3: SUCCESS (return code = 0, log: /tmp/ktest-results/sanity-3.log)
  sanity-4: SUCCESS (return code = 0, log: /tmp/ktest-results/sanity-4.log)