<html lang="en">
<body>
<pre>
Creating kernel tarball at /tmp/ktest-kernel.tar.gz...
Creating lustre tarball at /tmp/ktest-lustre.tar.gz...
Creating ccplugin tarball at /tmp/ktest-ccplugin.tar.gz...
Executing 18 jobs with dependencies
Jobs will start as soon as their dependencies are satisfied

Starting job: lustre_al2023 (ktest-out: /tmp/ktest_lustre_al2023_4dit7eck)
Starting job: lustre_u24_userland (ktest-out: /tmp/ktest_lustre_u24_userland_asvsiev0)
Starting job: lustre_al2023_userland (ktest-out: /tmp/ktest_lustre_al2023_userland_b06e2fdv)
Starting job: lustre_mainline_native (ktest-out: /tmp/ktest_lustre_mainline_native_5lt9_enn)
Starting job: checkpatch (ktest-out: /tmp/ktest_checkpatch_bebrxo0d)
Starting job: lustre_u24 (ktest-out: /tmp/ktest_lustre_u24_z_2jhtqy)
Starting job: lustre_mainline_strict (ktest-out: /tmp/ktest_lustre_mainline_strict__29d2iyn)
Starting job: lustre_mainline (ktest-out: /tmp/ktest_lustre_mainline_nwq3mujs)
Error running job checkpatch: 500 Server Error: Internal Server Error (decode(): json: cannot unmarshal string into Go struct field SpecGenerator.command of type []string)
Job checkpatch completed: FAILED (return code = -1, log: /tmp/ktest-results/checkpatch.log)
put_archive(/tmp/ktest-kernel.tar.gz): 7.75s
put_archive(/tmp/ktest-kernel.tar.gz): 7.95s
put_archive(/tmp/ktest-kernel.tar.gz): 8.11s
put_archive(/tmp/ktest-kernel.tar.gz): 8.16s
put_archive(/tmp/ktest-kernel.tar.gz): 8.30s
put_archive(/tmp/ktest-kernel.tar.gz): 8.40s
put_archive(/tmp/ktest-kernel.tar.gz): 8.52s
put_archive(/tmp/ktest-lustre.tar.gz): 1.20s
put_archive(/tmp/ktest-lustre.tar.gz): 1.07s
put_archive(/tmp/ktest-lustre.tar.gz): 0.83s
put_archive(/tmp/ktest-lustre.tar.gz): 0.70s
put_archive(/tmp/ktest-lustre.tar.gz): 0.58s
put_archive(/tmp/ktest-lustre.tar.gz): 0.98s
put_archive(/tmp/ktest-lustre.tar.gz): 0.47s
Job lustre_u24_userland completed: FAILED (return code = 2, log: /tmp/ktest-results/lustre_u24_userland.log)
Job lustre_al2023_userland completed: FAILED (return code = 2, log: /tmp/ktest-results/lustre_al2023_userland.log)
Job lustre_al2023 completed: SUCCESS (return code = 0, log: /tmp/ktest-results/lustre_al2023.log)
Job lustre_u24 completed: SUCCESS (return code = 0, log: /tmp/ktest-results/lustre_u24.log)
get_archive(ktest-out): 4.93s
Job lustre_mainline_strict completed: FAILED (return code = 1, log: /tmp/ktest-results/lustre_mainline_strict.log)
get_archive(ktest-out): 2.39s
get_archive(ktest-out): 2.37s
Job lustre_mainline_native completed: SUCCESS (return code = 0, log: /tmp/ktest-results/lustre_mainline_native.log)
Starting job: clang-tidy (ktest-out: /tmp/ktest_lustre_mainline_native_5lt9_enn)
Starting job: cc-plugin (ktest-out: /tmp/ktest_lustre_mainline_native_5lt9_enn)
Starting job: boot (ktest-out: /tmp/ktest_lustre_mainline_native_5lt9_enn)
Starting job: llmount (ktest-out: /tmp/ktest_lustre_mainline_native_5lt9_enn)
Starting job: llog-unit (ktest-out: /tmp/ktest_lustre_mainline_native_5lt9_enn)
Starting job: mgs-setup (ktest-out: /tmp/ktest_lustre_mainline_native_5lt9_enn)
Starting job: sanity-1 (ktest-out: /tmp/ktest_lustre_mainline_native_5lt9_enn)
Starting job: sanity-2 (ktest-out: /tmp/ktest_lustre_mainline_native_5lt9_enn)
Starting job: sanity-3 (ktest-out: /tmp/ktest_lustre_mainline_native_5lt9_enn)
Starting job: sanity-4 (ktest-out: /tmp/ktest_lustre_mainline_native_5lt9_enn)
Error running job clang-tidy: 500 Server Error: Internal Server Error (decode(): json: cannot unmarshal string into Go struct field SpecGenerator.command of type []string)
Job clang-tidy completed: FAILED (return code = -1, log: /tmp/ktest-results/clang-tidy.log)
Error running job cc-plugin: 500 Server Error: Internal Server Error (decode(): json: cannot unmarshal string into Go struct field SpecGenerator.command of type []string)
Job cc-plugin completed: FAILED (return code = -1, log: /tmp/ktest-results/cc-plugin.log)
Job lustre_mainline completed: SUCCESS (return code = 0, log: /tmp/ktest-results/lustre_mainline.log)
put_archive(/tmp/ktest_lustre_mainline_native_5lt9_enn.tar): 5.36s
put_archive(/tmp/ktest_lustre_mainline_native_5lt9_enn.tar): 5.40s
put_archive(/tmp/ktest_lustre_mainline_native_5lt9_enn.tar): 5.34s
put_archive(/tmp/ktest_lustre_mainline_native_5lt9_enn.tar): 5.46s
put_archive(/tmp/ktest_lustre_mainline_native_5lt9_enn.tar): 5.42s
put_archive(/tmp/ktest_lustre_mainline_native_5lt9_enn.tar): 5.62s
put_archive(/tmp/ktest_lustre_mainline_native_5lt9_enn.tar): 5.58s
put_archive(/tmp/ktest_lustre_mainline_native_5lt9_enn.tar): 5.48s
Job boot completed: SUCCESS (return code = 0, log: /tmp/ktest-results/boot.log)
Job mgs-setup completed: SUCCESS (return code = 0, log: /tmp/ktest-results/mgs-setup.log)
Job sanity-3 completed: SUCCESS (return code = 0, log: /tmp/ktest-results/sanity-3.log)
Job sanity-1 completed: SUCCESS (return code = 0, log: /tmp/ktest-results/sanity-1.log)
Job sanity-2 completed: SUCCESS (return code = 0, log: /tmp/ktest-results/sanity-2.log)
Job sanity-4 completed: SUCCESS (return code = 0, log: /tmp/ktest-results/sanity-4.log)
Job llog-unit completed: SUCCESS (return code = 0, log: /tmp/ktest-results/llog-unit.log)
Job llmount completed: SUCCESS (return code = 0, log: /tmp/ktest-results/llmount.log)

============================================================
Final Results:
  checkpatch: FAILED (return code = -1, log: /tmp/ktest-results/checkpatch.log)
  lustre_u24: SUCCESS (return code = 0, log: /tmp/ktest-results/lustre_u24.log)
  lustre_al2023: SUCCESS (return code = 0, log: /tmp/ktest-results/lustre_al2023.log)
  lustre_u24_userland: FAILED (return code = 2, log: /tmp/ktest-results/lustre_u24_userland.log)
  lustre_al2023_userland: FAILED (return code = 2, log: /tmp/ktest-results/lustre_al2023_userland.log)
  lustre_mainline_strict: FAILED (return code = 1, log: /tmp/ktest-results/lustre_mainline_strict.log)
  lustre_mainline: SUCCESS (return code = 0, log: /tmp/ktest-results/lustre_mainline.log)
  lustre_mainline_native: SUCCESS (return code = 0, log: /tmp/ktest-results/lustre_mainline_native.log)
  clang-tidy: FAILED (return code = -1, log: /tmp/ktest-results/clang-tidy.log)
  cc-plugin: FAILED (return code = -1, log: /tmp/ktest-results/cc-plugin.log)
  boot: SUCCESS (return code = 0, log: /tmp/ktest-results/boot.log)
  llmount: SUCCESS (return code = 0, log: /tmp/ktest-results/llmount.log)
  llog-unit: SUCCESS (return code = 0, log: /tmp/ktest-results/llog-unit.log)
  mgs-setup: SUCCESS (return code = 0, log: /tmp/ktest-results/mgs-setup.log)
  sanity-1: SUCCESS (return code = 0, log: /tmp/ktest-results/sanity-1.log)
  sanity-2: SUCCESS (return code = 0, log: /tmp/ktest-results/sanity-2.log)
  sanity-3: SUCCESS (return code = 0, log: /tmp/ktest-results/sanity-3.log)
  sanity-4: SUCCESS (return code = 0, log: /tmp/ktest-results/sanity-4.log)
</pre>
</body>
</html>
