Creating kernel tarball at /tmp/ktest-kernel.tar.gz...
Creating lustre tarball at /tmp/ktest-lustre.tar.gz...
Executing 16 jobs with dependencies
Jobs will start as soon as their dependencies are satisfied

Starting job: checkpatch (ktest-out: /tmp/ktest_checkpatch_f3bid0mh)
Starting job: lustre_al2023 (ktest-out: /tmp/ktest_lustre_al2023_eww7dzpf)
Starting job: lustre_mainline_strict (ktest-out: /tmp/ktest_lustre_mainline_strict_mmh4nqsc)
Starting job: lustre_mainline (ktest-out: /tmp/ktest_lustre_mainline__468hle7)
Starting job: lustre_u24 (ktest-out: /tmp/ktest_lustre_u24_k9m22j3f)
Starting job: lustre_mainline_native (ktest-out: /tmp/ktest_lustre_mainline_native_zgi7la9g)
put_archive(/tmp/ktest-kernel.tar.gz): 7.88s
put_archive(/tmp/ktest-kernel.tar.gz): 13.12s
put_archive(/tmp/ktest-kernel.tar.gz): 13.46s
put_archive(/tmp/ktest-kernel.tar.gz): 13.95s
put_archive(/tmp/ktest-kernel.tar.gz): 13.37s
put_archive(/tmp/ktest-kernel.tar.gz): 13.42s
put_archive(/tmp/ktest-lustre.tar.gz): 8.38s
put_archive(/tmp/ktest-lustre.tar.gz): 8.55s
put_archive(/tmp/ktest-lustre.tar.gz): 8.27s
put_archive(/tmp/ktest-lustre.tar.gz): 8.73s
put_archive(/tmp/ktest-lustre.tar.gz): 8.90s
put_archive(/tmp/ktest-lustre.tar.gz): 14.85s
Job checkpatch completed: SUCCESS (return code = 0, log: /tmp/ktest-results/checkpatch.log)
Job lustre_al2023 completed: SUCCESS (return code = 0, log: /tmp/ktest-results/lustre_al2023.log)
Job lustre_u24 completed: SUCCESS (return code = 0, log: /tmp/ktest-results/lustre_u24.log)
get_archive(ktest-out): 4.61s
Job lustre_mainline_strict completed: FAILED (return code = 1, log: /tmp/ktest-results/lustre_mainline_strict.log)
get_archive(ktest-out): 3.40s
get_archive(ktest-out): 3.33s
Job lustre_mainline_native completed: SUCCESS (return code = 0, log: /tmp/ktest-results/lustre_mainline_native.log)
Starting job: clang-tidy (ktest-out: /tmp/ktest_lustre_mainline_native_zgi7la9g)
Starting job: cc-plugin (ktest-out: /tmp/ktest_lustre_mainline_native_zgi7la9g)
Starting job: boot (ktest-out: /tmp/ktest_lustre_mainline_native_zgi7la9g)
Starting job: llmount (ktest-out: /tmp/ktest_lustre_mainline_native_zgi7la9g)
Starting job: llog-unit (ktest-out: /tmp/ktest_lustre_mainline_native_zgi7la9g)
Starting job: mgs-setup (ktest-out: /tmp/ktest_lustre_mainline_native_zgi7la9g)
Starting job: sanity-1 (ktest-out: /tmp/ktest_lustre_mainline_native_zgi7la9g)
Starting job: sanity-2 (ktest-out: /tmp/ktest_lustre_mainline_native_zgi7la9g)
Starting job: sanity-3 (ktest-out: /tmp/ktest_lustre_mainline_native_zgi7la9g)
Starting job: sanity-4 (ktest-out: /tmp/ktest_lustre_mainline_native_zgi7la9g)
Job lustre_mainline completed: SUCCESS (return code = 0, log: /tmp/ktest-results/lustre_mainline.log)
put_archive(/tmp/ktest_lustre_mainline_native_zgi7la9g.tar): 6.88s
put_archive(/tmp/ktest_lustre_mainline_native_zgi7la9g.tar): 9.73s
put_archive(/tmp/ktest-kernel.tar.gz): 9.80s
put_archive(/tmp/ktest-lustre.tar.gz): 62.69s
put_archive(/tmp/ktest_lustre_mainline_native_zgi7la9g.tar): 62.21s
put_archive(/tmp/ktest_lustre_mainline_native_zgi7la9g.tar): 62.40s
put_archive(/tmp/ktest_lustre_mainline_native_zgi7la9g.tar): 62.23s
put_archive(/tmp/ktest-kernel.tar.gz): 62.55s
put_archive(/tmp/ktest_lustre_mainline_native_zgi7la9g.tar): 62.79s
put_archive(/tmp/ktest_lustre_mainline_native_zgi7la9g.tar): 62.44s
put_archive(/tmp/ktest_lustre_mainline_native_zgi7la9g.tar): 62.50s
put_archive(/tmp/ktest-lustre.tar.gz): 71.20s
put_archive(/tmp/ktest_lustre_mainline_native_zgi7la9g.tar): 71.52s
put_archive(/tmp/ktest_lustre_mainline_native_zgi7la9g.tar): 10.07s
Job cc-plugin completed: FAILED (return code = 127, log: /tmp/ktest-results/cc-plugin.log)
Job sanity-4 completed: SUCCESS (return code = 0, log: /tmp/ktest-results/sanity-4.log)
Job sanity-2 completed: SUCCESS (return code = 0, log: /tmp/ktest-results/sanity-2.log)
Job boot completed: SUCCESS (return code = 0, log: /tmp/ktest-results/boot.log)
Job clang-tidy completed: SUCCESS (return code = 0, log: /tmp/ktest-results/clang-tidy.log)
Job mgs-setup completed: SUCCESS (return code = 0, log: /tmp/ktest-results/mgs-setup.log)
Job sanity-3 completed: SUCCESS (return code = 0, log: /tmp/ktest-results/sanity-3.log)
Job sanity-1 completed: SUCCESS (return code = 0, log: /tmp/ktest-results/sanity-1.log)
Job llog-unit completed: SUCCESS (return code = 0, log: /tmp/ktest-results/llog-unit.log)
Job llmount completed: SUCCESS (return code = 0, log: /tmp/ktest-results/llmount.log)

============================================================
Final Results:
  checkpatch: SUCCESS (return code = 0, log: /tmp/ktest-results/checkpatch.log)
  lustre_u24: SUCCESS (return code = 0, log: /tmp/ktest-results/lustre_u24.log)
  lustre_al2023: SUCCESS (return code = 0, log: /tmp/ktest-results/lustre_al2023.log)
  lustre_mainline_strict: FAILED (return code = 1, log: /tmp/ktest-results/lustre_mainline_strict.log)
  lustre_mainline: SUCCESS (return code = 0, log: /tmp/ktest-results/lustre_mainline.log)
  lustre_mainline_native: SUCCESS (return code = 0, log: /tmp/ktest-results/lustre_mainline_native.log)
  clang-tidy: SUCCESS (return code = 0, log: /tmp/ktest-results/clang-tidy.log)
  cc-plugin: FAILED (return code = 127, log: /tmp/ktest-results/cc-plugin.log)
  boot: SUCCESS (return code = 0, log: /tmp/ktest-results/boot.log)
  llmount: SUCCESS (return code = 0, log: /tmp/ktest-results/llmount.log)
  llog-unit: SUCCESS (return code = 0, log: /tmp/ktest-results/llog-unit.log)
  mgs-setup: SUCCESS (return code = 0, log: /tmp/ktest-results/mgs-setup.log)
  sanity-1: SUCCESS (return code = 0, log: /tmp/ktest-results/sanity-1.log)
  sanity-2: SUCCESS (return code = 0, log: /tmp/ktest-results/sanity-2.log)
  sanity-3: SUCCESS (return code = 0, log: /tmp/ktest-results/sanity-3.log)
  sanity-4: SUCCESS (return code = 0, log: /tmp/ktest-results/sanity-4.log)