Creating kernel tarball at /tmp/ktest-kernel.tar.gz...
Creating lustre tarball at /tmp/ktest-lustre.tar.gz...
Executing 16 jobs with dependencies
Jobs will start as soon as their dependencies are satisfied

Starting job: checkpatch (ktest-out: /tmp/ktest_checkpatch_nel8cf95)
Starting job: lustre_mainline (ktest-out: /tmp/ktest_lustre_mainline_528xuei5)
Starting job: lustre_u24 (ktest-out: /tmp/ktest_lustre_u24_r811jnab)
Starting job: lustre_al2023 (ktest-out: /tmp/ktest_lustre_al2023_8xjnthyr)
Starting job: lustre_mainline_strict (ktest-out: /tmp/ktest_lustre_mainline_strict_dbqnqsv7)
Starting job: lustre_mainline_native (ktest-out: /tmp/ktest_lustre_mainline_native_ykhepk55)
put_archive(/tmp/ktest-kernel.tar.gz): 7.30s
put_archive(/tmp/ktest-kernel.tar.gz): 11.86s
put_archive(/tmp/ktest-kernel.tar.gz): 11.15s
put_archive(/tmp/ktest-kernel.tar.gz): 11.61s
put_archive(/tmp/ktest-kernel.tar.gz): 11.46s
put_archive(/tmp/ktest-kernel.tar.gz): 12.94s
put_archive(/tmp/ktest-lustre.tar.gz): 13.03s
put_archive(/tmp/ktest-lustre.tar.gz): 7.63s
put_archive(/tmp/ktest-lustre.tar.gz): 7.81s
put_archive(/tmp/ktest-lustre.tar.gz): 7.52s
put_archive(/tmp/ktest-lustre.tar.gz): 7.99s
put_archive(/tmp/ktest-lustre.tar.gz): 7.41s
Job checkpatch completed: SUCCESS (return code = 0, log: /tmp/ktest-results/checkpatch.log)
Job lustre_u24 completed: SUCCESS (return code = 0, log: /tmp/ktest-results/lustre_u24.log)
Job lustre_al2023 completed: SUCCESS (return code = 0, log: /tmp/ktest-results/lustre_al2023.log)
get_archive(ktest-out): 3.34s
Job lustre_mainline_strict completed: FAILED (return code = 1, log: /tmp/ktest-results/lustre_mainline_strict.log)
get_archive(ktest-out): 3.05s
get_archive(ktest-out): 3.31s
Job lustre_mainline completed: SUCCESS (return code = 0, log: /tmp/ktest-results/lustre_mainline.log)
Job lustre_mainline_native completed: SUCCESS (return code = 0, log: /tmp/ktest-results/lustre_mainline_native.log)
Starting job: clang-tidy (ktest-out: /tmp/ktest_lustre_mainline_native_ykhepk55)
Starting job: cc-plugin (ktest-out: /tmp/ktest_lustre_mainline_native_ykhepk55)
Starting job: boot (ktest-out: /tmp/ktest_lustre_mainline_native_ykhepk55)
Starting job: llmount (ktest-out: /tmp/ktest_lustre_mainline_native_ykhepk55)
Starting job: llog-unit (ktest-out: /tmp/ktest_lustre_mainline_native_ykhepk55)
Starting job: mgs-setup (ktest-out: /tmp/ktest_lustre_mainline_native_ykhepk55)
Starting job: sanity-1 (ktest-out: /tmp/ktest_lustre_mainline_native_ykhepk55)
Starting job: sanity-2 (ktest-out: /tmp/ktest_lustre_mainline_native_ykhepk55)
Starting job: sanity-3 (ktest-out: /tmp/ktest_lustre_mainline_native_ykhepk55)
Starting job: sanity-4 (ktest-out: /tmp/ktest_lustre_mainline_native_ykhepk55)
put_archive(/tmp/ktest-kernel.tar.gz): 13.08s
put_archive(/tmp/ktest_lustre_mainline_native_ykhepk55.tar): 11.88s
put_archive(/tmp/ktest-lustre.tar.gz): 16.03s
put_archive(/tmp/ktest_lustre_mainline_native_ykhepk55.tar): 16.73s
put_archive(/tmp/ktest_lustre_mainline_native_ykhepk55.tar): 53.12s
put_archive(/tmp/ktest_lustre_mainline_native_ykhepk55.tar): 51.81s
put_archive(/tmp/ktest_lustre_mainline_native_ykhepk55.tar): 51.56s
put_archive(/tmp/ktest_lustre_mainline_native_ykhepk55.tar): 51.61s
put_archive(/tmp/ktest_lustre_mainline_native_ykhepk55.tar): 53.21s
put_archive(/tmp/ktest_lustre_mainline_native_ykhepk55.tar): 51.66s
put_archive(/tmp/ktest_lustre_mainline_native_ykhepk55.tar): 53.26s
put_archive(/tmp/ktest-kernel.tar.gz): 51.89s
put_archive(/tmp/ktest-lustre.tar.gz): 17.96s
Job boot completed: SUCCESS (return code = 0, log: /tmp/ktest-results/boot.log)
put_archive(/tmp/ktest_lustre_mainline_native_ykhepk55.tar): 44.61s
Job cc-plugin completed: FAILED (return code = 127, log: /tmp/ktest-results/cc-plugin.log)
Job clang-tidy completed: SUCCESS (return code = 0, log: /tmp/ktest-results/clang-tidy.log)
Job sanity-4 completed: SUCCESS (return code = 0, log: /tmp/ktest-results/sanity-4.log)
Job mgs-setup completed: SUCCESS (return code = 0, log: /tmp/ktest-results/mgs-setup.log)
Job sanity-3 completed: SUCCESS (return code = 0, log: /tmp/ktest-results/sanity-3.log)
Job sanity-1 completed: SUCCESS (return code = 0, log: /tmp/ktest-results/sanity-1.log)
Job llmount completed: SUCCESS (return code = 0, log: /tmp/ktest-results/llmount.log)
Job llog-unit completed: SUCCESS (return code = 0, log: /tmp/ktest-results/llog-unit.log)
Job sanity-2 completed: SUCCESS (return code = 0, log: /tmp/ktest-results/sanity-2.log)

============================================================
Final Results:
  checkpatch: SUCCESS (return code = 0, log: /tmp/ktest-results/checkpatch.log)
  lustre_u24: SUCCESS (return code = 0, log: /tmp/ktest-results/lustre_u24.log)
  lustre_al2023: SUCCESS (return code = 0, log: /tmp/ktest-results/lustre_al2023.log)
  lustre_mainline_strict: FAILED (return code = 1, log: /tmp/ktest-results/lustre_mainline_strict.log)
  lustre_mainline: SUCCESS (return code = 0, log: /tmp/ktest-results/lustre_mainline.log)
  lustre_mainline_native: SUCCESS (return code = 0, log: /tmp/ktest-results/lustre_mainline_native.log)
  clang-tidy: SUCCESS (return code = 0, log: /tmp/ktest-results/clang-tidy.log)
  cc-plugin: FAILED (return code = 127, log: /tmp/ktest-results/cc-plugin.log)
  boot: SUCCESS (return code = 0, log: /tmp/ktest-results/boot.log)
  llmount: SUCCESS (return code = 0, log: /tmp/ktest-results/llmount.log)
  llog-unit: SUCCESS (return code = 0, log: /tmp/ktest-results/llog-unit.log)
  mgs-setup: SUCCESS (return code = 0, log: /tmp/ktest-results/mgs-setup.log)
  sanity-1: SUCCESS (return code = 0, log: /tmp/ktest-results/sanity-1.log)
  sanity-2: SUCCESS (return code = 0, log: /tmp/ktest-results/sanity-2.log)
  sanity-3: SUCCESS (return code = 0, log: /tmp/ktest-results/sanity-3.log)
  sanity-4: SUCCESS (return code = 0, log: /tmp/ktest-results/sanity-4.log)