Creating kernel tarball at /tmp/ktest-kernel.tar.gz...
Creating lustre tarball at /tmp/ktest-lustre.tar.gz...
Executing 16 jobs with dependencies
Jobs will start as soon as their dependencies are satisfied

Starting job: lustre_mainline (ktest-out: /tmp/ktest_lustre_mainline_1egonhpt)
Starting job: lustre_u24 (ktest-out: /tmp/ktest_lustre_u24_4c4jfth8)
Starting job: lustre_al2023 (ktest-out: /tmp/ktest_lustre_al2023_40wgxlpy)
Starting job: checkpatch (ktest-out: /tmp/ktest_checkpatch_lq9k7v72)
Starting job: lustre_mainline_native (ktest-out: /tmp/ktest_lustre_mainline_native_6dn2ctt7)
Starting job: lustre_mainline_strict (ktest-out: /tmp/ktest_lustre_mainline_strict_cefppaoc)
put_archive(/tmp/ktest-kernel.tar.gz): 6.44s
put_archive(/tmp/ktest-kernel.tar.gz): 6.41s
put_archive(/tmp/ktest-kernel.tar.gz): 6.07s
put_archive(/tmp/ktest-kernel.tar.gz): 6.71s
put_archive(/tmp/ktest-kernel.tar.gz): 6.95s
put_archive(/tmp/ktest-kernel.tar.gz): 6.42s
put_archive(/tmp/ktest-lustre.tar.gz): 5.35s
put_archive(/tmp/ktest-lustre.tar.gz): 5.71s
put_archive(/tmp/ktest-lustre.tar.gz): 6.82s
put_archive(/tmp/ktest-lustre.tar.gz): 5.47s
put_archive(/tmp/ktest-lustre.tar.gz): 5.36s
put_archive(/tmp/ktest-lustre.tar.gz): 5.11s
Job checkpatch completed: FAILED (return code = 1, log: /tmp/ktest-results/checkpatch.log)
Job lustre_u24 completed: SUCCESS (return code = 0, log: /tmp/ktest-results/lustre_u24.log)
Job lustre_al2023 completed: SUCCESS (return code = 0, log: /tmp/ktest-results/lustre_al2023.log)
get_archive(ktest-out): 4.51s
Job lustre_mainline_strict completed: FAILED (return code = 1, log: /tmp/ktest-results/lustre_mainline_strict.log)
get_archive(ktest-out): 3.26s
get_archive(ktest-out): 3.26s
Job lustre_mainline_native completed: SUCCESS (return code = 0, log: /tmp/ktest-results/lustre_mainline_native.log)
Starting job: clang-tidy (ktest-out: /tmp/ktest_lustre_mainline_native_6dn2ctt7)
Starting job: cc-plugin (ktest-out: /tmp/ktest_lustre_mainline_native_6dn2ctt7)
Starting job: boot (ktest-out: /tmp/ktest_lustre_mainline_native_6dn2ctt7)
Starting job: llmount (ktest-out: /tmp/ktest_lustre_mainline_native_6dn2ctt7)
Starting job: llog-unit (ktest-out: /tmp/ktest_lustre_mainline_native_6dn2ctt7)
Starting job: mgs-setup (ktest-out: /tmp/ktest_lustre_mainline_native_6dn2ctt7)
Starting job: sanity-1 (ktest-out: /tmp/ktest_lustre_mainline_native_6dn2ctt7)
Starting job: sanity-2 (ktest-out: /tmp/ktest_lustre_mainline_native_6dn2ctt7)
Starting job: sanity-3 (ktest-out: /tmp/ktest_lustre_mainline_native_6dn2ctt7)
Starting job: sanity-4 (ktest-out: /tmp/ktest_lustre_mainline_native_6dn2ctt7)
Job lustre_mainline completed: SUCCESS (return code = 0, log: /tmp/ktest-results/lustre_mainline.log)
put_archive(/tmp/ktest-kernel.tar.gz): 8.68s
put_archive(/tmp/ktest_lustre_mainline_native_6dn2ctt7.tar): 9.14s
put_archive(/tmp/ktest-lustre.tar.gz): 13.54s
put_archive(/tmp/ktest_lustre_mainline_native_6dn2ctt7.tar): 13.57s
put_archive(/tmp/ktest_lustre_mainline_native_6dn2ctt7.tar): 13.16s
put_archive(/tmp/ktest-kernel.tar.gz): 13.13s
put_archive(/tmp/ktest-lustre.tar.gz): 57.75s
put_archive(/tmp/ktest_lustre_mainline_native_6dn2ctt7.tar): 58.00s
put_archive(/tmp/ktest_lustre_mainline_native_6dn2ctt7.tar): 58.06s
put_archive(/tmp/ktest_lustre_mainline_native_6dn2ctt7.tar): 58.08s
put_archive(/tmp/ktest_lustre_mainline_native_6dn2ctt7.tar): 57.51s
put_archive(/tmp/ktest_lustre_mainline_native_6dn2ctt7.tar): 57.40s
put_archive(/tmp/ktest_lustre_mainline_native_6dn2ctt7.tar): 57.45s
put_archive(/tmp/ktest_lustre_mainline_native_6dn2ctt7.tar): 61.96s
Job cc-plugin completed: FAILED (return code = 127, log: /tmp/ktest-results/cc-plugin.log)
Job mgs-setup completed: SUCCESS (return code = 0, log: /tmp/ktest-results/mgs-setup.log)
Job boot completed: SUCCESS (return code = 0, log: /tmp/ktest-results/boot.log)
Job clang-tidy completed: SUCCESS (return code = 0, log: /tmp/ktest-results/clang-tidy.log)
Job sanity-2 completed: SUCCESS (return code = 0, log: /tmp/ktest-results/sanity-2.log)
Job sanity-1 completed: SUCCESS (return code = 0, log: /tmp/ktest-results/sanity-1.log)
Job sanity-3 completed: SUCCESS (return code = 0, log: /tmp/ktest-results/sanity-3.log)
Job llmount completed: SUCCESS (return code = 0, log: /tmp/ktest-results/llmount.log)
Job llog-unit completed: SUCCESS (return code = 0, log: /tmp/ktest-results/llog-unit.log)
Job sanity-4 completed: SUCCESS (return code = 0, log: /tmp/ktest-results/sanity-4.log)

============================================================
Final Results:
  checkpatch: FAILED (return code = 1, log: /tmp/ktest-results/checkpatch.log)
  lustre_u24: SUCCESS (return code = 0, log: /tmp/ktest-results/lustre_u24.log)
  lustre_al2023: SUCCESS (return code = 0, log: /tmp/ktest-results/lustre_al2023.log)
  lustre_mainline_strict: FAILED (return code = 1, log: /tmp/ktest-results/lustre_mainline_strict.log)
  lustre_mainline: SUCCESS (return code = 0, log: /tmp/ktest-results/lustre_mainline.log)
  lustre_mainline_native: SUCCESS (return code = 0, log: /tmp/ktest-results/lustre_mainline_native.log)
  clang-tidy: SUCCESS (return code = 0, log: /tmp/ktest-results/clang-tidy.log)
  cc-plugin: FAILED (return code = 127, log: /tmp/ktest-results/cc-plugin.log)
  boot: SUCCESS (return code = 0, log: /tmp/ktest-results/boot.log)
  llmount: SUCCESS (return code = 0, log: /tmp/ktest-results/llmount.log)
  llog-unit: SUCCESS (return code = 0, log: /tmp/ktest-results/llog-unit.log)
  mgs-setup: SUCCESS (return code = 0, log: /tmp/ktest-results/mgs-setup.log)
  sanity-1: SUCCESS (return code = 0, log: /tmp/ktest-results/sanity-1.log)
  sanity-2: SUCCESS (return code = 0, log: /tmp/ktest-results/sanity-2.log)
  sanity-3: SUCCESS (return code = 0, log: /tmp/ktest-results/sanity-3.log)
  sanity-4: SUCCESS (return code = 0, log: /tmp/ktest-results/sanity-4.log)