Creating kernel tarball at /tmp/ktest-kernel.tar.gz...
Creating lustre tarball at /tmp/ktest-lustre.tar.gz...
Executing 16 jobs with dependencies
Jobs will start as soon as their dependencies are satisfied

Starting job: checkpatch (ktest-out: /tmp/ktest_checkpatch_92v2_rob)
Starting job: lustre_mainline_strict (ktest-out: /tmp/ktest_lustre_mainline_strict_px4c51ql)
Starting job: lustre_mainline_native (ktest-out: /tmp/ktest_lustre_mainline_native_sls6ok9z)
Starting job: lustre_al2023 (ktest-out: /tmp/ktest_lustre_al2023_i3tbrfnt)
Starting job: lustre_mainline (ktest-out: /tmp/ktest_lustre_mainline_z3gntn5u)
Starting job: lustre_u24 (ktest-out: /tmp/ktest_lustre_u24_wxfdkvqb)
put_archive(/tmp/ktest-kernel.tar.gz): 11.04s
put_archive(/tmp/ktest-kernel.tar.gz): 13.37s
put_archive(/tmp/ktest-kernel.tar.gz): 13.51s
put_archive(/tmp/ktest-kernel.tar.gz): 13.64s
put_archive(/tmp/ktest-kernel.tar.gz): 14.34s
put_archive(/tmp/ktest-kernel.tar.gz): 14.31s
put_archive(/tmp/ktest-lustre.tar.gz): 9.01s
put_archive(/tmp/ktest-lustre.tar.gz): 12.21s
put_archive(/tmp/ktest-lustre.tar.gz): 9.21s
put_archive(/tmp/ktest-lustre.tar.gz): 8.80s
put_archive(/tmp/ktest-lustre.tar.gz): 8.95s
put_archive(/tmp/ktest-lustre.tar.gz): 8.68s
Job checkpatch completed: FAILED (return code = 1, log: /tmp/ktest-results/checkpatch.log)
Job lustre_al2023 completed: SUCCESS (return code = 0, log: /tmp/ktest-results/lustre_al2023.log)
Job lustre_u24 completed: SUCCESS (return code = 0, log: /tmp/ktest-results/lustre_u24.log)
get_archive(ktest-out): 3.52s
Job lustre_mainline_strict completed: FAILED (return code = 1, log: /tmp/ktest-results/lustre_mainline_strict.log)
get_archive(ktest-out): 3.12s
get_archive(ktest-out): 3.22s
Job lustre_mainline completed: SUCCESS (return code = 0, log: /tmp/ktest-results/lustre_mainline.log)
Job lustre_mainline_native completed: SUCCESS (return code = 0, log: /tmp/ktest-results/lustre_mainline_native.log)
Starting job: clang-tidy (ktest-out: /tmp/ktest_lustre_mainline_native_sls6ok9z)
Starting job: cc-plugin (ktest-out: /tmp/ktest_lustre_mainline_native_sls6ok9z)
Starting job: boot (ktest-out: /tmp/ktest_lustre_mainline_native_sls6ok9z)
Starting job: llmount (ktest-out: /tmp/ktest_lustre_mainline_native_sls6ok9z)
Starting job: llog-unit (ktest-out: /tmp/ktest_lustre_mainline_native_sls6ok9z)
Starting job: mgs-setup (ktest-out: /tmp/ktest_lustre_mainline_native_sls6ok9z)
Starting job: sanity-1 (ktest-out: /tmp/ktest_lustre_mainline_native_sls6ok9z)
Starting job: sanity-2 (ktest-out: /tmp/ktest_lustre_mainline_native_sls6ok9z)
Starting job: sanity-3 (ktest-out: /tmp/ktest_lustre_mainline_native_sls6ok9z)
Starting job: sanity-4 (ktest-out: /tmp/ktest_lustre_mainline_native_sls6ok9z)
put_archive(/tmp/ktest_lustre_mainline_native_sls6ok9z.tar): 5.68s
put_archive(/tmp/ktest_lustre_mainline_native_sls6ok9z.tar): 11.00s
put_archive(/tmp/ktest-kernel.tar.gz): 71.18s
put_archive(/tmp/ktest_lustre_mainline_native_sls6ok9z.tar): 65.38s
put_archive(/tmp/ktest_lustre_mainline_native_sls6ok9z.tar): 65.04s
put_archive(/tmp/ktest_lustre_mainline_native_sls6ok9z.tar): 65.95s
put_archive(/tmp/ktest_lustre_mainline_native_sls6ok9z.tar): 65.33s
put_archive(/tmp/ktest_lustre_mainline_native_sls6ok9z.tar): 65.75s
put_archive(/tmp/ktest_lustre_mainline_native_sls6ok9z.tar): 65.36s
put_archive(/tmp/ktest-kernel.tar.gz): 65.48s
put_archive(/tmp/ktest-lustre.tar.gz): 57.10s
put_archive(/tmp/ktest-lustre.tar.gz): 60.87s
put_archive(/tmp/ktest_lustre_mainline_native_sls6ok9z.tar): 15.32s
put_archive(/tmp/ktest_lustre_mainline_native_sls6ok9z.tar): 19.49s
Job cc-plugin completed: FAILED (return code = 127, log: /tmp/ktest-results/cc-plugin.log)
Job sanity-4 completed: SUCCESS (return code = 0, log: /tmp/ktest-results/sanity-4.log)
Job llog-unit completed: SUCCESS (return code = 0, log: /tmp/ktest-results/llog-unit.log)
Job boot completed: SUCCESS (return code = 0, log: /tmp/ktest-results/boot.log)
Job clang-tidy completed: SUCCESS (return code = 0, log: /tmp/ktest-results/clang-tidy.log)
Job mgs-setup completed: SUCCESS (return code = 0, log: /tmp/ktest-results/mgs-setup.log)
Job sanity-3 completed: SUCCESS (return code = 0, log: /tmp/ktest-results/sanity-3.log)
Job sanity-2 completed: SUCCESS (return code = 0, log: /tmp/ktest-results/sanity-2.log)
Job llmount completed: SUCCESS (return code = 0, log: /tmp/ktest-results/llmount.log)
Job sanity-1 completed: SUCCESS (return code = 0, log: /tmp/ktest-results/sanity-1.log)

============================================================
Final Results:
  checkpatch: FAILED (return code = 1, log: /tmp/ktest-results/checkpatch.log)
  lustre_u24: SUCCESS (return code = 0, log: /tmp/ktest-results/lustre_u24.log)
  lustre_al2023: SUCCESS (return code = 0, log: /tmp/ktest-results/lustre_al2023.log)
  lustre_mainline_strict: FAILED (return code = 1, log: /tmp/ktest-results/lustre_mainline_strict.log)
  lustre_mainline: SUCCESS (return code = 0, log: /tmp/ktest-results/lustre_mainline.log)
  lustre_mainline_native: SUCCESS (return code = 0, log: /tmp/ktest-results/lustre_mainline_native.log)
  clang-tidy: SUCCESS (return code = 0, log: /tmp/ktest-results/clang-tidy.log)
  cc-plugin: FAILED (return code = 127, log: /tmp/ktest-results/cc-plugin.log)
  boot: SUCCESS (return code = 0, log: /tmp/ktest-results/boot.log)
  llmount: SUCCESS (return code = 0, log: /tmp/ktest-results/llmount.log)
  llog-unit: SUCCESS (return code = 0, log: /tmp/ktest-results/llog-unit.log)
  mgs-setup: SUCCESS (return code = 0, log: /tmp/ktest-results/mgs-setup.log)
  sanity-1: SUCCESS (return code = 0, log: /tmp/ktest-results/sanity-1.log)
  sanity-2: SUCCESS (return code = 0, log: /tmp/ktest-results/sanity-2.log)
  sanity-3: SUCCESS (return code = 0, log: /tmp/ktest-results/sanity-3.log)
  sanity-4: SUCCESS (return code = 0, log: /tmp/ktest-results/sanity-4.log)