Creating kernel tarball at /tmp/ktest-kernel.tar.gz...
Creating lustre tarball at /tmp/ktest-lustre.tar.gz...
Executing 16 jobs with dependencies
Jobs will start as soon as their dependencies are satisfied

Starting job: lustre_al2023 (ktest-out: /tmp/ktest_lustre_al2023_21m0s4k8)
Starting job: checkpatch (ktest-out: /tmp/ktest_checkpatch_dy83i2su)
Starting job: lustre_mainline_strict (ktest-out: /tmp/ktest_lustre_mainline_strict_lzz_12gr)
Starting job: lustre_mainline_native (ktest-out: /tmp/ktest_lustre_mainline_native_agbtq_p9)
Starting job: lustre_mainline (ktest-out: /tmp/ktest_lustre_mainline_913fn8he)
Starting job: lustre_u24 (ktest-out: /tmp/ktest_lustre_u24_23z79ge4)
put_archive(/tmp/ktest-kernel.tar.gz): 6.53s
put_archive(/tmp/ktest-kernel.tar.gz): 6.63s
put_archive(/tmp/ktest-kernel.tar.gz): 5.98s
put_archive(/tmp/ktest-kernel.tar.gz): 6.15s
put_archive(/tmp/ktest-kernel.tar.gz): 7.07s
put_archive(/tmp/ktest-kernel.tar.gz): 7.08s
put_archive(/tmp/ktest-lustre.tar.gz): 3.74s
put_archive(/tmp/ktest-lustre.tar.gz): 4.04s
put_archive(/tmp/ktest-lustre.tar.gz): 3.51s
put_archive(/tmp/ktest-lustre.tar.gz): 3.67s
put_archive(/tmp/ktest-lustre.tar.gz): 4.83s
put_archive(/tmp/ktest-lustre.tar.gz): 3.98s
Job checkpatch completed: SUCCESS (return code = 0, log: /tmp/ktest-results/checkpatch.log)
Job lustre_al2023 completed: SUCCESS (return code = 0, log: /tmp/ktest-results/lustre_al2023.log)
Job lustre_u24 completed: SUCCESS (return code = 0, log: /tmp/ktest-results/lustre_u24.log)
get_archive(ktest-out): 3.43s
Job lustre_mainline_strict completed: FAILED (return code = 1, log: /tmp/ktest-results/lustre_mainline_strict.log)
get_archive(ktest-out): 3.11s
get_archive(ktest-out): 3.11s
Job lustre_mainline completed: SUCCESS (return code = 0, log: /tmp/ktest-results/lustre_mainline.log)
Job lustre_mainline_native completed: SUCCESS (return code = 0, log: /tmp/ktest-results/lustre_mainline_native.log)
Starting job: clang-tidy (ktest-out: /tmp/ktest_lustre_mainline_native_agbtq_p9)
Starting job: cc-plugin (ktest-out: /tmp/ktest_lustre_mainline_native_agbtq_p9)
Starting job: boot (ktest-out: /tmp/ktest_lustre_mainline_native_agbtq_p9)
Starting job: llmount (ktest-out: /tmp/ktest_lustre_mainline_native_agbtq_p9)
Starting job: llog-unit (ktest-out: /tmp/ktest_lustre_mainline_native_agbtq_p9)
Starting job: mgs-setup (ktest-out: /tmp/ktest_lustre_mainline_native_agbtq_p9)
Starting job: sanity-1 (ktest-out: /tmp/ktest_lustre_mainline_native_agbtq_p9)
Starting job: sanity-2 (ktest-out: /tmp/ktest_lustre_mainline_native_agbtq_p9)
Starting job: sanity-3 (ktest-out: /tmp/ktest_lustre_mainline_native_agbtq_p9)
Starting job: sanity-4 (ktest-out: /tmp/ktest_lustre_mainline_native_agbtq_p9)
put_archive(/tmp/ktest_lustre_mainline_native_agbtq_p9.tar): 10.61s
put_archive(/tmp/ktest_lustre_mainline_native_agbtq_p9.tar): 10.57s
put_archive(/tmp/ktest_lustre_mainline_native_agbtq_p9.tar): 66.94s
put_archive(/tmp/ktest_lustre_mainline_native_agbtq_p9.tar): 66.71s
put_archive(/tmp/ktest_lustre_mainline_native_agbtq_p9.tar): 66.82s
put_archive(/tmp/ktest_lustre_mainline_native_agbtq_p9.tar): 66.65s
put_archive(/tmp/ktest-kernel.tar.gz): 66.72s
put_archive(/tmp/ktest_lustre_mainline_native_agbtq_p9.tar): 67.30s
put_archive(/tmp/ktest_lustre_mainline_native_agbtq_p9.tar): 67.47s
put_archive(/tmp/ktest-kernel.tar.gz): 67.02s
put_archive(/tmp/ktest-lustre.tar.gz): 60.43s
put_archive(/tmp/ktest-lustre.tar.gz): 60.27s
put_archive(/tmp/ktest_lustre_mainline_native_agbtq_p9.tar): 12.93s
put_archive(/tmp/ktest_lustre_mainline_native_agbtq_p9.tar): 12.92s
Job sanity-4 completed: SUCCESS (return code = 0, log: /tmp/ktest-results/sanity-4.log)
Job cc-plugin completed: FAILED (return code = 127, log: /tmp/ktest-results/cc-plugin.log)
Job sanity-2 completed: SUCCESS (return code = 0, log: /tmp/ktest-results/sanity-2.log)
Job clang-tidy completed: SUCCESS (return code = 0, log: /tmp/ktest-results/clang-tidy.log)
Job boot completed: SUCCESS (return code = 0, log: /tmp/ktest-results/boot.log)
Job mgs-setup completed: SUCCESS (return code = 0, log: /tmp/ktest-results/mgs-setup.log)
Job sanity-3 completed: SUCCESS (return code = 0, log: /tmp/ktest-results/sanity-3.log)
Job llog-unit completed: SUCCESS (return code = 0, log: /tmp/ktest-results/llog-unit.log)
Job sanity-1 completed: SUCCESS (return code = 0, log: /tmp/ktest-results/sanity-1.log)
Job llmount completed: SUCCESS (return code = 0, log: /tmp/ktest-results/llmount.log)

============================================================
Final Results:
  checkpatch: SUCCESS (return code = 0, log: /tmp/ktest-results/checkpatch.log)
  lustre_u24: SUCCESS (return code = 0, log: /tmp/ktest-results/lustre_u24.log)
  lustre_al2023: SUCCESS (return code = 0, log: /tmp/ktest-results/lustre_al2023.log)
  lustre_mainline_strict: FAILED (return code = 1, log: /tmp/ktest-results/lustre_mainline_strict.log)
  lustre_mainline: SUCCESS (return code = 0, log: /tmp/ktest-results/lustre_mainline.log)
  lustre_mainline_native: SUCCESS (return code = 0, log: /tmp/ktest-results/lustre_mainline_native.log)
  clang-tidy: SUCCESS (return code = 0, log: /tmp/ktest-results/clang-tidy.log)
  cc-plugin: FAILED (return code = 127, log: /tmp/ktest-results/cc-plugin.log)
  boot: SUCCESS (return code = 0, log: /tmp/ktest-results/boot.log)
  llmount: SUCCESS (return code = 0, log: /tmp/ktest-results/llmount.log)
  llog-unit: SUCCESS (return code = 0, log: /tmp/ktest-results/llog-unit.log)
  mgs-setup: SUCCESS (return code = 0, log: /tmp/ktest-results/mgs-setup.log)
  sanity-1: SUCCESS (return code = 0, log: /tmp/ktest-results/sanity-1.log)
  sanity-2: SUCCESS (return code = 0, log: /tmp/ktest-results/sanity-2.log)
  sanity-3: SUCCESS (return code = 0, log: /tmp/ktest-results/sanity-3.log)
  sanity-4: SUCCESS (return code = 0, log: /tmp/ktest-results/sanity-4.log)