Creating kernel tarball at /tmp/ktest-kernel.tar.gz...
Creating lustre tarball at /tmp/ktest-lustre.tar.gz...
Executing 16 jobs with dependencies
Jobs will start as soon as their dependencies are satisfied

Starting job: checkpatch (ktest-out: /tmp/ktest_checkpatch_x3tbv4nb)
Starting job: lustre_al2023 (ktest-out: /tmp/ktest_lustre_al2023_4yqzzje4)
Starting job: lustre_mainline_native (ktest-out: /tmp/ktest_lustre_mainline_native_073_oq6_)
Starting job: lustre_u24 (ktest-out: /tmp/ktest_lustre_u24_hc637xti)
Starting job: lustre_mainline (ktest-out: /tmp/ktest_lustre_mainline_6ohinbhy)
Starting job: lustre_mainline_strict (ktest-out: /tmp/ktest_lustre_mainline_strict_o6b4ssd2)
put_archive(/tmp/ktest-kernel.tar.gz): 6.98s
put_archive(/tmp/ktest-kernel.tar.gz): 7.65s
put_archive(/tmp/ktest-kernel.tar.gz): 6.69s
put_archive(/tmp/ktest-kernel.tar.gz): 7.97s
put_archive(/tmp/ktest-kernel.tar.gz): 7.72s
put_archive(/tmp/ktest-kernel.tar.gz): 7.70s
put_archive(/tmp/ktest-lustre.tar.gz): 5.34s
put_archive(/tmp/ktest-lustre.tar.gz): 5.63s
put_archive(/tmp/ktest-lustre.tar.gz): 5.51s
put_archive(/tmp/ktest-lustre.tar.gz): 5.80s
put_archive(/tmp/ktest-lustre.tar.gz): 5.25s
put_archive(/tmp/ktest-lustre.tar.gz): 6.28s
Job checkpatch completed: FAILED (return code = 1, log: /tmp/ktest-results/checkpatch.log)
Job lustre_al2023 completed: SUCCESS (return code = 0, log: /tmp/ktest-results/lustre_al2023.log)
Job lustre_u24 completed: SUCCESS (return code = 0, log: /tmp/ktest-results/lustre_u24.log)
get_archive(ktest-out): 3.44s
Job lustre_mainline_strict completed: FAILED (return code = 1, log: /tmp/ktest-results/lustre_mainline_strict.log)
get_archive(ktest-out): 3.22s
get_archive(ktest-out): 3.22s
Job lustre_mainline_native completed: SUCCESS (return code = 0, log: /tmp/ktest-results/lustre_mainline_native.log)
Starting job: clang-tidy (ktest-out: /tmp/ktest_lustre_mainline_native_073_oq6_)
Starting job: cc-plugin (ktest-out: /tmp/ktest_lustre_mainline_native_073_oq6_)
Starting job: boot (ktest-out: /tmp/ktest_lustre_mainline_native_073_oq6_)
Starting job: llmount (ktest-out: /tmp/ktest_lustre_mainline_native_073_oq6_)
Starting job: llog-unit (ktest-out: /tmp/ktest_lustre_mainline_native_073_oq6_)
Starting job: mgs-setup (ktest-out: /tmp/ktest_lustre_mainline_native_073_oq6_)
Starting job: sanity-1 (ktest-out: /tmp/ktest_lustre_mainline_native_073_oq6_)
Starting job: sanity-2 (ktest-out: /tmp/ktest_lustre_mainline_native_073_oq6_)
Starting job: sanity-3 (ktest-out: /tmp/ktest_lustre_mainline_native_073_oq6_)
Starting job: sanity-4 (ktest-out: /tmp/ktest_lustre_mainline_native_073_oq6_)
Job lustre_mainline completed: SUCCESS (return code = 0, log: /tmp/ktest-results/lustre_mainline.log)
put_archive(/tmp/ktest_lustre_mainline_native_073_oq6_.tar): 5.09s
put_archive(/tmp/ktest_lustre_mainline_native_073_oq6_.tar): 5.30s
put_archive(/tmp/ktest_lustre_mainline_native_073_oq6_.tar): 62.01s
put_archive(/tmp/ktest_lustre_mainline_native_073_oq6_.tar): 61.81s
put_archive(/tmp/ktest_lustre_mainline_native_073_oq6_.tar): 61.64s
put_archive(/tmp/ktest-kernel.tar.gz): 62.10s
put_archive(/tmp/ktest_lustre_mainline_native_073_oq6_.tar): 61.97s
put_archive(/tmp/ktest-kernel.tar.gz): 62.14s
put_archive(/tmp/ktest-lustre.tar.gz): 66.98s
put_archive(/tmp/ktest-lustre.tar.gz): 67.21s
put_archive(/tmp/ktest_lustre_mainline_native_073_oq6_.tar): 66.38s
put_archive(/tmp/ktest_lustre_mainline_native_073_oq6_.tar): 66.88s
put_archive(/tmp/ktest_lustre_mainline_native_073_oq6_.tar): 25.38s
put_archive(/tmp/ktest_lustre_mainline_native_073_oq6_.tar): 25.40s
Job sanity-3 completed: SUCCESS (return code = 0, log: /tmp/ktest-results/sanity-3.log)
Job sanity-2 completed: SUCCESS (return code = 0, log: /tmp/ktest-results/sanity-2.log)
Job boot completed: SUCCESS (return code = 0, log: /tmp/ktest-results/boot.log)
Job cc-plugin completed: FAILED (return code = 127, log: /tmp/ktest-results/cc-plugin.log)
Job clang-tidy completed: SUCCESS (return code = 0, log: /tmp/ktest-results/clang-tidy.log)
Job mgs-setup completed: SUCCESS (return code = 0, log: /tmp/ktest-results/mgs-setup.log)
Job sanity-4 completed: SUCCESS (return code = 0, log: /tmp/ktest-results/sanity-4.log)
Job sanity-1 completed: SUCCESS (return code = 0, log: /tmp/ktest-results/sanity-1.log)
Job llog-unit completed: SUCCESS (return code = 0, log: /tmp/ktest-results/llog-unit.log)
Job llmount completed: SUCCESS (return code = 0, log: /tmp/ktest-results/llmount.log)

============================================================
Final Results:
  checkpatch: FAILED (return code = 1, log: /tmp/ktest-results/checkpatch.log)
  lustre_u24: SUCCESS (return code = 0, log: /tmp/ktest-results/lustre_u24.log)
  lustre_al2023: SUCCESS (return code = 0, log: /tmp/ktest-results/lustre_al2023.log)
  lustre_mainline_strict: FAILED (return code = 1, log: /tmp/ktest-results/lustre_mainline_strict.log)
  lustre_mainline: SUCCESS (return code = 0, log: /tmp/ktest-results/lustre_mainline.log)
  lustre_mainline_native: SUCCESS (return code = 0, log: /tmp/ktest-results/lustre_mainline_native.log)
  clang-tidy: SUCCESS (return code = 0, log: /tmp/ktest-results/clang-tidy.log)
  cc-plugin: FAILED (return code = 127, log: /tmp/ktest-results/cc-plugin.log)
  boot: SUCCESS (return code = 0, log: /tmp/ktest-results/boot.log)
  llmount: SUCCESS (return code = 0, log: /tmp/ktest-results/llmount.log)
  llog-unit: SUCCESS (return code = 0, log: /tmp/ktest-results/llog-unit.log)
  mgs-setup: SUCCESS (return code = 0, log: /tmp/ktest-results/mgs-setup.log)
  sanity-1: SUCCESS (return code = 0, log: /tmp/ktest-results/sanity-1.log)
  sanity-2: SUCCESS (return code = 0, log: /tmp/ktest-results/sanity-2.log)
  sanity-3: SUCCESS (return code = 0, log: /tmp/ktest-results/sanity-3.log)
  sanity-4: SUCCESS (return code = 0, log: /tmp/ktest-results/sanity-4.log)