Creating kernel tarball at /tmp/ktest-kernel.tar.gz...
Creating lustre tarball at /tmp/ktest-lustre.tar.gz...
Executing 16 jobs with dependencies
Jobs will start as soon as their dependencies are satisfied

Starting job: checkpatch (ktest-out: /tmp/ktest_checkpatch_enyf36g6)
Starting job: lustre_u24 (ktest-out: /tmp/ktest_lustre_u24_dfwg1n_u)
Starting job: lustre_mainline (ktest-out: /tmp/ktest_lustre_mainline_ztp4mkah)
Starting job: lustre_mainline_strict (ktest-out: /tmp/ktest_lustre_mainline_strict_dblt7cos)
Starting job: lustre_al2023 (ktest-out: /tmp/ktest_lustre_al2023_3ueddggy)
Starting job: lustre_mainline_native (ktest-out: /tmp/ktest_lustre_mainline_native_qybnhmdi)
put_archive(/tmp/ktest-kernel.tar.gz): 7.38s
put_archive(/tmp/ktest-kernel.tar.gz): 8.08s
put_archive(/tmp/ktest-kernel.tar.gz): 7.96s
put_archive(/tmp/ktest-kernel.tar.gz): 7.96s
put_archive(/tmp/ktest-kernel.tar.gz): 8.41s
put_archive(/tmp/ktest-kernel.tar.gz): 8.21s
put_archive(/tmp/ktest-lustre.tar.gz): 7.65s
put_archive(/tmp/ktest-lustre.tar.gz): 7.53s
put_archive(/tmp/ktest-lustre.tar.gz): 7.42s
put_archive(/tmp/ktest-lustre.tar.gz): 9.16s
put_archive(/tmp/ktest-lustre.tar.gz): 7.89s
put_archive(/tmp/ktest-lustre.tar.gz): 8.05s
Job checkpatch completed: FAILED (return code = 1, log: /tmp/ktest-results/checkpatch.log)
Job lustre_al2023 completed: SUCCESS (return code = 0, log: /tmp/ktest-results/lustre_al2023.log)
Job lustre_u24 completed: SUCCESS (return code = 0, log: /tmp/ktest-results/lustre_u24.log)
get_archive(ktest-out): 4.62s
Job lustre_mainline_strict completed: FAILED (return code = 1, log: /tmp/ktest-results/lustre_mainline_strict.log)
get_archive(ktest-out): 3.19s
get_archive(ktest-out): 3.27s
Job lustre_mainline_native completed: SUCCESS (return code = 0, log: /tmp/ktest-results/lustre_mainline_native.log)
Starting job: clang-tidy (ktest-out: /tmp/ktest_lustre_mainline_native_qybnhmdi)
Starting job: cc-plugin (ktest-out: /tmp/ktest_lustre_mainline_native_qybnhmdi)
Starting job: boot (ktest-out: /tmp/ktest_lustre_mainline_native_qybnhmdi)
Starting job: llmount (ktest-out: /tmp/ktest_lustre_mainline_native_qybnhmdi)
Starting job: llog-unit (ktest-out: /tmp/ktest_lustre_mainline_native_qybnhmdi)
Starting job: mgs-setup (ktest-out: /tmp/ktest_lustre_mainline_native_qybnhmdi)
Starting job: sanity-1 (ktest-out: /tmp/ktest_lustre_mainline_native_qybnhmdi)
Starting job: sanity-2 (ktest-out: /tmp/ktest_lustre_mainline_native_qybnhmdi)
Starting job: sanity-3 (ktest-out: /tmp/ktest_lustre_mainline_native_qybnhmdi)
Starting job: sanity-4 (ktest-out: /tmp/ktest_lustre_mainline_native_qybnhmdi)
Job lustre_mainline completed: SUCCESS (return code = 0, log: /tmp/ktest-results/lustre_mainline.log)
put_archive(/tmp/ktest_lustre_mainline_native_qybnhmdi.tar): 5.80s
put_archive(/tmp/ktest_lustre_mainline_native_qybnhmdi.tar): 41.55s
put_archive(/tmp/ktest_lustre_mainline_native_qybnhmdi.tar): 41.78s
put_archive(/tmp/ktest_lustre_mainline_native_qybnhmdi.tar): 41.51s
put_archive(/tmp/ktest_lustre_mainline_native_qybnhmdi.tar): 42.03s
put_archive(/tmp/ktest_lustre_mainline_native_qybnhmdi.tar): 41.86s
put_archive(/tmp/ktest_lustre_mainline_native_qybnhmdi.tar): 41.73s
put_archive(/tmp/ktest_lustre_mainline_native_qybnhmdi.tar): 74.06s
put_archive(/tmp/ktest-kernel.tar.gz): 73.91s
put_archive(/tmp/ktest-kernel.tar.gz): 74.11s
put_archive(/tmp/ktest-lustre.tar.gz): 13.97s
put_archive(/tmp/ktest-lustre.tar.gz): 13.89s
put_archive(/tmp/ktest_lustre_mainline_native_qybnhmdi.tar): 14.39s
put_archive(/tmp/ktest_lustre_mainline_native_qybnhmdi.tar): 14.35s
Job boot completed: SUCCESS (return code = 0, log: /tmp/ktest-results/boot.log)
Job sanity-4 completed: SUCCESS (return code = 0, log: /tmp/ktest-results/sanity-4.log)
Job mgs-setup completed: SUCCESS (return code = 0, log: /tmp/ktest-results/mgs-setup.log)
Job cc-plugin completed: FAILED (return code = 127, log: /tmp/ktest-results/cc-plugin.log)
Job clang-tidy completed: SUCCESS (return code = 0, log: /tmp/ktest-results/clang-tidy.log)
Job llmount completed: SUCCESS (return code = 0, log: /tmp/ktest-results/llmount.log)
Job sanity-2 completed: SUCCESS (return code = 0, log: /tmp/ktest-results/sanity-2.log)
Job sanity-3 completed: SUCCESS (return code = 0, log: /tmp/ktest-results/sanity-3.log)
Job sanity-1 completed: SUCCESS (return code = 0, log: /tmp/ktest-results/sanity-1.log)
Job llog-unit completed: SUCCESS (return code = 0, log: /tmp/ktest-results/llog-unit.log)

============================================================
Final Results:
  checkpatch: FAILED (return code = 1, log: /tmp/ktest-results/checkpatch.log)
  lustre_u24: SUCCESS (return code = 0, log: /tmp/ktest-results/lustre_u24.log)
  lustre_al2023: SUCCESS (return code = 0, log: /tmp/ktest-results/lustre_al2023.log)
  lustre_mainline_strict: FAILED (return code = 1, log: /tmp/ktest-results/lustre_mainline_strict.log)
  lustre_mainline: SUCCESS (return code = 0, log: /tmp/ktest-results/lustre_mainline.log)
  lustre_mainline_native: SUCCESS (return code = 0, log: /tmp/ktest-results/lustre_mainline_native.log)
  clang-tidy: SUCCESS (return code = 0, log: /tmp/ktest-results/clang-tidy.log)
  cc-plugin: FAILED (return code = 127, log: /tmp/ktest-results/cc-plugin.log)
  boot: SUCCESS (return code = 0, log: /tmp/ktest-results/boot.log)
  llmount: SUCCESS (return code = 0, log: /tmp/ktest-results/llmount.log)
  llog-unit: SUCCESS (return code = 0, log: /tmp/ktest-results/llog-unit.log)
  mgs-setup: SUCCESS (return code = 0, log: /tmp/ktest-results/mgs-setup.log)
  sanity-1: SUCCESS (return code = 0, log: /tmp/ktest-results/sanity-1.log)
  sanity-2: SUCCESS (return code = 0, log: /tmp/ktest-results/sanity-2.log)
  sanity-3: SUCCESS (return code = 0, log: /tmp/ktest-results/sanity-3.log)
  sanity-4: SUCCESS (return code = 0, log: /tmp/ktest-results/sanity-4.log)