Creating kernel tarball at /tmp/ktest-kernel.tar.gz...
Creating lustre tarball at /tmp/ktest-lustre.tar.gz...
Executing 16 jobs with dependencies
Jobs will start as soon as their dependencies are satisfied

Starting job: lustre_mainline_native (ktest-out: /tmp/ktest_lustre_mainline_native_6ydsjxxh)
Starting job: checkpatch (ktest-out: /tmp/ktest_checkpatch_cg3xs19v)
Starting job: lustre_mainline_strict (ktest-out: /tmp/ktest_lustre_mainline_strict_a_4r93tv)
Starting job: lustre_al2023 (ktest-out: /tmp/ktest_lustre_al2023_942yowj5)
Starting job: lustre_u24 (ktest-out: /tmp/ktest_lustre_u24_tzv258du)
Starting job: lustre_mainline (ktest-out: /tmp/ktest_lustre_mainline_ev458jui)
put_archive(/tmp/ktest-kernel.tar.gz): 7.00s
put_archive(/tmp/ktest-kernel.tar.gz): 7.00s
put_archive(/tmp/ktest-kernel.tar.gz): 7.08s
put_archive(/tmp/ktest-kernel.tar.gz): 7.03s
put_archive(/tmp/ktest-kernel.tar.gz): 6.38s
put_archive(/tmp/ktest-kernel.tar.gz): 7.01s
put_archive(/tmp/ktest-lustre.tar.gz): 9.23s
put_archive(/tmp/ktest-lustre.tar.gz): 9.82s
put_archive(/tmp/ktest-lustre.tar.gz): 9.56s
put_archive(/tmp/ktest-lustre.tar.gz): 9.72s
put_archive(/tmp/ktest-lustre.tar.gz): 9.46s
put_archive(/tmp/ktest-lustre.tar.gz): 10.52s
Job checkpatch completed: FAILED (return code = 1, log: /tmp/ktest-results/checkpatch.log)
Job lustre_al2023 completed: SUCCESS (return code = 0, log: /tmp/ktest-results/lustre_al2023.log)
Job lustre_u24 completed: SUCCESS (return code = 0, log: /tmp/ktest-results/lustre_u24.log)
get_archive(ktest-out): 4.71s
Job lustre_mainline_strict completed: FAILED (return code = 1, log: /tmp/ktest-results/lustre_mainline_strict.log)
get_archive(ktest-out): 3.26s
get_archive(ktest-out): 3.35s
Job lustre_mainline_native completed: SUCCESS (return code = 0, log: /tmp/ktest-results/lustre_mainline_native.log)
Starting job: clang-tidy (ktest-out: /tmp/ktest_lustre_mainline_native_6ydsjxxh)
Starting job: cc-plugin (ktest-out: /tmp/ktest_lustre_mainline_native_6ydsjxxh)
Starting job: boot (ktest-out: /tmp/ktest_lustre_mainline_native_6ydsjxxh)
Starting job: llmount (ktest-out: /tmp/ktest_lustre_mainline_native_6ydsjxxh)
Starting job: llog-unit (ktest-out: /tmp/ktest_lustre_mainline_native_6ydsjxxh)
Starting job: mgs-setup (ktest-out: /tmp/ktest_lustre_mainline_native_6ydsjxxh)
Starting job: sanity-1 (ktest-out: /tmp/ktest_lustre_mainline_native_6ydsjxxh)
Starting job: sanity-2 (ktest-out: /tmp/ktest_lustre_mainline_native_6ydsjxxh)
Starting job: sanity-3 (ktest-out: /tmp/ktest_lustre_mainline_native_6ydsjxxh)
Starting job: sanity-4 (ktest-out: /tmp/ktest_lustre_mainline_native_6ydsjxxh)
Job lustre_mainline completed: SUCCESS (return code = 0, log: /tmp/ktest-results/lustre_mainline.log)
put_archive(/tmp/ktest_lustre_mainline_native_6ydsjxxh.tar): 15.48s
put_archive(/tmp/ktest_lustre_mainline_native_6ydsjxxh.tar): 15.05s
put_archive(/tmp/ktest_lustre_mainline_native_6ydsjxxh.tar): 15.11s
put_archive(/tmp/ktest-kernel.tar.gz): 15.03s
put_archive(/tmp/ktest-lustre.tar.gz): 69.32s
put_archive(/tmp/ktest_lustre_mainline_native_6ydsjxxh.tar): 69.19s
put_archive(/tmp/ktest_lustre_mainline_native_6ydsjxxh.tar): 68.68s
put_archive(/tmp/ktest_lustre_mainline_native_6ydsjxxh.tar): 68.96s
put_archive(/tmp/ktest_lustre_mainline_native_6ydsjxxh.tar): 68.72s
put_archive(/tmp/ktest-kernel.tar.gz): 68.84s
put_archive(/tmp/ktest_lustre_mainline_native_6ydsjxxh.tar): 69.86s
put_archive(/tmp/ktest-lustre.tar.gz): 65.10s
put_archive(/tmp/ktest_lustre_mainline_native_6ydsjxxh.tar): 72.10s
put_archive(/tmp/ktest_lustre_mainline_native_6ydsjxxh.tar): 14.35s
Job cc-plugin completed: FAILED (return code = 127, log: /tmp/ktest-results/cc-plugin.log)
Job clang-tidy completed: SUCCESS (return code = 0, log: /tmp/ktest-results/clang-tidy.log)
Job sanity-1 completed: SUCCESS (return code = 0, log: /tmp/ktest-results/sanity-1.log)
Job boot completed: SUCCESS (return code = 0, log: /tmp/ktest-results/boot.log)
Job llmount completed: SUCCESS (return code = 0, log: /tmp/ktest-results/llmount.log)
Job sanity-4 completed: SUCCESS (return code = 0, log: /tmp/ktest-results/sanity-4.log)
Job mgs-setup completed: SUCCESS (return code = 0, log: /tmp/ktest-results/mgs-setup.log)
Job sanity-3 completed: SUCCESS (return code = 0, log: /tmp/ktest-results/sanity-3.log)
Job sanity-2 completed: SUCCESS (return code = 0, log: /tmp/ktest-results/sanity-2.log)
Job llog-unit completed: SUCCESS (return code = 0, log: /tmp/ktest-results/llog-unit.log)

============================================================
Final Results:
  checkpatch: FAILED (return code = 1, log: /tmp/ktest-results/checkpatch.log)
  lustre_u24: SUCCESS (return code = 0, log: /tmp/ktest-results/lustre_u24.log)
  lustre_al2023: SUCCESS (return code = 0, log: /tmp/ktest-results/lustre_al2023.log)
  lustre_mainline_strict: FAILED (return code = 1, log: /tmp/ktest-results/lustre_mainline_strict.log)
  lustre_mainline: SUCCESS (return code = 0, log: /tmp/ktest-results/lustre_mainline.log)
  lustre_mainline_native: SUCCESS (return code = 0, log: /tmp/ktest-results/lustre_mainline_native.log)
  clang-tidy: SUCCESS (return code = 0, log: /tmp/ktest-results/clang-tidy.log)
  cc-plugin: FAILED (return code = 127, log: /tmp/ktest-results/cc-plugin.log)
  boot: SUCCESS (return code = 0, log: /tmp/ktest-results/boot.log)
  llmount: SUCCESS (return code = 0, log: /tmp/ktest-results/llmount.log)
  llog-unit: SUCCESS (return code = 0, log: /tmp/ktest-results/llog-unit.log)
  mgs-setup: SUCCESS (return code = 0, log: /tmp/ktest-results/mgs-setup.log)
  sanity-1: SUCCESS (return code = 0, log: /tmp/ktest-results/sanity-1.log)
  sanity-2: SUCCESS (return code = 0, log: /tmp/ktest-results/sanity-2.log)
  sanity-3: SUCCESS (return code = 0, log: /tmp/ktest-results/sanity-3.log)
  sanity-4: SUCCESS (return code = 0, log: /tmp/ktest-results/sanity-4.log)