Creating kernel tarball at /tmp/ktest-kernel.tar.gz...
Creating lustre tarball at /tmp/ktest-lustre.tar.gz...
Executing 16 jobs with dependencies
Jobs will start as soon as their dependencies are satisfied

Starting job: lustre_al2023 (ktest-out: /tmp/ktest_lustre_al2023_za55rukr)
Starting job: lustre_mainline_strict (ktest-out: /tmp/ktest_lustre_mainline_strict_kvtnrcxs)
Starting job: lustre_mainline_native (ktest-out: /tmp/ktest_lustre_mainline_native__2o7rs4l)
Starting job: lustre_u24 (ktest-out: /tmp/ktest_lustre_u24_njsgwywp)
Starting job: lustre_mainline (ktest-out: /tmp/ktest_lustre_mainline_a_aussbh)
Starting job: checkpatch (ktest-out: /tmp/ktest_checkpatch_u4ppgzsn)
put_archive(/tmp/ktest-kernel.tar.gz): 7.60s
put_archive(/tmp/ktest-kernel.tar.gz): 12.12s
put_archive(/tmp/ktest-kernel.tar.gz): 12.64s
put_archive(/tmp/ktest-kernel.tar.gz): 12.03s
put_archive(/tmp/ktest-kernel.tar.gz): 12.06s
put_archive(/tmp/ktest-kernel.tar.gz): 12.32s
put_archive(/tmp/ktest-lustre.tar.gz): 9.23s
put_archive(/tmp/ktest-lustre.tar.gz): 9.56s
put_archive(/tmp/ktest-lustre.tar.gz): 9.43s
put_archive(/tmp/ktest-lustre.tar.gz): 9.02s
put_archive(/tmp/ktest-lustre.tar.gz): 9.19s
put_archive(/tmp/ktest-lustre.tar.gz): 14.76s
Job checkpatch completed: FAILED (return code = 1, log: /tmp/ktest-results/checkpatch.log)
Job lustre_u24 completed: FAILED (return code = 2, log: /tmp/ktest-results/lustre_u24.log)
Job lustre_al2023 completed: FAILED (return code = 2, log: /tmp/ktest-results/lustre_al2023.log)
get_archive(ktest-out): 5.01s
Job lustre_mainline_strict completed: FAILED (return code = 1, log: /tmp/ktest-results/lustre_mainline_strict.log)
get_archive(ktest-out): 3.18s
get_archive(ktest-out): 3.27s
Job lustre_mainline_native completed: SUCCESS (return code = 0, log: /tmp/ktest-results/lustre_mainline_native.log)
Starting job: clang-tidy (ktest-out: /tmp/ktest_lustre_mainline_native__2o7rs4l)
Starting job: cc-plugin (ktest-out: /tmp/ktest_lustre_mainline_native__2o7rs4l)
Starting job: boot (ktest-out: /tmp/ktest_lustre_mainline_native__2o7rs4l)
Starting job: llmount (ktest-out: /tmp/ktest_lustre_mainline_native__2o7rs4l)
Starting job: llog-unit (ktest-out: /tmp/ktest_lustre_mainline_native__2o7rs4l)
Starting job: mgs-setup (ktest-out: /tmp/ktest_lustre_mainline_native__2o7rs4l)
Starting job: sanity-1 (ktest-out: /tmp/ktest_lustre_mainline_native__2o7rs4l)
Starting job: sanity-2 (ktest-out: /tmp/ktest_lustre_mainline_native__2o7rs4l)
Starting job: sanity-3 (ktest-out: /tmp/ktest_lustre_mainline_native__2o7rs4l)
Starting job: sanity-4 (ktest-out: /tmp/ktest_lustre_mainline_native__2o7rs4l)
Job lustre_mainline completed: SUCCESS (return code = 0, log: /tmp/ktest-results/lustre_mainline.log)
put_archive(/tmp/ktest_lustre_mainline_native__2o7rs4l.tar): 17.98s
put_archive(/tmp/ktest_lustre_mainline_native__2o7rs4l.tar): 20.58s
put_archive(/tmp/ktest-kernel.tar.gz): 22.78s
put_archive(/tmp/ktest_lustre_mainline_native__2o7rs4l.tar): 22.58s
put_archive(/tmp/ktest_lustre_mainline_native__2o7rs4l.tar): 23.13s
put_archive(/tmp/ktest-kernel.tar.gz): 20.26s
put_archive(/tmp/ktest-lustre.tar.gz): 74.63s
put_archive(/tmp/ktest_lustre_mainline_native__2o7rs4l.tar): 74.15s
put_archive(/tmp/ktest_lustre_mainline_native__2o7rs4l.tar): 74.16s
put_archive(/tmp/ktest-lustre.tar.gz): 74.60s
put_archive(/tmp/ktest_lustre_mainline_native__2o7rs4l.tar): 74.25s
put_archive(/tmp/ktest_lustre_mainline_native__2o7rs4l.tar): 74.54s
put_archive(/tmp/ktest_lustre_mainline_native__2o7rs4l.tar): 51.74s
put_archive(/tmp/ktest_lustre_mainline_native__2o7rs4l.tar): 51.63s
Job boot completed: SUCCESS (return code = 0, log: /tmp/ktest-results/boot.log)
Job cc-plugin completed: FAILED (return code = 127, log: /tmp/ktest-results/cc-plugin.log)
Job clang-tidy completed: SUCCESS (return code = 0, log: /tmp/ktest-results/clang-tidy.log)
Job mgs-setup completed: SUCCESS (return code = 0, log: /tmp/ktest-results/mgs-setup.log)
Job sanity-4 completed: SUCCESS (return code = 0, log: /tmp/ktest-results/sanity-4.log)
Job sanity-1 completed: SUCCESS (return code = 0, log: /tmp/ktest-results/sanity-1.log)
Job llog-unit completed: SUCCESS (return code = 0, log: /tmp/ktest-results/llog-unit.log)
Job sanity-3 completed: SUCCESS (return code = 0, log: /tmp/ktest-results/sanity-3.log)
Job sanity-2 completed: SUCCESS (return code = 0, log: /tmp/ktest-results/sanity-2.log)
Job llmount completed: SUCCESS (return code = 0, log: /tmp/ktest-results/llmount.log)

============================================================
Final Results:
  checkpatch: FAILED (return code = 1, log: /tmp/ktest-results/checkpatch.log)
  lustre_u24: FAILED (return code = 2, log: /tmp/ktest-results/lustre_u24.log)
  lustre_al2023: FAILED (return code = 2, log: /tmp/ktest-results/lustre_al2023.log)
  lustre_mainline_strict: FAILED (return code = 1, log: /tmp/ktest-results/lustre_mainline_strict.log)
  lustre_mainline: SUCCESS (return code = 0, log: /tmp/ktest-results/lustre_mainline.log)
  lustre_mainline_native: SUCCESS (return code = 0, log: /tmp/ktest-results/lustre_mainline_native.log)
  clang-tidy: SUCCESS (return code = 0, log: /tmp/ktest-results/clang-tidy.log)
  cc-plugin: FAILED (return code = 127, log: /tmp/ktest-results/cc-plugin.log)
  boot: SUCCESS (return code = 0, log: /tmp/ktest-results/boot.log)
  llmount: SUCCESS (return code = 0, log: /tmp/ktest-results/llmount.log)
  llog-unit: SUCCESS (return code = 0, log: /tmp/ktest-results/llog-unit.log)
  mgs-setup: SUCCESS (return code = 0, log: /tmp/ktest-results/mgs-setup.log)
  sanity-1: SUCCESS (return code = 0, log: /tmp/ktest-results/sanity-1.log)
  sanity-2: SUCCESS (return code = 0, log: /tmp/ktest-results/sanity-2.log)
  sanity-3: SUCCESS (return code = 0, log: /tmp/ktest-results/sanity-3.log)
  sanity-4: SUCCESS (return code = 0, log: /tmp/ktest-results/sanity-4.log)