<html lang="en">
<body>
<pre>
Creating kernel tarball at /tmp/ktest-kernel.tar.gz...
Creating lustre tarball at /tmp/ktest-lustre.tar.gz...
Executing 16 jobs with dependencies
Jobs will start as soon as their dependencies are satisfied

Starting job: lustre_al2023 (ktest-out: /tmp/ktest_lustre_al2023_hoprui4i)
Starting job: lustre_mainline (ktest-out: /tmp/ktest_lustre_mainline_zrbokzzd)
Starting job: lustre_mainline_strict (ktest-out: /tmp/ktest_lustre_mainline_strict_qes_eiyc)
Starting job: checkpatch (ktest-out: /tmp/ktest_checkpatch_8j_ww2iw)
Starting job: lustre_mainline_native (ktest-out: /tmp/ktest_lustre_mainline_native_qhk7as20)
Starting job: lustre_u24 (ktest-out: /tmp/ktest_lustre_u24_mczuujia)
put_archive(/tmp/ktest-kernel.tar.gz): 7.15s
put_archive(/tmp/ktest-kernel.tar.gz): 6.46s
put_archive(/tmp/ktest-kernel.tar.gz): 6.59s
put_archive(/tmp/ktest-kernel.tar.gz): 7.33s
put_archive(/tmp/ktest-kernel.tar.gz): 7.58s
put_archive(/tmp/ktest-kernel.tar.gz): 7.20s
put_archive(/tmp/ktest-lustre.tar.gz): 0.79s
put_archive(/tmp/ktest-lustre.tar.gz): 0.54s
put_archive(/tmp/ktest-lustre.tar.gz): 0.69s
put_archive(/tmp/ktest-lustre.tar.gz): 0.98s
put_archive(/tmp/ktest-lustre.tar.gz): 0.43s
put_archive(/tmp/ktest-lustre.tar.gz): 1.68s
Job checkpatch completed: SUCCESS (return code = 0, log: /tmp/ktest-results/checkpatch.log)
Job lustre_al2023 completed: SUCCESS (return code = 0, log: /tmp/ktest-results/lustre_al2023.log)
Job lustre_u24 completed: SUCCESS (return code = 0, log: /tmp/ktest-results/lustre_u24.log)
get_archive(ktest-out): 3.22s
Job lustre_mainline_strict completed: FAILED (return code = 1, log: /tmp/ktest-results/lustre_mainline_strict.log)
get_archive(ktest-out): 2.56s
get_archive(ktest-out): 2.65s
Job lustre_mainline completed: SUCCESS (return code = 0, log: /tmp/ktest-results/lustre_mainline.log)
Job lustre_mainline_native completed: SUCCESS (return code = 0, log: /tmp/ktest-results/lustre_mainline_native.log)
Starting job: clang-tidy (ktest-out: /tmp/ktest_lustre_mainline_native_qhk7as20)
Starting job: cc-plugin (ktest-out: /tmp/ktest_lustre_mainline_native_qhk7as20)
Starting job: boot (ktest-out: /tmp/ktest_lustre_mainline_native_qhk7as20)
Starting job: llmount (ktest-out: /tmp/ktest_lustre_mainline_native_qhk7as20)
Starting job: llog-unit (ktest-out: /tmp/ktest_lustre_mainline_native_qhk7as20)
Starting job: mgs-setup (ktest-out: /tmp/ktest_lustre_mainline_native_qhk7as20)
Starting job: sanity-1 (ktest-out: /tmp/ktest_lustre_mainline_native_qhk7as20)
Starting job: sanity-2 (ktest-out: /tmp/ktest_lustre_mainline_native_qhk7as20)
Starting job: sanity-3 (ktest-out: /tmp/ktest_lustre_mainline_native_qhk7as20)
Starting job: sanity-4 (ktest-out: /tmp/ktest_lustre_mainline_native_qhk7as20)
put_archive(/tmp/ktest_lustre_mainline_native_qhk7as20.tar): 1.92s
put_archive(/tmp/ktest_lustre_mainline_native_qhk7as20.tar): 2.13s
put_archive(/tmp/ktest_lustre_mainline_native_qhk7as20.tar): 16.10s
put_archive(/tmp/ktest_lustre_mainline_native_qhk7as20.tar): 16.07s
put_archive(/tmp/ktest_lustre_mainline_native_qhk7as20.tar): 15.43s
put_archive(/tmp/ktest-kernel.tar.gz): 15.55s
put_archive(/tmp/ktest_lustre_mainline_native_qhk7as20.tar): 16.20s
put_archive(/tmp/ktest_lustre_mainline_native_qhk7as20.tar): 16.37s
put_archive(/tmp/ktest-kernel.tar.gz): 15.70s
put_archive(/tmp/ktest_lustre_mainline_native_qhk7as20.tar): 16.50s
put_archive(/tmp/ktest-lustre.tar.gz): 0.53s
put_archive(/tmp/ktest-lustre.tar.gz): 0.37s
put_archive(/tmp/ktest_lustre_mainline_native_qhk7as20.tar): 20.72s
put_archive(/tmp/ktest_lustre_mainline_native_qhk7as20.tar): 20.88s
Job cc-plugin completed: FAILED (return code = 127, log: /tmp/ktest-results/cc-plugin.log)
Job clang-tidy completed: SUCCESS (return code = 0, log: /tmp/ktest-results/clang-tidy.log)
Job boot completed: SUCCESS (return code = 0, log: /tmp/ktest-results/boot.log)
Job mgs-setup completed: SUCCESS (return code = 0, log: /tmp/ktest-results/mgs-setup.log)
Job sanity-1 completed: SUCCESS (return code = 0, log: /tmp/ktest-results/sanity-1.log)
Job sanity-4 completed: SUCCESS (return code = 0, log: /tmp/ktest-results/sanity-4.log)
Job llmount completed: SUCCESS (return code = 0, log: /tmp/ktest-results/llmount.log)
Job llog-unit completed: SUCCESS (return code = 0, log: /tmp/ktest-results/llog-unit.log)
Job sanity-2 completed: SUCCESS (return code = 0, log: /tmp/ktest-results/sanity-2.log)
Job sanity-3 completed: SUCCESS (return code = 0, log: /tmp/ktest-results/sanity-3.log)

============================================================
Final Results:
  checkpatch: SUCCESS (return code = 0, log: /tmp/ktest-results/checkpatch.log)
  lustre_u24: SUCCESS (return code = 0, log: /tmp/ktest-results/lustre_u24.log)
  lustre_al2023: SUCCESS (return code = 0, log: /tmp/ktest-results/lustre_al2023.log)
  lustre_mainline_strict: FAILED (return code = 1, log: /tmp/ktest-results/lustre_mainline_strict.log)
  lustre_mainline: SUCCESS (return code = 0, log: /tmp/ktest-results/lustre_mainline.log)
  lustre_mainline_native: SUCCESS (return code = 0, log: /tmp/ktest-results/lustre_mainline_native.log)
  clang-tidy: SUCCESS (return code = 0, log: /tmp/ktest-results/clang-tidy.log)
  cc-plugin: FAILED (return code = 127, log: /tmp/ktest-results/cc-plugin.log)
  boot: SUCCESS (return code = 0, log: /tmp/ktest-results/boot.log)
  llmount: SUCCESS (return code = 0, log: /tmp/ktest-results/llmount.log)
  llog-unit: SUCCESS (return code = 0, log: /tmp/ktest-results/llog-unit.log)
  mgs-setup: SUCCESS (return code = 0, log: /tmp/ktest-results/mgs-setup.log)
  sanity-1: SUCCESS (return code = 0, log: /tmp/ktest-results/sanity-1.log)
  sanity-2: SUCCESS (return code = 0, log: /tmp/ktest-results/sanity-2.log)
  sanity-3: SUCCESS (return code = 0, log: /tmp/ktest-results/sanity-3.log)
  sanity-4: SUCCESS (return code = 0, log: /tmp/ktest-results/sanity-4.log)
</pre>
</body>
</html>
