Creating kernel tarball at /tmp/ktest-kernel.tar.gz...
Creating lustre tarball at /tmp/ktest-lustre.tar.gz...
Executing 16 jobs with dependencies
Jobs will start as soon as their dependencies are satisfied

Starting job: lustre_al2023 (ktest-out: /tmp/ktest_lustre_al2023_nmtimtyx)
Starting job: lustre_mainline_native (ktest-out: /tmp/ktest_lustre_mainline_native_hk2lpy9f)
Starting job: checkpatch (ktest-out: /tmp/ktest_checkpatch_p8hr0z1g)
Starting job: lustre_mainline_strict (ktest-out: /tmp/ktest_lustre_mainline_strict_0svqjyhh)
Starting job: lustre_u24 (ktest-out: /tmp/ktest_lustre_u24_grektlre)
Starting job: lustre_mainline (ktest-out: /tmp/ktest_lustre_mainline_ef7whpmx)
put_archive(/tmp/ktest-kernel.tar.gz): 14.21s
put_archive(/tmp/ktest-kernel.tar.gz): 16.56s
put_archive(/tmp/ktest-kernel.tar.gz): 15.82s
put_archive(/tmp/ktest-kernel.tar.gz): 16.34s
put_archive(/tmp/ktest-kernel.tar.gz): 16.88s
put_archive(/tmp/ktest-kernel.tar.gz): 17.10s
put_archive(/tmp/ktest-lustre.tar.gz): 7.86s
put_archive(/tmp/ktest-lustre.tar.gz): 7.48s
put_archive(/tmp/ktest-lustre.tar.gz): 7.78s
put_archive(/tmp/ktest-lustre.tar.gz): 7.37s
put_archive(/tmp/ktest-lustre.tar.gz): 7.67s
put_archive(/tmp/ktest-lustre.tar.gz): 10.41s
Job checkpatch completed: SUCCESS (return code = 0, log: /tmp/ktest-results/checkpatch.log)
Job lustre_u24 completed: SUCCESS (return code = 0, log: /tmp/ktest-results/lustre_u24.log)
Job lustre_al2023 completed: SUCCESS (return code = 0, log: /tmp/ktest-results/lustre_al2023.log)
get_archive(ktest-out): 3.67s
Job lustre_mainline_strict completed: FAILED (return code = 1, log: /tmp/ktest-results/lustre_mainline_strict.log)
get_archive(ktest-out): 3.22s
get_archive(ktest-out): 3.15s
Job lustre_mainline completed: SUCCESS (return code = 0, log: /tmp/ktest-results/lustre_mainline.log)
Job lustre_mainline_native completed: SUCCESS (return code = 0, log: /tmp/ktest-results/lustre_mainline_native.log)
Starting job: clang-tidy (ktest-out: /tmp/ktest_lustre_mainline_native_hk2lpy9f)
Starting job: cc-plugin (ktest-out: /tmp/ktest_lustre_mainline_native_hk2lpy9f)
Starting job: boot (ktest-out: /tmp/ktest_lustre_mainline_native_hk2lpy9f)
Starting job: llmount (ktest-out: /tmp/ktest_lustre_mainline_native_hk2lpy9f)
Starting job: llog-unit (ktest-out: /tmp/ktest_lustre_mainline_native_hk2lpy9f)
Starting job: mgs-setup (ktest-out: /tmp/ktest_lustre_mainline_native_hk2lpy9f)
Starting job: sanity-1 (ktest-out: /tmp/ktest_lustre_mainline_native_hk2lpy9f)
Starting job: sanity-2 (ktest-out: /tmp/ktest_lustre_mainline_native_hk2lpy9f)
Starting job: sanity-3 (ktest-out: /tmp/ktest_lustre_mainline_native_hk2lpy9f)
Starting job: sanity-4 (ktest-out: /tmp/ktest_lustre_mainline_native_hk2lpy9f)
put_archive(/tmp/ktest_lustre_mainline_native_hk2lpy9f.tar): 11.24s
put_archive(/tmp/ktest_lustre_mainline_native_hk2lpy9f.tar): 15.02s
put_archive(/tmp/ktest_lustre_mainline_native_hk2lpy9f.tar): 14.86s
put_archive(/tmp/ktest_lustre_mainline_native_hk2lpy9f.tar): 14.76s
put_archive(/tmp/ktest-kernel.tar.gz): 18.92s
put_archive(/tmp/ktest_lustre_mainline_native_hk2lpy9f.tar): 16.91s
put_archive(/tmp/ktest-lustre.tar.gz): 73.11s
put_archive(/tmp/ktest_lustre_mainline_native_hk2lpy9f.tar): 71.81s
put_archive(/tmp/ktest_lustre_mainline_native_hk2lpy9f.tar): 71.94s
put_archive(/tmp/ktest-kernel.tar.gz): 71.90s
put_archive(/tmp/ktest_lustre_mainline_native_hk2lpy9f.tar): 72.34s
put_archive(/tmp/ktest-lustre.tar.gz): 38.33s
put_archive(/tmp/ktest_lustre_mainline_native_hk2lpy9f.tar): 38.68s
put_archive(/tmp/ktest_lustre_mainline_native_hk2lpy9f.tar): 10.63s
Job mgs-setup completed: SUCCESS (return code = 0, log: /tmp/ktest-results/mgs-setup.log)
Job cc-plugin completed: FAILED (return code = 127, log: /tmp/ktest-results/cc-plugin.log)
Job clang-tidy completed: SUCCESS (return code = 0, log: /tmp/ktest-results/clang-tidy.log)
Job boot completed: SUCCESS (return code = 0, log: /tmp/ktest-results/boot.log)
Job sanity-4 completed: SUCCESS (return code = 0, log: /tmp/ktest-results/sanity-4.log)
Job sanity-2 completed: SUCCESS (return code = 0, log: /tmp/ktest-results/sanity-2.log)
Job sanity-1 completed: SUCCESS (return code = 0, log: /tmp/ktest-results/sanity-1.log)
Job llmount completed: SUCCESS (return code = 0, log: /tmp/ktest-results/llmount.log)
Job sanity-3 completed: SUCCESS (return code = 0, log: /tmp/ktest-results/sanity-3.log)
Job llog-unit completed: SUCCESS (return code = 0, log: /tmp/ktest-results/llog-unit.log)

============================================================
Final Results:
  checkpatch: SUCCESS (return code = 0, log: /tmp/ktest-results/checkpatch.log)
  lustre_u24: SUCCESS (return code = 0, log: /tmp/ktest-results/lustre_u24.log)
  lustre_al2023: SUCCESS (return code = 0, log: /tmp/ktest-results/lustre_al2023.log)
  lustre_mainline_strict: FAILED (return code = 1, log: /tmp/ktest-results/lustre_mainline_strict.log)
  lustre_mainline: SUCCESS (return code = 0, log: /tmp/ktest-results/lustre_mainline.log)
  lustre_mainline_native: SUCCESS (return code = 0, log: /tmp/ktest-results/lustre_mainline_native.log)
  clang-tidy: SUCCESS (return code = 0, log: /tmp/ktest-results/clang-tidy.log)
  cc-plugin: FAILED (return code = 127, log: /tmp/ktest-results/cc-plugin.log)
  boot: SUCCESS (return code = 0, log: /tmp/ktest-results/boot.log)
  llmount: SUCCESS (return code = 0, log: /tmp/ktest-results/llmount.log)
  llog-unit: SUCCESS (return code = 0, log: /tmp/ktest-results/llog-unit.log)
  mgs-setup: SUCCESS (return code = 0, log: /tmp/ktest-results/mgs-setup.log)
  sanity-1: SUCCESS (return code = 0, log: /tmp/ktest-results/sanity-1.log)
  sanity-2: SUCCESS (return code = 0, log: /tmp/ktest-results/sanity-2.log)
  sanity-3: SUCCESS (return code = 0, log: /tmp/ktest-results/sanity-3.log)
  sanity-4: SUCCESS (return code = 0, log: /tmp/ktest-results/sanity-4.log)