Creating kernel tarball at /tmp/ktest-kernel.tar.gz...
Creating lustre tarball at /tmp/ktest-lustre.tar.gz...
Executing 16 jobs with dependencies
Jobs will start as soon as their dependencies are satisfied

Starting job: lustre_mainline_native (ktest-out: /tmp/ktest_lustre_mainline_native_wghe4ekh)
Starting job: lustre_mainline (ktest-out: /tmp/ktest_lustre_mainline_bdj_g1dx)
Starting job: lustre_u24 (ktest-out: /tmp/ktest_lustre_u24_ffkl85zs)
Starting job: lustre_al2023 (ktest-out: /tmp/ktest_lustre_al2023_bulm80tl)
Starting job: checkpatch (ktest-out: /tmp/ktest_checkpatch_13a2kmh2)
Starting job: lustre_mainline_strict (ktest-out: /tmp/ktest_lustre_mainline_strict_salan6pi)
put_archive(/tmp/ktest-kernel.tar.gz): 8.00s
put_archive(/tmp/ktest-kernel.tar.gz): 7.90s
put_archive(/tmp/ktest-kernel.tar.gz): 8.06s
put_archive(/tmp/ktest-kernel.tar.gz): 7.59s
put_archive(/tmp/ktest-kernel.tar.gz): 8.18s
put_archive(/tmp/ktest-kernel.tar.gz): 7.98s
put_archive(/tmp/ktest-lustre.tar.gz): 1.71s
put_archive(/tmp/ktest-lustre.tar.gz): 1.86s
put_archive(/tmp/ktest-lustre.tar.gz): 2.35s
put_archive(/tmp/ktest-lustre.tar.gz): 2.01s
put_archive(/tmp/ktest-lustre.tar.gz): 2.16s
put_archive(/tmp/ktest-lustre.tar.gz): 1.63s
Job checkpatch completed: SUCCESS (return code = 0, log: /tmp/ktest-results/checkpatch.log)
Job lustre_al2023 completed: SUCCESS (return code = 0, log: /tmp/ktest-results/lustre_al2023.log)
Job lustre_u24 completed: SUCCESS (return code = 0, log: /tmp/ktest-results/lustre_u24.log)
get_archive(ktest-out): 4.49s
Job lustre_mainline_strict completed: FAILED (return code = 1, log: /tmp/ktest-results/lustre_mainline_strict.log)
get_archive(ktest-out): 3.37s
get_archive(ktest-out): 3.29s
Job lustre_mainline completed: SUCCESS (return code = 0, log: /tmp/ktest-results/lustre_mainline.log)
Job lustre_mainline_native completed: SUCCESS (return code = 0, log: /tmp/ktest-results/lustre_mainline_native.log)
Starting job: clang-tidy (ktest-out: /tmp/ktest_lustre_mainline_native_wghe4ekh)
Starting job: cc-plugin (ktest-out: /tmp/ktest_lustre_mainline_native_wghe4ekh)
Starting job: boot (ktest-out: /tmp/ktest_lustre_mainline_native_wghe4ekh)
Starting job: llmount (ktest-out: /tmp/ktest_lustre_mainline_native_wghe4ekh)
Starting job: llog-unit (ktest-out: /tmp/ktest_lustre_mainline_native_wghe4ekh)
Starting job: mgs-setup (ktest-out: /tmp/ktest_lustre_mainline_native_wghe4ekh)
Starting job: sanity-1 (ktest-out: /tmp/ktest_lustre_mainline_native_wghe4ekh)
Starting job: sanity-2 (ktest-out: /tmp/ktest_lustre_mainline_native_wghe4ekh)
Starting job: sanity-3 (ktest-out: /tmp/ktest_lustre_mainline_native_wghe4ekh)
Starting job: sanity-4 (ktest-out: /tmp/ktest_lustre_mainline_native_wghe4ekh)
put_archive(/tmp/ktest_lustre_mainline_native_wghe4ekh.tar): 1.89s
put_archive(/tmp/ktest_lustre_mainline_native_wghe4ekh.tar): 4.41s
put_archive(/tmp/ktest_lustre_mainline_native_wghe4ekh.tar): 6.71s
put_archive(/tmp/ktest-kernel.tar.gz): 10.39s
put_archive(/tmp/ktest-kernel.tar.gz): 10.12s
put_archive(/tmp/ktest_lustre_mainline_native_wghe4ekh.tar): 8.92s
put_archive(/tmp/ktest_lustre_mainline_native_wghe4ekh.tar): 8.53s
put_archive(/tmp/ktest_lustre_mainline_native_wghe4ekh.tar): 8.57s
put_archive(/tmp/ktest_lustre_mainline_native_wghe4ekh.tar): 8.48s
put_archive(/tmp/ktest_lustre_mainline_native_wghe4ekh.tar): 8.46s
put_archive(/tmp/ktest-lustre.tar.gz): 17.74s
put_archive(/tmp/ktest-lustre.tar.gz): 17.78s
put_archive(/tmp/ktest_lustre_mainline_native_wghe4ekh.tar): 6.11s
put_archive(/tmp/ktest_lustre_mainline_native_wghe4ekh.tar): 5.97s
Job boot completed: SUCCESS (return code = 0, log: /tmp/ktest-results/boot.log)
Job cc-plugin completed: FAILED (return code = 127, log: /tmp/ktest-results/cc-plugin.log)
Job clang-tidy completed: SUCCESS (return code = 0, log: /tmp/ktest-results/clang-tidy.log)
Job mgs-setup completed: SUCCESS (return code = 0, log: /tmp/ktest-results/mgs-setup.log)
Job sanity-1 completed: SUCCESS (return code = 0, log: /tmp/ktest-results/sanity-1.log)
Job sanity-4 completed: SUCCESS (return code = 0, log: /tmp/ktest-results/sanity-4.log)
Job sanity-2 completed: SUCCESS (return code = 0, log: /tmp/ktest-results/sanity-2.log)
Job sanity-3 completed: SUCCESS (return code = 0, log: /tmp/ktest-results/sanity-3.log)
Job llog-unit completed: SUCCESS (return code = 0, log: /tmp/ktest-results/llog-unit.log)
Job llmount completed: SUCCESS (return code = 0, log: /tmp/ktest-results/llmount.log)

============================================================
Final Results:
  checkpatch: SUCCESS (return code = 0, log: /tmp/ktest-results/checkpatch.log)
  lustre_u24: SUCCESS (return code = 0, log: /tmp/ktest-results/lustre_u24.log)
  lustre_al2023: SUCCESS (return code = 0, log: /tmp/ktest-results/lustre_al2023.log)
  lustre_mainline_strict: FAILED (return code = 1, log: /tmp/ktest-results/lustre_mainline_strict.log)
  lustre_mainline: SUCCESS (return code = 0, log: /tmp/ktest-results/lustre_mainline.log)
  lustre_mainline_native: SUCCESS (return code = 0, log: /tmp/ktest-results/lustre_mainline_native.log)
  clang-tidy: SUCCESS (return code = 0, log: /tmp/ktest-results/clang-tidy.log)
  cc-plugin: FAILED (return code = 127, log: /tmp/ktest-results/cc-plugin.log)
  boot: SUCCESS (return code = 0, log: /tmp/ktest-results/boot.log)
  llmount: SUCCESS (return code = 0, log: /tmp/ktest-results/llmount.log)
  llog-unit: SUCCESS (return code = 0, log: /tmp/ktest-results/llog-unit.log)
  mgs-setup: SUCCESS (return code = 0, log: /tmp/ktest-results/mgs-setup.log)
  sanity-1: SUCCESS (return code = 0, log: /tmp/ktest-results/sanity-1.log)
  sanity-2: SUCCESS (return code = 0, log: /tmp/ktest-results/sanity-2.log)
  sanity-3: SUCCESS (return code = 0, log: /tmp/ktest-results/sanity-3.log)
  sanity-4: SUCCESS (return code = 0, log: /tmp/ktest-results/sanity-4.log)