<html lang="en">
<body>
<pre>
Creating kernel tarball at /tmp/ktest-kernel.tar.gz...
Creating lustre tarball at /tmp/ktest-lustre.tar.gz...
Executing 16 jobs with dependencies
Jobs will start as soon as their dependencies are satisfied

Starting job: lustre_mainline (ktest-out: /tmp/ktest_lustre_mainline_0uajfciz)
Starting job: lustre_u24 (ktest-out: /tmp/ktest_lustre_u24_1zgbj6y4)
Starting job: checkpatch (ktest-out: /tmp/ktest_checkpatch_zri3i8_5)
Starting job: lustre_mainline_strict (ktest-out: /tmp/ktest_lustre_mainline_strict_ien8nr6h)
Starting job: lustre_mainline_native (ktest-out: /tmp/ktest_lustre_mainline_native_4zizvjff)
Starting job: lustre_al2023 (ktest-out: /tmp/ktest_lustre_al2023_rfb3eiom)
put_archive(/tmp/ktest-kernel.tar.gz): 6.88s
put_archive(/tmp/ktest-kernel.tar.gz): 7.66s
put_archive(/tmp/ktest-kernel.tar.gz): 7.78s
put_archive(/tmp/ktest-kernel.tar.gz): 7.86s
put_archive(/tmp/ktest-kernel.tar.gz): 7.28s
put_archive(/tmp/ktest-kernel.tar.gz): 7.45s
put_archive(/tmp/ktest-lustre.tar.gz): 7.11s
put_archive(/tmp/ktest-lustre.tar.gz): 7.29s
put_archive(/tmp/ktest-lustre.tar.gz): 8.36s
put_archive(/tmp/ktest-lustre.tar.gz): 7.47s
put_archive(/tmp/ktest-lustre.tar.gz): 7.04s
put_archive(/tmp/ktest-lustre.tar.gz): 6.91s
Job checkpatch completed: FAILED (return code = 1, log: /tmp/ktest-results/checkpatch.log)
Job lustre_al2023 completed: FAILED (return code = 2, log: /tmp/ktest-results/lustre_al2023.log)
Job lustre_u24 completed: SUCCESS (return code = 0, log: /tmp/ktest-results/lustre_u24.log)
get_archive(ktest-out): 4.76s
Job lustre_mainline_strict completed: FAILED (return code = 1, log: /tmp/ktest-results/lustre_mainline_strict.log)
get_archive(ktest-out): 3.07s
get_archive(ktest-out): 3.17s
Job lustre_mainline completed: SUCCESS (return code = 0, log: /tmp/ktest-results/lustre_mainline.log)
Job lustre_mainline_native completed: SUCCESS (return code = 0, log: /tmp/ktest-results/lustre_mainline_native.log)
Starting job: clang-tidy (ktest-out: /tmp/ktest_lustre_mainline_native_4zizvjff)
Starting job: cc-plugin (ktest-out: /tmp/ktest_lustre_mainline_native_4zizvjff)
Starting job: boot (ktest-out: /tmp/ktest_lustre_mainline_native_4zizvjff)
Starting job: llmount (ktest-out: /tmp/ktest_lustre_mainline_native_4zizvjff)
Starting job: llog-unit (ktest-out: /tmp/ktest_lustre_mainline_native_4zizvjff)
Starting job: mgs-setup (ktest-out: /tmp/ktest_lustre_mainline_native_4zizvjff)
Starting job: sanity-1 (ktest-out: /tmp/ktest_lustre_mainline_native_4zizvjff)
Starting job: sanity-2 (ktest-out: /tmp/ktest_lustre_mainline_native_4zizvjff)
Starting job: sanity-3 (ktest-out: /tmp/ktest_lustre_mainline_native_4zizvjff)
Starting job: sanity-4 (ktest-out: /tmp/ktest_lustre_mainline_native_4zizvjff)
put_archive(/tmp/ktest_lustre_mainline_native_4zizvjff.tar): 5.93s
put_archive(/tmp/ktest_lustre_mainline_native_4zizvjff.tar): 22.99s
put_archive(/tmp/ktest_lustre_mainline_native_4zizvjff.tar): 17.62s
put_archive(/tmp/ktest_lustre_mainline_native_4zizvjff.tar): 51.29s
put_archive(/tmp/ktest_lustre_mainline_native_4zizvjff.tar): 51.42s
put_archive(/tmp/ktest-kernel.tar.gz): 51.05s
put_archive(/tmp/ktest_lustre_mainline_native_4zizvjff.tar): 51.24s
put_archive(/tmp/ktest-kernel.tar.gz): 50.92s
put_archive(/tmp/ktest_lustre_mainline_native_4zizvjff.tar): 51.03s
put_archive(/tmp/ktest_lustre_mainline_native_4zizvjff.tar): 51.02s
put_archive(/tmp/ktest-lustre.tar.gz): 49.62s
put_archive(/tmp/ktest-lustre.tar.gz): 49.85s
put_archive(/tmp/ktest_lustre_mainline_native_4zizvjff.tar): 20.16s
put_archive(/tmp/ktest_lustre_mainline_native_4zizvjff.tar): 20.18s
Job boot completed: SUCCESS (return code = 0, log: /tmp/ktest-results/boot.log)
Job mgs-setup completed: SUCCESS (return code = 0, log: /tmp/ktest-results/mgs-setup.log)
Job sanity-2 completed: SUCCESS (return code = 0, log: /tmp/ktest-results/sanity-2.log)
Job cc-plugin completed: FAILED (return code = 127, log: /tmp/ktest-results/cc-plugin.log)
Job clang-tidy completed: SUCCESS (return code = 0, log: /tmp/ktest-results/clang-tidy.log)
Job sanity-1 completed: SUCCESS (return code = 0, log: /tmp/ktest-results/sanity-1.log)
Job sanity-3 completed: SUCCESS (return code = 0, log: /tmp/ktest-results/sanity-3.log)
Job sanity-4 completed: SUCCESS (return code = 0, log: /tmp/ktest-results/sanity-4.log)
Job llmount completed: SUCCESS (return code = 0, log: /tmp/ktest-results/llmount.log)
Job llog-unit completed: SUCCESS (return code = 0, log: /tmp/ktest-results/llog-unit.log)

============================================================
Final Results:
  checkpatch: FAILED (return code = 1, log: /tmp/ktest-results/checkpatch.log)
  lustre_u24: SUCCESS (return code = 0, log: /tmp/ktest-results/lustre_u24.log)
  lustre_al2023: FAILED (return code = 2, log: /tmp/ktest-results/lustre_al2023.log)
  lustre_mainline_strict: FAILED (return code = 1, log: /tmp/ktest-results/lustre_mainline_strict.log)
  lustre_mainline: SUCCESS (return code = 0, log: /tmp/ktest-results/lustre_mainline.log)
  lustre_mainline_native: SUCCESS (return code = 0, log: /tmp/ktest-results/lustre_mainline_native.log)
  clang-tidy: SUCCESS (return code = 0, log: /tmp/ktest-results/clang-tidy.log)
  cc-plugin: FAILED (return code = 127, log: /tmp/ktest-results/cc-plugin.log)
  boot: SUCCESS (return code = 0, log: /tmp/ktest-results/boot.log)
  llmount: SUCCESS (return code = 0, log: /tmp/ktest-results/llmount.log)
  llog-unit: SUCCESS (return code = 0, log: /tmp/ktest-results/llog-unit.log)
  mgs-setup: SUCCESS (return code = 0, log: /tmp/ktest-results/mgs-setup.log)
  sanity-1: SUCCESS (return code = 0, log: /tmp/ktest-results/sanity-1.log)
  sanity-2: SUCCESS (return code = 0, log: /tmp/ktest-results/sanity-2.log)
  sanity-3: SUCCESS (return code = 0, log: /tmp/ktest-results/sanity-3.log)
  sanity-4: SUCCESS (return code = 0, log: /tmp/ktest-results/sanity-4.log)
</pre>
</body>
</html>
