<html lang="en">
<body>
<pre>
Creating kernel tarball at /tmp/ktest-kernel.tar.gz...
Creating lustre tarball at /tmp/ktest-lustre.tar.gz...
Executing 16 jobs with dependencies
Jobs will start as soon as their dependencies are satisfied

Starting job: lustre_mainline_strict (ktest-out: /tmp/ktest_lustre_mainline_strict_qi1wlslb)
Starting job: lustre_u24 (ktest-out: /tmp/ktest_lustre_u24_2fl2eezf)
Starting job: lustre_al2023 (ktest-out: /tmp/ktest_lustre_al2023_im8prdyw)
Starting job: lustre_mainline_native (ktest-out: /tmp/ktest_lustre_mainline_native_h5f5s0ii)
Starting job: lustre_mainline (ktest-out: /tmp/ktest_lustre_mainline_lmce4ffa)
Starting job: checkpatch (ktest-out: /tmp/ktest_checkpatch__xy9t5l2)
put_archive(/tmp/ktest-kernel.tar.gz): 8.89s
put_archive(/tmp/ktest-kernel.tar.gz): 9.09s
put_archive(/tmp/ktest-kernel.tar.gz): 9.17s
put_archive(/tmp/ktest-kernel.tar.gz): 9.66s
put_archive(/tmp/ktest-kernel.tar.gz): 9.53s
put_archive(/tmp/ktest-kernel.tar.gz): 9.51s
put_archive(/tmp/ktest-lustre.tar.gz): 5.83s
put_archive(/tmp/ktest-lustre.tar.gz): 5.71s
put_archive(/tmp/ktest-lustre.tar.gz): 6.14s
put_archive(/tmp/ktest-lustre.tar.gz): 5.59s
put_archive(/tmp/ktest-lustre.tar.gz): 6.03s
put_archive(/tmp/ktest-lustre.tar.gz): 6.91s
Job checkpatch completed: SUCCESS (return code = 0, log: /tmp/ktest-results/checkpatch.log)
Job lustre_al2023 completed: SUCCESS (return code = 0, log: /tmp/ktest-results/lustre_al2023.log)
Job lustre_u24 completed: SUCCESS (return code = 0, log: /tmp/ktest-results/lustre_u24.log)
get_archive(ktest-out): 3.45s
Job lustre_mainline_strict completed: FAILED (return code = 1, log: /tmp/ktest-results/lustre_mainline_strict.log)
get_archive(ktest-out): 3.18s
get_archive(ktest-out): 3.18s
Job lustre_mainline completed: SUCCESS (return code = 0, log: /tmp/ktest-results/lustre_mainline.log)
Job lustre_mainline_native completed: SUCCESS (return code = 0, log: /tmp/ktest-results/lustre_mainline_native.log)
Starting job: clang-tidy (ktest-out: /tmp/ktest_lustre_mainline_native_h5f5s0ii)
Starting job: cc-plugin (ktest-out: /tmp/ktest_lustre_mainline_native_h5f5s0ii)
Starting job: boot (ktest-out: /tmp/ktest_lustre_mainline_native_h5f5s0ii)
Starting job: llmount (ktest-out: /tmp/ktest_lustre_mainline_native_h5f5s0ii)
Starting job: llog-unit (ktest-out: /tmp/ktest_lustre_mainline_native_h5f5s0ii)
Starting job: mgs-setup (ktest-out: /tmp/ktest_lustre_mainline_native_h5f5s0ii)
Starting job: sanity-1 (ktest-out: /tmp/ktest_lustre_mainline_native_h5f5s0ii)
Starting job: sanity-2 (ktest-out: /tmp/ktest_lustre_mainline_native_h5f5s0ii)
Starting job: sanity-3 (ktest-out: /tmp/ktest_lustre_mainline_native_h5f5s0ii)
Starting job: sanity-4 (ktest-out: /tmp/ktest_lustre_mainline_native_h5f5s0ii)
put_archive(/tmp/ktest_lustre_mainline_native_h5f5s0ii.tar): 5.54s
put_archive(/tmp/ktest_lustre_mainline_native_h5f5s0ii.tar): 10.16s
put_archive(/tmp/ktest_lustre_mainline_native_h5f5s0ii.tar): 16.92s
put_archive(/tmp/ktest-kernel.tar.gz): 15.36s
put_archive(/tmp/ktest-kernel.tar.gz): 26.35s
put_archive(/tmp/ktest_lustre_mainline_native_h5f5s0ii.tar): 27.46s
put_archive(/tmp/ktest-lustre.tar.gz): 54.17s
put_archive(/tmp/ktest_lustre_mainline_native_h5f5s0ii.tar): 43.84s
put_archive(/tmp/ktest_lustre_mainline_native_h5f5s0ii.tar): 43.99s
put_archive(/tmp/ktest_lustre_mainline_native_h5f5s0ii.tar): 44.08s
put_archive(/tmp/ktest-lustre.tar.gz): 45.51s
put_archive(/tmp/ktest_lustre_mainline_native_h5f5s0ii.tar): 54.29s
put_archive(/tmp/ktest_lustre_mainline_native_h5f5s0ii.tar): 46.51s
put_archive(/tmp/ktest_lustre_mainline_native_h5f5s0ii.tar): 47.86s
Job mgs-setup completed: SUCCESS (return code = 0, log: /tmp/ktest-results/mgs-setup.log)
Job sanity-2 completed: SUCCESS (return code = 0, log: /tmp/ktest-results/sanity-2.log)
Job cc-plugin completed: FAILED (return code = 127, log: /tmp/ktest-results/cc-plugin.log)
Job clang-tidy completed: SUCCESS (return code = 0, log: /tmp/ktest-results/clang-tidy.log)
Job boot completed: SUCCESS (return code = 0, log: /tmp/ktest-results/boot.log)
Job sanity-4 completed: SUCCESS (return code = 0, log: /tmp/ktest-results/sanity-4.log)
Job llog-unit completed: SUCCESS (return code = 0, log: /tmp/ktest-results/llog-unit.log)
Job sanity-1 completed: SUCCESS (return code = 0, log: /tmp/ktest-results/sanity-1.log)
Job sanity-3 completed: SUCCESS (return code = 0, log: /tmp/ktest-results/sanity-3.log)
Job llmount completed: SUCCESS (return code = 0, log: /tmp/ktest-results/llmount.log)

============================================================
Final Results:
  checkpatch: SUCCESS (return code = 0, log: /tmp/ktest-results/checkpatch.log)
  lustre_u24: SUCCESS (return code = 0, log: /tmp/ktest-results/lustre_u24.log)
  lustre_al2023: SUCCESS (return code = 0, log: /tmp/ktest-results/lustre_al2023.log)
  lustre_mainline_strict: FAILED (return code = 1, log: /tmp/ktest-results/lustre_mainline_strict.log)
  lustre_mainline: SUCCESS (return code = 0, log: /tmp/ktest-results/lustre_mainline.log)
  lustre_mainline_native: SUCCESS (return code = 0, log: /tmp/ktest-results/lustre_mainline_native.log)
  clang-tidy: SUCCESS (return code = 0, log: /tmp/ktest-results/clang-tidy.log)
  cc-plugin: FAILED (return code = 127, log: /tmp/ktest-results/cc-plugin.log)
  boot: SUCCESS (return code = 0, log: /tmp/ktest-results/boot.log)
  llmount: SUCCESS (return code = 0, log: /tmp/ktest-results/llmount.log)
  llog-unit: SUCCESS (return code = 0, log: /tmp/ktest-results/llog-unit.log)
  mgs-setup: SUCCESS (return code = 0, log: /tmp/ktest-results/mgs-setup.log)
  sanity-1: SUCCESS (return code = 0, log: /tmp/ktest-results/sanity-1.log)
  sanity-2: SUCCESS (return code = 0, log: /tmp/ktest-results/sanity-2.log)
  sanity-3: SUCCESS (return code = 0, log: /tmp/ktest-results/sanity-3.log)
  sanity-4: SUCCESS (return code = 0, log: /tmp/ktest-results/sanity-4.log)
</pre>
</body>
</html>
