Creating kernel tarball at /tmp/ktest-kernel.tar.gz...
Creating lustre tarball at /tmp/ktest-lustre.tar.gz...
Executing 16 jobs with dependencies
Jobs will start as soon as their dependencies are satisfied

Starting job: lustre_al2023 (ktest-out: /tmp/ktest_lustre_al2023_iu0xxj9d)
Starting job: lustre_mainline (ktest-out: /tmp/ktest_lustre_mainline_3tk6gp_2)
Starting job: lustre_mainline_strict (ktest-out: /tmp/ktest_lustre_mainline_strict_j754t2g6)
Starting job: lustre_mainline_native (ktest-out: /tmp/ktest_lustre_mainline_native_r7vl2top)
Starting job: checkpatch (ktest-out: /tmp/ktest_checkpatch_1rkxqvxd)
Starting job: lustre_u24 (ktest-out: /tmp/ktest_lustre_u24_5siis_yj)
put_archive(/tmp/ktest-kernel.tar.gz): 7.66s
put_archive(/tmp/ktest-kernel.tar.gz): 7.10s
put_archive(/tmp/ktest-kernel.tar.gz): 8.00s
put_archive(/tmp/ktest-kernel.tar.gz): 7.24s
put_archive(/tmp/ktest-kernel.tar.gz): 7.42s
put_archive(/tmp/ktest-kernel.tar.gz): 7.46s
put_archive(/tmp/ktest-lustre.tar.gz): 2.49s
put_archive(/tmp/ktest-lustre.tar.gz): 2.07s
put_archive(/tmp/ktest-lustre.tar.gz): 3.01s
put_archive(/tmp/ktest-lustre.tar.gz): 1.98s
put_archive(/tmp/ktest-lustre.tar.gz): 2.41s
put_archive(/tmp/ktest-lustre.tar.gz): 2.30s
Job checkpatch completed: SUCCESS (return code = 0, log: /tmp/ktest-results/checkpatch.log)
Job lustre_al2023 completed: SUCCESS (return code = 0, log: /tmp/ktest-results/lustre_al2023.log)
Job lustre_u24 completed: SUCCESS (return code = 0, log: /tmp/ktest-results/lustre_u24.log)
get_archive(ktest-out): 3.86s
Job lustre_mainline_strict completed: FAILED (return code = 1, log: /tmp/ktest-results/lustre_mainline_strict.log)
get_archive(ktest-out): 3.07s
get_archive(ktest-out): 3.14s
Job lustre_mainline_native completed: SUCCESS (return code = 0, log: /tmp/ktest-results/lustre_mainline_native.log)
Starting job: clang-tidy (ktest-out: /tmp/ktest_lustre_mainline_native_r7vl2top)
Starting job: cc-plugin (ktest-out: /tmp/ktest_lustre_mainline_native_r7vl2top)
Starting job: boot (ktest-out: /tmp/ktest_lustre_mainline_native_r7vl2top)
Starting job: llmount (ktest-out: /tmp/ktest_lustre_mainline_native_r7vl2top)
Starting job: llog-unit (ktest-out: /tmp/ktest_lustre_mainline_native_r7vl2top)
Starting job: mgs-setup (ktest-out: /tmp/ktest_lustre_mainline_native_r7vl2top)
Starting job: sanity-1 (ktest-out: /tmp/ktest_lustre_mainline_native_r7vl2top)
Starting job: sanity-2 (ktest-out: /tmp/ktest_lustre_mainline_native_r7vl2top)
Starting job: sanity-3 (ktest-out: /tmp/ktest_lustre_mainline_native_r7vl2top)
Starting job: sanity-4 (ktest-out: /tmp/ktest_lustre_mainline_native_r7vl2top)
Job lustre_mainline completed: SUCCESS (return code = 0, log: /tmp/ktest-results/lustre_mainline.log)
put_archive(/tmp/ktest_lustre_mainline_native_r7vl2top.tar): 1.59s
put_archive(/tmp/ktest_lustre_mainline_native_r7vl2top.tar): 18.56s
put_archive(/tmp/ktest_lustre_mainline_native_r7vl2top.tar): 18.47s
put_archive(/tmp/ktest_lustre_mainline_native_r7vl2top.tar): 18.34s
put_archive(/tmp/ktest-kernel.tar.gz): 13.37s
put_archive(/tmp/ktest-lustre.tar.gz): 36.58s
put_archive(/tmp/ktest_lustre_mainline_native_r7vl2top.tar): 29.15s
put_archive(/tmp/ktest_lustre_mainline_native_r7vl2top.tar): 48.77s
put_archive(/tmp/ktest_lustre_mainline_native_r7vl2top.tar): 29.13s
put_archive(/tmp/ktest-kernel.tar.gz): 29.27s
put_archive(/tmp/ktest_lustre_mainline_native_r7vl2top.tar): 29.27s
put_archive(/tmp/ktest-lustre.tar.gz): 42.26s
put_archive(/tmp/ktest_lustre_mainline_native_r7vl2top.tar): 54.70s
Job boot completed: SUCCESS (return code = 0, log: /tmp/ktest-results/boot.log)
put_archive(/tmp/ktest_lustre_mainline_native_r7vl2top.tar): 15.53s
Job sanity-4 completed: SUCCESS (return code = 0, log: /tmp/ktest-results/sanity-4.log)
Job clang-tidy completed: SUCCESS (return code = 0, log: /tmp/ktest-results/clang-tidy.log)
Job cc-plugin completed: FAILED (return code = 127, log: /tmp/ktest-results/cc-plugin.log)
Job llog-unit completed: SUCCESS (return code = 0, log: /tmp/ktest-results/llog-unit.log)
Job sanity-1 completed: SUCCESS (return code = 0, log: /tmp/ktest-results/sanity-1.log)
Job mgs-setup completed: SUCCESS (return code = 0, log: /tmp/ktest-results/mgs-setup.log)
Job sanity-2 completed: SUCCESS (return code = 0, log: /tmp/ktest-results/sanity-2.log)
Job sanity-3 completed: SUCCESS (return code = 0, log: /tmp/ktest-results/sanity-3.log)
Job llmount completed: SUCCESS (return code = 0, log: /tmp/ktest-results/llmount.log)

============================================================
Final Results:
  checkpatch: SUCCESS (return code = 0, log: /tmp/ktest-results/checkpatch.log)
  lustre_u24: SUCCESS (return code = 0, log: /tmp/ktest-results/lustre_u24.log)
  lustre_al2023: SUCCESS (return code = 0, log: /tmp/ktest-results/lustre_al2023.log)
  lustre_mainline_strict: FAILED (return code = 1, log: /tmp/ktest-results/lustre_mainline_strict.log)
  lustre_mainline: SUCCESS (return code = 0, log: /tmp/ktest-results/lustre_mainline.log)
  lustre_mainline_native: SUCCESS (return code = 0, log: /tmp/ktest-results/lustre_mainline_native.log)
  clang-tidy: SUCCESS (return code = 0, log: /tmp/ktest-results/clang-tidy.log)
  cc-plugin: FAILED (return code = 127, log: /tmp/ktest-results/cc-plugin.log)
  boot: SUCCESS (return code = 0, log: /tmp/ktest-results/boot.log)
  llmount: SUCCESS (return code = 0, log: /tmp/ktest-results/llmount.log)
  llog-unit: SUCCESS (return code = 0, log: /tmp/ktest-results/llog-unit.log)
  mgs-setup: SUCCESS (return code = 0, log: /tmp/ktest-results/mgs-setup.log)
  sanity-1: SUCCESS (return code = 0, log: /tmp/ktest-results/sanity-1.log)
  sanity-2: SUCCESS (return code = 0, log: /tmp/ktest-results/sanity-2.log)
  sanity-3: SUCCESS (return code = 0, log: /tmp/ktest-results/sanity-3.log)
  sanity-4: SUCCESS (return code = 0, log: /tmp/ktest-results/sanity-4.log)