Creating kernel tarball at /tmp/ktest-kernel.tar.gz...
Creating lustre tarball at /tmp/ktest-lustre.tar.gz...
Executing 16 jobs with dependencies
Jobs will start as soon as their dependencies are satisfied

Starting job: lustre_mainline_strict (ktest-out: /tmp/ktest_lustre_mainline_strict_s22ycq4e)
Starting job: lustre_mainline_native (ktest-out: /tmp/ktest_lustre_mainline_native_x02hppef)
Starting job: lustre_al2023 (ktest-out: /tmp/ktest_lustre_al2023_c1q4085u)
Starting job: checkpatch (ktest-out: /tmp/ktest_checkpatch__hwisjcy)
Starting job: lustre_u24 (ktest-out: /tmp/ktest_lustre_u24_04_q3dj7)
Starting job: lustre_mainline (ktest-out: /tmp/ktest_lustre_mainline_o1sfjs7n)
put_archive(/tmp/ktest-kernel.tar.gz): 8.78s
put_archive(/tmp/ktest-kernel.tar.gz): 9.34s
put_archive(/tmp/ktest-kernel.tar.gz): 9.79s
put_archive(/tmp/ktest-kernel.tar.gz): 9.59s
put_archive(/tmp/ktest-kernel.tar.gz): 10.11s
put_archive(/tmp/ktest-kernel.tar.gz): 9.96s
put_archive(/tmp/ktest-lustre.tar.gz): 7.00s
put_archive(/tmp/ktest-lustre.tar.gz): 7.16s
put_archive(/tmp/ktest-lustre.tar.gz): 6.58s
put_archive(/tmp/ktest-lustre.tar.gz): 6.90s
put_archive(/tmp/ktest-lustre.tar.gz): 8.49s
put_archive(/tmp/ktest-lustre.tar.gz): 6.78s
Job checkpatch completed: SUCCESS (return code = 0, log: /tmp/ktest-results/checkpatch.log)
Job lustre_al2023 completed: SUCCESS (return code = 0, log: /tmp/ktest-results/lustre_al2023.log)
Job lustre_u24 completed: SUCCESS (return code = 0, log: /tmp/ktest-results/lustre_u24.log)
get_archive(ktest-out): 4.64s
Job lustre_mainline_strict completed: FAILED (return code = 1, log: /tmp/ktest-results/lustre_mainline_strict.log)
get_archive(ktest-out): 3.13s
get_archive(ktest-out): 3.21s
Job lustre_mainline completed: SUCCESS (return code = 0, log: /tmp/ktest-results/lustre_mainline.log)
Job lustre_mainline_native completed: SUCCESS (return code = 0, log: /tmp/ktest-results/lustre_mainline_native.log)
Starting job: clang-tidy (ktest-out: /tmp/ktest_lustre_mainline_native_x02hppef)
Starting job: cc-plugin (ktest-out: /tmp/ktest_lustre_mainline_native_x02hppef)
Starting job: boot (ktest-out: /tmp/ktest_lustre_mainline_native_x02hppef)
Starting job: llmount (ktest-out: /tmp/ktest_lustre_mainline_native_x02hppef)
Starting job: llog-unit (ktest-out: /tmp/ktest_lustre_mainline_native_x02hppef)
Starting job: mgs-setup (ktest-out: /tmp/ktest_lustre_mainline_native_x02hppef)
Starting job: sanity-1 (ktest-out: /tmp/ktest_lustre_mainline_native_x02hppef)
Starting job: sanity-2 (ktest-out: /tmp/ktest_lustre_mainline_native_x02hppef)
Starting job: sanity-3 (ktest-out: /tmp/ktest_lustre_mainline_native_x02hppef)
Starting job: sanity-4 (ktest-out: /tmp/ktest_lustre_mainline_native_x02hppef)
put_archive(/tmp/ktest_lustre_mainline_native_x02hppef.tar): 2.12s
put_archive(/tmp/ktest_lustre_mainline_native_x02hppef.tar): 12.65s
put_archive(/tmp/ktest_lustre_mainline_native_x02hppef.tar): 14.24s
put_archive(/tmp/ktest_lustre_mainline_native_x02hppef.tar): 39.11s
put_archive(/tmp/ktest_lustre_mainline_native_x02hppef.tar): 39.12s
put_archive(/tmp/ktest_lustre_mainline_native_x02hppef.tar): 39.40s
put_archive(/tmp/ktest-kernel.tar.gz): 39.25s
put_archive(/tmp/ktest-kernel.tar.gz): 39.35s
put_archive(/tmp/ktest-lustre.tar.gz): 45.16s
put_archive(/tmp/ktest_lustre_mainline_native_x02hppef.tar): 45.08s
put_archive(/tmp/ktest_lustre_mainline_native_x02hppef.tar): 45.08s
put_archive(/tmp/ktest-lustre.tar.gz): 45.44s
put_archive(/tmp/ktest_lustre_mainline_native_x02hppef.tar): 30.03s
put_archive(/tmp/ktest_lustre_mainline_native_x02hppef.tar): 31.66s
Job boot completed: SUCCESS (return code = 0, log: /tmp/ktest-results/boot.log)
Job llog-unit completed: SUCCESS (return code = 0, log: /tmp/ktest-results/llog-unit.log)
Job mgs-setup completed: SUCCESS (return code = 0, log: /tmp/ktest-results/mgs-setup.log)
Job cc-plugin completed: FAILED (return code = 127, log: /tmp/ktest-results/cc-plugin.log)
Job clang-tidy completed: SUCCESS (return code = 0, log: /tmp/ktest-results/clang-tidy.log)
Job llmount completed: SUCCESS (return code = 0, log: /tmp/ktest-results/llmount.log)
Job sanity-3 completed: SUCCESS (return code = 0, log: /tmp/ktest-results/sanity-3.log)
Job sanity-2 completed: SUCCESS (return code = 0, log: /tmp/ktest-results/sanity-2.log)
Job sanity-1 completed: SUCCESS (return code = 0, log: /tmp/ktest-results/sanity-1.log)
Job sanity-4 completed: SUCCESS (return code = 0, log: /tmp/ktest-results/sanity-4.log)

============================================================
Final Results:
  checkpatch: SUCCESS (return code = 0, log: /tmp/ktest-results/checkpatch.log)
  lustre_u24: SUCCESS (return code = 0, log: /tmp/ktest-results/lustre_u24.log)
  lustre_al2023: SUCCESS (return code = 0, log: /tmp/ktest-results/lustre_al2023.log)
  lustre_mainline_strict: FAILED (return code = 1, log: /tmp/ktest-results/lustre_mainline_strict.log)
  lustre_mainline: SUCCESS (return code = 0, log: /tmp/ktest-results/lustre_mainline.log)
  lustre_mainline_native: SUCCESS (return code = 0, log: /tmp/ktest-results/lustre_mainline_native.log)
  clang-tidy: SUCCESS (return code = 0, log: /tmp/ktest-results/clang-tidy.log)
  cc-plugin: FAILED (return code = 127, log: /tmp/ktest-results/cc-plugin.log)
  boot: SUCCESS (return code = 0, log: /tmp/ktest-results/boot.log)
  llmount: SUCCESS (return code = 0, log: /tmp/ktest-results/llmount.log)
  llog-unit: SUCCESS (return code = 0, log: /tmp/ktest-results/llog-unit.log)
  mgs-setup: SUCCESS (return code = 0, log: /tmp/ktest-results/mgs-setup.log)
  sanity-1: SUCCESS (return code = 0, log: /tmp/ktest-results/sanity-1.log)
  sanity-2: SUCCESS (return code = 0, log: /tmp/ktest-results/sanity-2.log)
  sanity-3: SUCCESS (return code = 0, log: /tmp/ktest-results/sanity-3.log)
  sanity-4: SUCCESS (return code = 0, log: /tmp/ktest-results/sanity-4.log)