<html lang="en">
<body>
<pre>
Creating kernel tarball at /tmp/ktest-kernel.tar.gz...
Creating lustre tarball at /tmp/ktest-lustre.tar.gz...
Executing 16 jobs with dependencies
Jobs will start as soon as their dependencies are satisfied

Starting job: lustre_mainline_strict (ktest-out: /tmp/ktest_lustre_mainline_strict_01pt5oyv)
Starting job: lustre_mainline (ktest-out: /tmp/ktest_lustre_mainline_1kuxjrlb)
Starting job: lustre_al2023 (ktest-out: /tmp/ktest_lustre_al2023_q7unwq81)
Starting job: lustre_mainline_native (ktest-out: /tmp/ktest_lustre_mainline_native_rekznyxc)
Starting job: lustre_u24 (ktest-out: /tmp/ktest_lustre_u24_t5fnyjfq)
Starting job: checkpatch (ktest-out: /tmp/ktest_checkpatch_mlfrafe_)
put_archive(/tmp/ktest-kernel.tar.gz): 7.26s
put_archive(/tmp/ktest-kernel.tar.gz): 7.40s
put_archive(/tmp/ktest-kernel.tar.gz): 7.56s
put_archive(/tmp/ktest-kernel.tar.gz): 7.54s
put_archive(/tmp/ktest-kernel.tar.gz): 7.77s
put_archive(/tmp/ktest-kernel.tar.gz): 8.29s
put_archive(/tmp/ktest-lustre.tar.gz): 0.52s
put_archive(/tmp/ktest-lustre.tar.gz): 1.17s
put_archive(/tmp/ktest-lustre.tar.gz): 0.80s
put_archive(/tmp/ktest-lustre.tar.gz): 0.41s
put_archive(/tmp/ktest-lustre.tar.gz): 0.68s
put_archive(/tmp/ktest-lustre.tar.gz): 0.96s
Job checkpatch completed: SUCCESS (return code = 0, log: /tmp/ktest-results/checkpatch.log)
Job lustre_al2023 completed: FAILED (return code = 2, log: /tmp/ktest-results/lustre_al2023.log)
Job lustre_u24 completed: SUCCESS (return code = 0, log: /tmp/ktest-results/lustre_u24.log)
get_archive(ktest-out): 5.40s
Job lustre_mainline_strict completed: FAILED (return code = 1, log: /tmp/ktest-results/lustre_mainline_strict.log)
get_archive(ktest-out): 2.29s
get_archive(ktest-out): 2.31s
Job lustre_mainline completed: SUCCESS (return code = 0, log: /tmp/ktest-results/lustre_mainline.log)
Job lustre_mainline_native completed: SUCCESS (return code = 0, log: /tmp/ktest-results/lustre_mainline_native.log)
Starting job: clang-tidy (ktest-out: /tmp/ktest_lustre_mainline_native_rekznyxc)
Starting job: cc-plugin (ktest-out: /tmp/ktest_lustre_mainline_native_rekznyxc)
Starting job: boot (ktest-out: /tmp/ktest_lustre_mainline_native_rekznyxc)
Starting job: llmount (ktest-out: /tmp/ktest_lustre_mainline_native_rekznyxc)
Starting job: llog-unit (ktest-out: /tmp/ktest_lustre_mainline_native_rekznyxc)
Starting job: mgs-setup (ktest-out: /tmp/ktest_lustre_mainline_native_rekznyxc)
Starting job: sanity-1 (ktest-out: /tmp/ktest_lustre_mainline_native_rekznyxc)
Starting job: sanity-2 (ktest-out: /tmp/ktest_lustre_mainline_native_rekznyxc)
Starting job: sanity-3 (ktest-out: /tmp/ktest_lustre_mainline_native_rekznyxc)
Starting job: sanity-4 (ktest-out: /tmp/ktest_lustre_mainline_native_rekznyxc)
put_archive(/tmp/ktest_lustre_mainline_native_rekznyxc.tar): 5.63s
put_archive(/tmp/ktest_lustre_mainline_native_rekznyxc.tar): 4.77s
put_archive(/tmp/ktest_lustre_mainline_native_rekznyxc.tar): 5.16s
put_archive(/tmp/ktest_lustre_mainline_native_rekznyxc.tar): 4.93s
put_archive(/tmp/ktest_lustre_mainline_native_rekznyxc.tar): 20.87s
put_archive(/tmp/ktest_lustre_mainline_native_rekznyxc.tar): 20.10s
put_archive(/tmp/ktest_lustre_mainline_native_rekznyxc.tar): 20.94s
put_archive(/tmp/ktest-kernel.tar.gz): 20.10s
put_archive(/tmp/ktest_lustre_mainline_native_rekznyxc.tar): 20.24s
put_archive(/tmp/ktest-kernel.tar.gz): 20.96s
put_archive(/tmp/ktest-lustre.tar.gz): 0.88s
put_archive(/tmp/ktest-lustre.tar.gz): 11.09s
put_archive(/tmp/ktest_lustre_mainline_native_rekznyxc.tar): 14.65s
put_archive(/tmp/ktest_lustre_mainline_native_rekznyxc.tar): 4.34s
Job cc-plugin completed: FAILED (return code = 127, log: /tmp/ktest-results/cc-plugin.log)
Job mgs-setup completed: SUCCESS (return code = 0, log: /tmp/ktest-results/mgs-setup.log)
Job clang-tidy completed: SUCCESS (return code = 0, log: /tmp/ktest-results/clang-tidy.log)
Job boot completed: SUCCESS (return code = 0, log: /tmp/ktest-results/boot.log)
Job sanity-4 completed: SUCCESS (return code = 0, log: /tmp/ktest-results/sanity-4.log)
Job llmount completed: SUCCESS (return code = 0, log: /tmp/ktest-results/llmount.log)
Job llog-unit completed: SUCCESS (return code = 0, log: /tmp/ktest-results/llog-unit.log)
Job sanity-2 completed: SUCCESS (return code = 0, log: /tmp/ktest-results/sanity-2.log)
Job sanity-3 completed: SUCCESS (return code = 0, log: /tmp/ktest-results/sanity-3.log)
Job sanity-1 completed: SUCCESS (return code = 0, log: /tmp/ktest-results/sanity-1.log)

============================================================
Final Results:
  checkpatch: SUCCESS (return code = 0, log: /tmp/ktest-results/checkpatch.log)
  lustre_u24: SUCCESS (return code = 0, log: /tmp/ktest-results/lustre_u24.log)
  lustre_al2023: FAILED (return code = 2, log: /tmp/ktest-results/lustre_al2023.log)
  lustre_mainline_strict: FAILED (return code = 1, log: /tmp/ktest-results/lustre_mainline_strict.log)
  lustre_mainline: SUCCESS (return code = 0, log: /tmp/ktest-results/lustre_mainline.log)
  lustre_mainline_native: SUCCESS (return code = 0, log: /tmp/ktest-results/lustre_mainline_native.log)
  clang-tidy: SUCCESS (return code = 0, log: /tmp/ktest-results/clang-tidy.log)
  cc-plugin: FAILED (return code = 127, log: /tmp/ktest-results/cc-plugin.log)
  boot: SUCCESS (return code = 0, log: /tmp/ktest-results/boot.log)
  llmount: SUCCESS (return code = 0, log: /tmp/ktest-results/llmount.log)
  llog-unit: SUCCESS (return code = 0, log: /tmp/ktest-results/llog-unit.log)
  mgs-setup: SUCCESS (return code = 0, log: /tmp/ktest-results/mgs-setup.log)
  sanity-1: SUCCESS (return code = 0, log: /tmp/ktest-results/sanity-1.log)
  sanity-2: SUCCESS (return code = 0, log: /tmp/ktest-results/sanity-2.log)
  sanity-3: SUCCESS (return code = 0, log: /tmp/ktest-results/sanity-3.log)
  sanity-4: SUCCESS (return code = 0, log: /tmp/ktest-results/sanity-4.log)
</pre>
</body>
</html>
