<html lang="en">
<body>
<pre>
Creating kernel tarball at /tmp/ktest-kernel.tar.gz...
Creating lustre tarball at /tmp/ktest-lustre.tar.gz...
Executing 16 jobs with dependencies
Jobs will start as soon as their dependencies are satisfied

Starting job: lustre_al2023 (ktest-out: /tmp/ktest_lustre_al2023_w9fi69_4)
Starting job: lustre_mainline_strict (ktest-out: /tmp/ktest_lustre_mainline_strict_t9k0jk90)
Starting job: checkpatch (ktest-out: /tmp/ktest_checkpatch_iy54f8wd)
Starting job: lustre_u24 (ktest-out: /tmp/ktest_lustre_u24_m54tok1i)
Starting job: lustre_mainline (ktest-out: /tmp/ktest_lustre_mainline_gjobd2mt)
Starting job: lustre_mainline_native (ktest-out: /tmp/ktest_lustre_mainline_native_pt2bn7ee)
put_archive(/tmp/ktest-kernel.tar.gz): 7.23s
put_archive(/tmp/ktest-kernel.tar.gz): 7.27s
put_archive(/tmp/ktest-kernel.tar.gz): 7.08s
put_archive(/tmp/ktest-kernel.tar.gz): 7.52s
put_archive(/tmp/ktest-kernel.tar.gz): 7.09s
put_archive(/tmp/ktest-kernel.tar.gz): 7.28s
put_archive(/tmp/ktest-lustre.tar.gz): 6.00s
put_archive(/tmp/ktest-lustre.tar.gz): 6.14s
put_archive(/tmp/ktest-lustre.tar.gz): 6.39s
put_archive(/tmp/ktest-lustre.tar.gz): 5.78s
put_archive(/tmp/ktest-lustre.tar.gz): 5.66s
put_archive(/tmp/ktest-lustre.tar.gz): 5.95s
Job checkpatch completed: FAILED (return code = 1, log: /tmp/ktest-results/checkpatch.log)
Job lustre_al2023 completed: FAILED (return code = 2, log: /tmp/ktest-results/lustre_al2023.log)
Job lustre_u24 completed: SUCCESS (return code = 0, log: /tmp/ktest-results/lustre_u24.log)
get_archive(ktest-out): 5.30s
Job lustre_mainline_strict completed: FAILED (return code = 1, log: /tmp/ktest-results/lustre_mainline_strict.log)
get_archive(ktest-out): 3.08s
get_archive(ktest-out): 3.14s
Job lustre_mainline_native completed: SUCCESS (return code = 0, log: /tmp/ktest-results/lustre_mainline_native.log)
Starting job: clang-tidy (ktest-out: /tmp/ktest_lustre_mainline_native_pt2bn7ee)
Starting job: cc-plugin (ktest-out: /tmp/ktest_lustre_mainline_native_pt2bn7ee)
Starting job: boot (ktest-out: /tmp/ktest_lustre_mainline_native_pt2bn7ee)
Starting job: llmount (ktest-out: /tmp/ktest_lustre_mainline_native_pt2bn7ee)
Starting job: llog-unit (ktest-out: /tmp/ktest_lustre_mainline_native_pt2bn7ee)
Starting job: mgs-setup (ktest-out: /tmp/ktest_lustre_mainline_native_pt2bn7ee)
Starting job: sanity-1 (ktest-out: /tmp/ktest_lustre_mainline_native_pt2bn7ee)
Starting job: sanity-2 (ktest-out: /tmp/ktest_lustre_mainline_native_pt2bn7ee)
Starting job: sanity-3 (ktest-out: /tmp/ktest_lustre_mainline_native_pt2bn7ee)
Starting job: sanity-4 (ktest-out: /tmp/ktest_lustre_mainline_native_pt2bn7ee)
Job lustre_mainline completed: SUCCESS (return code = 0, log: /tmp/ktest-results/lustre_mainline.log)
put_archive(/tmp/ktest_lustre_mainline_native_pt2bn7ee.tar): 1.61s
put_archive(/tmp/ktest_lustre_mainline_native_pt2bn7ee.tar): 34.18s
put_archive(/tmp/ktest_lustre_mainline_native_pt2bn7ee.tar): 33.73s
put_archive(/tmp/ktest_lustre_mainline_native_pt2bn7ee.tar): 34.39s
put_archive(/tmp/ktest_lustre_mainline_native_pt2bn7ee.tar): 34.00s
put_archive(/tmp/ktest-kernel.tar.gz): 34.83s
put_archive(/tmp/ktest_lustre_mainline_native_pt2bn7ee.tar): 34.46s
put_archive(/tmp/ktest-lustre.tar.gz): 66.74s
put_archive(/tmp/ktest_lustre_mainline_native_pt2bn7ee.tar): 67.09s
put_archive(/tmp/ktest_lustre_mainline_native_pt2bn7ee.tar): 66.10s
put_archive(/tmp/ktest-kernel.tar.gz): 66.35s
put_archive(/tmp/ktest-lustre.tar.gz): 14.63s
put_archive(/tmp/ktest_lustre_mainline_native_pt2bn7ee.tar): 14.97s
put_archive(/tmp/ktest_lustre_mainline_native_pt2bn7ee.tar): 6.38s
Job boot completed: SUCCESS (return code = 0, log: /tmp/ktest-results/boot.log)
Job cc-plugin completed: FAILED (return code = 127, log: /tmp/ktest-results/cc-plugin.log)
Job mgs-setup completed: SUCCESS (return code = 0, log: /tmp/ktest-results/mgs-setup.log)
Job clang-tidy completed: SUCCESS (return code = 0, log: /tmp/ktest-results/clang-tidy.log)
Job llmount completed: SUCCESS (return code = 0, log: /tmp/ktest-results/llmount.log)
Job sanity-2 completed: SUCCESS (return code = 0, log: /tmp/ktest-results/sanity-2.log)
Job sanity-1 completed: SUCCESS (return code = 0, log: /tmp/ktest-results/sanity-1.log)
Job llog-unit completed: SUCCESS (return code = 0, log: /tmp/ktest-results/llog-unit.log)
Job sanity-4 completed: SUCCESS (return code = 0, log: /tmp/ktest-results/sanity-4.log)
Job sanity-3 completed: SUCCESS (return code = 0, log: /tmp/ktest-results/sanity-3.log)

============================================================
Final Results:
  checkpatch: FAILED (return code = 1, log: /tmp/ktest-results/checkpatch.log)
  lustre_u24: SUCCESS (return code = 0, log: /tmp/ktest-results/lustre_u24.log)
  lustre_al2023: FAILED (return code = 2, log: /tmp/ktest-results/lustre_al2023.log)
  lustre_mainline_strict: FAILED (return code = 1, log: /tmp/ktest-results/lustre_mainline_strict.log)
  lustre_mainline: SUCCESS (return code = 0, log: /tmp/ktest-results/lustre_mainline.log)
  lustre_mainline_native: SUCCESS (return code = 0, log: /tmp/ktest-results/lustre_mainline_native.log)
  clang-tidy: SUCCESS (return code = 0, log: /tmp/ktest-results/clang-tidy.log)
  cc-plugin: FAILED (return code = 127, log: /tmp/ktest-results/cc-plugin.log)
  boot: SUCCESS (return code = 0, log: /tmp/ktest-results/boot.log)
  llmount: SUCCESS (return code = 0, log: /tmp/ktest-results/llmount.log)
  llog-unit: SUCCESS (return code = 0, log: /tmp/ktest-results/llog-unit.log)
  mgs-setup: SUCCESS (return code = 0, log: /tmp/ktest-results/mgs-setup.log)
  sanity-1: SUCCESS (return code = 0, log: /tmp/ktest-results/sanity-1.log)
  sanity-2: SUCCESS (return code = 0, log: /tmp/ktest-results/sanity-2.log)
  sanity-3: SUCCESS (return code = 0, log: /tmp/ktest-results/sanity-3.log)
  sanity-4: SUCCESS (return code = 0, log: /tmp/ktest-results/sanity-4.log)
</pre>
</body>
</html>
