<html lang="en">
<body>
<pre>
PLUGIN
[1/451] Processing file /tmp/ktest-out/lustre_build.x86_64/lustre/utils/liblustreapi_hsm.c
[3/451] Processing file /tmp/ktest-out/lustre_build.x86_64/lustre/llite/lproc_llite.c
[2/451] Processing file /tmp/ktest-out/lustre_build.x86_64/libcfs/libcfs/crypto/crypto.c
[4/451] Processing file /tmp/ktest-out/lustre_build.x86_64/lustre/mdd/mdd_permission.c
[5/451] Processing file /tmp/ktest-out/lustre_build.x86_64/lustre/osc/osc_quota.c
[6/451] Processing file /tmp/ktest-out/lustre_build.x86_64/lustre/ofd/ofd_access_log.c
[7/451] Processing file /tmp/ktest-out/lustre_build.x86_64/lustre/lod/lod_lov.c
[8/451] Processing file /tmp/ktest-out/lustre_build.x86_64/lustre/llite/crypto.c
[9/451] Processing file /tmp/ktest-out/lustre_build.x86_64/lustre/lmv/lmv_fld.c
[10/451] Processing file /tmp/ktest-out/lustre_build.x86_64/lustre/obdclass/obdo_server.c
[11/451] Processing file /tmp/ktest-out/lustre_build.x86_64/lustre/obdclass/lprocfs_status_server.c
[12/451] Processing file /tmp/ktest-out/lustre_build.x86_64/lustre/mdt/mdt_som.c
[13/451] Processing file /tmp/ktest-out/lustre_build.x86_64/lustre/ptlrpc/pinger.c
[14/451] Processing file /tmp/ktest-out/lustre_build.x86_64/lustre/ptlrpc/ptlrpcd.c
[15/451] Processing file /tmp/ktest-out/lustre_build.x86_64/lustre/mdd/mdd_dir.c
[16/451] Processing file /tmp/ktest-out/lustre_build.x86_64/lustre/ldlm/ldlm_plain.c
[17/451] Processing file /tmp/ktest-out/lustre_build.x86_64/lustre/utils/liblustreapi_json.c
[18/451] Processing file /tmp/ktest-out/lustre_build.x86_64/lustre/ptlrpc/pers.c
[19/451] Processing file /tmp/ktest-out/lustre_build.x86_64/lustre/llite/xattr_security.c
[20/451] Processing file /tmp/ktest-out/lustre_build.x86_64/lustre/fld/fld_index.c
[21/451] Processing file /tmp/ktest-out/lustre_build.x86_64/lustre/obdclass/llog_swab.c
[22/451] Processing file /tmp/ktest-out/lustre_build.x86_64/lustre/obdclass/lu_ucred.c
[23/451] Processing file /tmp/ktest-out/lustre_build.x86_64/lnet/lnet/api-ni.c
[24/451] Processing file /tmp/ktest-out/lustre_build.x86_64/lustre/lov/lov_page.c
[25/451] Processing file /tmp/ktest-out/lustre_build.x86_64/lustre/ptlrpc/nrs.c
[26/451] Processing file /tmp/ktest-out/lustre_build.x86_64/lustre/llite/pcc.c
[27/451] Processing file /tmp/ktest-out/lustre_build.x86_64/lustre/obdclass/page_pools.c
[28/451] Processing file /tmp/ktest-out/lustre_build.x86_64/lustre/mdt/mdt_identity.c
[29/451] Processing file /tmp/ktest-out/lustre_build.x86_64/lustre/utils/pid_file.c
[30/451] Processing file /tmp/ktest-out/lustre_build.x86_64/lustre/ldlm/ldlm_inodebits.c
[31/451] Processing file /tmp/ktest-out/lustre_build.x86_64/lustre/obdecho/debug.c
[32/451] Processing file /tmp/ktest-out/lustre_build.x86_64/libcfs/libcfs/crypto/policy.c
[33/451] Processing file /tmp/ktest-out/lustre_build.x86_64/lnet/klnds/socklnd/socklnd_cb.c
In file included from liblustreapi_hsm.c:44:
[1m/tmp/ktest-out/lustre_build.x86_64/lustre/include/uapi/linux/lustre/lustre_idl.h:3140:25: [0m[0;1;35mwarning: [0m[1mfield 'arr_hai' with variable sized type 'struct hsm_action_item' not at the end of a struct or class is a GNU extension [-Wgnu-variable-sized-type-not-at-end][0m
 3140 |         [0;34mstruct[0m hsm_action_item  arr_hai;        [0;33m/**< req. to the agent */[0m
      | [0;1;32m                                ^
[0m[1mliblustreapi_hsm.c:67:22: [0m[0;1;35mwarning: [0m[1mfield 'copy' with variable sized type 'struct hsm_copy' not at the end of a struct or class is a GNU extension [-Wgnu-variable-sized-type-not-at-end][0m
   67 |         [0;34mstruct[0m hsm_copy                          copy;[0m
      | [0;1;32m                                                 ^
[0m2 warnings generated.
[34/451] Processing file /tmp/ktest-out/lustre_build.x86_64/lustre/osp/osp_sync.c
[35/451] Processing file /home/ktest/git/linux/scripts/module-common.c
[36/451] Processing file /tmp/ktest-out/lustre_build.x86_64/libcfs/libcfs/util/parser.c
[37/451] Processing file /tmp/ktest-out/lustre_build.x86_64/lustre/osc/osc.mod.c
[0;1;31merror: [0m[1merror opening 'libcfs/libcfs/crypto/.crypto.o.d': No such file or directory[0m
1 error generated.
Error while processing /tmp/ktest-out/lustre_build.x86_64/libcfs/libcfs/crypto/crypto.c.
[38/451] Processing file /tmp/ktest-out/lustre_build.x86_64/lustre/utils/mount_lustre.c
[0;1;31merror: [0m[1merror opening 'lustre/llite/.lproc_llite.o.d': No such file or directory[0m
1 error generated.
In file included from mount_lustre.c:41:
In file included from ./mount_utils.h:39:
[1m/tmp/ktest-out/lustre_build.x86_64/lustre/include/uapi/linux/lustre/lustre_idl.h:3140:25: Error while processing /tmp/ktest-out/lustre_build.x86_64/lustre/llite/lproc_llite.c.
[39/451] Processing file /tmp/ktest-out/lustre_build.x86_64/lustre/llite/dcache.c
[0m[0;1;35mwarning: [0m[1mfield 'arr_hai' with variable sized type 'struct hsm_action_item' not at the end of a struct or class is a GNU extension [-Wgnu-variable-sized-type-not-at-end][0m
 3140 |         [0;34mstruct[0m hsm_action_item  arr_hai;        [0;33m/**< req. to the agent */[0m
      | [0;1;32m                                ^
[0m[0;1;31merror: [0m[1merror opening 'lustre/osc/.osc.mod.o.d': No such file or directory[0m
1 error generated.
Error while processing /tmp/ktest-out/lustre_build.x86_64/lustre/osc/osc.mod.c.
[40/451] Processing file /tmp/ktest-out/lustre_build.x86_64/lustre/mdc/mdc_batch.c
1 warning generated.
[41/451] Processing file /tmp/ktest-out/lustre_build.x86_64/lustre/obdclass/upcall_cache.c
[0;1;31merror: [0m[1merror opening 'libcfs/libcfs/crypto/.policy.o.d': No such file or directory[0m
1 error generated.
Error while processing /tmp/ktest-out/lustre_build.x86_64/libcfs/libcfs/crypto/policy.c.
[42/451] Processing file /tmp/ktest-out/lustre_build.x86_64/lustre/osc/osc_io.c
[0;1;31merror: [0m[1merror opening 'lustre/obdclass/.llog_swab.o.d': No such file or directory[0m
1 error generated.
Error while processing /tmp/ktest-out/lustre_build.x86_64/lustre/obdclass/llog_swab.c.
[43/451] Processing file /tmp/ktest-out/lustre_build.x86_64/lustre/obdclass/lu_object.c
[0;1;31merror: [0m[1merror opening 'lustre/lov/.lov_page.o.d': No such file or directory[0m
1 error generated.
Error while processing /tmp/ktest-out/lustre_build.x86_64/lustre/lov/lov_page.c.
[44/451] Processing file /tmp/ktest-out/lustre_build.x86_64/lustre/mdt/mdt_restripe.c
[0;1;31merror: [0m[1merror opening 'lustre/ptlrpc/../../lustre/ldlm/.ldlm_plain.o.d': No such file or directory[0m
1 error generated.
Error while processing /tmp/ktest-out/lustre_build.x86_64/lustre/ldlm/ldlm_plain.c.
[45/451] Processing file /tmp/ktest-out/lustre_build.x86_64/lustre/ec/ec.mod.c
[0;1;31merror: [0m[1merror opening 'lustre/mdt/.mdt_identity.o.d': No such file or directory[0m
1 error generated.
Error while processing /tmp/ktest-out/lustre_build.x86_64/lustre/mdt/mdt_identity.c.
[46/451] Processing file /tmp/ktest-out/lustre_build.x86_64/lustre/ptlrpc/niobuf.c
[0;1;31merror: [0m[1merror opening 'lustre/ptlrpc/.pers.o.d': No such file or directory[0m
1 error generated.
Error while processing /tmp/ktest-out/lustre_build.x86_64/lustre/ptlrpc/pers.c.
[47/451] Processing file /tmp/ktest-out/lustre_build.x86_64/lnet/utils/wirecheck.c
[0;1;31merror: [0m[1merror opening 'lustre/obdclass/.page_pools.o.d': No such file or directory[0m
1 error generated.
[0;1;31merror: [0m[1merror opening 'lustre/osc/.osc_quota.o.d': No such file or directory[0m
Error while processing 1 error generated.
/tmp/ktest-out/lustre_build.x86_64/lustre/obdclass/page_pools.c.
[48/451] Processing file /tmp/ktest-out/lustre_build.x86_64/lustre/osd-wbcfs/osd_handler.c
Error while processing /tmp/ktest-out/lustre_build.x86_64/lustre/osc/osc_quota.c.
[49/451] Processing file /tmp/ktest-out/lustre_build.x86_64/lnet/utils/lnetctl.c
[0;1;31merror: [0m[1merror opening 'lustre/ptlrpc/.ptlrpcd.o.d': No such file or directory[0m
1[50/451] Processing file /tmp/ktest-out/lustre_build.x86_64/lustre/mgs/mgs_handler.c
 error generated.
Error while processing /tmp/ktest-out/lustre_build.x86_64/lustre/ptlrpc/ptlrpcd.c.
[51/451] Processing file /tmp/ktest-out/lustre_build.x86_64/lnet/klnds/socklnd/socklnd.c
[0;1;31merror: [0m[1merror opening 'lustre/ptlrpc/.pinger.o.d': No such file or directory[0m
1 error generated.
Error while processing /tmp/ktest-out/lustre_build.x86_64/lustre/ptlrpc/pinger.c.
[52/451] Processing file /tmp/ktest-out/lustre_build.x86_64/lustre/ptlrpc/import.c
[0;1;31merror: [0m[1merror opening 'lustre/ptlrpc/../../lustre/ldlm/.ldlm_inodebits.o.d': No such file or directory[0m
1 error generated.
Error while processing /tmp/ktest-out/lustre_build.x86_64/lustre/ldlm/ldlm_inodebits.c.
[53/451] Processing file /tmp/ktest-out/lustre_build.x86_64/lustre/mdt/mdt.mod.c
[0;1;31merror: [0m[1merror opening 'lustre/mdt/.mdt_som.o.d': No such file or directory[0m
1 error generated.
Error while processing /tmp/ktest-out/lustre_build.x86_64/lustre/mdt/mdt_som.c.
[54/451] Processing file /tmp/ktest-out/lustre_build.x86_64/lustre/obdclass/kernelcomm.c
[0;1;31merror: [0m[1merror opening 'lustre/llite/.xattr_security.o.d': No such file or directory[0m
1 error generated.
Error while processing /tmp/ktest-out/lustre_build.x86_64/lustre/llite/xattr_security.c.
[55/451] Processing file /tmp/ktest-out/lustre_build.x86_64/lustre/mdc/mdc_acl.c
[0;1;31merror: [0m[1merror opening 'lustre/lmv/.lmv_fld.o.d': No such file or directory[0m
1 error generated.
Error while processing /tmp/ktest-out/lustre_build.x86_64/lustre/lmv/lmv_fld.c.
[56/451] Processing file /tmp/ktest-out/lustre_build.x86_64/lnet/utils/routerstat.c
[0;1;31merror: [0m[1merror opening 'lustre/llite/.pcc.o.d': No such file or directory[0m
1[57/451] Processing file /tmp/ktest-out/lustre_build.x86_64/lustre/lfsck/lfsck_bookmark.c
 error generated.
Error while processing /tmp/ktest-out/lustre_build.x86_64/lustre/llite/pcc.c.
[58/451] Processing file /tmp/ktest-out/lustre_build.x86_64/lustre/llite/lcommon_misc.c
[0;1;31merror: [0m[1merror opening 'lustre/fld/.fld_index.o.d': No such file or directory[0m
1 error generated.
Error while processing /tmp/ktest-out/lustre_build.x86_64/lustre/fld/fld_index.c.
[59/451] Processing file /tmp/ktest-out/lustre_build.x86_64/lustre/utils/wirecheck.c
[0;1;31merror: [0m[1merror opening 'lustre/obdclass/.lu_ucred.o.d': No such file or directory[0m
1 error generated.
Error while processing /tmp/ktest-out/lustre_build.x86_64/lustre/obdclass/lu_ucred.c.
[60/451] Processing file /tmp/ktest-out/lustre_build.x86_64/lustre/mdc/mdc_changelog.c
In file included from wirecheck.c:20:
[1m/tmp/ktest-out/lustre_build.x86_64/lustre/include/uapi/linux/lustre/lustre_idl.h:3140:25: [0m[0;1;35mwarning: [0m[1mfield 'arr_hai' with variable sized type 'struct hsm_action_item' not at the end of a struct or class is a GNU extension [-Wgnu-variable-sized-type-not-at-end][0m
 3140 |         [0;34mstruct[0m hsm_action_item  arr_hai;        [0;33m/**< req. to the agent */[0m
      | [0;1;32m                                ^
[0m[0;1;31merror: [0m[1merror opening 'lustre/obdecho/.debug.o.d': No such file or directory[0m
1 error generated.
Error while processing /tmp/ktest-out/lustre_build.x86_64/lustre/obdecho/debug.c.
[61/451] Processing file /tmp/ktest-out/lustre_build.x86_64/lustre/lov/lovsub_dev.c
[0;1;31merror: [0m[1merror opening 'lustre/mdd/.mdd_dir.o.d': No such file or directory[0m
1 error generated.
Error while processing /tmp/ktest-out/lustre_build.x86_64/lustre/mdd/mdd_dir.c.
[62/451] Processing file /tmp/ktest-out/lustre_build.x86_64/lustre/utils/liblustreapi_mirror.c
[0;1;31merror: [0m[1merror opening 'lustre/mdd/.mdd_permission.o.d': No such file or directory[0m
1 error generated.
Error while processing /tmp/ktest-out/lustre_build.x86_64/lustre/mdd/mdd_permission.c.
[63/451] Processing file /tmp/ktest-out/lustre_build.x86_64/lustre/osd-wbcfs/osd_io.c
In file included from liblustreapi_mirror.c:32:
In file included from /tmp/ktest-out/lustre_build.x86_64/lustre/include/uapi/linux/lustre/lustre_ioctl.h:20:
[1m/tmp/ktest-out/lustre_build.x86_64/lustre/include/uapi/linux/lustre/lustre_idl.h:3140:25: [0m[0;1;35mwarning: [0m[1mfield 'arr_hai' with variable sized type 'struct hsm_action_item' not at the end of a struct or class is a GNU extension [-Wgnu-variable-sized-type-not-at-end][0m
 3140 |         [0;34mstruct[0m hsm_action_item  arr_hai;        [0;33m/**< req. to the agent */[0m
      | [0;1;32m                                ^
[0m[0;1;31merror: [0m[1merror opening 'lustre/obdclass/.obdo_server.o.d': No such file or directory[0m
1 error generated.
Error while processing /tmp/ktest-out/lustre_build.x86_64/lustre/obdclass/obdo_server.c.
[64/451] Processing file /tmp/ktest-out/lustre_build.x86_64/lustre/lod/lod.mod.c
[0;1;31merror: [0m[1merror opening 'lustre/osp/.osp_sync.o.d': No such file or directory[0m
1 error generated.
Error while processing /tmp/ktest-out/lustre_build.x86_64/lustre/osp/osp_sync.c.
[65/451] Processing file /tmp/ktest-out/lustre_build.x86_64/lustre/obdclass/cl_page.c
[0;1;31merror: [0m[1merror opening 'lustre/lod/.lod_lov.o.d': No such file or directory[0m
1 error generated.
Error while processing /tmp/ktest-out/lustre_build.x86_64/lustre/lod/lod_lov.c.
[66/451] Processing file /tmp/ktest-out/lustre_build.x86_64/lustre/lov/lov_io.c
[0;1;31merror: [0m[1merror opening 'lustre/mdc/.mdc_batch.o.d': No such file or directory[0m
1 error generated.
Error while processing /tmp/ktest-out/lustre_build.x86_64/lustre/mdc/mdc_batch.c.
[67/451] Processing file /tmp/ktest-out/lustre_build.x86_64/lustre/utils/liblustreapi_pfind.c
[0;1;31merror: [0m[1merror opening 'lustre/llite/.crypto.o.d': No such file or directory[0m
1 error generated.
Error while processing /tmp/ktest-out/lustre_build.x86_64/lustre/llite/crypto.c.
[68/451] Processing file /tmp/ktest-out/lustre_build.x86_64/lustre/utils/liblustreapi_chlg.c[1m
liblustreapi_pfind.c:32:33: [0m[0;1;35mwarning: [0m[1mpointer type mismatch ('void *' and 'int (*)(char *, int, int *, void *, struct dirent64 *)') [-Wpointer-type-mismatch][0m
   32 |         sem_init = queue->fwq_sem_init ?: cb_find_init;[0m
      | [0;1;32m                   ~~~~~~~~~~~~~~~~~~~ ^  ~~~~~~~~~~~~
[0m[1mliblustreapi_pfind.c:33:33: [0m[0;1;35mwarning: [0m[1mpointer type mismatch ('void *' and 'int (*)(char *, int, int *, void *, struct dirent64 *)') [-Wpointer-type-mismatch][0m
   33 |         sem_fini = queue->fwq_sem_fini ?: cb_common_fini;[0m
      | [0;1;32m                   ~~~~~~~~~~~~~~~~~~~ ^  ~~~~~~~~~~~~~~
[0m[0;1;31merror: [0m[1merror opening 'lnet/lnet/.api-ni.o.d': No such file or directory[0m
1 error generated.
Error while processing /tmp/ktest-out/lustre_build.x86_64/lnet/lnet/api-ni.c.
[69/451] Processing file /tmp/ktest-out/lustre_build.x86_64/lustre/llite/lustre.mod.c
[0;1;31merror: [0m[1merror opening 'lustre/ec/.ec.mod.o.d': No such file or directory[0m
1 error generated.
Error while processing /tmp/ktest-out/lustre_build.x86_64/lustre/ec/ec.mod.c.
[70/451] Processing file /tmp/ktest-out/lustre_build.x86_64/lustre/obdclass/idmap.c
In file included from liblustreapi_chlg.c:26:
In file included from /tmp/ktest-out/lustre_build.x86_64/lustre/include/uapi/linux/lustre/lustre_ioctl.h:20:
[1m/tmp/ktest-out/lustre_build.x86_64/lustre/include/uapi/linux/lustre/lustre_idl.h:3140:25: [0m[0;1;35mwarning: [0m[1mfield 'arr_hai' with variable sized type 'struct hsm_action_item' not at the end of a struct or class is a GNU extension [-Wgnu-variable-sized-type-not-at-end][0m
 3140 |         [0;34mstruct[0m hsm_action_item  arr_hai;        [0;33m/**< req. to the agent */[0m
      | [0;1;32m                                ^
[0m[0;1;31merror: [0m[1merror opening 'lnet/klnds/socklnd/.socklnd_cb.o.d': No such file or directory[0m
1 error generated.
[71/451] Processing file /tmp/ktest-out/lustre_build.x86_64/libcfs/libcfs/crypto/keysetup.c
Error while processing /tmp/ktest-out/lustre_build.x86_64/lnet/klnds/socklnd/socklnd_cb.c.
[72/451] Processing file /tmp/ktest-out/lustre_build.x86_64/lustre/obdclass/obdclass.mod.c
[0;1;31merror: [0m[1merror opening 'lustre/ptlrpc/.nrs.o.d': No such file or directory[0m
1 error generated.
Error while processing /tmp/ktest-out/lustre_build.x86_64/lustre/ptlrpc/nrs.c.
[73/451] Processing file /tmp/ktest-out/lustre_build.x86_64/lustre/ptlrpc/nodemap_fileset_alt.c
[0;1;31merror: [0m[1merror opening 'lustre/ofd/.ofd_access_log.o.d': No such file or directory[0m
1 error generated.
Error while processing /tmp/ktest-out/lustre_build.x86_64/lustre/ofd/ofd_access_log.c.
[74/451] Processing file /tmp/ktest-out/lustre_build.x86_64/lustre/mdt/mdt_hsm_cdt_client.c
[0;1;31merror: [0m[1merror opening 'lustre/llite/.dcache.o.d': No such file or directory[0m
1 warning generated.
[75/451] Processing file /tmp/ktest-out/lustre_build.x86_64/lustre/ldlm/ldlm_lock.c1 error generated.

[0;1;31merror: [0m[1merror opening 'lustre/mdt/.mdt.mod.o.d': No such file or directory[0m
1 error generated.
Error while processing /tmp/ktest-out/lustre_build.x86_64/lustre/mdt/mdt.mod.c.
[76/451] Processing file /tmp/ktest-out/lustre_build.x86_64/lustre/osp/osp_dev.c1
 warning generated.
[77/451] Processing file /tmp/ktest-out/lustre_build.x86_64/lnet/selftest/conctl.c
Error while processing /tmp/ktest-out/lustre_build.x86_64/lustre/llite/dcache.c.
[78/451] Processing file /tmp/ktest-out/lustre_build.x86_64/lustre/llite/xattr_cache.c
[0;1;31merror: [0m[1merror opening 'lustre/mdt/.mdt_restripe.o.d': No such file or directory[0m
1 error generated.
Error while processing /tmp/ktest-out/lustre_build.x86_64/lustre/mdt/mdt_restripe.c.
[79/451] Processing file /tmp/ktest-out/lustre_build.x86_64/lustre/llite/glimpse.c
[0;1;31merror: [0m[1merror opening 'lustre/obdclass/.lprocfs_status_server.o.d': No such file or directory[0m
1 error generated.
Error while processing /tmp/ktest-out/lustre_build.x86_64/lustre/obdclass/lprocfs_status_server.c.
[80/451] Processing file /tmp/ktest-out/lustre_build.x86_64/lnet/lnet/lnet-crypto.c
2 warnings generated.
[81/451] Processing file /tmp/ktest-out/lustre_build.x86_64/lustre/utils/liblustreapi_ioctl.c
[0;1;31merror: [0m[1merror opening 'lustre/osc/.osc_io.o.d': No such file or directory[0m
1 error generated.
Error while processing /tmp/ktest-out/lustre_build.x86_64/lustre/osc/osc_io.c.
[82/451] Processing file /tmp/ktest-out/lustre_build.x86_64/lustre/lmv/lproc_lmv.c
1 warning generated.
[83/451] Processing file /tmp/ktest-out/lustre_build.x86_64/lustre/lod/lod_qos.c
[0;1;31merror: [0m[1merror opening 'lustre/obdclass/.upcall_cache.o.d': No such file or directory[0m
1 error generated.
In file included from liblustreapi_ioctl.c:24:
In file included from /tmp/ktest-out/lustre_build.x86_64/lustre/include/uapi/linux/lustre/lustre_ioctl.h:20:
[1m/tmp/ktest-out/lustre_build.x86_64/lustre/include/uapi/linux/lustre/lustre_idl.h:3140:25: [0m[0;1;35mwarning: [0m[1mfield 'arr_hai' with variable sized type 'struct hsm_action_item' not at the end of a struct or class is a GNU extension [-Wgnu-variable-sized-type-not-at-end][0m
 3140 |         [0;34mstruct[0m hsm_action_item  arr_hai;        [0;33m/**< req. to the agent */[0m
      | [0;1;32m                                ^
[0mError while processing /tmp/ktest-out/lustre_build.x86_64/lustre/obdclass/upcall_cache.c.
[84/451] Processing file /tmp/ktest-out/lustre_build.x86_64/lustre/ptlrpc/recover.c
[0;1;31merror: [0m[1merror opening 'lustre/mdc/.mdc_acl.o.d': No such file or directory[0m
1 error generated.
Error while processing /tmp/ktest-out/lustre_build.x86_64/lustre/mdc/mdc_acl.c.
[85/451] Processing file /tmp/ktest-out/lustre_build.x86_64/lustre/mdd/mdd_device.c
[0;1;31merror: [0m[1merror opening 'lustre/lod/.lod.mod.o.d': No such file or directory[0m
1 error generated.
Error while processing /tmp/ktest-out/lustre_build.x86_64/lustre/lod/lod.mod.c.
[86/451] Processing file /tmp/ktest-out/lustre_build.x86_64/lustre/utils/mount_utils.c
[0;1;31merror: [0m[1merror opening 'lustre/obdclass/.kernelcomm.o.d': No such file or directory[0m
1 error generated.
Error while processing /tmp/ktest-out/lustre_build.x86_64/lustre/obdclass/kernelcomm.c.
[87/451] Processing file /tmp/ktest-out/lustre_build.x86_64/lustre/quota/qsd_config.c
[0;1;31merror: [0m[1merror opening 'lustre/llite/.lustre.mod.o.d': No such file or directory[0m
1 error generated.
Error while processing /tmp/ktest-out/lustre_build.x86_64/lustre/llite/lustre.mod.c.
[88/451] Processing file /tmp/ktest-out/lustre_build.x86_64/lnet/selftest/conrpc.c
[0;1;31merror: [0m[1merror opening 'lustre/obdclass/.obdclass.mod.o.d': No such file or directory[0m
11In file included from mount_utils.c:47:
In file included from ./mount_utils.h:39:
[1m/tmp/ktest-out/lustre_build.x86_64/lustre/include/uapi/linux/lustre/lustre_idl.h:3140:25: [0m[0;1;35mwarning: [0m[1mfield 'arr_hai' with variable sized type 'struct hsm_action_item' not at the end of a struct or class is a GNU extension [-Wgnu-variable-sized-type-not-at-end][0m
 error generated 3140 |         [0;34mstruct[0m.
 hsm_action_item  arr_hai;        [0;33m/**< req. to the agent */[0m
      | [0;1;32m                                ^
[0m warning generated.
[89/451] Processing file /tmp/ktest-out/lustre_build.x86_64/lustre_compat/kernel/sched/wait_bit.c
Error while processing /tmp/ktest-out/lustre_build.x86_64/lustre/obdclass/obdclass.mod.c.
[90/451] Processing file /tmp/ktest-out/lustre_build.x86_64/lustre/osd-wbcfs/osd_lproc.c
1 warning generated.
In file included from mount_utils.c:47:
In file included from ./mount_utils.h:39:
[1m/tmp/ktest-out/lustre_build.x86_64/lustre/include/uapi/linux/lustre/lustre_idl.h:3140:25: [0m[0;1;35mwarning: [0m[1mfield 'arr_hai' with variable sized type 'struct hsm_action_item' not at the end of a struct or class is a GNU extension [-Wgnu-variable-sized-type-not-at-end][0m
 3140 |         [0;34mstruct[0m hsm_action_item  arr_hai;        [0;33m/**< req. to the agent */[0m
      | [0;1;32m                                ^
[0m1 warning generated.
[0;1;31merror: [0m[1merror opening 'lustre/ptlrpc/.import.o.d': No such file or directory[0m
1 error generated.
Error while processing /tmp/ktest-out/lustre_build.x86_64/lustre/ptlrpc/import.c.
[91/451] Processing file /tmp/ktest-out/lustre_build.x86_64/lustre/lov/lovsub_object.c
In file included from mount_utils.c:47:
In file included from ./mount_utils.h:39:
[1m/tmp/ktest-out/lustre_build.x86_64/lustre/include/uapi/linux/lustre/lustre_idl.h:3140:25: [0m[0;1;35mwarning: [0m[1mfield 'arr_hai' with variable sized type 'struct hsm_action_item' not at the end of a struct or class is a GNU extension [-Wgnu-variable-sized-type-not-at-end][0m
 3140 |         [0;34mstruct[0m hsm_action_item  arr_hai;        [0;33m/**< req. to the agent */[0m
      | [0;1;32m                                ^
[0m1 warning generated.
[0;1;31merror: [0m[1merror opening 'lustre/mdc/.mdc_changelog.o.d': No such file or directory[0m
1 error generated.
Error while processing /tmp/ktest-out/lustre_build.x86_64/lustre/mdc/mdc_changelog.c.
[92/451] Processing file /tmp/ktest-out/lustre_build.x86_64/libcfs/libcfs/util/l_ioctl.c
In file included from mount_utils.c:47:
In file included from ./mount_utils.h:39:
[1m/tmp/ktest-out/lustre_build.x86_64/lustre/include/uapi/linux/lustre/lustre_idl.h:3140:25: [0m[0;1;35mwarning: [0m[1mfield 'arr_hai' with variable sized type 'struct hsm_action_item' not at the end of a struct or class is a GNU extension [-Wgnu-variable-sized-type-not-at-end][0m
 3140 |         [0;34mstruct[0m hsm_action_item  arr_hai;        [0;33m/**< req. to the agent */[0m
      | [0;1;32m                                ^
[0m[93/451] Processing file /tmp/ktest-out/lustre_build.x86_64/lustre/mgs/lproc_mgs.c
[0;1;31merror: [0m[1merror opening 'lustre/obdclass/.lu_object.o.d': No such file or directory[0m
1 warning generated.
[94/451] Processing file /tmp/ktest-out/lustre_build.x86_64/lustre/obdclass/lustre_handles.c
1 error generated.
Error while processing /tmp/ktest-out/lustre_build.x86_64/lustre/obdclass/lu_object.c.
[95/451] Processing file /tmp/ktest-out/lustre_build.x86_64/lustre/lod/lod_pool.c
[0;1;31merror: [0m[1merror opening 'lustre/lov/.lovsub_dev.o.d': No such file or directory[0m
1 error generated.
Error while processing /tmp/ktest-out/lustre_build.x86_64/lustre/lov/lovsub_dev.c.
[96/451] Processing file /tmp/ktest-out/lustre_build.x86_64/lustre/obdclass/local_storage.c
[0;1;31merror: [0m[1merror opening 'lustre/osd-wbcfs/.osd_handler.o.d': No such file or directory[0m
1 error generated.
Error while processing /tmp/ktest-out/lustre_build.x86_64/lustre/osd-wbcfs/osd_handler.c.
[97/451] Processing file /tmp/ktest-out/lustre_build.x86_64/lustre/obdclass/dt_object.c
[0;1;31merror: [0m[1merror opening 'lustre/mgs/.mgs_handler.o.d': No such file or directory[0m
1 error generated.
Error while processing /tmp/ktest-out/lustre_build.x86_64/lustre/mgs/mgs_handler.c.
[98/451] Processing file /tmp/ktest-out/lustre_build.x86_64/lustre/obdclass/llog.c
[0;1;31merror: [0m[1merror opening 'lustre/ptlrpc/.niobuf.o.d': No such file or directory[0m
1 error generated.
Error while processing /tmp/ktest-out/lustre_build.x86_64/lustre/ptlrpc/niobuf.c.
[99/451] Processing file /tmp/ktest-out/lustre_build.x86_64/libcfs/libcfs/module.c
[0;1;31merror: [0m[1merror opening 'lnet/lnet/.lnet-crypto.o.d': No such file or directory[0m
1 error generated.
Error while processing /tmp/ktest-out/lustre_build.x86_64/lnet/lnet/lnet-crypto.c.
[100/451] Processing file /tmp/ktest-out/lustre_build.x86_64/lustre/obdclass/lprocfs_jobstats.c
[0;1;31merror: [0m[1merror opening 'lustre/lov/.lov_io.o.d': No such file or directory[0m
1 error generated.
Error while processing /tmp/ktest-out/lustre_build.x86_64/lustre/lov/lov_io.c.
[101/451] Processing file /tmp/ktest-out/lustre_build.x86_64/lustre/utils/llog_reader.c
[0;1;31merror: [0m[1merror opening 'lustre/ptlrpc/../../lustre/ldlm/.ldlm_lock.o.d': No such file or directory[0m
1 error generated.
Error while processing /tmp/ktest-out/lustre_build.x86_64/lustre/ldlm/ldlm_lock.c.
[102/451] Processing file /tmp/ktest-out/lustre_build.x86_64/lustre/utils/l_getsepol.c
[0;1;31merror: [0m[1merror opening 'libcfs/libcfs/../../lustre_compat/kernel/sched/.wait_bit.o.d': No such file or directory[0m
1 error generated.
Error while processing /tmp/ktest-out/lustre_build.x86_64/lustre_compat/kernel/sched/wait_bit.c.
[103/451] Processing file /tmp/ktest-out/lustre_build.x86_64/lnet/lnet/config.c
[0;1;31merror: [0m[1merror opening 'lustre/osp/.osp_dev.o.d': No such file or directory[0m
1 error generated.
Error while processing /tmp/ktest-out/lustre_build.x86_64/lustre/osp/osp_dev.c.
[104/451] Processing file /tmp/ktest-out/lustre_build.x86_64/lustre/ptlrpc/llog_server.c
[0;1;31merror: [0m[1merror opening 'lustre/llite/.lcommon_misc.o.d': No such file or directory[0m
1 error generated.
Error while processing /tmp/ktest-out/lustre_build.x86_64/lustre/llite/lcommon_misc.c.
[105/451] Processing file /tmp/ktest-out/lustre_build.x86_64/lustre/obdclass/lprocfs_status.cIn file included from 
l_getsepol.c:37:
[1m/tmp/ktest-out/lustre_build.x86_64/lustre/include/uapi/linux/lustre/lustre_idl.h:3140:25: [0m[0;1;35mwarning: [0m[1mfield 'arr_hai' with variable sized type 'struct hsm_action_item' not at the end of a struct or class is a GNU extension [-Wgnu-variable-sized-type-not-at-end][0m
 3140 |         [0;34mstruct[0m hsm_action_item  arr_hai;        [0;33m/**< req. to the agent */[0m
      | [0;1;32m                                ^
[0mIn file included from llog_reader.c:38:
In file included from /tmp/ktest-out/lustre_build.x86_64/lustre/include/uapi/linux/lustre/lustre_fid.h:27:
[1m/tmp/ktest-out/lustre_build.x86_64/lustre/include/uapi/linux/lustre/lustre_idl.h:3140:25: [0m[0;1;35mwarning: [0m[1mfield 'arr_hai' with variable sized type 'struct hsm_action_item' not at the end of a struct or class is a GNU extension [-Wgnu-variable-sized-type-not-at-end][0m
 3140 |         [0;34mstruct[0m hsm_action_item  arr_hai;        [0;33m/**< req. to the agent */[0m
      | [0;1;32m                                ^
[0m1 warning generated.
[106/451] Processing file /tmp/ktest-out/lustre_build.x86_64/libcfs/libcfs/tracefile.c
1 warning generated.
[107/451] Processing file /tmp/ktest-out/lustre_build.x86_64/lustre/utils/lhsmtool_posix.c
[0;1;31merror: [0m[1merror opening 'lustre/lfsck/.lfsck_bookmark.o.d': No such file or directory[0m
1 error generated.
Error while processing /tmp/ktest-out/lustre_build.x86_64/lustre/lfsck/lfsck_bookmark.c.
[108/451] Processing file /tmp/ktest-out/lustre_build.x86_64/lustre/lmv/lmv.mod.c
In file included from lhsmtool_posix.c:40:
In file included from /tmp/ktest-out/lustre_build.x86_64/lustre/include/uapi/linux/lustre/lustre_fid.h:27:
[1m/tmp/ktest-out/lustre_build.x86_64/lustre/include/uapi/linux/lustre/lustre_idl.h:3140:25: [0m[0;1;35mwarning: [0m[1mfield 'arr_hai' with variable sized type 'struct hsm_action_item' not at the end of a struct or class is a GNU extension [-Wgnu-variable-sized-type-not-at-end][0m
 3140 |         [0;34mstruct[0m hsm_action_item  arr_hai;        [0;33m/**< req. to the agent */[0m
      | [0;1;32m                                ^
[0m[0;1;31merror: [0m[1merror opening 'lnet/klnds/socklnd/.socklnd.o.d': No such file or directory[0m
1 error generated.
Error while processing /tmp/ktest-out/lustre_build.x86_64/lnet/klnds/socklnd/socklnd.c.
[109/451] Processing file /tmp/ktest-out/lustre_build.x86_64/lustre/osd-wbcfs/wbcfs.c
[0;1;31merror: [0m[1merror opening 'lustre/osd-wbcfs/.osd_io.o.d': No such file or directory[0m
1 error generated.
Error while processing /tmp/ktest-out/lustre_build.x86_64/lustre/osd-wbcfs/osd_io.c.
[110/451] Processing file /tmp/ktest-out/lustre_build.x86_64/lustre/lod/lproc_lod.c
[0;1;31merror: [0m[1merror opening 'lnet/selftest/.conctl.o.d': No such file or directory[0m
1 error generated.
Error while processing /tmp/ktest-out/lustre_build.x86_64/lnet/selftest/conctl.c.
[111/451] Processing file /tmp/ktest-out/lustre_build.x86_64/lustre/mgs/mgs_nids.c
[0;1;31merror: [0m[1merror opening 'libcfs/libcfs/crypto/.keysetup.o.d': No such file or directory[0m
1 error generated.
1 warning generated.
Error while processing /tmp/ktest-out/lustre_build.x86_64/libcfs/libcfs/crypto/keysetup.c.
[112/451] Processing file /tmp/ktest-out/lustre_build.x86_64/lustre/fid/fid_handler.c
[113/451] Processing file /tmp/ktest-out/lustre_build.x86_64/lnet/lnet/module.c
[0;1;31merror: [0m[1merror opening 'lustre/lmv/.lmv.mod.o.d': No such file or directory[0m
1 error generated.
Error while processing /tmp/ktest-out/lustre_build.x86_64/lustre/lmv/lmv.mod.c.
[114/451] Processing file /tmp/ktest-out/lustre_build.x86_64/lustre/mdd/mdd_trash.c
[0;1;31merror: [0m[1merror opening 'lustre/ptlrpc/.recover.o.d': No such file or directory[0m
1 error generated.
Error while processing /tmp/ktest-out/lustre_build.x86_64/lustre/ptlrpc/recover.c.
[115/451] Processing file /tmp/ktest-out/lustre_build.x86_64/lustre/ptlrpc/nrs_fifo.c
[0;1;31merror: [0m[1merror opening 'lustre/llite/.glimpse.o.d': No such file or directory[0m
1 error generated.
Error while processing /tmp/ktest-out/lustre_build.x86_64/lustre/llite/glimpse.c.
[116/451] Processing file /tmp/ktest-out/lustre_build.x86_64/lustre/llite/rw.c
[0;1;31merror: [0m[1merror opening 'lustre/osd-wbcfs/.osd_lproc.o.d': No such file or directory[0m
1 error generated.
Error while processing /tmp/ktest-out/lustre_build.x86_64/lustre/osd-wbcfs/osd_lproc.c.
[117/451] Processing file /tmp/ktest-out/lustre_build.x86_64/lustre/ldlm/ldlm_resource.c
[0;1;31merror: [0m[1merror opening 'lustre/obdclass/.cl_page.o.d': No such file or directory[0m
1 error generated.
Error while processing /tmp/ktest-out/lustre_build.x86_64/lustre/obdclass/cl_page.c.
[118/451] Processing file /tmp/ktest-out/lustre_build.x86_64/lnet/utils/lnetconfig/cyaml.c
[0;1;31merror: [0m[1merror opening 'lustre/mdd/.mdd_device.o.d': No such file or directory[0m
1 error generated.
Error while processing /tmp/ktest-out/lustre_build.x86_64/lustre/mdd/mdd_device.c.
[119/451] Processing file /tmp/ktest-out/lustre_build.x86_64/lustre/ldlm/l_lock.c
[0;1;31merror: [0m[1merror opening 'lustre/mgs/.lproc_mgs.o.d': No such file or directory[0m
1 error generated.
Error while processing /tmp/ktest-out/lustre_build.x86_64/lustre/mgs/lproc_mgs.c.
[120/451] Processing file /tmp/ktest-out/lustre_build.x86_64/lustre/kunit/obd_mod_rpcs_test.c
[0;1;31merror: [0m[1merror opening 'lustre/quota/.qsd_config.o.d': No such file or directory[0m
1 error generated.
Error while processing /tmp/ktest-out/lustre_build.x86_64/lustre/quota/qsd_config.c.
[121/451] Processing file /tmp/ktest-out/lustre_build.x86_64/lustre/ofd/ofd_trans.c
[0;1;31merror: [0m[1merror opening 'lustre/lod/.lod_qos.o.d': No such file or directory[0m
1 error generated.
Error while processing /tmp/ktest-out/lustre_build.x86_64/lustre/lod/lod_qos.c.
[122/451] Processing file /tmp/ktest-out/lustre_build.x86_64/lustre/mdt/mdt_reint.c
[0;1;31merror: [0m[1merror opening 'lustre/obdclass/.idmap.o.d': No such file or directory[0m
1 error generated.
Error while processing /tmp/ktest-out/lustre_build.x86_64/lustre/obdclass/idmap.c.
[123/451] Processing file /tmp/ktest-out/lustre_build.x86_64/lnet/utils/lnetconfig/liblnetconfig_lnd.c
[0;1;31merror: [0m[1merror opening 'lnet/selftest/.conrpc.o.d': No such file or directory[0m
[124/451] Processing file /tmp/ktest-out/lustre_build.x86_64/lustre/mdt/mdt_xattr.c
1 error generated.
Error while processing /tmp/ktest-out/lustre_build.x86_64/lnet/selftest/conrpc.c.
[125/451] Processing file /tmp/ktest-out/lustre_build.x86_64/lustre/utils/liblustreapi_util.c
[0;1;31merror: [0m[1merror opening 'lustre/ptlrpc/.nodemap_fileset_alt.o.d': No such file or directory[0m
1 error generated.
Error while processing /tmp/ktest-out/lustre_build.x86_64/lustre/ptlrpc/nodemap_fileset_alt.c.
[126/451] Processing file /tmp/ktest-out/lustre_build.x86_64/lustre/mdt/mdt_recovery.c
[0;1;31merror: [0m[1merror opening 'lustre/lov/.lovsub_object.o.d': No such file or directory[0m
1 error generated.
Error while processing /tmp/ktest-out/lustre_build.x86_64/lustre/lov/lovsub_object.c.
[127/451] Processing file /tmp/ktest-out/lustre_build.x86_64/lnet/klnds/socklnd/socklnd_lib.c
[0;1;31merror: [0m[1merror opening 'lustre/llite/.xattr_cache.o.d': No such file or directory[0m
1 error generated.
Error while processing /tmp/ktest-out/lustre_build.x86_64/lustre/llite/xattr_cache.c.
[128/451] Processing file /tmp/ktest-out/lustre_build.x86_64/lustre/ptlrpc/connection.c
[0;1;31merror: [0m[1merror opening 'libcfs/libcfs/.tracefile.o.d': No such file or directory[0m
1 error generated.
Error while processing /tmp/ktest-out/lustre_build.x86_64/libcfs/libcfs/tracefile.c.
[129/451] Processing file /tmp/ktest-out/lustre_build.x86_64/lustre/ofd/ofd_fs.c
[0;1;31merror: [0m[1merror opening 'libcfs/libcfs/.module.o.d': No such file or directory[0m
1 error generated.
Error while processing /tmp/ktest-out/lustre_build.x86_64/libcfs/libcfs/module.c.
[130/451] Processing file /tmp/ktest-out/lustre_build.x86_64/lustre/osc/osc_object.c
[131/451] Processing file /tmp/ktest-out/lustre_build.x86_64/lustre/ptlrpc/nrs_orr.c
[0;1;31merror: [0m[1merror opening 'lustre/lmv/.lproc_lmv.o.d': No such file or directory[0m
[132/451] Processing file /tmp/ktest-out/lustre_build.x86_64/lustre/target/out_handler.c
1 error generated.
Error while processing /tmp/ktest-out/lustre_build.x86_64/lustre/lmv/lproc_lmv.c.
[133/451] Processing file /tmp/ktest-out/lustre_build.x86_64/lustre/utils/liblustreapi_param.c
[0;1;31merror: [0m[1merror opening 'lustre/obdclass/.local_storage.o.d': No such file or directory[0m
1 error generated.
[134/451] Processing file /tmp/ktest-out/lustre_build.x86_64/lustre/utils/lsnapshot.cError while processing /tmp/ktest-out/lustre_build.x86_64/lustre/obdclass/local_storage.c.

[135/451] Processing file /tmp/ktest-out/lustre_build.x86_64/lustre/ptlrpc/batch.c
In file included from lsnapshot.c:28:
In file included from /tmp/ktest-out/lustre_build.x86_64/lustre/include/uapi/linux/lustre/lustre_ioctl.h:20:
[1m/tmp/ktest-out/lustre_build.x86_64/lustre/include/uapi/linux/lustre/lustre_idl.h:3140:25: [0m[0;1;35mwarning: [0m[1mfield 'arr_hai' with variable sized type 'struct hsm_action_item' not at the end of a struct or class is a GNU extension [-Wgnu-variable-sized-type-not-at-end][0m
 3140 |         [0;34mstruct[0m hsm_action_item  arr_hai;        [0;33m/**< req. to the agent */[0m
      | [0;1;32m                                ^
[0m1 warning generated.
[136/451] Processing file /tmp/ktest-out/lustre_build.x86_64/lustre/quota/qmt_pool.c
[0;1;31merror: [0m[1merror opening 'lustre/lod/.lod_pool.o.d': No such file or directory[0m
1 error generated.
Error while processing /tmp/ktest-out/lustre_build.x86_64/lustre/lod/lod_pool.c.
[137/451] Processing file /tmp/ktest-out/lustre_build.x86_64/lustre/lfsck/lfsck_striped_dir.c
[0;1;31merror: [0m[1merror opening 'lustre/mdt/.mdt_recovery.o.d': No such file or directory[0m
1 error generated.
Error while processing /tmp/ktest-out/lustre_build.x86_64/lustre/mdt/mdt_recovery.c.
[138/451] Processing file /tmp/ktest-out/lustre_build.x86_64/lustre/osc/lproc_osc.c
[0;1;31merror: [0m[1merror opening 'lustre/obdclass/.llog.o.d': No such file or directory[0m
1 error generated.
Error while processing /tmp/ktest-out/lustre_build.x86_64/lustre/obdclass/llog.c.
[139/451] Processing file /tmp/ktest-out/lustre_build.x86_64/lustre/osd-wbcfs/osd_hash.c
[0;1;31merror: [0m[1merror opening 'lustre/fid/.fid_handler.o.d': No such file or directory[0m
1 error generated.
Error while processing /tmp/ktest-out/lustre_build.x86_64/lustre/fid/fid_handler.c.
[140/451] Processing file /tmp/ktest-out/lustre_build.x86_64/lustre/mdc/mdc_lib.c
[0;1;31merror: [0m[1merror opening 'lustre/llite/.rw.o.d': No such file or directory[0m
1 error generated.
Error while processing /tmp/ktest-out/lustre_build.x86_64/lustre/llite/rw.c.
[141/451] Processing file /tmp/ktest-out/lustre_build.x86_64/lustre/ptlrpc/client.c
[0;1;31merror: [0m[1merror opening 'lustre/obdclass/.dt_object.o.d': No such file or directory[0m
1 error generated.
Error while processing /tmp/ktest-out/lustre_build.x86_64/lustre/obdclass/dt_object.c.
[142/451] Processing file /tmp/ktest-out/lustre_build.x86_64/lustre/utils/check_iam.c
[0;1;31merror: [0m[1merror opening 'lustre/mdt/.mdt_xattr.o.d': No such file or directory[0m
1 error generated.
[0;1;31merror: [0m[1merror opening 'lnet/lnet/.module.o.d': No such file or directory[0m
1 error generated.
Error while processing /tmp/ktest-out/lustre_build.x86_64/lnet/lnet/module.c.
[143/451] Processing file /tmp/ktest-out/lustre_build.x86_64/lustre/mdc/mdc_locks.c
Error while processing /tmp/ktest-out/lustre_build.x86_64/lustre/mdt/mdt_xattr.c.
[144/451] Processing file /tmp/ktest-out/lustre_build.x86_64/lustre/mdt/mdt_open.c
In file included from check_iam.c:20:
In file included from /tmp/ktest-out/lustre_build.x86_64/lustre/include/uapi/linux/lustre/lustre_fid.h:27:
[1m/tmp/ktest-out/lustre_build.x86_64/lustre/include/uapi/linux/lustre/lustre_idl.h:3140:25: [0m[0;1;35mwarning: [0m[1mfield 'arr_hai' with variable sized type 'struct hsm_action_item' not at the end of a struct or class is a GNU extension [-Wgnu-variable-sized-type-not-at-end][0m
 3140 |         [0;34mstruct[0m hsm_action_item  arr_hai;        [0;33m/**< req. to the agent */[0m
      | [0;1;32m                                ^
[0m[1mcheck_iam.c:59:16: [0m[0;1;35mwarning: [0m[1muse of GNU 'missing =' extension in designator [-Wgnu-designator][0m
   59 |         [HEXDUMP_IDX] {[0m
      | [0;1;32m                      ^
[0m      | [0;32m                      = 
[0m[0;1;31merror: [0m[1merror opening 'lustre/obdclass/.lustre_handles.o.d': No such file or directory[0m
1 error generated.
Error while processing /tmp/ktest-out/lustre_build.x86_64/lustre/obdclass/lustre_handles.c.
[145/451] Processing file /tmp/ktest-out/lustre_build.x86_64/lustre/utils/obd.c
[0;1;31merror: [0m[1merror opening 'lustre/mdt/.mdt_hsm_cdt_client.o.d': No such file or directory[0m
2 warnings generated.
[146/451] Processing file /tmp/ktest-out/lustre_build.x86_64/lustre/llite/lcommon_cl.c
1 error generated.
Error while processing /tmp/ktest-out/lustre_build.x86_64/lustre/mdt/mdt_hsm_cdt_client.c.
[147/451] Processing file /tmp/ktest-out/lustre_build.x86_64/lustre/mdt/mdt_fs.c
In file included from obd.c:56:
In file included from /tmp/ktest-out/lustre_build.x86_64/lustre/include/uapi/linux/lustre/lustre_ioctl.h:20:
[1m/tmp/ktest-out/lustre_build.x86_64/lustre/include/uapi/linux/lustre/lustre_idl.h:3140:25: [0m[0;1;35mwarning: [0m[1mfield 'arr_hai' with variable sized type 'struct hsm_action_item' not at the end of a struct or class is a GNU extension [-Wgnu-variable-sized-type-not-at-end][0m
 3140 |         [0;34mstruct[0m hsm_action_item  arr_hai;        [0;33m/**< req. to the agent */[0m
      | [0;1;32m                                ^
[0m[0;1;31merror: [0m[1merror opening 'lustre/ofd/.ofd_trans.o.d': No such file or directory[0m
1 error generated.
Error while processing /tmp/ktest-out/lustre_build.x86_64/lustre/ofd/ofd_trans.c.
[148/451] Processing file /tmp/ktest-out/lustre_build.x86_64/lustre/lov/lov_dev.c
[0;1;31merror: [0m[1merror opening 'lnet/lnet/.config.o.d': No such file or directory[0m
1 warning generated.
[149/451] Processing file /tmp/ktest-out/lustre_build.x86_64/lustre/utils/lustre_cfg.c
1 error generated.
Error while processing /tmp/ktest-out/lustre_build.x86_64/lnet/lnet/config.c.
[150/451] Processing file /tmp/ktest-out/lustre_build.x86_64/lnet/selftest/module.c
[0;1;31merror: [0m[1merror opening 'lustre/quota/.qmt_pool.o.d': No such file or directory[0m
1 error generated.
Error while processing /tmp/ktest-out/lustre_build.x86_64/lustre/quota/qmt_pool.c.
[151/451] Processing file /tmp/ktest-out/lustre_build.x86_64/lnet/lnet/router.c
In file included from lustre_cfg.c:40:
In file included from /tmp/ktest-out/lustre_build.x86_64/lustre/include/uapi/linux/lustre/lustre_ioctl.h:20:
[1m/tmp/ktest-out/lustre_build.x86_64/lustre/include/uapi/linux/lustre/lustre_idl.h:3140:25: [0m[0;1;35mwarning: [0m[1mfield 'arr_hai' with variable sized type 'struct hsm_action_item' not at the end of a struct or class is a GNU extension [-Wgnu-variable-sized-type-not-at-end][0m
 3140 |         [0;34mstruct[0m hsm_action_item  arr_hai;        [0;33m/**< req. to the agent */[0m
      | [0;1;32m                                ^
[0m[0;1;31merror: [0m[1merror opening 'lustre/ofd/.ofd_fs.o.d': No such file or directory[0m
1 error generated.
Error while processing /tmp/ktest-out/lustre_build.x86_64/lustre/ofd/ofd_fs.c.
[152/451] Processing file /tmp/ktest-out/lustre_build.x86_64/lustre/fid/fid_request.c
[0;1;31merror: [0m[1merror opening 'lnet/klnds/socklnd/.socklnd_lib.o.d': No such file or directory[0m
1 error generated.
Error while processing /tmp/ktest-out/lustre_build.x86_64/lnet/klnds/socklnd/socklnd_lib.c.
[153/451] Processing file /tmp/ktest-out/lustre_build.x86_64/lustre/target/tgt_lastrcvd.c
[0;1;31merror: [0m[1merror opening 'lustre/osc/.osc_object.o.d': No such file or directory[0m
1 error generated.
Error while processing /tmp/ktest-out/lustre_build.x86_64/lustre/osc/osc_object.c.
[154/451] Processing file /tmp/ktest-out/lustre_build.x86_64/lustre/obdclass/md_attrs.c
[0;1;31merror: [0m[1merror opening 'lustre/obdclass/.lprocfs_jobstats.o.d': No such file or directory[0m
1 error generated.
1 warning generated.
[155/451] Processing file /tmp/ktest-out/lustre_build.x86_64/lustre/llite/llite_foreign.c
Error while processing /tmp/ktest-out/lustre_build.x86_64/lustre/obdclass/lprocfs_jobstats.c.
[156/451] Processing file /tmp/ktest-out/lustre_build.x86_64/lustre/ptlrpc/nodemap_storage.c
[0;1;31merror: [0m[1merror opening 'lustre/ptlrpc/../../lustre/ldlm/.l_lock.o.d': No such file or directory[0m
1 error generated.
Error while processing /tmp/ktest-out/lustre_build.x86_64/lustre/ldlm/l_lock.c.
[157/451] Processing file /tmp/ktest-out/lustre_build.x86_64/lustre/utils/liblustreapi_trash.c
[0;1;31merror: [0m[1merror opening 'lustre/lod/.lproc_lod.o.d': No such file or directory[0m
1 error generated.
In file included from liblustreapi_trash.c:22:
[1m/tmp/ktest-out/lustre_build.x86_64/lustre/include/uapi/linux/lustre/lustre_idl.h:3140:25: [0m[0;1;35mwarning: [0m[1mfield 'arr_hai' with variable sized type 'struct hsm_action_item' not at the end of a struct or class is a GNU extension [-Wgnu-variable-sized-type-not-at-end][0m
 3140 |         [0;34mstruct[0m hsm_action_item  arr_hai;        [0;33m/**< req. to the agent */[0m
      | [0;1;32m                                ^
[0mError while processing /tmp/ktest-out/lustre_build.x86_64/lustre/lod/lproc_lod.c.
[158/451] Processing file /tmp/ktest-out/lustre_build.x86_64/lnet/selftest/rpc.c
[0;1;31merror: [0m[1merror opening 'lustre/mdc/.mdc_lib.o.d': No such file or directory[0m
1 error generated.
Error while processing /tmp/ktest-out/lustre_build.x86_64/lustre/mdc/mdc_lib.c.
[159/451] Processing file /tmp/ktest-out/lustre_build.x86_64/lustre/obdclass/lprocfs_counters.c
[0;1;31merror: [0m[1merror opening 'lustre/ptlrpc/.connection.o.d': No such file or directory[0m
1 error generated.
Error while processing /tmp/ktest-out/lustre_build.x86_64/lustre/ptlrpc/connection.c.
[160/451] Processing file /tmp/ktest-out/lustre_build.x86_64/lustre/utils/liblustreapi_ladvise.c
[0;1;31merror: [0m[1merror opening 'lustre/obdclass/.lprocfs_status.o.d': No such file or directory[0m
1 error generated.
Error while processing /tmp/ktest-out/lustre_build.x86_64/lustre/obdclass/lprocfs_status.c.
[161/451] Processing file /tmp/ktest-out/lustre_build.x86_64/lnet/lnet/adler.c
[0;1;31merror: [0m[1merror opening 'lustre/ptlrpc/.nrs_orr.o.d': No such file or directory[0m
1 error generated.
Error while processing /tmp/ktest-out/lustre_build.x86_64/lustre/ptlrpc/nrs_orr.c.
[162/451] Processing file /tmp/ktest-out/lustre_build.x86_64/lustre/ldlm/ldlm_request.c
[0;1;31merror: [0m[1merror opening 'lustre/osd-wbcfs/.wbcfs.o.d': No such file or directory[0m
1 error generated.
Error while processing /tmp/ktest-out/lustre_build.x86_64/lustre/osd-wbcfs/wbcfs.c.
[163/451] Processing file /tmp/ktest-out/lustre_build.x86_64/lustre/lov/lov.mod.c
[0;1;31merror: [0m[1merror opening 'lustre/ptlrpc/.llog_server.o.d': No such file or directory[0m
1 error generated.
Error while processing /tmp/ktest-out/lustre_build.x86_64/lustre/ptlrpc/llog_server.c.
[164/451] Processing file /tmp/ktest-out/lustre_build.x86_64/lustre/llite/xattr.c
[0;1;31merror: [0m[1merror opening 'lustre/osd-wbcfs/.osd_hash.o.d': No such file or directory[0m
1 error generated.
Error while processing /tmp/ktest-out/lustre_build.x86_64/lustre/osd-wbcfs/osd_hash.c.
[165/451] Processing file /tmp/ktest-out/lustre_build.x86_64/lustre/obdclass/class_obd.c
[0;1;31m1 warning generated.
[166/451] Processing file /tmp/ktest-out/lustre_build.x86_64/lustre/obdclass/jobid.c
error: [0m[1merror opening 'lustre/mdt/.mdt_reint.o.d': No such file or directory[0m
1 error generated.
Error while processing /tmp/ktest-out/lustre_build.x86_64/lustre/mdt/mdt_reint.c.
[167/451] Processing file /tmp/ktest-out/lustre_build.x86_64/lustre/ofd/ofd_io.c
[0;1;31merror: [0m[1merror opening 'lustre/mgs/.mgs_nids.o.d': No such file or directory[0m
1 error generated.
[0;1;31merror: [0m[1merror opening 'lustre/ptlrpc/.batch.o.d': No such file or directory[0m
1 error generated.
Error while processing /tmp/ktest-out/lustre_build.x86_64/lustre/ptlrpc/batch.c.
[168/451] Processing file /tmp/ktest-out/lustre_build.x86_64/lustre/ofd/ofd_dev.c
Error while processing /tmp/ktest-out/lustre_build.x86_64/lustre/mgs/mgs_nids.c.
[169/451] Processing file /tmp/ktest-out/lustre_build.x86_64/libcfs/libcfs/fail.c
[0;1;31merror: [0m[1merror opening 'lustre/ptlrpc/.nrs_fifo.o.d': No such file or directory[0m
[170/451] Processing file /tmp/ktest-out/lustre_build.x86_64/lustre/lov/lov_obd.c
1 error generated.
Error while processing /tmp/ktest-out/lustre_build.x86_64/lustre/ptlrpc/nrs_fifo.c.
[0;1;31m[171/451] Processing file /tmp/ktest-out/lustre_build.x86_64/libcfs/libcfs/crypto/hooks.c
error: [0m[1merror opening 'lustre/mdd/.mdd_trash.o.d': No such file or directory[0m
1 error generated.
Error while processing /tmp/ktest-out/lustre_build.x86_64/lustre/mdd/mdd_trash.c.
[172/451] Processing file /tmp/ktest-out/lustre_build.x86_64/lustre/osd-wbcfs/osd_index_hash.c
[0;1;31merror: [0m[1merror opening 'lustre/mdt/.mdt_open.o.d': No such file or directory[0m
1 error generated.
Error while processing /tmp/ktest-out/lustre_build.x86_64/lustre/mdt/mdt_open.c.
[173/451] Processing file /tmp/ktest-out/lustre_build.x86_64/libcfs/libcfs/util/nidstrings.c
[0;1;31merror: [0m[1merror opening 'lustre/ptlrpc/.client.o.d': No such file or directory[0m
[174/451] Processing file /tmp/ktest-out/lustre_build.x86_64/lustre/lov/lov_merge.c
1 error generated.
Error while processing /tmp/ktest-out/lustre_build.x86_64/lustre/ptlrpc/client.c.
[175/451] Processing file /tmp/ktest-out/lustre_build.x86_64/lustre/ptlrpc/nodemap_handler.c
[0;1;31merror: [0m[1merror opening 'lustre/kunit/.obd_mod_rpcs_test.o.d': No such file or directory[0m
1 error generated.
Error while processing /tmp/ktest-out/lustre_build.x86_64/lustre/kunit/obd_mod_rpcs_test.c.
[176/451] Processing file /tmp/ktest-out/lustre_build.x86_64/lustre/mgs/mgs.mod.c
[0;1;31merror: [0m[1merror opening 'lustre/lov/.lov_dev.o.d': No such file or directory[0m
1 error generated.
Error while processing /tmp/ktest-out/lustre_build.x86_64/lustre/lov/lov_dev.c.
[177/451] Processing file /tmp/ktest-out/lustre_build.x86_64/lustre/utils/portals.c
[0;1;31merror: [0m[1merror opening 'lustre/mdt/.mdt_fs.o.d': No such file or directory[0m
1 error generated.
Error while processing /tmp/ktest-out/lustre_build.x86_64/lustre/mdt/mdt_fs.c.
[178/451] Processing file /tmp/ktest-out/lustre_build.x86_64/lustre/utils/mkfs_lustre.c
In file included from mkfs_lustre.c:48:
In file included from ./mount_utils.h:39:
[1m/tmp/ktest-out/lustre_build.x86_64/lustre/include/uapi/linux/lustre/lustre_idl.h:3140:25: [0m[0;1;35mwarning: [0m[1mfield 'arr_hai' with variable sized type 'struct hsm_action_item' not at the end of a struct or class is a GNU extension [-Wgnu-variable-sized-type-not-at-end][0m
 3140 |         [0;34mstruct[0m hsm_action_item  arr_hai;        [0;33m/**< req. to the agent */[0m
      | [0;1;32m                                ^
[0m1 warning generated.
In file included from mkfs_lustre.c:48:
In file included from ./mount_utils.h:39:
[1m/tmp/ktest-out/lustre_build.x86_64/lustre/include/uapi/linux/lustre/lustre_idl.h:3140:25: [0m[0;1;35mwarning: [0m[1mfield 'arr_hai' with variable sized type 'struct hsm_action_item' not at the end of a struct or class is a GNU extension [-Wgnu-variable-sized-type-not-at-end][0m
 3140 |         [0;34mstruct[0m hsm_action_item  arr_hai;        [0;33m/**< req. to the agent */[0m
      | [0;1;32m                                ^
[0m[0;1;31m1error: [0m[1merror opening 'lnet/selftest/.module.o.d': No such file or directory[0m
 warning generated.
1 error generated.
[0;1;31merror: [0m[1merror opening 'lustre/llite/.llite_foreign.o.d': No such file or directory[0m
[179/451] Processing file /tmp/ktest-out/lustre_build.x86_64/lustre/kunit/kinode.mod.c
Error while processing /tmp/ktest-out/lustre_build.x86_64/lnet/selftest/module.c.
[180/451] Processing file /tmp/ktest-out/lustre_build.x86_64/lustre/llite/vvp_io.c
[181/451] Processing file /tmp/ktest-out/lustre_build.x86_64/lustre/ptlrpc/sec_config.c
1 error generated.
Error while processing /tmp/ktest-out/lustre_build.x86_64/lustre/llite/llite_foreign.c.
[182/451] Processing file /tmp/ktest-out/lustre_build.x86_64/lnet/lnet/lib-msg.c
[0;1;31merror: [0m[1merror opening 'lustre/ptlrpc/../../lustre/ldlm/.ldlm_resource.o.d': No such file or directory[0m
1 error generated.
Error while processing /tmp/ktest-out/lustre_build.x86_64/lustre/ldlm/ldlm_resource.c.
[183/451] Processing file /tmp/ktest-out/lustre_build.x86_64/lustre/llite/llite_mmap.c
[0;1;31merror: [0m[1merror opening 'lustre/lov/.lov.mod.o.d': No such file or directory[0m
1 error generated.
Error while processing /tmp/ktest-out/lustre_build.x86_64/lustre/lov/lov.mod.c.
[184/451] Processing file /tmp/ktest-out/lustre_build.x86_64/lustre/obdclass/upcall_cache_internal.c
[0;1;31merror: [0m[1merror opening 'lnet/lnet/.router.o.d': No such file or directory[0m
1 error generated.
Error while processing /tmp/ktest-out/lustre_build.x86_64/lnet/lnet/router.c.
[185/451] Processing file /tmp/ktest-out/lustre_build.x86_64/lustre/ptlrpc/sec_plain.c
[0;1;31merror: [0m[1merror opening 'lnet/lnet/.adler.o.d': No such file or directory[0m
1 error generated.
Error while processing /tmp/ktest-out/lustre_build.x86_64/lnet/lnet/adler.c.
[186/451] Processing file /tmp/ktest-out/lustre_build.x86_64/lustre/ldlm/ldlm_extent.c
[0;1;31merror: [0m[1merror opening 'lustre/ptlrpc/../../lustre/target/.out_handler.o.d': No such file or directory[0m
1 error generated.
[0;1;31merror: [0m[1merror opening 'lustre/kunit/.kinode.mod.o.d': No such file or directory[0m
1 error generated.
Error while processing /tmp/ktest-out/lustre_build.x86_64/lustre/kunit/kinode.mod.c.
[187/451] Processing file /tmp/ktest-out/lustre_build.x86_64/lustre/llite/rw26.c
Error while processing /tmp/ktest-out/lustre_build.x86_64/lustre/target/out_handler.c.
[188/451] Processing file /tmp/ktest-out/lustre_build.x86_64/lustre/utils/liblustreapi_layout.c
[0;1;31merror: [0m[1merror opening 'lustre/osc/.lproc_osc.o.d': No such file or directory[0m
1 error generated.
[0;1;31merror: [0m[1merror opening 'libcfs/libcfs/.fail.o.d': No such file or directory[0m
1 error generated.
Error while processing /tmp/ktest-out/lustre_build.x86_64/lustre/osc/lproc_osc.c.
[189/451] Processing file /tmp/ktest-out/lustre_build.x86_64/lustre/quota/lproc_quota.c
Error while processing /tmp/ktest-out/lustre_build.x86_64/libcfs/libcfs/fail.c.
[190/451] Processing file /tmp/ktest-out/lustre_build.x86_64/lustre/osc/osc_lock.c
In file included from liblustreapi_layout.c:29:
[1m/tmp/ktest-out/lustre_build.x86_64/lustre/include/uapi/linux/lustre/lustre_idl.h:3140:25: [0m[0;1;35mwarning: [0m[1mfield 'arr_hai' with variable sized type 'struct hsm_action_item' not at the end of a struct or class is a GNU extension [-Wgnu-variable-sized-type-not-at-end][0m
 3140 |         [0;34mstruct[0m hsm_action_item  arr_hai;        [0;33m/**< req. to the agent */[0m
      | [0;1;32m                                ^
[0m[0;1;31merror: [0m[1merror opening 'lustre/ptlrpc/.nodemap_storage.o.d': No such file or directory[0m
1 error generated.
Error while processing /tmp/ktest-out/lustre_build.x86_64/lustre/ptlrpc/nodemap_storage.c.
[191/451] Processing file /tmp/ktest-out/lustre_build.x86_64/lustre/mdt/mdt_lvb.c
[0;1;31merror: [0m[1merror opening 'lustre/mgs/.mgs.mod.o.d': No such file or directory[0m
1 error generated.
Error while processing /tmp/ktest-out/lustre_build.x86_64/lustre/mgs/mgs.mod.c.
[192/451] Processing file /tmp/ktest-out/lustre_build.x86_64/lnet/lnet/udsp.c
[0;1;31merror: [0m[1merror opening 'lustre/obdclass/.md_attrs.o.d': No such file or directory[0m
1 error generated.
Error while processing /tmp/ktest-out/lustre_build.x86_64/lustre/obdclass/md_attrs.c.
[193/451] Processing file /tmp/ktest-out/lustre_build.x86_64/lustre/kunit/obd_mod_rpcs_test.mod.c
[0;1;31merror: [0m[1merror opening 'lustre/llite/.lcommon_cl.o.d': No such file or directory[0m
1 error generated.
Error while processing /tmp/ktest-out/lustre_build.x86_64/lustre/llite/lcommon_cl.c.
[194/451] Processing file /tmp/ktest-out/lustre_build.x86_64/lustre/fid/fid_store.c
1 warning generated.
[195/451] Processing file /tmp/ktest-out/lustre_build.x86_64/lustre/ptlrpc/llog_client.c
[0;1;31merror: [0m[1merror opening 'lustre/ptlrpc/../../lustre/target/.tgt_lastrcvd.o.d': No such file or directory[0m
1 error generated.
Error while processing /tmp/ktest-out/lustre_build.x86_64/lustre/target/tgt_lastrcvd.c.
[196/451] Processing file /tmp/ktest-out/lustre_build.x86_64/lustre/osd-wbcfs/osd_wbcfs.mod.c
[0;1;31merror: [0m[1merror opening 'lustre/kunit/.obd_mod_rpcs_test.mod.o.d': No such file or directory[0m
1 error generated.
Error while processing /tmp/ktest-out/lustre_build.x86_64/lustre/kunit/obd_mod_rpcs_test.mod.c.
[197/451] Processing file /tmp/ktest-out/lustre_build.x86_64/lustre/obdclass/llog_cat.c
[0;1;31merror: [0m[1merror opening 'libcfs/libcfs/crypto/.hooks.o.d': No such file or directory[0m
1 error generated.
Error while processing /tmp/ktest-out/lustre_build.x86_64/libcfs/libcfs/crypto/hooks.c.
[198/451] Processing file /tmp/ktest-out/lustre_build.x86_64/lustre/utils/ofd_access_log_reader.c
[0;1;31merror: [0m[1merror opening 'lustre/osd-wbcfs/.osd_wbcfs.mod.o.d': No such file or directory[0m
1 error generated.
Error while processing /tmp/ktest-out/lustre_build.x86_64/lustre/osd-wbcfs/osd_wbcfs.mod.c.
[199/451] Processing file /tmp/ktest-out/lustre_build.x86_64/libcfs/libcfs/util/param.c
[0;1;31merror: [0m[1merror opening 'lustre/ptlrpc/.sec_config.o.d': No such file or directory[0m
1 error generated.
Error while processing /tmp/ktest-out/lustre_build.x86_64/lustre/ptlrpc/sec_config.c.
[200/451] Processing file /tmp/ktest-out/lustre_build.x86_64/lustre/kunit/obd_test.mod.c
[0;1;31merror: [0m[1merror opening 'lustre/osd-wbcfs/.osd_index_hash.o.d': No such file or directory[0m
1 error generated.
[201/451] Processing file /tmp/ktest-out/lustre_build.x86_64/lustre/llite/statahead.c
[202/451] Processing file /tmp/ktest-out/lustre_build.x86_64/lustre/obdclass/obd_sysfs.c
Error while processing /tmp/ktest-out/lustre_build.x86_64/lustre/osd-wbcfs/osd_index_hash.c.
[203/451] Processing file /tmp/ktest-out/lustre_build.x86_64/lustre/osc/osc_dev.c
[0;1;31merror: [0m[1merror opening 'lnet/selftest/.rpc.o.d': No such file or directory[0m
1 error generated.
Error while processing /tmp/ktest-out/lustre_build.x86_64/lnet/selftest/rpc.c.
[204/451] Processing file /tmp/ktest-out/lustre_build.x86_64/lnet/lnet/peer.c
[0;1;31merror: [0m[1merror opening 'lustre/lov/.lov_merge.o.d': No such file or directory[0m
1 error generated.
Error while processing /tmp/ktest-out/lustre_build.x86_64/lustre/lov/lov_merge.c.
[205/451] Processing file /tmp/ktest-out/lustre_build.x86_64/lustre/utils/lr_reader.c
[0;1;31merror: [0m[1merror opening 'lustre/lov/.lov_obd.o.d': No such file or directory[0m
1 error generated.
Error while processing /tmp/ktest-out/lustre_build.x86_64/lustre/lov/lov_obd.c.
[206/451] Processing file /tmp/ktest-out/lustre_build.x86_64/lustre/mdt/mdt_lib.c
In file included from lr_reader.c:42:
[1m/tmp/ktest-out/lustre_build.x86_64/lustre/include/uapi/linux/lustre/lustre_idl.h:3140:25: [0m[0;1;35mwarning: [0m[1mfield 'arr_hai' with variable sized type 'struct hsm_action_item' not at the end of a struct or class is a GNU extension [-Wgnu-variable-sized-type-not-at-end][0m
 3140 |         [0;34mstruct[0m hsm_action_item  arr_hai;        [0;33m/**< req. to the agent */[0m
      | [0;1;32m                                ^
[0m[0;1;31merror: [0m[1merror opening 'lustre/ptlrpc/../../lustre/ldlm/.ldlm_request.o.d': No such file or directory[0m
1 error generated.
Error while processing /tmp/ktest-out/lustre_build.x86_64/lustre/ldlm/ldlm_request.c.
[207/451] Processing file /tmp/ktest-out/lustre_build.x86_64/lustre/ptlrpc/nrs_tbf.c
[0;1;31merror: [0m[1merror opening 'lustre/ofd/.ofd_io.o.d': No such file or directory[0m
1 error generated.
Error while processing /tmp/ktest-out/lustre_build.x86_64/lustre/ofd/ofd_io.c.
[208/451] Processing file /tmp/ktest-out/lustre_build.x86_64/lustre/lfsck/lfsck_namespace.c
[0;1;31merror: [0m[1merror opening 'lustre/mdc/.mdc_locks.o.d': No such file or directory[0m
1 error generated.
Error while processing /tmp/ktest-out/lustre_build.x86_64/lustre/mdc/mdc_locks.c.
[209/451] Processing file /tmp/ktest-out/lustre_build.x86_64/lustre/obdclass/llog_obd.c
[0;1;31merror: [0m[1merror opening 'lnet/lnet/.lib-msg.o.d': No such file or directory[0m
1 warning generated.
[210/451] Processing file /tmp/ktest-out/lustre_build.x86_64/lustre/ptlrpc/layout.c1 error generated.
Error while processing /tmp/ktest-out/lustre_build.x86_64/lnet/lnet/lib-msg.c.

[211/451] Processing file /tmp/ktest-out/lustre_build.x86_64/lustre/utils/callvpe.c
[0;1;31merror: [0m[1merror opening 'lustre/fid/.fid_request.o.d': No such file or directory[0m
1 error generated.
Error while processing /tmp/ktest-out/lustre_build.x86_64/lustre/fid/fid_request.c.
[212/451] Processing file /tmp/ktest-out/lustre_build.x86_64/lustre/obdclass/cl_io.c
[213/451] Processing file /tmp/ktest-out/lustre_build.x86_64/lustre/target/tgt_mount.c
[0;1;31merror: [0m[1merror opening 'lustre/lfsck/.lfsck_striped_dir.o.d': No such file or directory[0m
1 error generated.
Error while processing /tmp/ktest-out/lustre_build.x86_64/lustre/lfsck/lfsck_striped_dir.c.
[214/451] Processing file /tmp/ktest-out/lustre_build.x86_64/lustre/utils/llverfs.c
[0;1;31merror: [0m[1merror opening 'lustre/ofd/.ofd_dev.o.d': No such file or directory[0m
1 error generated.
Error while processing /tmp/ktest-out/lustre_build.x86_64/lustre/ofd/ofd_dev.c.
[215/451] Processing file /tmp/ktest-out/lustre_build.x86_64/lustre/llite/llite_lib.c
[0;1;31merror: [0m[1merror opening 'lustre/fid/.fid_store.o.d': No such file or directory[0m
1 error generated.
Error while processing /tmp/ktest-out/lustre_build.x86_64/lustre/fid/fid_store.c.
[216/451] Processing file /tmp/ktest-out/lustre_build.x86_64/lustre/utils/lctl_thread.c
[0;1;31merror: [0m[1merror opening 'lustre/kunit/.obd_test.mod.o.d': No such file or directory[0m
1 error generated.
Error while processing [217/451] Processing file /tmp/ktest-out/lustre_build.x86_64/lustre/mdt/mdt_handler.c
/tmp/ktest-out/lustre_build.x86_64/lustre/kunit/obd_test.mod.c.
[218/451] Processing file /tmp/ktest-out/lustre_build.x86_64/lustre/lmv/lmv_intent.c
[0;1;31merror: [0m[1merror opening 'lustre/llite/.xattr.o.d': No such file or directory[0m
1 error generated.
Error while processing /tmp/ktest-out/lustre_build.x86_64/lustre/llite/xattr.c.
[219/451] Processing file /tmp/ktest-out/lustre_build.x86_64/lustre/llite/vvp_page.c
[0;1;31m[220/451] Processing file /tmp/ktest-out/lustre_build.x86_64/lustre/ldlm/ldlm_flock.c
error: [0m[1merror opening 'lustre/llite/.llite_mmap.o.d': No such file or directory[0m
1 error generated.
Error while processing /tmp/ktest-out/lustre_build.x86_64/lustre/llite/llite_mmap.c.
[221/451] Processing file /tmp/ktest-out/lustre_build.x86_64/lustre/llite/acl.c
[1mlustre/ptlrpc/layout.c:982:2: [0m[0;1;35mwarning: [0m[1mcast from 'void (*)(struct mgs_target_info *)' to 'void (*)(void *)' converts to incompatible function type [-Wcast-function-type-strict][0m
  982 |         DEFINE_MSGF([0;32m"mgs_target_info"[0m, [0;32m0[0m, [0;34msizeof[0m([0;34mstruct[0m mgs_target_info),[0m
      | [0;1;32m        ^~~~~~~~~~~~~~~~~~~~~~~~~~~~~~~~~~~~~~~~~~~~~~~~~~~~~~~~~~~~~~~~~
[0m  983 |                     lustre_swab_mgs_target_info, NULL);[0m
      | [0;1;32m                    ~~~~~~~~~~~~~~~~~~~~~~~~~~~~~~~~~~
[0m[1mlustre/ptlrpc/layout.c:965:17: [0m[0;1;36mnote: [0mexpanded from macro 'DEFINE_MSGF'[0m
  965 |         .rmf_swabber = ([0;34mvoid[0m (*)([0;34mvoid[0m *))(swabber),             \[0m
      | [0;1;32m                       ^~~~~~~~~~~~~~~~~~~~~~~~~~~
[0m[1mlustre/ptlrpc/layout.c:987:2: [0m[0;1;35mwarning: [0m[1mcast from 'void (*)(struct mgs_target_nidlist *)' to 'void (*)(void *)' converts to incompatible function type [-Wcast-function-type-strict][0m
  987 |         DEFINE_MSGF([0;32m"mgs_target_nidlist"[0m, [0;32m0[0m, [0;34msizeof[0m([0;34mstruct[0m mgs_target_nidlist),[0m
      | [0;1;32m        ^~~~~~~~~~~~~~~~~~~~~~~~~~~~~~~~~~~~~~~~~~~~~~~~~~~~~~~~~~~~~~~~~~~~~~~
[0m  988 |                     lustre_swab_mgs_target_nidlist, NULL);[0m
      | [0;1;32m                    ~~~~~~~~~~~~~~~~~~~~~~~~~~~~~~~~~~~~~
[0m[1mlustre/ptlrpc/layout.c:965:17: [0m[0;1;36mnote: [0mexpanded from macro 'DEFINE_MSGF'[0m
  965 |         .rmf_swabber = ([0;34mvoid[0m (*)([0;34mvoid[0m *))(swabber),             \[0m
      | [0;1;32m                       ^~~~~~~~~~~~~~~~~~~~~~~~~~~
[0m[1mlustre/ptlrpc/layout.c:1000:2: [0m[0;1;35mwarning: [0m[1mcast from 'void (*)(struct mgs_config_body *)' to 'void (*)(void *)' converts to incompatible function type [-Wcast-function-type-strict][0m
 1000 |         DEFINE_MSGF([0;32m"mgs_config_read request"[0m, [0;32m0[0m,[0m
      | [0;1;32m        ^~~~~~~~~~~~~~~~~~~~~~~~~~~~~~~~~~~~~~~~~
[0m 1001 |                     [0;34msizeof[0m([0;34mstruct[0m mgs_config_body),[0m
      | [0;1;32m                    ~~~~~~~~~~~~~~~~~~~~~~~~~~~~~~~
[0m 1002 |                     lustre_swab_mgs_config_body, NULL);[0m
      | [0;1;32m                    ~~~~~~~~~~~~~~~~~~~~~~~~~~~~~~~~~~
[0m[1mlustre/ptlrpc/layout.c:965:17: [0m[0;1;36mnote: [0mexpanded from macro 'DEFINE_MSGF'[0m
  965 |         .rmf_swabber = ([0;34mvoid[0m (*)([0;34mvoid[0m *))(swabber),             \[0m
      | [0;1;32m                       ^~~~~~~~~~~~~~~~~~~~~~~~~~~
[0m[1mlustre/ptlrpc/layout.c:1006:2: [0m[0;1;35mwarning: [0m[1mcast from 'void (*)(struct mgs_config_res *)' to 'void (*)(void *)' converts to incompatible function type [-Wcast-function-type-strict][0m
 1006 |         DEFINE_MSGF([0;32m"mgs_config_read reply "[0m, [0;32m0[0m, [0;34msizeof[0m([0;34mstruct[0m mgs_config_res),[0m
      | [0;1;32m        ^~~~~~~~~~~~~~~~~~~~~~~~~~~~~~~~~~~~~~~~~~~~~~~~~~~~~~~~~~~~~~~~~~~~~~~
[0m 1007 |                     lustre_swab_mgs_config_res, NULL);[0m
      | [0;1;32m                    ~~~~~~~~~~~~~~~~~~~~~~~~~~~~~~~~~
[0m[1mlustre/ptlrpc/layout.c:965:17: [0m[0;1;36mnote: [0mexpanded from macro 'DEFINE_MSGF'[0m
  965 |         .rmf_swabber = ([0;34mvoid[0m (*)([0;34mvoid[0m *))(swabber),             \[0m
      | [0;1;32m                       ^~~~~~~~~~~~~~~~~~~~~~~~~~~
[0m[1mlustre/ptlrpc/layout.c:1011:2: [0m[0;1;35mwarning: [0m[1mcast from 'void (*)(__u32 *)' (aka 'void (*)(unsigned int *)') to 'void (*)(void *)' converts to incompatible function type [-Wcast-function-type-strict][0m
 1011 |         DEFINE_MSGF([0;32m"generic u32"[0m, RMF_F_STRUCT_ARRAY,[0m
      | [0;1;32m        ^~~~~~~~~~~~~~~~~~~~~~~~~~~~~~~~~~~~~~~~~~~~~~
[0m 1012 |                     [0;34msizeof[0m(__u32), lustre_swab_generic_32s, NULL);[0m
      | [0;1;32m                    ~~~~~~~~~~~~~~~~~~~~~~~~~~~~~~~~~~~~~~~~~~~~~
[0m[1mlustre/ptlrpc/layout.c:965:17: [0m[0;1;36mnote: [0mexpanded from macro 'DEFINE_MSGF'[0m
  965 |         .rmf_swabber = ([0;34mvoid[0m (*)([0;34mvoid[0m *))(swabber),             \[0m
      | [0;1;32m                       ^~~~~~~~~~~~~~~~~~~~~~~~~~~
[0m[1mlustre/ptlrpc/layout.c:1024:2: [0m[0;1;35mwarning: [0m[1mcast from 'void (*)(__u32 *)' (aka 'void (*)(unsigned int *)') to 'void (*)(void *)' converts to incompatible function type [-Wcast-function-type-strict][0m
 1024 |         DEFINE_MSGF([0;32m"getinfo_vallen"[0m, [0;32m0[0m, [0;34msizeof[0m(__u32),[0m
      | [0;1;32m        ^~~~~~~~~~~~~~~~~~~~~~~~~~~~~~~~~~~~~~~~~~~~~~~
[0m 1025 |                     lustre_swab_generic_32s, NULL);[0m
      | [0;1;32m                    ~~~~~~~~~~~~~~~~~~~~~~~~~~~~~~
[0m[1mlustre/ptlrpc/layout.c:965:17: [0m[0;1;36mnote: [0mexpanded from macro 'DEFINE_MSGF'[0m
  965 |         .rmf_swabber = ([0;34mvoid[0m (*)([0;34mvoid[0m *))(swabber),             \[0m
      | [0;1;32m                       ^~~~~~~~~~~~~~~~~~~~~~~~~~~
[0m[1mlustre/ptlrpc/layout.c:1033:2: [0m[0;1;35mwarning: [0m[1mcast from 'void (*)(struct getinfo_tcufid *)' to 'void (*)(void *)' converts to incompatible function type [-Wcast-function-type-strict][0m
 1033 |         DEFINE_MSGF([0;32m"getinfo_tcufid"[0m, [0;32m0[0m, [0;34msizeof[0m([0;34mstruct[0m getinfo_tcufid),[0m
      | [0;1;32m        ^~~~~~~~~~~~~~~~~~~~~~~~~~~~~~~~~~~~~~~~~~~~~~~~~~~~~~~~~~~~~~~
[0m 1034 |                     lustre_swab_getinfo_tcufid, NULL);[0m
      | [0;1;32m[0;1;31m                    ~~~~~~~~~~~~~~~~~~~~~~~~~~~~~~~~~
[0m[1mlustre/ptlrpc/layout.cerror: :965[0m:[1m17:error opening 'lustre/obdclass/.obd_sysfs.o.d': No such file or directory [0m[0m
[0;1;36mnote: [0mexpanded from macro 'DEFINE_MSGF'[0m
  965 |         .rmf_swabber = ([0;34mvoid[0m (*)([0;34mvoid[0m *))(swabber),             \[0m
      | [0;1;32m                       ^~~~~~~~~~~~~~~~~~~~~~~~~~~
[0m[1mlustre/ptlrpc/layout.c:1038:2: [0m[0;1;35mwarning: [0m[1mcast from 'void (*)(__u32 *)' (aka 'void (*)(unsigned int *)') to 'void (*)(void *)' converts to incompatible function type [-Wcast-function-type-strict][0m
 1038 |         DEFINE_MSGF([0;32m"seq_query_opc"[0m, [0;32m0[0m, [0;34msizeof[0m(__u32),[0m
      | [0;1;32m        ^~~~~~~~~~~~~~~~~~~~~~~~~~~~~~~~~~~~~~~~~~~~~~
[0m 1039 |                     lustre_swab_generic_32s, NULL);[0m
      | [0;1;32m                    ~~~~~~~~~~~~~~~~~~~~~~~~~~~~~~
[0m[1mlustre/ptlrpc/layout.c:965:17: [0m[0;1;36mnote: [0mexpanded from macro 'DEFINE_MSGF'[0m
  965 |         .rmf_swabber = ([0;34mvoid[0m (*)([0;34mvoid[0m *))(swabber),             \[0m
      | [0;1;32m                       ^~~~~~~~~~~~~~~~~~~~~~~~~~~
[0m[1mlustre/ptlrpc/layout.c:1043:2: [0m[0;1;35mwarning: [0m[1mcast from 'void (*)(struct lu_seq_range *)' to 'void (*)(void *)' converts to incompatible function type [-Wcast-function-type-strict][0m
 1043 |         DEFINE_MSGF([0;32m"seq_query_range"[0m, [0;32m0[0m, [0;34msizeof[0m([0;34mstruct[0m lu_seq_range),[0m
      | [0;1;32m        ^~~~~~~~~~~~~~~~~~~~~~~~~~~~~~~~~~~~~~~~~~~~~~~~~~~~~~~~~~~~~~
[0m 1044 |                     lustre_swab_lu_seq_range, NULL);[0m
      | [0;1;32m                    ~~~~~~~~~~~~~~~~~~~~~~~~~~~~~~~
[0m[1mlustre/ptlrpc/layout.c:965:17: [0m[0;1;36mnote: [0mexpanded from macro 'DEFINE_MSGF'[0m
  965 |         .rmf_swabber = ([0;34mvoid[0m (*)([0;34mvoid[0m *))(swabber),             \[0m
      | [0;1;32m                       ^~~~~~~~~~~~~~~~~~~~~~~~~~~
[0m1 error generated.
[1mlustre/ptlrpc/layout.c:1048:2: [0m[0;1;35mwarning: [0m[1mcast from 'void (*)(__u32 *)' (aka 'void (*)(unsigned int *)') to 'void (*)(void *)' converts to incompatible function type [-Wcast-function-type-strict][0m
 1048 |         DEFINE_MSGF([0;32m"fld_query_opc"[0m, [0;32m0[0m, [0;34msizeof[0m(__u32),[0m
      | [0;1;32m        ^~~~~~~~~~~~~~~~~~~~~~~~~~~~~~~~~~~~~~~~~~~~~~
[0m 1049 |                     lustre_swab_generic_32s, NULL);[0m
      | [0;1;32m                    ~~~~~~~~~~~~~~~~~~~~~~~~~~~~~~
[0m[1mlustre/ptlrpc/layout.c:965:17: [0m[0;1;36mnote: [0mexpanded from macro 'DEFINE_MSGF'[0m
  965 |         .rmf_swabber = ([0;34mvoid[0m (*)([0;34mvoid[0m *))(swabber),             \[0m
      | [0;1;32m                       ^~~~~~~~~~~~~~~~~~~~~~~~~~~
[0m[1mlustre/ptlrpc/layout.c:1053:2: [0m[0;1;35mwarning: [0m[1mcast from 'void (*)(struct lu_seq_range *)' to 'void (*)(void *)' converts to incompatible function type [-Wcast-function-type-strict][0m
 1053 |         DEFINE_MSGF([0;32m"fld_query_mdfld"[0m, [0;32m0[0m, [0;34msizeof[0m([0;34mstruct[0m lu_seq_range),[0m
      | [0;1;32m        ^~~~~~~~~~~~~~~~~~~~~~~~~~~~~~~~~~~~~~~~~~~~~~~~~~~~~~~~~~~~~~
[0m 1054 |                     lustre_swab_lu_Error while processing s/tmp/ktest-out/lustre_build.x86_64/lustre/obdclass/obd_sysfs.c.
eq_range, NULL);[0m
      | [0;1;32m                    ~~~~~~~~~~~~~~~~~~~~~~~~~~~~~~~
[0m[222/451] Processing file /tmp/ktest-out/lustre_build.x86_64/lustre/utils/liblustreapi_root.c
[1mlustre/ptlrpc/layout.c:965:17: [0m[0;1;36mnote: [0mexpanded from macro 'DEFINE_MSGF'[0m
  965 |         .rmf_swabber = ([0;34mvoid[0m (*)([0;34mvoid[0m *))(swabber),             \[0m
      | [0;1;32m                       ^~~~~~~~~~~~~~~~~~~~~~~~~~~
[0m[1mlustre/ptlrpc/layout.c:1058:2: [0m[0;1;35mwarning: [0m[1mcast from 'void (*)(struct mdt_body *)' to 'void (*)(void *)' converts to incompatible function type [-Wcast-function-type-strict][0m
 1058 |         DEFINE_MSGF([0;32m"mdt_body"[0m, [0;32m0[0m, [0;34msizeof[0m([0;34mstruct[0m mdt_body),[0m
      | [0;1;32m        ^~~~~~~~~~~~~~~~~~~~~~~~~~~~~~~~~~~~~~~~~~~~~~~~~~~
[0m 1059 |                     lustre_swab_mdt_body, NULL);[0m
      | [0;1;32m                    ~~~~~~~~~~~~~~~~~~~~~~~~~~~
[0m[1mlustre/ptlrpc/layout.c:965:17: [0m[0;1;36mnote: [0mexpanded from macro 'DEFINE_MSGF'[0m
  965 |         .rmf_swabber = ([0;34mvoid[0m (*)([0;34mvoid[0m *))(swabber),             \[0m
      | [0;1;32m                       ^~~~~~~~~~~~~~~~~~~~~~~~~~~
[0m[1mlustre/ptlrpc/layout.c:1063:2: [0m[0;1;35mwarning: [0m[1mcast from 'int (*)(struct obd_quotactl *, __u32)' (aka 'int (*)(struct obd_quotactl *, unsigned int)') to 'int (*)(void *, __u32)' (aka 'int (*)(void *, unsigned int)') converts to incompatible function type [-Wcast-function-type-strict][0m
 1063 |         DEFINE_MSGFL([0;32m"obd_quotactl"[0m, [0;32m0[0m, [0;34msizeof[0m([0;34mstruct[0m obd_quotactl),[0m
      | [0;1;32m        ^~~~~~~~~~~~~~~~~~~~~~~~~~~~~~~~~~~~~~~~~~~~~~~~~~~~~~~~~~~~
[0m 1064 |                      lustre_swab_obd_quotactl, NULL);[0m
      | [0;1;32m                     ~~~~~~~~~~~~~~~~~~~~~~~~~~~~~~~
[0m[1mlustre/ptlrpc/layout.c:973:18: [0m[0;1;36mnote: [0mexpanded from macro 'DEFINE_MSGFL'[0m
  973 |         .rmf_swab_len = ([0;34mint[0m (*)([0;34mvoid[0m *, __u32))(swab_len),     \[0m
      | [0;1;32m                        ^~~~~~~~~~~~~~~~~~~~~~~~~~~~~~~~~~
[0m[1mlustre/ptlrpc/layout.c:1072:2: [0m[0;1;35mwarning: [0m[1mcast from 'void (*)(struct quota_body *)' to 'void (*)(void *)' converts to incompatible function type [-Wcast-function-type-strict][0m
 1072 |         DEFINE_MSGF([0;32m"quota_body"[0m, [0;32m0[0m,[0m
      | [0;1;32m        ^~~~~~~~~~~~~~~~~~~~~~~~~~~~
[0m 1073 |                     [0;34msizeof[0m([0;34mstruct[0m quota_body), lustre_swab_quota_body, NULL);[0m
      | [0;1;32m                    ~~~~~~~~~~~~~~~~~~~~~~~~~~~~~~~~~~~~~~~~~~~~~~~~~~~~~~~~
[0m[1mlustre/ptlrpc/layout.c:965:17: [0m[0;1;36mnote: [0mexpanded from macro 'DEFINE_MSGF'[0m
  965 |         .rmf_swabber = ([0;34mvoid[0m (*)([0;34mvoid[0m *))(swabber),             \[0m
      | [0;1;32m                       ^~~~~~~~~~~~~~~~~~~~~~~~~~~
[0m[1mlustre/ptlrpc/layout.c:1077:2: [0m[0;1;35mwarning: [0m[1mcast from 'void (*)(struct mdt_ioepoch *)' to 'void (*)(void *)' converts to incompatible function type [-Wcast-function-type-strict][0m
 1077 |         DEFINE_MSGF([0;32m"mdt_ioepoch"[0m, [0;32m0[0m, [0;34msizeof[0m([0;34mstruct[0m mdt_ioepoch),[0m
      | [0;1;32m        ^~~~~~~~~~~~~~~~~~~~~~~~~~~~~~~~~~~~~~~~~~~~~~~~~~~~~~~~~
[0m 1078 |                     lustre_swab_mdt_ioepoch, NULL);[0m
      | [0;1;32m                    ~~~~~~~~~~~~~~~~~~~~~~~~~~~~~~
[0m[1mlustre/ptlrpc/layout.c:965:17: [0m[0;1;36mnote: [0mexpanded from macro 'DEFINE_MSGF'[0m
  965 |         .rmf_swabber = ([0;34mvoid[0m (*)([0;34mvoid[0m *))(swabber),             \[0m
      | [0;1;32m                       ^~~~~~~~~~~~~~~~~~~~~~~~~~~
[0m[1mlustre/ptlrpc/layout.c:1082:2: [0m[0;1;35mwarning: [0m[1mcast from 'void (*)(struct ptlrpc_body_v3 *)' to 'void (*)(void *)' converts to incompatible function type [-Wcast-function-type-strict][0m
 1082 |         DEFINE_MSGF([0;32m"ptlrpc_body"[0m, [0;32m0[0m,[0m
      | [0;1;32m        ^~~~~~~~~~~~~~~~~~~~~~~~~~~~~
[0m 1083 |                     [0;34msizeof[0m([0;34mstruct[0m ptlrpc_body), lustre_swab_ptlrpc_body, NULL);[0m
      | [0;1;32m                    ~~~~~~~~~~~~~~~~~~~~~~~~~~~~~~~~~~~~~~~~~~~~~~~~~~~~~~~~~~
[0m[1mlustre/ptlrpc/layout.c:965:17: [0m[0;1;36mnote: [0mexpanded from macro 'DEFINE_MSGF'[0m
  965 |         .rmf_swabber = ([0;34mvoid[0m (*)([0;34mvoid[0m *))(swabber),             \[0m
      | [0;1;32m                       ^~~~~~~~~~~~~~~~~~~~~~~~~~~
[0m[1mlustre/ptlrpc/layout.c:1087:2: [0m[0;1;35mwarning: [0m[1mcast from 'void (*)(struct close_data *)' to 'void (*)(void *)' converts to incompatible function type [-Wcast-function-type-strict][0m
 1087 |         DEFINE_MSGF([0;32m"data_version"[0m, [0;32m0[0m,[0m
      | [0;1;32m        ^~~~~~~~~~~~~~~~~~~~~~~~~~~~~~
[0m 1088 |                     [0;34msizeof[0m([0;34mstruct[0m close_data), lustre_swab_close_data, NULL);[0m
      | [0;1;32m                    ~~~~~~~~~~~~~~~~~~~~~~~~~~~~~~~~~~~~~~~~~~~~~~~~~~~~~~~~
[0m[1mlustre/ptlrpc/layout.c:965:17: [0m[0;1;36mnote: [0mexpanded from macro 'DEFINE_MSGF'[0m
  965 |         .rmf_swabber = ([0;34mvoid[0m (*)([0;34mvoid[0m *))(swabber),             \[0m
      | [0;1;32m                       ^~~~~~~~~~~~~~~~~~~~~~~~~~~
[0m[1mlustre/ptlrpc/layout.c:1092:2: [0m[0;1;35mwarning: [0m[1mcast from 'void (*)(struct obd_statfs *)' to 'void (*)(void *)' converts to incompatible function type [-Wcast-function-type-strict][0m
 1092 |         DEFINE_MSGF([0;32m"obd_statfs"[0m, [0;32m0[0m,[0m
      | [0;1;32m        ^~~~~~~~~~~~~~~~~~~~~~~~~~~~
[0m 1093 |                     [0;34msizeof[0m([0;34mstruct[0m obd_statfs), lustre_swab_obd_statfs, NULL);[0m
      | [0;1;32m                    ~~~~~~~~~~~~~~~~~~~~~~~~~~~~~~~~~~~~~~~~~~~~~~~~~~~~~~~~
[0m[1mlustre/ptlrpc/layout.c:965:17: [0m[0;1;36mnote: [0mexpanded from macro 'DEFINE_MSGF'[0m
  965 |         .rmf_swabber = ([0;34mvoid[0m (*)([0;34mvoid[0m *))(swabber),             \[0m
      | [0;1;32m                       ^~~~~~~~~~~~~~~~~~~~~~~~~~~
[0m[1mlustre/ptlrpc/layout.c:1139:2: [0m[0;1;35mwarning: [0m[1mcast from 'void (*)(struct llogd_body *)' to 'void (*)(void *)' converts to incompatible function type [-Wcast-function-type-strict][0m
 1139 |         DEFINE_MSGF([0;32m"llogd_body"[0m, [0;32m0[0m, [0;34msizeof[0m([0;34mstruct[0m llogd_body),[0m
      | [0;1;32m        ^~~~~~~~~~~~~~~~~~~~~~~~~~~~~~~~~~~~~~~~~~~~~~~~~~~~~~~
[0m 1140 |                     lustre_swab_llogd_body, NULL);[0m
      | [0;1;32m                    ~~~~~~~~~~~~~~~~~~~~~~~~~~~~~
[0m[1mlustre/ptlrpc/layout.c:965:17: [0m[0;1;36mnote: [0mexpanded from macro 'DEFINE_MSGF'[0m
  965 |         .rmf_swabber = ([0;34mvoid[0m (*)([0;34mvoid[0m *))(swabber),             \[0m
      | [0;1;32m                       ^~~~~~~~~~~~~~~~~~~~~~~~~~~
[0m[1mlustre/ptlrpc/layout.c:1144:2: [0m[0;1;35mwarning: [0m[1mcast from 'void (*)(struct llog_log_hdr *)' to 'void (*)(void *)' converts to incompatible function type [-Wcast-function-type-strict][0m
 1144 |         DEFINE_MSGF([0;32m"llog_log_hdr"[0m, [0;32m0[0m, [0;34msizeof[0m([0;34mstruct[0m llog_log_hdr),[0m
      | [0;1;32m        ^~~~~~~~~~~~~~~~~~~~~~~~~~~~~~~~~~~~~~~~~~~~~~~~~~~~~~~~~~~
[0m 1145 |                     lustre_swab_llog_hdr, NULL);[0m
      | [0;1;32m                    ~~~~~~~~~~~~~~~~~~~~~~~~~~~
[0m[1mlustre/ptlrpc/layout.c:965:17: [0m[0;1;36mnote: [0mexpanded from macro 'DEFINE_MSGF'[0m
  965 |         .rmf_swabber = ([0;34mvoid[0m (*)([0;34mvoid[0m *))(swabber),             \[0m
      | [0;1;32m                       ^~~~~~~~~~~~~~~~~~~~~~~~~~~
[0m[1mlustre/ptlrpc/layout.c:1149:2: [0m[0;1;35mwarning: [0m[1mcast from 'void (*)(struct llogd_conn_body *)' to 'void (*)(void *)' converts to incompatible function type [-Wcast-function-type-strict][0m
 1149 |         DEFINE_MSGF([0;32m"llogd_conn_body"[0m, [0;32m0[0m, [0;34msizeof[0m([0;34mstruct[0m llogd_conn_body),[0m
      | [0;1;32m        ^~~~~~~~~~~~~~~~~~~~~~~~~~~~~~~~~~~~~~~~~~~~~~~~~~~~~~~~~~~~~~~~~
[0m 1150 |                     lustre_swab_llogd_conn_body, NULL);[0m
      | [0;1;32m                    ~~~~~~~~~~~~~~~~~~~~~~~~~~~~~~~~~~
[0m[1mlustre/ptlrpc/layout.c:965:17: [0m[0;1;36mnote: [0mexpanded from macro 'DEFINE_MSGF'[0m
  965 |         .rmf_swabber = ([0;34mvoid[0m (*)([0;34mvoid[0m *))(swabber),             \[0m
      | [0;1;32m                       ^~~~~~~~~~~~~~~~~~~~~~~~~~~
[0m[1mlustre/ptlrpc/layout.c:1164:2: [0m[0;1;35mwarning: [0m[1mcast from 'void (*)(struct obd_connect_data *)' to 'void (*)(void *)' converts to incompatible function type [-Wcast-function-type-strict][0m
 1164 |         DEFINE_MSGF([0;32m"cdata"[0m,[0m
      | [0;1;32m        ^~~~~~~~~~~~~~~~~~~~
[0m 1165 |                     RMF_F_NO_SIZE_CHECK [0;33m/* we allow extra space for interop */[0m,[0m
      | [0;1;32m                    ~~~~~~~~~~~~~~~~~~~~~~~~~~~~~~~~~~~~~~~~~~~~~~~~~~~~~~~~~~~
[0m 1166 |                     [0;34msizeof[0m([0;34mstruct[0m obd_connect_data),[0m
      | [0;1;32m                    ~~~~~~~~~~~~~~~~~~~~~~~~~~~~~~~~
[0m 1167 |                     lustre_swab_connect, NULL);[0m
      | [0;1;32m                    ~~~~~~~~~~~~~~~~~~~~~~~~~~
[0m[1mlustre/ptlrpc/layout.c:965:17: [0m[0;1;36mnote: [0mexpanded from macro 'DEFINE_MSGF'[0m
  965 |         .rmf_swabber = ([0;34mvoid[0m (*)([0;34mvoid[0m *))(swabber),             \[0m
      | [0;1;32m                       ^~~~~~~~~~~~~~~~~~~~~~~~~~~
[0m[1mlustre/ptlrpc/layout.c:1171:2: [0m[0;1;35mwarning: [0m[1mcast from 'void (*)(struct ldlm_request *)' to 'void (*)(void *)' converts to incompatible function type [-Wcast-function-type-strict][0m
 1171 |         DEFINE_MSGF([0;32m"dlm_req"[0m, RMF_F_NO_SIZE_CHECK [0;33m/* ldlm_request_bufsize */[0m,[0m
      | [0;1;32m        ^~~~~~~~~~~~~~~~~~~~~~~~~~~~~~~~~~~~~~~~~~~~~~~~~~~~~~~~~~~~~~~~~~~~~~
[0m 1172 |                     offsetof([0;34mstruct[0m ldlm_request,[0m
      | [0;1;32m                    ~~~~~~~~~~~~~~~~~~~~~~~~~~~~~
[0m 1173 |                              lock_handle[LDLM_LOCKREQ_HANDLES]),[0m
      | [0;1;32m                             ~~~~~~~~~~~~~~~~~~~~~~~~~~~~~~~~~~~
[0m 1174 |                     lustre_swab_ldlm_request,In file included from  NULL);[0mliblustreapi_root.c:39:
In file included from /tmp/ktest-out/lustre_build.x86_64/lustre/include/uapi/linux/lustre/lustre_fid.h:27:
[1m/tmp/ktest-out/lustre_build.x86_64/lustre/include/uapi/linux/lustre/lustre_idl.h:3140:25: [0m[0;1;35mwarning: [0m[1mfield 'arr_hai' with variable sized type 'struct hsm_action_item' not at the end of a struct or class is a GNU extension [-Wgnu-variable-sized-type-not-at-end][0m
 3140 |         [0;34mstruct[0m hsm_action_item  arr_hai;        [0;33m/**< req. to the agent */[0m
      | [0;1;32m                                ^
[0m
      | [0;1;32m                    ~~~~~~~~~~~~~~~~~~~~~~~~~~~~~~~
[0m[1mlustre/ptlrpc/layout.c:965:17: [0m[0;1;36mnote: [0mexpanded from macro 'DEFINE_MSGF'[0m
  965 |         .rmf_swabber = ([0;34mvoid[0m (*)([0;34mvoid[0m *))(swabber),             \[0m
      | [0;1;32m                       ^~~~~~~~~~~~~~~~~~~~~~~~~~~
[0m[1mlustre/ptlrpc/layout.c:1178:2: [0m[0;1;35mwarning: [0m[1mcast from 'void (*)(struct ldlm_reply *)' to 'void (*)(void *)' converts to incompatible function type [-Wcast-function-type-strict][0m
 1178 |         DEFINE_MSGF([0;32m"dlm_rep"[0m, [0;32m0[0m,[0m
      | [0;1;32m        ^~~~~~~~~~~~~~~~~~~~~~~~~
[0m 1179 |                     [0;34msizeof[0m([0;34mstruct[0m ldlm_reply), lustre_swab_ldlm_reply, NULL);[0m
      | [0;1;32m                    ~~~~~~~~~~~~~~~~~~~~~~~~~~~~~~~~~~~~~~~~~~~~~~~~~~~~~~~~
[0m[1mlustre/ptlrpc/layout.c:965:17: [0m[0;1;36mnote: [0mexpanded from macro 'DEFINE_MSGF'[0m
  965 |         .rmf_swabber = ([0;34mvoid[0m (*)([0;34mvoid[0m *))(swabber),             \[0m
      | [0;1;32m                       ^~~~~~~~~~~~~~~~~~~~~~~~~~~
[0m[1mlustre/ptlrpc/layout.c:1183:2: [0m[0;1;35mwarning: [0m[1mcast from 'void (*)(struct ldlm_intent *)' to 'void (*)(void *)' converts to incompatible function type [-Wcast-function-type-strict][0m
 1183 |         DEFINE_MSGF([0;32m"ldlm_intent"[0m, [0;32m0[0m,[0m
      | [0;1;32m        ^~~~~~~~~~~~~~~~~~~~~~~~~~~~~
[0m 1184 |                     [0;34msizeof[0m([0;34mstruct[0m ldlm_intent), lustre_swab_ldlm_intent, NULL);[0m
      | [0;1;32m                    ~~~~~~~~~~~~~~~~~~~~~~~~~~~~~~~~~~~~~~~~~~~~~~~~~~~~~~~~~~
[0m[1mlustre/ptlrpc/layout.c:965:17: [0m[0;1;36mnote: [0mexpanded from macro 'DEFINE_MSGF'[0m
  965 |         .rmf_swabber = ([0;34mvoid[0m (*)([0;34mvoid[0m *))(swabber),             \[0m
      | [0;1;32m                       ^~~~~~~~~~~~~~~~~~~~~~~~~~~
[0m[1mlustre/ptlrpc/layout.c:1205:2: 1[0m[0;1;35mwarning: [0m[1mcast from 'void (*)(struct mdt_rec_reint *)' to 'void (*)(void *)' converts to incompatible function type [-Wcast-function-type-strict][0m
 warning generated.
 1205 |         DEFINE_MSGF([0;32m"rec_reint"[0m, [0;32m0[0m, [0;34msizeof[0m([0;34mstruct[0m mdt_rec_reint),[0m
      | [0;1;32m        ^~~~~~~~~~~~~~~~~~~~~~~~~~~~~~~~~~~~~~~~~~~~~~~~~~~~~~~~~
[0m 1206 |                     lustre_swab_mdt_rec_reint, NULL);[0m
      | [0;1;32m                    ~~~~~~~~~~~~~~~~~~~~~~~~~~~~~~~~
[0m[1mlustre/ptlrpc/layout.c:965:17: [0m[0;1;36mnote: [0mexpanded from macro 'DEFINE_MSGF'[0m
  965 |         .rmf_swabber = ([0;34mvoid[0m (*)([0;34mvoid[0m *))(swabber),             \[0m
      | [0;1;32m                       ^~~~~~~~~~~~~~~~~~~~~~~~~~~
[0m[223/451] Processing file /tmp/ktest-out/lustre_build.x86_64/lnet/lnet/nidstrings.c
[1mlustre/ptlrpc/layout.c:1232:2: [0m[0;1;35mwarning: [0m[1mcast from 'void (*)(struct layout_intent *)' to 'void (*)(void *)' converts to incompatible function type [-Wcast-function-type-strict][0m
 1232 |         DEFINE_MSGF([0;32m"layout_intent"[0m, [0;32m0[0m,[0m
      | [0;1;32m        ^~~~~~~~~~~~~~~~~~~~~~~~~~~~~~~
[0m 1233 |                     [0;34msizeof[0m([0;34mstruct[0m layout_intent), lustre_swab_layout_intent,[0m
      | [0;1;32m                    ~~~~~~~~~~~~~~~~~~~~~~~~~~~~~~~~~~~~~~~~~~~~~~~~~~~~~~~~
[0m 1234 |                     NULL);[0m
      | [0;1;32m                    ~~~~~
[0m[1mlustre/ptlrpc/layout.c:965:17: [0m[0;1;36mnote: [0mexpanded from macro 'DEFINE_MSGF'[0m
  965 |         .rmf_swabber = ([0;34mvoid[0m (*)([0;34mvoid[0m *))(swabber),             \[0m
      | [0;1;32m                       ^~~~~~~~~~~~~~~~~~~~~~~~~~~
[0m[1mlustre/ptlrpc/layout.c:1245:2: [0m[0;1;35mwarning: [0m[1mcast from 'void (*)(struct ost_body *)' to 'void (*)(void *)' converts to incompatible function type [-Wcast-function-type-strict][0m
 1245 |         DEFINE_MSGF([0;32m"ost_body"[0m, [0;32m0[0m,[0m
      | [0;1;32m        ^~~~~~~~~~~~~~~~~~~~~~~~~~
[0m 1246 |                     [0;34msizeof[0m([0;34mstruct[0m ost_body), lustre_swab_ost_body,[0m
      | [0;1;32m                    ~~~~~~~~~~~~~~~~~~~~~~~~~~~~~~~~~~~~~~~~~~~~~~
[0m 1247 |                     dump_ost_body);[0m
      | [0;1;32m                    ~~~~~~~~~~~~~~
[0m[1mlustre/ptlrpc/layout.c:965:17: [0m[0;1;36mnote: [0mexpanded from macro 'DEFINE_MSGF'[0m
  965 |         .rmf_swabber = ([0;34mvoid[0m (*)([0;34mvoid[0m *))(swabber),             \[0m
      | [0;1;32m                       ^~~~~~~~~~~~~~~~~~~~~~~~~~~
[0m[1mlustre/ptlrpc/layout.c:1245:2: [0m[0;1;35mwarning: [0m[1mcast from 'void (*)(struct ost_body *)' to 'void (*)(void *)' converts to incompatible function type [-Wcast-function-type-strict][0m
 1245 |         DEFINE_MSGF([0;32m"ost_body"[0m, [0;32m0[0m,[0m
      | [0;1;32m        ^~~~~~~~~~~~~~~~~~~~~~~~~~
[0m 1246 |                     [0;34msizeof[0m([0;34mstruct[0m ost_body), lustre_swab_ost_body,[0m
      | [0;1;32m                    ~~~~~~~~~~~~~~~~~~~~~~~~~~~~~~~~~~~~~~~~~~~~~~
[0m 1247 |                     dump_ost_body);[0m
      | [0;1;32m                    ~~~~~~~~~~~~~~
[0m[1mlustre/ptlrpc/layout.c:966:17: [0m[0;1;36mnote: [0mexpanded from macro 'DEFINE_MSGF'[0m
  966 |         .rmf_dumper  = ([0;34mvoid[0m (*)([0;34mvoid[0m *))(dumper)               \[0m
      | [0;1;32m                       ^~~~~~~~~~~~~~~~~~~~~~~~~~
[0m[1mlustre/ptlrpc/layout.c:1251:2: [0m[0;1;35mwarning: [0m[1mcast from 'void (*)(struct obd_ioobj *)' to 'void (*)(void *)' converts to incompatible function type [-Wcast-function-type-strict][0m
 1251 |         DEFINE_MSGF([0;32m"obd_ioobj"[0m, RMF_F_STRUCT_ARRAY,[0m
      | [0;1;32m        ^~~~~~~~~~~~~~~~~~~~~~~~~~~~~~~~~~~~~~~~~~~~
[0m 1252 |                     [0;34msizeof[0m([0;34mstruct[0m obd_ioobj), lustre_swab_obd_ioobj, dump_ioo);[0m
      | [0;1;32m                    ~~~~~~~~~~~~~~~~~~~~~~~~~~~~~~~~~~~~~~~~~~~~~~~~~~~~~~~~~~
[0m[1mlustre/ptlrpc/layout.c:965:17: [0m[0;1;36mnote: [0mexpanded from macro 'DEFINE_MSGF'[0m
  965 |         .rmf_swabber = ([0;34mvoid[0m (*)([0;34mvoid[0m *))(swabber),             \[0m
      | [0;1;32m                       ^~~~~~~~~~~~~~~~~~~~~~~~~~~
[0m[1mlustre/ptlrpc/layout.c:1251:2: [0m[0;1;35mwarning: [0m[1mcast from 'void (*)(struct obd_ioobj *)' to 'void (*)(void *)' converts to incompatible function type [-Wcast-function-type-strict][0m
 1251 |         DEFINE_MSGF([0;32m"obd_ioobj"[0m, RMF_F_STRUCT_ARRAY,[0m
      | [0;1;32m        ^~~~~~~~~~~~~~~~~~~~~~~~~~~~~~~~~~~~~~~~~~~~
[0m 1252 |                     [0;34msizeof[0m([0;34mstruct[0m obd_ioobj), lustre_swab_obd_ioobj, dump_ioo);[0m
      | [0;1;32m                    ~~~~~~~~~~~~~~~~~~~~~~~~~~~~~~~~~~~~~~~~~~~~~~~~~~~~~~~~~~
[0m[1mlustre/ptlrpc/layout.c:966:17: [0m[0;1;36mnote: [0mexpanded from macro 'DEFINE_MSGF'[0m
  966 |         .rmf_dumper  = ([0;34mvoid[0m (*)([0;34mvoid[0m *))(dumper)               \[0m
      | [0;1;32m                       ^~~~~~~~~~~~~~~~~~~~~~~~~~
[0m[1mlustre/ptlrpc/layout.c:1256:2: [0m[0;1;35mwarning: [0m[1mcast from 'void (*)(struct niobuf_remote *)' to 'void (*)(void *)' converts to incompatible function type [-Wcast-function-type-strict][0m
 1256 |         DEFINE_MSGF([0;32m"niobuf_remote"[0m, RMF_F_STRUCT_ARRAY,[0m
      | [0;1;32m        ^~~~~~~~~~~~~~~~~~~~~~~~~~~~~~~~~~~~~~~~~~~~~~~~
[0m 1257 |                     [0;34msizeof[0m([0;34mstruct[0m niobuf_remote), lustre_swab_niobuf_remote,[0m
      | [0;1;32m                    ~~~~~~~~~~~~~~~~~~~~~~~~~~~~~~~~~~~~~~~~~~~~~~~~~~~~~~~~
[0m 1258 |                     dump_rniobuf);[0m
      | [0;1;32m                    ~~~~~~~~~~~~~
[0m[1mlustre/ptlrpc/layout.c:965:17: [0m[0;1;36mnote: [0mexpanded from macro 'DEFINE_MSGF'[0m
  965 |         .rmf_swabber = ([0;34mvoid[0m (*)([0;34mvoid[0m *))(swabber),             \[0m
      | [0;1;32m                       ^~~~~~~~~~~~~~~~~~~~~~~~~~~
[0m[1mlustre/ptlrpc/layout.c:1256:2: [0m[0;1;35mwarning: [0m[1mcast from 'void (*)(struct niobuf_remote *)' to 'void (*)(void *)' converts to incompatible function type [-Wcast-function-type-strict][0m
 1256 |         DEFINE_MSGF([0;32m"niobuf_remote"[0m, RMF_F_STRUCT_ARRAY,[0m
      | [0;1;32m        ^~~~~~~~~~~~~~~~~~~~~~~~~~~~~~~~~~~~~~~~~~~~~~~~
[0m 1257 |                     [0;34msizeof[0m([0;34mstruct[0m niobuf_remote), lustre_swab_niobuf_remote,[0m
      | [0;1;32m                    ~~~~~~~~~~~~~~~~~~~~~~~~~~~~~~~~~~~~~~~~~~~~~~~~~~~~~~~~
[0m 1258 |                     dump_rniobuf);[0m
      | [0;1;32m                    ~~~~~~~~~~~~~
[0m[1mlustre/ptlrpc/layout.c:966:17: [0m[0;1;36mnote: [0mexpanded from macro 'DEFINE_MSGF'[0m
  966 |         .rmf_dumper  = ([0;34mvoid[0m (*)([0;34mvoid[0m *))(dumper)               \[0m
      | [0;1;32m                       ^~~~~~~~~~~~~~~~~~~~~~~~~~
[0m[1mlustre/ptlrpc/layout.c:1262:2: [0m[0;1;35mwarning: [0m[1mcast from 'void (*)(struct niobuf_remote *)' to 'void (*)(void *)' converts to incompatible function type [-Wcast-function-type-strict][0m
 1262 |         DEFINE_MSGF([0;32m"niobuf_inline"[0m, RMF_F_NO_SIZE_CHECK,[0m
      | [0;1;32m        ^~~~~~~~~~~~~~~~~~~~~~~~~~~~~~~~~~~~~~~~~~~~~~~~~
[0m 1263 |                     [0;34msizeof[0m([0;34mstruct[0m niobuf_remote), lustre_swab_niobuf_remote,[0m
      | [0;1;32m                    ~~~~~~~~~~~~~~~~~~~~~~~~~~~~~~~~~~~~~~~~~~~~~~~~~~~~~~~~
[0m 1264 |                     dump_rniobuf);[0m
      | [0;1;32m                    ~~~~~~~~~~~~~
[0m[1mlustre/ptlrpc/layout.c:965:17: [0m[0;1;36mnote: [0mexpanded from macro 'DEFINE_MSGF'[0m
  965 |         .rmf_swabber = ([0;34mvoid[0m (*)([0;34mvoid[0m *))(swabber),             \[0m
      | [0;1;32m                       ^~~~~~~~~~~~~~~~~~~~~~~~~~~
[0m[1mlustre/ptlrpc/layout.c:1262:2: [0m[0;1;35mwarning: [0m[1mcast from 'void (*)(struct niobuf_remote *)' to 'void (*)(void *)' converts to incompatible function type [-Wcast-function-type-strict][0m
 1262 |         DEFINE_MSGF([0;32m"niobuf_inline"[0m, RMF_F_NO_SIZE_CHECK,[0m
      | [0;1;32m        ^~~~~~~~~~~~~~~~~~~~~~~~~~~~~~~~~~~~~~~~~~~~~~~~~
[0m 1263 |                     [0;34msizeof[0m([0;34mstruct[0m niobuf_remote), lustre_swab_niobuf_remote,[0m
      | [0;1;32m                    ~~~~~~~~~~~~~~~~~~~~~~~~~~~~~~~~~~~~~~~~~~~~~~~~~~~~~~~~
[0m 1264 |                     dump_rniobuf);[0m
      | [0;1;32m                    ~~~~~~~~~~~~~
[0m[1mlustre/ptlrpc/layout.c:966:17: [0m[0;1;36mnote: [0mexpanded from macro 'DEFINE_MSGF'[0m
  966 |         .rmf_dumper  = ([0;34mvoid[0m (*)([0;34mvoid[0m *))(dumper)               \[0m
      | [0;1;32m                       ^~~~~~~~~~~~~~~~~~~~~~~~~~
[0m[1mlustre/ptlrpc/layout.c:1268:2: [0m[0;1;35mwarning: [0m[1mcast from 'void (*)(__u32 *)' (aka 'void (*)(unsigned int *)') to 'void (*)(void *)' converts to incompatible function type [-Wcast-function-type-strict][0m
 1268 |         DEFINE_MSGF([0;32m"niobuf_rcs"[0m, RMF_F_STRUCT_ARRAY, [0;34msizeof[0m(__u32),[0m
      | [0;1;32m        ^~~~~~~~~~~~~~~~~~~~~~~~~~~~~~~~~~~~~~~~~~~~~~~~~~~~~~~~~~~~
[0m 1269 |                     lustre_swab_generic_32s, dump_rcs);[0m
      | [0;1;32m                    ~~~~~~~~~~~~~~~~~~~~~~~~~~~~~~~~~~
[0m[1mlustre/ptlrpc/layout.c:965:17: [0m[0;1;36mnote: [0mexpanded from macro 'DEFINE_MSGF'[0m
  965 |         .rmf_swabber = ([0;34mvoid[0m (*)([0;34mvoid[0m *))(swabber),             \[0m
      | [0;1;32m                       ^~~~~~~~~~~~~~~~~~~~~~~~~~~
[0m[1mlustre/ptlrpc/layout.c:1268:2: [0m[0;1;35mwarning: [0m[1mcast from 'void (*)(__u32 *)' (aka 'void (*)(unsigned int *)') to 'void (*)(void *)' converts to incompatible function type [-Wcast-function-type-strict][0m
 1268 |         DEFINE_MSGF([0;32m"niobuf_rcs"[0m, RMF_F_STRUCT_ARRAY, [0;34msizeof[0m(__u32),[0m
      | [0;1;32m        ^~~~~~~~~~~~~~~~~~~~~~~~~~~~~~~~~~~~~~~~~~~~~~~~~~~~~~~~~~~~
[0m 1269 |                     lustre_swab_generic_32s, dump_rcs);[0m
      | [0;1;32m                    ~~~~~~~~~~~~~~~~~~~~~~~~~~~~~~~~~~
[0m[1mlustre/ptlrpc/layout.c:966:17: [0m[0;1;36mnote: [0mexpanded from macro 'DEFINE_MSGF'[0m
  966 |         .rmf_dumper  = ([0;34mvoid[0m (*)([0;34mvoid[0m *))(dumper)               \[0m
      | [0;1;32m                       ^~~~~~~~~~~~~~~~~~~~~~~~~~
[0m[1mlustre/ptlrpc/layout.c:1273:2: [0m[0;1;35mwarning: [0m[1mcast from 'void (*)(__u32 *)' (aka 'void (*)(unsigned int *)') to 'void (*)(void *)' converts to incompatible function type [-Wcast-function-type-strict][0m
 1273 |         DEFINE_MSGF([0;32m"eavals_lens"[0m, RMF_F_STRUCT_ARRAY, [0;34msizeof[0m(__u32),[0m
      | [0;1;32m        ^~~~~~~~~~~~~~~~~~~~~~~~~~~~~~~~~~~~~~~~~~~~~~~~~~~~~~~~~~~~~
[0m 1274 |                     lustre_swab_generic_32s, NULL);[0m
      | [0;1;32m                    ~~~~~~~~~~~~~~~~~~~~~~~~~~~~~~
[0m[1mlustre/ptlrpc/layout.c:965:17: [0m[0;1;36mnote: [0mexpanded from macro 'DEFINE_MSGF'[0m
  965 |         .rmf_swabber = ([0;34mvoid[0m (*)([0;34mvoid[0m *))(swabber),             \[0m
      | [0;1;32m                       ^~~~~~~~~~~~~~~~~~~~~~~~~~~
[0m[1mlustre/ptlrpc/layout.c:1278:2: [0m[0;1;35mwarning: [0m[1mcast from 'void (*)(__u64 *)' (aka 'void (*)(unsigned long long *)') to 'void (*)(void *)' converts to incompatible function type [-Wcast-function-type-strict][0m
 1278 |         DEFINE_MSGF([0;32m"obd_id"[0m, [0;32m0[0m,[0m
      | [0;1;32m        ^~~~~~~~~~~~~~~~~~~~~~~~
[0m 1279 |                     [0;34msizeof[0m(__u64), lustre_swab_ost_last_id, NULL);[0m
      | [0;1;32m                    ~~~~~~~~~~~~~~~~~~~~~~~~~~~~~~~~~~~~~~~~~~~~~
[0m[1mlustre/ptlrpc/layout.c:965:17: [0m[0;1;36mnote: [0mexpanded from macro 'DEFINE_MSGF'[0m
  965 |         .rmf_swabber = ([0;34mvoid[0m (*)([0;34mvoid[0m *))(swabber),             \[0m
      | [0;1;32m                       ^~~~~~~~~~~~~~~~~~~~~~~~~~~
[0m[1mlustre/ptlrpc/layout.c:1283:2: [0m[0;1;35mwarning: [0m[1mcast from 'void (*)(struct lu_fid *)' to 'void (*)(void *)' converts to incompatible function type [-Wcast-function-type-strict][0m
 1283 |         DEFINE_MSGF([0;32m"fid"[0m, [0;32m0[0m,[0m
      | [0;1;32m        ^~~~~~~~~~~~~~~~~~~~~
[0m 1284 |                     [0;34msizeof[0m([0;34mstruct[0m lu_fid), lustre_swab_lu_fid, NULL);[0m
      | [0;1;32m                    ~~~~~~~~~~~~~~~~~~~~~~~~~~~~~~~~~~~~~~~~~~~~~~~~
[0m[1mlustre/ptlrpc/layout.c:965:17: [0m[0;1;36mnote: [0mexpanded from macro 'DEFINE_MSGF'[0m
  965 |         .rmf_swabber = ([0;34mvoid[0m (*)([0;34mvoid[0m *))(swabber),             \[0m
      | [0;1;32m                       ^~~~~~~~~~~~~~~~~~~~~~~~~~~
[0m[1mlustre/ptlrpc/layout.c:1288:2: [0m[0;1;35mwarning: [0m[1mcast from 'void (*)(struct ost_id *)' to 'void (*)(void *)' converts to incompatible function type [-Wcast-function-type-strict][0m
 1288 |         DEFINE_MSGF([0;32m"ost_id"[0m, [0;32m0[0m,[0m
      | [0;1;32m        ^~~~~~~~~~~~~~~~~~~~~~~~
[0m 1289 |                     [0;34msizeof[0m([0;34mstruct[0m ost_id), lustre_swab_ost_id, NULL);[0m
      | [0;1;32m                    ~~~~~~~~~~~~~~~~~~~~~~~~~~~~~~~~~~~~~~~~~~~~~~~~
[0m[1mlustre/ptlrpc/layout.c:965:17: [0m[0;1;36mnote: [0mexpanded from macro 'DEFINE_MSGF'[0m
  965 |         .rmf_swabber = ([0;34mvoid[0m (*)([0;34mvoid[0m *))(swabber),             \[0m
      | [0;1;32m                       ^~~~~~~~~~~~~~~~~~~~~~~~~~~
[0m[1mlustre/ptlrpc/layout.c:1293:2: [0m[0;1;35mwarning: [0m[1mcast from 'void (*)(struct ll_fiemap_info_key *)' to 'void (*)(void *)' converts to incompatible function type [-Wcast-function-type-strict][0m
 1293 |         DEFINE_MSGF([0;32m"fiemap_key"[0m, [0;32m0[0m, [0;34msizeof[0m([0;34mstruct[0m ll_fiemap_info_key),[0m
      | [0;1;32m        ^~~~~~~~~~~~~~~~~~~~~~~~~~~~~~~~~~~~~~~~~~~~~~~~~~~~~~~~~~~~~~~
[0m 1294 |                     lustre_swab_fiemap_info_key, NULL);[0m
      | [0;1;32m                    ~~~~~~~~~~~~~~~~~~~~~~~~~~~~~~~~~~
[0m[1mlustre/ptlrpc/layout.c:965:17: [0m[0;1;36mnote: [0mexpanded from macro 'DEFINE_MSGF'[0m
  965 |         .rmf_swabber = ([0;34mvoid[0m (*)([0;34mvoid[0m *))(swabber),             \[0m
      | [0;1;32m                       ^~~~~~~~~~~~~~~~~~~~~~~~~~~
[0m[1mlustre/ptlrpc/layout.c:1298:2: [0m[0;1;35mwarning: [0m[1mcast from 'int (*)(struct fiemap *, __u32)' (aka 'int (*)(struct fiemap *, unsigned int)') to 'int (*)(void *, __u32)' (aka 'int (*)(void *, unsigned int)') converts to incompatible function type [-Wcast-function-type-strict][0m
 1298 |         DEFINE_MSGFL([0;32m"fiemap"[0m, [0;32m0[0m, -[0;32m1[0m, lustre_swab_fiemap, NULL);[0m
      | [0;1;32m        ^~~~~~~~~~~~~~~~~~~~~~~~~~~~~~~~~~~~~~~~~~~~~~~~~~~~~~~
[0m[1mlustre/ptlrpc/layout.c:973:18: [0m[0;1;36mnote: [0mexpanded from macro 'DEFINE_MSGFL'[0m
  973 |         .rmf_swab_len = ([0;34mint[0m (*)([0;34mvoid[0m *, __u32))(swab_len),     \[0m
      | [0;1;32m                        ^~~~~~~~~~~~~~~~~~~~~~~~~~~~~~~~~~
[0m[1mlustre/ptlrpc/layout.c:1302:2: [0m[0;1;35mwarning: [0m[1mcast from 'void (*)(struct idx_info *)' to 'void (*)(void *)' converts to incompatible function type [-Wcast-function-type-strict][0m
 1302 |         DEFINE_MSGF([0;32m"idx_info"[0m, [0;32m0[0m, [0;34msizeof[0m([0;34mstruct[0m idx_info),[0m
      | [0;1;32m        ^~~~~~~~~~~~~~~~~~~~~~~~~~~~~~~~~~~~~~~~~~~~~~~~~~~
[0m 1303 |                     lustre_swab_idx_info, NULL);[0m
      | [0;1;32m                    ~~~~~~~~~~~~~~~~~~~~~~~~~~~
[0m[1mlustre/ptlrpc/layout.c:965:17: [0m[0;1;36mnote: [0mexpanded from macro 'DEFINE_MSGF'[0m
  965 |         .rmf_swabber = ([0;34mvoid[0m (*)([0;34mvoid[0m *))(swabber),             \[0m
      | [0;1;32m                       ^~~~~~~~~~~~~~~~~~~~~~~~~~~
[0m[1mlustre/ptlrpc/layout.c:1309:2: [0m[0;1;35mwarning: [0m[1mcast from 'void (*)(struct hsm_user_state *)' to 'void (*)(void *)' converts to incompatible function type [-Wcast-function-type-strict][0m
 1309 |         DEFINE_MSGF([0;32m"hsm_user_state"[0m, [0;32m0[0m, [0;34msizeof[0m([0;34mstruct[0m hsm_user_state),[0m
      | [0;1;32m        ^~~~~~~~~~~~~~~~~~~~~~~~~~~~~~~~~~~~~~~~~~~~~~~~~~~~~~~~~~~~~~~
[0m 1310 |                     lustre_swab_hsm_user_state, NULL);[0m
      | [0;1;32m                    ~~~~~~~~~~~~~~~~~~~~~~~~~~~~~~~~~
[0m[1mlustre/ptlrpc/layout.c:965:17: [0m[0;1;36mnote: [0mexpanded from macro 'DEFINE_MSGF'[0m
  965 |         .rmf_swabber = ([0;34mvoid[0m (*)([0;34mvoid[0m *))(swabber),             \[0m
      | [0;1;32m                       ^~~~~~~~~~~~~~~~~~~~~~~~~~~
[0m[1mlustre/ptlrpc/layout.c:1314:2: [0m[0;1;35mwarning: [0m[1mcast from 'void (*)(struct hsm_state_set *)' to 'void (*)(void *)' converts to incompatible function type [-Wcast-function-type-strict][0m
 1314 |         DEFINE_MSGF([0;32m"hsm_state_set"[0m, [0;32m0[0m, [0;34msizeof[0m([0;34mstruct[0m hsm_state_set),[0m
      | [0;1;32m        ^~~~~~~~~~~~~~~~~~~~~~~~~~~~~~~~~~~~~~~~~~~~~~~~~~~~~~~~~~~~~
[0m 1315 |                     lustre_swab_hsm_state_set, NULL);[0m
      | [0;1;32m                    ~~~~~~~~~~~~~~~~~~~~~~~~~~~~~~~~
[0m[1mlustre/ptlrpc/layout.c:965:17: [0m[0;1;36mnote: [0mexpanded from macro 'DEFINE_MSGF'[0m
  965 |         .rmf_swabber = ([0;34mvoid[0m (*)([0;34mvoid[0m *))(swabber),             \[0m
      | [0;1;32m                       ^~~~~~~~~~~~~~~~~~~~~~~~~~~
[0m[1mlustre/ptlrpc/layout.c:1319:2: [0m[0;1;35mwarning: [0m[1mcast from 'void (*)(struct hsm_progress_kernel *)' to 'void (*)(void *)' converts to incompatible function type [-Wcast-function-type-strict][0m
 1319 |         DEFINE_MSGF([0;32m"hsm_progress"[0m, [0;32m0[0m, [0;34msizeof[0m([0;34mstruct[0m hsm_progress_kernel),[0m
      | [0;1;32m        ^~~~~~~~~~~~~~~~~~~~~~~~~~~~~~~~~~~~~~~~~~~~~~~~~~~~~~~~~~~~~~~~~~
[0m 1320 |                     lustre_swab_hsm_progress_kernel, NULL);[0m
      | [0;1;32m                    ~~~~~~~~~~~~~~~~~~~~~~~~~~~~~~~~~~~~~~
[0m[1mlustre/ptlrpc/layout.c:965:17: [0m[0;1;36mnote: [0mexpanded from macro 'DEFINE_MSGF'[0m
  965 |         .rmf_swabber = ([0;34mvoid[0m (*)([0;34mvoid[0m *))(swabber),             \[0m
      | [0;1;32m                       ^~~~~~~~~~~~~~~~~~~~~~~~~~~
[0m[1mlustre/ptlrpc/layout.c:1324:2: [0m[0;1;35mwarning: [0m[1mcast from 'void (*)(struct hsm_current_action *)' to 'void (*)(void *)' converts to incompatible function type [-Wcast-function-type-strict][0m
 1324 |         DEFINE_MSGF([0;32m"hsm_current_action"[0m, [0;32m0[0m, [0;34msizeof[0m([0;34mstruct[0m hsm_current_action),[0m
      | [0;1;32m        ^~~~~~~~~~~~~~~~~~~~~~~~~~~~~~~~~~~~~~~~~~~~~~~~~~~~~~~~~~~~~~~~~~~~~~~
[0m 1325 |                     lustre_swab_hsm_current_action, NULL);[0m
      | [0;1;32m                    ~~~~~~~~~~~~~~~~~~~~~~~~~~~~~~~~~~~~~
[0m[1mlustre/ptlrpc/layout.c:965:17: [0m[0;1;36mnote: [0mexpanded from macro 'DEFINE_MSGF'[0m
  965 |         .rmf_swabber = ([0;34mvoid[0m (*)([0;34mvoid[0m *))(swabber),             \[0m
      | [0;1;32m                       ^~~~~~~~~~~~~~~~~~~~~~~~~~~
[0m[1mlustre/ptlrpc/layout.c:1329:2: [0m[0;1;35mwarning: [0m[1mcast from 'void (*)(struct hsm_user_item *)' to 'void (*)(void *)' converts to incompatible function type [-Wcast-function-type-strict][0m
 1329 |         DEFINE_MSGF([0;32m"hsm_user_item"[0m, RMF_F_STRUCT_ARRAY,[0m
      | [0;1;32m        ^~~~~~~~~~~~~~~~~~~~~~~~~~~~~~~~~~~~~~~~~~~~~~~~
[0m 1330 |                     [0;34msizeof[0m([0;34mstruct[0m hsm_user_item), lustre_swab_hsm_user_item,[0m
      | [0;1;32m                    ~~~~~~~~~~~~~~~~~~~~~~~~~~~~~~~~~~~~~~~~~~~~~~~~~~~~~~~~
[0m 1331 |                     NULL);[0m
      | [0;1;32m                    ~~~~~
[0m[1mlustre/ptlrpc/layout.c:965:17: [0m[0;1;36mnote: [0mexpanded from macro 'DEFINE_MSGF'[0m
  965 |         .rmf_swabber = ([0;34mvoid[0m (*)([0;34mvoid[0m *))(swabber),             \[0m
      | [0;1;32m                       ^~~~~~~~~~~~~~~~~~~~~~~~~~~
[0m[1mlustre/ptlrpc/layout.c:1335:2: [0m[0;1;35mwarning: [0m[1mcast from 'void (*)(__u32 *)' (aka 'void (*)(unsigned int *)') to 'void (*)(void *)' converts to incompatible function type [-Wcast-function-type-strict][0m
 1335 |         DEFINE_MSGF([0;32m"hsm_archive"[0m, RMF_F_STRUCT_ARRAY,[0m
      | [0;1;32m        ^~~~~~~~~~~~~~~~~~~~~~~~~~~~~~~~~~~~~~~~~~~~~~
[0m 1336 |                     [0;34msizeof[0m(__u32), lustre_swab_generic_32s, NULL);[0m
      | [0;1;32m                    ~~~~~~~~~~~~~~~~~~~~~~~~~~~~~~~~~~~~~~~~~~~~~
[0m[1mlustre/ptlrpc/layout.c:965:17: [0m[0;1;36mnote: [0mexpanded from macro 'DEFINE_MSGF'[0m
  965 |         .rmf_swabber = ([0;34mvoid[0m (*)([0;34mvoid[0m *))(swabber),             \[0m
      | [0;1;32m                       ^~~~~~~~~~~~~~~~~~~~~~~~~~~
[0m[1mlustre/ptlrpc/layout.c:1340:2: [0m[0;1;35mwarning: [0m[1mcast from 'void (*)(struct hsm_request *)' to 'void (*)(void *)' converts to incompatible function type [-Wcast-function-type-strict][0m
 1340 |         DEFINE_MSGF([0;32m"hsm_request"[0m, [0;32m0[0m, [0;34msizeof[0m([0;34mstruct[0m hsm_request),[0m
      | [0;1;32m        ^~~~~~~~~~~~~~~~~~~~~~~~~~~~~~~~~~~~~~~~~~~~~~~~~~~~~~~~~
[0m 1341 |                     lustre_swab_hsm_request, NULL);[0m
      | [0;1;32m                    ~~~~~~~~~~~~~~~~~~~~~~~~~~~~~~
[0m[1mlustre/ptlrpc/layout.c:965:17: [0m[0;1;36mnote: [0mexpanded from macro 'DEFINE_MSGF'[0m
  965 |         .rmf_swabber = ([0;34mvoid[0m (*)([0;34mvoid[0m *))(swabber),             \[0m
      | [0;1;32m                       ^~~~~~~~~~~~~~~~~~~~~~~~~~~
[0m[1mlustre/ptlrpc/layout.c:1345:2: [0m[0;1;35mwarning: [0m[1mcast from 'void (*)(struct mdc_swap_layouts *)' to 'void (*)(void *)' converts to incompatible function type [-Wcast-function-type-strict][0m
 1345 |         DEFINE_MSGF([0;32m"swap_layouts"[0m, [0;32m0[0m, [0;34msizeof[0m([0;34mstruct[0m  mdc_swap_layouts),[0m
      | [0;1;32m        ^~~~~~~~~~~~~~~~~~~~~~~~~~~~~~~~~~~~~~~~~~~~~~~~~~~~~~~~~~~~~~~~
[0m 1346 |                     lustre_swab_swap_layouts, NULL);[0m
      | [0;1;32m                    ~~~~~~~~~~~~~~~~~~~~~~~~~~~~~~~
[0m[1mlustre/ptlrpc/layout.c:965:17: [0m[0;1;36mnote: [0mexpanded from macro 'DEFINE_MSGF'[0m
  965 |         .rmf_swabber = ([0;34mvoid[0m (*)([0;34mvoid[0m *))(swabber),             \[0m
      | [0;1;32m                       ^~~~~~~~~~~~~~~~~~~~~~~~~~~
[0m[1mlustre/ptlrpc/layout.c:1350:2: [0m[0;1;35mwarning: [0m[1mcast from 'void (*)(struct lfsck_request *)' to 'void (*)(void *)' converts to incompatible function type [-Wcast-function-type-strict][0m
 1350 |         DEFINE_MSGF([0;32m"lfsck_request"[0m, [0;32m0[0m, [0;34msizeof[0m([0;34mstruct[0m lfsck_request),[0m
      | [0;1;32m        ^~~~~~~~~~~~~~~~~~~~~~~~~~~~~~~~~~~~~~~~~~~~~~~~~~~~~~~~~~~~~
[0m 1351 |                     lustre_swab_lfsck_request, NULL);[0m
      | [0;1;32m                    ~~~~~~~~~~~~~~~~~~~~~~~~~~~~~~~~
[0m[1mlustre/ptlrpc/layout.c:965:17: [0m[0;1;36mnote: [0mexpanded from macro 'DEFINE_MSGF'[0m
  965 |         .rmf_swabber = ([0;34mvoid[0m (*)([0;34mvoid[0m *))(swabber),             \[0m
      | [0;1;32m                       ^~~~~~~~~~~~~~~~~~~~~~~~~~~
[0m[1mlustre/ptlrpc/layout.c:1355:2: [0m[0;1;35mwarning: [0m[1mcast from 'void (*)(struct lfsck_reply *)' to 'void (*)(void *)' converts to incompatible function type [-Wcast-function-type-strict][0m
 1355 |         DEFINE_MSGF([0;32m"lfsck_reply"[0m, [0;32m0[0m, [0;34msizeof[0m([0;34mstruct[0m lfsck_reply),[0m
      | [0;1;32m        ^~~~~~~~~~~~~~~~~~~~~~~~~~~~~~~~~~~~~~~~~~~~~~~~~~~~~~~~~
[0m 1356 |                     lustre_swab_lfsck_reply, NULL);[0m
      | [0;1;32m                    ~~~~~~~~~~~~~~~~~~~~~~~~~~~~~~
[0m[1mlustre/ptlrpc/layout.c:965:17: [0m[0;1;36mnote: [0mexpanded from macro 'DEFINE_MSGF'[0m
  965 |         .rmf_swabber = ([0;34mvoid[0m (*)([0;34mvoid[0m *))(swabber),             \[0m
      | [0;1;32m                       ^~~~~~~~~~~~~~~~~~~~~~~~~~~
[0m[1mlustre/ptlrpc/layout.c:1360:2: [0m[0;1;35mwarning: [0m[1mcast from 'void (*)(struct ladvise_hdr *)' to 'void (*)(void *)' converts to incompatible function type [-Wcast-function-type-strict][0m
 1360 |         DEFINE_MSGF([0;32m"ladvise_request"[0m, [0;32m0[0m,[0m
      | [0;1;32m        ^~~~~~~~~~~~~~~~~~~~~~~~~~~~~~~~~
[0m 1361 |                     [0;34msizeof[0m([0;34mstruct[0m ladvise_hdr),[0m
      | [0;1;32m                    ~~~~~~~~~~~~~~~~~~~~~~~~~~~
[0m 1362 |                     lustre_swab_ladvise_hdr, NULL);[0m
      | [0;1;32m                    ~~~~~~~~~~~~~~~~~~~~~~~~~~~~~~
[0m[1mlustre/ptlrpc/layout.c:965:17: [0m[0;1;36mnote: [0mexpanded from macro 'DEFINE_MSGF'[0m
  965 |         .rmf_swabber = ([0;34mvoid[0m (*)([0;34mvoid[0m *))(swabber),             \[0m
      | [0;1;32m                       ^~~~~~~~~~~~~~~~~~~~~~~~~~~
[0m[1mlustre/ptlrpc/layout.c:1366:2: [0m[0;1;35mwarning: [0m[1mcast from 'void (*)(struct lu_ladvise *)' to 'void (*)(void *)' converts to incompatible function type [-Wcast-function-type-strict][0m
 1366 |         DEFINE_MSGF([0;32m"ladvise_request"[0m, RMF_F_STRUCT_ARRAY,[0m
      | [0;1;32m        ^~~~~~~~~~~~~~~~~~~~~~~~~~~~~~~~~~~~~~~~~~~~~~~~~~
[0m 1367 |                     [0;34msizeof[0m([0;34mstruct[0m lu_ladvise),[0m
      | [0;1;32m                    ~~~~~~~~~~~~~~~~~~~~~~~~~~
[0m 1368 |                     lustre_swab_ladvise, NULL);[0m
      | [0;1;32m                    ~~~~~~~~~~~~~~~~~~~~~~~~~~
[0m[1mlustre/ptlrpc/layout.c:965:17: [0m[0;1;36mnote: [0mexpanded from macro 'DEFINE_MSGF'[0m
  965 |         .rmf_swabber = ([0;34mvoid[0m (*)([0;34mvoid[0m *))(swabber),             \[0m
      | [0;1;32m                       ^~~~~~~~~~~~~~~~~~~~~~~~~~~
[0m[1mlustre/ptlrpc/layout.c:1372:4: [0m[0;1;35mwarning: [0m[1mcast from 'void (*)(struct batch_update_reply *)' to 'void (*)(void *)' converts to incompatible function type [-Wcast-function-type-strict][0m
 1372 |                         DEFINE_MSGF([0;32m"batch_update_reply"[0m, [0;32m0[0m, -[0;32m1[0m,[0m
      | [0;1;32m                        ^~~~~~~~~~~~~~~~~~~~~~~~~~~~~~~~~~~~~~~~
[0m 1373 |                                     lustre_swab_batch_update_reply, NULL);[0m
      | [0;1;32m                                    ~~~~~~~~~~~~~~~~~~~~~~~~~~~~~~~~~~~~~
[0m[1mlustre/ptlrpc/layout.c:965:17: [0m[0;1;36mnote: [0mexpanded from macro 'DEFINE_MSGF'[0m
  965 |         .rmf_swabber = ([0;34mvoid[0m (*)([0;34mvoid[0m *))(swabber),             \[0m
      | [0;1;32m                       ^~~~~~~~~~~~~~~~~~~~~~~~~~~
[0m[1mlustre/ptlrpc/layout.c:1376:39: [0m[0;1;35mwarning: [0m[1mcast from 'void (*)(struct but_update_header *)' to 'void (*)(void *)' converts to incompatible function type [-Wcast-function-type-strict][0m
 1376 | [0;34mstruct[0m req_msg_field RMF_BUT_HEADER = DEFINE_MSGF([0;32m"but_update_header"[0m, [0;32m0[0m,[0m
      | [0;1;32m                                      ^~~~~~~~~~~~~~~~~~~~~~~~~~~~~~~~~~~
[0m 1377 |                                 -[0;32m1[0m, lustre_swab_but_update_header, NULL);[0m
      | [0;1;32m                                ~~~~~~~~~~~~~~~~~~~~~~~~~~~~~~~~~~~~~~~~
[0m[1mlustre/ptlrpc/layout.c:965:17: [0m[0;1;36mnote: [0mexpanded from macro 'DEFINE_MSGF'[0m
  965 |         .rmf_swabber = ([0;34mvoid[0m (*)([0;34mvoid[0m *))(swabber),             \[0m
      | [0;1;32m                       ^~~~~~~~~~~~~~~~~~~~~~~~~~~
[0m[1mlustre/ptlrpc/layout.c:1380:36: [0m[0;1;35mwarning: [0m[1mcast from 'void (*)(struct but_update_buffer *)' to 'void (*)(void *)' converts to incompatible function type [-Wcast-function-type-strict][0m
 1380 | [0;34mstruct[0m req_msg_field RMF_BUT_BUF = DEFINE_MSGF([0;32m"but_update_buf"[0m,[0m
      | [0;1;32m                                   ^~~~~~~~~~~~~~~~~~~~~~~~~~~~~
[0m 1381 |                         RMF_F_STRUCT_ARRAY, [0;34msizeof[0m([0;34mstruct[0m but_update_buffer),[0m
      | [0;1;32m                        ~~~~~~~~~~~~~~~~~~~~~~~~~~~~~~~~~~~~~~~~~~~~~~~~~~~~~
[0m 1382 |                         lustre_swab_but_update_buffer, NULL);[0m
      | [0;1;32m                        ~~~~~~~~~~~~~~~~~~~~~~~~~~~~~~~~~~~~
[0m[1mlustre/ptlrpc/layout.c:965:17: [0m[0;1;36mnote: [0mexpanded from macro 'DEFINE_MSGF'[0m
  965 |         .rmf_swabber = ([0;34mvoid[0m (*)([0;34mvoid[0m *))(swabber),             \[0m
      | [0;1;32m                       ^~~~~~~~~~~~~~~~~~~~~~~~~~~
[0m[1mlustre/ptlrpc/layout.c:2371:3: [0m[0;1;35mwarning: [0m[1mcast from 'char *(*)(struct lustre_msg_v2 *, __u32, __u32)' (aka 'char *(*)(struct lustre_msg_v2 *, unsigned int, unsigned int)') to 'typeof (getter)' (aka 'void *(*)(struct lustre_msg_v2 *, unsigned int, unsigned int)') converts to incompatible function type [-Wcast-function-type-strict][0m
 2371 |                 ([0;34mtypeof[0m(getter))lustre_msg_string : lustre_msg_buf;[0m
      | [0;1;32m                ^~~~~~~~~~~~~~~~~~~~~~~~~~~~~~~~~
[0m[1mlustre/ptlrpc/layout.c:2981:39: [0m[0;1;35mwarning: [0m[1mcast from 'int (*)(struct object_update_request *, __u32)' (aka 'int (*)(struct object_update_request *, unsigned int)') to 'int (*)(void *, __u32)' (aka 'int (*)(void *, unsigned int)') converts to incompatible function type [-Wcast-function-type-strict][0m
 2981 | [0;34mstruct[0m req_msg_field RMF_OUT_UPDATE = DEFINE_MSGFL([0;32m"object_update"[0m, [0;32m0[0m, -[0;32m1[0m,[0m
      | [0;1;32m                                      ^~~~~~~~~~~~~~~~~~~~~~~~~~~~~~~~~~~~
[0m 2982 |                                 lustre_swab_object_update_request, NULL);[0m
      | [0;1;32m                                ~~~~~~~~~~~~~~~~~~~~~~~~~~~~~~~~~~~~~~~~
[0m[1mlustre/ptlrpc/layout.c:973:18: [0m[0;1;36mnote: [0mexpanded from macro 'DEFINE_MSGFL'[0m
  973 |         .rmf_swab_len = ([0;34mint[0m (*)([0;34mvoid[0m *, __u32))(swab_len),     \[0m
      | [0;1;32m                        ^~~~~~~~~~~~~~~~~~~~~~~~~~~~~~~~~~
[0m[1mlustre/ptlrpc/layout.c:2986:4: [0m[0;1;35mwarning: [0m[1mcast from 'int (*)(struct object_update_reply *, __u32)' (aka 'int (*)(struct object_update_reply *, unsigned int)') to 'int (*)(void *, __u32)' (aka 'int (*)(void *, unsigned int)') converts to incompatible function type [-Wcast-function-type-strict][0m
 2986 |                         DEFINE_MSGFL([0;32m"object_update_reply"[0m, [0;32m0[0m, -[0;32m1[0m,[0m
      | [0;1;32m                        ^~~~~~~~~~~~~~~~~~~~~~~~~~~~~~~~~~~~~~~~~~
[0m 2987 |                                     lustre_swab_object_update_reply, NULL);[0m
      | [0;1;32m                                    ~~~~~~~~~~~~~~~~~~~~~~~~~~~~~~~~~~~~~~
[0m[1mlustre/ptlrpc/layout.c:973:18: [0m[0;1;36mnote: [0mexpanded from macro 'DEFINE_MSGFL'[0m
  973 |         .rmf_swab_len = ([0;34mint[0m (*)([0;34mvoid[0m *, __u32))(swab_len),     \[0m
      | [0;1;32m                        ^~~~~~~~~~~~~~~~~~~~~~~~~~~~~~~~~~
[0m[1mlustre/ptlrpc/layout.c:2990:46: [0m[0;1;35mwarning: [0m[1mcast from 'void (*)(struct out_update_header *)' to 'void (*)(void *)' converts to incompatible function type [-Wcast-function-type-strict][0m
 2990 | [0;34mstruct[0m req_msg_field RMF_OUT_UPDATE_HEADER = DEFINE_MSGF([0;32m"out_update_header"[0m, [0;32m0[0m,[0m
      | [0;1;32m                                             ^~~~~~~~~~~~~~~~~~~~~~~~~~~~~~~~~~~
[0m 2991 |                                 -[0;32m1[0m, lustre_swab_out_update_header, NULL);[0m
      | [0;1;32m                                ~~~~~~~~~~~~~~~~~~~~~~~~~~~~~~~~~~~~~~~~
[0m[1mlustre/ptlrpc/layout.c:965:17: [0m[0;1;36mnote: [0mexpanded from macro 'DEFINE_MSGF'[0m
  965 |         .rmf_swabber = ([0;34mvoid[0m (*)([0;34mvoid[0m *))(swabber),             \[0m
      | [0;1;32m                       ^~~~~~~~~~~~~~~~~~~~~~~~~~~
[0m[1mlustre/ptlrpc/layout.c:2994:43: [0m[0;1;35mwarning: [0m[1mcast from 'void (*)(struct out_update_buffer *)' to 'void (*)(void *)' converts to incompatible function type [-Wcast-function-type-strict][0m
 2994 | [0;34mstruct[0m req_msg_field RMF_OUT_UPDATE_BUF = DEFINE_MSGF([0;32m"update_buf"[0m,[0m
      | [0;1;32m                                          ^~~~~~~~~~~~~~~~~~~~~~~~~
[0m 2995 |                         RMF_F_STRUCT_ARRAY, [0;34msizeof[0m([0;34mstruct[0m out_update_buffer),[0m
      | [0;1;32m                        ~~~~~~~~~~~~~~~~~~~~~~~~~~~~~~~~~~~~~~~~~~~~~~~~~~~~~
[0m 2996 |                         lustre_swab_out_update_buffer, NULL);[0m
      | [0;1;32m                        ~~~~~~~~~~~~~~~~~~~~~~~~~~~~~~~~~~~~
[0m[1mlustre/ptlrpc/layout.c:965:17: [0m[0;1;36mnote: [0mexpanded from macro 'DEFINE_MSGF'[0m
  965 |         .rmf_swabber = ([0;34mvoid[0m (*)([0;34mvoid[0m *))(swabber),             \[0m
      | [0;1;32m                       ^~~~~~~~~~~~~~~~~~~~~~~~~~~
[0m[0;1;31merror: [0m[1merror opening 'lustre/ptlrpc/.nrs_tbf.o.d': No such file or directory[0m
1 error generated.
Error while processing /tmp/ktest-out/lustre_build.x86_64/lustre/ptlrpc/nrs_tbf.c.
[224/451] Processing file /tmp/ktest-out/lustre_build.x86_64/lustre/mdt/mdt_hsm_cdt_requests.c
[0;1;31merror: [0m[1merror opening 'lustre/ptlrpc/.nodemap_handler.o.d': No such file or directory[0m
1 error generated.
Error while processing /tmp/ktest-out/lustre_build.x86_64/lustre/ptlrpc/nodemap_handler.c.
[225/451] Processing file /tmp/ktest-out/lustre_build.x86_64/lustre/utils/liblustreapi.c
[0;1;31merror: [0m[1merror opening 'lustre/ptlrpc/.layout.o.d': No such file or directory[0m
64 warnings and 1 error generated.
Error while processing /tmp/ktest-out/lustre_build.x86_64/lustre/ptlrpc/layout.c.
[226/451] Processing file /tmp/ktest-out/lustre_build.x86_64/lustre/ofd/ofd_dlm.c
[0;1;31merror: [0m[1merror opening 'lustre/obdclass/.cl_io.o.d': No such file or directory[0m
1 error generated.
Error while processing /tmp/ktest-out/lustre_build.x86_64/lustre/obdclass/cl_io.c.
[227/451] Processing file /tmp/ktest-out/lustre_build.x86_64/lustre/ptlrpc/ptlrpc.mod.c
[0;1;31merror: [0m[1merror opening 'lustre/obdclass/.lprocfs_counters.o.d': No such file or directory[0m
1 error generated.
Error while processing /tmp/ktest-out/lustre_build.x86_64/lustre/obdclass/lprocfs_counters.c.
[228/451] Processing file /tmp/ktest-out/lustre_build.x86_64/lustre/ptlrpc/llog_net.c
In file included from liblustreapi.c:61:
In file included from /tmp/ktest-out/lustre_build.x86_64/lustre/include/uapi/linux/lustre/lustre_ostid.h:25:
In file included from /tmp/ktest-out/lustre_build.x86_64/lustre/include/uapi/linux/lustre/lustre_fid.h:27:
[1m/tmp/ktest-out/lustre_build.x86_64/lustre/include/uapi/linux/lustre/lustre_idl.h:3140:25: [0m[0;1;35mwarning: [0m[1mfield 'arr_hai' with variable sized type 'struct hsm_action_item' not at the end of a struct or class is a GNU extension [-Wgnu-variable-sized-type-not-at-end][0m
 3140 |         [0;34mstruct[0m hsm_action_item  arr_hai;        [0;33m/**< req. to the agent */[0m
      | [0;1;32m                                ^
[0m1 warning generated.
[229/451] Processing file /tmp/ktest-out/lustre_build.x86_64/lustre/utils/liblustreapi_kernelconn.c
[0;1;31merror: [0m[1merror opening 'lustre/obdclass/.llog_cat.o.d': No such file or directory[0m
1 error generated.
Error while processing /tmp/ktest-out/lustre_build.x86_64/lustre/obdclass/llog_cat.c.
[230/451] Processing file /tmp/ktest-out/lustre_build.x86_64/lustre/utils/ll_decode_linkea.c
In file included from [0;1;31merror: [0m[1merror opening 'lustre/obdclass/.upcall_cache_internal.o.d': No such file or directory[0m
ll_decode_linkea.c:22:
In file included from /tmp/ktest-out/lustre_build.x86_64/lustre/include/uapi/linux/lustre/lustre_fid.h:27:
[1m/tmp/ktest-out/lustre_build.x86_64/lustre/include/uapi/linux/lustre/lustre_idl.h:3140:25: [0m[0;1;35mwarning: [0m[1mfield 'arr_hai' with variable sized type 'struct hsm_action_item' not at the end of a struct or class is a GNU extension [-Wgnu-variable-sized-type-not-at-end][0m
 3140 |         [0;34mstruct[0m1 error generated.
 hsm_action_item  arr_hai;        [0;33m/**< req. to the agent */[0m
      | [0;1;32m                                ^
[0mError while processing /tmp/ktest-out/lustre_build.x86_64/lustre/obdclass/upcall_cache_internal.c.
[231/451] Processing file /tmp/ktest-out/lustre_build.x86_64/lustre/ofd/ofd.mod.c
1 warning generated.
[232/451] Processing file /tmp/ktest-out/lustre_build.x86_64/lustre/lod/lod_sub_object.c
[233/451] Processing file /tmp/ktest-out/lustre_build.x86_64/lnet/selftest/ping_test.c
[0;1;31merror: [0m[1merror opening 'lnet/lnet/.udsp.o.d': No such file or directory[0m
1 error generated.
Error while processing /tmp/ktest-out/lustre_build.x86_64/lnet/lnet/udsp.c.
[234/451] Processing file /tmp/ktest-out/lustre_build.x86_64/lustre/obdclass/lu_tgt_descs.c
[0;1;31merror: [0m[1merror opening 'lustre/ptlrpc/../../lustre/ldlm/.ldlm_extent.o.d': No such file or directory[0m
1 error generated.
[0;1;31merror: [0m[1merror opening 'lustre/ptlrpc/.ptlrpc.mod.o.d': No such file or directory[0m
1 error generated.
Error while processing /tmp/ktest-out/lustre_build.x86_64/lustre/ptlrpc/ptlrpc.mod.c.
[235/451] Processing file /tmp/ktest-out/lustre_build.x86_64/lustre/utils/lustre_rsync.c
Error while processing /tmp/ktest-out/lustre_build.x86_64/lustre/ldlm/ldlm_extent.c.
[236/451] Processing file /tmp/ktest-out/lustre_build.x86_64/lustre/lov/lproc_lov.c
[0;1;31merror: [0m[1merror opening 'lustre/llite/.rw26.o.d': No such file or directory[0m
1 error generated.
Error while processing /tmp/ktest-out/lustre_build.x86_64/lustre/llite/rw26.c.
[237/451] Processing file /tmp/ktest-out/lustre_build.x86_64/lustre/fid/fid.mod.c
[0;1;31merror: [0m[1merror opening 'lustre/ofd/.ofd.mod.o.d': No such file or directory[0m
1 error generated.
Error while processing /tmp/ktest-out/lustre_build.x86_64/lustre/ofd/ofd.mod.c.
[238/451] Processing file /tmp/ktest-out/lustre_build.x86_64/lustre/obdecho/obdecho.mod.c
[0;1;31merror: [0m[1merror opening 'lustre/mdt/.mdt_hsm_cdt_requests.o.d': No such file or directory[0m
1 error generated.
Error while processing /tmp/ktest-out/lustre_build.x86_64/lustre/mdt/mdt_hsm_cdt_requests.c.
[239/451] Processing file /tmp/ktest-out/lustre_build.x86_64/lustre/quota/qsd_request.c
[0;1;31merror: [0m[1merror opening 'lustre/obdclass/.class_obd.o.d': No such file or directory[0m
1 error generated.
Error while processing /tmp/ktest-out/lustre_build.x86_64/lustre/obdclass/class_obd.c.
[240/451] Processing file /tmp/ktest-out/lustre_build.x86_64/lustre/fld/fld_cache.c
[0;1;31merror: [0m[1merror opening 'lnet/lnet/.peer.o.d': No such file or directory[0m
1 error generated.
Error while processing /tmp/ktest-out/lustre_build.x86_64/lnet/lnet/peer.c.
[241/451] Processing file /tmp/ktest-out/lustre_build.x86_64/lustre/utils/liblustreapi_pcc.c
In file included from [0;1;31merror: [0m[1merror opening 'lustre/quota/.lproc_quota.o.d': No such file or directory[0m
liblustreapi_pcc.c:19:
In file included from /tmp/ktest-out/lustre_build.x86_64/lustre/include/uapi/linux/lustre/lustre_fid.h:27:
[1m/tmp/ktest-out/lustre_build.x86_64/lustre/include/uapi/linux/lustre/lustre_idl.h:3140:25: [0m[0;1;35mwarning: [0m[1mfield 'arr_hai' with variable sized type 'struct hsm_action_item' not at the end of a struct or class is a GNU extension [-Wgnu-variable-sized-type-not-at-end][0m
 3140 |         [0;34mstruct[0m hsm_action_item  arr_hai;        [0;33m/**< req. to the agent */[0m
      | [0;1;32m                                ^
[0m1 error generated.
Error while processing /tmp/ktest-out/lustre_build.x86_64/lustre/quota/lproc_quota.c.
[242/451] Processing file /tmp/ktest-out/lustre_build.x86_64/lustre/utils/lustre_param.c
In file included from lustre_param.c:40:
In file included from /tmp/ktest-out/lustre_build.x86_64/lustre/include/uapi/linux/lustre/lustre_ioctl.h:20:
[1m/tmp/ktest-out/lustre_build.x86_64/lustre/include/uapi/linux/lustre/lustre_idl.h:3140:25: [0m[0;1;35mwarning: [0m[1mfield 'arr_hai' with variable sized type 'struct hsm_action_item' not at the end of a struct or class is a GNU extension [-Wgnu-variable-sized-type-not-at-end][0m
 3140 |         [0;34mstruct[0m hsm_action_item  arr_hai;        [0;33m/**< req. to the agent */[0m
      | [0;1;32m                                ^
[0m[0;1;31merror: [0m[1merror opening 'lustre/mdt/.mdt_lvb.o.d': No such file or directory[0m
1[243/451] Processing file /tmp/ktest-out/lustre_build.x86_64/lnet/klnds/socklnd/socklnd_proto.c
 error generated.
Error while processing /tmp/ktest-out/lustre_build.x86_64/lustre/mdt/mdt_lvb.c.
[244/451] Processing file /tmp/ktest-out/lustre_build.x86_64/lnet/lnet/lib-socket.c
[0;1;31merror: [0m[1merror opening 'lustre/llite/.acl.o.d': No such file or directory[0m
1 error generated.
Error while processing /tmp/ktest-out/lustre_build.x86_64/lustre/llite/acl.c.
[245/451] Processing file /tmp/ktest-out/lustre_build.x86_64/lustre/ptlrpc/nrs_delay.c
[0;1;31merror: [0m[1merror opening 'lustre/ptlrpc/../../lustre/target/.tgt_mount.o.d': No such file or directory[0m
1 error generated.
Error while processing /tmp/ktest-out/lustre_build.x86_64/lustre/target/tgt_mount.c.
[246/451] Processing file /tmp/ktest-out/lustre_build.x86_64/lustre/ptlrpc/heap.c
[0;1;31merror: [0m[1merror opening 'lnet/lnet/.nidstrings.o.d': No such file or directory[0m
1 error generated.
Error while processing /tmp/ktest-out/lustre_build.x86_64/lnet/lnet/nidstrings.c.
[247/451] Processing file /tmp/ktest-out/lustre_build.x86_64/lustre/quota/qsd_handler.c
[0;1;31merror: [0m[1merror opening 'lustre/osc/.osc_lock.o.d': No such file or directory[0m
1 error generated.
Error while processing /tmp/ktest-out/lustre_build.x86_64/lustre/osc/osc_lock.c.
[248/451] Processing file /tmp/ktest-out/lustre_build.x86_64/lustre/mgc/mgc_request_server.c
1 warning generated.
[249/451] Processing file /tmp/ktest-out/lustre_build.x86_64/lustre/mdt/mdt_batch.c
[0;1;31merror: [0m[1merror opening 'lustre/lod/.lod_sub_object.o.d': No such file or directory[0m
1 error generated.
Error while processing /tmp/ktest-out/lustre_build.x86_64/lustre/lod/lod_sub_object.c.
[250/451] Processing file /tmp/ktest-out/lustre_build.x86_64/lustre/llite/file.c
[0;1;31merror: [0m[1merror opening 'lustre/llite/.statahead.o.d': No such file or directory[0m
1 error generated.
Error while processing /tmp/ktest-out/lustre_build.x86_64/lustre/llite/statahead.c.
[251/451] Processing file /tmp/ktest-out/lustre_build.x86_64/lustre/llite/super25.c
[0;1;31merror: [0m[1merror opening 'lustre/llite/.vvp_page.o.d': No such file or directory[0m
11 warning generated.
 error generated.
Error while processing /tmp/ktest-out/lustre_build.x86_64/lustre/llite/vvp_page.c.
[252/451] Processing file /tmp/ktest-out/lustre_build.x86_64/lnet/lnet/acceptor.c
[0;1;31merror: [0m[1merror opening 'lustre/fid/.fid.mod.o.d': No such file or directory[0m
1 error generated.
Error while processing /tmp/ktest-out/lustre_build.x86_64/lustre/fid/fid.mod.c.
[253/451] Processing file /tmp/ktest-out/lustre_build.x86_64/lustre/mdc/lproc_mdc.c
In file included from lustre_param.c:40:
In file included from /tmp/ktest-out/lustre_build.x86_64/lustre/include/uapi/linux/lustre/lustre_ioctl.h:20:
[1m/tmp/ktest-out/lustre_build.x86_64/lustre/include/uapi/linux/lustre/lustre_idl.h:3140:25: [0m[0;1;35mwarning: [0m[1mfield 'arr_hai' with variable sized type 'struct hsm_action_item' not at the end of a struct or class is a GNU extension [-Wgnu-variable-sized-type-not-at-end][0m
 3140 |         [0;34mstruct[0m hsm_action_item  arr_hai;        [0;33m/**< req. to the agent */[0m
      | [0;1;32m                                ^
[0m[0;1;31merror: [0m[1merror opening 'lustre/mdt/.mdt_lib.o.d': No such file or directory[0m
1 error generated.
Error while processing /tmp/ktest-out/lustre_build.x86_64/lustre/mdt/mdt_lib.c.
[254/451] Processing file /tmp/ktest-out/lustre_build.x86_64/lustre/ofd/lproc_ofd.c
[0;1;31merror: [0m[1merror opening 'lustre/llite/.vvp_io.o.d': No such file or directory[0m
1 error generated.
Error while processing /tmp/ktest-out/lustre_build.x86_64/lustre/llite/vvp_io.c.
[255/451] Processing file /tmp/ktest-out/lustre_build.x86_64/lustre/mgs/mgs_barrier.c
[0;1;31merror: [0m[1merror opening 'lustre/obdecho/.obdecho.mod.o.d': No such file or directory[0m
1 error generated.
Error while processing /tmp/ktest-out/lustre_build.x86_64/lustre/obdecho/obdecho.mod.c.
[256/451] Processing file /tmp/ktest-out/lustre_build.x86_64/lustre/llite/llite_nfs.c
[0;1;31merror: [0m[1merror opening 'lustre/ptlrpc/.llog_client.o.d': No such file or directory[0m
1 warning generated.
[257/451] Processing file /tmp/ktest-out/lustre_build.x86_64/lustre/mdd/mdd_lproc.c
1 error generated.
Error while processing /tmp/ktest-out/lustre_build.x86_64/lustre/ptlrpc/llog_client.c.
[258/451] Processing file /tmp/ktest-out/lustre_build.x86_64/lustre/mdc/mdc_dev.c
[0;1;31merror: [0m[1merror opening 'lustre/osc/.osc_dev.o.d': No such file or directory[0m
1 error generated.
Error while processing /tmp/ktest-out/lustre_build.x86_64/lustre/osc/osc_dev.c.
[259/451] Processing file /tmp/ktest-out/lustre_build.x86_64/lustre/quota/qsd_reint.c
[0;1;31merror: [0m[1merror opening 'lustre/obdclass/.jobid.o.d': No such file or directory[0m
1 error generated.
Error while processing /tmp/ktest-out/lustre_build.x86_64/lustre/obdclass/jobid.c.
[260/451] Processing file /tmp/ktest-out/lustre_build.x86_64/lustre/obdclass/scrub.c
[0;1;31merror: [0m[1merror opening 'lustre/llite/.llite_lib.o.d': No such file or directory[0m
1 error generated.
Error while processing /tmp/ktest-out/lustre_build.x86_64/lustre/llite/llite_lib.c.
[261/451] Processing file /tmp/ktest-out/lustre_build.x86_64/lustre/kunit/ldlm_extent.c
[0;1;31merror: [0m[1merror opening 'lnet/selftest/.ping_test.o.d': No such file or directory[0m
1 error generated.
Error while processing /tmp/ktest-out/lustre_build.x86_64/lnet/selftest/ping_test.c.
[262/451] Processing file /tmp/ktest-out/lustre_build.x86_64/lustre/mdc/mdc_request.c
[0;1;31merror: [0m[1merror opening 'lustre/ptlrpc/../../lustre/ldlm/.ldlm_flock.o.d': No such file or directory[0m
1 error generated.
Error while processing /tmp/ktest-out/lustre_build.x86_64/lustre/ldlm/ldlm_flock.c.
[263/451] Processing file /tmp/ktest-out/lustre_build.x86_64/lustre/ptlrpc/nrs_crr.c
[0;1;31merror: [0m[1merror opening 'lustre/ptlrpc/.sec_plain.o.d': No such file or directory[0m
1 error generated.
Error while processing /tmp/ktest-out/lustre_build.x86_64/lustre/ptlrpc/sec_plain.c.
[264/451] Processing file /tmp/ktest-out/lustre_build.x86_64/lustre/obdclass/hash.c
[0;1;31merror: [0m[1merror opening 'lustre/obdclass/.llog_obd.o.d': No such file or directory[0m
1 error generated.
Error while processing /tmp/ktest-out/lustre_build.x86_64/lustre/obdclass/llog_obd.c.
[265/451] Processing file /tmp/ktest-out/lustre_build.x86_64/lustre/ofd/ofd_obd.c
[0;1;31merror: [0m[1merror opening 'lustre/ptlrpc/.llog_net.o.d': No such file or directory[0m
1 error generated.
Error while processing /tmp/ktest-out/lustre_build.x86_64/lustre/ptlrpc/llog_net.c.
[266/451] Processing file /tmp/ktest-out/lustre_build.x86_64/lustre/quota/qsd_lock.c
[0;1;31merror: [0m[1merror opening 'lustre/lov/.lproc_lov.o.d': No such file or directory[0m
1 error generated.
Error while processing /tmp/ktest-out/lustre_build.x86_64/lustre/lov/lproc_lov.c.
[267/451] Processing file /tmp/ktest-out/lustre_build.x86_64/lustre/llite/vvp_dev.c
[0;1;31merror: [0m[1merror opening 'lnet/lnet/.acceptor.o.d': No such file or directory[0m
1 error generated.
Error while processing /tmp/ktest-out/lustre_build.x86_64/lnet/lnet/acceptor.c.
[268/451] Processing file /tmp/ktest-out/lustre_build.x86_64/lustre/ptlrpc/events.c
[0;1;31merror: [0m[1merror opening 'lustre/fld/.fld_cache.o.d': No such file or directory[0m
1 error generated.
Error while processing /tmp/ktest-out/lustre_build.x86_64/lustre/fld/fld_cache.c.
[269/451] Processing file /tmp/ktest-out/lustre_build.x86_64/lustre/obdecho/echo.c
[0;1;31merror: [0m[1merror opening 'lustre/quota/.qsd_request.o.d': No such file or directory[0m
1 error generated.
Error while processing /tmp/ktest-out/lustre_build.x86_64/lustre/quota/qsd_request.c.
[270/451] Processing file /tmp/ktest-out/lustre_build.x86_64/lustre/ptlrpc/sec_lproc.c
[0;1;31merror: [0m[1merror opening 'lustre/lfsck/.lfsck_namespace.o.d': No such file or directory[0m
1 error generated.
Error while processing /tmp/ktest-out/lustre_build.x86_64/lustre/lfsck/lfsck_namespace.c.
[271/451] Processing file /tmp/ktest-out/lustre_build.x86_64/lustre/osp/osp_object.c
[0;1;31merror: [0m[1merror opening 'lustre/llite/.super25.o.d': No such file or directory[0m
1 error generated.
Error while processing /tmp/ktest-out/lustre_build.x86_64/lustre/llite/super25.c.
[272/451] Processing file /tmp/ktest-out/lustre_build.x86_64/lnet/lnet/lib-cpt.c
[0;1;31merror: [0m[1merror opening 'lustre/obdclass/.lu_tgt_descs.o.d': No such file or directory[0m
1 error generated.
Error while processing /tmp/ktest-out/lustre_build.x86_64/lustre/obdclass/lu_tgt_descs.c.
[273/451] Processing file /tmp/ktest-out/lustre_build.x86_64/lustre/llite/vvp_object.c
[0;1;31merror: [0m[1merror opening 'lustre/ptlrpc/.heap.o.d': No such file or directory[0m
1 error generated.
Error while processing /tmp/ktest-out/lustre_build.x86_64/lustre/ptlrpc/heap.c.
[274/451] Processing file /tmp/ktest-out/lustre_build.x86_64/libcfs/libcfs/crypto/keysetup_v1.c
[0;1;31merror: [0m[1merror opening 'lustre/ofd/.lproc_ofd.o.d': No such file or directory[0m
1 error generated.
Error while processing /tmp/ktest-out/lustre_build.x86_64/lustre/ofd/lproc_ofd.c.
[275/451] Processing file /tmp/ktest-out/lustre_build.x86_64/lustre/obdclass/lu_tgt_pool.c
[0;1;31merror: [0m[1merror opening 'lustre/mdc/.lproc_mdc.o.d': No such file or directory[0m
1 error generated.
Error while processing /tmp/ktest-out/lustre_build.x86_64/lustre/mdc/lproc_mdc.c.
[276/451] Processing file /tmp/ktest-out/lustre_build.x86_64/lustre/lov/lov_lock.c
[0;1;31merror: [0m[1merror opening 'lustre/ptlrpc/.sec_lproc.o.d': No such file or directory[0m
1 error generated.
Error while processing /tmp/ktest-out/lustre_build.x86_64/lustre/ptlrpc/sec_lproc.c.
[277/451] Processing file /tmp/ktest-out/lustre_build.x86_64/lustre/quota/qsd_writeback.c
[1mlustre/llite/file.c:2501:29: [0m[0;1;35mwarning: [0m[1mimplicit truncation from 'int' to a one-bit wide bit-field changes value from 1 to -1 [-Wsingle-bit-bitfield-constant-conversion][0m
 2501 |                 args->via_hybrid_switched = [0;32m1[0m;[0m
      | [0;1;32m                                          ^ ~
[0m[0;1;31merror: [0m[1merror opening 'lustre/mgc/.mgc_request_server.o.d': No such file or directory[0m
1 error generated.
Error while processing /tmp/ktest-out/lustre_build.x86_64/lustre/mgc/mgc_request_server.c.
[278/451] Processing file /tmp/ktest-out/lustre_build.x86_64/lustre/quota/qsd_lib.c
[0;1;31merror: [0m[1merror opening 'lustre/ptlrpc/.nrs_delay.o.d': No such file or directory[0m
1 error generated.
Error while processing /tmp/ktest-out/lustre_build.x86_64/lustre/ptlrpc/nrs_delay.c.
[279/451] Processing file /tmp/ktest-out/lustre_build.x86_64/lustre/target/update_recovery.c
[0;1;31merror: [0m[1merror opening 'lustre/quota/.qsd_handler.o.d': No such file or directory[0m
1 error generated.
[0;1;31merror: [0m[1merror opening 'lustre/mdt/.mdt_batch.o.d': No such file or directory[0m
1 error generated.
Error while processing Error while processing /tmp/ktest-out/lustre_build.x86_64/lustre/mdt/mdt_batch.c.
[280/451] Processing file /tmp/ktest-out/lustre_build.x86_64/lustre/utils/liblustreapi_lease.c
/tmp/ktest-out/lustre_build.x86_64/lustre/quota/qsd_handler.c.
[281/451] Processing file /tmp/ktest-out/lustre_build.x86_64/lustre/fld/lproc_fld.c
[0;1;31merror: [0m[1merror opening 'lustre/ofd/.ofd_dlm.o.d': No such file or directory[0m
1 error generated.
Error while processing /tmp/ktest-out/lustre_build.x86_64/lustre/ofd/ofd_dlm.c.
[282/451] Processing file /tmp/ktest-out/lustre_build.x86_64/lustre/llite/symlink.c
[0;1;31merror: [0m[1merror opening 'lustre/lmv/.lmv_intent.o.d': No such file or directory[0m
1 error generated.
Error while processing /tmp/ktest-out/lustre_build.x86_64/lustre/lmv/lmv_intent.c.
[283/451] Processing file /tmp/ktest-out/lustre_build.x86_64/lustre/utils/l_getidentity.c
[0;1;31merror: [0m[1merror opening 'lustre/quota/.qsd_reint.o.d': No such file or directory[0m
1[284/451] Processing file /tmp/ktest-out/lustre_build.x86_64/lustre/utils/liblustreapi_nodemap.c
 error generated.
Error while processing /tmp/ktest-out/lustre_build.x86_64/lustre/quota/qsd_reint.c.
[285/451] Processing file /tmp/ktest-out/lustre_build.x86_64/lustre/utils/l_tunedisk.c
In file included from l_getidentity.c:37:
[1m/tmp/ktest-out/lustre_build.x86_64/lustre/include/uapi/linux/lustre/lustre_idl.h:3140:25: [0m[0;1;35mwarning: [0m[1mfield 'arr_hai' with variable sized type 'struct hsm_action_item' not at the end of a struct or class is a GNU extension [-Wgnu-variable-sized-type-not-at-end][0m
 3140 |         [0;34mstruct[0m hsm_action_item  arr_hai;        [0;33m/**< req. to the agent */[0m
      | [0;1;32m                                ^
[0mIn file included from l_tunedisk.c:17:
In file included from ./mount_utils.h:39:
[1m/tmp/ktest-out/lustre_build.x86_64/lustre/include/uapi/linux/lustre/lustre_idl.h:3140:25: [0m[0;1;35mwarning: [0m[1mfield 'arr_hai' with variable sized type 'struct hsm_action_item' not at the end of a struct or class is a GNU extension [-Wgnu-variable-sized-type-not-at-end][0m
 3140 |         [0;34mstruct[0m hsm_action_item  arr_hai;        [0;33m/**< req. to the agent */[0m
      | [0;1;32m                                ^
[0m[0;1;31m[286/451] Processing file /tmp/ktest-out/lustre_build.x86_64/lustre/osd-wbcfs/osd_dirent.c
1 warning generated.
[287/451] Processing file /tmp/ktest-out/lustre_build.x86_64/lustre/mgc/mgc.mod.c
error: [0m[1merror opening 'lustre/mdt/.mdt_handler.o.d': No such file or directory[0m
11 warning generated.
[288/451] Processing file /tmp/ktest-out/lustre_build.x86_64/lustre/ptlrpc/ptlrpc_module.c
 error generated.
Error while processing /tmp/ktest-out/lustre_build.x86_64/lustre/mdt/mdt_handler.c.
[289/451] Processing file /tmp/ktest-out/lustre_build.x86_64/libcfs/libcfs/debug.c
[0;1;31merror: [0m[1merror opening 'lnet/lnet/.lib-socket.o.d': No such file or directory[0m
1 error generated.
Error while processing /tmp/ktest-out/lustre_build.x86_64/lnet/lnet/lib-socket.c.
[290/451] Processing file /tmp/ktest-out/lustre_build.x86_64/lustre/ptlrpc/nodemap_range.c
[0;1;31merror: [0m[1merror opening 'lustre/mdd/.mdd_lproc.o.d': No such file or directory[0m
1 error generated.
Error while processing /tmp/ktest-out/lustre_build.x86_64/lustre/mdd/mdd_lproc.c.
[291/451] Processing file /tmp/ktest-out/lustre_build.x86_64/lustre/mdt/mdt_hsm_cdt_agent.c
[0;1;31merror: [0m[1merror opening 'lnet/klnds/socklnd/.socklnd_proto.o.d': No such file or directory[0m
1 error generated.
Error while processing /tmp/ktest-out/lustre_build.x86_64/lnet/klnds/socklnd/socklnd_proto.c.
[292/451] Processing file /tmp/ktest-out/lustre_build.x86_64/lustre/fid/lproc_fid.c
[0;1;31merror: [0m[1merror opening 'lustre/mgs/.mgs_barrier.o.d': No such file or directory[0m
1 error generated.
Error while processing /tmp/ktest-out/lustre_build.x86_64/lustre/mgs/mgs_barrier.c.
[293/451] Processing file /tmp/ktest-out/lustre_build.x86_64/lustre/target/out_lib.c
[0;1;31merror: [0m[1merror opening 'lustre/ptlrpc/.nrs_crr.o.d': No such file or directory[0m
1 error generated.
Error while processing /tmp/ktest-out/lustre_build.x86_64/lustre/ptlrpc/nrs_crr.c.
[294/451] Processing file /tmp/ktest-out/lustre_build.x86_64/lustre/mdt/mdt_io.c
[0;1;31merror: [0m[1merror opening 'lustre/llite/.file.o.d': No such file or directory[0m
1 warning and 1 error generated.
Error while processing /tmp/ktest-out/lustre_build.x86_64/lustre/llite/file.c.
[295/451] Processing file /tmp/ktest-out/lustre_build.x86_64/lustre/utils/lfs.c
In file included from lfs.c:56:
[1m/tmp/ktest-out/lustre_build.x86_64/lustre/include/uapi/linux/lustre/lustre_idl.h:3140:25: [0m[0;1;35mwarning: [0m[1mfield 'arr_hai' with variable sized type 'struct hsm_action_item' not at the end of a struct or class is a GNU extension [-Wgnu-variable-sized-type-not-at-end][0m
 3140 |         [0;34mstruct[0m hsm_action_item  arr_hai;        [0;33m/**< req. to the agent */[0m
      | [0;1;32m                                ^
[0m[1mlfs.c:8423:31: [0m[0;1;35mwarning: [0m[1mimplicit conversion from enumeration type 'enum lmv_hash_type' to different enumeration type 'enum lov_pattern' [-Wenum-conversion][0m
 8423 |                 param->lsp_stripe_pattern = LMV_HASH_TYPE_UNKNOWN;[0m
      | [0;1;32m                                          ~ ^~~~~~~~~~~~~~~~~~~~~
[0m[0;1;31merror: [0m[1merror opening 'lustre/obdclass/.scrub.o.d': No such file or directory[0m
1 error generated.
Error while processing /tmp/ktest-out/lustre_build.x86_64/lustre/obdclass/scrub.c.
[296/451] Processing file /tmp/ktest-out/lustre_build.x86_64/lustre/llite/dir.c
[0;1;31merror: [0m[1merror opening 'libcfs/libcfs/crypto/.keysetup_v1.o.d': No such file or directory[0m
1 error generated.
Error while processing /tmp/ktest-out/lustre_build.x86_64/libcfs/libcfs/crypto/keysetup_v1.c.
[297/451] Processing file /tmp/ktest-out/lustre_build.x86_64/lustre/lov/lov_request.c
[0;1;31merror: [0m[1merror opening 'lustre/llite/.llite_nfs.o.d': No such file or directory[0m
1 error generated.
Error while processing /tmp/ktest-out/lustre_build.x86_64/lustre/llite/llite_nfs.c.
[298/451] Processing file /tmp/ktest-out/lustre_build.x86_64/lnet/lnet/lo.c
[0;1;31merror: [0m[1merror opening 'lustre/ptlrpc/.events.o.d': No such file or directory[0m
1 error generated.
Error while processing /tmp/ktest-out/lustre_build.x86_64/lustre/ptlrpc/events.c.
[299/451] Processing file /tmp/ktest-out/lustre_build.x86_64/lustre/utils/libmount_utils_wbcfs.c
In file included from libmount_utils_wbcfs.c:12:
In file included from ./mount_utils.h:39:
[1m/tmp/ktest-out/lustre_build.x86_64/lustre/include/uapi/linux/lustre/lustre_idl.h:3140:25: [0m[0;1;35mwarning: [0m[1mfield 'arr_hai' with variable sized type 'struct hsm_action_item' not at the end of a struct or class is a GNU extension [-Wgnu-variable-sized-type-not-at-end][0m
 3140 |         [0;34mstruct[0m hsm_action_item  arr_hai;        [0;33m/**< req. to the agent */[0m
      | [0;1;32m                                ^
[0m[0;1;31m2 warnings generated.
[300/451] Processing file /tmp/ktest-out/lustre_build.x86_64/libcfs/libcfs/crypto/hkdf.c
error: [0m[1merror opening 'lustre/obdecho/.echo.o.d': No such file or directory[0m
1 error generated.
Error while processing /tmp/ktest-out/lustre_build.x86_64/lustre/obdecho/echo.c.
[301/451] Processing file /tmp/ktest-out/lustre_build.x86_64/lustre/utils/ofd_access_batch.c
[0;1;31merror: [0m[1merror opening 'lustre/mdc/.mdc_dev.o.d': No such file or directory[0m
1 warning generated.
[302/451] Processing file /tmp/ktest-out/lustre_build.x86_64/lustre/kunit/kinode.c
1 error generated.
Error while processing /tmp/ktest-out/lustre_build.x86_64/lustre/mdc/mdc_dev.c.
[303/451] Processing file /tmp/ktest-out/lustre_build.x86_64/lustre/mdd/mdd_object.c
In file included from ofd_access_batch.c:21:
In file included from /tmp/ktest-out/lustre_build.x86_64/lustre/include/uapi/linux/lustre/lustre_fid.h:27:
[1m/tmp/ktest-out/lustre_build.x86_64/lustre/include/uapi/linux/lustre/lustre_idl.h:3140:25: [0m[0;1;35mwarning: [0m[1mfield 'arr_hai' with variable sized type 'struct hsm_action_item' not at the end of a struct or class is a GNU extension [-Wgnu-variable-sized-type-not-at-end][0m
 3140 |         [0;34mstruct[0m hsm_action_item  arr_hai;        [0;33m/**< req. to the agent */[0m
      | [0;1;32m                                ^
[0m[0;1;31merror: [0m[1merror opening 'lustre/obdclass/.hash.o.d': No such file or directory[0m
1 error generated.
Error while processing /tmp/ktest-out/lustre_build.x86_64/lustre/obdclass/hash.c.
[304/451] Processing file /tmp/ktest-out/lustre_build.x86_64/lustre/ptlrpc/nodemap_idmap.c
[0;1;31merror: [0m[1merror opening 'lustre/kunit/.ldlm_extent.o.d': No such file or directory[0m
1 error generated.
Error while processing /tmp/ktest-out/lustre_build.x86_64/lustre/kunit/ldlm_extent.c.
[305/451] Processing file /tmp/ktest-out/lustre_build.x86_64/lustre_compat/mm/shrinker_debug.c
[0;1;31merror: [0m[1merror opening 'lustre/llite/.vvp_dev.o.d': No such file or directory[0m
1 error generated.
Error while processing /tmp/ktest-out/lustre_build.x86_64/lustre/llite/vvp_dev.c.
[306/451] Processing file /tmp/ktest-out/lustre_build.x86_64/lustre/obdclass/cl_lock.c
[0;1;31merror: [0m[1merror opening 'lustre/mgc/.mgc.mod.o.d': No such file or directory[0m
1 error generated.
Error while processing /tmp/ktest-out/lustre_build.x86_64/lustre/mgc/mgc.mod.c.
[307/451] Processing file /tmp/ktest-out/lustre_build.x86_64/lustre/obdclass/statfs_pack.c
[0;1;31merror: [0m[1merror opening 'lustre/osp/.osp_object.o.d': No such file or directory[0m
1 warning generated.
[308/451] Processing file /tmp/ktest-out/lustre_build.x86_64/lnet/selftest/framework.c
1 error generated.
Error while processing /tmp/ktest-out/lustre_build.x86_64/lustre/osp/osp_object.c.
[309/451] Processing file /tmp/ktest-out/lustre_build.x86_64/lustre/mdc/mdc.mod.c
[0;1;31merror: [0m[1merror opening 'lustre/obdclass/.lu_tgt_pool.o.d': No such file or directory[0m
1 error generated.
Error while processing /tmp/ktest-out/lustre_build.x86_64/lustre/obdclass/lu_tgt_pool.c.
[310/451] Processing file /tmp/ktest-out/lustre_build.x86_64/lustre/lfsck/lfsck_lib.c
[0;1;31merror: [0m[1merror opening 'lustre/mdc/.mdc_request.o.d': No such file or directory[0m
1 error generated.
Error while processing /tmp/ktest-out/lustre_build.x86_64/lustre/mdc/mdc_request.c.
[311/451] Processing file /tmp/ktest-out/lustre_build.x86_64/lustre/lfsck/lfsck_engine.c
[0;1;31merror: [0m[1merror opening 'lnet/lnet/.lib-cpt.o.d': No such file or directory[0m
1 error generated.
Error while processing /tmp/ktest-out/lustre_build.x86_64/lnet/lnet/lib-cpt.c.
[312/451] Processing file /tmp/ktest-out/lustre_build.x86_64/lustre/ptlrpc/service.c
[0;1;31merror: [0m[1merror opening 'lustre/quota/.qsd_lock.o.d': No such file or directory[0m
1 error generated.
Error while processing /tmp/ktest-out/lustre_build.x86_64/lustre/quota/qsd_lock.c.
[313/451] Processing file /tmp/ktest-out/lustre_build.x86_64/lustre/ec/ec_base.c
[0;1;31merror: [0m[1merror opening 'lustre/llite/.symlink.o.d': No such file or directory[0m
[0;1;31merror: [0m[1merror opening 'libcfs/libcfs/.debug.o.d': No such file or directory[0m
1 error generated.
Error while processing /tmp/ktest-out/lustre_build.x86_64/libcfs/libcfs/debug.c.
[314/451] Processing file /tmp/ktest-out/lustre_build.x86_64/lustre/target/tgt_main.c
1 error generated.
Error while processing /tmp/ktest-out/lustre_build.x86_64/lustre/llite/symlink.c.
[315/451] Processing file /tmp/ktest-out/lustre_build.x86_64/lustre/quota/qmt_handler.c
[0;1;31merror: [0m[1merror opening 'libcfs/libcfs/crypto/.hkdf.o.d': No such file or directory[0m
1 error generated.
Error while processing /tmp/ktest-out/lustre_build.x86_64/libcfs/libcfs/crypto/hkdf.c.
[316/451] Processing file /tmp/ktest-out/lustre_build.x86_64/lustre/ldlm/ldlm_pool.c
[0;1;31merror: [0m[1merror opening 'lustre/kunit/.kinode.o.d': No such file or directory[0m
1 error generated.
Error while processing /tmp/ktest-out/lustre_build.x86_64/lustre/kunit/kinode.c.
[317/451] Processing file /tmp/ktest-out/lustre_build.x86_64/lnet/utils/lst.c
[0;1;31merror: [0m[1merror opening 'lustre/ptlrpc/.ptlrpc_module.o.d': No such file or directory[0m
1 error generated.
Error while processing /tmp/ktest-out/lustre_build.x86_64/lustre/ptlrpc/ptlrpc_module.c.
[318/451] Processing file /tmp/ktest-out/lustre_build.x86_64/lustre/utils/liblustreapi_swap.c
[0;1;31merror: [0m[1merror opening 'lustre/osd-wbcfs/.osd_dirent.o.d': No such file or directory[0m
1 error generated.
Error while processing /tmp/ktest-out/lustre_build.x86_64/lustre/osd-wbcfs/osd_dirent.c.
[319/451] Processing file /tmp/ktest-out/lustre_build.x86_64/lustre/obdclass/lustre_peer.c
[0;1;31merror: [0m[1merror opening 'lustre/ofd/.ofd_obd.o.d': No such file or directory[0m
[320/451] Processing file /tmp/ktest-out/lustre_build.x86_64/lustre/mgc/lproc_mgc.c
[321/451] Processing file /tmp/ktest-out/lustre_build.x86_64/lnet/selftest/brw_test.c
1 error generated.
Error while processing /tmp/ktest-out/lustre_build.x86_64/lustre/ofd/ofd_obd.c.
[322/451] Processing file /tmp/ktest-out/lustre_build.x86_64/libcfs/libcfs/crypto/fname.c
[0;1;31merror: [0m[1merror opening 'lustre/lfsck/.lfsck_lib.o.d': No such file or directory[0m
1 error generated.
Error while processing /tmp/ktest-out/lustre_build.x86_64/lustre/lfsck/lfsck_lib.c.
[323/451] Processing file /tmp/ktest-out/lustre_build.x86_64/lustre/utils/llsom_sync.c
[0;1;31merror: [0m[1merror opening 'lustre/mdc/.mdc.mod.o.d': No such file or directory[0m
1 error generated.
Error while processing /tmp/ktest-out/lustre_build.x86_64/lustre/mdc/mdc.mod.c.
[324/451] Processing file /tmp/ktest-out/lustre_build.x86_64/libcfs/libcfs/linux/linux-prim.c
[0;1;31merror: [0m[1merror opening 'lustre/lov/.lov_request.o.d': No such file or directory[0m
1 error generated.
Error while processing /tmp/ktest-out/lustre_build.x86_64/lustre/lov/lov_request.c.
[325/451] Processing file /tmp/ktest-out/lustre_build.x86_64/lustre/quota/lquota_lib.c
[0;1;31merror: [0m[1merror opening 'lustre/fld/.lproc_fld.o.d': No such file or directory[0m
1 error generated.
Error while processing /tmp/ktest-out/lustre_build.x86_64/lustre/fld/lproc_fld.c.
[326/451] Processing file /tmp/ktest-out/lustre_build.x86_64/lustre/mdd/mdd_orphans.c
In file included from llsom_sync.c:28:
[1m/tmp/ktest-out/lustre_build.x86_64/lustre/include/uapi/linux/lustre/lustre_idl.h:3140:25: [0m[0;1;35mwarning: [0m[1mfield 'arr_hai' with variable sized type 'struct hsm_action_item' not at the end of a struct or class is a GNU extension [-Wgnu-variable-sized-type-not-at-end][0m
 3140 |         [0;34mstruct[0m hsm_action_item  arr_hai;        [0;33m/**< req. to the agent */[0m
      | [0;1;32m                                ^
[0m[0;1;31merror: [0m[1merror opening 'lustre/quota/.qsd_writeback.o.d': No such file or directory[0m
1 error generated.
Error while processing /tmp/ktest-out/lustre_build.x86_64/lustre/quota/qsd_writeback.c.
[327/451] Processing file /tmp/ktest-out/lustre_build.x86_64/lustre/ptlrpc/sec_ctx.c
[0;1;31merror: [0m[1merror opening 'lustre/quota/.qsd_lib.o.d': No such file or directory[0m
1 error generated.
Error while processing /tmp/ktest-out/lustre_build.x86_64/lustre/quota/qsd_lib.c.
[328/451] Processing file /tmp/ktest-out/lustre_build.x86_64/lustre/quota/qmt_dev.c
[0;1;31merror: [0m[1merror opening 'lnet/lnet/.lo.o.d': No such file or directory[0m
1 error generated.
Error while processing /tmp/ktest-out/lustre_build.x86_64/lnet/lnet/lo.c.
[329/451] Processing file /tmp/ktest-out/lustre_build.x86_64/lustre_compat/lib/generic-radix-tree.c
[0;1;31merror: [0m[1merror opening 'lustre/ptlrpc/../../lustre/target/.update_recovery.o.d': No such file or directory[0m
1 error generated.
Error while processing /tmp/ktest-out/lustre_build.x86_64/lustre/target/update_recovery.c.
[330/451] Processing file /tmp/ktest-out/lustre_build.x86_64/lustre/llite/llite_foreign_symlink.c
[0;1;31merror: [0m[1merror opening 'lustre/ec/.ec_base.o.d': No such file or directory[0m
1 error generated.
Error while processing /tmp/ktest-out/lustre_build.x86_64/lustre/ec/ec_base.c.
[331/451] Processing file /tmp/ktest-out/lustre_build.x86_64/lustre/ptlrpc/pack_server.c
[0;1;31merror: [0m[1merror opening 'lustre/quota/.qmt_handler.o.d': No such file or directory[0m
1 error generated.
Error while processing 1 warning generated.
[332/451] Processing file /tmp/ktest-out/lustre_build.x86_64/lustre/mdt/mdt_mds.c
/tmp/ktest-out/lustre_build.x86_64/lustre/quota/qmt_handler.c.
[333/451] Processing file /tmp/ktest-out/lustre_build.x86_64/lustre/utils/liblustreapi_project.c
[0;1;31merror: [0m[1merror opening 'lustre/ptlrpc/.nodemap_range.o.d': No such file or directory[0m
1 error generated.
Error while processing /tmp/ktest-out/lustre_build.x86_64/lustre/ptlrpc/nodemap_range.c.
[334/451] Processing file /tmp/ktest-out/lustre_build.x86_64/lustre/mdt/mdt_hsm.c
[0;1;31m[335/451] Processing file /tmp/ktest-out/lustre_build.x86_64/libcfs/libcfs/libcfs.mod.c
[0;1;31merror: [0m[1merror opening 'libcfs/libcfs/../../lustre_compat/lib/.generic-radix-tree.o.d': No such file or directory[0m
1 error generated.
Error while processing error: [0m[1merror opening 'libcfs/libcfs/../../lustre_compat/mm/.shrinker_debug.o.d': No such file or directory[0m
/tmp/ktest-out/lustre_build.x86_64/lustre_compat/lib/generic-radix-tree.c.
[336/451] Processing file /tmp/ktest-out/lustre_build.x86_64/lustre/utils/ll_decode_filter_fid.c
1 error generated.
Error while processing /tmp/ktest-out/lustre_build.x86_64/lustre_compat/mm/shrinker_debug.c.
[337/451] Processing file /tmp/ktest-out/lustre_build.x86_64/lustre/llite/namei.c
[0;1;31merror: [0m[1merror opening 'lustre/llite/.vvp_object.o.d': No such file or directory[0m
1 error generated.
Error while processing /tmp/ktest-out/lustre_build.x86_64/lustre/llite/vvp_object.c.
[338/451] Processing file /tmp/ktest-out/lustre_build.x86_64/lustre/fld/fld_request.c
[339/451] Processing file /tmp/ktest-out/lustre_build.x86_64/lnet/utils/lnetconfig/liblnetconfig_netlink.c
[0;1;31merror: [0m[1merror opening 'lustre/ptlrpc/.nodemap_idmap.o.d': No such file or directory[0m
1 error generated.
Error while processing /tmp/ktest-out/lustre_build.x86_64/lustre/ptlrpc/nodemap_idmap.c.
[340/451] Processing file /tmp/ktest-out/lustre_build.x86_64/lustre/obdclass/llog_osd.c
[0;1;31merror: [0m[1merror opening 'lustre/ptlrpc/../../lustre/target/.out_lib.o.d': No such file or directory[0m
1 error generated.
Error while processing /tmp/ktest-out/lustre_build.x86_64/lustre/target/out_lib.c.
[341/451] Processing file /tmp/ktest-out/lustre_build.x86_64/lnet/selftest/console.c
[0;1;31merror: [0m[1merror opening 'lustre/ptlrpc/../../lustre/ldlm/.ldlm_pool.o.d': No such file or directory[0m
1 error generated.
Error while processing /tmp/ktest-out/lustre_build.x86_64/lustre/ldlm/ldlm_pool.c.
[342/451] Processing file /tmp/ktest-out/lustre_build.x86_64/lustre/ptlrpc/sec_gc.c
[343/451] Processing file /tmp/ktest-out/lustre_build.x86_64/lustre/utils/lfs_project.c
[0;1;31merror: [0m[1merror opening 'lustre/lov/.lov_lock.o.d': No such file or directory[0m
1 error generated.
Error while processing /tmp/ktest-out/lustre_build.x86_64/lustre/lov/lov_lock.c.
[344/451] Processing file /tmp/ktest-out/lustre_build.x86_64/lustre/osc/osc_request.c
[0;1;31merror: [0m[1merror opening 'lustre/mdt/.mdt_io.o.d': No such file or directory[0m
1 error generated.
Error while processing /tmp/ktest-out/lustre_build.x86_64/lustre/mdt/mdt_io.c.
[345/451] Processing file /tmp/ktest-out/lustre_build.x86_64/lustre/osp/osp_trans.c
[346/451] Processing file /tmp/ktest-out/lustre_build.x86_64/lustre/mdd/mdd.mod.c
[0;1;31merror: [0m[1merror opening 'lnet/selftest/.framework.o.d': No such file or directory[0m
1 error generated.
Error while processing /tmp/ktest-out/lustre_build.x86_64/lnet/selftest/framework.c.
[347/451] Processing file /tmp/ktest-out/lustre_build.x86_64/lnet/lnet/lib-ptl.c
[0;1;31merror: [0m[1merror opening 'libcfs/libcfs/.libcfs.mod.o.d': No such file or directory[0m
1 error generated.
Error while processing /tmp/ktest-out/lustre_build.x86_64/libcfs/libcfs/libcfs.mod.c.
[348/451] Processing file /tmp/ktest-out/lustre_build.x86_64/lustre/ptlrpc/wiretest.c
[0;1;31merror: [0m[1merror opening 'lustre/fid/.lproc_fid.o.d': No such file or directory[0m
1 error generated.
Error while processing /tmp/ktest-out/lustre_build.x86_64/lustre/fid/lproc_fid.c.
[349/451] Processing file /tmp/ktest-out/lustre_build.x86_64/lustre/obdclass/range_lock.c
[0;1;31merror: [0m[1merror opening 'lustre/mdt/.mdt_hsm_cdt_agent.o.d': No such file or directory[0m
1 error generated.
Error while processing /tmp/ktest-out/lustre_build.x86_64/lustre/mdt/mdt_hsm_cdt_agent.c.
[350/451] Processing file /tmp/ktest-out/lustre_build.x86_64/lustre/ofd/ofd_objects.c
[0;1;31merror: [0m[1merror opening 'lustre/mdd/.mdd.mod.o.d': No such file or directory[0m
1 error generated.
Error while processing /tmp/ktest-out/lustre_build.x86_64/lustre/mdd/mdd.mod.c.
[351/451] Processing file /tmp/ktest-out/lustre_build.x86_64/lnet/lnet/lnet_debugfs.c
[0;1;31merror: [0m[1merror opening 'lustre/obdclass/.cl_lock.o.d': No such file or directory[0m
1 error generated.
Error while processing /tmp/ktest-out/lustre_build.x86_64/lustre/obdclass/cl_lock.c.
[352/451] Processing file /tmp/ktest-out/lustre_build.x86_64/lnet/utils/lnetconfig/liblnetconfig_udsp.c
[0;1;31merror: [0m[1merror opening 'lustre/llite/.dir.o.d': No such file or directory[0m
1 error generated.
Error while processing /tmp/ktest-out/lustre_build.x86_64/lustre/llite/dir.c.
[353/451] Processing file /tmp/ktest-out/lustre_build.x86_64/lustre/mdc/mdc_reint.c
[0;1;31merror: [0m[1merror opening 'lustre/mdd/.mdd_object.o.d': No such file or directory[0m
1 error generated.
Error while processing /tmp/ktest-out/lustre_build.x86_64/lustre/mdd/mdd_object.c.
[354/451] Processing file /tmp/ktest-out/lustre_build.x86_64/lustre/fld/fld.mod.c
[0;1;31merror: [0m[1merror opening 'lustre/obdclass/.statfs_pack.o.d': No such file or directory[0m
1 error generated.
Error while processing /tmp/ktest-out/lustre_build.x86_64/lustre/obdclass/statfs_pack.c.
[355/451] Processing file /tmp/ktest-out/lustre_build.x86_64/lnet/lnet/lnet_rdma.c
[0;1;31merror: [0m[1merror opening 'lustre/ptlrpc/.sec_gc.o.d': No such file or directory[0m
1 error generated.
Error while processing /tmp/ktest-out/lustre_build.x86_64/lustre/ptlrpc/sec_gc.c.
[356/451] Processing file /tmp/ktest-out/lustre_build.x86_64/lustre/lod/lod_dev.c
[0;1;31merror: [0m[1merror opening 'libcfs/libcfs/crypto/.fname.o.d': No such file or directory[0m
1 error generated.
Error while processing /tmp/ktest-out/lustre_build.x86_64/libcfs/libcfs/crypto/fname.c.
[357/451] Processing file /tmp/ktest-out/lustre_build.x86_64/lnet/lnet/lib-me.c
[358/451] Processing file /tmp/ktest-out/lustre_build.x86_64/lustre/utils/llverdev.c
[0;1;31merror: [0m[1merror opening 'lustre/lfsck/.lfsck_engine.o.d': No such file or directory[0m
[359/451] Processing file /tmp/ktest-out/lustre_build.x86_64/lustre/utils/wiretest.c
1 error generated.
Error while processing /tmp/ktest-out/lustre_build.x86_64/lustre/lfsck/lfsck_engine.c.
[360/451] Processing file /tmp/ktest-out/lustre_build.x86_64/lustre/lod/lod_object.c
In file included from wiretest.c:17:
[1m/tmp/ktest-out/lustre_build.x86_64/lustre/include/uapi/linux/lustre/lustre_idl.h:3140:25: [0m[0;1;35mwarning: [0m[1mfield 'arr_hai' with variable sized type 'struct hsm_action_item' not at the end of a struct or class is a GNU extension [-Wgnu-variable-sized-type-not-at-end][0m
 3140 |         [0;34mstruct[0m hsm_action_item  arr_hai;        [0;33m/**< req. to the agent */[0m
      | [0;1;32m                                ^
[0m[0;1;31merror: [0m[1merror opening 'libcfs/libcfs/linux/.linux-prim.o.d': No such file or directory[0m
1 error generated.
Error while processing /tmp/ktest-out/lustre_build.x86_64/libcfs/libcfs/linux/linux-prim.c.
[361/451] Processing file /tmp/ktest-out/lustre_build.x86_64/lustre/utils/lshowmount.c
[0;1;31merror: [0m[1merror opening 'lustre/llite/.llite_foreign_symlink.o.d': No such file or directory[0m
1 error generated.
Error while processing /tmp/ktest-out/lustre_build.x86_64/lustre/llite/llite_foreign_symlink.c.
[362/451] Processing file /tmp/ktest-out/lustre_build.x86_64/lustre_compat/lib/glob.c
[0;1;31merror: [0m[1merror opening 'lustre/mdd/.mdd_orphans.o.d': No such file or directory[0m
1 error generated.
[0;1;31merror: [0m[1merror opening 'lustre/obdclass/.range_lock.o.d': No such file or directory[0m
1Error while processing /tmp/ktest-out/lustre_build.x86_64/lustre/mdd/mdd_orphans.c.
 error generated.
[363/451] Processing file /tmp/ktest-out/lustre_build.x86_64/lnet/klnds/socklnd/ksocklnd.mod.c
Error while processing /tmp/ktest-out/lustre_build.x86_64/lustre/obdclass/range_lock.c.
[364/451] Processing file /tmp/ktest-out/lustre_build.x86_64/lustre/utils/lustre_lfsck.c
[0;1;31merror: [0m[1merror opening 'lustre/quota/.lquota_lib.o.d': No such file or directory[0m
1 error generated.
Error while processing /tmp/ktest-out/lustre_build.x86_64/lustre/quota/lquota_lib.c.
[365/451] Processing file /tmp/ktest-out/lustre_build.x86_64/lustre/utils/liblustreapi_fid.c
In file included from lustre_lfsck.c:26:
In file included from /tmp/ktest-out/lustre_build.x86_64/lustre/include/uapi/linux/lustre/lustre_ioctl.h:20:
[1m/tmp/ktest-out/lustre_build.x86_64/lustre/include/uapi/linux/lustre/lustre_idl.h:3140:25: [0m[0;1;35mwarning: [0m[1mfield 'arr_hai' with variable sized type 'struct hsm_action_item' not at the end of a struct or class is a GNU extension [-Wgnu-variable-sized-type-not-at-end][0m
 3140 |         [0;34mstruct[0m hsm_action_item  arr_hai;        [0;33m/**< req. to the agent */[0m
      | [0;1;32m                                ^
[0mIn file included from liblustreapi_fid.c:34:
In file included from /tmp/ktest-out/lustre_build.x86_64/lustre/include/uapi/linux/lustre/lustre_fid.h:27:
[1m/tmp/ktest-out/lustre_build.x86_64/lustre/include/uapi/linux/lustre/lustre_idl.h:3140:25: [0m[0;1;35mwarning: [0m[1mfield 'arr_hai' with variable sized type 'struct hsm_action_item' not at the end of a struct or class is a GNU extension [-Wgnu-variable-sized-type-not-at-end][0m
 3140 |         [0;34mstruct[0m hsm_action_item  arr_hai;        [0;33m/**< req. to the agent */[0m
      | [0;1;32m                                ^
[0m[0;1;31merror: [0m[1merror opening 'lustre/ptlrpc/.service.o.d': No such file or directory[0m
[366/451] Processing file /tmp/ktest-out/lustre_build.x86_64/lustre/ldlm/ldlm_reclaim.c
1 error generated.
[0;1;31merror: [0m[1merror opening 'libcfs/libcfs/../../lustre_compat/lib/.glob.o.d': No such file or directory[0m
1 error generated.
Error while processing /tmp/ktest-out/lustre_build.x86_64/lustre_compat/lib/glob.c.
[367/451] Processing file /tmp/ktest-out/lustre_build.x86_64/lustre/osd-wbcfs/osd_object.c
1 warning generated.
[368/451] Processing file /tmp/ktest-out/lustre_build.x86_64/lustre/mdd/mdd_lock.c
Error while processing /tmp/ktest-out/lustre_build.x86_64/lustre/ptlrpc/service.c.
[369/451] Processing file /tmp/ktest-out/lustre_build.x86_64/lustre/target/tgt_handler.c
[0;1;31merror: [0m[1merror opening 'lustre/ptlrpc/.sec_ctx.o.d': No such file or directory[0m
1 warning generated.
[370/451] Processing file /tmp/ktest-out/lustre_build.x86_64/lustre/utils/debug.c
1 error generated.
Error while processing /tmp/ktest-out/lustre_build.x86_64/lustre/ptlrpc/sec_ctx.c.
[371/451] Processing file /tmp/ktest-out/lustre_build.x86_64/lustre/target/update_trans.c
[0;1;31merror: [0m[1merror opening 'lnet/lnet/.lib-ptl.o.d': No such file or directory[0m
11 warning generated.
[372/451] Processing file /tmp/ktest-out/lustre_build.x86_64/lustre/lov/lov_object.c
 error generated.
Error while processing /tmp/ktest-out/lustre_build.x86_64/lnet/lnet/lib-ptl.c.
[373/451] Processing file /tmp/ktest-out/lustre_build.x86_64/lustre/ldlm/ldlm_lockd.c
[374/451] Processing file /tmp/ktest-out/lustre_build.x86_64/lustre/utils/liblustreapi_heat.c
In file included from liblustreapi_heat.c:19:
In file included from /tmp/ktest-out/lustre_build.x86_64/lustre/include/uapi/linux/lustre/lustre_ioctl.h:20:
[1m/tmp/ktest-out/lustre_build.x86_64/lustre/include/uapi/linux/lustre/lustre_idl.h:3140:25: [0m[0;1;35mwarning: [0m[1mfield 'arr_hai' with variable sized type 'struct hsm_action_item' not at the end of a struct or class is a GNU extension [-Wgnu-variable-sized-type-not-at-end][0m
 3140 |         [0;34mstruct[0m hsm_action_item  arr_hai;        [0;33m/**< req. to the agent */[0m
      | [0;1;32m                                ^
[0m[0;1;31merror: [0m[1merror opening 'lustre/quota/.qmt_dev.o.d': No such file or directory[0m
1 error generated.
Error while processing /tmp/ktest-out/lustre_build.x86_64/lustre/quota/qmt_dev.c.
[375/451] Processing file /tmp/ktest-out/lustre_build.x86_64/lustre/osp/lproc_osp.c
[0;1;31merror: [0m[1merror opening 'lustre/ptlrpc/../../lustre/target/.tgt_main.o.d': No such file or directory[0m
1 error generated.
Error while processing /tmp/ktest-out/lustre_build.x86_64/lustre/target/tgt_main.c.
[376/451] Processing file /tmp/ktest-out/lustre_build.x86_64/lustre/mdt/mdt_coordinator.c
[0;1;31merror: [0m[1merror opening 'lustre/obdclass/.lustre_peer.o.d': No such file or directory[0m
1 error generated.
Error while processing /tmp/ktest-out/lustre_build.x86_64/lustre/obdclass/lustre_peer.c.
[377/451] Processing file /tmp/ktest-out/lustre_build.x86_64/lustre/kunit/llog_test.c
[0;1;31merror: [0m[1merror opening 'lustre/mdt/.mdt_mds.o.d': No such file or directory[0m
1 error generated.
Error while processing /tmp/ktest-out/lustre_build.x86_64/lustre/mdt/mdt_mds.c.
[378/451] Processing file /tmp/ktest-out/lustre_build.x86_64/lustre/utils/l_foreign_symlink.c
[0;1;31merror: [0m[1merror opening 'lnet/selftest/.console.o.d': No such file or directory[0m
1 warning generated.
[379/451] Processing file /tmp/ktest-out/lustre_build.x86_64/lustre/target/tgt_grant.c
1 error generated.
Error while processing /tmp/ktest-out/lustre_build.x86_64/lnet/selftest/console.c.
[380/451] Processing file /tmp/ktest-out/lustre_build.x86_64/lustre/obdclass/obdo.c
In file included from l_foreign_symlink.c:35:
[1m/tmp/ktest-out/lustre_build.x86_64/lustre/include/uapi/linux/lustre/lustre_idl.h:3140:25: [0m[0;1;35mwarning: [0m[1mfield 'arr_hai' with variable sized type 'struct hsm_action_item' not at the end of a struct or class is a GNU extension [-Wgnu-variable-sized-type-not-at-end][0m
 3140 |         [0;34mstruct[0m hsm_action_item  arr_hai;        [0;33m/**< req. to the agent */[0m
      | [0;1;32m                                ^
[0m[0;1;31merror: [0m[1merror opening 'lnet/selftest/.brw_test.o.d': No such file or directory[0m
1 error generated.
Error while processing /tmp/ktest-out/lustre_build.x86_64/lnet/selftest/brw_test.c.
[381/451] Processing file /tmp/ktest-out/lustre_build.x86_64/lnet/selftest/lnet_selftest.mod.c
[0;1;31merror: [0m[1merror opening 'lustre/mgc/.lproc_mgc.o.d': No such file or directory[0m
1 error generated.
Error while processing /tmp/ktest-out/lustre_build.x86_64/lustre/mgc/lproc_mgc.c.
[382/451] Processing file /tmp/ktest-out/lustre_build.x86_64/lnet/lnet/lnet.mod.c
[0;1;31merror: [0m[1merror opening 'lustre/fld/.fld.mod.o.d': No such file or directory[0m
1 error generated.
Error while processing /tmp/ktest-out/lustre_build.x86_64/lustre/fld/fld.mod.c.
[383/451] Processing file /tmp/ktest-out/lustre_build.x86_64/lustre/obdclass/obd_cksum.c
[0;1;31merror: [0m[1merror opening 'lustre/mdt/.mdt_hsm.o.d': No such file or directory[0m
1 error generated.
Error while processing /tmp/ktest-out/lustre_build.x86_64/lustre/mdt/mdt_hsm.c.
[384/451] Processing file /tmp/ktest-out/lustre_build.x86_64/lustre/fld/fld_handler.c
[0;1;31merror: [0m[1merror opening 'lustre/llite/.namei.o.d': No such file or directory[0m
1 error generated.
1 warning generated.
Error while processing [385/451] Processing file /tmp/ktest-out/lustre_build.x86_64/lustre/utils/ltrash_purge.c
/tmp/ktest-out/lustre_build.x86_64/lustre/llite/namei.c.
[386/451] Processing file /tmp/ktest-out/lustre_build.x86_64/libcfs/libcfs/crypto/keyring.c
[0;1;31merror: [0m[1merror opening 'lustre/ptlrpc/.pack_server.o.d': No such file or directory[0m
1 error generated.
Error while processing /tmp/ktest-out/lustre_build.x86_64/lustre/ptlrpc/pack_server.c.
[387/451] Processing file /tmp/ktest-out/lustre_build.x86_64/lustre/target/update_records.c
In file included from ltrash_purge.c:42:
[1m/tmp/ktest-out/lustre_build.x86_64/lustre/include/uapi/linux/lustre/lustre_idl.h:3140:25: [0m[0;1;35mwarning: [0m[1mfield 'arr_hai' with variable sized type 'struct hsm_action_item' not at the end of a struct or class is a GNU extension [-Wgnu-variable-sized-type-not-at-end][0m
 3140 |         [0;34mstruct[0m hsm_action_item  arr_hai;        [0;33m/**< req. to the agent */[0m
      | [0;1;32m                                ^
[0m[1mltrash_purge.c:220:48: [0m[0;1;31merror: [0m[1mexpected ')'[0m
  220 |                      [0;32m"Trash can usage on projid %u: blocks %"[0mPRIu64[0;32m" inodes %"[0mPRIu64[0;32m"\n"[0m,[0m
      | [0;1;32m                                                             ^
[0m[1mltrash_purge.c:219:14: [0m[0;1;36mnote: [0mto match this '('[0m
  219 |         llapi_printf(LLAPI_MSG_DEBUG,[0m
      | [0;1;32m                    ^
[0m[1mltrash_purge.c:307:22: [0m[0;1;31merror: [0m[1mexpected ')'[0m
  307 |                              [0;32m" - blocks=%"[0mPRIu64[0;32m", free=%"[0mPRIu64[0;32m", avail=%"[0mPRIu64[0;32m"\n"[0m
      | [0;1;32m                                          ^
[0m[1mltrash_purge.c:305:15: [0m[0;1;36mnote: [0mto match this '('[0m
  305 |                 llapi_printf(LLAPI_MSG_DEBUG,[0m
      | [0;1;32m                            ^
[0m[1mltrash_purge.c:741:23: [0m[0;1;31merror: [0m[1mexpected ')'[0m
  741 |                              [0;32m" - scanned %"[0mPRIu64[0;32m" objs, purged %"[0mPRIu64[0;32m" objs, freed %"[0mPRIu64[0;32m" bytes\n"[0m
      | [0;1;32m                                           ^
[0m[1mltrash_purge.c:739:15: [0m[0;1;36mnote: [0mto match this '('[0m
  739 |                 llapi_printf(LLAPI_MSG_INFO,[0m
      | [0;1;32m                            ^
[0m[0;1;31merror: [0m[1merror opening 'lustre/osc/.osc_request.o.d': No such file or directory[0m
1 error generated.
Error while processing /tmp/ktest-out/lustre_build.x86_64/lustre/osc/osc_request.c.
[388/451] Processing file /tmp/ktest-out/lustre_build.x86_64/lustre/quota/qmt_lock.c
[0;1;31merror: [0m[1merror opening 'lustre/fld/.fld_request.o.d': No such file or directory[0m
1 error generated.
Error while processing /tmp/ktest-out/lustre_build.x86_64/lustre/fld/fld_request.c.
[389/451] Processing file /tmp/ktest-out/lustre_build.x86_64/lustre/ptlrpc/errno.c
[0;1;31merror: [0m[1merror opening 'lustre/osp/.osp_trans.o.d': No such file or directory[0m[0;1;31merror: [0m[1merror opening 'lustre/lod/.lod_dev.o.d': No such file or directory[0m
1 error generated.
Error while processing /tmp/ktest-out/lustre_build.x86_64/lustre/lod/lod_dev.c.
[390/451] Processing file /tmp/ktest-out/lustre_build.x86_64/lustre/mgs/mgs_llog.c
[0;1;31merror: [0m[1merror opening 'lnet/klnds/socklnd/.ksocklnd.mod.o.d': No such file or directory[0m
1 error generated.
Error while processing /tmp/ktest-out/lustre_build.x86_64/lnet/klnds/socklnd/ksocklnd.mod.c.
[391/451] Processing file /tmp/ktest-out/lustre_build.x86_64/lustre/ofd/ofd_lvb.c

1 error generated.
Error while processing /tmp/ktest-out/lustre_build.x86_64/lustre/osp/osp_trans.c.
[392/451] Processing file /tmp/ktest-out/lustre_build.x86_64/lnet/lnet/net_fault.c
[0;1;31merror: [0m[1merror opening 'lnet/lnet/.lnet_debugfs.o.d': No such file or directory[0m
1 error generated.
Error while processing /tmp/ktest-out/lustre_build.x86_64/lnet/lnet/lnet_debugfs.c.
[393/451] Processing file /tmp/ktest-out/lustre_build.x86_64/lustre/target/barrier.c
[0;1;31merror: [0m[1merror opening 'lustre/obdclass/.llog_osd.o.d': No such file or directory[0m
[0;1;31merror: [0m[1merror opening 'lnet/lnet/.lnet.mod.o.d': No such file or directory[0m
1 error generated.
Error while processing /tmp/ktest-out/lustre_build.x86_64/lnet/lnet/lnet.mod.c.
[394/451] Processing file /tmp/ktest-out/lustre_build.x86_64/lnet/lnet/lib-move.c
[0;1;31merror: [0m[1merror opening 'lustre/ptlrpc/.errno.o.d': No such file or directory[0m
11 error generated.
Error while processing /tmp/ktest-out/lustre_build.x86_64/lustre/ptlrpc/errno.c.
[395/451] Processing file /tmp/ktest-out/lustre_build.x86_64/lustre/mdt/mdt_hsm_cdt_actions.c
 warning and 3 errors generated.
Error while processing /tmp/ktest-out/lustre_build.x86_64/lustre/utils/ltrash_purge.c.
[396/451] Processing file /tmp/ktest-out/lustre_build.x86_64/lustre/osp/osp_md_object.c
1 error generated.
Error while processing /tmp/ktest-out/lustre_build.x86_64/lustre/obdclass/llog_osd.c.
[397/451] Processing file /tmp/ktest-out/lustre_build.x86_64/lustre/kunit/ldlm_extent.mod.c
[0;1;31merror: [0m[1merror opening 'lustre/obdclass/.obd_cksum.o.d': No such file or directory[0m
1 error generated.
Error while processing /tmp/ktest-out/lustre_build.x86_64/lustre/obdclass/obd_cksum.c.
[398/451] Processing file /tmp/ktest-out/lustre_build.x86_64/lustre/osp/lwp_dev.c
[0;1;31merror: [0m[1merror opening 'lustre/mdc/.mdc_reint.o.d': No such file or directory[0m
1 error generated.
Error while processing /tmp/ktest-out/lustre_build.x86_64/lustre/mdc/mdc_reint.c.
[399/451] Processing file /tmp/ktest-out/lustre_build.x86_64/lustre/obdclass/linkea.c
[0;1;31merror: [0m[1merror opening 'lnet/selftest/.lnet_selftest.mod.o.d': No such file or directory[0m
1 error generated.
Error while processing /tmp/ktest-out/lustre_build.x86_64/lnet/selftest/lnet_selftest.mod.c.
[400/451] Processing file /tmp/ktest-out/lustre_build.x86_64/lustre/obdecho/echo_client.c
[0;1;31merror: [0m[1merror opening 'lustre/ptlrpc/.wiretest.o.d': No such file or directory[0m
1 error generated.
Error while processing /tmp/ktest-out/lustre_build.x86_64/lustre/ptlrpc/wiretest.c.
[401/451] Processing file /tmp/ktest-out/lustre_build.x86_64/lnet/lnet/lib-md.c
[0;1;31merror: [0m[1merror opening 'lustre/ptlrpc/../../lustre/ldlm/.ldlm_reclaim.o.d': No such file or directory[0m
1 error generated.
Error while processing /tmp/ktest-out/lustre_build.x86_64/lustre/ldlm/ldlm_reclaim.c.
[402/451] Processing file /tmp/ktest-out/lustre_build.x86_64/lustre/fid/fid_lib.c
[0;1;31merror: [0m[1merror opening 'lustre/osd-wbcfs/.osd_object.o.d': No such file or directory[0m
1 error generated.
Error while processing /tmp/ktest-out/lustre_build.x86_64/lustre/osd-wbcfs/osd_object.c.
[403/451] Processing file /tmp/ktest-out/lustre_build.x86_64/lustre/mgs/mgs_fs.c
[0;1;31merror: [0m[1merror opening 'lustre/ofd/.ofd_objects.o.d': No such file or directory[0m
1 error generated.
Error while processing /tmp/ktest-out/lustre_build.x86_64/lustre/ofd/ofd_objects.c.
[404/451] Processing file /tmp/ktest-out/lustre_build.x86_64/lnet/lnet/lock.c
[0;1;31merror: [0m[1merror opening 'lustre/ptlrpc/../../lustre/ldlm/.ldlm_lockd.o.d': No such file or directory[0m
1 error generated.
Error while processing /tmp/ktest-out/lustre_build.x86_64/lustre/ldlm/ldlm_lockd.c.
[405/451] Processing file /tmp/ktest-out/lustre_build.x86_64/libcfs/libcfs/util/string.c
[406/451] Processing file /tmp/ktest-out/lustre_build.x86_64/lustre/ptlrpc/pack_generic.c
[0;1;31merror: [0m[1merror opening 'lustre/kunit/.ldlm_extent.mod.o.d': No such file or directory[0m
1 error generated.
Error while processing /tmp/ktest-out/lustre_build.x86_64/lustre/kunit/ldlm_extent.mod.c.
[407/451] Processing file /tmp/ktest-out/lustre_build.x86_64/lustre/obdclass/genops.c
[0;1;31merror: [0m[1merror opening 'lnet/lnet/.lib-me.o.d': No such file or directory[0m
1 error generated.
Error while processing /tmp/ktest-out/lustre_build.x86_64/lnet/lnet/lib-me.c.
[408/451] Processing file /tmp/ktest-out/lustre_build.x86_64/lustre_compat/kernel/sched/wait.c
[0;1;31merror: [0m[1merror opening 'lustre/ptlrpc/../../lustre/target/.tgt_grant.o.d': No such file or directory[0m
1 error generated.
Error while processing /tmp/ktest-out/lustre_build.x86_64/lustre/target/tgt_grant.c.
[409/451] Processing file /tmp/ktest-out/lustre_build.x86_64/lnet/selftest/timer.c
[0;1;31merror: [0m[1merror opening 'lustre/mdt/.mdt_hsm_cdt_actions.o.d': No such file or directory[0m
1 error generated.
[0;1;31merror: [0m[1merror opening 'lustre/kunit/.llog_test.o.d': No such file or directory[0m
1 error generated.
Error while processing /tmp/ktest-out/lustre_build.x86_64/lustre/mdt/mdt_hsm_cdt_actions.c.
[410/451] Processing file /tmp/ktest-out/lustre_build.x86_64/lustre/kunit/obd_test.c
[0;1;31merror: [0m[1merror opening 'libcfs/libcfs/crypto/.keyring.o.d': No such file or directory[0m
1 error generated.
Error while processing /tmp/ktest-out/lustre_build.x86_64/libcfs/libcfs/crypto/keyring.c.
[411/451] Processing file /tmp/ktest-out/lustre_build.x86_64/lustre/lov/lov_offset.c
Error while processing /tmp/ktest-out/lustre_build.x86_64/lustre/kunit/llog_test.c.
[412/451] Processing file /tmp/ktest-out/lustre_build.x86_64/lustre/obdclass/obd_config.c
[0;1;31merror: [0m[1merror opening 'lustre/lod/.lod_object.o.d': No such file or directory[0m
1 error generated.
Error while processing /tmp/ktest-out/lustre_build.x86_64/lustre/lod/lod_object.c.
[413/451] Processing file /tmp/ktest-out/lustre_build.x86_64/lustre/lov/lov_ea.c
[0;1;31merror: [0m[1merror opening 'lustre/osp/.lwp_dev.o.d': No such file or directory[0m
1 error generated.
Error while processing /tmp/ktest-out/lustre_build.x86_64/lustre/osp/lwp_dev.c.
[414/451] Processing file /tmp/ktest-out/lustre_build.x86_64/lustre/ptlrpc/lproc_ptlrpc.c
[0;1;31merror: [0m[1merror opening 'lustre/obdclass/.obdo.o.d': No such file or directory[0m
1 error generated.
Error while processing /tmp/ktest-out/lustre_build.x86_64/lustre/obdclass/obdo.c.
[415/451] Processing file /tmp/ktest-out/lustre_build.x86_64/lustre/lov/lov_pool.c
[0;1;31merror: [0m[1merror opening 'lustre/ptlrpc/../../lustre/target/.update_trans.o.d': No such file or directory[0m
1 error generated.
Error while processing /tmp/ktest-out/lustre_build.x86_64/lustre/target/update_trans.c.
[416/451] Processing file /tmp/ktest-out/lustre_build.x86_64/lustre/obdclass/llog_ioctl.c
[0;1;31merror: [0m[1merror opening 'lustre/mdd/.mdd_lock.o.d': No such file or directory[0m
1 error generated.
Error while processing /tmp/ktest-out/lustre_build.x86_64/lustre/mdd/mdd_lock.c.
[417/451] Processing file /tmp/ktest-out/lustre_build.x86_64/lustre/quota/lquota_disk.c
[0;1;31merror: [0m[1merror opening 'lustre/osp/.lproc_osp.o.d': No such file or directory[0m
1 error generated.
Error while processing /tmp/ktest-out/lustre_build.x86_64/lustre/osp/lproc_osp.c.
[418/451] Processing file /tmp/ktest-out/lustre_build.x86_64/lustre/osp/osp.mod.c
[0;1;31merror: [0m[1merror opening 'lustre/quota/.qmt_lock.o.d': No such file or directory[0m
1 error generated.
Error while processing /tmp/ktest-out/lustre_build.x86_64/lustre/quota/qmt_lock.c.
[419/451] Processing file /tmp/ktest-out/lustre_build.x86_64/lustre/lfsck/lfsck_layout.c
[0;1;31merror: [0m[1merror opening 'lnet/lnet/.lnet_rdma.o.d': No such file or directory[0m
1 error generated.
Error while processing /tmp/ktest-out/lustre_build.x86_64/lnet/lnet/lnet_rdma.c.
[420/451] Processing file /tmp/ktest-out/lustre_build.x86_64/lustre/ptlrpc/nodemap_member.c
[0;1;31merror: [0m[1merror opening 'lustre/mdt/.mdt_coordinator.o.d': No such file or directory[0m
1 error generated.
Error while processing /tmp/ktest-out/lustre_build.x86_64/lustre/mdt/mdt_coordinator.c.
[421/451] Processing file /tmp/ktest-out/lustre_build.x86_64/lustre/mgc/mgc_request.c
[0;1;31merror: [0m[1merror opening 'lustre/mgs/.mgs_llog.o.d': No such file or directory[0m
1 error generated.
Error while processing /tmp/ktest-out/lustre_build.x86_64/lustre/mgs/mgs_llog.c.
[422/451] Processing file /tmp/ktest-out/lustre_build.x86_64/lustre/quota/qmt_entry.c
[0;1;31merror: [0m[1merror opening 'lustre/lov/.lov_object.o.d': No such file or directory[0m
1 error generated.
Error while processing /tmp/ktest-out/lustre_build.x86_64/lustre/lov/lov_object.c.
[423/451] Processing file /tmp/ktest-out/lustre_build.x86_64/lustre/lmv/lmv_obd.c
[0;1;31merror: [0m[1merror opening 'lustre/fid/.fid_lib.o.d': No such file or directory[0m
1 error generated.
Error while processing /tmp/ktest-out/lustre_build.x86_64/lustre/fid/fid_lib.c.
[424/451] Processing file /tmp/ktest-out/lustre_build.x86_64/lustre/mdd/mdd_acl.c
[0;1;31merror: [0m[1merror opening 'libcfs/libcfs/../../lustre_compat/kernel/sched/.wait.o.d': No such file or directory[0m
1 error generated.
Error while processing /tmp/ktest-out/lustre_build.x86_64/lustre_compat/kernel/sched/wait.c.
[425/451] Processing file /tmp/ktest-out/lustre_build.x86_64/lustre/osc/osc_page.c
[0;1;31merror: [0m[1merror opening 'lustre/obdclass/.llog_ioctl.o.d': No such file or directory[0m
1 error generated.
Error while processing /tmp/ktest-out/lustre_build.x86_64/lustre/obdclass/llog_ioctl.c.
[426/451] Processing file /tmp/ktest-out/lustre_build.x86_64/lustre/utils/libhsm_scanner.c
[0;1;31merror: [0m[1merror opening 'lustre/ptlrpc/../../lustre/target/.tgt_handler.o.d': No such file or directory[0m
1 error generated.
Error while processing /tmp/ktest-out/lustre_build.x86_64/lustre/target/tgt_handler.c.
[427/451] Processing file /tmp/ktest-out/lustre_build.x86_64/lustre/mdt/mdt_lproc.c
[0;1;31merror: [0m[1merror opening 'lnet/lnet/.net_fault.o.d': No such file or directory[0m
[428/451] Processing file /tmp/ktest-out/lustre_build.x86_64/lustre/lfsck/lfsck.mod.c
1 error generated.
[0;1;31merror: [0m[1merror opening 'lustre/osp/.osp.mod.o.d': No such file or directory[0m
1 error generated.
Error while processing /tmp/ktest-out/lustre_build.x86_64/lnet/lnet/net_fault.c.
[429/451] Processing file /tmp/ktest-out/lustre_build.x86_64/lustre/ofd/ofd_oss.c
[0;1;31merror: [0m[1merror opening 'lustre/mgs/.mgs_fs.o.d': No such file or directory[0m
1 error generated.
Error while processing /tmp/ktest-out/lustre_build.x86_64/lustre/mgs/mgs_fs.c.
[430/451] Processing file /tmp/ktest-out/lustre_build.x86_64/lustre/obdclass/integrity.c
[0;1;31merror: [0m[1merror opening 'lustre/ptlrpc/../../lustre/target/.update_records.o.d': No such file or directory[0m
1 error generated.
Error while processing /tmp/ktest-out/lustre_build.x86_64/lustre/target/update_records.c.
[431/451] Processing file /tmp/ktest-out/lustre_build.x86_64/lnet/klnds/socklnd/socklnd_modparams.c
Error while processing /tmp/ktest-out/lustre_build.x86_64/lustre/osp/osp.mod.c.
[432/451] Processing file /tmp/ktest-out/lustre_build.x86_64/lustre/ptlrpc/nodemap_lproc.c
[0;1;31merror: [0m[1merror opening 'lnet/lnet/.lib-move.o.d': No such file or directory[0m
1 error generated.
Error while processing /tmp/ktest-out/lustre_build.x86_64/lnet/lnet/lib-move.c.
[433/451] Processing file /tmp/ktest-out/lustre_build.x86_64/lustre/utils/lctl.c
[0;1;31merror: [0m[1merror opening 'lustre/ptlrpc/../../lustre/target/.barrier.o.d': No such file or directory[0m
1 error generated.
[0;1;31merror: [0m[1merror opening 'lustre/fld/.fld_handler.o.d': No such file or directory[0m
1 error generated.
Error while processing /tmp/ktest-out/lustre_build.x86_64/lustre/target/barrier.c.
[434/451] Processing file /tmp/ktest-out/lustre_build.x86_64/lustre/obdclass/obd_mount.c
[0;1;31merror: [0m[1merror opening 'lustre/ptlrpc/.pack_generic.o.d': No such file or directory[0m
1 error generated.
Error while processing /tmp/ktest-out/lustre_build.x86_64/lustre/ptlrpc/pack_generic.c.
[435/451] Processing file /tmp/ktest-out/lustre_build.x86_64/lustre/quota/qsd_entry.c
Error while processing /tmp/ktest-out/lustre_build.x86_64/lustre/fld/fld_handler.c.
[436/451] Processing file /tmp/ktest-out/lustre_build.x86_64/lustre/osc/osc_cache.c
[0;1;31merror: [0m[1merror opening 'lustre/quota/.qmt_entry.o.d': No such file or directory[0m
1 error generated.
Error while processing /tmp/ktest-out/lustre_build.x86_64/lustre/quota/qmt_entry.c.
[437/451] Processing file /tmp/ktest-out/lustre_build.x86_64/lustre/quota/lquota.mod.c
[0;1;31merror: [0m[1merror opening 'lustre/obdclass/.genops.o.d': No such file or directory[0m
1 error generated.
Error while processing /tmp/ktest-out/lustre_build.x86_64/lustre/obdclass/genops.c.
[438/451] Processing file /tmp/ktest-out/lustre_build.x86_64/lustre/mdd/mdd_trans.c
[0;1;31merror: [0m[1merror opening 'lnet/lnet/.lib-md.o.d': No such file or directory[0m
1 error generated.
Error while processing /tmp/ktest-out/lustre_build.x86_64/lnet/lnet/lib-md.c.
[439/451] Processing file /tmp/ktest-out/lustre_build.x86_64/lustre/ldlm/ldlm_lib.c
[0;1;31merror: [0m[1merror opening 'lustre/kunit/.obd_test.o.d': No such file or directory[0m
1 error generated.
Error while processing /tmp/ktest-out/lustre_build.x86_64/lustre/kunit/obd_test.c.
[440/451] Processing file /tmp/ktest-out/lustre_build.x86_64/lustre/target/tgt_fmd.c
[0;1;31merror: [0m[1merror opening 'lustre/obdecho/.echo_client.o.d': No such file or directory[0m
[0;1;31merror: [0m[1merror opening 'lustre/lfsck/.lfsck.mod.o.d': No such file or directory[0m
1 error generated.
Error while processing /tmp/ktest-out/lustre_build.x86_64/lustre/lfsck/lfsck.mod.c.
[441/451] Processing file /tmp/ktest-out/lustre_build.x86_64/lustre/kunit/llog_test.mod.c
[442/451] Processing file /tmp/ktest-out/lustre_build.x86_64/lnet/utils/lnetconfig/liblnetconfig.c
1 error generated.
Error while processing /tmp/ktest-out/lustre_build.x86_64/lustre/obdecho/echo_client.c.
[443/451] Processing file /tmp/ktest-out/lustre_build.x86_64/lustre/osp/osp_precreate.c
[0;1;31merror: [0m[1merror opening 'lustre/lov/.lov_pool.o.d': No such file or directory[0m
1[0;1;31merror: [0m[1merror opening 'lustre/obdclass/.linkea.o.d': No such file or directory[0m
 error generated.
1 error generated.
Error while processing /tmp/ktest-out/lustre_build.x86_64/lustre/lov/lov_pool.c.
[444/451] Processing file /tmp/ktest-out/lustre_build.x86_64/lustre/utils/nidlist.c
Error while processing /tmp/ktest-out/lustre_build.x86_64/lustre/obdclass/linkea.c.
[445/451] Processing file /tmp/ktest-out/lustre_build.x86_64/lustre/ptlrpc/sec_null.c
[0;1;31merror: [0m[1merror opening 'lustre/lov/.lov_ea.o.d': No such file or directory[0m
1 error generated.
Error while processing /tmp/ktest-out/lustre_build.x86_64/lustre/lov/lov_ea.c.
[446/451] Processing file /tmp/ktest-out/lustre_build.x86_64/lustre/utils/liblustreapi_lseek.c
[0;1;31merror: [0m[1merror opening 'lustre/ptlrpc/.lproc_ptlrpc.o.d': No such file or directory[0m
1 error generated.
Error while processing /tmp/ktest-out/lustre_build.x86_64/lustre/ptlrpc/lproc_ptlrpc.c.
[447/451] Processing file /tmp/ktest-out/lustre_build.x86_64/lustre/quota/lquota_entry.c
[0;1;31merror: [0m[1merror opening 'lustre/lfsck/.lfsck_layout.o.d': No such file or directory[0m
1 error generated.
Error while processing /tmp/ktest-out/lustre_build.x86_64/lustre/lfsck/lfsck_layout.c.
[448/451] Processing file /tmp/ktest-out/lustre_build.x86_64/lustre/lov/lov_pack.c
[0;1;31merror: [0m[1merror opening 'lustre/obdclass/.obd_config.o.d': No such file or directory[0m
1 error generated.
Error while processing /tmp/ktest-out/lustre_build.x86_64/lustre/obdclass/obd_config.c.
[449/451] Processing file /tmp/ktest-out/lustre_build.x86_64/lustre/ptlrpc/sec.c
[0;1;31merror: [0m[1merror opening 'lnet/lnet/.lock.o.d': No such file or directory[0m
1 error generated.
[0;1;31mError while processing /tmp/ktest-out/lustre_build.x86_64/lnet/lnet/lock.c.
[450/451] Processing file /tmp/ktest-out/lustre_build.x86_64/lustre/obdclass/cl_object.c
error: [0m[1merror opening 'lustre/quota/.lquota.mod.o.d': No such file or directory[0m
1 error generated.
Error while processing /tmp/ktest-out/lustre_build.x86_64/lustre/quota/lquota.mod.c.
[451/451] Processing file /tmp/ktest-out/lustre_build.x86_64/lustre_compat/symbols.c
[0;1;31merror: [0m[1merror opening 'lustre/lov/.lov_offset.o.d': No such file or directory[0m
1 error generated.
Error while processing /tmp/ktest-out/lustre_build.x86_64/lustre/lov/lov_offset.c.
[0;1;31merror: [0m[1merror opening 'lustre/quota/.lquota_disk.o.d': No such file or directory[0m
1 error generated.
Error while processing /tmp/ktest-out/lustre_build.x86_64/lustre/quota/lquota_disk.c.
[0;1;31merror: [0m[1merror opening 'lustre/ofd/.ofd_lvb.o.d': No such file or directory[0m
1 error generated.
Error while processing /tmp/ktest-out/lustre_build.x86_64/lustre/ofd/ofd_lvb.c.
[0;1;31merror: [0m[1merror opening 'lustre/osp/.osp_md_object.o.d': No such file or directory[0m
1 error generated.
Error while processing /tmp/ktest-out/lustre_build.x86_64/lustre/osp/osp_md_object.c.
[0;1;31merror: [0m[1merror opening 'lustre/kunit/.llog_test.mod.o.d': No such file or directory[0m
1 error generated.
Error while processing /tmp/ktest-out/lustre_build.x86_64/lustre/kunit/llog_test.mod.c.
[0;1;31merror: [0m[1merror opening 'lustre/mgc/.mgc_request.o.d': No such file or directory[0m
1 error generated.
Error while processing /tmp/ktest-out/lustre_build.x86_64/lustre/mgc/mgc_request.c.
[0;1;31merror: [0m[1merror opening 'lustre/ptlrpc/.nodemap_member.o.d': No such file or directory[0m
1 error generated.
Error while processing /tmp/ktest-out/lustre_build.x86_64/lustre/ptlrpc/nodemap_member.c.
[0;1;31merror: [0m[1merror opening 'lustre/mdd/.mdd_acl.o.d': No such file or directory[0m
1 error generated.
Error while processing /tmp/ktest-out/lustre_build.x86_64/lustre/mdd/mdd_acl.c.
[0;1;31merror: [0m[1merror opening 'lustre/osc/.osc_cache.o.d': No such file or directory[0m
1 error generated.
Error while processing /tmp/ktest-out/lustre_build.x86_64/lustre/osc/osc_cache.c.
[0;1;31merror: [0m[1merror opening 'lustre/osc/.osc_page.o.d': No such file or directory[0m
1 error generated.
Error while processing /tmp/ktest-out/lustre_build.x86_64/lustre/osc/osc_page.c.
[0;1;31merror: [0m[1merror opening 'lustre/obdclass/.integrity.o.d': No such file or directory[0m
1 error generated.
Error while processing /tmp/ktest-out/lustre_build.x86_64/lustre/obdclass/integrity.c.
[0;1;31merror: [0m[1merror opening 'lnet/selftest/.timer.o.d': No such file or directory[0m
1 error generated.
Error while processing /tmp/ktest-out/lustre_build.x86_64/lnet/selftest/timer.c.
[0;1;31merror: [0m[1merror opening 'lustre/lmv/.lmv_obd.o.d': No such file or directory[0m
1 error generated.
Error while processing /tmp/ktest-out/lustre_build.x86_64/lustre/lmv/lmv_obd.c.
[0;1;31merror: [0m[1merror opening 'lustre/ptlrpc/.nodemap_lproc.o.d': No such file or directory[0m
1 error generated.
Error while processing /tmp/ktest-out/lustre_build.x86_64/lustre/ptlrpc/nodemap_lproc.c.
[0;1;31merror: [0m[1merror opening 'lustre/ptlrpc/.sec_null.o.d': No such file or directory[0m
1 error generated.
Error while processing /tmp/ktest-out/lustre_build.x86_64/lustre/ptlrpc/sec_null.c.
[0;1;31merror: [0m[1merror opening 'lustre/quota/.lquota_entry.o.d': No such file or directory[0m
1 error generated.
Error while processing /tmp/ktest-out/lustre_build.x86_64/lustre/quota/lquota_entry.c.
[0;1;31merror: [0m[1merror opening 'lustre/quota/.qsd_entry.o.d': No such file or directory[0m
1 error generated.
Error while processing /tmp/ktest-out/lustre_build.x86_64/lustre/quota/qsd_entry.c.
[0;1;31merror: [0m[1merror opening 'lustre/osp/.osp_precreate.o.d': No such file or directory[0m
1 error generated.
Error while processing /tmp/ktest-out/lustre_build.x86_64/lustre/osp/osp_precreate.c.
[0;1;31merror: [0m[1merror opening 'lustre/ofd/.ofd_oss.o.d': No such file or directory[0m
1 error generated.
Error while processing /tmp/ktest-out/lustre_build.x86_64/lustre/ofd/ofd_oss.c.
[0;1;31merror: [0m[1merror opening 'libcfs/libcfs/../../lustre_compat/.symbols.o.d': No such file or directory[0m
1 error generated.
Error while processing /tmp/ktest-out/lustre_build.x86_64/lustre_compat/symbols.c.
[0;1;31merror: [0m[1merror opening 'lustre/mdd/.mdd_trans.o.d': No such file or directory[0m
1 error generated.
Error while processing /tmp/ktest-out/lustre_build.x86_64/lustre/mdd/mdd_trans.c.
[0;1;31merror: [0m[1merror opening 'lustre/obdclass/.obd_mount.o.d': No such file or directory[0m
1 error generated.
Error while processing /tmp/ktest-out/lustre_build.x86_64/lustre/obdclass/obd_mount.c.
[0;1;31merror: [0m[1merror opening 'lustre/ptlrpc/.sec.o.d': No such file or directory[0m
1 error generated.
Error while processing /tmp/ktest-out/lustre_build.x86_64/lustre/ptlrpc/sec.c.
[0;1;31merror: [0m[1merror opening 'lustre/obdclass/.cl_object.o.d': No such file or directory[0m
1 error generated.
Error while processing /tmp/ktest-out/lustre_build.x86_64/lustre/obdclass/cl_object.c.
[0;1;31merror: [0m[1merror opening 'lustre/mdt/.mdt_lproc.o.d': No such file or directory[0m
1 error generated.
Error while processing /tmp/ktest-out/lustre_build.x86_64/lustre/mdt/mdt_lproc.c.
[0;1;31merror: [0m[1merror opening 'lustre/ptlrpc/../../lustre/target/.tgt_fmd.o.d': No such file or directory[0m
1 error generated.
Error while processing /tmp/ktest-out/lustre_build.x86_64/lustre/target/tgt_fmd.c.
[0;1;31merror: [0m[1merror opening 'lnet/klnds/socklnd/.socklnd_modparams.o.d': No such file or directory[0m
1 error generated.
Error while processing /tmp/ktest-out/lustre_build.x86_64/lnet/klnds/socklnd/socklnd_modparams.c.
[0;1;31merror: [0m[1merror opening 'lustre/ptlrpc/../../lustre/ldlm/.ldlm_lib.o.d': No such file or directory[0m
1 error generated.
Error while processing /tmp/ktest-out/lustre_build.x86_64/lustre/ldlm/ldlm_lib.c.
[0;1;31merror: [0m[1merror opening 'lustre/lov/.lov_pack.o.d': No such file or directory[0m
1 error generated.
Error while processing /tmp/ktest-out/lustre_build.x86_64/lustre/lov/lov_pack.c.
Failed to run action on /tmp/ktest-out/lustre_build.x86_64/libcfs/libcfs/crypto/crypto.c
Failed to run action on /tmp/ktest-out/lustre_build.x86_64/lustre/llite/lproc_llite.c
Failed to run action on /tmp/ktest-out/lustre_build.x86_64/lustre/osc/osc.mod.c
Failed to run action on /tmp/ktest-out/lustre_build.x86_64/libcfs/libcfs/crypto/policy.c
Failed to run action on /tmp/ktest-out/lustre_build.x86_64/lustre/obdclass/llog_swab.c
Failed to run action on /tmp/ktest-out/lustre_build.x86_64/lustre/lov/lov_page.c
Failed to run action on /tmp/ktest-out/lustre_build.x86_64/lustre/ldlm/ldlm_plain.c
Failed to run action on /tmp/ktest-out/lustre_build.x86_64/lustre/mdt/mdt_identity.c
Failed to run action on /tmp/ktest-out/lustre_build.x86_64/lustre/ptlrpc/pers.c
Failed to run action on /tmp/ktest-out/lustre_build.x86_64/lustre/obdclass/page_pools.c
Failed to run action on /tmp/ktest-out/lustre_build.x86_64/lustre/osc/osc_quota.c
Failed to run action on /tmp/ktest-out/lustre_build.x86_64/lustre/ptlrpc/ptlrpcd.c
Failed to run action on /tmp/ktest-out/lustre_build.x86_64/lustre/ptlrpc/pinger.c
Failed to run action on /tmp/ktest-out/lustre_build.x86_64/lustre/ldlm/ldlm_inodebits.c
Failed to run action on /tmp/ktest-out/lustre_build.x86_64/lustre/mdt/mdt_som.c
Failed to run action on /tmp/ktest-out/lustre_build.x86_64/lustre/llite/xattr_security.c
Failed to run action on /tmp/ktest-out/lustre_build.x86_64/lustre/lmv/lmv_fld.c
Failed to run action on /tmp/ktest-out/lustre_build.x86_64/lustre/llite/pcc.c
Failed to run action on /tmp/ktest-out/lustre_build.x86_64/lustre/fld/fld_index.c
Failed to run action on /tmp/ktest-out/lustre_build.x86_64/lustre/obdclass/lu_ucred.c
Failed to run action on /tmp/ktest-out/lustre_build.x86_64/lustre/obdecho/debug.c
Failed to run action on /tmp/ktest-out/lustre_build.x86_64/lustre/mdd/mdd_dir.c
Failed to run action on /tmp/ktest-out/lustre_build.x86_64/lustre/mdd/mdd_permission.c
Failed to run action on /tmp/ktest-out/lustre_build.x86_64/lustre/obdclass/obdo_server.c
Failed to run action on /tmp/ktest-out/lustre_build.x86_64/lustre/osp/osp_sync.c
Failed to run action on /tmp/ktest-out/lustre_build.x86_64/lustre/lod/lod_lov.c
Failed to run action on /tmp/ktest-out/lustre_build.x86_64/lustre/mdc/mdc_batch.c
Failed to run action on /tmp/ktest-out/lustre_build.x86_64/lustre/llite/crypto.c
Failed to run action on /tmp/ktest-out/lustre_build.x86_64/lnet/lnet/api-ni.c
Failed to run action on /tmp/ktest-out/lustre_build.x86_64/lustre/ec/ec.mod.c
Failed to run action on /tmp/ktest-out/lustre_build.x86_64/lnet/klnds/socklnd/socklnd_cb.c
Failed to run action on /tmp/ktest-out/lustre_build.x86_64/lustre/ptlrpc/nrs.c
Failed to run action on /tmp/ktest-out/lustre_build.x86_64/lustre/ofd/ofd_access_log.c
Failed to run action on /tmp/ktest-out/lustre_build.x86_64/lustre/mdt/mdt.mod.c
Failed to run action on /tmp/ktest-out/lustre_build.x86_64/lustre/llite/dcache.c
Failed to run action on /tmp/ktest-out/lustre_build.x86_64/lustre/mdt/mdt_restripe.c
Failed to run action on /tmp/ktest-out/lustre_build.x86_64/lustre/obdclass/lprocfs_status_server.c
Failed to run action on /tmp/ktest-out/lustre_build.x86_64/lustre/osc/osc_io.c
Failed to run action on /tmp/ktest-out/lustre_build.x86_64/lustre/obdclass/upcall_cache.c
Failed to run action on /tmp/ktest-out/lustre_build.x86_64/lustre/mdc/mdc_acl.c
Failed to run action on /tmp/ktest-out/lustre_build.x86_64/lustre/lod/lod.mod.c
Failed to run action on /tmp/ktest-out/lustre_build.x86_64/lustre/obdclass/kernelcomm.c
Failed to run action on /tmp/ktest-out/lustre_build.x86_64/lustre/llite/lustre.mod.c
Failed to run action on /tmp/ktest-out/lustre_build.x86_64/lustre/obdclass/obdclass.mod.c
Failed to run action on /tmp/ktest-out/lustre_build.x86_64/lustre/ptlrpc/import.c
Failed to run action on /tmp/ktest-out/lustre_build.x86_64/lustre/mdc/mdc_changelog.c
Failed to run action on /tmp/ktest-out/lustre_build.x86_64/lustre/obdclass/lu_object.c
Failed to run action on /tmp/ktest-out/lustre_build.x86_64/lustre/lov/lovsub_dev.c
Failed to run action on /tmp/ktest-out/lustre_build.x86_64/lustre/osd-wbcfs/osd_handler.c
Failed to run action on /tmp/ktest-out/lustre_build.x86_64/lustre/mgs/mgs_handler.c
Failed to run action on /tmp/ktest-out/lustre_build.x86_64/lustre/ptlrpc/niobuf.c
Failed to run action on /tmp/ktest-out/lustre_build.x86_64/lnet/lnet/lnet-crypto.c
Failed to run action on /tmp/ktest-out/lustre_build.x86_64/lustre/lov/lov_io.c
Failed to run action on /tmp/ktest-out/lustre_build.x86_64/lustre/ldlm/ldlm_lock.c
Failed to run action on /tmp/ktest-out/lustre_build.x86_64/lustre_compat/kernel/sched/wait_bit.c
Failed to run action on /tmp/ktest-out/lustre_build.x86_64/lustre/osp/osp_dev.c
Failed to run action on /tmp/ktest-out/lustre_build.x86_64/lustre/llite/lcommon_misc.c
Failed to run action on /tmp/ktest-out/lustre_build.x86_64/lustre/lfsck/lfsck_bookmark.c
Failed to run action on /tmp/ktest-out/lustre_build.x86_64/lnet/klnds/socklnd/socklnd.c
Failed to run action on /tmp/ktest-out/lustre_build.x86_64/lustre/osd-wbcfs/osd_io.c
Failed to run action on /tmp/ktest-out/lustre_build.x86_64/lnet/selftest/conctl.c
Failed to run action on /tmp/ktest-out/lustre_build.x86_64/libcfs/libcfs/crypto/keysetup.c
Failed to run action on /tmp/ktest-out/lustre_build.x86_64/lustre/lmv/lmv.mod.c
Failed to run action on /tmp/ktest-out/lustre_build.x86_64/lustre/ptlrpc/recover.c
Failed to run action on /tmp/ktest-out/lustre_build.x86_64/lustre/llite/glimpse.c
Failed to run action on /tmp/ktest-out/lustre_build.x86_64/lustre/osd-wbcfs/osd_lproc.c
Failed to run action on /tmp/ktest-out/lustre_build.x86_64/lustre/obdclass/cl_page.c
Failed to run action on /tmp/ktest-out/lustre_build.x86_64/lustre/mdd/mdd_device.c
Failed to run action on /tmp/ktest-out/lustre_build.x86_64/lustre/mgs/lproc_mgs.c
Failed to run action on /tmp/ktest-out/lustre_build.x86_64/lustre/quota/qsd_config.c
Failed to run action on /tmp/ktest-out/lustre_build.x86_64/lustre/lod/lod_qos.c
Failed to run action on /tmp/ktest-out/lustre_build.x86_64/lustre/obdclass/idmap.c
Failed to run action on /tmp/ktest-out/lustre_build.x86_64/lnet/selftest/conrpc.c
Failed to run action on /tmp/ktest-out/lustre_build.x86_64/lustre/ptlrpc/nodemap_fileset_alt.c
Failed to run action on /tmp/ktest-out/lustre_build.x86_64/lustre/lov/lovsub_object.c
Failed to run action on /tmp/ktest-out/lustre_build.x86_64/lustre/llite/xattr_cache.c
Failed to run action on /tmp/ktest-out/lustre_build.x86_64/libcfs/libcfs/tracefile.c
Failed to run action on /tmp/ktest-out/lustre_build.x86_64/libcfs/libcfs/module.c
Failed to run action on /tmp/ktest-out/lustre_build.x86_64/lustre/lmv/lproc_lmv.c
Failed to run action on /tmp/ktest-out/lustre_build.x86_64/lustre/obdclass/local_storage.c
Failed to run action on /tmp/ktest-out/lustre_build.x86_64/lustre/lod/lod_pool.c
Failed to run action on /tmp/ktest-out/lustre_build.x86_64/lustre/mdt/mdt_recovery.c
Failed to run action on /tmp/ktest-out/lustre_build.x86_64/lustre/obdclass/llog.c
Failed to run action on /tmp/ktest-out/lustre_build.x86_64/lustre/fid/fid_handler.c
Failed to run action on /tmp/ktest-out/lustre_build.x86_64/lustre/llite/rw.c
Failed to run action on /tmp/ktest-out/lustre_build.x86_64/lustre/obdclass/dt_object.c
Failed to run action on /tmp/ktest-out/lustre_build.x86_64/lnet/lnet/module.c
Failed to run action on /tmp/ktest-out/lustre_build.x86_64/lustre/mdt/mdt_xattr.c
Failed to run action on /tmp/ktest-out/lustre_build.x86_64/lustre/obdclass/lustre_handles.c
Failed to run action on /tmp/ktest-out/lustre_build.x86_64/lustre/mdt/mdt_hsm_cdt_client.c
Failed to run action on /tmp/ktest-out/lustre_build.x86_64/lustre/ofd/ofd_trans.c
Failed to run action on /tmp/ktest-out/lustre_build.x86_64/lnet/lnet/config.c
Failed to run action on /tmp/ktest-out/lustre_build.x86_64/lustre/quota/qmt_pool.c
Failed to run action on /tmp/ktest-out/lustre_build.x86_64/lustre/ofd/ofd_fs.c
Failed to run action on /tmp/ktest-out/lustre_build.x86_64/lnet/klnds/socklnd/socklnd_lib.c
Failed to run action on /tmp/ktest-out/lustre_build.x86_64/lustre/osc/osc_object.c
Failed to run action on /tmp/ktest-out/lustre_build.x86_64/lustre/obdclass/lprocfs_jobstats.c
Failed to run action on /tmp/ktest-out/lustre_build.x86_64/lustre/ldlm/l_lock.c
Failed to run action on /tmp/ktest-out/lustre_build.x86_64/lustre/lod/lproc_lod.c
Failed to run action on /tmp/ktest-out/lustre_build.x86_64/lustre/mdc/mdc_lib.c
Failed to run action on /tmp/ktest-out/lustre_build.x86_64/lustre/ptlrpc/connection.c
Failed to run action on /tmp/ktest-out/lustre_build.x86_64/lustre/obdclass/lprocfs_status.c
Failed to run action on /tmp/ktest-out/lustre_build.x86_64/lustre/ptlrpc/nrs_orr.c
Failed to run action on /tmp/ktest-out/lustre_build.x86_64/lustre/osd-wbcfs/wbcfs.c
Failed to run action on /tmp/ktest-out/lustre_build.x86_64/lustre/ptlrpc/llog_server.c
Failed to run action on /tmp/ktest-out/lustre_build.x86_64/lustre/osd-wbcfs/osd_hash.c
Failed to run action on /tmp/ktest-out/lustre_build.x86_64/lustre/mdt/mdt_reint.c
Failed to run action on /tmp/ktest-out/lustre_build.x86_64/lustre/ptlrpc/batch.c
Failed to run action on /tmp/ktest-out/lustre_build.x86_64/lustre/mgs/mgs_nids.c
Failed to run action on /tmp/ktest-out/lustre_build.x86_64/lustre/ptlrpc/nrs_fifo.c
Failed to run action on /tmp/ktest-out/lustre_build.x86_64/lustre/mdd/mdd_trash.c
Failed to run action on /tmp/ktest-out/lustre_build.x86_64/lustre/mdt/mdt_open.c
Failed to run action on /tmp/ktest-out/lustre_build.x86_64/lustre/ptlrpc/client.c
Failed to run action on /tmp/ktest-out/lustre_build.x86_64/lustre/kunit/obd_mod_rpcs_test.c
Failed to run action on /tmp/ktest-out/lustre_build.x86_64/lustre/lov/lov_dev.c
Failed to run action on /tmp/ktest-out/lustre_build.x86_64/lustre/mdt/mdt_fs.c
Failed to run action on /tmp/ktest-out/lustre_build.x86_64/lnet/selftest/module.c
Failed to run action on /tmp/ktest-out/lustre_build.x86_64/lustre/llite/llite_foreign.c
Failed to run action on /tmp/ktest-out/lustre_build.x86_64/lustre/ldlm/ldlm_resource.c
Failed to run action on /tmp/ktest-out/lustre_build.x86_64/lustre/lov/lov.mod.c
Failed to run action on /tmp/ktest-out/lustre_build.x86_64/lnet/lnet/router.c
Failed to run action on /tmp/ktest-out/lustre_build.x86_64/lnet/lnet/adler.c
Failed to run action on /tmp/ktest-out/lustre_build.x86_64/lustre/kunit/kinode.mod.c
Failed to run action on /tmp/ktest-out/lustre_build.x86_64/lustre/target/out_handler.c
Failed to run action on /tmp/ktest-out/lustre_build.x86_64/lustre/osc/lproc_osc.c
Failed to run action on /tmp/ktest-out/lustre_build.x86_64/libcfs/libcfs/fail.c
Failed to run action on /tmp/ktest-out/lustre_build.x86_64/lustre/ptlrpc/nodemap_storage.c
Failed to run action on /tmp/ktest-out/lustre_build.x86_64/lustre/mgs/mgs.mod.c
Failed to run action on /tmp/ktest-out/lustre_build.x86_64/lustre/obdclass/md_attrs.c
Failed to run action on /tmp/ktest-out/lustre_build.x86_64/lustre/llite/lcommon_cl.c
Failed to run action on /tmp/ktest-out/lustre_build.x86_64/lustre/target/tgt_lastrcvd.c
Failed to run action on /tmp/ktest-out/lustre_build.x86_64/lustre/kunit/obd_mod_rpcs_test.mod.c
Failed to run action on /tmp/ktest-out/lustre_build.x86_64/libcfs/libcfs/crypto/hooks.c
Failed to run action on /tmp/ktest-out/lustre_build.x86_64/lustre/osd-wbcfs/osd_wbcfs.mod.c
Failed to run action on /tmp/ktest-out/lustre_build.x86_64/lustre/ptlrpc/sec_config.c
Failed to run action on /tmp/ktest-out/lustre_build.x86_64/lustre/osd-wbcfs/osd_index_hash.c
Failed to run action on /tmp/ktest-out/lustre_build.x86_64/lnet/selftest/rpc.c
Failed to run action on /tmp/ktest-out/lustre_build.x86_64/lustre/lov/lov_merge.c
Failed to run action on /tmp/ktest-out/lustre_build.x86_64/lustre/lov/lov_obd.c
Failed to run action on /tmp/ktest-out/lustre_build.x86_64/lustre/ldlm/ldlm_request.c
Failed to run action on /tmp/ktest-out/lustre_build.x86_64/lustre/ofd/ofd_io.c
Failed to run action on /tmp/ktest-out/lustre_build.x86_64/lustre/mdc/mdc_locks.c
Failed to run action on /tmp/ktest-out/lustre_build.x86_64/lnet/lnet/lib-msg.c
Failed to run action on /tmp/ktest-out/lustre_build.x86_64/lustre/fid/fid_request.c
Failed to run action on /tmp/ktest-out/lustre_build.x86_64/lustre/lfsck/lfsck_striped_dir.c
Failed to run action on /tmp/ktest-out/lustre_build.x86_64/lustre/ofd/ofd_dev.c
Failed to run action on /tmp/ktest-out/lustre_build.x86_64/lustre/fid/fid_store.c
Failed to run action on /tmp/ktest-out/lustre_build.x86_64/lustre/kunit/obd_test.mod.c
Failed to run action on /tmp/ktest-out/lustre_build.x86_64/lustre/llite/xattr.c
Failed to run action on /tmp/ktest-out/lustre_build.x86_64/lustre/llite/llite_mmap.c
Failed to run action on /tmp/ktest-out/lustre_build.x86_64/lustre/obdclass/obd_sysfs.c
Failed to run action on /tmp/ktest-out/lustre_build.x86_64/lustre/ptlrpc/nrs_tbf.c
Failed to run action on /tmp/ktest-out/lustre_build.x86_64/lustre/ptlrpc/nodemap_handler.c
Failed to run action on /tmp/ktest-out/lustre_build.x86_64/lustre/ptlrpc/layout.c
Failed to run action on /tmp/ktest-out/lustre_build.x86_64/lustre/obdclass/cl_io.c
Failed to run action on /tmp/ktest-out/lustre_build.x86_64/lustre/obdclass/lprocfs_counters.c
Failed to run action on /tmp/ktest-out/lustre_build.x86_64/lustre/obdclass/llog_cat.c
Failed to run action on /tmp/ktest-out/lustre_build.x86_64/lustre/obdclass/upcall_cache_internal.c
Failed to run action on /tmp/ktest-out/lustre_build.x86_64/lnet/lnet/udsp.c
Failed to run action on /tmp/ktest-out/lustre_build.x86_64/lustre/ptlrpc/ptlrpc.mod.c
Failed to run action on /tmp/ktest-out/lustre_build.x86_64/lustre/ldlm/ldlm_extent.c
Failed to run action on /tmp/ktest-out/lustre_build.x86_64/lustre/llite/rw26.c
Failed to run action on /tmp/ktest-out/lustre_build.x86_64/lustre/ofd/ofd.mod.c
Failed to run action on /tmp/ktest-out/lustre_build.x86_64/lustre/mdt/mdt_hsm_cdt_requests.c
Failed to run action on /tmp/ktest-out/lustre_build.x86_64/lustre/obdclass/class_obd.c
Failed to run action on /tmp/ktest-out/lustre_build.x86_64/lnet/lnet/peer.c
Failed to run action on /tmp/ktest-out/lustre_build.x86_64/lustre/quota/lproc_quota.c
Failed to run action on /tmp/ktest-out/lustre_build.x86_64/lustre/mdt/mdt_lvb.c
Failed to run action on /tmp/ktest-out/lustre_build.x86_64/lustre/llite/acl.c
Failed to run action on /tmp/ktest-out/lustre_build.x86_64/lustre/target/tgt_mount.c
Failed to run action on /tmp/ktest-out/lustre_build.x86_64/lnet/lnet/nidstrings.c
Failed to run action on /tmp/ktest-out/lustre_build.x86_64/lustre/osc/osc_lock.c
Failed to run action on /tmp/ktest-out/lustre_build.x86_64/lustre/lod/lod_sub_object.c
Failed to run action on /tmp/ktest-out/lustre_build.x86_64/lustre/llite/statahead.c
Failed to run action on /tmp/ktest-out/lustre_build.x86_64/lustre/llite/vvp_page.c
Failed to run action on /tmp/ktest-out/lustre_build.x86_64/lustre/fid/fid.mod.c
Failed to run action on /tmp/ktest-out/lustre_build.x86_64/lustre/mdt/mdt_lib.c
Failed to run action on /tmp/ktest-out/lustre_build.x86_64/lustre/llite/vvp_io.c
Failed to run action on /tmp/ktest-out/lustre_build.x86_64/lustre/obdecho/obdecho.mod.c
Failed to run action on /tmp/ktest-out/lustre_build.x86_64/lustre/ptlrpc/llog_client.c
Failed to run action on /tmp/ktest-out/lustre_build.x86_64/lustre/osc/osc_dev.c
Failed to run action on /tmp/ktest-out/lustre_build.x86_64/lustre/obdclass/jobid.c
Failed to run action on /tmp/ktest-out/lustre_build.x86_64/lustre/llite/llite_lib.c
Failed to run action on /tmp/ktest-out/lustre_build.x86_64/lnet/selftest/ping_test.c
Failed to run action on /tmp/ktest-out/lustre_build.x86_64/lustre/ldlm/ldlm_flock.c
Failed to run action on /tmp/ktest-out/lustre_build.x86_64/lustre/ptlrpc/sec_plain.c
Failed to run action on /tmp/ktest-out/lustre_build.x86_64/lustre/obdclass/llog_obd.c
Failed to run action on /tmp/ktest-out/lustre_build.x86_64/lustre/ptlrpc/llog_net.c
Failed to run action on /tmp/ktest-out/lustre_build.x86_64/lustre/lov/lproc_lov.c
Failed to run action on /tmp/ktest-out/lustre_build.x86_64/lnet/lnet/acceptor.c
Failed to run action on /tmp/ktest-out/lustre_build.x86_64/lustre/fld/fld_cache.c
Failed to run action on /tmp/ktest-out/lustre_build.x86_64/lustre/quota/qsd_request.c
Failed to run action on /tmp/ktest-out/lustre_build.x86_64/lustre/lfsck/lfsck_namespace.c
Failed to run action on /tmp/ktest-out/lustre_build.x86_64/lustre/llite/super25.c
Failed to run action on /tmp/ktest-out/lustre_build.x86_64/lustre/obdclass/lu_tgt_descs.c
Failed to run action on /tmp/ktest-out/lustre_build.x86_64/lustre/ptlrpc/heap.c
Failed to run action on /tmp/ktest-out/lustre_build.x86_64/lustre/ofd/lproc_ofd.c
Failed to run action on /tmp/ktest-out/lustre_build.x86_64/lustre/mdc/lproc_mdc.c
Failed to run action on /tmp/ktest-out/lustre_build.x86_64/lustre/ptlrpc/sec_lproc.c
Failed to run action on /tmp/ktest-out/lustre_build.x86_64/lustre/mgc/mgc_request_server.c
Failed to run action on /tmp/ktest-out/lustre_build.x86_64/lustre/ptlrpc/nrs_delay.c
Failed to run action on /tmp/ktest-out/lustre_build.x86_64/lustre/mdt/mdt_batch.c
Failed to run action on /tmp/ktest-out/lustre_build.x86_64/lustre/quota/qsd_handler.c
Failed to run action on /tmp/ktest-out/lustre_build.x86_64/lustre/ofd/ofd_dlm.c
Failed to run action on /tmp/ktest-out/lustre_build.x86_64/lustre/lmv/lmv_intent.c
Failed to run action on /tmp/ktest-out/lustre_build.x86_64/lustre/quota/qsd_reint.c
Failed to run action on /tmp/ktest-out/lustre_build.x86_64/lustre/mdt/mdt_handler.c
Failed to run action on /tmp/ktest-out/lustre_build.x86_64/lnet/lnet/lib-socket.c
Failed to run action on /tmp/ktest-out/lustre_build.x86_64/lustre/mdd/mdd_lproc.c
Failed to run action on /tmp/ktest-out/lustre_build.x86_64/lnet/klnds/socklnd/socklnd_proto.c
Failed to run action on /tmp/ktest-out/lustre_build.x86_64/lustre/mgs/mgs_barrier.c
Failed to run action on /tmp/ktest-out/lustre_build.x86_64/lustre/ptlrpc/nrs_crr.c
Failed to run action on /tmp/ktest-out/lustre_build.x86_64/lustre/llite/file.c
Failed to run action on /tmp/ktest-out/lustre_build.x86_64/lustre/obdclass/scrub.c
Failed to run action on /tmp/ktest-out/lustre_build.x86_64/libcfs/libcfs/crypto/keysetup_v1.c
Failed to run action on /tmp/ktest-out/lustre_build.x86_64/lustre/llite/llite_nfs.c
Failed to run action on /tmp/ktest-out/lustre_build.x86_64/lustre/ptlrpc/events.c
Failed to run action on /tmp/ktest-out/lustre_build.x86_64/lustre/obdecho/echo.c
Failed to run action on /tmp/ktest-out/lustre_build.x86_64/lustre/mdc/mdc_dev.c
Failed to run action on /tmp/ktest-out/lustre_build.x86_64/lustre/obdclass/hash.c
Failed to run action on /tmp/ktest-out/lustre_build.x86_64/lustre/kunit/ldlm_extent.c
Failed to run action on /tmp/ktest-out/lustre_build.x86_64/lustre/llite/vvp_dev.c
Failed to run action on /tmp/ktest-out/lustre_build.x86_64/lustre/mgc/mgc.mod.c
Failed to run action on /tmp/ktest-out/lustre_build.x86_64/lustre/osp/osp_object.c
Failed to run action on /tmp/ktest-out/lustre_build.x86_64/lustre/obdclass/lu_tgt_pool.c
Failed to run action on /tmp/ktest-out/lustre_build.x86_64/lustre/mdc/mdc_request.c
Failed to run action on /tmp/ktest-out/lustre_build.x86_64/lnet/lnet/lib-cpt.c
Failed to run action on /tmp/ktest-out/lustre_build.x86_64/lustre/quota/qsd_lock.c
Failed to run action on /tmp/ktest-out/lustre_build.x86_64/libcfs/libcfs/debug.c
Failed to run action on /tmp/ktest-out/lustre_build.x86_64/lustre/llite/symlink.c
Failed to run action on /tmp/ktest-out/lustre_build.x86_64/libcfs/libcfs/crypto/hkdf.c
Failed to run action on /tmp/ktest-out/lustre_build.x86_64/lustre/kunit/kinode.c
Failed to run action on /tmp/ktest-out/lustre_build.x86_64/lustre/ptlrpc/ptlrpc_module.c
Failed to run action on /tmp/ktest-out/lustre_build.x86_64/lustre/osd-wbcfs/osd_dirent.c
Failed to run action on /tmp/ktest-out/lustre_build.x86_64/lustre/ofd/ofd_obd.c
Failed to run action on /tmp/ktest-out/lustre_build.x86_64/lustre/lfsck/lfsck_lib.c
Failed to run action on /tmp/ktest-out/lustre_build.x86_64/lustre/mdc/mdc.mod.c
Failed to run action on /tmp/ktest-out/lustre_build.x86_64/lustre/lov/lov_request.c
Failed to run action on /tmp/ktest-out/lustre_build.x86_64/lustre/fld/lproc_fld.c
Failed to run action on /tmp/ktest-out/lustre_build.x86_64/lustre/quota/qsd_writeback.c
Failed to run action on /tmp/ktest-out/lustre_build.x86_64/lustre/quota/qsd_lib.c
Failed to run action on /tmp/ktest-out/lustre_build.x86_64/lnet/lnet/lo.c
Failed to run action on /tmp/ktest-out/lustre_build.x86_64/lustre/target/update_recovery.c
Failed to run action on /tmp/ktest-out/lustre_build.x86_64/lustre/ec/ec_base.c
Failed to run action on /tmp/ktest-out/lustre_build.x86_64/lustre/quota/qmt_handler.c
Failed to run action on /tmp/ktest-out/lustre_build.x86_64/lustre/ptlrpc/nodemap_range.c
Failed to run action on /tmp/ktest-out/lustre_build.x86_64/lustre_compat/lib/generic-radix-tree.c
Failed to run action on /tmp/ktest-out/lustre_build.x86_64/lustre_compat/mm/shrinker_debug.c
Failed to run action on /tmp/ktest-out/lustre_build.x86_64/lustre/llite/vvp_object.c
Failed to run action on /tmp/ktest-out/lustre_build.x86_64/lustre/ptlrpc/nodemap_idmap.c
Failed to run action on /tmp/ktest-out/lustre_build.x86_64/lustre/target/out_lib.c
Failed to run action on /tmp/ktest-out/lustre_build.x86_64/lustre/ldlm/ldlm_pool.c
Failed to run action on /tmp/ktest-out/lustre_build.x86_64/lustre/lov/lov_lock.c
Failed to run action on /tmp/ktest-out/lustre_build.x86_64/lustre/mdt/mdt_io.c
Failed to run action on /tmp/ktest-out/lustre_build.x86_64/lnet/selftest/framework.c
Failed to run action on /tmp/ktest-out/lustre_build.x86_64/libcfs/libcfs/libcfs.mod.c
Failed to run action on /tmp/ktest-out/lustre_build.x86_64/lustre/fid/lproc_fid.c
Failed to run action on /tmp/ktest-out/lustre_build.x86_64/lustre/mdt/mdt_hsm_cdt_agent.c
Failed to run action on /tmp/ktest-out/lustre_build.x86_64/lustre/mdd/mdd.mod.c
Failed to run action on /tmp/ktest-out/lustre_build.x86_64/lustre/obdclass/cl_lock.c
Failed to run action on /tmp/ktest-out/lustre_build.x86_64/lustre/llite/dir.c
Failed to run action on /tmp/ktest-out/lustre_build.x86_64/lustre/mdd/mdd_object.c
Failed to run action on /tmp/ktest-out/lustre_build.x86_64/lustre/obdclass/statfs_pack.c
Failed to run action on /tmp/ktest-out/lustre_build.x86_64/lustre/ptlrpc/sec_gc.c
Failed to run action on /tmp/ktest-out/lustre_build.x86_64/libcfs/libcfs/crypto/fname.c
Failed to run action on /tmp/ktest-out/lustre_build.x86_64/lustre/lfsck/lfsck_engine.c
Failed to run action on /tmp/ktest-out/lustre_build.x86_64/libcfs/libcfs/linux/linux-prim.c
Failed to run action on /tmp/ktest-out/lustre_build.x86_64/lustre/llite/llite_foreign_symlink.c
Failed to run action on /tmp/ktest-out/lustre_build.x86_64/lustre/mdd/mdd_orphans.c
Failed to run action on /tmp/ktest-out/lustre_build.x86_64/lustre/obdclass/range_lock.c
Failed to run action on /tmp/ktest-out/lustre_build.x86_64/lustre/quota/lquota_lib.c
Failed to run action on /tmp/ktest-out/lustre_build.x86_64/lustre_compat/lib/glob.c
Failed to run action on /tmp/ktest-out/lustre_build.x86_64/lustre/ptlrpc/service.c
Failed to run action on /tmp/ktest-out/lustre_build.x86_64/lustre/ptlrpc/sec_ctx.c
Failed to run action on /tmp/ktest-out/lustre_build.x86_64/lnet/lnet/lib-ptl.c
Failed to run action on /tmp/ktest-out/lustre_build.x86_64/lustre/quota/qmt_dev.c
Failed to run action on /tmp/ktest-out/lustre_build.x86_64/lustre/target/tgt_main.c
Failed to run action on /tmp/ktest-out/lustre_build.x86_64/lustre/obdclass/lustre_peer.c
Failed to run action on /tmp/ktest-out/lustre_build.x86_64/lustre/mdt/mdt_mds.c
Failed to run action on /tmp/ktest-out/lustre_build.x86_64/lnet/selftest/console.c
Failed to run action on /tmp/ktest-out/lustre_build.x86_64/lnet/selftest/brw_test.c
Failed to run action on /tmp/ktest-out/lustre_build.x86_64/lustre/mgc/lproc_mgc.c
Failed to run action on /tmp/ktest-out/lustre_build.x86_64/lustre/fld/fld.mod.c
Failed to run action on /tmp/ktest-out/lustre_build.x86_64/lustre/mdt/mdt_hsm.c
Failed to run action on /tmp/ktest-out/lustre_build.x86_64/lustre/llite/namei.c
Failed to run action on /tmp/ktest-out/lustre_build.x86_64/lustre/ptlrpc/pack_server.c
Failed to run action on /tmp/ktest-out/lustre_build.x86_64/lustre/osc/osc_request.c
Failed to run action on /tmp/ktest-out/lustre_build.x86_64/lustre/fld/fld_request.c
Failed to run action on /tmp/ktest-out/lustre_build.x86_64/lustre/lod/lod_dev.c
Failed to run action on /tmp/ktest-out/lustre_build.x86_64/lnet/klnds/socklnd/ksocklnd.mod.c
Failed to run action on /tmp/ktest-out/lustre_build.x86_64/lustre/osp/osp_trans.c
Failed to run action on /tmp/ktest-out/lustre_build.x86_64/lnet/lnet/lnet_debugfs.c
Failed to run action on /tmp/ktest-out/lustre_build.x86_64/lnet/lnet/lnet.mod.c
Failed to run action on /tmp/ktest-out/lustre_build.x86_64/lustre/ptlrpc/errno.c
Failed to run action on /tmp/ktest-out/lustre_build.x86_64/lustre/utils/ltrash_purge.c
Failed to run action on /tmp/ktest-out/lustre_build.x86_64/lustre/obdclass/llog_osd.c
Failed to run action on /tmp/ktest-out/lustre_build.x86_64/lustre/obdclass/obd_cksum.c
Failed to run action on /tmp/ktest-out/lustre_build.x86_64/lustre/mdc/mdc_reint.c
Failed to run action on /tmp/ktest-out/lustre_build.x86_64/lnet/selftest/lnet_selftest.mod.c
Failed to run action on /tmp/ktest-out/lustre_build.x86_64/lustre/ptlrpc/wiretest.c
Failed to run action on /tmp/ktest-out/lustre_build.x86_64/lustre/ldlm/ldlm_reclaim.c
Failed to run action on /tmp/ktest-out/lustre_build.x86_64/lustre/osd-wbcfs/osd_object.c
Failed to run action on /tmp/ktest-out/lustre_build.x86_64/lustre/ofd/ofd_objects.c
Failed to run action on /tmp/ktest-out/lustre_build.x86_64/lustre/ldlm/ldlm_lockd.c
Failed to run action on /tmp/ktest-out/lustre_build.x86_64/lustre/kunit/ldlm_extent.mod.c
Failed to run action on /tmp/ktest-out/lustre_build.x86_64/lnet/lnet/lib-me.c
Failed to run action on /tmp/ktest-out/lustre_build.x86_64/lustre/target/tgt_grant.c
Failed to run action on /tmp/ktest-out/lustre_build.x86_64/lustre/mdt/mdt_hsm_cdt_actions.c
Failed to run action on /tmp/ktest-out/lustre_build.x86_64/libcfs/libcfs/crypto/keyring.c
Failed to run action on /tmp/ktest-out/lustre_build.x86_64/lustre/kunit/llog_test.c
Failed to run action on /tmp/ktest-out/lustre_build.x86_64/lustre/lod/lod_object.c
Failed to run action on /tmp/ktest-out/lustre_build.x86_64/lustre/osp/lwp_dev.c
Failed to run action on /tmp/ktest-out/lustre_build.x86_64/lustre/obdclass/obdo.c
Failed to run action on /tmp/ktest-out/lustre_build.x86_64/lustre/target/update_trans.c
Failed to run action on /tmp/ktest-out/lustre_build.x86_64/lustre/mdd/mdd_lock.c
Failed to run action on /tmp/ktest-out/lustre_build.x86_64/lustre/osp/lproc_osp.c
Failed to run action on /tmp/ktest-out/lustre_build.x86_64/lustre/quota/qmt_lock.c
Failed to run action on /tmp/ktest-out/lustre_build.x86_64/lnet/lnet/lnet_rdma.c
Failed to run action on /tmp/ktest-out/lustre_build.x86_64/lustre/mdt/mdt_coordinator.c
Failed to run action on /tmp/ktest-out/lustre_build.x86_64/lustre/mgs/mgs_llog.c
Failed to run action on /tmp/ktest-out/lustre_build.x86_64/lustre/lov/lov_object.c
Failed to run action on /tmp/ktest-out/lustre_build.x86_64/lustre/fid/fid_lib.c
Failed to run action on /tmp/ktest-out/lustre_build.x86_64/lustre_compat/kernel/sched/wait.c
Failed to run action on /tmp/ktest-out/lustre_build.x86_64/lustre/obdclass/llog_ioctl.c
Failed to run action on /tmp/ktest-out/lustre_build.x86_64/lustre/target/tgt_handler.c
Failed to run action on /tmp/ktest-out/lustre_build.x86_64/lnet/lnet/net_fault.c
Failed to run action on /tmp/ktest-out/lustre_build.x86_64/lustre/mgs/mgs_fs.c
Failed to run action on /tmp/ktest-out/lustre_build.x86_64/lustre/target/update_records.c
Failed to run action on /tmp/ktest-out/lustre_build.x86_64/lustre/osp/osp.mod.c
Failed to run action on /tmp/ktest-out/lustre_build.x86_64/lnet/lnet/lib-move.c
Failed to run action on /tmp/ktest-out/lustre_build.x86_64/lustre/target/barrier.c
Failed to run action on /tmp/ktest-out/lustre_build.x86_64/lustre/ptlrpc/pack_generic.c
Failed to run action on /tmp/ktest-out/lustre_build.x86_64/lustre/fld/fld_handler.c
Failed to run action on /tmp/ktest-out/lustre_build.x86_64/lustre/quota/qmt_entry.c
Failed to run action on /tmp/ktest-out/lustre_build.x86_64/lustre/obdclass/genops.c
Failed to run action on /tmp/ktest-out/lustre_build.x86_64/lnet/lnet/lib-md.c
Failed to run action on /tmp/ktest-out/lustre_build.x86_64/lustre/kunit/obd_test.c
Failed to run action on /tmp/ktest-out/lustre_build.x86_64/lustre/lfsck/lfsck.mod.c
Failed to run action on /tmp/ktest-out/lustre_build.x86_64/lustre/obdecho/echo_client.c
Failed to run action on /tmp/ktest-out/lustre_build.x86_64/lustre/lov/lov_pool.c
Failed to run action on /tmp/ktest-out/lustre_build.x86_64/lustre/obdclass/linkea.c
Failed to run action on /tmp/ktest-out/lustre_build.x86_64/lustre/lov/lov_ea.c
Failed to run action on /tmp/ktest-out/lustre_build.x86_64/lustre/ptlrpc/lproc_ptlrpc.c
Failed to run action on /tmp/ktest-out/lustre_build.x86_64/lustre/lfsck/lfsck_layout.c
Failed to run action on /tmp/ktest-out/lustre_build.x86_64/lustre/obdclass/obd_config.c
Failed to run action on /tmp/ktest-out/lustre_build.x86_64/lnet/lnet/lock.c
Failed to run action on /tmp/ktest-out/lustre_build.x86_64/lustre/quota/lquota.mod.c
Failed to run action on /tmp/ktest-out/lustre_build.x86_64/lustre/lov/lov_offset.c
Failed to run action on /tmp/ktest-out/lustre_build.x86_64/lustre/quota/lquota_disk.c
Failed to run action on /tmp/ktest-out/lustre_build.x86_64/lustre/ofd/ofd_lvb.c
Failed to run action on /tmp/ktest-out/lustre_build.x86_64/lustre/osp/osp_md_object.c
Failed to run action on /tmp/ktest-out/lustre_build.x86_64/lustre/kunit/llog_test.mod.c
Failed to run action on /tmp/ktest-out/lustre_build.x86_64/lustre/mgc/mgc_request.c
Failed to run action on /tmp/ktest-out/lustre_build.x86_64/lustre/ptlrpc/nodemap_member.c
Failed to run action on /tmp/ktest-out/lustre_build.x86_64/lustre/mdd/mdd_acl.c
Failed to run action on /tmp/ktest-out/lustre_build.x86_64/lustre/osc/osc_cache.c
Failed to run action on /tmp/ktest-out/lustre_build.x86_64/lustre/osc/osc_page.c
Failed to run action on /tmp/ktest-out/lustre_build.x86_64/lustre/obdclass/integrity.c
Failed to run action on /tmp/ktest-out/lustre_build.x86_64/lnet/selftest/timer.c
Failed to run action on /tmp/ktest-out/lustre_build.x86_64/lustre/lmv/lmv_obd.c
Failed to run action on /tmp/ktest-out/lustre_build.x86_64/lustre/ptlrpc/nodemap_lproc.c
Failed to run action on /tmp/ktest-out/lustre_build.x86_64/lustre/ptlrpc/sec_null.c
Failed to run action on /tmp/ktest-out/lustre_build.x86_64/lustre/quota/lquota_entry.c
Failed to run action on /tmp/ktest-out/lustre_build.x86_64/lustre/quota/qsd_entry.c
Failed to run action on /tmp/ktest-out/lustre_build.x86_64/lustre/osp/osp_precreate.c
Failed to run action on /tmp/ktest-out/lustre_build.x86_64/lustre/ofd/ofd_oss.c
Failed to run action on /tmp/ktest-out/lustre_build.x86_64/lustre_compat/symbols.c
Failed to run action on /tmp/ktest-out/lustre_build.x86_64/lustre/mdd/mdd_trans.c
Failed to run action on /tmp/ktest-out/lustre_build.x86_64/lustre/obdclass/obd_mount.c
Failed to run action on /tmp/ktest-out/lustre_build.x86_64/lustre/ptlrpc/sec.c
Failed to run action on /tmp/ktest-out/lustre_build.x86_64/lustre/obdclass/cl_object.c
Failed to run action on /tmp/ktest-out/lustre_build.x86_64/lustre/mdt/mdt_lproc.c
Failed to run action on /tmp/ktest-out/lustre_build.x86_64/lustre/target/tgt_fmd.c
Failed to run action on /tmp/ktest-out/lustre_build.x86_64/lnet/klnds/socklnd/socklnd_modparams.c
Failed to run action on /tmp/ktest-out/lustre_build.x86_64/lustre/ldlm/ldlm_lib.c
Failed to run action on /tmp/ktest-out/lustre_build.x86_64/lustre/lov/lov_pack.c

/tmp/ktest-out/lustre_build.x86_64/lustre/include/cfs_hash.h:573: warning: Function 'cfs_hash_bd_depmax_get' is unused
/tmp/ktest-out/lustre_build.x86_64/lustre/include/cfs_hash.h:537: warning: Function 'cfs_hash_bd_index_get' is unused
/tmp/ktest-out/lustre_build.x86_64/lustre/include/cfs_hash.h:503: warning: Function 'cfs_hash_dec_and_lock' is unused
/tmp/ktest-out/lustre_build.x86_64/lustre/include/cl_object.h:2127: warning: Function 'cl_object_next' is unused
/tmp/ktest-out/lustre_build.x86_64/lustre/include/cl_object.h:2137: warning: Function 'cl_object_site' is unused
/tmp/ktest-out/lustre_build.x86_64/lustre/include/dt_object.h:2487: warning: Function 'dt_thread_no_locks' is unused
/tmp/ktest-out/lustre_build.x86_64/lustre/include/uapi/linux/lustre/lgss.h:343: warning: Function 'gss_base64url_decode' is unused
/tmp/ktest-out/lustre_build.x86_64/lustre/include/uapi/linux/lustre/lgss.h:503: warning: Function 'gss_buffer_get' is unused
/tmp/ktest-out/lustre_build.x86_64/lustre/include/uapi/linux/lustre/lgss.h:464: warning: Function 'gss_buffer_read' is unused
/tmp/ktest-out/lustre_build.x86_64/lustre/include/uapi/linux/lustre/lgss.h:189: warning: Function 'gss_buffer_write' is unused
/tmp/ktest-out/lustre_build.x86_64/lustre/include/uapi/linux/lustre/lgss.h:529: warning: Function 'gss_u32_read' is unused
/tmp/ktest-out/lustre_build.x86_64/lustre/include/uapi/linux/lustre/lgss.h:230: warning: Function 'gss_u32_write' is unused
/tmp/ktest-out/lustre_build.x86_64/lustre/include/uapi/linux/lustre/lgss.h:442: warning: Function 'gss_u64_read_string' is unused
/tmp/ktest-out/lustre_build.x86_64/lustre/include/uapi/linux/lustre/lgss.h:166: warning: Function 'gss_u64_write_hex_string' is unused
/tmp/ktest-out/lustre_build.x86_64/lustre/include/uapi/linux/lustre/lgss.h:143: warning: Function 'gss_u64_write_string' is unused
/tmp/ktest-out/lustre_build.x86_64/lnet/include/lnet/lib-lnet.h:915: warning: Function 'lnet_copy_flat2kiov' is unused
/tmp/ktest-out/lustre_build.x86_64/lnet/include/lnet/lib-lnet.h:904: warning: Function 'lnet_copy_kiov2flat' is unused
/tmp/ktest-out/lustre_build.x86_64/libcfs/include/libcfs/util/list.h:415: warning: Function 'hlist_add_after' is unused
/tmp/ktest-out/lustre_build.x86_64/lnet/include/uapi/linux/lnet/lnet-crypto.h:271: warning: Function 'cfs_crypto_crypt_alg' is unused
/tmp/ktest-out/lustre_build.x86_64/lnet/include/uapi/linux/lnet/lnet-crypto.h:253: warning: Function 'cfs_crypto_crypt_keysize' is unused
/tmp/ktest-out/lustre_build.x86_64/lnet/include/uapi/linux/lnet/lnet-crypto.h:232: warning: Function 'cfs_crypto_crypt_name' is unused
/tmp/ktest-out/lustre_build.x86_64/lustre/include/lprocfs_status.h:638: warning: Function 'lprocfs_import_seq_write' is unused
/tmp/ktest-out/lustre_build.x86_64/lustre/include/lu_object.h:908: warning: Function 'lu_object_clear_agent_entry' is unused
/tmp/ktest-out/lustre_build.x86_64/lustre/include/lu_object.h:918: warning: Function 'lu_object_clear_stcu' is unused
/tmp/ktest-out/lustre_build.x86_64/lustre/include/lu_object.h:903: warning: Function 'lu_object_set_agent_entry' is unused
/tmp/ktest-out/lustre_build.x86_64/lustre/include/lustre_compat.h:98: warning: Function 'cfs_bio_alloc' is unused
/tmp/ktest-out/lustre_build.x86_64/lustre/include/lustre_compat.h:435: warning: Function 'll_vfs_removexattr' is unused
/tmp/ktest-out/lustre_build.x86_64/lustre/include/lustre_export.h:353: warning: Function 'exp_connect_multibulk' is unused
/tmp/ktest-out/lustre_build.x86_64/lustre/include/lustre_export.h:460: warning: Function 'exp_connect_parity' is unused
/tmp/ktest-out/lustre_build.x86_64/lustre/include/lustre_export.h:487: warning: Function 'exp_connect_sparse' is unused
/tmp/ktest-out/lustre_build.x86_64/lustre/include/lustre_fid.h:619: warning: Function 'fid_build_pdo_res_name' is unused
/tmp/ktest-out/lustre_build.x86_64/lustre/include/lustre_fid.h:756: warning: Function 'fid_hash' is unused
/tmp/ktest-out/lustre_build.x86_64/lustre/include/lustre_fid.h:282: warning: Function 'fid_is_fs_root' is unused
/tmp/ktest-out/lustre_build.x86_64/lustre/include/uapi/linux/lustre/lustre_fid.h:110: warning: Function 'fid_is_llog' is unused
/tmp/ktest-out/lustre_build.x86_64/lustre/include/uapi/linux/lustre/lustre_fid.h:376: warning: Function 'fid_is_local_storage' is unused
/tmp/ktest-out/lustre_build.x86_64/lustre/include/lustre_fid.h:271: warning: Function 'fid_is_name_llog' is unused
/tmp/ktest-out/lustre_build.x86_64/lustre/include/uapi/linux/lustre/lustre_fid.h:121: warning: Function 'fid_seq_is_special' is unused
/tmp/ktest-out/lustre_build.x86_64/lustre/include/uapi/linux/lustre/lustre_fiemap.h:38: warning: Function 'get_fe_device' is unused
/tmp/ktest-out/lustre_build.x86_64/lustre/include/uapi/linux/lustre/lustre_fiemap.h:42: warning: Function 'set_fe_device' is unused
/tmp/ktest-out/lustre_build.x86_64/lustre/include/uapi/linux/lustre/lustre_fiemap.h:50: warning: Function 'set_fe_stripenr' is unused
/tmp/ktest-out/lustre_build.x86_64/lustre/include/lustre_lmv.h:219: warning: Function 'lmv_le_to_cpu' is unused
/tmp/ktest-out/lustre_build.x86_64/lustre/include/lustre_log.h:505: warning: Function 'llog_connect' is unused
/tmp/ktest-out/lustre_build.x86_64/lustre/include/lustre_net.h:2520: warning: Function 'lustre_request_magic' is unused
/tmp/ktest-out/lustre_build.x86_64/lustre/include/lustre_net.h:2369: warning: Function 'lustre_shrink_reply' is unused
/tmp/ktest-out/lustre_build.x86_64/lustre/include/lustre_net.h:1496: warning: Function 'thread_is_init' is unused
/tmp/ktest-out/lustre_build.x86_64/lustre/include/lustre_net.h:1526: warning: Function 'thread_set_flags' is unused
/tmp/ktest-out/lustre_build.x86_64/lustre/include/uapi/linux/lustre/lustre_ostid.h:118: warning: Function 'ostid_set_seq_llog' is unused
/tmp/ktest-out/lustre_build.x86_64/lustre/include/lustre_scrub.h:255: warning: Function 'osd_scrub2name' is unused
/tmp/ktest-out/lustre_build.x86_64/lustre/include/lustre_sec.h:1023: warning: Function 'cli_ctx_is_dead' is unused
/tmp/ktest-out/lustre_build.x86_64/lustre/include/lustre_sec.h:999: warning: Function 'cli_ctx_is_ready' is unused
/tmp/ktest-out/lustre_build.x86_64/lustre/include/lustre_sec.h:1011: warning: Function 'cli_ctx_is_uptodate' is unused
/tmp/ktest-out/lustre_build.x86_64/lustre/include/lustre_sec.h:882: warning: Function 'sec_is_rootonly' is unused
/tmp/ktest-out/lustre_build.x86_64/lustre/include/uapi/linux/lustre/lustre_user.h:2657: warning: Function 'hal_size' is unused
/tmp/ktest-out/lustre_build.x86_64/lustre/include/uapi/linux/lustre/lustre_user.h:1993: warning: Function 'hsm_get_cl_error' is unused
/tmp/ktest-out/lustre_build.x86_64/lustre/include/uapi/linux/lustre/lustre_user.h:1968: warning: Function 'hsm_get_cl_event' is unused
/tmp/ktest-out/lustre_build.x86_64/lustre/include/uapi/linux/lustre/lustre_user.h:1981: warning: Function 'hsm_get_cl_flags' is unused
/tmp/ktest-out/lustre_build.x86_64/lustre/include/uapi/linux/lustre/lustre_user.h:1243: warning: Function 'lmv_hash_is_restriping' is unused
/tmp/ktest-out/lustre_build.x86_64/lustre/include/uapi/linux/lustre/lustre_user.h:966: warning: Function 'lu_extent_is_whole' is unused
/tmp/ktest-out/lustre_build.x86_64/lustre/include/lustre/lustreapi.h:707: warning: Function 'changelog_remap_rec' is unused
/tmp/ktest-out/lustre_build.x86_64/lustre/include/lustre/lustreapi.h:658: warning: Function 'llapi_create_volatile' is unused
/tmp/ktest-out/lustre_build.x86_64/lustre/include/md_object.h:645: warning: Function 'mdo_statfs' is unused
/tmp/ktest-out/lustre_build.x86_64/lustre/include/obd.h:1538: warning: Function 'obd_is_osd_wbcfs' is unused
/tmp/ktest-out/lustre_build.x86_64/lustre/include/obd_support.h:1056: warning: Function 'lma_to_lustre_flags' is unused
/tmp/ktest-out/lustre_build.x86_64/lustre/include/obd_support.h:1062: warning: Function 'lustre_to_lma_flags' is unused
</pre>
</body>
</html>
