Creating kernel tarball at /tmp/ktest-kernel.tar.gz...
Creating lustre tarball at /tmp/ktest-lustre.tar.gz...
Executing 16 jobs with dependencies
Jobs will start as soon as their dependencies are satisfied

Starting job: lustre_mainline_strict (ktest-out: /tmp/ktest_lustre_mainline_strict__1ghpim2)
Starting job: lustre_u24 (ktest-out: /tmp/ktest_lustre_u24_ccqyiyoa)
Starting job: checkpatch (ktest-out: /tmp/ktest_checkpatch_73_jrioh)
Starting job: lustre_al2023 (ktest-out: /tmp/ktest_lustre_al2023_s8_iyj69)
Starting job: lustre_mainline (ktest-out: /tmp/ktest_lustre_mainline_e_egdm4s)
Starting job: lustre_mainline_native (ktest-out: /tmp/ktest_lustre_mainline_native_drqap6sw)
put_archive(/tmp/ktest-kernel.tar.gz): 6.70s
put_archive(/tmp/ktest-kernel.tar.gz): 8.10s
put_archive(/tmp/ktest-kernel.tar.gz): 6.88s
put_archive(/tmp/ktest-kernel.tar.gz): 8.28s
put_archive(/tmp/ktest-kernel.tar.gz): 7.54s
put_archive(/tmp/ktest-kernel.tar.gz): 7.66s
put_archive(/tmp/ktest-lustre.tar.gz): 5.60s
put_archive(/tmp/ktest-lustre.tar.gz): 5.33s
put_archive(/tmp/ktest-lustre.tar.gz): 7.12s
put_archive(/tmp/ktest-lustre.tar.gz): 5.50s
put_archive(/tmp/ktest-lustre.tar.gz): 5.96s
put_archive(/tmp/ktest-lustre.tar.gz): 5.83s
Job checkpatch completed: FAILED (return code = 1, log: /tmp/ktest-results/checkpatch.log)
Job lustre_al2023 completed: FAILED (return code = 2, log: /tmp/ktest-results/lustre_al2023.log)
Job lustre_u24 completed: SUCCESS (return code = 0, log: /tmp/ktest-results/lustre_u24.log)
get_archive(ktest-out): 3.52s
Job lustre_mainline_strict completed: FAILED (return code = 1, log: /tmp/ktest-results/lustre_mainline_strict.log)
get_archive(ktest-out): 3.03s
get_archive(ktest-out): 2.96s
Job lustre_mainline_native completed: SUCCESS (return code = 0, log: /tmp/ktest-results/lustre_mainline_native.log)
Starting job: clang-tidy (ktest-out: /tmp/ktest_lustre_mainline_native_drqap6sw)
Starting job: cc-plugin (ktest-out: /tmp/ktest_lustre_mainline_native_drqap6sw)
Starting job: boot (ktest-out: /tmp/ktest_lustre_mainline_native_drqap6sw)
Starting job: llmount (ktest-out: /tmp/ktest_lustre_mainline_native_drqap6sw)
Starting job: llog-unit (ktest-out: /tmp/ktest_lustre_mainline_native_drqap6sw)
Starting job: mgs-setup (ktest-out: /tmp/ktest_lustre_mainline_native_drqap6sw)
Starting job: sanity-1 (ktest-out: /tmp/ktest_lustre_mainline_native_drqap6sw)
Starting job: sanity-2 (ktest-out: /tmp/ktest_lustre_mainline_native_drqap6sw)
Starting job: sanity-3 (ktest-out: /tmp/ktest_lustre_mainline_native_drqap6sw)
Starting job: sanity-4 (ktest-out: /tmp/ktest_lustre_mainline_native_drqap6sw)
Job lustre_mainline completed: SUCCESS (return code = 0, log: /tmp/ktest-results/lustre_mainline.log)
put_archive(/tmp/ktest_lustre_mainline_native_drqap6sw.tar): 4.69s
put_archive(/tmp/ktest_lustre_mainline_native_drqap6sw.tar): 66.03s
put_archive(/tmp/ktest_lustre_mainline_native_drqap6sw.tar): 61.57s
put_archive(/tmp/ktest_lustre_mainline_native_drqap6sw.tar): 61.32s
put_archive(/tmp/ktest_lustre_mainline_native_drqap6sw.tar): 62.02s
put_archive(/tmp/ktest-kernel.tar.gz): 66.67s
put_archive(/tmp/ktest_lustre_mainline_native_drqap6sw.tar): 61.56s
put_archive(/tmp/ktest-kernel.tar.gz): 61.68s
put_archive(/tmp/ktest_lustre_mainline_native_drqap6sw.tar): 62.33s
put_archive(/tmp/ktest_lustre_mainline_native_drqap6sw.tar): 61.75s
put_archive(/tmp/ktest-lustre.tar.gz): 75.08s
put_archive(/tmp/ktest-lustre.tar.gz): 75.27s
put_archive(/tmp/ktest_lustre_mainline_native_drqap6sw.tar): 24.96s
put_archive(/tmp/ktest_lustre_mainline_native_drqap6sw.tar): 25.05s
Job sanity-1 completed: SUCCESS (return code = 0, log: /tmp/ktest-results/sanity-1.log)
Job cc-plugin completed: FAILED (return code = 127, log: /tmp/ktest-results/cc-plugin.log)
Job boot completed: SUCCESS (return code = 0, log: /tmp/ktest-results/boot.log)
Job clang-tidy completed: SUCCESS (return code = 0, log: /tmp/ktest-results/clang-tidy.log)
Job mgs-setup completed: SUCCESS (return code = 0, log: /tmp/ktest-results/mgs-setup.log)
Job sanity-3 completed: SUCCESS (return code = 0, log: /tmp/ktest-results/sanity-3.log)
Job sanity-4 completed: SUCCESS (return code = 0, log: /tmp/ktest-results/sanity-4.log)
Job llmount completed: SUCCESS (return code = 0, log: /tmp/ktest-results/llmount.log)
Job llog-unit completed: SUCCESS (return code = 0, log: /tmp/ktest-results/llog-unit.log)
Job sanity-2 completed: SUCCESS (return code = 0, log: /tmp/ktest-results/sanity-2.log)

============================================================
Final Results:
  checkpatch: FAILED (return code = 1, log: /tmp/ktest-results/checkpatch.log)
  lustre_u24: SUCCESS (return code = 0, log: /tmp/ktest-results/lustre_u24.log)
  lustre_al2023: FAILED (return code = 2, log: /tmp/ktest-results/lustre_al2023.log)
  lustre_mainline_strict: FAILED (return code = 1, log: /tmp/ktest-results/lustre_mainline_strict.log)
  lustre_mainline: SUCCESS (return code = 0, log: /tmp/ktest-results/lustre_mainline.log)
  lustre_mainline_native: SUCCESS (return code = 0, log: /tmp/ktest-results/lustre_mainline_native.log)
  clang-tidy: SUCCESS (return code = 0, log: /tmp/ktest-results/clang-tidy.log)
  cc-plugin: FAILED (return code = 127, log: /tmp/ktest-results/cc-plugin.log)
  boot: SUCCESS (return code = 0, log: /tmp/ktest-results/boot.log)
  llmount: SUCCESS (return code = 0, log: /tmp/ktest-results/llmount.log)
  llog-unit: SUCCESS (return code = 0, log: /tmp/ktest-results/llog-unit.log)
  mgs-setup: SUCCESS (return code = 0, log: /tmp/ktest-results/mgs-setup.log)
  sanity-1: SUCCESS (return code = 0, log: /tmp/ktest-results/sanity-1.log)
  sanity-2: SUCCESS (return code = 0, log: /tmp/ktest-results/sanity-2.log)
  sanity-3: SUCCESS (return code = 0, log: /tmp/ktest-results/sanity-3.log)
  sanity-4: SUCCESS (return code = 0, log: /tmp/ktest-results/sanity-4.log)