Creating kernel tarball at /tmp/ktest-kernel.tar.gz...
Creating lustre tarball at /tmp/ktest-lustre.tar.gz...
Executing 16 jobs with dependencies
Jobs will start as soon as their dependencies are satisfied

Starting job: lustre_mainline_strict (ktest-out: /tmp/ktest_lustre_mainline_strict_87uuompo)
Starting job: lustre_mainline (ktest-out: /tmp/ktest_lustre_mainline_qwxertg3)
Starting job: lustre_mainline_native (ktest-out: /tmp/ktest_lustre_mainline_native_9v7_lr0m)
Starting job: lustre_u24 (ktest-out: /tmp/ktest_lustre_u24_4suvygoe)
Starting job: lustre_al2023 (ktest-out: /tmp/ktest_lustre_al2023_xk_dlrvs)
Starting job: checkpatch (ktest-out: /tmp/ktest_checkpatch_1gt7nagd)
put_archive(/tmp/ktest-kernel.tar.gz): 7.93s
put_archive(/tmp/ktest-kernel.tar.gz): 10.68s
put_archive(/tmp/ktest-kernel.tar.gz): 10.98s
put_archive(/tmp/ktest-kernel.tar.gz): 10.98s
put_archive(/tmp/ktest-kernel.tar.gz): 11.19s
put_archive(/tmp/ktest-kernel.tar.gz): 11.95s
put_archive(/tmp/ktest-lustre.tar.gz): 7.47s
put_archive(/tmp/ktest-lustre.tar.gz): 11.64s
put_archive(/tmp/ktest-lustre.tar.gz): 7.80s
put_archive(/tmp/ktest-lustre.tar.gz): 7.66s
put_archive(/tmp/ktest-lustre.tar.gz): 7.99s
put_archive(/tmp/ktest-lustre.tar.gz): 8.15s
Job checkpatch completed: FAILED (return code = 1, log: /tmp/ktest-results/checkpatch.log)
Job lustre_u24 completed: FAILED (return code = 2, log: /tmp/ktest-results/lustre_u24.log)
Job lustre_al2023 completed: FAILED (return code = 2, log: /tmp/ktest-results/lustre_al2023.log)
get_archive(ktest-out): 4.47s
Job lustre_mainline_strict completed: FAILED (return code = 1, log: /tmp/ktest-results/lustre_mainline_strict.log)
get_archive(ktest-out): 3.07s
get_archive(ktest-out): 3.15s
Job lustre_mainline completed: SUCCESS (return code = 0, log: /tmp/ktest-results/lustre_mainline.log)
Job lustre_mainline_native completed: SUCCESS (return code = 0, log: /tmp/ktest-results/lustre_mainline_native.log)
Starting job: clang-tidy (ktest-out: /tmp/ktest_lustre_mainline_native_9v7_lr0m)
Starting job: cc-plugin (ktest-out: /tmp/ktest_lustre_mainline_native_9v7_lr0m)
Starting job: boot (ktest-out: /tmp/ktest_lustre_mainline_native_9v7_lr0m)
Starting job: llmount (ktest-out: /tmp/ktest_lustre_mainline_native_9v7_lr0m)
Starting job: llog-unit (ktest-out: /tmp/ktest_lustre_mainline_native_9v7_lr0m)
Starting job: mgs-setup (ktest-out: /tmp/ktest_lustre_mainline_native_9v7_lr0m)
Starting job: sanity-1 (ktest-out: /tmp/ktest_lustre_mainline_native_9v7_lr0m)
Starting job: sanity-2 (ktest-out: /tmp/ktest_lustre_mainline_native_9v7_lr0m)
Starting job: sanity-3 (ktest-out: /tmp/ktest_lustre_mainline_native_9v7_lr0m)
Starting job: sanity-4 (ktest-out: /tmp/ktest_lustre_mainline_native_9v7_lr0m)
put_archive(/tmp/ktest_lustre_mainline_native_9v7_lr0m.tar): 16.27s
put_archive(/tmp/ktest_lustre_mainline_native_9v7_lr0m.tar): 15.62s
put_archive(/tmp/ktest_lustre_mainline_native_9v7_lr0m.tar): 15.76s
put_archive(/tmp/ktest_lustre_mainline_native_9v7_lr0m.tar): 55.21s
put_archive(/tmp/ktest_lustre_mainline_native_9v7_lr0m.tar): 55.24s
put_archive(/tmp/ktest_lustre_mainline_native_9v7_lr0m.tar): 55.27s
put_archive(/tmp/ktest_lustre_mainline_native_9v7_lr0m.tar): 46.43s
put_archive(/tmp/ktest_lustre_mainline_native_9v7_lr0m.tar): 45.69s
put_archive(/tmp/ktest-kernel.tar.gz): 46.32s
put_archive(/tmp/ktest-kernel.tar.gz): 46.01s
put_archive(/tmp/ktest-lustre.tar.gz): 11.81s
put_archive(/tmp/ktest-lustre.tar.gz): 11.76s
put_archive(/tmp/ktest_lustre_mainline_native_9v7_lr0m.tar): 16.25s
put_archive(/tmp/ktest_lustre_mainline_native_9v7_lr0m.tar): 16.20s
Job boot completed: SUCCESS (return code = 0, log: /tmp/ktest-results/boot.log)
Job cc-plugin completed: FAILED (return code = 127, log: /tmp/ktest-results/cc-plugin.log)
Job clang-tidy completed: SUCCESS (return code = 0, log: /tmp/ktest-results/clang-tidy.log)
Job sanity-3 completed: SUCCESS (return code = 0, log: /tmp/ktest-results/sanity-3.log)
Job mgs-setup completed: SUCCESS (return code = 0, log: /tmp/ktest-results/mgs-setup.log)
Job sanity-4 completed: SUCCESS (return code = 0, log: /tmp/ktest-results/sanity-4.log)
Job sanity-2 completed: SUCCESS (return code = 0, log: /tmp/ktest-results/sanity-2.log)
Job llmount completed: SUCCESS (return code = 0, log: /tmp/ktest-results/llmount.log)
Job llog-unit completed: SUCCESS (return code = 0, log: /tmp/ktest-results/llog-unit.log)
Job sanity-1 completed: SUCCESS (return code = 0, log: /tmp/ktest-results/sanity-1.log)

============================================================
Final Results:
  checkpatch: FAILED (return code = 1, log: /tmp/ktest-results/checkpatch.log)
  lustre_u24: FAILED (return code = 2, log: /tmp/ktest-results/lustre_u24.log)
  lustre_al2023: FAILED (return code = 2, log: /tmp/ktest-results/lustre_al2023.log)
  lustre_mainline_strict: FAILED (return code = 1, log: /tmp/ktest-results/lustre_mainline_strict.log)
  lustre_mainline: SUCCESS (return code = 0, log: /tmp/ktest-results/lustre_mainline.log)
  lustre_mainline_native: SUCCESS (return code = 0, log: /tmp/ktest-results/lustre_mainline_native.log)
  clang-tidy: SUCCESS (return code = 0, log: /tmp/ktest-results/clang-tidy.log)
  cc-plugin: FAILED (return code = 127, log: /tmp/ktest-results/cc-plugin.log)
  boot: SUCCESS (return code = 0, log: /tmp/ktest-results/boot.log)
  llmount: SUCCESS (return code = 0, log: /tmp/ktest-results/llmount.log)
  llog-unit: SUCCESS (return code = 0, log: /tmp/ktest-results/llog-unit.log)
  mgs-setup: SUCCESS (return code = 0, log: /tmp/ktest-results/mgs-setup.log)
  sanity-1: SUCCESS (return code = 0, log: /tmp/ktest-results/sanity-1.log)
  sanity-2: SUCCESS (return code = 0, log: /tmp/ktest-results/sanity-2.log)
  sanity-3: SUCCESS (return code = 0, log: /tmp/ktest-results/sanity-3.log)
  sanity-4: SUCCESS (return code = 0, log: /tmp/ktest-results/sanity-4.log)