Creating kernel tarball at /tmp/ktest-kernel.tar.gz...
Creating lustre tarball at /tmp/ktest-lustre.tar.gz...
Executing 16 jobs with dependencies
Jobs will start as soon as their dependencies are satisfied

Starting job: lustre_u24 (ktest-out: /tmp/ktest_lustre_u24_zzr350ld)
Starting job: lustre_mainline (ktest-out: /tmp/ktest_lustre_mainline_lgbwmfn0)
Starting job: lustre_mainline_strict (ktest-out: /tmp/ktest_lustre_mainline_strict_z8n81mi1)
Starting job: lustre_al2023 (ktest-out: /tmp/ktest_lustre_al2023_t68dqc26)
Starting job: lustre_mainline_native (ktest-out: /tmp/ktest_lustre_mainline_native_fe4qigx8)
Starting job: checkpatch (ktest-out: /tmp/ktest_checkpatch_ldzszc7t)
put_archive(/tmp/ktest-kernel.tar.gz): 7.06s
put_archive(/tmp/ktest-kernel.tar.gz): 6.73s
put_archive(/tmp/ktest-kernel.tar.gz): 6.33s
put_archive(/tmp/ktest-kernel.tar.gz): 6.95s
put_archive(/tmp/ktest-kernel.tar.gz): 7.64s
put_archive(/tmp/ktest-kernel.tar.gz): 6.69s
put_archive(/tmp/ktest-lustre.tar.gz): 6.22s
put_archive(/tmp/ktest-lustre.tar.gz): 6.68s
put_archive(/tmp/ktest-lustre.tar.gz): 6.40s
put_archive(/tmp/ktest-lustre.tar.gz): 6.86s
put_archive(/tmp/ktest-lustre.tar.gz): 7.35s
put_archive(/tmp/ktest-lustre.tar.gz): 6.59s
Job checkpatch completed: SUCCESS (return code = 0, log: /tmp/ktest-results/checkpatch.log)
Job lustre_al2023 completed: SUCCESS (return code = 0, log: /tmp/ktest-results/lustre_al2023.log)
Job lustre_u24 completed: SUCCESS (return code = 0, log: /tmp/ktest-results/lustre_u24.log)
get_archive(ktest-out): 3.75s
Job lustre_mainline_strict completed: FAILED (return code = 1, log: /tmp/ktest-results/lustre_mainline_strict.log)
get_archive(ktest-out): 2.17s
Job lustre_mainline_native completed: SUCCESS (return code = 0, log: /tmp/ktest-results/lustre_mainline_native.log)
Starting job: clang-tidy (ktest-out: /tmp/ktest_lustre_mainline_native_fe4qigx8)
Starting job: cc-plugin (ktest-out: /tmp/ktest_lustre_mainline_native_fe4qigx8)
Starting job: boot (ktest-out: /tmp/ktest_lustre_mainline_native_fe4qigx8)
Starting job: llmount (ktest-out: /tmp/ktest_lustre_mainline_native_fe4qigx8)
Starting job: llog-unit (ktest-out: /tmp/ktest_lustre_mainline_native_fe4qigx8)
Starting job: mgs-setup (ktest-out: /tmp/ktest_lustre_mainline_native_fe4qigx8)
Starting job: sanity-1 (ktest-out: /tmp/ktest_lustre_mainline_native_fe4qigx8)
Starting job: sanity-2 (ktest-out: /tmp/ktest_lustre_mainline_native_fe4qigx8)
Starting job: sanity-3 (ktest-out: /tmp/ktest_lustre_mainline_native_fe4qigx8)
Starting job: sanity-4 (ktest-out: /tmp/ktest_lustre_mainline_native_fe4qigx8)
get_archive(ktest-out): 9.28s
Job lustre_mainline completed: SUCCESS (return code = 0, log: /tmp/ktest-results/lustre_mainline.log)
put_archive(/tmp/ktest_lustre_mainline_native_fe4qigx8.tar): 5.00s
put_archive(/tmp/ktest_lustre_mainline_native_fe4qigx8.tar): 41.42s
put_archive(/tmp/ktest_lustre_mainline_native_fe4qigx8.tar): 40.46s
put_archive(/tmp/ktest-kernel.tar.gz): 40.63s
put_archive(/tmp/ktest-kernel.tar.gz): 40.90s
put_archive(/tmp/ktest_lustre_mainline_native_fe4qigx8.tar): 41.39s
put_archive(/tmp/ktest-lustre.tar.gz): 45.17s
put_archive(/tmp/ktest_lustre_mainline_native_fe4qigx8.tar): 45.40s
put_archive(/tmp/ktest_lustre_mainline_native_fe4qigx8.tar): 44.65s
put_archive(/tmp/ktest_lustre_mainline_native_fe4qigx8.tar): 45.44s
put_archive(/tmp/ktest-lustre.tar.gz): 45.14s
put_archive(/tmp/ktest_lustre_mainline_native_fe4qigx8.tar): 44.68s
put_archive(/tmp/ktest_lustre_mainline_native_fe4qigx8.tar): 53.63s
put_archive(/tmp/ktest_lustre_mainline_native_fe4qigx8.tar): 53.65s
Job boot completed: SUCCESS (return code = 0, log: /tmp/ktest-results/boot.log)
Job cc-plugin completed: FAILED (return code = 127, log: /tmp/ktest-results/cc-plugin.log)
Job clang-tidy completed: SUCCESS (return code = 0, log: /tmp/ktest-results/clang-tidy.log)
Job mgs-setup completed: SUCCESS (return code = 0, log: /tmp/ktest-results/mgs-setup.log)
Job sanity-1 completed: SUCCESS (return code = 0, log: /tmp/ktest-results/sanity-1.log)
Job sanity-3 completed: SUCCESS (return code = 0, log: /tmp/ktest-results/sanity-3.log)
Job sanity-2 completed: SUCCESS (return code = 0, log: /tmp/ktest-results/sanity-2.log)
Job sanity-4 completed: SUCCESS (return code = 0, log: /tmp/ktest-results/sanity-4.log)
Job llog-unit completed: SUCCESS (return code = 0, log: /tmp/ktest-results/llog-unit.log)
Job llmount completed: SUCCESS (return code = 0, log: /tmp/ktest-results/llmount.log)

============================================================
Final Results:
  checkpatch: SUCCESS (return code = 0, log: /tmp/ktest-results/checkpatch.log)
  lustre_u24: SUCCESS (return code = 0, log: /tmp/ktest-results/lustre_u24.log)
  lustre_al2023: SUCCESS (return code = 0, log: /tmp/ktest-results/lustre_al2023.log)
  lustre_mainline_strict: FAILED (return code = 1, log: /tmp/ktest-results/lustre_mainline_strict.log)
  lustre_mainline: SUCCESS (return code = 0, log: /tmp/ktest-results/lustre_mainline.log)
  lustre_mainline_native: SUCCESS (return code = 0, log: /tmp/ktest-results/lustre_mainline_native.log)
  clang-tidy: SUCCESS (return code = 0, log: /tmp/ktest-results/clang-tidy.log)
  cc-plugin: FAILED (return code = 127, log: /tmp/ktest-results/cc-plugin.log)
  boot: SUCCESS (return code = 0, log: /tmp/ktest-results/boot.log)
  llmount: SUCCESS (return code = 0, log: /tmp/ktest-results/llmount.log)
  llog-unit: SUCCESS (return code = 0, log: /tmp/ktest-results/llog-unit.log)
  mgs-setup: SUCCESS (return code = 0, log: /tmp/ktest-results/mgs-setup.log)
  sanity-1: SUCCESS (return code = 0, log: /tmp/ktest-results/sanity-1.log)
  sanity-2: SUCCESS (return code = 0, log: /tmp/ktest-results/sanity-2.log)
  sanity-3: SUCCESS (return code = 0, log: /tmp/ktest-results/sanity-3.log)
  sanity-4: SUCCESS (return code = 0, log: /tmp/ktest-results/sanity-4.log)