Creating kernel tarball at /tmp/ktest-kernel.tar.gz...
Creating lustre tarball at /tmp/ktest-lustre.tar.gz...
Executing 16 jobs with dependencies
Jobs will start as soon as their dependencies are satisfied

Starting job: lustre_mainline (ktest-out: /tmp/ktest_lustre_mainline_vt2jaw4v)
Starting job: lustre_mainline_native (ktest-out: /tmp/ktest_lustre_mainline_native_501hf4yv)
Starting job: lustre_al2023 (ktest-out: /tmp/ktest_lustre_al2023_x0mmse7v)
Starting job: lustre_mainline_strict (ktest-out: /tmp/ktest_lustre_mainline_strict_degix73j)
Starting job: lustre_u24 (ktest-out: /tmp/ktest_lustre_u24_46fb1bhr)
Starting job: checkpatch (ktest-out: /tmp/ktest_checkpatch_1c86bnyt)
put_archive(/tmp/ktest-kernel.tar.gz): 12.80s
put_archive(/tmp/ktest-kernel.tar.gz): 15.15s
put_archive(/tmp/ktest-kernel.tar.gz): 15.60s
put_archive(/tmp/ktest-kernel.tar.gz): 14.69s
put_archive(/tmp/ktest-kernel.tar.gz): 15.50s
put_archive(/tmp/ktest-kernel.tar.gz): 14.86s
put_archive(/tmp/ktest-lustre.tar.gz): 8.18s
put_archive(/tmp/ktest-lustre.tar.gz): 8.65s
put_archive(/tmp/ktest-lustre.tar.gz): 8.38s
put_archive(/tmp/ktest-lustre.tar.gz): 8.85s
put_archive(/tmp/ktest-lustre.tar.gz): 11.22s
put_archive(/tmp/ktest-lustre.tar.gz): 8.58s
Job checkpatch completed: SUCCESS (return code = 0, log: /tmp/ktest-results/checkpatch.log)
Job lustre_al2023 completed: SUCCESS (return code = 0, log: /tmp/ktest-results/lustre_al2023.log)
Job lustre_u24 completed: SUCCESS (return code = 0, log: /tmp/ktest-results/lustre_u24.log)
get_archive(ktest-out): 3.34s
Job lustre_mainline_strict completed: FAILED (return code = 1, log: /tmp/ktest-results/lustre_mainline_strict.log)
get_archive(ktest-out): 2.45s
get_archive(ktest-out): 8.52s
Job lustre_mainline completed: SUCCESS (return code = 0, log: /tmp/ktest-results/lustre_mainline.log)
Job lustre_mainline_native completed: SUCCESS (return code = 0, log: /tmp/ktest-results/lustre_mainline_native.log)
Starting job: clang-tidy (ktest-out: /tmp/ktest_lustre_mainline_native_501hf4yv)
Starting job: cc-plugin (ktest-out: /tmp/ktest_lustre_mainline_native_501hf4yv)
Starting job: boot (ktest-out: /tmp/ktest_lustre_mainline_native_501hf4yv)
Starting job: llmount (ktest-out: /tmp/ktest_lustre_mainline_native_501hf4yv)
Starting job: llog-unit (ktest-out: /tmp/ktest_lustre_mainline_native_501hf4yv)
Starting job: mgs-setup (ktest-out: /tmp/ktest_lustre_mainline_native_501hf4yv)
Starting job: sanity-1 (ktest-out: /tmp/ktest_lustre_mainline_native_501hf4yv)
Starting job: sanity-2 (ktest-out: /tmp/ktest_lustre_mainline_native_501hf4yv)
Starting job: sanity-3 (ktest-out: /tmp/ktest_lustre_mainline_native_501hf4yv)
Starting job: sanity-4 (ktest-out: /tmp/ktest_lustre_mainline_native_501hf4yv)
put_archive(/tmp/ktest_lustre_mainline_native_501hf4yv.tar): 3.30s
put_archive(/tmp/ktest-kernel.tar.gz): 55.85s
put_archive(/tmp/ktest-kernel.tar.gz): 59.22s
put_archive(/tmp/ktest_lustre_mainline_native_501hf4yv.tar): 58.81s
put_archive(/tmp/ktest_lustre_mainline_native_501hf4yv.tar): 58.88s
put_archive(/tmp/ktest_lustre_mainline_native_501hf4yv.tar): 59.27s
put_archive(/tmp/ktest_lustre_mainline_native_501hf4yv.tar): 59.46s
put_archive(/tmp/ktest_lustre_mainline_native_501hf4yv.tar): 59.02s
put_archive(/tmp/ktest_lustre_mainline_native_501hf4yv.tar): 59.05s
put_archive(/tmp/ktest_lustre_mainline_native_501hf4yv.tar): 58.96s
put_archive(/tmp/ktest-lustre.tar.gz): 77.26s
put_archive(/tmp/ktest-lustre.tar.gz): 72.57s
put_archive(/tmp/ktest_lustre_mainline_native_501hf4yv.tar): 8.20s
put_archive(/tmp/ktest_lustre_mainline_native_501hf4yv.tar): 6.34s
Job sanity-4 completed: SUCCESS (return code = 0, log: /tmp/ktest-results/sanity-4.log)
Job cc-plugin completed: FAILED (return code = 127, log: /tmp/ktest-results/cc-plugin.log)
Job boot completed: SUCCESS (return code = 0, log: /tmp/ktest-results/boot.log)
Job clang-tidy completed: SUCCESS (return code = 0, log: /tmp/ktest-results/clang-tidy.log)
Job mgs-setup completed: SUCCESS (return code = 0, log: /tmp/ktest-results/mgs-setup.log)
Job sanity-2 completed: SUCCESS (return code = 0, log: /tmp/ktest-results/sanity-2.log)
Job sanity-3 completed: SUCCESS (return code = 0, log: /tmp/ktest-results/sanity-3.log)
Job sanity-1 completed: SUCCESS (return code = 0, log: /tmp/ktest-results/sanity-1.log)
Job llog-unit completed: SUCCESS (return code = 0, log: /tmp/ktest-results/llog-unit.log)
Job llmount completed: SUCCESS (return code = 0, log: /tmp/ktest-results/llmount.log)

============================================================
Final Results:
  checkpatch: SUCCESS (return code = 0, log: /tmp/ktest-results/checkpatch.log)
  lustre_u24: SUCCESS (return code = 0, log: /tmp/ktest-results/lustre_u24.log)
  lustre_al2023: SUCCESS (return code = 0, log: /tmp/ktest-results/lustre_al2023.log)
  lustre_mainline_strict: FAILED (return code = 1, log: /tmp/ktest-results/lustre_mainline_strict.log)
  lustre_mainline: SUCCESS (return code = 0, log: /tmp/ktest-results/lustre_mainline.log)
  lustre_mainline_native: SUCCESS (return code = 0, log: /tmp/ktest-results/lustre_mainline_native.log)
  clang-tidy: SUCCESS (return code = 0, log: /tmp/ktest-results/clang-tidy.log)
  cc-plugin: FAILED (return code = 127, log: /tmp/ktest-results/cc-plugin.log)
  boot: SUCCESS (return code = 0, log: /tmp/ktest-results/boot.log)
  llmount: SUCCESS (return code = 0, log: /tmp/ktest-results/llmount.log)
  llog-unit: SUCCESS (return code = 0, log: /tmp/ktest-results/llog-unit.log)
  mgs-setup: SUCCESS (return code = 0, log: /tmp/ktest-results/mgs-setup.log)
  sanity-1: SUCCESS (return code = 0, log: /tmp/ktest-results/sanity-1.log)
  sanity-2: SUCCESS (return code = 0, log: /tmp/ktest-results/sanity-2.log)
  sanity-3: SUCCESS (return code = 0, log: /tmp/ktest-results/sanity-3.log)
  sanity-4: SUCCESS (return code = 0, log: /tmp/ktest-results/sanity-4.log)