<html lang="en">
<body>
<pre>
Creating kernel tarball at /tmp/ktest-kernel.tar.gz...
Creating lustre tarball at /tmp/ktest-lustre.tar.gz...
Executing 16 jobs with dependencies
Jobs will start as soon as their dependencies are satisfied

Starting job: lustre_mainline_native (ktest-out: /tmp/ktest_lustre_mainline_native_554xp7gc)
Starting job: checkpatch (ktest-out: /tmp/ktest_checkpatch__roikjpg)
Starting job: lustre_mainline_strict (ktest-out: /tmp/ktest_lustre_mainline_strict_x57sz_sj)
Starting job: lustre_mainline (ktest-out: /tmp/ktest_lustre_mainline_fkje5vh_)
Starting job: lustre_u24 (ktest-out: /tmp/ktest_lustre_u24_28lct3xr)
Starting job: lustre_al2023 (ktest-out: /tmp/ktest_lustre_al2023_phov0bvt)
put_archive(/tmp/ktest-kernel.tar.gz): 7.33s
put_archive(/tmp/ktest-kernel.tar.gz): 6.88s
put_archive(/tmp/ktest-kernel.tar.gz): 7.19s
put_archive(/tmp/ktest-kernel.tar.gz): 7.40s
put_archive(/tmp/ktest-kernel.tar.gz): 7.53s
put_archive(/tmp/ktest-kernel.tar.gz): 7.55s
put_archive(/tmp/ktest-lustre.tar.gz): 0.92s
put_archive(/tmp/ktest-lustre.tar.gz): 0.38s
put_archive(/tmp/ktest-lustre.tar.gz): 0.80s
put_archive(/tmp/ktest-lustre.tar.gz): 0.54s
put_archive(/tmp/ktest-lustre.tar.gz): 1.25s
put_archive(/tmp/ktest-lustre.tar.gz): 0.69s
Job checkpatch completed: SUCCESS (return code = 0, log: /tmp/ktest-results/checkpatch.log)
Job lustre_al2023 completed: SUCCESS (return code = 0, log: /tmp/ktest-results/lustre_al2023.log)
Job lustre_u24 completed: SUCCESS (return code = 0, log: /tmp/ktest-results/lustre_u24.log)
get_archive(ktest-out): 3.56s
Job lustre_mainline_strict completed: FAILED (return code = 1, log: /tmp/ktest-results/lustre_mainline_strict.log)
get_archive(ktest-out): 2.70s
get_archive(ktest-out): 2.67s
Job lustre_mainline_native completed: SUCCESS (return code = 0, log: /tmp/ktest-results/lustre_mainline_native.log)
Starting job: clang-tidy (ktest-out: /tmp/ktest_lustre_mainline_native_554xp7gc)
Starting job: cc-plugin (ktest-out: /tmp/ktest_lustre_mainline_native_554xp7gc)
Starting job: boot (ktest-out: /tmp/ktest_lustre_mainline_native_554xp7gc)
Starting job: llmount (ktest-out: /tmp/ktest_lustre_mainline_native_554xp7gc)
Starting job: llog-unit (ktest-out: /tmp/ktest_lustre_mainline_native_554xp7gc)
Starting job: mgs-setup (ktest-out: /tmp/ktest_lustre_mainline_native_554xp7gc)
Starting job: sanity-1 (ktest-out: /tmp/ktest_lustre_mainline_native_554xp7gc)
Starting job: sanity-2 (ktest-out: /tmp/ktest_lustre_mainline_native_554xp7gc)
Starting job: sanity-3 (ktest-out: /tmp/ktest_lustre_mainline_native_554xp7gc)
Starting job: sanity-4 (ktest-out: /tmp/ktest_lustre_mainline_native_554xp7gc)
Job lustre_mainline completed: SUCCESS (return code = 0, log: /tmp/ktest-results/lustre_mainline.log)
put_archive(/tmp/ktest_lustre_mainline_native_554xp7gc.tar): 1.15s
put_archive(/tmp/ktest_lustre_mainline_native_554xp7gc.tar): 1.73s
put_archive(/tmp/ktest_lustre_mainline_native_554xp7gc.tar): 14.84s
put_archive(/tmp/ktest_lustre_mainline_native_554xp7gc.tar): 14.14s
put_archive(/tmp/ktest_lustre_mainline_native_554xp7gc.tar): 14.61s
put_archive(/tmp/ktest-kernel.tar.gz): 15.66s
put_archive(/tmp/ktest-kernel.tar.gz): 14.46s
put_archive(/tmp/ktest_lustre_mainline_native_554xp7gc.tar): 14.76s
put_archive(/tmp/ktest_lustre_mainline_native_554xp7gc.tar): 13.99s
put_archive(/tmp/ktest_lustre_mainline_native_554xp7gc.tar): 14.07s
put_archive(/tmp/ktest-lustre.tar.gz): 0.71s
put_archive(/tmp/ktest-lustre.tar.gz): 16.05s
put_archive(/tmp/ktest_lustre_mainline_native_554xp7gc.tar): 5.15s
put_archive(/tmp/ktest_lustre_mainline_native_554xp7gc.tar): 20.67s
Job mgs-setup completed: SUCCESS (return code = 0, log: /tmp/ktest-results/mgs-setup.log)
Job cc-plugin completed: FAILED (return code = 127, log: /tmp/ktest-results/cc-plugin.log)
Job clang-tidy completed: SUCCESS (return code = 0, log: /tmp/ktest-results/clang-tidy.log)
Job boot completed: SUCCESS (return code = 0, log: /tmp/ktest-results/boot.log)
Job llog-unit completed: SUCCESS (return code = 0, log: /tmp/ktest-results/llog-unit.log)
Job sanity-2 completed: SUCCESS (return code = 0, log: /tmp/ktest-results/sanity-2.log)
Job sanity-4 completed: SUCCESS (return code = 0, log: /tmp/ktest-results/sanity-4.log)
Job sanity-1 completed: SUCCESS (return code = 0, log: /tmp/ktest-results/sanity-1.log)
Job sanity-3 completed: SUCCESS (return code = 0, log: /tmp/ktest-results/sanity-3.log)
Job llmount completed: SUCCESS (return code = 0, log: /tmp/ktest-results/llmount.log)

============================================================
Final Results:
  checkpatch: SUCCESS (return code = 0, log: /tmp/ktest-results/checkpatch.log)
  lustre_u24: SUCCESS (return code = 0, log: /tmp/ktest-results/lustre_u24.log)
  lustre_al2023: SUCCESS (return code = 0, log: /tmp/ktest-results/lustre_al2023.log)
  lustre_mainline_strict: FAILED (return code = 1, log: /tmp/ktest-results/lustre_mainline_strict.log)
  lustre_mainline: SUCCESS (return code = 0, log: /tmp/ktest-results/lustre_mainline.log)
  lustre_mainline_native: SUCCESS (return code = 0, log: /tmp/ktest-results/lustre_mainline_native.log)
  clang-tidy: SUCCESS (return code = 0, log: /tmp/ktest-results/clang-tidy.log)
  cc-plugin: FAILED (return code = 127, log: /tmp/ktest-results/cc-plugin.log)
  boot: SUCCESS (return code = 0, log: /tmp/ktest-results/boot.log)
  llmount: SUCCESS (return code = 0, log: /tmp/ktest-results/llmount.log)
  llog-unit: SUCCESS (return code = 0, log: /tmp/ktest-results/llog-unit.log)
  mgs-setup: SUCCESS (return code = 0, log: /tmp/ktest-results/mgs-setup.log)
  sanity-1: SUCCESS (return code = 0, log: /tmp/ktest-results/sanity-1.log)
  sanity-2: SUCCESS (return code = 0, log: /tmp/ktest-results/sanity-2.log)
  sanity-3: SUCCESS (return code = 0, log: /tmp/ktest-results/sanity-3.log)
  sanity-4: SUCCESS (return code = 0, log: /tmp/ktest-results/sanity-4.log)
</pre>
</body>
</html>
