<html lang="en">
<body>
<pre>
Creating kernel tarball at /tmp/ktest-kernel.tar.gz...
Creating lustre tarball at /tmp/ktest-lustre.tar.gz...
Executing 16 jobs with dependencies
Jobs will start as soon as their dependencies are satisfied

Starting job: checkpatch (ktest-out: /tmp/ktest_checkpatch_vupevsxg)
Starting job: lustre_mainline (ktest-out: /tmp/ktest_lustre_mainline_bg57cy_k)
Starting job: lustre_u24 (ktest-out: /tmp/ktest_lustre_u24_i6xum8io)
Starting job: lustre_mainline_strict (ktest-out: /tmp/ktest_lustre_mainline_strict_m48cvss5)
Starting job: lustre_mainline_native (ktest-out: /tmp/ktest_lustre_mainline_native_e_9wkt_i)
Starting job: lustre_al2023 (ktest-out: /tmp/ktest_lustre_al2023_filwqhxp)
put_archive(/tmp/ktest-kernel.tar.gz): 7.10s
put_archive(/tmp/ktest-kernel.tar.gz): 7.48s
put_archive(/tmp/ktest-kernel.tar.gz): 7.34s
put_archive(/tmp/ktest-kernel.tar.gz): 7.84s
put_archive(/tmp/ktest-kernel.tar.gz): 7.64s
put_archive(/tmp/ktest-kernel.tar.gz): 7.37s
put_archive(/tmp/ktest-lustre.tar.gz): 1.98s
put_archive(/tmp/ktest-lustre.tar.gz): 1.73s
put_archive(/tmp/ktest-lustre.tar.gz): 2.14s
put_archive(/tmp/ktest-lustre.tar.gz): 2.61s
put_archive(/tmp/ktest-lustre.tar.gz): 1.90s
put_archive(/tmp/ktest-lustre.tar.gz): 2.32s
Job checkpatch completed: FAILED (return code = 1, log: /tmp/ktest-results/checkpatch.log)
Job lustre_al2023 completed: SUCCESS (return code = 0, log: /tmp/ktest-results/lustre_al2023.log)
Job lustre_u24 completed: SUCCESS (return code = 0, log: /tmp/ktest-results/lustre_u24.log)
get_archive(ktest-out): 3.56s
Job lustre_mainline_strict completed: FAILED (return code = 1, log: /tmp/ktest-results/lustre_mainline_strict.log)
get_archive(ktest-out): 3.04s
get_archive(ktest-out): 3.19s
Job lustre_mainline_native completed: SUCCESS (return code = 0, log: /tmp/ktest-results/lustre_mainline_native.log)
Starting job: clang-tidy (ktest-out: /tmp/ktest_lustre_mainline_native_e_9wkt_i)
Starting job: cc-plugin (ktest-out: /tmp/ktest_lustre_mainline_native_e_9wkt_i)
Starting job: boot (ktest-out: /tmp/ktest_lustre_mainline_native_e_9wkt_i)
Starting job: llmount (ktest-out: /tmp/ktest_lustre_mainline_native_e_9wkt_i)
Starting job: llog-unit (ktest-out: /tmp/ktest_lustre_mainline_native_e_9wkt_i)
Starting job: mgs-setup (ktest-out: /tmp/ktest_lustre_mainline_native_e_9wkt_i)
Starting job: sanity-1 (ktest-out: /tmp/ktest_lustre_mainline_native_e_9wkt_i)
Starting job: sanity-2 (ktest-out: /tmp/ktest_lustre_mainline_native_e_9wkt_i)
Starting job: sanity-3 (ktest-out: /tmp/ktest_lustre_mainline_native_e_9wkt_i)
Starting job: sanity-4 (ktest-out: /tmp/ktest_lustre_mainline_native_e_9wkt_i)
Job lustre_mainline completed: SUCCESS (return code = 0, log: /tmp/ktest-results/lustre_mainline.log)
put_archive(/tmp/ktest_lustre_mainline_native_e_9wkt_i.tar): 4.69s
put_archive(/tmp/ktest_lustre_mainline_native_e_9wkt_i.tar): 13.36s
put_archive(/tmp/ktest_lustre_mainline_native_e_9wkt_i.tar): 36.09s
put_archive(/tmp/ktest_lustre_mainline_native_e_9wkt_i.tar): 36.14s
put_archive(/tmp/ktest_lustre_mainline_native_e_9wkt_i.tar): 22.91s
put_archive(/tmp/ktest_lustre_mainline_native_e_9wkt_i.tar): 37.39s
put_archive(/tmp/ktest_lustre_mainline_native_e_9wkt_i.tar): 36.51s
put_archive(/tmp/ktest_lustre_mainline_native_e_9wkt_i.tar): 36.75s
put_archive(/tmp/ktest-kernel.tar.gz): 36.57s
put_archive(/tmp/ktest-kernel.tar.gz): 36.97s
put_archive(/tmp/ktest-lustre.tar.gz): 23.94s
put_archive(/tmp/ktest-lustre.tar.gz): 23.83s
put_archive(/tmp/ktest_lustre_mainline_native_e_9wkt_i.tar): 12.52s
put_archive(/tmp/ktest_lustre_mainline_native_e_9wkt_i.tar): 12.59s
Job cc-plugin completed: FAILED (return code = 127, log: /tmp/ktest-results/cc-plugin.log)
Job clang-tidy completed: SUCCESS (return code = 0, log: /tmp/ktest-results/clang-tidy.log)
Job boot completed: SUCCESS (return code = 0, log: /tmp/ktest-results/boot.log)
Job sanity-2 completed: SUCCESS (return code = 0, log: /tmp/ktest-results/sanity-2.log)
Job mgs-setup completed: SUCCESS (return code = 0, log: /tmp/ktest-results/mgs-setup.log)
Job sanity-4 completed: SUCCESS (return code = 0, log: /tmp/ktest-results/sanity-4.log)
Job sanity-1 completed: SUCCESS (return code = 0, log: /tmp/ktest-results/sanity-1.log)
Job sanity-3 completed: SUCCESS (return code = 0, log: /tmp/ktest-results/sanity-3.log)
Job llmount completed: SUCCESS (return code = 0, log: /tmp/ktest-results/llmount.log)
Job llog-unit completed: SUCCESS (return code = 0, log: /tmp/ktest-results/llog-unit.log)

============================================================
Final Results:
  checkpatch: FAILED (return code = 1, log: /tmp/ktest-results/checkpatch.log)
  lustre_u24: SUCCESS (return code = 0, log: /tmp/ktest-results/lustre_u24.log)
  lustre_al2023: SUCCESS (return code = 0, log: /tmp/ktest-results/lustre_al2023.log)
  lustre_mainline_strict: FAILED (return code = 1, log: /tmp/ktest-results/lustre_mainline_strict.log)
  lustre_mainline: SUCCESS (return code = 0, log: /tmp/ktest-results/lustre_mainline.log)
  lustre_mainline_native: SUCCESS (return code = 0, log: /tmp/ktest-results/lustre_mainline_native.log)
  clang-tidy: SUCCESS (return code = 0, log: /tmp/ktest-results/clang-tidy.log)
  cc-plugin: FAILED (return code = 127, log: /tmp/ktest-results/cc-plugin.log)
  boot: SUCCESS (return code = 0, log: /tmp/ktest-results/boot.log)
  llmount: SUCCESS (return code = 0, log: /tmp/ktest-results/llmount.log)
  llog-unit: SUCCESS (return code = 0, log: /tmp/ktest-results/llog-unit.log)
  mgs-setup: SUCCESS (return code = 0, log: /tmp/ktest-results/mgs-setup.log)
  sanity-1: SUCCESS (return code = 0, log: /tmp/ktest-results/sanity-1.log)
  sanity-2: SUCCESS (return code = 0, log: /tmp/ktest-results/sanity-2.log)
  sanity-3: SUCCESS (return code = 0, log: /tmp/ktest-results/sanity-3.log)
  sanity-4: SUCCESS (return code = 0, log: /tmp/ktest-results/sanity-4.log)
</pre>
</body>
</html>
