Creating kernel tarball at /tmp/ktest-kernel.tar.gz...
Creating lustre tarball at /tmp/ktest-lustre.tar.gz...
Executing 16 jobs with dependencies
Jobs will start as soon as their dependencies are satisfied

Starting job: lustre_mainline_native (ktest-out: /tmp/ktest_lustre_mainline_native_7udu4nca)
Starting job: lustre_al2023 (ktest-out: /tmp/ktest_lustre_al2023_4l3am11k)
Starting job: lustre_mainline (ktest-out: /tmp/ktest_lustre_mainline_jig_gt2n)
Starting job: lustre_u24 (ktest-out: /tmp/ktest_lustre_u24_ms65_v_4)
Starting job: checkpatch (ktest-out: /tmp/ktest_checkpatch_yx7c2de6)
Starting job: lustre_mainline_strict (ktest-out: /tmp/ktest_lustre_mainline_strict_z3ps8lb_)
put_archive(/tmp/ktest-kernel.tar.gz): 7.28s
put_archive(/tmp/ktest-kernel.tar.gz): 11.81s
put_archive(/tmp/ktest-kernel.tar.gz): 12.93s
put_archive(/tmp/ktest-kernel.tar.gz): 12.63s
put_archive(/tmp/ktest-kernel.tar.gz): 13.09s
put_archive(/tmp/ktest-kernel.tar.gz): 12.49s
put_archive(/tmp/ktest-lustre.tar.gz): 7.23s
put_archive(/tmp/ktest-lustre.tar.gz): 7.68s
put_archive(/tmp/ktest-lustre.tar.gz): 7.42s
put_archive(/tmp/ktest-lustre.tar.gz): 7.85s
put_archive(/tmp/ktest-lustre.tar.gz): 14.43s
put_archive(/tmp/ktest-lustre.tar.gz): 7.60s
Job checkpatch completed: SUCCESS (return code = 0, log: /tmp/ktest-results/checkpatch.log)
Job lustre_al2023 completed: SUCCESS (return code = 0, log: /tmp/ktest-results/lustre_al2023.log)
Job lustre_u24 completed: SUCCESS (return code = 0, log: /tmp/ktest-results/lustre_u24.log)
get_archive(ktest-out): 3.91s
Job lustre_mainline_strict completed: FAILED (return code = 1, log: /tmp/ktest-results/lustre_mainline_strict.log)
get_archive(ktest-out): 2.09s
Job lustre_mainline completed: SUCCESS (return code = 0, log: /tmp/ktest-results/lustre_mainline.log)
get_archive(ktest-out): 2.04s
Job lustre_mainline_native completed: SUCCESS (return code = 0, log: /tmp/ktest-results/lustre_mainline_native.log)
Starting job: clang-tidy (ktest-out: /tmp/ktest_lustre_mainline_native_7udu4nca)
Starting job: cc-plugin (ktest-out: /tmp/ktest_lustre_mainline_native_7udu4nca)
Starting job: boot (ktest-out: /tmp/ktest_lustre_mainline_native_7udu4nca)
Starting job: llmount (ktest-out: /tmp/ktest_lustre_mainline_native_7udu4nca)
Starting job: llog-unit (ktest-out: /tmp/ktest_lustre_mainline_native_7udu4nca)
Starting job: mgs-setup (ktest-out: /tmp/ktest_lustre_mainline_native_7udu4nca)
Starting job: sanity-1 (ktest-out: /tmp/ktest_lustre_mainline_native_7udu4nca)
Starting job: sanity-2 (ktest-out: /tmp/ktest_lustre_mainline_native_7udu4nca)
Starting job: sanity-3 (ktest-out: /tmp/ktest_lustre_mainline_native_7udu4nca)
Starting job: sanity-4 (ktest-out: /tmp/ktest_lustre_mainline_native_7udu4nca)
put_archive(/tmp/ktest-kernel.tar.gz): 40.90s
put_archive(/tmp/ktest_lustre_mainline_native_7udu4nca.tar): 37.92s
put_archive(/tmp/ktest_lustre_mainline_native_7udu4nca.tar): 37.17s
put_archive(/tmp/ktest_lustre_mainline_native_7udu4nca.tar): 37.05s
put_archive(/tmp/ktest_lustre_mainline_native_7udu4nca.tar): 38.49s
put_archive(/tmp/ktest-kernel.tar.gz): 37.54s
put_archive(/tmp/ktest_lustre_mainline_native_7udu4nca.tar): 37.41s
put_archive(/tmp/ktest_lustre_mainline_native_7udu4nca.tar): 39.17s
put_archive(/tmp/ktest_lustre_mainline_native_7udu4nca.tar): 38.22s
put_archive(/tmp/ktest-lustre.tar.gz): 67.93s
put_archive(/tmp/ktest-lustre.tar.gz): 82.58s
put_archive(/tmp/ktest_lustre_mainline_native_7udu4nca.tar): 82.10s
put_archive(/tmp/ktest_lustre_mainline_native_7udu4nca.tar): 24.15s
put_archive(/tmp/ktest_lustre_mainline_native_7udu4nca.tar): 39.57s
Job boot completed: SUCCESS (return code = 0, log: /tmp/ktest-results/boot.log)
Job mgs-setup completed: SUCCESS (return code = 0, log: /tmp/ktest-results/mgs-setup.log)
Job cc-plugin completed: FAILED (return code = 127, log: /tmp/ktest-results/cc-plugin.log)
Job clang-tidy completed: SUCCESS (return code = 0, log: /tmp/ktest-results/clang-tidy.log)
Job sanity-1 completed: SUCCESS (return code = 0, log: /tmp/ktest-results/sanity-1.log)
Job llog-unit completed: SUCCESS (return code = 0, log: /tmp/ktest-results/llog-unit.log)
Job llmount completed: SUCCESS (return code = 0, log: /tmp/ktest-results/llmount.log)
Job sanity-2 completed: SUCCESS (return code = 0, log: /tmp/ktest-results/sanity-2.log)
Job sanity-3 completed: SUCCESS (return code = 0, log: /tmp/ktest-results/sanity-3.log)
Job sanity-4 completed: SUCCESS (return code = 0, log: /tmp/ktest-results/sanity-4.log)

============================================================
Final Results:
  checkpatch: SUCCESS (return code = 0, log: /tmp/ktest-results/checkpatch.log)
  lustre_u24: SUCCESS (return code = 0, log: /tmp/ktest-results/lustre_u24.log)
  lustre_al2023: SUCCESS (return code = 0, log: /tmp/ktest-results/lustre_al2023.log)
  lustre_mainline_strict: FAILED (return code = 1, log: /tmp/ktest-results/lustre_mainline_strict.log)
  lustre_mainline: SUCCESS (return code = 0, log: /tmp/ktest-results/lustre_mainline.log)
  lustre_mainline_native: SUCCESS (return code = 0, log: /tmp/ktest-results/lustre_mainline_native.log)
  clang-tidy: SUCCESS (return code = 0, log: /tmp/ktest-results/clang-tidy.log)
  cc-plugin: FAILED (return code = 127, log: /tmp/ktest-results/cc-plugin.log)
  boot: SUCCESS (return code = 0, log: /tmp/ktest-results/boot.log)
  llmount: SUCCESS (return code = 0, log: /tmp/ktest-results/llmount.log)
  llog-unit: SUCCESS (return code = 0, log: /tmp/ktest-results/llog-unit.log)
  mgs-setup: SUCCESS (return code = 0, log: /tmp/ktest-results/mgs-setup.log)
  sanity-1: SUCCESS (return code = 0, log: /tmp/ktest-results/sanity-1.log)
  sanity-2: SUCCESS (return code = 0, log: /tmp/ktest-results/sanity-2.log)
  sanity-3: SUCCESS (return code = 0, log: /tmp/ktest-results/sanity-3.log)
  sanity-4: SUCCESS (return code = 0, log: /tmp/ktest-results/sanity-4.log)