<html lang="en">
<body>
<pre>
Creating kernel tarball at /tmp/ktest-kernel.tar.gz...
Creating lustre tarball at /tmp/ktest-lustre.tar.gz...
Executing 16 jobs with dependencies
Jobs will start as soon as their dependencies are satisfied

Starting job: lustre_mainline (ktest-out: /tmp/ktest_lustre_mainline_mrnoiybi)
Starting job: lustre_u24 (ktest-out: /tmp/ktest_lustre_u24_b_9n2isk)
Starting job: lustre_mainline_native (ktest-out: /tmp/ktest_lustre_mainline_native_bu76rwf1)
Starting job: lustre_al2023 (ktest-out: /tmp/ktest_lustre_al2023_j_ufvnrh)
Starting job: lustre_mainline_strict (ktest-out: /tmp/ktest_lustre_mainline_strict_tqi392lx)
Starting job: checkpatch (ktest-out: /tmp/ktest_checkpatch_xydqdwgd)
put_archive(/tmp/ktest-kernel.tar.gz): 8.06s
put_archive(/tmp/ktest-kernel.tar.gz): 7.58s
put_archive(/tmp/ktest-kernel.tar.gz): 7.75s
put_archive(/tmp/ktest-kernel.tar.gz): 8.06s
put_archive(/tmp/ktest-kernel.tar.gz): 7.59s
put_archive(/tmp/ktest-kernel.tar.gz): 7.63s
put_archive(/tmp/ktest-lustre.tar.gz): 2.50s
put_archive(/tmp/ktest-lustre.tar.gz): 1.96s
put_archive(/tmp/ktest-lustre.tar.gz): 2.11s
put_archive(/tmp/ktest-lustre.tar.gz): 2.81s
put_archive(/tmp/ktest-lustre.tar.gz): 2.28s
put_archive(/tmp/ktest-lustre.tar.gz): 2.42s
Job checkpatch completed: SUCCESS (return code = 0, log: /tmp/ktest-results/checkpatch.log)
Job lustre_al2023 completed: SUCCESS (return code = 0, log: /tmp/ktest-results/lustre_al2023.log)
Job lustre_u24 completed: SUCCESS (return code = 0, log: /tmp/ktest-results/lustre_u24.log)
get_archive(ktest-out): 3.49s
Job lustre_mainline_strict completed: FAILED (return code = 1, log: /tmp/ktest-results/lustre_mainline_strict.log)
get_archive(ktest-out): 3.09s
get_archive(ktest-out): 3.14s
Job lustre_mainline completed: SUCCESS (return code = 0, log: /tmp/ktest-results/lustre_mainline.log)
Job lustre_mainline_native completed: SUCCESS (return code = 0, log: /tmp/ktest-results/lustre_mainline_native.log)
Starting job: clang-tidy (ktest-out: /tmp/ktest_lustre_mainline_native_bu76rwf1)
Starting job: cc-plugin (ktest-out: /tmp/ktest_lustre_mainline_native_bu76rwf1)
Starting job: boot (ktest-out: /tmp/ktest_lustre_mainline_native_bu76rwf1)
Starting job: llmount (ktest-out: /tmp/ktest_lustre_mainline_native_bu76rwf1)
Starting job: llog-unit (ktest-out: /tmp/ktest_lustre_mainline_native_bu76rwf1)
Starting job: mgs-setup (ktest-out: /tmp/ktest_lustre_mainline_native_bu76rwf1)
Starting job: sanity-1 (ktest-out: /tmp/ktest_lustre_mainline_native_bu76rwf1)
Starting job: sanity-2 (ktest-out: /tmp/ktest_lustre_mainline_native_bu76rwf1)
Starting job: sanity-3 (ktest-out: /tmp/ktest_lustre_mainline_native_bu76rwf1)
Starting job: sanity-4 (ktest-out: /tmp/ktest_lustre_mainline_native_bu76rwf1)
put_archive(/tmp/ktest_lustre_mainline_native_bu76rwf1.tar): 7.10s
put_archive(/tmp/ktest_lustre_mainline_native_bu76rwf1.tar): 6.90s
put_archive(/tmp/ktest-kernel.tar.gz): 23.20s
put_archive(/tmp/ktest_lustre_mainline_native_bu76rwf1.tar): 23.54s
put_archive(/tmp/ktest_lustre_mainline_native_bu76rwf1.tar): 23.07s
put_archive(/tmp/ktest-lustre.tar.gz): 44.01s
put_archive(/tmp/ktest_lustre_mainline_native_bu76rwf1.tar): 43.49s
put_archive(/tmp/ktest-kernel.tar.gz): 43.83s
put_archive(/tmp/ktest_lustre_mainline_native_bu76rwf1.tar): 43.88s
put_archive(/tmp/ktest_lustre_mainline_native_bu76rwf1.tar): 43.82s
put_archive(/tmp/ktest_lustre_mainline_native_bu76rwf1.tar): 43.74s
put_archive(/tmp/ktest-lustre.tar.gz): 37.99s
put_archive(/tmp/ktest_lustre_mainline_native_bu76rwf1.tar): 38.21s
put_archive(/tmp/ktest_lustre_mainline_native_bu76rwf1.tar): 10.80s
Job sanity-4 completed: SUCCESS (return code = 0, log: /tmp/ktest-results/sanity-4.log)
Job cc-plugin completed: FAILED (return code = 127, log: /tmp/ktest-results/cc-plugin.log)
Job clang-tidy completed: SUCCESS (return code = 0, log: /tmp/ktest-results/clang-tidy.log)
Job sanity-2 completed: SUCCESS (return code = 0, log: /tmp/ktest-results/sanity-2.log)
Job boot completed: SUCCESS (return code = 0, log: /tmp/ktest-results/boot.log)
Job mgs-setup completed: SUCCESS (return code = 0, log: /tmp/ktest-results/mgs-setup.log)
Job llmount completed: SUCCESS (return code = 0, log: /tmp/ktest-results/llmount.log)
Job sanity-3 completed: SUCCESS (return code = 0, log: /tmp/ktest-results/sanity-3.log)
Job llog-unit completed: SUCCESS (return code = 0, log: /tmp/ktest-results/llog-unit.log)
Job sanity-1 completed: SUCCESS (return code = 0, log: /tmp/ktest-results/sanity-1.log)

============================================================
Final Results:
  checkpatch: SUCCESS (return code = 0, log: /tmp/ktest-results/checkpatch.log)
  lustre_u24: SUCCESS (return code = 0, log: /tmp/ktest-results/lustre_u24.log)
  lustre_al2023: SUCCESS (return code = 0, log: /tmp/ktest-results/lustre_al2023.log)
  lustre_mainline_strict: FAILED (return code = 1, log: /tmp/ktest-results/lustre_mainline_strict.log)
  lustre_mainline: SUCCESS (return code = 0, log: /tmp/ktest-results/lustre_mainline.log)
  lustre_mainline_native: SUCCESS (return code = 0, log: /tmp/ktest-results/lustre_mainline_native.log)
  clang-tidy: SUCCESS (return code = 0, log: /tmp/ktest-results/clang-tidy.log)
  cc-plugin: FAILED (return code = 127, log: /tmp/ktest-results/cc-plugin.log)
  boot: SUCCESS (return code = 0, log: /tmp/ktest-results/boot.log)
  llmount: SUCCESS (return code = 0, log: /tmp/ktest-results/llmount.log)
  llog-unit: SUCCESS (return code = 0, log: /tmp/ktest-results/llog-unit.log)
  mgs-setup: SUCCESS (return code = 0, log: /tmp/ktest-results/mgs-setup.log)
  sanity-1: SUCCESS (return code = 0, log: /tmp/ktest-results/sanity-1.log)
  sanity-2: SUCCESS (return code = 0, log: /tmp/ktest-results/sanity-2.log)
  sanity-3: SUCCESS (return code = 0, log: /tmp/ktest-results/sanity-3.log)
  sanity-4: SUCCESS (return code = 0, log: /tmp/ktest-results/sanity-4.log)
</pre>
</body>
</html>
