<html lang="en">
<body>
<pre>
Creating kernel tarball at /tmp/ktest-kernel.tar.gz...
Creating lustre tarball at /tmp/ktest-lustre.tar.gz...
Executing 16 jobs with dependencies
Jobs will start as soon as their dependencies are satisfied

Starting job: lustre_mainline_native (ktest-out: /tmp/ktest_lustre_mainline_native_e8y1bs91)
Starting job: lustre_al2023 (ktest-out: /tmp/ktest_lustre_al2023__7x5nxdw)
Starting job: lustre_mainline (ktest-out: /tmp/ktest_lustre_mainline_af4xzieu)
Starting job: checkpatch (ktest-out: /tmp/ktest_checkpatch_uf93ps0u)
Starting job: lustre_u24 (ktest-out: /tmp/ktest_lustre_u24_jlv9cwfw)
Starting job: lustre_mainline_strict (ktest-out: /tmp/ktest_lustre_mainline_strict_tatxt0px)
put_archive(/tmp/ktest-kernel.tar.gz): 6.79s
put_archive(/tmp/ktest-kernel.tar.gz): 9.16s
put_archive(/tmp/ktest-kernel.tar.gz): 8.42s
put_archive(/tmp/ktest-kernel.tar.gz): 8.61s
put_archive(/tmp/ktest-kernel.tar.gz): 8.55s
put_archive(/tmp/ktest-kernel.tar.gz): 9.16s
put_archive(/tmp/ktest-lustre.tar.gz): 6.69s
put_archive(/tmp/ktest-lustre.tar.gz): 9.56s
put_archive(/tmp/ktest-lustre.tar.gz): 7.16s
put_archive(/tmp/ktest-lustre.tar.gz): 7.04s
put_archive(/tmp/ktest-lustre.tar.gz): 7.35s
put_archive(/tmp/ktest-lustre.tar.gz): 6.93s
Job checkpatch completed: SUCCESS (return code = 0, log: /tmp/ktest-results/checkpatch.log)
Job lustre_al2023 completed: SUCCESS (return code = 0, log: /tmp/ktest-results/lustre_al2023.log)
Job lustre_u24 completed: SUCCESS (return code = 0, log: /tmp/ktest-results/lustre_u24.log)
get_archive(ktest-out): 4.87s
Job lustre_mainline_strict completed: FAILED (return code = 1, log: /tmp/ktest-results/lustre_mainline_strict.log)
get_archive(ktest-out): 3.10s
get_archive(ktest-out): 3.18s
Job lustre_mainline completed: SUCCESS (return code = 0, log: /tmp/ktest-results/lustre_mainline.log)
Job lustre_mainline_native completed: SUCCESS (return code = 0, log: /tmp/ktest-results/lustre_mainline_native.log)
Starting job: clang-tidy (ktest-out: /tmp/ktest_lustre_mainline_native_e8y1bs91)
Starting job: cc-plugin (ktest-out: /tmp/ktest_lustre_mainline_native_e8y1bs91)
Starting job: boot (ktest-out: /tmp/ktest_lustre_mainline_native_e8y1bs91)
Starting job: llmount (ktest-out: /tmp/ktest_lustre_mainline_native_e8y1bs91)
Starting job: llog-unit (ktest-out: /tmp/ktest_lustre_mainline_native_e8y1bs91)
Starting job: mgs-setup (ktest-out: /tmp/ktest_lustre_mainline_native_e8y1bs91)
Starting job: sanity-1 (ktest-out: /tmp/ktest_lustre_mainline_native_e8y1bs91)
Starting job: sanity-2 (ktest-out: /tmp/ktest_lustre_mainline_native_e8y1bs91)
Starting job: sanity-3 (ktest-out: /tmp/ktest_lustre_mainline_native_e8y1bs91)
Starting job: sanity-4 (ktest-out: /tmp/ktest_lustre_mainline_native_e8y1bs91)
put_archive(/tmp/ktest_lustre_mainline_native_e8y1bs91.tar): 4.23s
put_archive(/tmp/ktest-kernel.tar.gz): 27.31s
put_archive(/tmp/ktest_lustre_mainline_native_e8y1bs91.tar): 27.58s
put_archive(/tmp/ktest_lustre_mainline_native_e8y1bs91.tar): 27.61s
put_archive(/tmp/ktest_lustre_mainline_native_e8y1bs91.tar): 27.90s
put_archive(/tmp/ktest-kernel.tar.gz): 27.75s
put_archive(/tmp/ktest_lustre_mainline_native_e8y1bs91.tar): 27.45s
put_archive(/tmp/ktest-lustre.tar.gz): 52.77s
put_archive(/tmp/ktest_lustre_mainline_native_e8y1bs91.tar): 60.48s
put_archive(/tmp/ktest_lustre_mainline_native_e8y1bs91.tar): 60.40s
put_archive(/tmp/ktest-lustre.tar.gz): 60.89s
put_archive(/tmp/ktest_lustre_mainline_native_e8y1bs91.tar): 35.27s
put_archive(/tmp/ktest_lustre_mainline_native_e8y1bs91.tar): 26.89s
put_archive(/tmp/ktest_lustre_mainline_native_e8y1bs91.tar): 26.79s
Job llmount completed: SUCCESS (return code = 0, log: /tmp/ktest-results/llmount.log)
Job mgs-setup completed: SUCCESS (return code = 0, log: /tmp/ktest-results/mgs-setup.log)
Job cc-plugin completed: FAILED (return code = 127, log: /tmp/ktest-results/cc-plugin.log)
Job clang-tidy completed: SUCCESS (return code = 0, log: /tmp/ktest-results/clang-tidy.log)
Job boot completed: SUCCESS (return code = 0, log: /tmp/ktest-results/boot.log)
Job sanity-2 completed: SUCCESS (return code = 0, log: /tmp/ktest-results/sanity-2.log)
Job sanity-4 completed: SUCCESS (return code = 0, log: /tmp/ktest-results/sanity-4.log)
Job llog-unit completed: SUCCESS (return code = 0, log: /tmp/ktest-results/llog-unit.log)
Job sanity-3 completed: SUCCESS (return code = 0, log: /tmp/ktest-results/sanity-3.log)
Job sanity-1 completed: SUCCESS (return code = 0, log: /tmp/ktest-results/sanity-1.log)

============================================================
Final Results:
  checkpatch: SUCCESS (return code = 0, log: /tmp/ktest-results/checkpatch.log)
  lustre_u24: SUCCESS (return code = 0, log: /tmp/ktest-results/lustre_u24.log)
  lustre_al2023: SUCCESS (return code = 0, log: /tmp/ktest-results/lustre_al2023.log)
  lustre_mainline_strict: FAILED (return code = 1, log: /tmp/ktest-results/lustre_mainline_strict.log)
  lustre_mainline: SUCCESS (return code = 0, log: /tmp/ktest-results/lustre_mainline.log)
  lustre_mainline_native: SUCCESS (return code = 0, log: /tmp/ktest-results/lustre_mainline_native.log)
  clang-tidy: SUCCESS (return code = 0, log: /tmp/ktest-results/clang-tidy.log)
  cc-plugin: FAILED (return code = 127, log: /tmp/ktest-results/cc-plugin.log)
  boot: SUCCESS (return code = 0, log: /tmp/ktest-results/boot.log)
  llmount: SUCCESS (return code = 0, log: /tmp/ktest-results/llmount.log)
  llog-unit: SUCCESS (return code = 0, log: /tmp/ktest-results/llog-unit.log)
  mgs-setup: SUCCESS (return code = 0, log: /tmp/ktest-results/mgs-setup.log)
  sanity-1: SUCCESS (return code = 0, log: /tmp/ktest-results/sanity-1.log)
  sanity-2: SUCCESS (return code = 0, log: /tmp/ktest-results/sanity-2.log)
  sanity-3: SUCCESS (return code = 0, log: /tmp/ktest-results/sanity-3.log)
  sanity-4: SUCCESS (return code = 0, log: /tmp/ktest-results/sanity-4.log)
</pre>
</body>
</html>
