Creating kernel tarball at /tmp/ktest-kernel.tar.gz...
Creating lustre tarball at /tmp/ktest-lustre.tar.gz...
Executing 16 jobs with dependencies
Jobs will start as soon as their dependencies are satisfied

Starting job: lustre_mainline (ktest-out: /tmp/ktest_lustre_mainline_6p8lqtiq)
Starting job: lustre_al2023 (ktest-out: /tmp/ktest_lustre_al2023_xd9ji1nn)
Starting job: lustre_u24 (ktest-out: /tmp/ktest_lustre_u24_r308pky5)
Starting job: checkpatch (ktest-out: /tmp/ktest_checkpatch_toqs5buy)
Starting job: lustre_mainline_strict (ktest-out: /tmp/ktest_lustre_mainline_strict_t2xmjv3j)
Starting job: lustre_mainline_native (ktest-out: /tmp/ktest_lustre_mainline_native_me5ukkaa)
put_archive(/tmp/ktest-kernel.tar.gz): 12.87s
put_archive(/tmp/ktest-kernel.tar.gz): 14.34s
put_archive(/tmp/ktest-kernel.tar.gz): 14.59s
put_archive(/tmp/ktest-kernel.tar.gz): 14.08s
put_archive(/tmp/ktest-kernel.tar.gz): 13.91s
put_archive(/tmp/ktest-kernel.tar.gz): 13.97s
put_archive(/tmp/ktest-lustre.tar.gz): 8.98s
put_archive(/tmp/ktest-lustre.tar.gz): 7.29s
put_archive(/tmp/ktest-lustre.tar.gz): 7.61s
put_archive(/tmp/ktest-lustre.tar.gz): 7.49s
put_archive(/tmp/ktest-lustre.tar.gz): 7.20s
put_archive(/tmp/ktest-lustre.tar.gz): 7.06s
Job checkpatch completed: FAILED (return code = 1, log: /tmp/ktest-results/checkpatch.log)
Job lustre_al2023 completed: SUCCESS (return code = 0, log: /tmp/ktest-results/lustre_al2023.log)
Job lustre_u24 completed: SUCCESS (return code = 0, log: /tmp/ktest-results/lustre_u24.log)
get_archive(ktest-out): 3.69s
Job lustre_mainline_strict completed: FAILED (return code = 1, log: /tmp/ktest-results/lustre_mainline_strict.log)
get_archive(ktest-out): 3.00s
get_archive(ktest-out): 3.12s
Job lustre_mainline completed: SUCCESS (return code = 0, log: /tmp/ktest-results/lustre_mainline.log)
Job lustre_mainline_native completed: SUCCESS (return code = 0, log: /tmp/ktest-results/lustre_mainline_native.log)
Starting job: clang-tidy (ktest-out: /tmp/ktest_lustre_mainline_native_me5ukkaa)
Starting job: cc-plugin (ktest-out: /tmp/ktest_lustre_mainline_native_me5ukkaa)
Starting job: boot (ktest-out: /tmp/ktest_lustre_mainline_native_me5ukkaa)
Starting job: llmount (ktest-out: /tmp/ktest_lustre_mainline_native_me5ukkaa)
Starting job: llog-unit (ktest-out: /tmp/ktest_lustre_mainline_native_me5ukkaa)
Starting job: mgs-setup (ktest-out: /tmp/ktest_lustre_mainline_native_me5ukkaa)
Starting job: sanity-1 (ktest-out: /tmp/ktest_lustre_mainline_native_me5ukkaa)
Starting job: sanity-2 (ktest-out: /tmp/ktest_lustre_mainline_native_me5ukkaa)
Starting job: sanity-3 (ktest-out: /tmp/ktest_lustre_mainline_native_me5ukkaa)
Starting job: sanity-4 (ktest-out: /tmp/ktest_lustre_mainline_native_me5ukkaa)
put_archive(/tmp/ktest_lustre_mainline_native_me5ukkaa.tar): 12.24s
put_archive(/tmp/ktest-kernel.tar.gz): 13.02s
put_archive(/tmp/ktest_lustre_mainline_native_me5ukkaa.tar): 11.83s
put_archive(/tmp/ktest_lustre_mainline_native_me5ukkaa.tar): 11.82s
put_archive(/tmp/ktest-lustre.tar.gz): 1.46s
put_archive(/tmp/ktest_lustre_mainline_native_me5ukkaa.tar): 76.64s
put_archive(/tmp/ktest_lustre_mainline_native_me5ukkaa.tar): 75.99s
put_archive(/tmp/ktest_lustre_mainline_native_me5ukkaa.tar): 75.96s
put_archive(/tmp/ktest_lustre_mainline_native_me5ukkaa.tar): 76.28s
put_archive(/tmp/ktest_lustre_mainline_native_me5ukkaa.tar): 75.86s
put_archive(/tmp/ktest-kernel.tar.gz): 76.98s
put_archive(/tmp/ktest_lustre_mainline_native_me5ukkaa.tar): 77.47s
put_archive(/tmp/ktest-lustre.tar.gz): 46.03s
Job cc-plugin completed: FAILED (return code = 127, log: /tmp/ktest-results/cc-plugin.log)
put_archive(/tmp/ktest_lustre_mainline_native_me5ukkaa.tar): 15.43s
Job boot completed: SUCCESS (return code = 0, log: /tmp/ktest-results/boot.log)
Job clang-tidy completed: SUCCESS (return code = 0, log: /tmp/ktest-results/clang-tidy.log)
Job sanity-3 completed: SUCCESS (return code = 0, log: /tmp/ktest-results/sanity-3.log)
Job llmount completed: SUCCESS (return code = 0, log: /tmp/ktest-results/llmount.log)
Job mgs-setup completed: SUCCESS (return code = 0, log: /tmp/ktest-results/mgs-setup.log)
Job llog-unit completed: SUCCESS (return code = 0, log: /tmp/ktest-results/llog-unit.log)
Job sanity-2 completed: SUCCESS (return code = 0, log: /tmp/ktest-results/sanity-2.log)
Job sanity-4 completed: SUCCESS (return code = 0, log: /tmp/ktest-results/sanity-4.log)
Job sanity-1 completed: SUCCESS (return code = 0, log: /tmp/ktest-results/sanity-1.log)

============================================================
Final Results:
  checkpatch: FAILED (return code = 1, log: /tmp/ktest-results/checkpatch.log)
  lustre_u24: SUCCESS (return code = 0, log: /tmp/ktest-results/lustre_u24.log)
  lustre_al2023: SUCCESS (return code = 0, log: /tmp/ktest-results/lustre_al2023.log)
  lustre_mainline_strict: FAILED (return code = 1, log: /tmp/ktest-results/lustre_mainline_strict.log)
  lustre_mainline: SUCCESS (return code = 0, log: /tmp/ktest-results/lustre_mainline.log)
  lustre_mainline_native: SUCCESS (return code = 0, log: /tmp/ktest-results/lustre_mainline_native.log)
  clang-tidy: SUCCESS (return code = 0, log: /tmp/ktest-results/clang-tidy.log)
  cc-plugin: FAILED (return code = 127, log: /tmp/ktest-results/cc-plugin.log)
  boot: SUCCESS (return code = 0, log: /tmp/ktest-results/boot.log)
  llmount: SUCCESS (return code = 0, log: /tmp/ktest-results/llmount.log)
  llog-unit: SUCCESS (return code = 0, log: /tmp/ktest-results/llog-unit.log)
  mgs-setup: SUCCESS (return code = 0, log: /tmp/ktest-results/mgs-setup.log)
  sanity-1: SUCCESS (return code = 0, log: /tmp/ktest-results/sanity-1.log)
  sanity-2: SUCCESS (return code = 0, log: /tmp/ktest-results/sanity-2.log)
  sanity-3: SUCCESS (return code = 0, log: /tmp/ktest-results/sanity-3.log)
  sanity-4: SUCCESS (return code = 0, log: /tmp/ktest-results/sanity-4.log)