Creating kernel tarball at /tmp/ktest-kernel.tar.gz...
Creating lustre tarball at /tmp/ktest-lustre.tar.gz...
Executing 16 jobs with dependencies
Jobs will start as soon as their dependencies are satisfied

Starting job: lustre_mainline_strict (ktest-out: /tmp/ktest_lustre_mainline_strict_smtg7qtb)
Starting job: lustre_al2023 (ktest-out: /tmp/ktest_lustre_al2023_ceh4f35y)
Starting job: lustre_mainline_native (ktest-out: /tmp/ktest_lustre_mainline_native_jbs92slm)
Starting job: checkpatch (ktest-out: /tmp/ktest_checkpatch__h7qm7yr)
Starting job: lustre_u24 (ktest-out: /tmp/ktest_lustre_u24_u_xgo52k)
Starting job: lustre_mainline (ktest-out: /tmp/ktest_lustre_mainline_tx6k_b1e)
put_archive(/tmp/ktest-kernel.tar.gz): 12.26s
put_archive(/tmp/ktest-kernel.tar.gz): 13.78s
put_archive(/tmp/ktest-kernel.tar.gz): 13.81s
put_archive(/tmp/ktest-kernel.tar.gz): 13.82s
put_archive(/tmp/ktest-kernel.tar.gz): 14.72s
put_archive(/tmp/ktest-kernel.tar.gz): 14.36s
put_archive(/tmp/ktest-lustre.tar.gz): 6.22s
put_archive(/tmp/ktest-lustre.tar.gz): 6.08s
put_archive(/tmp/ktest-lustre.tar.gz): 5.82s
put_archive(/tmp/ktest-lustre.tar.gz): 8.24s
put_archive(/tmp/ktest-lustre.tar.gz): 5.98s
put_archive(/tmp/ktest-lustre.tar.gz): 6.44s
Job checkpatch completed: FAILED (return code = 1, log: /tmp/ktest-results/checkpatch.log)
Job lustre_al2023 completed: SUCCESS (return code = 0, log: /tmp/ktest-results/lustre_al2023.log)
Job lustre_u24 completed: SUCCESS (return code = 0, log: /tmp/ktest-results/lustre_u24.log)
get_archive(ktest-out): 3.44s
Job lustre_mainline_strict completed: FAILED (return code = 1, log: /tmp/ktest-results/lustre_mainline_strict.log)
get_archive(ktest-out): 3.23s
get_archive(ktest-out): 3.16s
Job lustre_mainline completed: SUCCESS (return code = 0, log: /tmp/ktest-results/lustre_mainline.log)
Job lustre_mainline_native completed: SUCCESS (return code = 0, log: /tmp/ktest-results/lustre_mainline_native.log)
Starting job: clang-tidy (ktest-out: /tmp/ktest_lustre_mainline_native_jbs92slm)
Starting job: cc-plugin (ktest-out: /tmp/ktest_lustre_mainline_native_jbs92slm)
Starting job: boot (ktest-out: /tmp/ktest_lustre_mainline_native_jbs92slm)
Starting job: llmount (ktest-out: /tmp/ktest_lustre_mainline_native_jbs92slm)
Starting job: llog-unit (ktest-out: /tmp/ktest_lustre_mainline_native_jbs92slm)
Starting job: mgs-setup (ktest-out: /tmp/ktest_lustre_mainline_native_jbs92slm)
Starting job: sanity-1 (ktest-out: /tmp/ktest_lustre_mainline_native_jbs92slm)
Starting job: sanity-2 (ktest-out: /tmp/ktest_lustre_mainline_native_jbs92slm)
Starting job: sanity-3 (ktest-out: /tmp/ktest_lustre_mainline_native_jbs92slm)
Starting job: sanity-4 (ktest-out: /tmp/ktest_lustre_mainline_native_jbs92slm)
put_archive(/tmp/ktest_lustre_mainline_native_jbs92slm.tar): 27.57s
put_archive(/tmp/ktest_lustre_mainline_native_jbs92slm.tar): 27.63s
put_archive(/tmp/ktest_lustre_mainline_native_jbs92slm.tar): 27.70s
put_archive(/tmp/ktest_lustre_mainline_native_jbs92slm.tar): 27.40s
put_archive(/tmp/ktest_lustre_mainline_native_jbs92slm.tar): 27.31s
put_archive(/tmp/ktest-kernel.tar.gz): 26.88s
put_archive(/tmp/ktest-lustre.tar.gz): 52.16s
put_archive(/tmp/ktest_lustre_mainline_native_jbs92slm.tar): 38.54s
put_archive(/tmp/ktest_lustre_mainline_native_jbs92slm.tar): 38.20s
put_archive(/tmp/ktest_lustre_mainline_native_jbs92slm.tar): 38.32s
put_archive(/tmp/ktest_lustre_mainline_native_jbs92slm.tar): 38.27s
put_archive(/tmp/ktest-kernel.tar.gz): 38.44s
put_archive(/tmp/ktest-lustre.tar.gz): 33.30s
Job boot completed: SUCCESS (return code = 0, log: /tmp/ktest-results/boot.log)
Job cc-plugin completed: FAILED (return code = 127, log: /tmp/ktest-results/cc-plugin.log)
put_archive(/tmp/ktest_lustre_mainline_native_jbs92slm.tar): 14.45s
Job mgs-setup completed: SUCCESS (return code = 0, log: /tmp/ktest-results/mgs-setup.log)
Job clang-tidy completed: SUCCESS (return code = 0, log: /tmp/ktest-results/clang-tidy.log)
Job sanity-1 completed: SUCCESS (return code = 0, log: /tmp/ktest-results/sanity-1.log)
Job sanity-3 completed: SUCCESS (return code = 0, log: /tmp/ktest-results/sanity-3.log)
Job llog-unit completed: SUCCESS (return code = 0, log: /tmp/ktest-results/llog-unit.log)
Job sanity-2 completed: SUCCESS (return code = 0, log: /tmp/ktest-results/sanity-2.log)
Job sanity-4 completed: SUCCESS (return code = 0, log: /tmp/ktest-results/sanity-4.log)
Job llmount completed: SUCCESS (return code = 0, log: /tmp/ktest-results/llmount.log)

============================================================
Final Results:
  checkpatch: FAILED (return code = 1, log: /tmp/ktest-results/checkpatch.log)
  lustre_u24: SUCCESS (return code = 0, log: /tmp/ktest-results/lustre_u24.log)
  lustre_al2023: SUCCESS (return code = 0, log: /tmp/ktest-results/lustre_al2023.log)
  lustre_mainline_strict: FAILED (return code = 1, log: /tmp/ktest-results/lustre_mainline_strict.log)
  lustre_mainline: SUCCESS (return code = 0, log: /tmp/ktest-results/lustre_mainline.log)
  lustre_mainline_native: SUCCESS (return code = 0, log: /tmp/ktest-results/lustre_mainline_native.log)
  clang-tidy: SUCCESS (return code = 0, log: /tmp/ktest-results/clang-tidy.log)
  cc-plugin: FAILED (return code = 127, log: /tmp/ktest-results/cc-plugin.log)
  boot: SUCCESS (return code = 0, log: /tmp/ktest-results/boot.log)
  llmount: SUCCESS (return code = 0, log: /tmp/ktest-results/llmount.log)
  llog-unit: SUCCESS (return code = 0, log: /tmp/ktest-results/llog-unit.log)
  mgs-setup: SUCCESS (return code = 0, log: /tmp/ktest-results/mgs-setup.log)
  sanity-1: SUCCESS (return code = 0, log: /tmp/ktest-results/sanity-1.log)
  sanity-2: SUCCESS (return code = 0, log: /tmp/ktest-results/sanity-2.log)
  sanity-3: SUCCESS (return code = 0, log: /tmp/ktest-results/sanity-3.log)
  sanity-4: SUCCESS (return code = 0, log: /tmp/ktest-results/sanity-4.log)