Creating kernel tarball at /tmp/ktest-kernel.tar.gz...
Creating lustre tarball at /tmp/ktest-lustre.tar.gz...
Executing 16 jobs with dependencies
Jobs will start as soon as their dependencies are satisfied

Starting job: checkpatch (ktest-out: /tmp/ktest_checkpatch_bayqeq7i)
Starting job: lustre_u24 (ktest-out: /tmp/ktest_lustre_u24_xjz_9wa0)
Starting job: lustre_mainline_native (ktest-out: /tmp/ktest_lustre_mainline_native_ec2vsrbm)
Starting job: lustre_al2023 (ktest-out: /tmp/ktest_lustre_al2023_2i5jb499)
Starting job: lustre_mainline (ktest-out: /tmp/ktest_lustre_mainline_af6bh85t)
Starting job: lustre_mainline_strict (ktest-out: /tmp/ktest_lustre_mainline_strict_3saio8fp)
put_archive(/tmp/ktest-kernel.tar.gz): 7.96s
put_archive(/tmp/ktest-kernel.tar.gz): 9.49s
put_archive(/tmp/ktest-kernel.tar.gz): 9.11s
put_archive(/tmp/ktest-kernel.tar.gz): 9.72s
put_archive(/tmp/ktest-kernel.tar.gz): 10.14s
put_archive(/tmp/ktest-kernel.tar.gz): 9.98s
put_archive(/tmp/ktest-lustre.tar.gz): 9.15s
put_archive(/tmp/ktest-lustre.tar.gz): 7.22s
put_archive(/tmp/ktest-lustre.tar.gz): 7.39s
put_archive(/tmp/ktest-lustre.tar.gz): 7.10s
put_archive(/tmp/ktest-lustre.tar.gz): 6.98s
put_archive(/tmp/ktest-lustre.tar.gz): 6.84s
Job checkpatch completed: FAILED (return code = 1, log: /tmp/ktest-results/checkpatch.log)
Job lustre_al2023 completed: SUCCESS (return code = 0, log: /tmp/ktest-results/lustre_al2023.log)
Job lustre_u24 completed: SUCCESS (return code = 0, log: /tmp/ktest-results/lustre_u24.log)
get_archive(ktest-out): 4.43s
Job lustre_mainline_strict completed: FAILED (return code = 1, log: /tmp/ktest-results/lustre_mainline_strict.log)
get_archive(ktest-out): 3.09s
get_archive(ktest-out): 3.18s
Job lustre_mainline completed: SUCCESS (return code = 0, log: /tmp/ktest-results/lustre_mainline.log)
Job lustre_mainline_native completed: SUCCESS (return code = 0, log: /tmp/ktest-results/lustre_mainline_native.log)
Starting job: clang-tidy (ktest-out: /tmp/ktest_lustre_mainline_native_ec2vsrbm)
Starting job: cc-plugin (ktest-out: /tmp/ktest_lustre_mainline_native_ec2vsrbm)
Starting job: boot (ktest-out: /tmp/ktest_lustre_mainline_native_ec2vsrbm)
Starting job: llmount (ktest-out: /tmp/ktest_lustre_mainline_native_ec2vsrbm)
Starting job: llog-unit (ktest-out: /tmp/ktest_lustre_mainline_native_ec2vsrbm)
Starting job: mgs-setup (ktest-out: /tmp/ktest_lustre_mainline_native_ec2vsrbm)
Starting job: sanity-1 (ktest-out: /tmp/ktest_lustre_mainline_native_ec2vsrbm)
Starting job: sanity-2 (ktest-out: /tmp/ktest_lustre_mainline_native_ec2vsrbm)
Starting job: sanity-3 (ktest-out: /tmp/ktest_lustre_mainline_native_ec2vsrbm)
Starting job: sanity-4 (ktest-out: /tmp/ktest_lustre_mainline_native_ec2vsrbm)
put_archive(/tmp/ktest_lustre_mainline_native_ec2vsrbm.tar): 3.63s
put_archive(/tmp/ktest-kernel.tar.gz): 26.23s
put_archive(/tmp/ktest_lustre_mainline_native_ec2vsrbm.tar): 27.29s
put_archive(/tmp/ktest_lustre_mainline_native_ec2vsrbm.tar): 27.30s
put_archive(/tmp/ktest-lustre.tar.gz): 60.85s
put_archive(/tmp/ktest_lustre_mainline_native_ec2vsrbm.tar): 59.17s
put_archive(/tmp/ktest_lustre_mainline_native_ec2vsrbm.tar): 60.94s
put_archive(/tmp/ktest-kernel.tar.gz): 59.29s
put_archive(/tmp/ktest_lustre_mainline_native_ec2vsrbm.tar): 61.13s
put_archive(/tmp/ktest_lustre_mainline_native_ec2vsrbm.tar): 59.29s
put_archive(/tmp/ktest_lustre_mainline_native_ec2vsrbm.tar): 59.33s
put_archive(/tmp/ktest-lustre.tar.gz): 55.83s
put_archive(/tmp/ktest_lustre_mainline_native_ec2vsrbm.tar): 66.30s
put_archive(/tmp/ktest_lustre_mainline_native_ec2vsrbm.tar): 15.92s
Job sanity-1 completed: SUCCESS (return code = 0, log: /tmp/ktest-results/sanity-1.log)
Job cc-plugin completed: FAILED (return code = 127, log: /tmp/ktest-results/cc-plugin.log)
Job clang-tidy completed: SUCCESS (return code = 0, log: /tmp/ktest-results/clang-tidy.log)
Job sanity-4 completed: SUCCESS (return code = 0, log: /tmp/ktest-results/sanity-4.log)
Job boot completed: SUCCESS (return code = 0, log: /tmp/ktest-results/boot.log)
Job mgs-setup completed: SUCCESS (return code = 0, log: /tmp/ktest-results/mgs-setup.log)
Job sanity-2 completed: SUCCESS (return code = 0, log: /tmp/ktest-results/sanity-2.log)
Job sanity-3 completed: SUCCESS (return code = 0, log: /tmp/ktest-results/sanity-3.log)
Job llog-unit completed: SUCCESS (return code = 0, log: /tmp/ktest-results/llog-unit.log)
Job llmount completed: SUCCESS (return code = 0, log: /tmp/ktest-results/llmount.log)

============================================================
Final Results:
  checkpatch: FAILED (return code = 1, log: /tmp/ktest-results/checkpatch.log)
  lustre_u24: SUCCESS (return code = 0, log: /tmp/ktest-results/lustre_u24.log)
  lustre_al2023: SUCCESS (return code = 0, log: /tmp/ktest-results/lustre_al2023.log)
  lustre_mainline_strict: FAILED (return code = 1, log: /tmp/ktest-results/lustre_mainline_strict.log)
  lustre_mainline: SUCCESS (return code = 0, log: /tmp/ktest-results/lustre_mainline.log)
  lustre_mainline_native: SUCCESS (return code = 0, log: /tmp/ktest-results/lustre_mainline_native.log)
  clang-tidy: SUCCESS (return code = 0, log: /tmp/ktest-results/clang-tidy.log)
  cc-plugin: FAILED (return code = 127, log: /tmp/ktest-results/cc-plugin.log)
  boot: SUCCESS (return code = 0, log: /tmp/ktest-results/boot.log)
  llmount: SUCCESS (return code = 0, log: /tmp/ktest-results/llmount.log)
  llog-unit: SUCCESS (return code = 0, log: /tmp/ktest-results/llog-unit.log)
  mgs-setup: SUCCESS (return code = 0, log: /tmp/ktest-results/mgs-setup.log)
  sanity-1: SUCCESS (return code = 0, log: /tmp/ktest-results/sanity-1.log)
  sanity-2: SUCCESS (return code = 0, log: /tmp/ktest-results/sanity-2.log)
  sanity-3: SUCCESS (return code = 0, log: /tmp/ktest-results/sanity-3.log)
  sanity-4: SUCCESS (return code = 0, log: /tmp/ktest-results/sanity-4.log)