Creating kernel tarball at /tmp/ktest-kernel.tar.gz...
Creating lustre tarball at /tmp/ktest-lustre.tar.gz...
Executing 16 jobs with dependencies
Jobs will start as soon as their dependencies are satisfied

Starting job: lustre_u24 (ktest-out: /tmp/ktest_lustre_u24__mbgos4i)
Starting job: lustre_mainline_strict (ktest-out: /tmp/ktest_lustre_mainline_strict_l08vjx4b)
Starting job: lustre_mainline (ktest-out: /tmp/ktest_lustre_mainline__v3rdwqd)
Starting job: checkpatch (ktest-out: /tmp/ktest_checkpatch_eiw73eb7)
Starting job: lustre_al2023 (ktest-out: /tmp/ktest_lustre_al2023_e8ugx4m_)
Starting job: lustre_mainline_native (ktest-out: /tmp/ktest_lustre_mainline_native_hkwd_avx)
put_archive(/tmp/ktest-kernel.tar.gz): 7.96s
put_archive(/tmp/ktest-kernel.tar.gz): 11.40s
put_archive(/tmp/ktest-kernel.tar.gz): 10.97s
put_archive(/tmp/ktest-kernel.tar.gz): 11.97s
put_archive(/tmp/ktest-kernel.tar.gz): 11.13s
put_archive(/tmp/ktest-kernel.tar.gz): 11.42s
put_archive(/tmp/ktest-lustre.tar.gz): 3.16s
put_archive(/tmp/ktest-lustre.tar.gz): 2.90s
put_archive(/tmp/ktest-lustre.tar.gz): 2.63s
put_archive(/tmp/ktest-lustre.tar.gz): 7.56s
put_archive(/tmp/ktest-lustre.tar.gz): 3.08s
put_archive(/tmp/ktest-lustre.tar.gz): 2.82s
Job checkpatch completed: FAILED (return code = 1, log: /tmp/ktest-results/checkpatch.log)
Job lustre_al2023 completed: SUCCESS (return code = 0, log: /tmp/ktest-results/lustre_al2023.log)
Job lustre_u24 completed: SUCCESS (return code = 0, log: /tmp/ktest-results/lustre_u24.log)
get_archive(ktest-out): 3.44s
Job lustre_mainline_strict completed: FAILED (return code = 1, log: /tmp/ktest-results/lustre_mainline_strict.log)
get_archive(ktest-out): 3.06s
get_archive(ktest-out): 3.29s
Job lustre_mainline completed: SUCCESS (return code = 0, log: /tmp/ktest-results/lustre_mainline.log)
Job lustre_mainline_native completed: SUCCESS (return code = 0, log: /tmp/ktest-results/lustre_mainline_native.log)
Starting job: clang-tidy (ktest-out: /tmp/ktest_lustre_mainline_native_hkwd_avx)
Starting job: cc-plugin (ktest-out: /tmp/ktest_lustre_mainline_native_hkwd_avx)
Starting job: boot (ktest-out: /tmp/ktest_lustre_mainline_native_hkwd_avx)
Starting job: llmount (ktest-out: /tmp/ktest_lustre_mainline_native_hkwd_avx)
Starting job: llog-unit (ktest-out: /tmp/ktest_lustre_mainline_native_hkwd_avx)
Starting job: mgs-setup (ktest-out: /tmp/ktest_lustre_mainline_native_hkwd_avx)
Starting job: sanity-1 (ktest-out: /tmp/ktest_lustre_mainline_native_hkwd_avx)
Starting job: sanity-2 (ktest-out: /tmp/ktest_lustre_mainline_native_hkwd_avx)
Starting job: sanity-3 (ktest-out: /tmp/ktest_lustre_mainline_native_hkwd_avx)
Starting job: sanity-4 (ktest-out: /tmp/ktest_lustre_mainline_native_hkwd_avx)
put_archive(/tmp/ktest_lustre_mainline_native_hkwd_avx.tar): 14.07s
put_archive(/tmp/ktest_lustre_mainline_native_hkwd_avx.tar): 13.41s
put_archive(/tmp/ktest-kernel.tar.gz): 15.04s
put_archive(/tmp/ktest_lustre_mainline_native_hkwd_avx.tar): 42.73s
put_archive(/tmp/ktest-lustre.tar.gz): 42.91s
put_archive(/tmp/ktest_lustre_mainline_native_hkwd_avx.tar): 42.76s
put_archive(/tmp/ktest_lustre_mainline_native_hkwd_avx.tar): 47.09s
put_archive(/tmp/ktest_lustre_mainline_native_hkwd_avx.tar): 54.30s
put_archive(/tmp/ktest_lustre_mainline_native_hkwd_avx.tar): 45.86s
put_archive(/tmp/ktest_lustre_mainline_native_hkwd_avx.tar): 41.87s
put_archive(/tmp/ktest_lustre_mainline_native_hkwd_avx.tar): 41.94s
put_archive(/tmp/ktest-kernel.tar.gz): 42.26s
Job clang-tidy completed: SUCCESS (return code = 0, log: /tmp/ktest-results/clang-tidy.log)
Job mgs-setup completed: SUCCESS (return code = 0, log: /tmp/ktest-results/mgs-setup.log)
Job sanity-2 completed: SUCCESS (return code = 0, log: /tmp/ktest-results/sanity-2.log)
Job boot completed: SUCCESS (return code = 0, log: /tmp/ktest-results/boot.log)
put_archive(/tmp/ktest-lustre.tar.gz): 28.55s
put_archive(/tmp/ktest_lustre_mainline_native_hkwd_avx.tar): 11.49s
Job llog-unit completed: SUCCESS (return code = 0, log: /tmp/ktest-results/llog-unit.log)
Job cc-plugin completed: FAILED (return code = 127, log: /tmp/ktest-results/cc-plugin.log)
Job llmount completed: SUCCESS (return code = 0, log: /tmp/ktest-results/llmount.log)
Job sanity-3 completed: SUCCESS (return code = 0, log: /tmp/ktest-results/sanity-3.log)
Job sanity-1 completed: SUCCESS (return code = 0, log: /tmp/ktest-results/sanity-1.log)
Job sanity-4 completed: SUCCESS (return code = 0, log: /tmp/ktest-results/sanity-4.log)

============================================================
Final Results:
  checkpatch: FAILED (return code = 1, log: /tmp/ktest-results/checkpatch.log)
  lustre_u24: SUCCESS (return code = 0, log: /tmp/ktest-results/lustre_u24.log)
  lustre_al2023: SUCCESS (return code = 0, log: /tmp/ktest-results/lustre_al2023.log)
  lustre_mainline_strict: FAILED (return code = 1, log: /tmp/ktest-results/lustre_mainline_strict.log)
  lustre_mainline: SUCCESS (return code = 0, log: /tmp/ktest-results/lustre_mainline.log)
  lustre_mainline_native: SUCCESS (return code = 0, log: /tmp/ktest-results/lustre_mainline_native.log)
  clang-tidy: SUCCESS (return code = 0, log: /tmp/ktest-results/clang-tidy.log)
  cc-plugin: FAILED (return code = 127, log: /tmp/ktest-results/cc-plugin.log)
  boot: SUCCESS (return code = 0, log: /tmp/ktest-results/boot.log)
  llmount: SUCCESS (return code = 0, log: /tmp/ktest-results/llmount.log)
  llog-unit: SUCCESS (return code = 0, log: /tmp/ktest-results/llog-unit.log)
  mgs-setup: SUCCESS (return code = 0, log: /tmp/ktest-results/mgs-setup.log)
  sanity-1: SUCCESS (return code = 0, log: /tmp/ktest-results/sanity-1.log)
  sanity-2: SUCCESS (return code = 0, log: /tmp/ktest-results/sanity-2.log)
  sanity-3: SUCCESS (return code = 0, log: /tmp/ktest-results/sanity-3.log)
  sanity-4: SUCCESS (return code = 0, log: /tmp/ktest-results/sanity-4.log)