<html lang="en">
<body>
<pre>
Creating kernel tarball at /tmp/ktest-kernel.tar.gz...
Creating lustre tarball at /tmp/ktest-lustre.tar.gz...
Executing 16 jobs with dependencies
Jobs will start as soon as their dependencies are satisfied

Starting job: checkpatch (ktest-out: /tmp/ktest_checkpatch_qoc5zcxx)
Starting job: lustre_u24 (ktest-out: /tmp/ktest_lustre_u24_2twgbwo0)
Starting job: lustre_al2023 (ktest-out: /tmp/ktest_lustre_al2023_8jyz40tg)
Starting job: lustre_mainline_native (ktest-out: /tmp/ktest_lustre_mainline_native_6t3m5pst)
Starting job: lustre_mainline_strict (ktest-out: /tmp/ktest_lustre_mainline_strict_c0dw9x8e)
Starting job: lustre_mainline (ktest-out: /tmp/ktest_lustre_mainline_q3yduucn)
put_archive(/tmp/ktest-kernel.tar.gz): 6.96s
put_archive(/tmp/ktest-kernel.tar.gz): 7.22s
put_archive(/tmp/ktest-kernel.tar.gz): 7.26s
put_archive(/tmp/ktest-kernel.tar.gz): 7.41s
put_archive(/tmp/ktest-kernel.tar.gz): 7.47s
put_archive(/tmp/ktest-kernel.tar.gz): 7.14s
put_archive(/tmp/ktest-lustre.tar.gz): 1.20s
put_archive(/tmp/ktest-lustre.tar.gz): 0.39s
put_archive(/tmp/ktest-lustre.tar.gz): 0.52s
put_archive(/tmp/ktest-lustre.tar.gz): 0.80s
put_archive(/tmp/ktest-lustre.tar.gz): 0.68s
put_archive(/tmp/ktest-lustre.tar.gz): 0.97s
Job checkpatch completed: SUCCESS (return code = 0, log: /tmp/ktest-results/checkpatch.log)
Job lustre_al2023 completed: SUCCESS (return code = 0, log: /tmp/ktest-results/lustre_al2023.log)
Job lustre_u24 completed: SUCCESS (return code = 0, log: /tmp/ktest-results/lustre_u24.log)
get_archive(ktest-out): 4.09s
Job lustre_mainline_strict completed: FAILED (return code = 1, log: /tmp/ktest-results/lustre_mainline_strict.log)
get_archive(ktest-out): 2.28s
get_archive(ktest-out): 2.34s
Job lustre_mainline_native completed: SUCCESS (return code = 0, log: /tmp/ktest-results/lustre_mainline_native.log)
Starting job: clang-tidy (ktest-out: /tmp/ktest_lustre_mainline_native_6t3m5pst)
Starting job: cc-plugin (ktest-out: /tmp/ktest_lustre_mainline_native_6t3m5pst)
Starting job: boot (ktest-out: /tmp/ktest_lustre_mainline_native_6t3m5pst)
Starting job: llmount (ktest-out: /tmp/ktest_lustre_mainline_native_6t3m5pst)
Starting job: llog-unit (ktest-out: /tmp/ktest_lustre_mainline_native_6t3m5pst)
Starting job: mgs-setup (ktest-out: /tmp/ktest_lustre_mainline_native_6t3m5pst)
Starting job: sanity-1 (ktest-out: /tmp/ktest_lustre_mainline_native_6t3m5pst)
Starting job: sanity-2 (ktest-out: /tmp/ktest_lustre_mainline_native_6t3m5pst)
Starting job: sanity-3 (ktest-out: /tmp/ktest_lustre_mainline_native_6t3m5pst)
Starting job: sanity-4 (ktest-out: /tmp/ktest_lustre_mainline_native_6t3m5pst)
Job lustre_mainline completed: SUCCESS (return code = 0, log: /tmp/ktest-results/lustre_mainline.log)
put_archive(/tmp/ktest_lustre_mainline_native_6t3m5pst.tar): 2.43s
put_archive(/tmp/ktest_lustre_mainline_native_6t3m5pst.tar): 2.72s
put_archive(/tmp/ktest_lustre_mainline_native_6t3m5pst.tar): 7.79s
put_archive(/tmp/ktest_lustre_mainline_native_6t3m5pst.tar): 8.88s
put_archive(/tmp/ktest-kernel.tar.gz): 14.53s
put_archive(/tmp/ktest_lustre_mainline_native_6t3m5pst.tar): 13.20s
put_archive(/tmp/ktest-kernel.tar.gz): 14.53s
put_archive(/tmp/ktest_lustre_mainline_native_6t3m5pst.tar): 12.29s
put_archive(/tmp/ktest-lustre.tar.gz): 2.90s
put_archive(/tmp/ktest-lustre.tar.gz): 10.94s
put_archive(/tmp/ktest_lustre_mainline_native_6t3m5pst.tar): 10.60s
put_archive(/tmp/ktest_lustre_mainline_native_6t3m5pst.tar): 10.76s
put_archive(/tmp/ktest_lustre_mainline_native_6t3m5pst.tar): 9.70s
put_archive(/tmp/ktest_lustre_mainline_native_6t3m5pst.tar): 17.60s
Job boot completed: SUCCESS (return code = 0, log: /tmp/ktest-results/boot.log)
Job cc-plugin completed: FAILED (return code = 127, log: /tmp/ktest-results/cc-plugin.log)
Job clang-tidy completed: SUCCESS (return code = 0, log: /tmp/ktest-results/clang-tidy.log)
Job mgs-setup completed: SUCCESS (return code = 0, log: /tmp/ktest-results/mgs-setup.log)
Job sanity-2 completed: SUCCESS (return code = 0, log: /tmp/ktest-results/sanity-2.log)
Job sanity-1 completed: SUCCESS (return code = 0, log: /tmp/ktest-results/sanity-1.log)
Job llmount completed: SUCCESS (return code = 0, log: /tmp/ktest-results/llmount.log)
Job sanity-3 completed: SUCCESS (return code = 0, log: /tmp/ktest-results/sanity-3.log)
Job llog-unit completed: SUCCESS (return code = 0, log: /tmp/ktest-results/llog-unit.log)
Job sanity-4 completed: SUCCESS (return code = 0, log: /tmp/ktest-results/sanity-4.log)

============================================================
Final Results:
  checkpatch: SUCCESS (return code = 0, log: /tmp/ktest-results/checkpatch.log)
  lustre_u24: SUCCESS (return code = 0, log: /tmp/ktest-results/lustre_u24.log)
  lustre_al2023: SUCCESS (return code = 0, log: /tmp/ktest-results/lustre_al2023.log)
  lustre_mainline_strict: FAILED (return code = 1, log: /tmp/ktest-results/lustre_mainline_strict.log)
  lustre_mainline: SUCCESS (return code = 0, log: /tmp/ktest-results/lustre_mainline.log)
  lustre_mainline_native: SUCCESS (return code = 0, log: /tmp/ktest-results/lustre_mainline_native.log)
  clang-tidy: SUCCESS (return code = 0, log: /tmp/ktest-results/clang-tidy.log)
  cc-plugin: FAILED (return code = 127, log: /tmp/ktest-results/cc-plugin.log)
  boot: SUCCESS (return code = 0, log: /tmp/ktest-results/boot.log)
  llmount: SUCCESS (return code = 0, log: /tmp/ktest-results/llmount.log)
  llog-unit: SUCCESS (return code = 0, log: /tmp/ktest-results/llog-unit.log)
  mgs-setup: SUCCESS (return code = 0, log: /tmp/ktest-results/mgs-setup.log)
  sanity-1: SUCCESS (return code = 0, log: /tmp/ktest-results/sanity-1.log)
  sanity-2: SUCCESS (return code = 0, log: /tmp/ktest-results/sanity-2.log)
  sanity-3: SUCCESS (return code = 0, log: /tmp/ktest-results/sanity-3.log)
  sanity-4: SUCCESS (return code = 0, log: /tmp/ktest-results/sanity-4.log)
</pre>
</body>
</html>
