Creating kernel tarball at /tmp/ktest-kernel.tar.gz...
Creating lustre tarball at /tmp/ktest-lustre.tar.gz...
Executing 16 jobs with dependencies
Jobs will start as soon as their dependencies are satisfied

Starting job: lustre_u24 (ktest-out: /tmp/ktest_lustre_u24_53h2oiku)
Starting job: lustre_al2023 (ktest-out: /tmp/ktest_lustre_al2023_hn5ywazj)
Starting job: lustre_mainline (ktest-out: /tmp/ktest_lustre_mainline_1ztjippt)
Starting job: lustre_mainline_strict (ktest-out: /tmp/ktest_lustre_mainline_strict_uj2qzbrs)
Starting job: lustre_mainline_native (ktest-out: /tmp/ktest_lustre_mainline_native_lknsm95x)
Starting job: checkpatch (ktest-out: /tmp/ktest_checkpatch__gyx52fq)
put_archive(/tmp/ktest-kernel.tar.gz): 6.57s
put_archive(/tmp/ktest-kernel.tar.gz): 9.07s
put_archive(/tmp/ktest-kernel.tar.gz): 9.03s
put_archive(/tmp/ktest-kernel.tar.gz): 8.58s
put_archive(/tmp/ktest-kernel.tar.gz): 8.76s
put_archive(/tmp/ktest-kernel.tar.gz): 9.97s
put_archive(/tmp/ktest-lustre.tar.gz): 11.05s
put_archive(/tmp/ktest-lustre.tar.gz): 8.03s
put_archive(/tmp/ktest-lustre.tar.gz): 7.72s
put_archive(/tmp/ktest-lustre.tar.gz): 7.91s
put_archive(/tmp/ktest-lustre.tar.gz): 8.26s
put_archive(/tmp/ktest-lustre.tar.gz): 7.62s
Job checkpatch completed: SUCCESS (return code = 0, log: /tmp/ktest-results/checkpatch.log)
Job lustre_al2023 completed: SUCCESS (return code = 0, log: /tmp/ktest-results/lustre_al2023.log)
Job lustre_u24 completed: SUCCESS (return code = 0, log: /tmp/ktest-results/lustre_u24.log)
get_archive(ktest-out): 3.44s
Job lustre_mainline_strict completed: FAILED (return code = 1, log: /tmp/ktest-results/lustre_mainline_strict.log)
get_archive(ktest-out): 3.07s
get_archive(ktest-out): 3.14s
Job lustre_mainline completed: SUCCESS (return code = 0, log: /tmp/ktest-results/lustre_mainline.log)
Job lustre_mainline_native completed: SUCCESS (return code = 0, log: /tmp/ktest-results/lustre_mainline_native.log)
Starting job: clang-tidy (ktest-out: /tmp/ktest_lustre_mainline_native_lknsm95x)
Starting job: cc-plugin (ktest-out: /tmp/ktest_lustre_mainline_native_lknsm95x)
Starting job: boot (ktest-out: /tmp/ktest_lustre_mainline_native_lknsm95x)
Starting job: llmount (ktest-out: /tmp/ktest_lustre_mainline_native_lknsm95x)
Starting job: llog-unit (ktest-out: /tmp/ktest_lustre_mainline_native_lknsm95x)
Starting job: mgs-setup (ktest-out: /tmp/ktest_lustre_mainline_native_lknsm95x)
Starting job: sanity-1 (ktest-out: /tmp/ktest_lustre_mainline_native_lknsm95x)
Starting job: sanity-2 (ktest-out: /tmp/ktest_lustre_mainline_native_lknsm95x)
Starting job: sanity-3 (ktest-out: /tmp/ktest_lustre_mainline_native_lknsm95x)
Starting job: sanity-4 (ktest-out: /tmp/ktest_lustre_mainline_native_lknsm95x)
put_archive(/tmp/ktest_lustre_mainline_native_lknsm95x.tar): 9.48s
put_archive(/tmp/ktest-kernel.tar.gz): 9.49s
put_archive(/tmp/ktest_lustre_mainline_native_lknsm95x.tar): 9.29s
put_archive(/tmp/ktest-lustre.tar.gz): 15.30s
put_archive(/tmp/ktest_lustre_mainline_native_lknsm95x.tar): 19.21s
put_archive(/tmp/ktest_lustre_mainline_native_lknsm95x.tar): 33.93s
put_archive(/tmp/ktest_lustre_mainline_native_lknsm95x.tar): 39.47s
put_archive(/tmp/ktest_lustre_mainline_native_lknsm95x.tar): 35.07s
put_archive(/tmp/ktest_lustre_mainline_native_lknsm95x.tar): 35.16s
put_archive(/tmp/ktest_lustre_mainline_native_lknsm95x.tar): 38.43s
put_archive(/tmp/ktest-kernel.tar.gz): 53.68s
put_archive(/tmp/ktest_lustre_mainline_native_lknsm95x.tar): 47.36s
Job cc-plugin completed: FAILED (return code = 127, log: /tmp/ktest-results/cc-plugin.log)
put_archive(/tmp/ktest-lustre.tar.gz): 23.35s
put_archive(/tmp/ktest_lustre_mainline_native_lknsm95x.tar): 9.56s
Job boot completed: SUCCESS (return code = 0, log: /tmp/ktest-results/boot.log)
Job sanity-4 completed: SUCCESS (return code = 0, log: /tmp/ktest-results/sanity-4.log)
Job llog-unit completed: SUCCESS (return code = 0, log: /tmp/ktest-results/llog-unit.log)
Job clang-tidy completed: SUCCESS (return code = 0, log: /tmp/ktest-results/clang-tidy.log)
Job mgs-setup completed: SUCCESS (return code = 0, log: /tmp/ktest-results/mgs-setup.log)
Job sanity-3 completed: SUCCESS (return code = 0, log: /tmp/ktest-results/sanity-3.log)
Job llmount completed: SUCCESS (return code = 0, log: /tmp/ktest-results/llmount.log)
Job sanity-2 completed: SUCCESS (return code = 0, log: /tmp/ktest-results/sanity-2.log)
Job sanity-1 completed: SUCCESS (return code = 0, log: /tmp/ktest-results/sanity-1.log)

============================================================
Final Results:
  checkpatch: SUCCESS (return code = 0, log: /tmp/ktest-results/checkpatch.log)
  lustre_u24: SUCCESS (return code = 0, log: /tmp/ktest-results/lustre_u24.log)
  lustre_al2023: SUCCESS (return code = 0, log: /tmp/ktest-results/lustre_al2023.log)
  lustre_mainline_strict: FAILED (return code = 1, log: /tmp/ktest-results/lustre_mainline_strict.log)
  lustre_mainline: SUCCESS (return code = 0, log: /tmp/ktest-results/lustre_mainline.log)
  lustre_mainline_native: SUCCESS (return code = 0, log: /tmp/ktest-results/lustre_mainline_native.log)
  clang-tidy: SUCCESS (return code = 0, log: /tmp/ktest-results/clang-tidy.log)
  cc-plugin: FAILED (return code = 127, log: /tmp/ktest-results/cc-plugin.log)
  boot: SUCCESS (return code = 0, log: /tmp/ktest-results/boot.log)
  llmount: SUCCESS (return code = 0, log: /tmp/ktest-results/llmount.log)
  llog-unit: SUCCESS (return code = 0, log: /tmp/ktest-results/llog-unit.log)
  mgs-setup: SUCCESS (return code = 0, log: /tmp/ktest-results/mgs-setup.log)
  sanity-1: SUCCESS (return code = 0, log: /tmp/ktest-results/sanity-1.log)
  sanity-2: SUCCESS (return code = 0, log: /tmp/ktest-results/sanity-2.log)
  sanity-3: SUCCESS (return code = 0, log: /tmp/ktest-results/sanity-3.log)
  sanity-4: SUCCESS (return code = 0, log: /tmp/ktest-results/sanity-4.log)