<html lang="en">
<body>
<pre>
PLUGIN
[1/303] Processing file /tmp/ktest-out/lustre_build.x86_64/lnet/selftest/ping_test.c
[2/303] Processing file /tmp/ktest-out/lustre_build.x86_64/lustre/osc/osc_quota.c
[3/303] Processing file /tmp/ktest-out/lustre_build.x86_64/lustre/mdd/mdd_permission.c
[4/303] Processing file /tmp/ktest-out/lustre_build.x86_64/lustre/lov/lproc_lov.c
[5/303] Processing file /tmp/ktest-out/lustre_build.x86_64/lustre/lmv/lmv_fld.c
[6/303] Processing file /tmp/ktest-out/lustre_build.x86_64/lustre/llite/crypto.c
[7/303] Processing file /tmp/ktest-out/lustre_build.x86_64/lustre/fld/fld_cache.c
[8/303] Processing file /tmp/ktest-out/lustre_build.x86_64/lustre/mdd/mdd_dir.c
[9/303] Processing file /tmp/ktest-out/lustre_build.x86_64/lustre/ofd/ofd_access_log.c
[10/303] Processing file /tmp/ktest-out/lustre_build.x86_64/lustre/mdt/mdt_som.c
[11/303] Processing file /tmp/ktest-out/lustre_build.x86_64/lustre/llite/lproc_llite.c
[12/303] Processing file /tmp/ktest-out/lustre_build.x86_64/lustre/quota/qsd_request.c
[13/303] Processing file /tmp/ktest-out/lustre_build.x86_64/lustre/ptlrpc/pinger.c
[14/303] Processing file /tmp/ktest-out/lustre_build.x86_64/lustre/lod/lod_lov.c
[15/303] Processing file /tmp/ktest-out/lustre_build.x86_64/lustre/ptlrpc/ptlrpcd.c
[16/303] Processing file /tmp/ktest-out/lustre_build.x86_64/lustre/ptlrpc/pers.c
[17/303] Processing file /tmp/ktest-out/lustre_build.x86_64/lustre/ldlm/ldlm_plain.c
[18/303] Processing file /tmp/ktest-out/lustre_build.x86_64/lnet/lnet/lib-socket.c
[19/303] Processing file /tmp/ktest-out/lustre_build.x86_64/lustre/ptlrpc/heap.c
[20/303] Processing file /tmp/ktest-out/lustre_build.x86_64/lnet/klnds/socklnd/socklnd_proto.c
[21/303] Processing file /tmp/ktest-out/lustre_build.x86_64/lustre/quota/qsd_handler.c
[22/303] Processing file /tmp/ktest-out/lustre_build.x86_64/lustre/ptlrpc/nrs_delay.c
[23/303] Processing file /tmp/ktest-out/lustre_build.x86_64/lustre/mgc/mgc_request_server.c
[24/303] Processing file /tmp/ktest-out/lustre_build.x86_64/lustre/fld/fld_index.c
[25/303] Processing file /tmp/ktest-out/lustre_build.x86_64/lustre/llite/xattr_security.c
[26/303] Processing file /tmp/ktest-out/lustre_build.x86_64/lustre/llite/file.c
[27/303] Processing file /tmp/ktest-out/lustre_build.x86_64/lustre/mdt/mdt_batch.c
[28/303] Processing file /tmp/ktest-out/lustre_build.x86_64/lnet/lnet/acceptor.c
[29/303] Processing file /tmp/ktest-out/lustre_build.x86_64/lustre/llite/super25.c
[30/303] Processing file /tmp/ktest-out/lustre_build.x86_64/lnet/lnet/api-ni.c
[31/303] Processing file /tmp/ktest-out/lustre_build.x86_64/lustre/obdclass/llog_swab.c
[32/303] Processing file /tmp/ktest-out/lustre_build.x86_64/lustre/mdc/lproc_mdc.c
[0;1;31merror: [0m[1merror opening 'lustre/llite/.crypto.o.d': No such file or directory[0m
1 error generated.
Error while processing /tmp/ktest-out/lustre_build.x86_64/lustre/llite/crypto.c.
[33/303] Processing file /tmp/ktest-out/lustre_build.x86_64/lustre/lov/lov_page.c
[0;1;31merror: [0m[1merror opening 'lustre/ofd/.ofd_access_log.o.d': No such file or directory[0m
1 error generated.
Error while processing /tmp/ktest-out/lustre_build.x86_64/lustre/ofd/ofd_access_log.c.
[34/303] Processing file /tmp/ktest-out/lustre_build.x86_64/lustre/ofd/lproc_ofd.c
[1mlustre/llite/file.c:2518:29: [0m[0;1;35mwarning: [0m[1mimplicit truncation from 'int' to a one-bit wide bit-field changes value from 1 to -1 [-Wsingle-bit-bitfield-constant-conversion][0m
 2518 |                 args->via_hybrid_switched = [0;32m1[0m;[0m
      | [0;1;32m                                          ^ ~
[0m[0;1;31merror: [0m[1merror opening 'lnet/selftest/.ping_test.o.d': No such file or directory[0m
1 error generated.
Error while processing /tmp/ktest-out/lustre_build.x86_64/lnet/selftest/ping_test.c.
[35/303] Processing file /tmp/ktest-out/lustre_build.x86_64/lustre/ptlrpc/nrs.c
[0;1;31merror: [0m[1merror opening 'lustre/ptlrpc/../../lustre/ldlm/.ldlm_plain.o.d': No such file or directory[0m
1 error generated.
Error while processing /tmp/ktest-out/lustre_build.x86_64/lustre/ldlm/ldlm_plain.c.
[36/303] Processing file /tmp/ktest-out/lustre_build.x86_64/lustre/llite/pcc.c
[0;1;31merror: [0m[1merror opening 'lustre/mdt/.mdt_batch.o.d': No such file or directory[0m
1 error generated.
Error while processing /tmp/ktest-out/lustre_build.x86_64/lustre/mdt/mdt_batch.c.
[37/303] Processing file /tmp/ktest-out/lustre_build.x86_64/lustre/mgs/mgs_barrier.c
[0;1;31merror: [0m[1merror opening 'lustre/llite/.lproc_llite.o.d': No such file or directory[0m
1 error generated.
Error while processing /tmp/ktest-out/lustre_build.x86_64/lustre/llite/lproc_llite.c.
[38/303] Processing file /tmp/ktest-out/lustre_build.x86_64/lustre/quota/qsd_reint.c
[0;1;31merror: [0m[1merror opening 'lustre/llite/.file.o.d': No such file or directory[0m
1 warning and 1 error generated.
Error while processing /tmp/ktest-out/lustre_build.x86_64/lustre/llite/file.c.
[39/303] Processing file /tmp/ktest-out/lustre_build.x86_64/lustre/mdd/mdd_lproc.c
[0;1;31merror: [0m[1merror opening 'lnet/lnet/.acceptor.o.d': No such file or directory[0m
1 error generated.
Error while processing /tmp/ktest-out/lustre_build.x86_64/lnet/lnet/acceptor.c.
[40/303] Processing file /tmp/ktest-out/lustre_build.x86_64/lustre/mdc/mdc_dev.c
[0;1;31merror: [0m[1merror opening 'lustre/fld/.fld_cache.o.d': No such file or directory[0m
1 error generated.
Error while processing /tmp/ktest-out/lustre_build.x86_64/lustre/fld/fld_cache.c.
[41/303] Processing file /tmp/ktest-out/lustre_build.x86_64/lustre/llite/llite_nfs.c
[0;1;31merror: [0m[1merror opening 'lnet/lnet/.lib-socket.o.d': No such file or directory[0m
1 error generated.
Error while processing /tmp/ktest-out/lustre_build.x86_64/lnet/lnet/lib-socket.c.
[42/303] Processing file /tmp/ktest-out/lustre_build.x86_64/lustre/kunit/ldlm_extent.c
[0;1;31merror: [0m[1merror opening 'lustre/ptlrpc/.pers.o.d': No such file or directory[0m
1 error generated.
Error while processing /tmp/ktest-out/lustre_build.x86_64/lustre/ptlrpc/pers.c.
[43/303] Processing file /tmp/ktest-out/lustre_build.x86_64/lustre/ldlm/ldlm_inodebits.c
[0;1;31merror: [0m[1merror opening 'lustre/fld/.fld_index.o.d': No such file or directory[0m
1 error generated.
Error while processing /tmp/ktest-out/lustre_build.x86_64/lustre/fld/fld_index.c.
[44/303] Processing file /tmp/ktest-out/lustre_build.x86_64/lustre/mdt/mdt_identity.c
[0;1;31merror: [0m[1merror opening 'lustre/quota/.qsd_handler.o.d': No such file or directory[0m
1 error generated.
Error while processing /tmp/ktest-out/lustre_build.x86_64/lustre/quota/qsd_handler.c.
[45/303] Processing file /tmp/ktest-out/lustre_build.x86_64/lustre/obdecho/debug.c
[0;1;31merror: [0m[1merror opening 'lnet/lnet/.api-ni.o.d': No such file or directory[0m
1 error generated.
Error while processing /tmp/ktest-out/lustre_build.x86_64/lnet/lnet/api-ni.c.
[46/303] Processing file /tmp/ktest-out/lustre_build.x86_64/lnet/klnds/socklnd/socklnd_cb.c
[0;1;31merror: [0m[1merror opening 'lustre/lmv/.lmv_fld.o.d': No such file or directory[0m
1 error generated.
Error while processing /tmp/ktest-out/lustre_build.x86_64/lustre/lmv/lmv_fld.c.
[47/303] Processing file /tmp/ktest-out/lustre_build.x86_64/lustre/osp/osp_sync.c
[0;1;31merror: [0m[1merror opening 'lustre/mdt/.mdt_som.o.d': No such file or directory[0m
1 error generated.
Error while processing /tmp/ktest-out/lustre_build.x86_64/lustre/mdt/mdt_som.c.
[48/303] Processing file /tmp/ktest-out/lustre_build.x86_64/lustre/mdc/mdc_request.c
[0;1;31merror: [0m[1merror opening 'lustre/lod/.lod_lov.o.d': No such file or directory[0m
1 error generated.
Error while processing /tmp/ktest-out/lustre_build.x86_64/lustre/lod/lod_lov.c.
[49/303] Processing file /tmp/ktest-out/lustre_build.x86_64/lustre/ptlrpc/nrs_crr.c
[0;1;31merror: [0m[1merror opening 'lustre/ptlrpc/.ptlrpcd.o.d': No such file or directory[0m
1 error generated.
Error while processing /tmp/ktest-out/lustre_build.x86_64/lustre/ptlrpc/ptlrpcd.c.
[50/303] Processing file /tmp/ktest-out/lustre_build.x86_64/lustre/obdclass/hash.c
[0;1;31merror: [0m[1merror opening 'lustre/mdc/.lproc_mdc.o.d': No such file or directory[0m
1 error generated.
Error while processing /tmp/ktest-out/lustre_build.x86_64/lustre/mdc/lproc_mdc.c.
[51/303] Processing file /tmp/ktest-out/lustre_build.x86_64/lustre/ofd/ofd_obd.c
[0;1;31merror: [0m[1merror opening 'lustre/ptlrpc/.pinger.o.d': No such file or directory[0m
1 error generated.
Error while processing /tmp/ktest-out/lustre_build.x86_64/lustre/ptlrpc/pinger.c.
[52/303] Processing file /tmp/ktest-out/lustre_build.x86_64/lustre/llite/dcache.c
[0;1;31merror: [0m[1merror opening 'lustre/ptlrpc/.nrs_delay.o.d': No such file or directory[0m
1 error generated.
Error while processing [0;1;31merror: [0m[1merror opening 'lustre/ptlrpc/.heap.o.d': No such file or directory[0m
1 error generated.
Error while processing /tmp/ktest-out/lustre_build.x86_64/lustre/ptlrpc/heap.c.
[53/303] Processing file /tmp/ktest-out/lustre_build.x86_64/lustre/mdc/mdc_batch.c
/tmp/ktest-out/lustre_build.x86_64/lustre/ptlrpc/nrs_delay.c.
[54/303] Processing file /tmp/ktest-out/lustre_build.x86_64/lustre/quota/qsd_lock.c
[0;1;31merror: [0m[1merror opening 'lustre/llite/.xattr_security.o.d': No such file or directory[0m
1 error generated.
Error while processing /tmp/ktest-out/lustre_build.x86_64/lustre/llite/xattr_security.c.
[55/303] Processing file /tmp/ktest-out/lustre_build.x86_64/lustre/osc/osc_io.c
[0;1;31merror: [0m[1merror opening 'lustre/mdd/.mdd_permission.o.d': No such file or directory[0m
1 error generated.
Error while processing /tmp/ktest-out/lustre_build.x86_64/lustre/mdd/mdd_permission.c.
[56/303] Processing file /tmp/ktest-out/lustre_build.x86_64/lustre/ptlrpc/events.c
[0;1;31merror: [0m[1merror opening 'lustre/llite/.super25.o.d': No such file or directory[0m
1 error generated.
Error while processing /tmp/ktest-out/lustre_build.x86_64/lustre/llite/super25.c.
[57/303] Processing file /tmp/ktest-out/lustre_build.x86_64/lustre/obdecho/echo.c
[0;1;31merror: [0m[1merror opening 'lustre/osc/.osc_quota.o.d': No such file or directory[0m
1 error generated.
Error while processing /tmp/ktest-out/lustre_build.x86_64/lustre/osc/osc_quota.c.
[58/303] Processing file /tmp/ktest-out/lustre_build.x86_64/lustre/mdt/mdt_restripe.c
[0;1;31merror: [0m[1merror opening 'lustre/lov/.lproc_lov.o.d': No such file or directory[0m
1 error generated.
Error while processing /tmp/ktest-out/lustre_build.x86_64/lustre/lov/lproc_lov.c.
[59/303] Processing file /tmp/ktest-out/lustre_build.x86_64/lustre/ptlrpc/sec_lproc.c
[0;1;31merror: [0m[1merror opening 'lustre/mgc/.mgc_request_server.o.d': No such file or directory[0m
1 error generated.
Error while processing /tmp/ktest-out/lustre_build.x86_64/lustre/mgc/mgc_request_server.c.
[60/303] Processing file /tmp/ktest-out/lustre_build.x86_64/lustre/ptlrpc/niobuf.c
[0;1;31merror: [0m[1merror opening 'lnet/klnds/socklnd/.socklnd_proto.o.d': No such file or directory[0m
1 error generated.
Error while processing /tmp/ktest-out/lustre_build.x86_64/lnet/klnds/socklnd/socklnd_proto.c.
[61/303] Processing file /tmp/ktest-out/lustre_build.x86_64/lustre/osp/osp_object.c
[0;1;31merror: [0m[1merror opening 'lustre/ptlrpc/.nrs.o.d': No such file or directory[0m
1 error generated.
Error while processing /tmp/ktest-out/lustre_build.x86_64/lustre/ptlrpc/nrs.c.
[62/303] Processing file /tmp/ktest-out/lustre_build.x86_64/lustre/osd-wbcfs/osd_handler.c
[0;1;31merror: [0m[1merror opening 'lustre/mdd/.mdd_dir.o.d': No such file or directory[0m
1 error generated.
Error while processing /tmp/ktest-out/lustre_build.x86_64/lustre/mdd/mdd_dir.c.
[63/303] Processing file /tmp/ktest-out/lustre_build.x86_64/lnet/lnet/lib-cpt.c
[0;1;31merror: [0m[1merror opening 'lustre/obdclass/.llog_swab.o.d': No such file or directory[0m
1 error generated.
Error while processing /tmp/ktest-out/lustre_build.x86_64/lustre/obdclass/llog_swab.c.
[64/303] Processing file /tmp/ktest-out/lustre_build.x86_64/lustre/llite/vvp_object.c
[0;1;31merror: [0m[1merror opening 'lustre/quota/.qsd_request.o.d': No such file or directory[0m
1 error generated.
Error while processing /tmp/ktest-out/lustre_build.x86_64/lustre/quota/qsd_request.c.
[65/303] Processing file /tmp/ktest-out/lustre_build.x86_64/lustre/mgs/mgs_handler.c
[0;1;31merror: [0m[1merror opening 'lustre/kunit/.ldlm_extent.o.d': No such file or directory[0m
1 error generated.
Error while processing /tmp/ktest-out/lustre_build.x86_64/lustre/kunit/ldlm_extent.c.
[66/303] Processing file /tmp/ktest-out/lustre_build.x86_64/lnet/klnds/socklnd/socklnd.c
[0;1;31merror: [0m[1merror opening 'lustre/lov/.lov_page.o.d': No such file or directory[0m
1 error generated.
Error while processing /tmp/ktest-out/lustre_build.x86_64/lustre/lov/lov_page.c.
[67/303] Processing file /tmp/ktest-out/lustre_build.x86_64/lustre/ptlrpc/import.c
[0;1;31merror: [0m[1merror opening 'lustre/mdc/.mdc_batch.o.d': No such file or directory[0m
1 error generated.
Error while processing /tmp/ktest-out/lustre_build.x86_64/lustre/mdc/mdc_batch.c.
[68/303] Processing file /tmp/ktest-out/lustre_build.x86_64/lustre/llite/vvp_dev.c
[0;1;31merror: [0m[1merror opening 'lustre/obdecho/.debug.o.d': No such file or directory[0m
1 error generated.
Error while processing /tmp/ktest-out/lustre_build.x86_64/lustre/obdecho/debug.c.
[69/303] Processing file /tmp/ktest-out/lustre_build.x86_64/lustre/mdc/mdc_acl.c
[0;1;31merror: [0m[1merror opening 'lustre/llite/.pcc.o.d': No such file or directory[0m
1 error generated.
Error while processing /tmp/ktest-out/lustre_build.x86_64/lustre/llite/pcc.c.
[70/303] Processing file /tmp/ktest-out/lustre_build.x86_64/lustre/lov/lov_lock.c
[0;1;31merror: [0m[1merror opening 'lustre/ptlrpc/../../lustre/ldlm/.ldlm_inodebits.o.d': No such file or directory[0m
1 error generated.
Error while processing /tmp/ktest-out/lustre_build.x86_64/lustre/ldlm/ldlm_inodebits.c.
[71/303] Processing file /tmp/ktest-out/lustre_build.x86_64/lustre/quota/qsd_writeback.c
[0;1;31merror: [0m[1merror opening 'lustre/mdt/.mdt_identity.o.d': No such file or directory[0m
1 error generated.
Error while processing /tmp/ktest-out/lustre_build.x86_64/lustre/mdt/mdt_identity.c.
[72/303] Processing file /tmp/ktest-out/lustre_build.x86_64/lustre/lfsck/lfsck_bookmark.c
[0;1;31merror: [0m[1merror opening 'lustre/mgs/.mgs_barrier.o.d': No such file or directory[0m
1 error generated.
Error while processing /tmp/ktest-out/lustre_build.x86_64/lustre/mgs/mgs_barrier.c.
[73/303] Processing file /tmp/ktest-out/lustre_build.x86_64/lustre/quota/qsd_lib.c
[0;1;31merror: [0m[1merror opening 'lustre/ptlrpc/.nrs_crr.o.d': No such file or directory[0m
1 error generated.
Error while processing /tmp/ktest-out/lustre_build.x86_64/lustre/ptlrpc/nrs_crr.c.
[74/303] Processing file /tmp/ktest-out/lustre_build.x86_64/lustre/target/update_recovery.c
[0;1;31merror: [0m[1merror opening 'lustre/ofd/.lproc_ofd.o.d': No such file or directory[0m
1 error generated.
Error while processing /tmp/ktest-out/lustre_build.x86_64/lustre/ofd/lproc_ofd.c.
[75/303] Processing file /tmp/ktest-out/lustre_build.x86_64/lustre/fld/lproc_fld.c
[0;1;31merror: [0m[1merror opening 'lustre/osc/.osc_io.o.d': No such file or directory[0m
1 error generated.
Error while processing /tmp/ktest-out/lustre_build.x86_64/lustre/osc/osc_io.c.
[76/303] Processing file /tmp/ktest-out/lustre_build.x86_64/lustre/llite/symlink.c
[0;1;31merror: [0m[1merror opening 'lustre/mdc/.mdc_dev.o.d': No such file or directory[0m
1 error generated.
Error while processing /tmp/ktest-out/lustre_build.x86_64/lustre/mdc/mdc_dev.c.
[77/303] Processing file /tmp/ktest-out/lustre_build.x86_64/lustre/llite/lcommon_misc.c
[0;1;31merror: [0m[1merror opening 'lustre/mgs/.mgs_handler.o.d': No such file or directory[0m
1 error generated.
Error while processing /tmp/ktest-out/lustre_build.x86_64/lustre/mgs/mgs_handler.c.
[78/303] Processing file /tmp/ktest-out/lustre_build.x86_64/lustre/mdc/mdc_changelog.c
[0;1;31merror: [0m[1merror opening 'lnet/lnet/.lib-cpt.o.d': No such file or directory[0m
1 error generated.
Error while processing /tmp/ktest-out/lustre_build.x86_64/lnet/lnet/lib-cpt.c.
[79/303] Processing file /tmp/ktest-out/lustre_build.x86_64/lustre/lov/lovsub_dev.c
[0;1;31merror: [0m[1merror opening 'lustre/llite/.vvp_object.o.d': No such file or directory[0m
1 error generated.
Error while processing /tmp/ktest-out/lustre_build.x86_64/lustre/llite/vvp_object.c.
[80/303] Processing file /tmp/ktest-out/lustre_build.x86_64/lustre/osd-wbcfs/osd_io.c
[0;1;31merror: [0m[1merror opening 'lustre/obdecho/.echo.o.d': No such file or directory[0m
1 error generated.
Error while processing /tmp/ktest-out/lustre_build.x86_64/lustre/obdecho/echo.c.
[81/303] Processing file /tmp/ktest-out/lustre_build.x86_64/lustre/osd-wbcfs/osd_dirent.c
[0;1;31merror: [0m[1merror opening 'lustre/mdc/.mdc_acl.o.d': No such file or directory[0m
1 error generated.
Error while processing /tmp/ktest-out/lustre_build.x86_64/lustre/mdc/mdc_acl.c.
[82/303] Processing file /tmp/ktest-out/lustre_build.x86_64/lustre/ptlrpc/ptlrpc_module.c
[0;1;31merror: [0m[1merror opening 'lustre/mdc/.mdc_request.o.d': No such file or directory[0m
1 error generated.
Error while processing /tmp/ktest-out/lustre_build.x86_64/lustre/mdc/mdc_request.c.
[83/303] Processing file /tmp/ktest-out/lustre_build.x86_64/libcfs/libcfs/debug.c
[0;1;31merror: [0m[1merror opening 'lustre/quota/.qsd_reint.o.d': No such file or directory[0m
1 error generated.
Error while processing /tmp/ktest-out/lustre_build.x86_64/lustre/quota/qsd_reint.c.
[84/303] Processing file /tmp/ktest-out/lustre_build.x86_64/lustre/lov/lov_io.c
[0;1;31merror: [0m[1merror opening 'lustre/osp/.osp_sync.o.d': No such file or directory[0m
1 error generated.
Error while processing /tmp/ktest-out/lustre_build.x86_64/lustre/osp/osp_sync.c.
[85/303] Processing file /tmp/ktest-out/lustre_build.x86_64/lustre/ptlrpc/nodemap_range.c
[0;1;31merror: [0m[1merror opening 'lustre/mdd/.mdd_lproc.o.d': No such file or directory[0m
1 error generated.
Error while processing /tmp/ktest-out/lustre_build.x86_64/lustre/mdd/mdd_lproc.c.
[86/303] Processing file /tmp/ktest-out/lustre_build.x86_64/lustre/mdt/mdt_hsm_cdt_agent.c
[0;1;31merror: [0m[1merror opening 'lustre/lov/.lov_lock.o.d': No such file or directory[0m
1 error generated.
Error while processing /tmp/ktest-out/lustre_build.x86_64/lustre/lov/lov_lock.c.
[87/303] Processing file /tmp/ktest-out/lustre_build.x86_64/lustre/fid/lproc_fid.c
[0;1;31merror: [0m[1merror opening 'lustre/osp/.osp_object.o.d': No such file or directory[0m
1 error generated.
Error while processing /tmp/ktest-out/lustre_build.x86_64/lustre/osp/osp_object.c.
[88/303] Processing file /tmp/ktest-out/lustre_build.x86_64/lustre/ptlrpc/nodemap_fileset_alt.c
[0;1;31merror: [0m[1merror opening 'lnet/klnds/socklnd/.socklnd_cb.o.d': No such file or directory[0m
1 error generated.
Error while processing /tmp/ktest-out/lustre_build.x86_64/lnet/klnds/socklnd/socklnd_cb.c.
[89/303] Processing file /tmp/ktest-out/lustre_build.x86_64/lustre/mdt/mdt_hsm_cdt_client.c
[0;1;31merror: [0m[1merror opening 'lustre/osd-wbcfs/.osd_dirent.o.d': No such file or directory[0m
1 error generated.
Error while processing /tmp/ktest-out/lustre_build.x86_64/lustre/osd-wbcfs/osd_dirent.c.
[90/303] Processing file /tmp/ktest-out/lustre_build.x86_64/lustre/ldlm/ldlm_lock.c
[0;1;31merror: [0m[1merror opening 'lustre/ptlrpc/.import.o.d': No such file or directory[0m
1 error generated.
Error while processing /tmp/ktest-out/lustre_build.x86_64/lustre/ptlrpc/import.c.
[91/303] Processing file /tmp/ktest-out/lustre_build.x86_64/lustre/osp/osp_dev.c
[0;1;31merror: [0m[1merror opening 'lustre/llite/.symlink.o.d': No such file or directory[0m
1 error generated.
Error while processing /tmp/ktest-out/lustre_build.x86_64/lustre/llite/symlink.c.
[92/303] Processing file /tmp/ktest-out/lustre_build.x86_64/lnet/selftest/conctl.c
[0;1;31merror: [0m[1merror opening 'lustre/llite/.dcache.o.d': No such file or directory[0m
1 error generated.
Error while processing /tmp/ktest-out/lustre_build.x86_64/lustre/llite/dcache.c.
[93/303] Processing file /tmp/ktest-out/lustre_build.x86_64/lustre/llite/xattr_cache.c
[0;1;31merror: [0m[1merror opening 'lustre/quota/.qsd_writeback.o.d': No such file or directory[0m
1 error generated.
Error while processing /tmp/ktest-out/lustre_build.x86_64/lustre/quota/qsd_writeback.c.
[94/303] Processing file /tmp/ktest-out/lustre_build.x86_64/lnet/lnet/lnet-crypto.c
[0;1;31merror: [0m[1merror opening 'lustre/ptlrpc/.niobuf.o.d': No such file or directory[0m
1 error generated.
Error while processing /tmp/ktest-out/lustre_build.x86_64/lustre/ptlrpc/niobuf.c.
[95/303] Processing file /tmp/ktest-out/lustre_build.x86_64/lustre/llite/glimpse.c
[0;1;31merror: [0m[1merror opening 'lustre/ptlrpc/.events.o.d': No such file or directory[0m
1 error generated.
Error while processing /tmp/ktest-out/lustre_build.x86_64/lustre/ptlrpc/events.c.
[96/303] Processing file /tmp/ktest-out/lustre_build.x86_64/lustre/target/out_lib.c
[0;1;31merror: [0m[1merror opening 'lustre/osd-wbcfs/.osd_handler.o.d': No such file or directory[0m
1 error generated.
Error while processing /tmp/ktest-out/lustre_build.x86_64/lustre/osd-wbcfs/osd_handler.c.
[97/303] Processing file /tmp/ktest-out/lustre_build.x86_64/lustre/lmv/lproc_lmv.c
[0;1;31merror: [0m[1merror opening 'lustre/llite/.llite_nfs.o.d': No such file or directory[0m
1 error generated.
Error while processing /tmp/ktest-out/lustre_build.x86_64/lustre/llite/llite_nfs.c.
[98/303] Processing file /tmp/ktest-out/lustre_build.x86_64/lustre/lod/lod_qos.c
[0;1;31merror: [0m[1merror opening 'lustre/ptlrpc/.sec_lproc.o.d': No such file or directory[0m
1 error generated.
Error while processing /tmp/ktest-out/lustre_build.x86_64/lustre/ptlrpc/sec_lproc.c.
[99/303] Processing file /tmp/ktest-out/lustre_build.x86_64/lustre/ptlrpc/recover.c
[0;1;31merror: [0m[1merror opening 'lustre/llite/.vvp_dev.o.d': No such file or directory[0m
1 error generated.
Error while processing /tmp/ktest-out/lustre_build.x86_64/lustre/llite/vvp_dev.c.
[100/303] Processing file /tmp/ktest-out/lustre_build.x86_64/lustre/mdd/mdd_device.c
[0;1;31merror: [0m[1merror opening 'lnet/klnds/socklnd/.socklnd.o.d': No such file or directory[0m
1 error generated.
Error while processing /tmp/ktest-out/lustre_build.x86_64/lnet/klnds/socklnd/socklnd.c.
[101/303] Processing file /tmp/ktest-out/lustre_build.x86_64/lnet/lnet/lo.c
[0;1;31merror: [0m[1merror opening 'lustre/osd-wbcfs/.osd_io.o.d': No such file or directory[0m
1 error generated.
Error while processing /tmp/ktest-out/lustre_build.x86_64/lustre/osd-wbcfs/osd_io.c.
[102/303] Processing file /tmp/ktest-out/lustre_build.x86_64/lustre/llite/dir.c
[0;1;31merror: [0m[1merror opening 'lustre/fld/.lproc_fld.o.d': No such file or directory[0m
1 error generated.
Error while processing /tmp/ktest-out/lustre_build.x86_64/lustre/fld/lproc_fld.c.
[103/303] Processing file /tmp/ktest-out/lustre_build.x86_64/lnet/selftest/conrpc.c
[0;1;31merror: [0m[1merror opening 'lustre/ofd/.ofd_obd.o.d': No such file or directory[0m
1 error generated.
Error while processing /tmp/ktest-out/lustre_build.x86_64/lustre/ofd/ofd_obd.c.
[104/303] Processing file /tmp/ktest-out/lustre_build.x86_64/lustre/osd-wbcfs/osd_lproc.c
[0;1;31merror: [0m[1merror opening 'libcfs/libcfs/.debug.o.d': No such file or directory[0m
1 error generated.
Error while processing /tmp/ktest-out/lustre_build.x86_64/libcfs/libcfs/debug.c.
[105/303] Processing file /tmp/ktest-out/lustre_build.x86_64/lustre/lov/lovsub_object.c
[0;1;31merror: [0m[1merror opening 'lustre/obdclass/.hash.o.d': No such file or directory[0m
1 error generated.
Error while processing /tmp/ktest-out/lustre_build.x86_64/lustre/obdclass/hash.c.
[106/303] Processing file /tmp/ktest-out/lustre_build.x86_64/lustre/kunit/kinode.c
[0;1;31merror: [0m[1merror opening 'lustre/quota/.qsd_lock.o.d': No such file or directory[0m
1 error generated.
Error while processing /tmp/ktest-out/lustre_build.x86_64/lustre/quota/qsd_lock.c.
[107/303] Processing file /tmp/ktest-out/lustre_build.x86_64/lustre/mdd/mdd_object.c
[0;1;31merror: [0m[1merror opening 'lnet/selftest/.conctl.o.d': No such file or directory[0m
1 error generated.
Error while processing /tmp/ktest-out/lustre_build.x86_64/lnet/selftest/conctl.c.
[108/303] Processing file /tmp/ktest-out/lustre_build.x86_64/lustre/mgs/lproc_mgs.c
[0;1;31merror: [0m[1merror opening 'lustre/fid/.lproc_fid.o.d': No such file or directory[0m
1 error generated.
Error while processing /tmp/ktest-out/lustre_build.x86_64/lustre/fid/lproc_fid.c.
[109/303] Processing file /tmp/ktest-out/lustre_build.x86_64/lustre/obdclass/lustre_handles.c
[0;1;31merror: [0m[1merror opening 'lustre/ptlrpc/../../lustre/target/.update_recovery.o.d': No such file or directory[0m
1 error generated.
Error while processing /tmp/ktest-out/lustre_build.x86_64/lustre/target/update_recovery.c.
[110/303] Processing file /tmp/ktest-out/lustre_build.x86_64/lustre/lod/lod_pool.c
[0;1;31merror: [0m[1merror opening 'lustre/ptlrpc/.nodemap_fileset_alt.o.d': No such file or directory[0m
1 error generated.
Error while processing /tmp/ktest-out/lustre_build.x86_64/lustre/ptlrpc/nodemap_fileset_alt.c.
[111/303] Processing file /tmp/ktest-out/lustre_build.x86_64/lustre/ptlrpc/nodemap_idmap.c
[0;1;31merror: [0m[1merror opening 'lustre/mdt/.mdt_restripe.o.d': No such file or directory[0m
1 error generated.
Error while processing /tmp/ktest-out/lustre_build.x86_64/lustre/mdt/mdt_restripe.c.
[112/303] Processing file /tmp/ktest-out/lustre_build.x86_64/lustre/quota/qsd_config.c
[0;1;31merror: [0m[1merror opening 'lustre/lov/.lovsub_object.o.d': No such file or directory[0m
1 error generated.
Error while processing /tmp/ktest-out/lustre_build.x86_64/lustre/lov/lovsub_object.c.
[113/303] Processing file /tmp/ktest-out/lustre_build.x86_64/lustre/kunit/ec_test.c
[0;1;31merror: [0m[1merror opening 'lustre/lov/.lovsub_dev.o.d': No such file or directory[0m
1 error generated.
Error while processing /tmp/ktest-out/lustre_build.x86_64/lustre/lov/lovsub_dev.c.
[114/303] Processing file /tmp/ktest-out/lustre_build.x86_64/lustre/obdclass/statfs_pack.c
[0;1;31merror: [0m[1merror opening 'lustre/ptlrpc/../../lustre/ldlm/.ldlm_lock.o.d': No such file or directory[0m
1 error generated.
Error while processing /tmp/ktest-out/lustre_build.x86_64/lustre/ldlm/ldlm_lock.c.
[115/303] Processing file /tmp/ktest-out/lustre_build.x86_64/lustre/obdclass/llog.c
[0;1;31merror: [0m[1merror opening 'lustre/ptlrpc/.nodemap_range.o.d': No such file or directory[0m
1 error generated.
Error while processing /tmp/ktest-out/lustre_build.x86_64/lustre/ptlrpc/nodemap_range.c.
[116/303] Processing file /tmp/ktest-out/lustre_build.x86_64/libcfs/libcfs/module.c
[0;1;31merror: [0m[1merror opening 'lustre/quota/.qsd_lib.o.d': No such file or directory[0m
1 error generated.
Error while processing /tmp/ktest-out/lustre_build.x86_64/lustre/quota/qsd_lib.c.
[117/303] Processing file /tmp/ktest-out/lustre_build.x86_64/lnet/selftest/framework.c
[0;1;31merror: [0m[1merror opening 'lustre/llite/.glimpse.o.d': No such file or directory[0m
1 error generated.
Error while processing /tmp/ktest-out/lustre_build.x86_64/lustre/llite/glimpse.c.
[118/303] Processing file /tmp/ktest-out/lustre_build.x86_64/lustre/lfsck/lfsck_lib.c
[0;1;31merror: [0m[1merror opening 'lustre/ptlrpc/.ptlrpc_module.o.d': No such file or directory[0m
1 error generated.
Error while processing /tmp/ktest-out/lustre_build.x86_64/lustre/ptlrpc/ptlrpc_module.c.
[119/303] Processing file /tmp/ktest-out/lustre_build.x86_64/lnet/lnet/config.c
[0;1;31merror: [0m[1merror opening 'lustre/mdc/.mdc_changelog.o.d': No such file or directory[0m
1 error generated.
Error while processing /tmp/ktest-out/lustre_build.x86_64/lustre/mdc/mdc_changelog.c.
[120/303] Processing file /tmp/ktest-out/lustre_build.x86_64/lustre/lfsck/lfsck_engine.c
[0;1;31merror: [0m[1merror opening 'lustre/mdt/.mdt_hsm_cdt_client.o.d': No such file or directory[0m
1 error generated.
Error while processing /tmp/ktest-out/lustre_build.x86_64/lustre/mdt/mdt_hsm_cdt_client.c.
[121/303] Processing file /tmp/ktest-out/lustre_build.x86_64/lustre/ptlrpc/llog_server.c
[0;1;31merror: [0m[1merror opening 'lnet/lnet/.lnet-crypto.o.d': No such file or directory[0m
1 error generated.
Error while processing /tmp/ktest-out/lustre_build.x86_64/lnet/lnet/lnet-crypto.c.
[122/303] Processing file /tmp/ktest-out/lustre_build.x86_64/lustre/ptlrpc/service.c
[0;1;31merror: [0m[1merror opening 'lustre/llite/.lcommon_misc.o.d': No such file or directory[0m
1 error generated.
Error while processing /tmp/ktest-out/lustre_build.x86_64/lustre/llite/lcommon_misc.c.
[123/303] Processing file /tmp/ktest-out/lustre_build.x86_64/lustre/ec/ec_base.c
[0;1;31merror: [0m[1merror opening 'lustre/llite/.xattr_cache.o.d': No such file or directory[0m
1 error generated.
Error while processing /tmp/ktest-out/lustre_build.x86_64/lustre/llite/xattr_cache.c.
[124/303] Processing file /tmp/ktest-out/lustre_build.x86_64/lustre/mdt/mdt_io.c
[0;1;31merror: [0m[1merror opening 'lustre/lfsck/.lfsck_bookmark.o.d': No such file or directory[0m
1 error generated.
Error while processing /tmp/ktest-out/lustre_build.x86_64/lustre/lfsck/lfsck_bookmark.c.
[125/303] Processing file /tmp/ktest-out/lustre_build.x86_64/lustre/target/tgt_main.c
[0;1;31merror: [0m[1merror opening 'lustre/lov/.lov_io.o.d': No such file or directory[0m
1 error generated.
Error while processing /tmp/ktest-out/lustre_build.x86_64/lustre/lov/lov_io.c.
[126/303] Processing file /tmp/ktest-out/lustre_build.x86_64/lustre/quota/qmt_handler.c
[0;1;31merror: [0m[1merror opening 'lustre/llite/.dir.o.d': No such file or directory[0m
1 error generated.
Error while processing /tmp/ktest-out/lustre_build.x86_64/lustre/llite/dir.c.
[127/303] Processing file /tmp/ktest-out/lustre_build.x86_64/lustre/ldlm/ldlm_pool.c
[0;1;31merror: [0m[1merror opening 'lustre/kunit/.kinode.o.d': No such file or directory[0m
1 error generated.
Error while processing /tmp/ktest-out/lustre_build.x86_64/lustre/kunit/kinode.c.
[128/303] Processing file /tmp/ktest-out/lustre_build.x86_64/lustre/obdclass/lprocfs_status.c
[1mlustre/obdclass/lprocfs_status.c:18:10: [0m[0;1;31mfatal error: [0m[1m'lustre_compat/linux/glob.h' file not found[0m
   18 | #include <lustre_compat/linux/glob.h>[0m
      | [0;1;32m         ^~~~~~~~~~~~~~~~~~~~~~~~~~~~
[0m[0;1;31merror: [0m[1merror opening 'lnet/lnet/.lo.o.d': No such file or directory[0m
1[0;1;31merror: [0m[1merror opening 'lustre/lfsck/.lfsck_engine.o.d': No such file or directory[0m
 error generated.
1 error generated.
Error while processing /tmp/ktest-out/lustre_build.x86_64/lnet/lnet/lo.cError while processing .
[129/303] Processing file /tmp/ktest-out/lustre_build.x86_64/libcfs/libcfs/tracefile.c
/tmp/ktest-out/lustre_build.x86_64/lustre/lfsck/lfsck_engine.c.
[130/303] Processing file /tmp/ktest-out/lustre_build.x86_64/lustre/obdclass/lustre_peer.c
[0;1;31merror: [0m[1merror opening 'lustre/osp/.osp_dev.o.d': No such file or directory[0m
1 error generated.
Error while processing /tmp/ktest-out/lustre_build.x86_64/lustre/osp/osp_dev.c.
[131/303] Processing file /tmp/ktest-out/lustre_build.x86_64/lustre/mgc/lproc_mgc.c
[0;1;31merror: [0m[1merror opening 'lustre/lod/.lod_qos.o.d': No such file or directory[0m
1 error generated.
Error while processing /tmp/ktest-out/lustre_build.x86_64/lustre/lod/lod_qos.c.
[132/303] Processing file /tmp/ktest-out/lustre_build.x86_64/lnet/selftest/brw_test.c
[0;1;31merror: [0m[1merror opening 'lustre/mdt/.mdt_hsm_cdt_agent.o.d': No such file or directory[0m
1 error generated.
Error while processing /tmp/ktest-out/lustre_build.x86_64/lustre/mdt/mdt_hsm_cdt_agent.c.
[133/303] Processing file /tmp/ktest-out/lustre_build.x86_64/lustre/osd-wbcfs/wbcfs.c
[0;1;31merror: [0m[1merror opening 'lustre/lmv/.lproc_lmv.o.d': No such file or directory[0m
1 error generated.
[0;1;31merror: [0m[1merror opening 'lustre/ec/.ec_base.o.d': No such file or directory[0m
1 error generated.
Error while processing /tmp/ktest-out/lustre_build.x86_64/lustre/ec/ec_base.c.
[134/303] Processing file /tmp/ktest-out/lustre_build.x86_64/libcfs/libcfs/linux/linux-prim.c
Error while processing [0;1;31merror: [0m[1merror opening 'lnet/selftest/.conrpc.o.d': No such file or directory[0m
1/tmp/ktest-out/lustre_build.x86_64/lustre/lmv/lproc_lmv.c.
[135/303] Processing file /tmp/ktest-out/lustre_build.x86_64/lustre/lod/lproc_lod.c error generated.

Error while processing /tmp/ktest-out/lustre_build.x86_64/lnet/selftest/conrpc.c.
[136/303] Processing file /tmp/ktest-out/lustre_build.x86_64/lustre/fid/fid_handler.c
[0;1;31merror: [0m[1merror opening 'lustre/osd-wbcfs/.osd_lproc.o.d': No such file or directory[0m
1 error generated.
Error while processing /tmp/ktest-out/lustre_build.x86_64/lustre/osd-wbcfs/osd_lproc.c.
[137/303] Processing file /tmp/ktest-out/lustre_build.x86_64/lustre/ptlrpc/sec_ctx.c
[0;1;31merror: [0m[1merror opening 'libcfs/libcfs/.module.o.d': No such file or directory[0m
1 error generated.
Error while processing /tmp/ktest-out/lustre_build.x86_64/libcfs/libcfs/module.c.
[138/303] Processing file /tmp/ktest-out/lustre_build.x86_64/lustre/quota/lquota_lib.c
[0;1;31merror: [0m[1merror opening 'lustre/mdd/.mdd_device.o.d': No such file or directory[0m
1 error generated.
Error while processing /tmp/ktest-out/lustre_build.x86_64/lustre/mdd/mdd_device.c.
[139/303] Processing file /tmp/ktest-out/lustre_build.x86_64/lustre/llite/llite_foreign_symlink.c
[0;1;31merror: [0m[1merror opening 'lustre/ptlrpc/.nodemap_idmap.o.d': No such file or directory[0m
1 error generated.
Error while processing /tmp/ktest-out/lustre_build.x86_64/lustre/ptlrpc/nodemap_idmap.c.
[140/303] Processing file /tmp/ktest-out/lustre_build.x86_64/lustre/mgs/mgs_nids.c
[0;1;31merror: [0m[1merror opening 'lustre/kunit/.ec_test.o.d': No such file or directory[0m
1 error generated.
Error while processing /tmp/ktest-out/lustre_build.x86_64/lustre/kunit/ec_test.c.
[141/303] Processing file /tmp/ktest-out/lustre_build.x86_64/lustre/ptlrpc/nrs_fifo.c
[0;1;31merror: [0m[1merror opening 'lustre/ptlrpc/../../lustre/target/.out_lib.o.d': No such file or directory[0m
1 error generated.
Error while processing /tmp/ktest-out/lustre_build.x86_64/lustre/target/out_lib.c.
[142/303] Processing file /tmp/ktest-out/lustre_build.x86_64/lustre/llite/rw.c
[0;1;31merror: [0m[1merror opening 'lustre/obdclass/.lustre_handles.o.d': No such file or directory[0m
1 error generated.
Error while processing /tmp/ktest-out/lustre_build.x86_64/lustre/obdclass/lustre_handles.c.
[143/303] Processing file /tmp/ktest-out/lustre_build.x86_64/lustre/mdt/mdt_mds.c
[0;1;31merror: [0m[1merror opening 'lustre/lod/.lod_pool.o.d': No such file or directory[0m
1 error generated.
Error while processing /tmp/ktest-out/lustre_build.x86_64/lustre/lod/lod_pool.c.
[144/303] Processing file /tmp/ktest-out/lustre_build.x86_64/lustre/mdd/mdd_orphans.c
[0;1;31merror: [0m[1merror opening 'lustre/ptlrpc/.recover.o.d': No such file or directory[0m
1 error generated.
Error while processing /tmp/ktest-out/lustre_build.x86_64/lustre/ptlrpc/recover.c.
[145/303] Processing file /tmp/ktest-out/lustre_build.x86_64/lustre/mdt/mdt_hsm.c
[0;1;31merror: [0m[1merror opening 'lustre/obdclass/.statfs_pack.o.d': No such file or directory[0m
1 error generated.
[0;1;31merror: [0m[1merror opening 'lustre/mdt/.mdt_mds.o.d': No such file or directory[0m
1 error generated.
Error while processing /tmp/ktest-out/lustre_build.x86_64/lustre/mdt/mdt_mds.c.
[146/303] Processing file /tmp/ktest-out/lustre_build.x86_64/lustre/ldlm/ldlm_resource.c
Error while processing /tmp/ktest-out/lustre_build.x86_64/lustre/obdclass/statfs_pack.c.
[147/303] Processing file /tmp/ktest-out/lustre_build.x86_64/lustre/ldlm/l_lock.c
[0;1;31merror: [0m[1merror opening 'lustre/lfsck/.lfsck_lib.o.d': No such file or directory[0m
1 error generated.
Error while processing /tmp/ktest-out/lustre_build.x86_64/lustre/lfsck/lfsck_lib.c.
[148/303] Processing file /tmp/ktest-out/lustre_build.x86_64/lustre/quota/qmt_dev.c
[0;1;31merror: [0m[1merror opening 'lnet/selftest/.framework.o.d': No such file or directory[0m
1 error generated.
Error while processing /tmp/ktest-out/lustre_build.x86_64/lnet/selftest/framework.c.
[149/303] Processing file /tmp/ktest-out/lustre_build.x86_64/lustre/kunit/obd_mod_rpcs_test.c
[0;1;31merror: [0m[1merror opening 'lustre/mgs/.lproc_mgs.o.d': No such file or directory[0m
1 error generated.
[0;1;31merror: [0m[1merror opening 'libcfs/libcfs/.tracefile.o.d': No such file or directory[0m
1 error generated.
Error while processing /tmp/ktest-out/lustre_build.x86_64/lustre/mgs/lproc_mgs.c.
[150/303] Processing file /tmp/ktest-out/lustre_build.x86_64/lustre/ofd/ofd_trans.c
Error while processing /tmp/ktest-out/lustre_build.x86_64/libcfs/libcfs/tracefile.c.
[151/303] Processing file /tmp/ktest-out/lustre_build.x86_64/lustre/fld/fld_request.c
[0;1;31merror: [0m[1merror opening 'lnet/lnet/.config.o.d': No such file or directory[0m
1 error generated.
Error while processing /tmp/ktest-out/lustre_build.x86_64/lnet/lnet/config.c.
[152/303] Processing file /tmp/ktest-out/lustre_build.x86_64/lustre/llite/namei.c
[0;1;31merror: [0m[1merror opening 'lustre/ptlrpc/../../lustre/target/.tgt_main.o.d': No such file or directory[0m
1 error generated.
Error while processing /tmp/ktest-out/lustre_build.x86_64/lustre/target/tgt_main.c.
[153/303] Processing file /tmp/ktest-out/lustre_build.x86_64/lnet/lnet/module.c
[0;1;31merror: [0m[1merror opening 'lustre/mdd/.mdd_object.o.d': No such file or directory[0m
1 error generated.
Error while processing /tmp/ktest-out/lustre_build.x86_64/lustre/mdd/mdd_object.c.
[154/303] Processing file /tmp/ktest-out/lustre_build.x86_64/lustre/mdt/mdt_reint.c
[0;1;31merror: [0m[1merror opening 'lustre/obdclass/.llog.o.d': No such file or directory[0m
1 error generated.
Error while processing /tmp/ktest-out/lustre_build.x86_64/lustre/obdclass/llog.c.
[155/303] Processing file /tmp/ktest-out/lustre_build.x86_64/lustre/ptlrpc/pack_server.c
[0;1;31merror: [0m[1merror opening 'lustre/quota/.qsd_config.o.d': No such file or directory[0m
1 error generated.
Error while processing /tmp/ktest-out/lustre_build.x86_64/lustre/quota/qsd_config.c.
[156/303] Processing file /tmp/ktest-out/lustre_build.x86_64/lustre/mdt/mdt_xattr.c
[0;1;31merror: [0m[1merror opening 'lustre/mdt/.mdt_io.o.d': No such file or directory[0m
1 error generated.
Error while processing /tmp/ktest-out/lustre_build.x86_64/lustre/mdt/mdt_io.c.
[157/303] Processing file /tmp/ktest-out/lustre_build.x86_64/lnet/selftest/console.c
[0;1;31merror: [0m[1merror opening 'lustre/lod/.lproc_lod.o.d': No such file or directory[0m
1 error generated.
Error while processing /tmp/ktest-out/lustre_build.x86_64/lustre/lod/lproc_lod.c.
[158/303] Processing file /tmp/ktest-out/lustre_build.x86_64/lustre/lov/lov_request.c
1 error generated.
Error while processing /tmp/ktest-out/lustre_build.x86_64/lustre/obdclass/lprocfs_status.c.
[159/303] Processing file /tmp/ktest-out/lustre_build.x86_64/lustre/mdt/mdt_recovery.c
[0;1;31merror: [0m[1merror opening 'lustre/ptlrpc/.llog_server.o.d': No such file or directory[0m
1 error generated.
Error while processing /tmp/ktest-out/lustre_build.x86_64/lustre/ptlrpc/llog_server.c.
[160/303] Processing file /tmp/ktest-out/lustre_build.x86_64/lustre/ptlrpc/sec_gc.c
[0;1;31merror: [0m[1merror opening 'lustre/obdclass/.lustre_peer.o.d': No such file or directory[0m
1 error generated.
Error while processing /tmp/ktest-out/lustre_build.x86_64/lustre/obdclass/lustre_peer.c.
[161/303] Processing file /tmp/ktest-out/lustre_build.x86_64/lnet/klnds/socklnd/socklnd_lib.c
[0;1;31merror: [0m[1merror opening 'lustre/ptlrpc/../../lustre/ldlm/.ldlm_pool.o.d': No such file or directory[0m
1 error generated.
Error while processing /tmp/ktest-out/lustre_build.x86_64/lustre/ldlm/ldlm_pool.c.
[162/303] Processing file /tmp/ktest-out/lustre_build.x86_64/lustre/ptlrpc/connection.c
[0;1;31merror: [0m[1merror opening 'lnet/lnet/.module.o.d': No such file or directory[0m
1 error generated.
Error while processing /tmp/ktest-out/lustre_build.x86_64/lnet/lnet/module.c.
[163/303] Processing file /tmp/ktest-out/lustre_build.x86_64/lustre/osc/osc_request.c
[0;1;31merror: [0m[1merror opening 'libcfs/libcfs/linux/.linux-prim.o.d': No such file or directory[0m
1 error generated.
Error while processing /tmp/ktest-out/lustre_build.x86_64/libcfs/libcfs/linux/linux-prim.c.
[164/303] Processing file /tmp/ktest-out/lustre_build.x86_64/lustre/osp/osp_trans.c
[0;1;31merror: [0m[1merror opening 'lustre/osd-wbcfs/.wbcfs.o.d': No such file or directory[0m
1 error generated.
Error while processing /tmp/ktest-out/lustre_build.x86_64/lustre/osd-wbcfs/wbcfs.c.
[165/303] Processing file /tmp/ktest-out/lustre_build.x86_64/lustre/ofd/ofd_fs.c
[0;1;31merror: [0m[1merror opening 'lnet/selftest/.brw_test.o.d': No such file or directory[0m
1 error generated.
Error while processing /tmp/ktest-out/lustre_build.x86_64/lnet/selftest/brw_test.c.
[166/303] Processing file /tmp/ktest-out/lustre_build.x86_64/lnet/lnet/lib-ptl.c[0;1;31merror: [0m[1merror opening 'lustre/ptlrpc/.service.o.d': No such file or directory[0m
1 error generated.
Error while processing /tmp/ktest-out/lustre_build.x86_64/lustre/ptlrpc/service.c.

[167/303] Processing file /tmp/ktest-out/lustre_build.x86_64/lustre/ptlrpc/wiretest.c
[0;1;31merror: [0m[1merror opening 'lustre/fid/.fid_handler.o.d': No such file or directory[0m
1 error generated.
Error while processing /tmp/ktest-out/lustre_build.x86_64/lustre/fid/fid_handler.c.
[168/303] Processing file /tmp/ktest-out/lustre_build.x86_64/lustre/osc/osc_object.c
[0;1;31merror: [0m[1merror opening 'lustre/quota/.qmt_handler.o.d': No such file or directory[0m
1 error generated.
Error while processing /tmp/ktest-out/lustre_build.x86_64/lustre/quota/qmt_handler.c.
[169/303] Processing file /tmp/ktest-out/lustre_build.x86_64/lustre/ofd/ofd_objects.c
[0;1;31merror: [0m[1merror opening 'lustre/ptlrpc/.sec_ctx.o.d': No such file or directory[0m
1 error generated.
Error while processing /tmp/ktest-out/lustre_build.x86_64/lustre/ptlrpc/sec_ctx.c.
[170/303] Processing file /tmp/ktest-out/lustre_build.x86_64/lnet/lnet/lnet_debugfs.c
[0;1;31merror: [0m[1merror opening 'lustre/mdd/.mdd_orphans.o.d': No such file or directory[0m
1 error generated.
Error while processing /tmp/ktest-out/lustre_build.x86_64/lustre/mdd/mdd_orphans.c.
[171/303] Processing file /tmp/ktest-out/lustre_build.x86_64/lustre/target/out_handler.c
[0;1;31merror: [0m[1merror opening 'lustre/mgs/.mgs_nids.o.d': No such file or directory[0m
[0;1;31merror: [0m[1merror opening 'lustre/llite/.llite_foreign_symlink.o.d': No such file or directory[0m
1 error generated.
Error while processing /tmp/ktest-out/lustre_build.x86_64/lustre/llite/llite_foreign_symlink.c.
[172/303] Processing file /tmp/ktest-out/lustre_build.x86_64/lustre/ptlrpc/nrs_orr.c
1 error generated.
Error while processing /tmp/ktest-out/lustre_build.x86_64/lustre/mgs/mgs_nids.c.
[173/303] Processing file /tmp/ktest-out/lustre_build.x86_64/lustre/mdc/mdc_reint.c
[0;1;31merror: [0m[1merror opening 'lustre/ptlrpc/.nrs_fifo.o.d': No such file or directory[0m
1 error generated.
Error while processing /tmp/ktest-out/lustre_build.x86_64/lustre/ptlrpc/nrs_fifo.c.
[174/303] Processing file /tmp/ktest-out/lustre_build.x86_64/lnet/lnet/lnet_rdma.c
[0;1;31merror: [0m[1merror opening 'lustre/quota/.lquota_lib.o.d': No such file or directory[0m
1 error generated.
Error while processing /tmp/ktest-out/lustre_build.x86_64/lustre/quota/lquota_lib.c.
[175/303] Processing file /tmp/ktest-out/lustre_build.x86_64/lustre/lod/lod_dev.c
[0;1;31merror: [0m[1merror opening 'lustre/ptlrpc/../../lustre/ldlm/.l_lock.o.d': No such file or directory[0m
1 error generated.
Error while processing /tmp/ktest-out/lustre_build.x86_64/lustre/ldlm/l_lock.c.
[176/303] Processing file /tmp/ktest-out/lustre_build.x86_64/lnet/lnet/lib-me.c
[0;1;31m[0;1;31merror: [0m[1merror opening 'lustre/fld/.fld_request.o.d': No such file or directory[0m
error: [0m[1merror opening 'lustre/mgc/.lproc_mgc.o.d': No such file or directory[0m
11 error generated.
Error while processing /tmp/ktest-out/lustre_build.x86_64/lustre/fld/fld_request.c.
[177/303] Processing file /tmp/ktest-out/lustre_build.x86_64/lustre/ptlrpc/batch.c
 error generated.
Error while processing /tmp/ktest-out/lustre_build.x86_64/lustre/mgc/lproc_mgc.c.
[178/303] Processing file /tmp/ktest-out/lustre_build.x86_64/lustre/quota/qmt_pool.c
[0;1;31merror: [0m[1merror opening 'lustre/quota/.qmt_dev.o.d': No such file or directory[0m
1 error generated.
Error while processing /tmp/ktest-out/lustre_build.x86_64/lustre/quota/qmt_dev.c.
[179/303] Processing file /tmp/ktest-out/lustre_build.x86_64/lustre/lfsck/lfsck_striped_dir.c
[0;1;31merror: [0m[1merror opening 'lustre/ptlrpc/.nrs_orr.o.d': No such file or directory[0m
1 error generated.
Error while processing /tmp/ktest-out/lustre_build.x86_64/lustre/ptlrpc/nrs_orr.c.
[180/303] Processing file /tmp/ktest-out/lustre_build.x86_64/lustre/osc/lproc_osc.c
[0;1;31merror: [0m[1merror opening 'lnet/selftest/.console.o.d': No such file or directory[0m
1 error generated.
Error while processing /tmp/ktest-out/lustre_build.x86_64/lnet/selftest/console.c.
[181/303] Processing file /tmp/ktest-out/lustre_build.x86_64/lustre/mdd/mdd_changelog.c
[0;1;31merror: [0m[1merror opening 'lnet/lnet/.lib-ptl.o.d': No such file or directory[0m
1 error generated.
Error while processing /tmp/ktest-out/lustre_build.x86_64/lnet/lnet/lib-ptl.c.
[182/303] Processing file /tmp/ktest-out/lustre_build.x86_64/lustre/lod/lod_object.c
[0;1;31merror: [0m[1merror opening 'lustre/llite/.namei.o.d': No such file or directory[0m
1 error generated.
Error while processing /tmp/ktest-out/lustre_build.x86_64/lustre/llite/namei.c.
[183/303] Processing file /tmp/ktest-out/lustre_build.x86_64/lustre/osd-wbcfs/osd_hash.c
[0;1;31merror: [0m[1merror opening 'lustre/osc/.lproc_osc.o.d': No such file or directory[0m
1 error generated.
Error while processing /tmp/ktest-out/lustre_build.x86_64/lustre/osc/lproc_osc.c.
[184/303] Processing file /tmp/ktest-out/lustre_build.x86_64/lustre/mdc/mdc_lib.c
[0;1;31merror: [0m[1merror opening 'lustre/kunit/.obd_mod_rpcs_test.o.d': No such file or directory[0m
1 error generated.
Error while processing /tmp/ktest-out/lustre_build.x86_64/lustre/kunit/obd_mod_rpcs_test.c.
[185/303] Processing file /tmp/ktest-out/lustre_build.x86_64/lustre/ptlrpc/client.c
[0;1;31merror: [0m[1merror opening 'lustre/ptlrpc/../../lustre/ldlm/.ldlm_resource.o.d': No such file or directory[0m
1 error generated.
Error while processing /tmp/ktest-out/lustre_build.x86_64/lustre/ldlm/ldlm_resource.c.
[186/303] Processing file /tmp/ktest-out/lustre_build.x86_64/lustre/mdc/mdc_locks.c
[0;1;31merror: [0m[1merror opening 'lustre/ptlrpc/.sec_gc.o.d': No such file or directory[0m
1 error generated.
Error while processing [0;1;31merror: [0m[1merror opening 'lustre/ofd/.ofd_trans.o.d': No such file or directory[0m
/tmp/ktest-out/lustre_build.x86_64/lustre/ptlrpc/sec_gc.c.
[187/303] Processing file /tmp/ktest-out/lustre_build.x86_64/lustre/mdt/mdt_open.c
1 error generated.
Error while processing /tmp/ktest-out/lustre_build.x86_64/lustre/ofd/ofd_trans.c.
[188/303] Processing file /tmp/ktest-out/lustre_build.x86_64/lustre/llite/lcommon_cl.c
[0;1;31merror: [0m[1merror opening 'lustre/ofd/.ofd_fs.o.d': No such file or directory[0m
1 error generated.
Error while processing /tmp/ktest-out/lustre_build.x86_64/lustre/ofd/ofd_fs.c.
[189/303] Processing file /tmp/ktest-out/lustre_build.x86_64/lustre/mdt/mdt_fs.c
[0;1;31merror: [0m[1merror opening 'lustre/llite/.rw.o.d': No such file or directory[0m
1 error generated.
Error while processing /tmp/ktest-out/lustre_build.x86_64/lustre/llite/rw.c.
[190/303] Processing file /tmp/ktest-out/lustre_build.x86_64/lustre/lov/lov_dev.c
[0;1;31merror: [0m[1merror opening 'lustre/mdt/.mdt_xattr.o.d': No such file or directory[0m
1 error generated.
Error while processing /tmp/ktest-out/lustre_build.x86_64/lustre/mdt/mdt_xattr.c.
[191/303] Processing file /tmp/ktest-out/lustre_build.x86_64/lustre/ldlm/ldlm_reclaim.c
[0;1;31merror: [0m[1merror opening 'lustre/osp/.osp_trans.o.d': No such file or directory[0m
1 error generated.
Error while processing /tmp/ktest-out/lustre_build.x86_64/lustre/osp/osp_trans.c.
[192/303] Processing file /tmp/ktest-out/lustre_build.x86_64/lnet/selftest/module.c
[0;1;31merror: [0m[1merror opening 'lustre/ofd/.ofd_objects.o.d': No such file or directory[0m
1 error generated.
Error while processing /tmp/ktest-out/lustre_build.x86_64/lustre/ofd/ofd_objects.c.
[193/303] Processing file /tmp/ktest-out/lustre_build.x86_64/lustre/osd-wbcfs/osd_object.c
[0;1;31merror: [0m[1merror opening 'lnet/lnet/.lnet_debugfs.o.d': No such file or directory[0m
1 error generated.
Error while processing /tmp/ktest-out/lustre_build.x86_64/lnet/lnet/lnet_debugfs.c.
[194/303] Processing file /tmp/ktest-out/lustre_build.x86_64/lustre/mdd/mdd_lock.c
[0;1;31merror: [0m[1merror opening 'lustre/mdt/.mdt_reint.o.d': No such file or directory[0m
1 error generated.
Error while processing /tmp/ktest-out/lustre_build.x86_64/lustre/mdt/mdt_reint.c.
[195/303] Processing file /tmp/ktest-out/lustre_build.x86_64/lnet/lnet/router.c
[0;1;31merror: [0m[1merror opening 'lustre/ptlrpc/.pack_server.o.d': No such file or directory[0m
1 error generated.
Error while processing /tmp/ktest-out/lustre_build.x86_64/lustre/ptlrpc/pack_server.c.
[196/303] Processing file /tmp/ktest-out/lustre_build.x86_64/lustre/fid/fid_request.c
[0;1;31merror: [0m[1merror opening 'lustre/ptlrpc/.connection.o.d': No such file or directory[0m
1 error generated.
Error while processing /tmp/ktest-out/lustre_build.x86_64/lustre/ptlrpc/connection.c.
[197/303] Processing file /tmp/ktest-out/lustre_build.x86_64/lustre/target/tgt_handler.c
[0;1;31merror: [0m[1merror opening 'lustre/mdd/.mdd_changelog.o.d': No such file or directory[0m
1 error generated.
Error while processing /tmp/ktest-out/lustre_build.x86_64/lustre/mdd/mdd_changelog.c.
[198/303] Processing file /tmp/ktest-out/lustre_build.x86_64/lustre/target/tgt_lastrcvd.c
[0;1;31merror: [0m[1merror opening 'lustre/mdt/.mdt_recovery.o.d': No such file or directory[0m
1 error generated.
Error while processing /tmp/ktest-out/lustre_build.x86_64/lustre/mdt/mdt_recovery.c.
[199/303] Processing file /tmp/ktest-out/lustre_build.x86_64/lustre/target/update_trans.c
[0;1;31merror: [0m[1merror opening 'lnet/lnet/.lib-me.o.d': No such file or directory[0m
1 error generated.
Error while processing /tmp/ktest-out/lustre_build.x86_64/lnet/lnet/lib-me.c.
[200/303] Processing file /tmp/ktest-out/lustre_build.x86_64/lustre/ptlrpc/nodemap_storage.c
[0;1;31merror: [0m[1merror opening 'lnet/klnds/socklnd/.socklnd_lib.o.d': No such file or directory[0m
1 error generated.
Error while processing /tmp/ktest-out/lustre_build.x86_64/lnet/klnds/socklnd/socklnd_lib.c.
[201/303] Processing file /tmp/ktest-out/lustre_build.x86_64/lustre/llite/llite_foreign.c
[0;1;31merror: [0m[1merror opening 'lustre/mdt/.mdt_hsm.o.d': No such file or directory[0m
1 error generated.
Error while processing /tmp/ktest-out/lustre_build.x86_64/lustre/mdt/mdt_hsm.c.
[202/303] Processing file /tmp/ktest-out/lustre_build.x86_64/lnet/selftest/rpc.c
[0;1;31merror: [0m[1merror opening 'lustre/osc/.osc_request.o.d': No such file or directory[0m
1 error generated.
Error while processing /tmp/ktest-out/lustre_build.x86_64/lustre/osc/osc_request.c.
[203/303] Processing file /tmp/ktest-out/lustre_build.x86_64/lustre/lov/lov_object.c
[0;1;31merror: [0m[1merror opening 'lustre/osc/.osc_object.o.d': No such file or directory[0m
1 error generated.
Error while processing /tmp/ktest-out/lustre_build.x86_64/lustre/osc/osc_object.c.
[204/303] Processing file /tmp/ktest-out/lustre_build.x86_64/lustre/obdclass/lprocfs_counters.c
[0;1;31merror: [0m[1merror opening 'lustre/ptlrpc/.batch.o.d': No such file or directory[0m
1 error generated.
Error while processing /tmp/ktest-out/lustre_build.x86_64/lustre/ptlrpc/batch.c.
[205/303] Processing file /tmp/ktest-out/lustre_build.x86_64/lustre/ldlm/ldlm_lockd.c
[0;1;31merror: [0m[1merror opening 'lustre/lov/.lov_request.o.d': No such file or directory[0m
1 error generated.
Error while processing /tmp/ktest-out/lustre_build.x86_64/lustre/lov/lov_request.c.
[206/303] Processing file /tmp/ktest-out/lustre_build.x86_64/lustre/osp/lproc_osp.c
[0;1;31merror: [0m[1merror opening 'lustre/lfsck/.lfsck_striped_dir.o.d': No such file or directory[0m
1 error generated.
Error while processing /tmp/ktest-out/lustre_build.x86_64/lustre/lfsck/lfsck_striped_dir.c.
[207/303] Processing file /tmp/ktest-out/lustre_build.x86_64/lnet/lnet/adler.c
[0;1;31merror: [0m[1merror opening 'lnet/lnet/.lnet_rdma.o.d': No such file or directory[0m
1 error generated.
Error while processing /tmp/ktest-out/lustre_build.x86_64/lnet/lnet/lnet_rdma.c.
[208/303] Processing file /tmp/ktest-out/lustre_build.x86_64/lustre/ldlm/ldlm_request.c
[0;1;31merror: [0m[1merror opening 'lustre/mdc/.mdc_lib.o.d': No such file or directory[0m
1 error generated.
Error while processing /tmp/ktest-out/lustre_build.x86_64/lustre/mdc/mdc_lib.c.
[209/303] Processing file /tmp/ktest-out/lustre_build.x86_64/lustre/mdt/mdt_coordinator.c
[0;1;31merror: [0m[1merror opening 'lustre/mdc/.mdc_reint.o.d': No such file or directory[0m
1 error generated.
Error while processing /tmp/ktest-out/lustre_build.x86_64/lustre/mdc/mdc_reint.c.
[210/303] Processing file /tmp/ktest-out/lustre_build.x86_64/lustre/kunit/llog_test.c
[0;1;31merror: [0m[1merror opening 'lustre/quota/.qmt_pool.o.d': No such file or directory[0m
1 error generated.
Error while processing /tmp/ktest-out/lustre_build.x86_64/lustre/quota/qmt_pool.c.
[211/303] Processing file /tmp/ktest-out/lustre_build.x86_64/lustre/target/tgt_grant.c
[0;1;31merror: [0m[1merror opening 'lustre/ptlrpc/../../lustre/target/.out_handler.o.d': No such file or directory[0m
1 error generated.
Error while processing /tmp/ktest-out/lustre_build.x86_64/lustre/target/out_handler.c.
[212/303] Processing file /tmp/ktest-out/lustre_build.x86_64/lustre/llite/xattr.c
[0;1;31merror: [0m[1merror opening 'lustre/fid/.fid_request.o.d': No such file or directory[0m
1 error generated.
Error while processing /tmp/ktest-out/lustre_build.x86_64/lustre/fid/fid_request.c.
[213/303] Processing file /tmp/ktest-out/lustre_build.x86_64/lustre/obdclass/class_obd.c
[0;1;31merror: [0m[1merror opening 'lustre/lov/.lov_dev.o.d': No such file or directory[0m
1 error generated.
Error while processing /tmp/ktest-out/lustre_build.x86_64/lustre/lov/lov_dev.c.
[214/303] Processing file /tmp/ktest-out/lustre_build.x86_64/lustre/ofd/ofd_io.c
[0;1;31merror: [0m[1merror opening 'lustre/osd-wbcfs/.osd_hash.o.d': No such file or directory[0m
1 error generated.
Error while processing /tmp/ktest-out/lustre_build.x86_64/lustre/osd-wbcfs/osd_hash.c.
[215/303] Processing file /tmp/ktest-out/lustre_build.x86_64/lustre/ofd/ofd_dev.c
[0;1;31merror: [0m[1merror opening 'lustre/ptlrpc/.wiretest.o.d': No such file or directory[0m
1 error generated.
Error while processing /tmp/ktest-out/lustre_build.x86_64/lustre/ptlrpc/wiretest.c.
[216/303] Processing file /tmp/ktest-out/lustre_build.x86_64/libcfs/libcfs/fail.c
[0;1;31merror: [0m[1merror opening 'lustre/llite/.lcommon_cl.o.d': No such file or directory[0m
1 error generated.
Error while processing /tmp/ktest-out/lustre_build.x86_64/lustre/llite/lcommon_cl.c.
[217/303] Processing file /tmp/ktest-out/lustre_build.x86_64/lustre/lov/lov_obd.c
[0;1;31merror: [0m[1merror opening 'lustre/mdt/.mdt_fs.o.d': No such file or directory[0m
1 error generated.
Error while processing /tmp/ktest-out/lustre_build.x86_64/lustre/mdt/mdt_fs.c.
[218/303] Processing file /tmp/ktest-out/lustre_build.x86_64/lustre/fld/fld_handler.c
[0;1;31merror: [0m[1merror opening 'lnet/lnet/.adler.o.d': No such file or directory[0m
1 error generated.
Error while processing /tmp/ktest-out/lustre_build.x86_64/lnet/lnet/adler.c.
[219/303] Processing file /tmp/ktest-out/lustre_build.x86_64/lustre/osd-wbcfs/osd_index_hash.c
[0;1;31merror: [0m[1merror opening 'lustre/lod/.lod_object.o.d': No such file or directory[0m
1 error generated.
Error while processing /tmp/ktest-out/lustre_build.x86_64/lustre/lod/lod_object.c.
[220/303] Processing file /tmp/ktest-out/lustre_build.x86_64/lustre/quota/qmt_lock.c
[0;1;31merror: [0m[1merror opening 'lustre/mdc/.mdc_locks.o.d': No such file or directory[0m
1 error generated.
[0;1;31merror: [0m[1merror opening 'lustre/ptlrpc/../../lustre/ldlm/.ldlm_reclaim.o.d': No such file or directory[0m
1 error generated.
Error while processing /tmp/ktest-out/lustre_build.x86_64/lustre/ldlm/ldlm_reclaim.c.
[221/303] Processing file /tmp/ktest-out/lustre_build.x86_64/lustre/lov/lov_merge.c
[0;1;31merror: [0m[1merror opening 'lustre/kunit/.llog_test.o.d': No such file or directory[0m
1 error generated.
Error while processing /tmp/ktest-out/lustre_build.x86_64/lustre/kunit/llog_test.c.
[222/303] Processing file /tmp/ktest-out/lustre_build.x86_64/lustre/mgs/mgs_llog.c
Error while processing /tmp/ktest-out/lustre_build.x86_64/lustre/mdc/mdc_locks.c.
[223/303] Processing file /tmp/ktest-out/lustre_build.x86_64/lustre/ptlrpc/nodemap_handler.c
[0;1;31merror: [0m[1merror opening 'lustre/ptlrpc/../../lustre/target/.tgt_handler.o.d': No such file or directory[0m
1 error generated.
Error while processing /tmp/ktest-out/lustre_build.x86_64/lustre/target/tgt_handler.c.
[224/303] Processing file /tmp/ktest-out/lustre_build.x86_64/lustre/ptlrpc/errno.c
[0;1;31merror: [0m[1merror opening 'lustre/llite/.llite_foreign.o.d': No such file or directory[0m
1 error generated.
Error while processing /tmp/ktest-out/lustre_build.x86_64/lustre/llite/llite_foreign.c.
[225/303] Processing file /tmp/ktest-out/lustre_build.x86_64/lustre/ptlrpc/sec_config.c
[0;1;31merror: [0m[1merror opening 'lustre/osd-wbcfs/.osd_object.o.d': No such file or directory[0m
1 error generated.
Error while processing /tmp/ktest-out/lustre_build.x86_64/lustre/osd-wbcfs/osd_object.c.
[226/303] Processing file /tmp/ktest-out/lustre_build.x86_64/lustre/ofd/ofd_lvb.c
[0;1;31merror: [0m[1merror opening 'lustre/ptlrpc/.nodemap_storage.o.d': No such file or directory[0m
1 error generated.
Error while processing /tmp/ktest-out/lustre_build.x86_64/lustre/ptlrpc/nodemap_storage.c.
[227/303] Processing file /tmp/ktest-out/lustre_build.x86_64/lnet/lnet/lib-msg.c
[0;1;31merror: [0m[1merror opening 'lnet/lnet/.router.o.d': No such file or directory[0m
1 error generated.
Error while processing /tmp/ktest-out/lustre_build.x86_64/lnet/lnet/router.c.
[228/303] Processing file /tmp/ktest-out/lustre_build.x86_64/lustre/llite/llite_mmap.c
[0;1;31merror: [0m[1merror opening 'lustre/ptlrpc/../../lustre/target/.tgt_lastrcvd.o.d': No such file or directory[0m
1 error generated.
Error while processing [0;1;31merror: [0m[1merror opening 'lustre/lov/.lov_obd.o.d': No such file or directory[0m
1 error generated.
/tmp/ktest-out/lustre_build.x86_64/lustre/target/tgt_lastrcvd.c.
[229/303] Processing file /tmp/ktest-out/lustre_build.x86_64/lnet/lnet/net_fault.c
Error while processing /tmp/ktest-out/lustre_build.x86_64/lustre/lov/lov_obd.c.
[230/303] Processing file /tmp/ktest-out/lustre_build.x86_64/lustre/ptlrpc/sec_plain.c
[0;1;31merror: [0m[1merror opening 'lustre/mdd/.mdd_lock.o.d': No such file or directory[0m
1 error generated.
Error while processing /tmp/ktest-out/lustre_build.x86_64/lustre/mdd/mdd_lock.c.
[231/303] Processing file /tmp/ktest-out/lustre_build.x86_64/lustre/ldlm/ldlm_extent.c
[0;1;31merror: [0m[1merror opening 'lustre/ptlrpc/../../lustre/target/.update_trans.o.d': No such file or directory[0m
1 error generated.
Error while processing /tmp/ktest-out/lustre_build.x86_64/lustre/target/update_trans.c.
[232/303] Processing file /tmp/ktest-out/lustre_build.x86_64/lustre/llite/vvp_io.c
[0;1;31merror: [0m[1merror opening 'lustre/ptlrpc/.errno.o.d': No such file or directory[0m
1 error generated.
Error while processing /tmp/ktest-out/lustre_build.x86_64/lustre/ptlrpc/errno.c.
[233/303] Processing file /tmp/ktest-out/lustre_build.x86_64/lnet/lnet/lib-move.c
[0;1;31merror: [0m[1merror opening 'lustre/mdt/.mdt_open.o.d': No such file or directory[0m
1 error generated.
Error while processing /tmp/ktest-out/lustre_build.x86_64/lustre/mdt/mdt_open.c.
[234/303] Processing file /tmp/ktest-out/lustre_build.x86_64/lustre/mdt/mdt_hsm_cdt_actions.c
[0;1;31merror: [0m[1merror opening 'lustre/ptlrpc/../../lustre/ldlm/.ldlm_request.o.d': No such file or directory[0m
1 error generated.
Error while processing /tmp/ktest-out/lustre_build.x86_64/lustre/ldlm/ldlm_request.c.
[235/303] Processing file /tmp/ktest-out/lustre_build.x86_64/lustre/llite/rw26.c
[0;1;31merror: [0m[1merror opening 'lustre/lod/.lod_dev.o.d': No such file or directory[0m
1 error generated.
Error while processing /tmp/ktest-out/lustre_build.x86_64/lustre/lod/lod_dev.c.
[236/303] Processing file /tmp/ktest-out/lustre_build.x86_64/lustre/osp/osp_md_object.c
[0;1;31merror: [0m[1merror opening 'lustre/ptlrpc/.client.o.d': No such file or directory[0m
1 error generated.
Error while processing /tmp/ktest-out/lustre_build.x86_64/lustre/ptlrpc/client.c.
[237/303] Processing file /tmp/ktest-out/lustre_build.x86_64/lustre/quota/lproc_quota.c
[0;1;31merror: [0m[1merror opening 'lnet/selftest/.module.o.d': No such file or directory[0m
1 error generated.
Error while processing /tmp/ktest-out/lustre_build.x86_64/lnet/selftest/module.c.
[238/303] Processing file /tmp/ktest-out/lustre_build.x86_64/lustre/osp/lwp_dev.c
[0;1;31merror: [0m[1merror opening 'lustre/llite/.xattr.o.d': No such file or directory[0m
1 error generated.
Error while processing /tmp/ktest-out/lustre_build.x86_64/lustre/llite/xattr.c.
[239/303] Processing file /tmp/ktest-out/lustre_build.x86_64/lustre/target/update_records.c
[0;1;31merror: [0m[1merror opening 'lustre/ofd/.ofd_dev.o.d': No such file or directory[0m
1 error generated.
Error while processing /tmp/ktest-out/lustre_build.x86_64/lustre/ofd/ofd_dev.c.
[240/303] Processing file /tmp/ktest-out/lustre_build.x86_64/lustre/osc/osc_lock.c
[0;1;31merror: [0m[1merror opening 'lnet/selftest/.rpc.o.d': No such file or directory[0m
1 error generated.
Error while processing /tmp/ktest-out/lustre_build.x86_64/lnet/selftest/rpc.c.
[241/303] Processing file /tmp/ktest-out/lustre_build.x86_64/lustre/obdecho/echo_client.c
[0;1;31merror: [0m[1merror opening 'lustre/ptlrpc/.sec_config.o.d': No such file or directory[0m
1 error generated.
Error while processing /tmp/ktest-out/lustre_build.x86_64/lustre/ptlrpc/sec_config.c.
[242/303] Processing file /tmp/ktest-out/lustre_build.x86_64/lustre/mdt/mdt_lvb.c
[0;1;31merror: [0m[1merror opening 'lustre/fld/.fld_handler.o.d': No such file or directory[0m
1 error generated.
Error while processing /tmp/ktest-out/lustre_build.x86_64/lustre/fld/fld_handler.c.
[243/303] Processing file /tmp/ktest-out/lustre_build.x86_64/lnet/lnet/lib-md.c
[0;1;31merror: [0m[1merror opening 'libcfs/libcfs/.fail.o.d': No such file or directory[0m
1 error generated.
Error while processing /tmp/ktest-out/lustre_build.x86_64/libcfs/libcfs/fail.c.
[244/303] Processing file /tmp/ktest-out/lustre_build.x86_64/lustre/fid/fid_lib.c
[0;1;31merror: [0m[1merror opening 'lustre/osp/.lproc_osp.o.d': No such file or directory[0m
1 error generated.
Error while processing /tmp/ktest-out/lustre_build.x86_64/lustre/osp/lproc_osp.c.
[245/303] Processing file /tmp/ktest-out/lustre_build.x86_64/lnet/lnet/udsp.c
[0;1;31merror: [0m[1merror opening 'lustre/ptlrpc/../../lustre/ldlm/.ldlm_lockd.o.d': No such file or directory[0m
1 error generated.
Error while processing /tmp/ktest-out/lustre_build.x86_64/lustre/ldlm/ldlm_lockd.c.
[246/303] Processing file /tmp/ktest-out/lustre_build.x86_64/lustre/mgs/mgs_fs.c
[0;1;31merror: [0m[1merror opening 'lustre/lov/.lov_object.o.d': No such file or directory[0m
1 error generated.
Error while processing /tmp/ktest-out/lustre_build.x86_64/lustre/lov/lov_object.c.
[247/303] Processing file /tmp/ktest-out/lustre_build.x86_64/lnet/lnet/lock.c
[0;1;31merror: [0m[1merror opening 'lustre/osd-wbcfs/.osd_index_hash.o.d': No such file or directory[0m
1 error generated.
Error while processing /tmp/ktest-out/lustre_build.x86_64/lustre/osd-wbcfs/osd_index_hash.c.
[248/303] Processing file /tmp/ktest-out/lustre_build.x86_64/lustre/fid/fid_store.c
[0;1;31merror: [0m[1merror opening 'lustre/mdt/.mdt_coordinator.o.d': No such file or directory[0m
1 error generated.
Error while processing /tmp/ktest-out/lustre_build.x86_64/lustre/mdt/mdt_coordinator.c.
[249/303] Processing file /tmp/ktest-out/lustre_build.x86_64/lustre/ptlrpc/llog_client.c
[0;1;31merror: [0m[1merror opening 'lustre/ofd/.ofd_lvb.o.d': No such file or directory[0m
1 error generated.
Error while processing /tmp/ktest-out/lustre_build.x86_64/lustre/ofd/ofd_lvb.c.
[250/303] Processing file /tmp/ktest-out/lustre_build.x86_64/lustre/ptlrpc/pack_generic.c
[0;1;31merror: [0m[1merror opening 'lustre/ofd/.ofd_io.o.d': No such file or directory[0m
1 error generated.
Error while processing /tmp/ktest-out/lustre_build.x86_64/lustre/ofd/ofd_io.c.
[251/303] Processing file /tmp/ktest-out/lustre_build.x86_64/lustre/obdclass/llog_cat.c
[0;1;31merror: [0m[1merror opening 'lustre/obdclass/.lprocfs_counters.o.d': No such file or directory[0m
1 error generated.
Error while processing /tmp/ktest-out/lustre_build.x86_64/lustre/obdclass/lprocfs_counters.c.
[252/303] Processing file /tmp/ktest-out/lustre_build.x86_64/lnet/selftest/timer.c
[0;1;31merror: [0m[1merror opening 'lustre/osp/.osp_md_object.o.d': No such file or directory[0m
1 error generated.
Error while processing /tmp/ktest-out/lustre_build.x86_64/lustre/osp/osp_md_object.c.
[253/303] Processing file /tmp/ktest-out/lustre_build.x86_64/lustre/obdclass/genops.c
[0;1;31merror: [0m[1merror opening 'lustre/ptlrpc/../../lustre/target/.tgt_grant.o.d': No such file or directory[0m
1 error generated.
Error while processing /tmp/ktest-out/lustre_build.x86_64/lustre/target/tgt_grant.c.
[254/303] Processing file /tmp/ktest-out/lustre_build.x86_64/lustre/target/barrier.c
[0;1;31merror: [0m[1merror opening 'lustre/ptlrpc/.sec_plain.o.d': No such file or directory[0m
1 error generated.
Error while processing /tmp/ktest-out/lustre_build.x86_64/lustre/ptlrpc/sec_plain.c.
[255/303] Processing file /tmp/ktest-out/lustre_build.x86_64/lustre/kunit/obd_test.c
[0;1;31merror: [0m[1merror opening 'lustre/llite/.llite_mmap.o.d': No such file or directory[0m
1 error generated.
Error while processing /tmp/ktest-out/lustre_build.x86_64/lustre/llite/llite_mmap.c.
[256/303] Processing file /tmp/ktest-out/lustre_build.x86_64/lustre/lov/lov_offset.c
[0;1;31merror: [0m[1merror opening 'lustre/ptlrpc/../../lustre/target/.update_records.o.d': No such file or directory[0m
1 error generated.
Error while processing /tmp/ktest-out/lustre_build.x86_64/lustre/target/update_records.c.
[257/303] Processing file /tmp/ktest-out/lustre_build.x86_64/lustre/lov/lov_ea.c
[0;1;31merror: [0m[1merror opening 'lustre/llite/.vvp_io.o.d': No such file or directory[0m
1 error generated.
Error while processing /tmp/ktest-out/lustre_build.x86_64/lustre/llite/vvp_io.c.
[258/303] Processing file /tmp/ktest-out/lustre_build.x86_64/lustre/ptlrpc/lproc_ptlrpc.c
[0;1;31merror: [0m[1merror opening 'lnet/lnet/.net_fault.o.d': No such file or directory[0m
1 error generated.
Error while processing /tmp/ktest-out/lustre_build.x86_64/lnet/lnet/net_fault.c.
[259/303] Processing file /tmp/ktest-out/lustre_build.x86_64/lustre/lov/lov_pool.c
[0;1;31merror: [0m[1merror opening 'lustre/obdclass/.class_obd.o.d': No such file or directory[0m
1 error generated.
Error while processing /tmp/ktest-out/lustre_build.x86_64/lustre/obdclass/class_obd.c.
[260/303] Processing file /tmp/ktest-out/lustre_build.x86_64/lustre/ec/ec_base_aliases.c
[0;1;31merror: [0m[1merror opening 'lustre/mgs/.mgs_fs.o.d': No such file or directory[0m
1 error generated.
Error while processing /tmp/ktest-out/lustre_build.x86_64/lustre/mgs/mgs_fs.c.
[261/303] Processing file /tmp/ktest-out/lustre_build.x86_64/lustre/quota/lquota_disk.c
[0;1;31merror: [0m[1merror opening 'lustre/fid/.fid_store.o.d': No such file or directory[0m
1 error generated.
Error while processing /tmp/ktest-out/lustre_build.x86_64/lustre/fid/fid_store.c.
[262/303] Processing file /tmp/ktest-out/lustre_build.x86_64/lnet/lnet/peer.c
[0;1;31m[0;1;31merror: [0m[1merror opening 'lustre/mdt/.mdt_hsm_cdt_actions.o.d': No such file or directory[0m
1error: [0m[1merror opening 'lustre/ec/.ec_base_aliases.o.d': No such file or directory[0m
1 error generated.
Error while processing /tmp/ktest-out/lustre_build.x86_64/lustre/ec/ec_base_aliases.c.
[263/303] Processing file /tmp/ktest-out/lustre_build.x86_64/lustre/llite/statahead.c
 error generated.
Error while processing /tmp/ktest-out/lustre_build.x86_64/lustre/mdt/mdt_hsm_cdt_actions.c.
[264/303] Processing file /tmp/ktest-out/lustre_build.x86_64/lustre/osc/osc_dev.c
[0;1;31merror: [0m[1merror opening 'lustre/ptlrpc/../../lustre/ldlm/.ldlm_extent.o.d': No such file or directory[0m
1 error generated.
[0;1;31merror: [0m[1merror opening 'lnet/lnet/.lib-msg.o.d': No such file or directory[0m
1 error generated.
Error while processing /tmp/ktest-out/lustre_build.x86_64/lnet/lnet/lib-msg.c.
[265/303] Processing file /tmp/ktest-out/lustre_build.x86_64/lustre/lfsck/lfsck_layout.c
[0;1;31merror: [0m[1merror opening 'lnet/lnet/.lib-move.o.d': No such file or directory[0m
1 error generated.
[0;1;31merror: [0m[1merror opening 'lustre/ptlrpc/.llog_client.o.d': No such file or directory[0m
1 error generated.
Error while processing /tmp/ktest-out/lustre_build.x86_64/lustre/ldlm/ldlm_extent.c.
[266/303] Processing file /tmp/ktest-out/lustre_build.x86_64/lustre/ptlrpc/nodemap_member.c
[0;1;31merror: [0m[1merror opening 'lustre/lov/.lov_merge.o.d': No such file or directory[0m
1 error generated.
Error while processing /tmp/ktest-out/lustre_build.x86_64/lustre/lov/lov_merge.c.
[267/303] Processing file /tmp/ktest-out/lustre_build.x86_64/lustre/mdt/mdt_lib.c
[0;1;31merror: [0m[1merror opening 'lustre/ptlrpc/.nodemap_handler.o.d': No such file or directory[0m
1 error generated.
Error while processing /tmp/ktest-out/lustre_build.x86_64/lustre/ptlrpc/nodemap_handler.c.
[268/303] Processing file /tmp/ktest-out/lustre_build.x86_64/lustre/mgc/mgc_request.c
[0;1;31merror: [0m[1merror opening 'lustre/osc/.osc_lock.o.d': No such file or directory[0m
1 error generated.
Error while processing /tmp/ktest-out/lustre_build.x86_64/lustre/osc/osc_lock.c.
[269/303] Processing file /tmp/ktest-out/lustre_build.x86_64/lustre/obdclass/llog_obd.c
[0;1;31merror: [0m[1merror opening 'lustre/quota/.lproc_quota.o.d': No such file or directory[0m
1 error generated.
Error while processing /tmp/ktest-out/lustre_build.x86_64/lustre/quota/lproc_quota.c.
[270/303] Processing file /tmp/ktest-out/lustre_build.x86_64/lustre/lfsck/lfsck_namespace.c
[0;1;31merror: [0m[1merror opening 'lustre/mgs/.mgs_llog.o.d': No such file or directory[0m
1 error generated.
Error while processing /tmp/ktest-out/lustre_build.x86_64/lnet/lnet/lib-move.c.
[271/303] Processing file /tmp/ktest-out/lustre_build.x86_64/lustre/quota/qmt_entry.c
Error while processing /tmp/ktest-out/lustre_build.x86_64/lustre/ptlrpc/llog_client.c.
[272/303] Processing file /tmp/ktest-out/lustre_build.x86_64/lustre/mdd/mdd_acl.c
Error while processing /tmp/ktest-out/lustre_build.x86_64/lustre/mgs/mgs_llog.c.
[273/303] Processing file /tmp/ktest-out/lustre_build.x86_64/lustre/lmv/lmv_obd.c
[0;1;31merror: [0m[1merror opening 'lnet/lnet/.lib-md.o.d': No such file or directory[0m
1 error generated.
Error while processing /tmp/ktest-out/lustre_build.x86_64/lnet/lnet/lib-md.c.
[274/303] Processing file /tmp/ktest-out/lustre_build.x86_64/lustre/ptlrpc/nrs_tbf.c
[0;1;31merror: [0m[1merror opening 'lnet/selftest/.timer.o.d': No such file or directory[0m
1 error generated.
Error while processing /tmp/ktest-out/lustre_build.x86_64/lnet/selftest/timer.c.
[275/303] Processing file /tmp/ktest-out/lustre_build.x86_64/lustre/osc/osc_page.c
[0;1;31merror: [0m[1merror opening 'lnet/lnet/.udsp.o.d': No such file or directory[0m
1 error generated.
Error while processing /tmp/ktest-out/lustre_build.x86_64/lnet/lnet/udsp.c.
[276/303] Processing file /tmp/ktest-out/lustre_build.x86_64/lustre/ptlrpc/layout.c
[0;1;31merror: [0m[1merror opening 'lustre/quota/.qmt_lock.o.d': No such file or directory[0m
1 error generated.
Error while processing /tmp/ktest-out/lustre_build.x86_64/lustre/quota/qmt_lock.c.
[277/303] Processing file /tmp/ktest-out/lustre_build.x86_64/lustre/llite/llite_lib.c
[0;1;31merror: [0m[1merror opening 'lustre/obdecho/.echo_client.o.d': No such file or directory[0m
1 error generated.
Error while processing /tmp/ktest-out/lustre_build.x86_64/lustre/obdecho/echo_client.c.
[278/303] Processing file /tmp/ktest-out/lustre_build.x86_64/lustre/mdt/mdt_lproc.c
[0;1;31merror: [0m[1merror opening 'lustre/osp/.lwp_dev.o.d': No such file or directory[0m
1 error generated.
Error while processing /tmp/ktest-out/lustre_build.x86_64/lustre/osp/lwp_dev.c.
[279/303] Processing file /tmp/ktest-out/lustre_build.x86_64/lustre/ofd/ofd_oss.c
[0;1;31merror: [0m[1merror opening 'lustre/mgc/.mgc_request.o.d': No such file or directory[0m
1 error generated.
Error while processing /tmp/ktest-out/lustre_build.x86_64/lustre/mgc/mgc_request.c.
[280/303] Processing file /tmp/ktest-out/lustre_build.x86_64/lustre/mdt/mdt_handler.c
[0;1;31merror: [0m[1merror opening 'lustre/mdt/.mdt_lib.o.d': No such file or directory[0m
1 error generated.
Error while processing /tmp/ktest-out/lustre_build.x86_64/lustre/mdt/mdt_lib.c.
[281/303] Processing file /tmp/ktest-out/lustre_build.x86_64/lustre/lmv/lmv_intent.c
[0;1;31merror: [0m[1merror opening 'lustre/fid/.fid_lib.o.d': No such file or directory[0m
1 error generated.
Error while processing /tmp/ktest-out/lustre_build.x86_64/lustre/fid/fid_lib.c.
[282/303] Processing file /tmp/ktest-out/lustre_build.x86_64/lustre/ptlrpc/nodemap_lproc.c
[0;1;31merror: [0m[1merror opening 'lnet/lnet/.lock.o.d': No such file or directory[0m
1 error generated.
Error while processing /tmp/ktest-out/lustre_build.x86_64/lnet/lnet/lock.c.
[283/303] Processing file /tmp/ktest-out/lustre_build.x86_64/lustre/llite/vvp_page.c
[0;1;31merror: [0m[1merror opening 'lustre/obdclass/.llog_obd.o.d': No such file or directory[0m
1 error generated.
Error while processing /tmp/ktest-out/lustre_build.x86_64/lustre/obdclass/llog_obd.c.
[284/303] Processing file /tmp/ktest-out/lustre_build.x86_64/lustre/ldlm/ldlm_flock.c
[0;1;31merror: [0m[1merror opening 'lustre/mdt/.mdt_lvb.o.d': No such file or directory[0m
1 error generated.
Error while processing /tmp/ktest-out/lustre_build.x86_64/lustre/mdt/mdt_lvb.c.
[285/303] Processing file /tmp/ktest-out/lustre_build.x86_64/lustre/quota/qsd_entry.c
[0;1;31merror: [0m[1merror opening 'lustre/lov/.lov_ea.o.d': No such file or directory[0m
1 error generated.
Error while processing /tmp/ktest-out/lustre_build.x86_64/lustre/lov/lov_ea.c.
[286/303] Processing file /tmp/ktest-out/lustre_build.x86_64/lustre/osc/osc_cache.c
[0;1;31merror: [0m[1merror opening 'lustre/quota/.lquota_disk.o.d': No such file or directory[0m
1 error generated.
Error while processing /tmp/ktest-out/lustre_build.x86_64/lustre/quota/lquota_disk.c.
[287/303] Processing file /tmp/ktest-out/lustre_build.x86_64/lustre/target/tgt_mount.c
[0;1;31merror: [0m[1merror opening 'lustre/mdd/.mdd_acl.o.d': No such file or directory[0m
1 error generated.
Error while processing /tmp/ktest-out/lustre_build.x86_64/lustre/mdd/mdd_acl.c.
[288/303] Processing file /tmp/ktest-out/lustre_build.x86_64/lustre/mdd/mdd_trans.c
[0;1;31merror: [0m[1merror opening 'lustre/llite/.rw26.o.d': No such file or directory[0m
1 error generated.
Error while processing /tmp/ktest-out/lustre_build.x86_64/lustre/llite/rw26.c.
[289/303] Processing file /tmp/ktest-out/lustre_build.x86_64/lustre/llite/acl.c
[0;1;31merror: [0m[1merror opening 'lustre/obdclass/.genops.o.d': No such file or directory[0m
1 error generated.
Error while processing /tmp/ktest-out/lustre_build.x86_64/lustre/obdclass/genops.c.
[290/303] Processing file /tmp/ktest-out/lustre_build.x86_64/lustre/ec/ec_kmod.c
[0;1;31merror: [0m[1merror opening 'lustre/lmv/.lmv_obd.o.d': No such file or directory[0m
1 error generated.
Error while processing /tmp/ktest-out/lustre_build.x86_64/lustre/lmv/lmv_obd.c.
[291/303] Processing file /tmp/ktest-out/lustre_build.x86_64/lnet/klnds/socklnd/socklnd_modparams.c
[0;1;31merror: [0m[1merror opening 'lustre/osc/.osc_dev.o.d': No such file or directory[0m
1 error generated.
Error while processing /tmp/ktest-out/lustre_build.x86_64/lustre/osc/osc_dev.c.
[292/303] Processing file /tmp/ktest-out/lustre_build.x86_64/lnet/lnet/nidstrings.c
[0;1;31merror: [0m[1merror opening 'lustre/obdclass/.llog_cat.o.d': No such file or directory[0m
1 error generated.
Error while processing /tmp/ktest-out/lustre_build.x86_64/lustre/obdclass/llog_cat.c.
[293/303] Processing file /tmp/ktest-out/lustre_build.x86_64/lustre/ldlm/ldlm_lib.c
[0;1;31merror: [0m[1merror opening 'lustre/ptlrpc/.lproc_ptlrpc.o.d': No such file or directory[0m
1 error generated.
Error while processing /tmp/ktest-out/lustre_build.x86_64/lustre/ptlrpc/lproc_ptlrpc.c.
[294/303] Processing file /tmp/ktest-out/lustre_build.x86_64/lustre/osp/osp_precreate.c
[1mlustre/ptlrpc/layout.c:971:2: [0m[0;1;35mwarning: [0m[1mcast from 'void (*)(struct mgs_target_info *)' to 'void (*)(void *)' converts to incompatible function type [-Wcast-function-type-strict][0m
  971 |         DEFINE_MSGF([0;32m"mgs_target_info"[0m, [0;32m0[0m, [0;34msizeof[0m([0;34mstruct[0m mgs_target_info),[0m
      | [0;1;32m        ^~~~~~~~~~~~~~~~~~~~~~~~~~~~~~~~~~~~~~~~~~~~~~~~~~~~~~~~~~~~~~~~~
[0m  972 |                     lustre_swab_mgs_target_info, NULL);[0m
      | [0;1;32m                    ~~~~~~~~~~~~~~~~~~~~~~~~~~~~~~~~~~
[0m[1mlustre/ptlrpc/layout.c:954:17: [0m[0;1;36mnote: [0mexpanded from macro 'DEFINE_MSGF'[0m
  954 |         .rmf_swabber = ([0;34mvoid[0m (*)([0;34mvoid[0m *))(swabber),             \[0m
      | [0;1;32m                       ^~~~~~~~~~~~~~~~~~~~~~~~~~~
[0m[1mlustre/ptlrpc/layout.c:976:2: [0m[0;1;35mwarning: [0m[1mcast from 'void (*)(struct mgs_target_nidlist *)' to 'void (*)(void *)' converts to incompatible function type [-Wcast-function-type-strict][0m
  976 |         DEFINE_MSGF([0;32m"mgs_target_nidlist"[0m, [0;32m0[0m, [0;34msizeof[0m([0;34mstruct[0m mgs_target_nidlist),[0m
      | [0;1;32m        ^~~~~~~~~~~~~~~~~~~~~~~~~~~~~~~~~~~~~~~~~~~~~~~~~~~~~~~~~~~~~~~~~~~~~~~
[0m  977 |                     lustre_swab_mgs_target_nidlist, NULL);[0m
      | [0;1;32m                    ~~~~~~~~~~~~~~~~~~~~~~~~~~~~~~~~~~~~~
[0m[1mlustre/ptlrpc/layout.c:954:17: [0m[0;1;36mnote: [0mexpanded from macro 'DEFINE_MSGF'[0m
  954 |         .rmf_swabber = ([0;34mvoid[0m (*)([0;34mvoid[0m *))(swabber),             \[0m
      | [0;1;32m                       ^~~~~~~~~~~~~~~~~~~~~~~~~~~
[0m[1mlustre/ptlrpc/layout.c:989:2: [0m[0;1;35mwarning: [0m[1mcast from 'void (*)(struct mgs_config_body *)' to 'void (*)(void *)' converts to incompatible function type [-Wcast-function-type-strict][0m
  989 |         DEFINE_MSGF([0;32m"mgs_config_read request"[0m, [0;32m0[0m,[0m
      | [0;1;32m        ^~~~~~~~~~~~~~~~~~~~~~~~~~~~~~~~~~~~~~~~~
[0m  990 |                     [0;34msizeof[0m([0;34mstruct[0m mgs_config_body),[0m
      | [0;1;32m                    ~~~~~~~~~~~~~~~~~~~~~~~~~~~~~~~
[0m  991 |                     lustre_swab_mgs_config_body, NULL);[0m
      | [0;1;32m                    ~~~~~~~~~~~~~~~~~~~~~~~~~~~~~~~~~~
[0m[1mlustre/ptlrpc/layout.c:954:17: [0m[0;1;36mnote: [0mexpanded from macro 'DEFINE_MSGF'[0m
  954 |         .rmf_swabber = ([0;34mvoid[0m (*)([0;34mvoid[0m *))(swabber),             \[0m
      | [0;1;32m                       ^~~~~~~~~~~~~~~~~~~~~~~~~~~
[0m[1mlustre/ptlrpc/layout.c:995:2: [0m[0;1;35mwarning: [0m[1mcast from 'void (*)(struct mgs_config_res *)' to 'void (*)(void *)' converts to incompatible function type [-Wcast-function-type-strict][0m
  995 |         DEFINE_MSGF([0;32m"mgs_config_read reply "[0m, [0;32m0[0m, [0;34msizeof[0m([0;34mstruct[0m mgs_config_res),[0m
      | [0;1;32m        ^~~~~~~~~~~~~~~~~~~~~~~~~~~~~~~~~~~~~~~~~~~~~~~~~~~~~~~~~~~~~~~~~~~~~~~
[0m  996 |                     lustre_swab_mgs_config_res, NULL);[0m
      | [0;1;32m                    ~~~~~~~~~~~~~~~~~~~~~~~~~~~~~~~~~
[0m[1mlustre/ptlrpc/layout.c:954:17: [0m[0;1;36mnote: [0mexpanded from macro 'DEFINE_MSGF'[0m
  954 |         .rmf_swabber = ([0;34mvoid[0m (*)([0;34mvoid[0m *))(swabber),             \[0m
      | [0;1;32m                       ^~~~~~~~~~~~~~~~~~~~~~~~~~~
[0m[1mlustre/ptlrpc/layout.c:1000:2: [0m[0;1;35mwarning: [0m[1mcast from 'void (*)(__u32 *)' (aka 'void (*)(unsigned int *)') to 'void (*)(void *)' converts to incompatible function type [-Wcast-function-type-strict][0m
 1000 |         DEFINE_MSGF([0;32m"generic u32"[0m, RMF_F_STRUCT_ARRAY,[0m
      | [0;1;32m        ^~~~~~~~~~~~~~~~~~~~~~~~~~~~~~~~~~~~~~~~~~~~~~
[0m 1001 |                     [0;34msizeof[0m(__u32), lustre_swab_generic_32s, NULL);[0m
      | [0;1;32m                    ~~~~~~~~~~~~~~~~~~~~~~~~~~~~~~~~~~~~~~~~~~~~~
[0m[1mlustre/ptlrpc/layout.c:954:17: [0m[0;1;36mnote: [0mexpanded from macro 'DEFINE_MSGF'[0m
  954 |         .rmf_swabber = ([0;34mvoid[0m (*)([0;34mvoid[0m *))(swabber),             \[0m
      | [0;1;32m                       ^~~~~~~~~~~~~~~~~~~~~~~~~~~
[0m[1mlustre/ptlrpc/layout.c:1013:2: [0m[0;1;35mwarning: [0m[1mcast from 'void (*)(__u32 *)' (aka 'void (*)(unsigned int *)') to 'void (*)(void *)' converts to incompatible function type [-Wcast-function-type-strict][0m
 1013 |         DEFINE_MSGF([0;32m"getinfo_vallen"[0m, [0;32m0[0m, [0;34msizeof[0m(__u32),[0m
      | [0;1;32m        ^~~~~~~~~~~~~~~~~~~~~~~~~~~~~~~~~~~~~~~~~~~~~~~
[0m 1014 |                     lustre_swab_generic_32s, NULL);[0m
      | [0;1;32m                    ~~~~~~~~~~~~~~~~~~~~~~~~~~~~~~
[0m[1mlustre/ptlrpc/layout.c:954:17: [0m[0;1;36mnote: [0mexpanded from macro 'DEFINE_MSGF'[0m
  954 |         .rmf_swabber = ([0;34mvoid[0m (*)([0;34mvoid[0m *))(swabber),             \[0m
      | [0;1;32m                       ^~~~~~~~~~~~~~~~~~~~~~~~~~~
[0m[1mlustre/ptlrpc/layout.c:1022:2: [0m[0;1;35mwarning: [0m[1mcast from 'void (*)(__u32 *)' (aka 'void (*)(unsigned int *)') to 'void (*)(void *)' converts to incompatible function type [-Wcast-function-type-strict][0m
 1022 |         DEFINE_MSGF([0;32m"seq_query_opc"[0m, [0;32m0[0m, [0;34msizeof[0m(__u32),[0m
      | [0;1;32m        ^~~~~~~~~~~~~~~~~~~~~~~~~~~~~~~~~~~~~~~~~~~~~~
[0m 1023 |                     lustre_swab_generic_32s, NULL);[0m
      | [0;1;32m                    ~~~~~~~~~~~~~~~~~~~~~~~~~~~~~~
[0m[1mlustre/ptlrpc/layout.c:954:17: [0m[0;1;36mnote: [0mexpanded from macro 'DEFINE_MSGF'[0m
  954 |         .rmf_swabber = ([0;34mvoid[0m (*)([0;34mvoid[0m *))(swabber),             \[0m
      | [0;1;32m                       ^~~~~~~~~~~~~~~~~~~~~~~~~~~
[0m[1mlustre/ptlrpc/layout.c:1027:2: [0m[0;1;35mwarning: [0m[1mcast from 'void (*)(struct lu_seq_range *)' to 'void (*)(void *)' converts to incompatible function type [-Wcast-function-type-strict][0m
 1027 |         DEFINE_MSGF([0;32m"seq_query_range"[0m, [0;32m0[0m, [0;34msizeof[0m([0;34mstruct[0m lu_seq_range),[0m
      | [0;1;32m        ^~~~~~~~~~~~~~~~~~~~~~~~~~~~~~~~~~~~~~~~~~~~~~~~~~~~~~~~~~~~~~
[0m 1028 |                     lustre_swab_lu_seq_range, NULL);[0m
      | [0;1;32m                    ~~~~~~~~~~~~~~~~~~~~~~~~~~~~~~~
[0m[1mlustre/ptlrpc/layout.c:954:17: [0m[0;1;36mnote: [0mexpanded from macro 'DEFINE_MSGF'[0m
  954 |         .rmf_swabber = ([0;34mvoid[0m (*)([0;34mvoid[0m *))(swabber),             \[0m
      | [0;1;32m                       ^~~~~~~~~~~~~~~~~~~~~~~~~~~
[0m[1mlustre/ptlrpc/layout.c:1032:2: [0m[0;1;35mwarning: [0m[1mcast from 'void (*)(__u32 *)' (aka 'void (*)(unsigned int *)') to 'void (*)(void *)' converts to incompatible function type [-Wcast-function-type-strict][0m
 1032 |         DEFINE_MSGF([0;32m"fld_query_opc"[0m, [0;32m0[0m, [0;34msizeof[0m(__u32),[0m
      | [0;1;32m        ^~~~~~~~~~~~~~~~~~~~~~~~~~~~~~~~~~~~~~~~~~~~~~
[0m 1033 |                     lustre_swab_generic_32s, NULL);[0m
      | [0;1;32m                    ~~~~~~~~~~~~~~~~~~~~~~~~~~~~~~
[0m[1mlustre/ptlrpc/layout.c:954:17: [0m[0;1;36mnote: [0mexpanded from macro 'DEFINE_MSGF'[0m
  954 |         .rmf_swabber = ([0;34mvoid[0m (*)([0;34mvoid[0m *))(swabber),             \[0m
      | [0;1;32m                       ^~~~~~~~~~~~~~~~~~~~~~~~~~~
[0m[1mlustre/ptlrpc/layout.c:1037:2: [0m[0;1;35mwarning: [0m[1mcast from 'void (*)(struct lu_seq_range *)' to 'void (*)(void *)' converts to incompatible function type [-Wcast-function-type-strict][0m
 1037 |         DEFINE_MSGF([0;32m"fld_query_mdfld"[0m, [0;32m0[0m, [0;34msizeof[0m([0;34mstruct[0m lu_seq_range),[0m
      | [0;1;32m        ^~~~~~~~~~~~~~~~~~~~~~~~~~~~~~~~~~~~~~~~~~~~~~~~~~~~~~~~~~~~~~
[0m 1038 |                     lustre_swab_lu_seq_range, NULL);[0m
      | [0;1;32m                    ~~~~~~~~~~~~~~~~~~~~~~~~~~~~~~~
[0m[1mlustre/ptlrpc/layout.c:954:17: [0m[0;1;36mnote: [0mexpanded from macro 'DEFINE_MSGF'[0m
  954 |         .rmf_swabber = ([0;34mvoid[0m (*)([0;34mvoid[0m *))(swabber),             \[0m
      | [0;1;32m                       ^~~~~~~~~~~~~~~~~~~~~~~~~~~
[0m[1mlustre/ptlrpc/layout.c:1042:2: [0m[0;1;35mwarning: [0m[1mcast from 'void (*)(struct mdt_body *)' to 'void (*)(void *)' converts to incompatible function type [-Wcast-function-type-strict][0m
 1042 |         DEFINE_MSGF([0;32m"mdt_body"[0m, [0;32m0[0m, [0;34msizeof[0m([0;34mstruct[0m mdt_body),[0m
      | [0;1;32m        ^~~~~~~~~~~~~~~~~~~~~~~~~~~~~~~~~~~~~~~~~~~~~~~~~~~
[0m 1043 |                     lustre_swab_mdt_body, NULL);[0m
      | [0;1;32m                    ~~~~~~~~~~~~~~~~~~~~~~~~~~~
[0m[1mlustre/ptlrpc/layout.c:954:17: [0m[0;1;36mnote: [0mexpanded from macro 'DEFINE_MSGF'[0m
  954 |         .rmf_swabber = ([0;34mvoid[0m (*)([0;34mvoid[0m *))(swabber),             \[0m
      | [0;1;32m                       ^~~~~~~~~~~~~~~~~~~~~~~~~~~
[0m[1mlustre/ptlrpc/layout.c:1047:2: [0m[0;1;35mwarning: [0m[1mcast from 'int (*)(struct obd_quotactl *, __u32)' (aka 'int (*)(struct obd_quotactl *, unsigned int)') to 'int (*)(void *, __u32)' (aka 'int (*)(void *, unsigned int)') converts to incompatible function type [-Wcast-function-type-strict][0m
 1047 |         DEFINE_MSGFL([0;32m"obd_quotactl"[0m, [0;32m0[0m, [0;34msizeof[0m([0;34mstruct[0m obd_quotactl),[0m
      | [0;1;32m        ^~~~~~~~~~~~~~~~~~~~~~~~~~~~~~~~~~~~~~~~~~~~~~~~~~~~~~~~~~~~
[0m 1048 |                      lustre_swab_obd_quotactl, NULL);[0m
      | [0;1;32m                     ~~~~~~~~~~~~~~~~~~~~~~~~~~~~~~~
[0m[1mlustre/ptlrpc/layout.c:962:18: [0m[0;1;36mnote: [0mexpanded from macro 'DEFINE_MSGFL'[0m
  962 |         .rmf_swab_len = ([0;34mint[0m (*)([0;34mvoid[0m *, __u32))(swab_len),     \[0m
      | [0;1;32m                        ^~~~~~~~~~~~~~~~~~~~~~~~~~~~~~~~~~
[0m[1mlustre/ptlrpc/layout.c:1056:2: [0m[0;1;35mwarning: [0m[1mcast from 'void (*)(struct quota_body *)' to 'void (*)(void *)' converts to incompatible function type [-Wcast-function-type-strict][0m
 1056 |         DEFINE_MSGF([0;32m"quota_body"[0m, [0;32m0[0m,[0m
      | [0;1;32m        ^~~~~~~~~~~~~~~~~~~~~~~~~~~~
[0m 1057 |                     [0;34msizeof[0m([0;34mstruct[0m quota_body), lustre_swab_quota_body, NULL);[0m
      | [0;1;32m                    ~~~~~~~~~~~~~~~~~~~~~~~~~~~~~~~~~~~~~~~~~~~~~~~~~~~~~~~~
[0m[1mlustre/ptlrpc/layout.c:954:17: [0m[0;1;36mnote: [0mexpanded from macro 'DEFINE_MSGF'[0m
  954 |         .rmf_swabber = ([0;34mvoid[0m (*)([0;34mvoid[0m *))(swabber),             \[0m
      | [0;1;32m                       ^~~~~~~~~~~~~~~~~~~~~~~~~~~
[0m[1mlustre/ptlrpc/layout.c:1061:2: [0m[0;1;35mwarning: [0m[1mcast from 'void (*)(struct mdt_ioepoch *)' to 'void (*)(void *)' converts to incompatible function type [-Wcast-function-type-strict][0m
 1061 |         DEFINE_MSGF([0;32m"mdt_ioepoch"[0m, [0;32m0[0m, [0;34msizeof[0m([0;34mstruct[0m mdt_ioepoch),[0m
      | [0;1;32m        ^~~~~~~~~~~~~~~~~~~~~~~~~~~~~~~~~~~~~~~~~~~~~~~~~~~~~~~~~
[0m 1062 |                     lustre_swab_mdt_ioepoch, NULL);[0m
      | [0;1;32m                    ~~~~~~~~~~~~~~~~~~~~~~~~~~~~~~
[0m[1mlustre/ptlrpc/layout.c:954:17: [0m[0;1;36mnote: [0mexpanded from macro 'DEFINE_MSGF'[0m
  954 |         .rmf_swabber = ([0;34mvoid[0m (*)([0;34mvoid[0m *))(swabber),             \[0m
      | [0;1;32m                       ^~~~~~~~~~~~~~~~~~~~~~~~~~~
[0m[1mlustre/ptlrpc/layout.c:1066:2: [0m[0;1;35mwarning: [0m[1mcast from 'void (*)(struct ptlrpc_body_v3 *)' to 'void (*)(void *)' converts to incompatible function type [-Wcast-function-type-strict][0m
 1066 |         DEFINE_MSGF([0;32m"ptlrpc_body"[0m, [0;32m0[0m,[0m
      | [0;1;32m        ^~~~~~~~~~~~~~~~~~~~~~~~~~~~~
[0m 1067 |                     [0;34msizeof[0m([0;34mstruct[0m ptlrpc_body), lustre_swab_ptlrpc_body, NULL);[0m
      | [0;1;32m                    ~~~~~~~~~~~~~~~~~~~~~~~~~~~~~~~~~~~~~~~~~~~~~~~~~~~~~~~~~~
[0m[1mlustre/ptlrpc/layout.c:954:17: [0m[0;1;36mnote: [0mexpanded from macro 'DEFINE_MSGF'[0m
  954 |         .rmf_swabber = ([0;34mvoid[0m (*)([0;34mvoid[0m *))(swabber),             \[0m
      | [0;1;32m                       ^~~~~~~~~~~~~~~~~~~~~~~~~~~
[0m[1mlustre/ptlrpc/layout.c:1071:2: [0m[0;1;35mwarning: [0m[1mcast from 'void (*)(struct close_data *)' to 'void (*)(void *)' converts to incompatible function type [-Wcast-function-type-strict][0m
 1071 |         DEFINE_MSGF([0;32m"data_version"[0m, [0;32m0[0m,[0m
      | [0;1;32m        ^~~~~~~~~~~~~~~~~~~~~~~~~~~~~~
[0m 1072 |                     [0;34msizeof[0m([0;34mstruct[0m close_data), lustre_swab_close_data, NULL);[0m
      | [0;1;32m                    ~~~~~~~~~~~~~~~~~~~~~~~~~~~~~~~~~~~~~~~~~~~~~~~~~~~~~~~~
[0m[1mlustre/ptlrpc/layout.c:954:17: [0m[0;1;36mnote: [0mexpanded from macro 'DEFINE_MSGF'[0m
  954 |         .rmf_swabber = ([0;34mvoid[0m (*)([0;34mvoid[0m *))(swabber),             \[0m
      | [0;1;32m                       ^~~~~~~~~~~~~~~~~~~~~~~~~~~
[0m[1mlustre/ptlrpc/layout.c:1076:2: [0m[0;1;35mwarning: [0m[1mcast from 'void (*)(struct obd_statfs *)' to 'void (*)(void *)' converts to incompatible function type [-Wcast-function-type-strict][0m
 1076 |         DEFINE_MSGF([0;32m"obd_statfs"[0m, [0;32m0[0m,[0m
      | [0;1;32m        ^~~~~~~~~~~~~~~~~~~~~~~~~~~~
[0m 1077 |                     [0;34msizeof[0m([0;34mstruct[0m obd_statfs), lustre_swab_obd_statfs, NULL);[0m
      | [0;1;32m                    ~~~~~~~~~~~~~~~~~~~~~~~~~~~~~~~~~~~~~~~~~~~~~~~~~~~~~~~~
[0m[1mlustre/ptlrpc/layout.c:954:17: [0m[0;1;36mnote: [0mexpanded from macro 'DEFINE_MSGF'[0m
  954 |         .rmf_swabber = ([0;34mvoid[0m (*)([0;34mvoid[0m *))(swabber),             \[0m
      | [0;1;32m                       ^~~~~~~~~~~~~~~~~~~~~~~~~~~
[0m[1mlustre/ptlrpc/layout.c:1123:2: [0m[0;1;35mwarning: [0m[1mcast from 'void (*)(struct llogd_body *)' to 'void (*)(void *)' converts to incompatible function type [-Wcast-function-type-strict][0m
 1123 |         DEFINE_MSGF([0;32m"llogd_body"[0m, [0;32m0[0m, [0;34msizeof[0m([0;34mstruct[0m llogd_body),[0m
      | [0;1;32m        ^~~~~~~~~~~~~~~~~~~~~~~~~~~~~~~~~~~~~~~~~~~~~~~~~~~~~~~
[0m 1124 |                     lustre_swab_llogd_body, NULL);[0m
      | [0;1;32m                    ~~~~~~~~~~~~~~~~~~~~~~~~~~~~~
[0m[1mlustre/ptlrpc/layout.c:954:17: [0m[0;1;36mnote: [0mexpanded from macro 'DEFINE_MSGF'[0m
  954 |         .rmf_swabber = ([0;34mvoid[0m (*)([0;34mvoid[0m *))(swabber),             \[0m
      | [0;1;32m                       ^~~~~~~~~~~~~~~~~~~~~~~~~~~
[0m[1mlustre/ptlrpc/layout.c:1128:2: [0m[0;1;35mwarning: [0m[1mcast from 'void (*)(struct llog_log_hdr *)' to 'void (*)(void *)' converts to incompatible function type [-Wcast-function-type-strict][0m
 1128 |         DEFINE_MSGF([0;32m"llog_log_hdr"[0m, [0;32m0[0m, [0;34msizeof[0m([0;34mstruct[0m llog_log_hdr),[0m
      | [0;1;32m        ^~~~~~~~~~~~~~~~~~~~~~~~~~~~~~~~~~~~~~~~~~~~~~~~~~~~~~~~~~~
[0m 1129 |                     lustre_swab_llog_hdr, NULL);[0m
      | [0;1;32m                    ~~~~~~~~~~~~~~~~~~~~~~~~~~~
[0m[1mlustre/ptlrpc/layout.c:954:17: [0m[0;1;36mnote: [0mexpanded from macro 'DEFINE_MSGF'[0m
  954 |         .rmf_swabber = ([0;34mvoid[0m (*)([0;34mvoid[0m *))(swabber),             \[0m
      | [0;1;32m                       ^~~~~~~~~~~~~~~~~~~~~~~~~~~
[0m[1mlustre/ptlrpc/layout.c:1133:2: [0m[0;1;35mwarning: [0m[1mcast from 'void (*)(struct llogd_conn_body *)' to 'void (*)(void *)' converts to incompatible function type [-Wcast-function-type-strict][0m
 1133 |         DEFINE_MSGF([0;32m"llogd_conn_body"[0m, [0;1;31m[0;32merror: 0[0m, [0;34msizeo[0m[1merror opening 'lustre/ptlrpc/.pack_generic.o.d': No such file or directory[0m
f[0m([0;34mstruct[0m llogd_conn_body),[0m
      | [0;1;32m        ^~~~~~~~~~~~~~~~~~~~~~~~~~~~~~~~~~~~~~~~~~~~~~~~~~~~~~~~~~~~~~~~~
[0m 1134 |                     lustre_swab_llogd_conn_body, NULL);[0m
      | [0;1;32m                    ~~~~~~~~~~~~~~~~~~~~~~~~~~~~~~~~~~
[0m[1mlustre/ptlrpc/layout.c:954:17: [0m[0;1;36mnote: [0mexpanded from macro 'DEFINE_MSGF'[0m
  954 |         .rmf_swabber = ([0;34mvoid[0m (*)([0;34mvoid[0m *))(swabber),             \[0m
      | [0;1;32m                       ^~~~~~~~~~~~~~~~~~~~~~~~~~~
[0m[1mlustre/ptlrpc/layout.c:1148:2: [0m[0;1;35mwarning: [0m[1mcast from 'void (*)(struct obd_connect_data *)' to 'void (*)(void *)' converts to incompatible function type [-Wcast-function-type-strict][0m
 1148 |         DEFINE_MSGF([0;32m"cdata"[0m,[0m
      | [0;1;32m        ^~~~~~~~~~~~~~~~~~~~
[0m 1149 |                     RMF_F_NO_SIZE_CHECK [0;33m/* we allow extra space for interop */[0m,[0m
      | [0;1;32m                    ~~~~~~~~~~~~~~~~~~~~~~~~~~~~~~~~~~~~~~~~~~~~~~~~~~~~~~~~~~~
[0m 1150 |                     [0;34msizeof[0m([0;34mstruct[0m obd_connect_data),[0m
      | [0;1;32m                    ~~~~~~~~~~~~~~~~~~~~~~~~~~~~~~~~
[0m 1151 |                     lustre_swab_connect, NULL);[0m
      | [0;1;32m                    ~~~~~~~~~~~~~~~~~~~~~~~~~~
[0m[1mlustre/ptlrpc/layout.c:954:17: [0m[0;1;36mnote: [0mexpanded from macro 'DEFINE_MSGF'[0m
  954 |         .rmf_swabber = ([0;34mvoid[0m (*)([0;34mvoid[0m *))(swabber),             \[0m
      | [0;1;32m                       ^~~~~~~~~~~~~~~~~~~~~~~~~~~
[0m[1mlustre/ptlrpc/layout.c:1155:2: [0m[0;1;35mwarning: [0m[1mcast from 'void (*)(struct ldlm_request *)' to 'void (*)(void *)' converts to incompatible function type [-Wcast-function-type-strict][0m
 1155 |         DEFINE_MSGF([0;32m"dlm_req"[0m, RMF_F_NO_SIZE_CHECK [0;33m/* ldlm_request_bufsize */[0m,[0m
      | [0;1;32m        ^~~~~~~~~~~~~~~~~~~~~~~~~~~~~~~~~~~~~~~~~~~~~~~~~~~~~~~~~~~~~~~~~~~~~~
[0m 1156 |                     offsetof([0;34mstruct[0m ldlm_request,[0m
      | [0;1;32m                    ~~~~~~~~~~~~~~~~~~~~~~~~~~~~~
[0m 1157 |                              lock_handle[LDLM_LOCKREQ_HANDLES]),[0m
      | [0;1;32m                             ~~~~~~~~~~~~~~~~~~~~~~~~~~~~~~~~~~~
[0m 1158 |                     lustre_swab_ldlm_request, NULL);[0m
      | [0;1;32m                    ~~~~~~~~~~~~~~~~~~~~~~~~~~~~~~~
[0m[1mlustre/ptlrpc/layout.c:954:17: [0m[0;1;36mnote: [0mexpanded from macro 'DEFINE_MSGF'[0m
  954 |         .rmf_swabber = ([0;34mvoid[0m (*)([0;34mvoid[0m *))(swabber),             \[0m
      | [0;1;32m                       ^~~~~~~~~~~~~~~~~~~~~~~~~~~
[0m[1mlustre/ptlrpc/layout.c:1162:2: [0m[0;1;35mwarning: [0m[1mcast from 'void (*)(struct ldlm_reply *)' to 'void (*)(void *)' converts to incompatible function type [-Wcast-function-type-strict][0m
 1162 |         DEFINE_MSGF([0;32m"dlm_rep"[0m, [0;32m0[0m,[0m
      | [0;1;32m        ^~~~~~~~~~~~~~~~~~~~~~~~~
[0m 1163 |                     [0;34msizeof[0m([0;34mstruct[0m ldlm_reply), lustre_swab_ldlm_reply, NULL);[0m
      | [0;1;32m                    ~~~~~~~~~~~~~~~~~~~~~~~~~~~~~~~~~~~~~~~~~~~~~~~~~~~~~~~~
[0m[1mlustre/ptlrpc/layout.c:954:17: [0m[0;1;36mnote: [0mexpanded from macro 'DEFINE_MSGF'[0m
  954 |         .rmf_swabber = ([0;34mvoid[0m (*)([0;34mvoid[0m *)1)(swabber),             \[0m
      | [0;1;32m                       ^~~~~~~~~~~~~~~~~~~~~~~~~~~
[0m error generated.
[1mlustre/ptlrpc/layout.c:1167:2: [0m[0;1;35mwarning: [0m[1mcast from 'void (*)(struct ldlm_intent *)' to 'void (*)(void *)' converts to incompatible function type [-Wcast-function-type-strict][0m
 1167 |         DEFINE_MSGF([0;32m"ldlm_intent"[0m, [0;32m0[0m,[0m
      | [0;1;32m        ^~~~~~~~~~~~~~~~~~~~~~~~~~~~~
[0m 1168 |                     [0;34msizeof[0m([0;34mstruct[0m ldlm_intent), lustre_swab_ldlm_intent, NULL);[0m
      | [0;1;32m                    ~~~~~~~~~~~~~~~~~~~~~~~~~~~~~~~~~~~~~~~~~~~~~~~~~~~~~~~~~~
[0m[1mlustre/ptlrpc/layout.c:954:17: [0m[0;1;36mnote: [0mexpanded from macro 'DEFINE_MSGF'[0m
  954 |         .rmf_swabber = ([0;34mvoid[0m (*)([0;34mvoid[0m *))(swabber),             \[0m
      | [0;1;32m                       ^~~~~~~~~~~~~~~~~~~~~~~~~~~
[0m[1mlustre/ptlrpc/layout.c:1189:2: [0m[0;1;35mwarning: [0m[1mcast from 'void (*)(struct mdt_rec_reint *)' to 'void (*)(void *)' converts to incompatible function type [-Wcast-function-type-strict][0m
 1189 |         DEFINE_MSGF([0;32m"rec_reint"[0m, [0;32m0[0m, [0;34msizeof[0m([0;34mstruct[0m mdt_rec_reint),[0m
      | [0;1;32m        ^~~~~~~~~~~~~~~~~~~~~~~~~~~~~~~~~~~~~~~~~~~~~~~~~~~~~~~~~
[0m 1190 |                 Error while processing /tmp/ktest-out/lustre_build.x86_64/lustre/ptlrpc/pack_generic.c.
    lustre_swab_mdt_rec_reint, NUL[295/303] Processing file /tmp/ktest-out/lustre_build.x86_64/lustre/mdt/mdt_hsm_cdt_requests.cL);[0m

      | [0;1;32m                    ~~~~~~~~~~~~~~~~~~~~~~~~~~~~~~~~
[0m[1mlustre/ptlrpc/layout.c:954:17: [0m[0;1;36mnote: [0mexpanded from macro 'DEFINE_MSGF'[0m
  954 |         .rmf_swabber = ([0;34mvoid[0m (*)([0;34mvoid[0m *))(swabber),             \[0m
      | [0;1;32m                       ^~~~~~~~~~~~~~~~~~~~~~~~~~~
[0m[1mlustre/ptlrpc/layout.c:1216:2: [0m[0;1;35mwarning: [0m[1mcast from 'void (*)(struct layout_intent *)' to 'void (*)(void *)' converts to incompatible function type [-Wcast-function-type-strict][0m
 1216 |         DEFINE_MSGF([0;32m"layout_intent"[0m, [0;32m0[0m,[0m
      | [0;1;32m        ^~~~~~~~~~~~~~~~~~~~~~~~~~~~~~~
[0m 1217 |                     [0;34msizeof[0m([0;34mstruct[0m layout_intent), lustre_swab_layout_intent,[0m
      | [0;1;32m                    ~~~~~~~~~~~~~~~~~~~~~~~~~~~~~~~~~~~~~~~~~~~~~~~~~~~~~~~~
[0m 1218 |                     NULL);[0m
      | [0;1;32m                    ~~~~~
[0m[1mlustre/ptlrpc/layout.c:954:17: [0m[0;1;36mnote: [0mexpanded from macro 'DEFINE_MSGF'[0m
  954 |         .rmf_swabber = ([0;34mvoid[0m (*)([0;34mvoid[0m *))(swabber),             \[0m
      | [0;1;32m                       ^~~~~~~~~~~~~~~~~~~~~~~~~~~
[0m[1mlustre/ptlrpc/layout.c:1229:2: [0m[0;1;35mwarning: [0m[1mcast from 'void (*)(struct ost_body *)' to 'void (*)(void *)' converts to incompatible function type [-Wcast-function-type-strict][0m
 1229 |         DEFINE_MSGF([0;32m"ost_body"[0m, [0;32m0[0m,[0m
      | [0;1;32m        ^~~~~~~~~~~~~~~~~~~~~~~~~~
[0m 1230 |                     [0;34msizeof[0m([0;34mstruct[0m ost_body), lustre_swab_ost_body,[0m
      | [0;1;32m                    ~~~~~~~~~~~~~~~~~~~~~~~~~~~~~~~~~~~~~~~~~~~~~~
[0m 1231 |                     dump_ost_body);[0m
      | [0;1;32m                    ~~~~~~~~~~~~~~
[0m[1mlustre/ptlrpc/layout.c:954:17: [0m[0;1;36mnote: [0mexpanded from macro 'DEFINE_MSGF'[0m
  954 |         .rmf_swabber = ([0;34mvoid[0m (*)([0;34mvoid[0m *))(swabber),             \[0m
      | [0;1;32m                       ^~~~~~~~~~~~~~~~~~~~~~~~~~~
[0m[1mlustre/ptlrpc/layout.c:1229:2: [0m[0;1;35mwarning: [0m[1mcast from 'void (*)(struct ost_body *)' to 'void (*)(void *)' converts to incompatible function type [-Wcast-function-type-strict][0m
 1229 |         DEFINE_MSGF([0;32m"ost_body"[0m, [0;32m0[0m,[0m
      | [0;1;32m        ^~~~~~~~~~~~~~~~~~~~~~~~~~
[0m 1230 |                     [0;34msizeof[0m([0;34mstruct[0m ost_body), lustre_swab_ost_body,[0m
      | [0;1;32m                    ~~~~~~~~~~~~~~~~~~~~~~~~~~~~~~~~~~~~~~~~~~~~~~
[0m 1231 |                     dump_ost_body);[0m
      | [0;1;32m                    ~~~~~~~~~~~~~~
[0m[1mlustre/ptlrpc/layout.c:955:17: [0m[0;1;36mnote: [0mexpanded from macro 'DEFINE_MSGF'[0m
  955 |         .rmf_dumper  = ([0;34mvoid[0m (*)([0;34mvoid[0m *))(dumper)               \[0m
      | [0;1;32m                       ^~~~~~~~~~~~~~~~~~~~~~~~~~
[0m[1mlustre/ptlrpc/layout.c:1235:2: [0m[0;1;35mwarning: [0m[1mcast from 'void (*)(struct obd_ioobj *)' to 'void (*)(void *)' converts to incompatible function type [-Wcast-function-type-strict][0m
 1235 |         DEFINE_MSGF([0;32m"obd_ioobj"[0m, RMF_F_STRUCT_ARRAY,[0m
      | [0;1;32m        ^~~~~~~~~~~~~~~~~~~~~~~~~~~~~~~~~~~~~~~~~~~~
[0m 1236 |                     [0;34msizeof[0m([0;34mstruct[0m obd_ioobj), lustre_swab_obd_ioobj, dump_ioo);[0m
      | [0;1;32m                    ~~~~~~~~~~~~~~~~~~~~~~~~~~~~~~~~~~~~~~~~~~~~~~~~~~~~~~~~~~
[0m[1mlustre/ptlrpc/layout.c:954:17: [0m[0;1;36mnote: [0mexpanded from macro 'DEFINE_MSGF'[0m
  954 |         .rmf_swabber = ([0;34mvoid[0m (*)([0;34mvoid[0m *))(swabber),             \[0m
      | [0;1;32m                       ^~~~~~~~~~~~~~~~~~~~~~~~~~~
[0m[1mlustre/ptlrpc/layout.c:1235:2: [0m[0;1;35mwarning: [0m[1mcast from 'void (*)(struct obd_ioobj *)' to 'void (*)(void *)' converts to incompatible function type [-Wcast-function-type-strict][0m
 1235 |         DEFINE_MSGF([0;32m"obd_ioobj"[0m, RMF_F_STRUCT_ARRAY,[0m
      | [0;1;32m        ^~~~~~~~~~~~~~~~~~~~~~~~~~~~~~~~~~~~~~~~~~~~
[0m 1236 |                     [0;34msizeof[0m([0;34mstruct[0m obd_ioobj), lustre_swab_obd_ioobj, dump_ioo);[0m
      | [0;1;32m                    ~~~~~~~~~~~~~~~~~~~~~~~~~~~~~~~~~~~~~~~~~~~~~~~~~~~~~~~~~~
[0m[1mlustre/ptlrpc/layout.c:955:17: [0m[0;1;36mnote: [0mexpanded from macro 'DEFINE_MSGF'[0m
  955 |         .rmf_dumper  = ([0;34mvoid[0m (*)([0;34mvoid[0m *))(dumper)               \[0m
      | [0;1;32m                       ^~~~~~~~~~~~~~~~~~~~~~~~~~
[0m[1mlustre/ptlrpc/layout.c:1240:2: [0m[0;1;35mwarning: [0m[1mcast from 'void (*)(struct niobuf_remote *)' to 'void (*)(void *)' converts to incompatible function type [-Wcast-function-type-strict][0m
 1240 |         DEFINE_MSGF([0;32m"niobuf_remote"[0m, RMF_F_STRUCT_ARRAY,[0m
      | [0;1;32m        ^~~~~~~~~~~~~~~~~~~~~~~~~~~~~~~~~~~~~~~~~~~~~~~~
[0m 1241 |                     [0;34msizeof[0m([0;34mstruct[0m niobuf_remote), lustre_swab_niobuf_remote,[0m
      | [0;1;32m                    ~~~~~~~~~~~~~~~~~~~~~~~~~~~~~~~~~~~~~~~~~~~~~~~~~~~~~~~~
[0m 1242 |                     dump_rniobuf);[0m
      | [0;1;32m                    ~~~~~~~~~~~~~
[0m[1mlustre/ptlrpc/layout.c:954:17: [0m[0;1;36mnote: [0mexpanded from macro 'DEFINE_MSGF'[0m
  954 |         .rmf_swabber = ([0;34mvoid[0m (*)([0;34mvoid[0m *))(swabber),             \[0m
      | [0;1;32m                       ^~~~~~~~~~~~~~~~~~~~~~~~~~~
[0m[1mlustre/ptlrpc/layout.c:1240:2: [0m[0;1;35mwarning: [0m[1mcast from 'void (*)(struct niobuf_remote *)' to 'void (*)(void *)' converts to incompatible function type [-Wcast-function-type-strict][0m
 1240 |         DEFINE_MSGF([0;32m"niobuf_remote"[0m, RMF_F_STRUCT_ARRAY,[0m
      | [0;1;32m        ^~~~~~~~~~~~~~~~~~~~~~~~~~~~~~~~~~~~~~~~~~~~~~~~
[0m 1241 |                     [0;34msizeof[0m([0;34mstruct[0m niobuf_remote), lustre_swab_niobuf_remote,[0m
      | [0;1;32m                    ~~~~~~~~~~~~~~~~~~~~~~~~~~~~~~~~~~~~~~~~~~~~~~~~~~~~~~~~
[0m 1242 |                     dump_rniobuf);[0m
      | [0;1;32m                    ~~~~~~~~~~~~~
[0m[1mlustre/ptlrpc/layout.c:955:17: [0m[0;1;36mnote: [0mexpanded from macro 'DEFINE_MSGF'[0m
  955 |         .rmf_dumper  = ([0;34mvoid[0m (*)([0;34mvoid[0m *))(dumper)               \[0m
      | [0;1;32m                       ^~~~~~~~~~~~~~~~~~~~~~~~~~
[0m[1mlustre/ptlrpc/layout.c:1246:2: [0m[0;1;35mwarning: [0m[1mcast from 'void (*)(struct niobuf_remote *)' to 'void (*)(void *)' converts to incompatible function type [-Wcast-function-type-strict][0m
 1246 |         DEFINE_MSGF([0;32m"niobuf_inline"[0m, RMF_F_NO_SIZE_CHECK,[0m
      | [0;1;32m        ^~~~~~~~~~~~~~~~~~~~~~~~~~~~~~~~~~~~~~~~~~~~~~~~~
[0m 1247 |                     [0;34msizeof[0m([0;34mstruct[0m niobuf_remote), lustre_swab_niobuf_remote,[0m
      | [0;1;32m                    ~~~~~~~~~~~~~~~~~~~~~~~~~~~~~~~~~~~~~~~~~~~~~~~~~~~~~~~~
[0m 1248 |                     dump_rniobuf);[0m
      | [0;1;32m                    ~~~~~~~~~~~~~
[0m[1mlustre/ptlrpc/layout.c:954:17: [0m[0;1;36mnote: [0mexpanded from macro 'DEFINE_MSGF'[0m
  954 |         .rmf_swabber = ([0;34mvoid[0m (*)([0;34mvoid[0m *))(swabber),             \[0m
      | [0;1;32m                       ^~~~~~~~~~~~~~~~~~~~~~~~~~~
[0m[1mlustre/ptlrpc/layout.c:1246:2: [0m[0;1;35mwarning: [0m[1mcast from 'void (*)(struct niobuf_remote *)' to 'void (*)(void *)' converts to incompatible function type [-Wcast-function-type-strict][0m
 1246 |         DEFINE_MSGF([0;32m"niobuf_inline"[0m, RMF_F_NO_SIZE_CHECK,[0m
      | [0;1;32m        ^~~~~~~~~~~~~~~~~~~~~~~~~~~~~~~~~~~~~~~~~~~~~~~~~
[0m 1247 |                     [0;34msizeof[0m([0;34mstruct[0m niobuf_remote), lustre_swab_niobuf_remote,[0m
      | [0;1;32m                    ~~~~~~~~~~~~~~~~~~~~~~~~~~~~~~~~~~~~~~~~~~~~~~~~~~~~~~~~
[0m 1248 |                     dump_rniobuf);[0m
      | [0;1;32m                    ~~~~~~~~~~~~~
[0m[1mlustre/ptlrpc/layout.c:955:17: [0m[0;1;36mnote: [0mexpanded from macro 'DEFINE_MSGF'[0m
  955 |         .rmf_dumper  = ([0;34mvoid[0m (*)([0;34mvoid[0m *))(dumper)               \[0m
      | [0;1;32m                       ^~~~~~~~~~~~~~~~~~~~~~~~~~
[0m[1mlustre/ptlrpc/layout.c:1252:2: [0m[0;1;35mwarning: [0m[1mcast from 'void (*)(__u32 *)' (aka 'void (*)(unsigned int *)') to 'void (*)(void *)' converts to incompatible function type [-Wcast-function-type-strict][0m
 1252 |         DEFINE_MSGF([0;32m"niobuf_rcs"[0m, RMF_F_STRUCT_ARRAY, [0;34msizeof[0m(__u32),[0m
      | [0;1;32m        ^~~~~~~~~~~~~~~~~~~~~~~~~~~~~~~~~~~~~~~~~~~~~~~~~~~~~~~~~~~~
[0m 1253 |                     lustre_swab_generic_32s, dump_rcs);[0m
      | [0;1;32m                    ~~~~~~~~~~~~~~~~~~~~~~~~~~~~~~~~~~
[0m[1mlustre/ptlrpc/layout.c:954:17: [0m[0;1;36mnote: [0mexpanded from macro 'DEFINE_MSGF'[0m
  954 |         .rmf_swabber = ([0;34mvoid[0m (*)([0;34mvoid[0m *))(swabber),             \[0m
      | [0;1;32m                       ^~~~~~~~~~~~~~~~~~~~~~~~~~~
[0m[1mlustre/ptlrpc/layout.c:1252:2: [0m[0;1;35mwarning: [0m[1mcast from 'void (*)(__u32 *)' (aka 'void (*)(unsigned int *)') to 'void (*)(void *)' converts to incompatible function type [-Wcast-function-type-strict][0m
 1252 |         DEFINE_MSGF([0;32m"niobuf_rcs"[0m, RMF_F_STRUCT_ARRAY, [0;34msizeof[0m(__u32),[0m
      | [0;1;32m        ^~~~~~~~~~~~~~~~~~~~~~~~~~~~~~~~~~~~~~~~~~~~~~~~~~~~~~~~~~~~
[0m 1253 |                     lustre_swab_generic_32s, dump_rcs);[0m
      | [0;1;32m                    ~~~~~~~~~~~~~~~~~~~~~~~~~~~~~~~~~~
[0m[1mlustre/ptlrpc/layout.c:955:17: [0m[0;1;36mnote: [0mexpanded from macro 'DEFINE_MSGF'[0m
  955 |         .rmf_dumper  = ([0;34mvoid[0m (*)([0;34mvoid[0m *))(dumper)               \[0m
      | [0;1;32m                       ^~~~~~~~~~~~~~~~~~~~~~~~~~
[0m[1mlustre/ptlrpc/layout.c:1257:2: [0m[0;1;35mwarning: [0m[1mcast from 'void (*)(__u32 *)' (aka 'void (*)(unsigned int *)') to 'void (*)(void *)' converts to incompatible function type [-Wcast-function-type-strict][0m
 1257 |         DEFINE_MSGF([0;32m"eavals_lens"[0m, RMF_F_STRUCT_ARRAY, [0;34msizeof[0m(__u32),[0m
      | [0;1;32m        ^~~~~~~~~~~~~~~~~~~~~~~~~~~~~~~~~~~~~~~~~~~~~~~~~~~~~~~~~~~~~
[0m 1258 |                     lustre_swab_generic_32s, NULL);[0m
      | [0;1;32m                    ~~~~~~~~~~~~~~~~~~~~~~~~~~~~~~
[0m[1mlustre/ptlrpc/layout.c:954:17: [0m[0;1;36mnote: [0mexpanded from macro 'DEFINE_MSGF'[0m
  954 |         .rmf_swabber = ([0;34mvoid[0m (*)([0;34mvoid[0m *))(swabber),             \[0m
      | [0;1;32m                       ^~~~~~~~~~~~~~~~~~~~~~~~~~~
[0m[1mlustre/ptlrpc/layout.c:1262:2: [0m[0;1;35mwarning: [0m[1mcast from 'void (*)(__u64 *)' (aka 'void (*)(unsigned long long *)') to 'void (*)(void *)' converts to incompatible function type [-Wcast-function-type-strict][0m
 1262 |         DEFINE_MSGF([0;32m"obd_id"[0m, [0;32m0[0m,[0m
      | [0;1;32m        ^~~~~~~~~~~~~~~~~~~~~~~~
[0m 1263 |                     [0;34msizeof[0m(__u64), lustre_swab_ost_last_id, NULL);[0m
      | [0;1;32m                    ~~~~~~~~~~~~~~~~~~~~~~~~~~~~~~~~~~~~~~~~~~~~~
[0m[1mlustre/ptlrpc/layout.c:954:17: [0m[0;1;36mnote: [0mexpanded from macro 'DEFINE_MSGF'[0m
  954 |         .rmf_swabber = ([0;34mvoid[0m (*)([0;34mvoid[0m *))(swabber),             \[0m
      | [0;1;32m                       ^~~~~~~~~~~~~~~~~~~~~~~~~~~
[0m[1mlustre/ptlrpc/layout.c:1267:2: [0m[0;1;35mwarning: [0m[1mcast from 'void (*)(struct lu_fid *)' to 'void (*)(void *)' converts to incompatible function type [-Wcast-function-type-strict][0m
 1267 |         DEFINE_MSGF([0;32m"fid"[0m, [0;32m0[0m,[0m
      | [0;1;32m        ^~~~~~~~~~~~~~~~~~~~~
[0m 1268 |                     [0;34msizeof[0m([0;34mstruct[0m lu_fid), lustre_swab_lu_fid, NULL);[0m
      | [0;1;32m                    ~~~~~~~~~~~~~~~~~~~~~~~~~~~~~~~~~~~~~~~~~~~~~~~~
[0m[1mlustre/ptlrpc/layout.c:954:17: [0m[0;1;36mnote: [0mexpanded from macro 'DEFINE_MSGF'[0m
  954 |         .rmf_swabber = ([0;34mvoid[0m (*)([0;34mvoid[0m *))(swabber),             \[0m
      | [0;1;32m                       ^~~~~~~~~~~~~~~~~~~~~~~~~~~
[0m[1mlustre/ptlrpc/layout.c:1272:2: [0m[0;1;35mwarning: [0m[1mcast from 'void (*)(struct ost_id *)' to 'void (*)(void *)' converts to incompatible function type [-Wcast-function-type-strict][0m
 1272 |         DEFINE_MSGF([0;32m"ost_id"[0m, [0;32m0[0m,[0m
      | [0;1;32m        ^~~~~~~~~~~~~~~~~~~~~~~~
[0m 1273 |                     [0;34msizeof[0m([0;34mstruct[0m ost_id), lustre_swab_ost_id, NULL);[0m
      | [0;1;32m                    ~~~~~~~~~~~~~~~~~~~~~~~~~~~~~~~~~~~~~~~~~~~~~~~~
[0m[1mlustre/ptlrpc/layout.c:954:17: [0m[0;1;36mnote: [0mexpanded from macro 'DEFINE_MSGF'[0m
  954 |         .rmf_swabber = ([0;34mvoid[0m (*)([0;34mvoid[0m *))(swabber),             \[0m
      | [0;1;32m                       ^~~~~~~~~~~~~~~~~~~~~~~~~~~
[0m[1mlustre/ptlrpc/layout.c:1277:2: [0m[0;1;35mwarning: [0m[1mcast from 'void (*)(struct ll_fiemap_info_key *)' to 'void (*)(void *)' converts to incompatible function type [-Wcast-function-type-strict][0m
 1277 |         DEFINE_MSGF([0;32m"fiemap_key"[0m, [0;32m0[0m, [0;34msizeof[0m([0;34mstruct[0m ll_fiemap_info_key),[0m
      | [0;1;32m        ^~~~~~~~~~~~~~~~~~~~~~~~~~~~~~~~~~~~~~~~~~~~~~~~~~~~~~~~~~~~~~~
[0m 1278 |                     lustre_swab_fiemap_info_key, NULL);[0m
      | [0;1;32m                    ~~~~~~~~~~~~~~~~~~~~~~~~~~~~~~~~~~
[0m[1mlustre/ptlrpc/layout.c:954:17: [0m[0;1;36mnote: [0mexpanded from macro 'DEFINE_MSGF'[0m
  954 |         .rmf_swabber = ([0;34mvoid[0m (*)([0;34mvoid[0m *))(swabber),             \[0m
      | [0;1;32m                       ^~~~~~~~~~~~~~~~~~~~~~~~~~~
[0m[1mlustre/ptlrpc/layout.c:1282:2: [0m[0;1;35mwarning: [0m[1mcast from 'int (*)(struct fiemap *, __u32)' (aka 'int (*)(struct fiemap *, unsigned int)') to 'int (*)(void *, __u32)' (aka 'int (*)(void *, unsigned int)') converts to incompatible function type [-Wcast-function-type-strict][0m
 1282 |         DEFINE_MSGFL([0;32m"fiemap"[0m, [0;32m0[0m, -[0;32m1[0m, lustre_swab_fiemap, NULL);[0m
      | [0;1;32m        ^~~~~~~~~~~~~~~~~~~~~~~~~~~~~~~~~~~~~~~~~~~~~~~~~~~~~~~
[0m[1mlustre/ptlrpc/layout.c:962:18: [0m[0;1;36mnote: [0mexpanded from macro 'DEFINE_MSGFL'[0m
  962 |         .rmf_swab_len = ([0;34mint[0m (*)([0;34mvoid[0m *, __u32))(swab_len),     \[0m
      | [0;1;32m                        ^~~~~~~~~~~~~~~~~~~~~~~~~~~~~~~~~~
[0m[1mlustre/ptlrpc/layout.c:1286:2: [0m[0;1;35mwarning: [0m[1mcast from 'void (*)(struct idx_info *)' to 'void (*)(void *)' converts to incompatible function type [-Wcast-function-type-strict][0m
 1286 |         DEFINE_MSGF([0;32m"idx_info"[0m, [0;32m0[0m, [0;34msizeof[0m([0;34mstruct[0m idx_info),[0m
      | [0;1;32m        ^~~~~~~~~~~~~~~~~~~~~~~~~~~~~~~~~~~~~~~~~~~~~~~~~~~
[0m 1287 |                     lustre_swab_idx_info, NULL);[0m
      | [0;1;32m                    ~~~~~~~~~~~~~~~~~~~~~~~~~~~
[0m[1mlustre/ptlrpc/layout.c:954:17: [0m[0;1;36mnote: [0mexpanded from macro 'DEFINE_MSGF'[0m
  954 |         .rmf_swabber = ([0;34mvoid[0m (*)([0;34mvoid[0m *))(swabber),             \[0m
      | [0;1;32m                       ^~~~~~~~~~~~~~~~~~~~~~~~~~~
[0m[1mlustre/ptlrpc/layout.c:1293:2: [0m[0;1;35mwarning: [0m[1mcast from 'void (*)(struct hsm_user_state *)' to 'void (*)(void *)' converts to incompatible function type [-Wcast-function-type-strict][0m
 1293 |         DEFINE_MSGF([0;32m"hsm_user_state"[0m, [0;32m0[0m, [0;34msizeof[0m([0;34mstruct[0m hsm_user_state),[0m
      | [0;1;32m        ^~~~~~~~~~~~~~~~~~~~~~~~~~~~~~~~~~~~~~~~~~~~~~~~~~~~~~~~~~~~~~~
[0m 1294 |                     lustre_swab_hsm_user_state, NULL);[0m
      | [0;1;32m                    ~~~~~~~~~~~~~~~~~~~~~~~~~~~~~~~~~
[0m[1mlustre/ptlrpc/layout.c:954:17: [0m[0;1;36mnote: [0mexpanded from macro 'DEFINE_MSGF'[0m
  954 |         .rmf_swabber = ([0;34mvoid[0m (*)([0;34mvoid[0m *))(swabber),             \[0m
      | [0;1;32m                       ^~~~~~~~~~~~~~~~~~~~~~~~~~~
[0m[1mlustre/ptlrpc/layout.c:1298:2: [0m[0;1;35mwarning: [0m[1mcast from 'void (*)(struct hsm_state_set *)' to 'void (*)(void *)' converts to incompatible function type [-Wcast-function-type-strict][0m
 1298 |         DEFINE_MSGF([0;32m"hsm_state_set"[0m, [0;32m0[0m, [0;34msizeof[0m([0;34mstruct[0m hsm_state_set),[0m
      | [0;1;32m        ^~~~~~~~~~~~~~~~~~~~~~~~~~~~~~~~~~~~~~~~~~~~~~~~~~~~~~~~~~~~~
[0m 1299 |                     lustre_swab_hsm_state_set, NULL);[0m
      | [0;1;32m                    ~~~~~~~~~~~~~~~~~~~~~~~~~~~~~~~~
[0m[1mlustre/ptlrpc/layout.c:954:17: [0m[0;1;36mnote: [0mexpanded from macro 'DEFINE_MSGF'[0m
  954 |         .rmf_swabber = ([0;34mvoid[0m (*)([0;34mvoid[0m *))(swabber),             \[0m
      | [0;1;32m                       ^~~~~~~~~~~~~~~~~~~~~~~~~~~
[0m[1mlustre/ptlrpc/layout.c:1303:2: [0m[0;1;35mwarning: [0m[1mcast from 'void (*)(struct hsm_progress_kernel *)' to 'void (*)(void *)' converts to incompatible function type [-Wcast-function-type-strict][0m
 1303 |         DEFINE_MSGF([0;32m"hsm_progress"[0m, [0;32m0[0m, [0;34msizeof[0m([0;34mstruct[0m hsm_progress_kernel),[0m
      | [0;1;32m        ^~~~~~~~~~~~~~~~~~~~~~~~~~~~~~~~~~~~~~~~~~~~~~~~~~~~~~~~~~~~~~~~~~
[0m 1304 |                     lustre_swab_hsm_progress_kernel, NULL);[0m
      | [0;1;32m                    ~~~~~~~~~~~~~~~~~~~~~~~~~~~~~~~~~~~~~~
[0m[1mlustre/ptlrpc/layout.c:954:17: [0m[0;1;36mnote: [0mexpanded from macro 'DEFINE_MSGF'[0m
  954 |         .rmf_swabber = ([0;34mvoid[0m (*)([0;34mvoid[0m *))(swabber),             \[0m
      | [0;1;32m                       ^~~~~~~~~~~~~~~~~~~~~~~~~~~
[0m[1mlustre/ptlrpc/layout.c:1308:2: [0m[0;1;35mwarning: [0m[1mcast from 'void (*)(struct hsm_current_action *)' to 'void (*)(void *)' converts to incompatible function type [-Wcast-function-type-strict][0m
 1308 |         DEFINE_MSGF([0;32m"hsm_current_action"[0m, [0;32m0[0m, [0;34msizeof[0m([0;34mstruct[0m hsm_current_action),[0m
      | [0;1;32m        ^~~~~~~~~~~~~~~~~~~~~~~~~~~~~~~~~~~~~~~~~~~~~~~~~~~~~~~~~~~~~~~~~~~~~~~
[0m 1309 |                     lustre_swab_hsm_current_action, NULL);[0m
      | [0;1;32m                    ~~~~~~~~~~~~~~~~~~~~~~~~~~~~~~~~~~~~~
[0m[1mlustre/ptlrpc/layout.c:954:17: [0m[0;1;36mnote: [0mexpanded from macro 'DEFINE_MSGF'[0m
  954 |         .rmf_swabber = ([0;34mvoid[0m (*)([0;34mvoid[0m *))(swabber),             \[0m
      | [0;1;32m                       ^~~~~~~~~~~~~~~~~~~~~~~~~~~
[0m[1mlustre/ptlrpc/layout.c:1313:2: [0m[0;1;35mwarning: [0m[1mcast from 'void (*)(struct hsm_user_item *)' to 'void (*)(void *)' converts to incompatible function type [-Wcast-function-type-strict][0m
 1313 |         DEFINE_MSGF([0;32m"hsm_user_item"[0m, RMF_F_STRUCT_ARRAY,[0m
      | [0;1;32m        ^~~~~~~~~~~~~~~~~~~~~~~~~~~~~~~~~~~~~~~~~~~~~~~~
[0m 1314 |                     [0;34msizeof[0m([0;34mstruct[0m hsm_user_item), lustre_swab_hsm_user_item,[0m
      | [0;1;32m                    ~~~~~~~~~~~~~~~~~~~~~~~~~~~~~~~~~~~~~~~~~~~~~~~~~~~~~~~~
[0m 1315 |                     NULL);[0m
      | [0;1;32m                    ~~~~~
[0m[1mlustre/ptlrpc/layout.c:954:17: [0m[0;1;36mnote: [0mexpanded from macro 'DEFINE_MSGF'[0m
  954 |         .rmf_swabber = ([0;34mvoid[0m (*)([0;34mvoid[0m *))(swabber),             \[0m
      | [0;1;32m                       ^~~~~~~~~~~~~~~~~~~~~~~~~~~
[0m[1mlustre/ptlrpc/layout.c:1319:2: [0m[0;1;35mwarning: [0m[1mcast from 'void (*)(__u32 *)' (aka 'void (*)(unsigned int *)') to 'void (*)(void *)' converts to incompatible function type [-Wcast-function-type-strict][0m
 1319 |         DEFINE_MSGF([0;32m"hsm_archive"[0m, RMF_F_STRUCT_ARRAY,[0m
      | [0;1;32m        ^~~~~~~~~~~~~~~~~~~~~~~~~~~~~~~~~~~~~~~~~~~~~~
[0m 1320 |                     [0;34msizeof[0m(__u32), lustre_swab_generic_32s, NULL);[0m
      | [0;1;32m                    ~~~~~~~~~~~~~~~~~~~~~~~~~~~~~~~~~~~~~~~~~~~~~
[0m[1mlustre/ptlrpc/layout.c:954:17: [0m[0;1;36mnote: [0mexpanded from macro 'DEFINE_MSGF'[0m
  954 |         .rmf_swabber = ([0;34mvoid[0m (*)([0;34mvoid[0m *))(swabber),             \[0m
      | [0;1;32m                       ^~~~~~~~~~~~~~~~~~~~~~~~~~~
[0m[1mlustre/ptlrpc/layout.c:1324:2: [0m[0;1;35mwarning: [0m[1mcast from 'void (*)(struct hsm_request *)' to 'void (*)(void *)' converts to incompatible function type [-Wcast-function-type-strict][0m
 1324 |         DEFINE_MSGF([0;32m"hsm_request"[0m, [0;32m0[0m, [0;34msizeof[0m([0;34mstruct[0m hsm_request),[0m
      | [0;1;32m        ^~~~~~~~~~~~~~~~~~~~~~~~~~~~~~~~~~~~~~~~~~~~~~~~~~~~~~~~~
[0m 1325 |                     lustre_swab_hsm_request, NULL);[0m
      | [0;1;32m                    ~~~~~~~~~~~~~~~~~~~~~~~~~~~~~~
[0m[1mlustre/ptlrpc/layout.c:954:17: [0m[0;1;36mnote: [0mexpanded from macro 'DEFINE_MSGF'[0m
[0;1;31merror: [0m[1merror opening 'lustre/ptlrpc/.nrs_tbf.o.d': No such file or directory[0m
  954 |         .rmf_swabber = ([0;34mvoid[0m (*)([0;34mvoid[0m *))(swabber),             \[0m
      | [0;1;32m                       ^~~~~~~~~~~~~~~~~~~~~~~~~~~
[0m[1mlustre/ptlrpc/layout.c:1329:2: [0m[0;1;35mwarning: [0m[1mcast from 'void (*)(struct mdc_swap_layouts *)' to 'void (*)(void *)' converts to incompatible function type [-Wcast-function-type-strict][0m
 1329 |         DEFINE_MSGF([0;32m"swap_layouts"[0m, [0;32m0[0m, [0;34msizeof[0m([0;34mstruct[0m  mdc_swap_layouts),[0m
      | [0;1;32m        ^~~~~~~~~~~~~~~~~~~~~~~~~~~~~~~~~~~~~~~~~~~~~~~~~~~~~~~~~~~~~~~~
[0m 1330 |                     lustre_swab_swap_layouts, NULL);[0m
      | [0;1;32m                    ~~~~~~~~~~~~~~~~~~~~~~~~~~~~~~~
[0m[1mlustre/ptlrpc/layout.c:954:17: [0m[0;1;36mnote: [0mexpanded from macro 'DEFINE_MSGF'[0m
  954 |         .rmf_swabber = ([0;34mvoid[0m (*)([0;34mvoid[0m *))(swabber),             \[0m
      | [0;1;32m                       ^~~~~~~~~~~~~~~~~~~~~~~~~~~
[0m[1mlustre/ptlrpc/layout.c:1334:2: [0m[0;1;35mwarning: [0m[1mcast from 'void (*)(struct lfsck_request *)' to 'void (*)(void *)' converts to incompatible function type [-Wcast-function-type-strict][0m
 1334 |         DEFINE_MSGF([0;32m"lfsck_request"[0m, [0;32m0[0m, [0;34msizeof[0m([0;34mstruct[0m lfsck_request),[0m
      | [0;1;32m        ^~~~~~~~~~~~~~~~~~~~~~~~~~~~~~~~~~~~~~~~~~~~~~~~~~~~~~~~~~~~~
[0m 1335 |                     lustre_swab_lfsck_request, NULL);[0m
      | [0;1;32m                    ~~~~~~~~~~~~~~~~~~~~~~~~~~~~~~~~
[0m[1mlustre/ptlrpc/layout.c:954:17: [0m[0;1;36mnote: [0mexpanded from macro 'DEFINE_MSGF'[0m
  954 |         .rmf_swabber = ([0;34mvoid[0m (*)([0;34mvoid[0m *))(swabber),             \[0m
      | [0;1;32m                       ^~~~~~~~~~~~~~~~~~~~~~~~~~~
[0m[1mlustre/ptlrpc/layout.c:1339:2: [0m[0;1;35mwarning: [0m[1mcast from 'void (*)(struct lfsck_reply *)' to 'void (*)(void *)' converts to incompatible function type [-Wcast-function-type-strict][0m
 1339 |         DEFINE_MSGF([0;32m"lfsck_reply"[0m, [0;32m0[0m, [0;34msizeof[0m([0;34mstruct[0m lfsck_reply),[0m
      | [0;1;32m        ^~~~~~~~~~~~~~~~~~~~~~~~~~~~~~~~~~~~~~~~~~~~~~~~~~~~~~~~~
[0m 1340 |                     lustre_swab_lfsck_reply, NULL);[0m
      | [0;1;32m                    ~~~~~~~~~~~~~~~~~~~~~~~~~~~~~~
[0m[1mlustre/ptlrpc/layout.c:954:17: [0m[0;1;36mnote: [0mexpanded from macro 'DEFINE_MSGF'[0m
  954 |         .rmf_swabber = ([0;34mvoid[0m (*)([0;34mvoid[0m *))(swabber),             \[0m
      | [0;1;32m                       ^~~~~~~~~~~~~~~~~~~~~~~~~~~
[0m[1mlustre/ptlrpc/layout.c:1344:2: [0m[0;1;35m1warning: [0m[1m error generated.
cast from 'void (*)(struct ladvise_hdr *)' to 'void (*)(void *)' converts to incompatible function type [-Wcast-function-type-strict][0m
 1344 |         DEFINE_MSGF([0;32m"ladvise_request"[0m, [0;32m0[0m,[0m
      | [0;1;32m        ^~~~~~~~~~~~~~~~~~~~~~~~~~~~~~~~~
[0m 1345 |                     [0;34msizeof[0m([0;34mstruct[0m ladvise_hdr),[0m
      | [0;1;32m                    ~~~~~~~~~~~~~~~~~~~~~~~~~~~
[0m 1346 |                     lustre_swab_ladvise_hdr, NULL);[0m
      | [0;1;32m                    ~~~~~~~~~~~~~~~~~~~~~~~~~~~~~~
[0m[1mlustre/ptlrpc/layout.c:954:17: [0m[0;1;36mnote: [0mexpanded from macro 'DEFINE_MSGF'[0m
  954 |         .rmf_swabber = ([0;34mvoid[0m (*)([0;34mvoid[0m *))(swabber),             \[0m
      | [0;1;32m                       ^~~~~~~~~~~~~~~~~~~~~~~~~~~
[0m[1mlustre/ptlrpc/layout.c:1350:2: [0m[0;1;35mwarning: [0m[1mcast from 'void (*)(struct lu_ladvise *)' to 'void (*)(void *)' converts to incompatible function type [-Wcast-function-type-strict][0m
 1350 |         DEFINE_MSGF([0;32m"ladvise_request"[0m, RMF_F_STRUCT_ARRAY,[0m
      | [0;1;32m        ^~~~~~~~~~~~~~~~~~~~~~~~~~~~~~~~~~~~~~~~~~~~~~~~~~
[0m 1351 |                     [0;34msizeof[0m([0;34mstruct[0m lu_ladvise),[0m
      | [0;1;32m                    ~~~~~~~~~~~~~~~~~~~~~~~~~~
[0m 1352 |                     lustre_swab_ladvise, NULL);[0m
      | [0;1;32m                    ~~~~~~~~~~~~~~~~~~~~~~~~~~
[0m[1mlustre/ptlrpc/layout.c:954:17: [0m[0;1;36mnote: [0mexpanded from macro 'DEFINE_MSGF'[0m
  954 |         .rmf_swabber = ([0;34mvoid[0m (*)([0;34mvoid[0m *))(swabber),             \[0m
      | [0;1;32m                       ^~~~~~~~~~~~~~~~~~~~~~~~~~~
[0m[1mlustre/ptlrpc/layout.c:1356:4: [0m[0;1;35mwarning: [0m[1mcast from 'void (*)(struct batch_update_reply *)' to 'void (*)(void *)' converts to incompatible function type [-Wcast-function-type-strict][0m
 1356 |                         DEFINE_MSGF([0;32m"batch_update_reply"[0m, [0;32m0[0m, -[0;32m1[0m,[0m
      | [0;1;32m                        ^~~~~~~~~~~~~~~~~~~~~~~~~~~~~~~~~~~~~~~~
[0m 1357 |                                     lustre_swab_batch_update_reply, NULL);[0m
      | [0;1;32m                                    ~~~~~~~~~~~~~~~~~~~~~~~~~~~~~~~~~~~~~
[0m[1mlustre/ptlrpc/layout.c:954:17: [0m[0;1;36mnote: [0mexpanded from macro 'DEFINE_MSGF'[0m
  954 |         .rmf_swabber = ([0;34mvoid[0m (*)([0;34mvoid[0m *))(swabber),             \[0m
      | [0;1;32m                       ^~~~~~~~~~~~~~~~~~~~~~~~~~~
[0m[1mlustre/ptlrpc/layout.c:1360:39: [0m[0;1;35mwarning: [0m[1mcast from 'void (*)(struct but_update_header *)' to 'void (*)(void *)' converts to incompatible function type [-Wcast-function-type-strict][0m
 1360 | [0;34mstruct[0m req_msg_field RMF_BUT_HEADER = DEFINE_MSGF([0;32m"but_update_header"[0m, [0;32m0[0m,[0m
      | [0;1;32m                                      ^~~~~~~~~~~~~~~~~~~~~~~~~~~~~~~~~~~
[0m 1361 |                                 -[0;32m1[0m, lustre_swab_but_update_header, NULL);[0m
      | [0;1;32m                                ~~~~~~~~~~~~~~~~~~~~~~~~~~~~~~~~~~~~~~~~
[0m[1mlustre/ptlrpc/layout.c:954:17: [0m[0;1;36mnote: [0mexpanded from macro 'DEFINE_MSGF'[0m
  954 |         .rmf_swabber = ([0;34mvoid[0m (*)([0;34mvoid[0m *))(swabber),             \[0m
      | [0;1;32m                       ^~~~~~~~~~~~~~~~~~~~~~~~~~~
[0m[1mlustre/ptlrpc/layout.c:1364:36: [0m[0;1;35mwarning: [0m[1mcast from 'void (*)(struct but_update_buffer *)' to 'void (*)(void *)' converts to incompatible function type [-Wcast-function-type-strict][0m
 1364 | [0;34mstruct[0m req_msg_field RMF_BUT_BUF = DEFINE_MSGF([0;32m"but_update_buf"[0m,[0m
      | [0;1;32m                                   ^~~~~~~~~~~~~~~~~~~~~~~~~~~~~
[0m 1365 |                         RMF_F_STRUCT_ARRAY, [0;34msizeof[0m([0;34mstruct[0m but_update_buffer),[0m
      | [0;1;32m                        ~~~~~~~~~~~~~~~~~~~~~~~~~~~~~~~~~~~~~~~~~~~~~~~~~~~~~
[0m 1366 |                         lustre_swab_but_update_buffer, NULL);[0m
      | [0;1;32m                        ~~~~~~~~~~~~~~~~~~~~~~~~~~~~~~~~~~~~
[0m[1mlustre/ptlrpc/layout.c:954:17: [0m[0;1;36mnote: [0mexpanded from macro 'DEFINE_MSGF'[0m
  954 |         .rmf_swabber = ([0;34mvoid[0m (*)([0;34mvoid[0m *))(swabber),             \[0m
      | [0;1;32m                       ^~~~~~~~~~~~~~~~~~~~~~~~~~~
[0mError while processing /tmp/ktest-out/lustre_build.x86_64/lustre/ptlrpc/nrs_tbf.c.
[296/303] Processing file /tmp/ktest-out/lustre_build.x86_64/lustre/target/tgt_fmd.c
[1mlustre/ptlrpc/layout.c:2350:3: [0m[0;1;35mwarning: [0m[1mcast from 'char *(*)(struct lustre_msg_v2 *, __u32, __u32)' (aka 'char *(*)(struct lustre_msg_v2 *, unsigned int, unsigned int)') to 'typeof (getter)' (aka 'void *(*)(struct lustre_msg_v2 *, unsigned int, unsigned int)') converts to incompatible function type [-Wcast-function-type-strict][0m
 2350 |                 ([0;34mtypeof[0m(getter))lustre_msg_string : lustre_msg_buf;[0m
      | [0;1;32m                ^~~~~~~~~~~~~~~~~~~~~~~~~~~~~~~~~
[0m[1mlustre/ptlrpc/layout.c:2960:39: [0m[0;1;35mwarning: [0m[1mcast from 'int (*)(struct object_update_request *, __u32)' (aka 'int (*)(struct object_update_request *, unsigned int)') to 'int (*)(void *, __u32)' (aka 'int (*)(void *, unsigned int)') converts to incompatible function type [-Wcast-function-type-strict][0m
 2960 | [0;34mstruct[0m req_msg_field RMF_OUT_UPDATE = DEFINE_MSGFL([0;32m"object_update"[0m, [0;32m0[0m, -[0;32m1[0m,[0m
      | [0;1;32m                                      ^~~~~~~~~~~~~~~~~~~~~~~~~~~~~~~~~~~~
[0m 2961 |                                 lustre_swab_object_update_request, NULL);[0m
      | [0;1;32m                                ~~~~~~~~~~~~~~~~~~~~~~~~~~~~~~~~~~~~~~~~
[0m[1mlustre/ptlrpc/layout.c:962:18: [0m[0;1;36mnote: [0mexpanded from macro 'DEFINE_MSGFL'[0m
  962 |         .rmf_swab_len = ([0;34mint[0m (*)([0;34mvoid[0m *, __u32))(swab_len),     \[0m
      | [0;1;32m                        ^~~~~~~~~~~~~~~~~~~~~~~~~~~~~~~~~~
[0m[1mlustre/ptlrpc/layout.c:2965:4: [0m[0;1;35mwarning: [0m[1mcast from 'int (*)(struct object_update_reply *, __u32)' (aka 'int (*)(struct object_update_reply *, unsigned int)') to 'int (*)(void *, __u32)' (aka 'int (*)(void *, unsigned int)') converts to incompatible function type [-Wcast-function-type-strict][0m
 2965 |                         DEFINE_MSGFL([0;32m"object_update_reply"[0m, [0;32m0[0m, -[0;32m1[0m,[0m
      | [0;1;32m                        ^~~~~~~~~~~~~~~~~~~~~~~~~~~~~~~~~~~~~~~~~~
[0m 2966 |                                     lustre_swab_object_update_reply, NULL);[0m
      | [0;1;32m                                    ~~~~~~~~~~~~~~~~~~~~~~~~~~~~~~~~~~~~~~
[0m[1mlustre/ptlrpc/layout.c:962:18: [0m[0;1;36mnote: [0mexpanded from macro 'DEFINE_MSGFL'[0m
  962 |         .rmf_swab_len = ([0;34mint[0m (*)([0;34mvoid[0m *, __u32))(swab_len),     \[0m
      | [0;1;32m                        ^~~~~~~~~~~~~~~~~~~~~~~~~~~~~~~~~~
[0m[1mlustre/ptlrpc/layout.c:2969:46: [0m[0;1;35mwarning: [0m[1mcast from 'void (*)(struct out_update_header *)' to 'void (*)(void *)' converts to incompatible function type [-Wcast-function-type-strict][0m
 2969 | [0;34mstruct[0m req_msg_field RMF_OUT_UPDATE_HEADER = DEFINE_MSGF([0;32m"out_update_header"[0m, [0;32m0[0m,[0m
      | [0;1;32m                                             ^~~~~~~~~~~~~~~~~~~~~~~~~~~~~~~~~~~
[0m 2970 |                                 -[0;32m1[0m, lustre_swab_out_update_header, NULL);[0m
      | [0;1;32m                                ~~~~~~~~~~~~~~~~~~~~~~~~~~~~~~~~~~~~~~~~
[0m[1mlustre/ptlrpc/layout.c:954:17: [0m[0;1;36mnote: [0mexpanded from macro 'DEFINE_MSGF'[0m
  954 |         .rmf_swabber = ([0;34mvoid[0m (*)([0;34mvoid[0m *))(swabber),             \[0m
      | [0;1;32m                       ^~~~~~~~~~~~~~~~~~~~~~~~~~~
[0m[1mlustre/ptlrpc/layout.c:2973:43: [0m[0;1;35mwarning: [0m[1mcast from 'void (*)(struct out_update_buffer *)' to 'void (*)(void *)' converts to incompatible function type [-Wcast-function-type-strict][0m
 2973 | [0;34mstruct[0m req_msg_field RMF_OUT_UPDATE_BUF = DEFINE_MSGF([0;32m"update_buf"[0m,[0m
      | [0;1;32m                                          ^~~~~~~~~~~~~~~~~~~~~~~~~
[0m 2974 |                         RMF_F_STRUCT_ARRAY, [0;34msizeof[0m([0;34mstruct[0m out_update_buffer),[0m
      | [0;1;32m                        ~~~~~~~~~~~~~~~~~~~~~~~~~~~~~~~~~~~~~~~~~~~~~~~~~~~~~
[0m 2975 |                         lustre_swab_out_update_buffer, NULL);[0m
      | [0;1;32m                        ~~~~~~~~~~~~~~~~~~~~~~~~~~~~~~~~~~~~
[0m[1mlustre/ptlrpc/layout.c:954:17: [0m[0;1;36mnote: [0mexpanded from macro 'DEFINE_MSGF'[0m
  954 |         .rmf_swabber = ([0;34mvoid[0m (*)([0;34mvoid[0m *))(swabber),             \[0m
      | [0;1;32m                       ^~~~~~~~~~~~~~~~~~~~~~~~~~~
[0m[0;1;31merror: [0m[1merror opening 'lustre/ptlrpc/.nodemap_member.o.d': No such file or directory[0m
1 error generated.
Error while processing /tmp/ktest-out/lustre_build.x86_64/lustre/ptlrpc/nodemap_member.c.
[297/303] Processing file /tmp/ktest-out/lustre_build.x86_64/lustre/ofd/ofd_dlm.c
[0;1;31merror: [0m[1merror opening 'lustre/lfsck/.lfsck_namespace.o.d': No such file or directory[0m
1 error generated.
Error while processing /tmp/ktest-out/lustre_build.x86_64/lustre/lfsck/lfsck_namespace.c.
[298/303] Processing file /tmp/ktest-out/lustre_build.x86_64/lustre/ptlrpc/sec_null.c
[0;1;31merror: [0m[1merror opening 'lustre/lfsck/.lfsck_layout.o.d': No such file or directory[0m
1 error generated.
Error while processing /tmp/ktest-out/lustre_build.x86_64/lustre/lfsck/lfsck_layout.c.
[299/303] Processing file /tmp/ktest-out/lustre_build.x86_64/lustre/ptlrpc/llog_net.c
[0;1;31merror: [0m[1merror opening 'lustre/lov/.lov_pool.o.d': No such file or directory[0m
1 error generated.
Error while processing /tmp/ktest-out/lustre_build.x86_64/lustre/lov/lov_pool.c.
[300/303] Processing file /tmp/ktest-out/lustre_build.x86_64/lustre/quota/lquota_entry.c
[0;1;31merror: [0m[1merror opening 'lustre/osc/.osc_page.o.d': No such file or directory[0m
1 error generated.
Error while processing /tmp/ktest-out/lustre_build.x86_64/lustre/osc/osc_page.c.
[301/303] Processing file /tmp/ktest-out/lustre_build.x86_64/lustre/lov/lov_pack.c
[0;1;31merror: [0m[1merror opening 'lustre/ptlrpc/.layout.o.d': No such file or directory[0m
63 warnings and 1 error generated.
[0;1;31merror: [0m[1merror opening 'lustre/lov/.lov_offset.o.d': No such file or directory[0m
1 error generated.
Error while processing /tmp/ktest-out/lustre_build.x86_64/lustre/lov/lov_offset.c.
[302/303] Processing file /tmp/ktest-out/lustre_build.x86_64/lustre/ptlrpc/sec.c
[0;1;31merror: [0m[1merror opening 'lustre/ofd/.ofd_oss.o.d': No such file or directory[0m
1 error generated.
Error while processing /tmp/ktest-out/lustre_build.x86_64/lustre/ofd/ofd_oss.c.
[303/303] Processing file /tmp/ktest-out/lustre_build.x86_64/lustre/lod/lod_sub_object.c
Error while processing /tmp/ktest-out/lustre_build.x86_64/lustre/ptlrpc/layout.c.
[0;1;31merror: [0m[1merror opening 'lustre/ptlrpc/../../lustre/ldlm/.ldlm_flock.o.d': No such file or directory[0m
1 error generated.
Error while processing /tmp/ktest-out/lustre_build.x86_64/lustre/ldlm/ldlm_flock.c.
[0;1;31merror: [0m[1merror opening 'lnet/lnet/.peer.o.d': No such file or directory[0m
1 error generated.
Error while processing /tmp/ktest-out/lustre_build.x86_64/lnet/lnet/peer.c.
[0;1;31merror: [0m[1merror opening 'lustre/ptlrpc/../../lustre/target/.barrier.o.d': No such file or directory[0m
1 error generated.
Error while processing /tmp/ktest-out/lustre_build.x86_64/lustre/target/barrier.c.
[0;1;31merror: [0m[1merror opening 'lustre/osc/.osc_cache.o.d': No such file or directory[0m
1 error generated.
Error while processing /tmp/ktest-out/lustre_build.x86_64/lustre/osc/osc_cache.c.
[0;1;31merror: [0m[1merror opening 'lustre/ec/.ec_kmod.o.d': No such file or directory[0m
1 error generated.
Error while processing /tmp/ktest-out/lustre_build.x86_64/lustre/ec/ec_kmod.c.
[0;1;31merror: [0m[1merror opening 'lustre/llite/.llite_lib.o.d': No such file or directory[0m
1 error generated.
Error while processing /tmp/ktest-out/lustre_build.x86_64/lustre/llite/llite_lib.c.
[0;1;31merror: [0m[1merror opening 'lustre/ofd/.ofd_dlm.o.d': No such file or directory[0m
1 error generated.
Error while processing /tmp/ktest-out/lustre_build.x86_64/lustre/ofd/ofd_dlm.c.
[0;1;31merror: [0m[1merror opening 'lustre/quota/.lquota_entry.o.d': No such file or directory[0m
1 error generated.
Error while processing /tmp/ktest-out/lustre_build.x86_64/lustre/quota/lquota_entry.c.
[0;1;31merror: [0m[1merror opening 'lnet/klnds/socklnd/.socklnd_modparams.o.d': No such file or directory[0m
1 error generated.
Error while processing /tmp/ktest-out/lustre_build.x86_64/lnet/klnds/socklnd/socklnd_modparams.c.
[0;1;31merror: [0m[1merror opening 'lustre/mdt/.mdt_handler.o.d': No such file or directory[0m
1 error generated.
Error while processing /tmp/ktest-out/lustre_build.x86_64/lustre/mdt/mdt_handler.c.
[0;1;31merror: [0m[1merror opening 'lustre/quota/.qmt_entry.o.d': No such file or directory[0m
1 error generated.
Error while processing /tmp/ktest-out/lustre_build.x86_64/lustre/quota/qmt_entry.c.
[0;1;31merror: [0m[1merror opening 'lustre/mdt/.mdt_hsm_cdt_requests.o.d': No such file or directory[0m
1 error generated.
Error while processing /tmp/ktest-out/lustre_build.x86_64/lustre/mdt/mdt_hsm_cdt_requests.c.
[0;1;31merror: [0m[1merror opening 'lustre/lov/.lov_pack.o.d': No such file or directory[0m
1 error generated.
Error while processing /tmp/ktest-out/lustre_build.x86_64/lustre/lov/lov_pack.c.
[0;1;31merror: [0m[1merror opening 'lustre/llite/.statahead.o.d': No such file or directory[0m
1 error generated.
Error while processing /tmp/ktest-out/lustre_build.x86_64/lustre/llite/statahead.c.
[0;1;31merror: [0m[1merror opening 'lustre/quota/.qsd_entry.o.d': No such file or directory[0m
1 error generated.
Error while processing /tmp/ktest-out/lustre_build.x86_64/lustre/quota/qsd_entry.c.
[0;1;31merror: [0m[1merror opening 'lustre/kunit/.obd_test.o.d': No such file or directory[0m
1 error generated.
Error while processing /tmp/ktest-out/lustre_build.x86_64/lustre/kunit/obd_test.c.
[0;1;31merror: [0m[1merror opening 'lustre/llite/.acl.o.d': No such file or directory[0m
1 error generated.
Error while processing /tmp/ktest-out/lustre_build.x86_64/lustre/llite/acl.c.
[0;1;31merror: [0m[1merror opening 'lustre/ptlrpc/.nodemap_lproc.o.d': No such file or directory[0m
1 error generated.
Error while processing /tmp/ktest-out/lustre_build.x86_64/lustre/ptlrpc/nodemap_lproc.c.
[0;1;31merror: [0m[1merror opening 'lustre/mdt/.mdt_lproc.o.d': No such file or directory[0m
1 error generated.
Error while processing /tmp/ktest-out/lustre_build.x86_64/lustre/mdt/mdt_lproc.c.
[0;1;31merror: [0m[1merror opening 'lustre/ptlrpc/../../lustre/ldlm/.ldlm_lib.o.d': No such file or directory[0m
1 error generated.
Error while processing /tmp/ktest-out/lustre_build.x86_64/lustre/ldlm/ldlm_lib.c.
[0;1;31merror: [0m[1merror opening 'lustre/llite/.vvp_page.o.d': No such file or directory[0m
1 error generated.
Error while processing /tmp/ktest-out/lustre_build.x86_64/lustre/llite/vvp_page.c.
[0;1;31merror: [0m[1merror opening 'lustre/ptlrpc/../../lustre/target/.tgt_mount.o.d': No such file or directory[0m
1 error generated.
Error while processing /tmp/ktest-out/lustre_build.x86_64/lustre/target/tgt_mount.c.
[0;1;31merror: [0m[1merror opening 'lustre/lod/.lod_sub_object.o.d': No such file or directory[0m
1 error generated.
Error while processing /tmp/ktest-out/lustre_build.x86_64/lustre/lod/lod_sub_object.c.
[0;1;31merror: [0m[1merror opening 'lustre/ptlrpc/../../lustre/target/.tgt_fmd.o.d': No such file or directory[0m
1 error generated.
Error while processing /tmp/ktest-out/lustre_build.x86_64/lustre/target/tgt_fmd.c.
[0;1;31merror: [0m[1merror opening 'lustre/osp/.osp_precreate.o.d': No such file or directory[0m
1 error generated.
Error while processing /tmp/ktest-out/lustre_build.x86_64/lustre/osp/osp_precreate.c.
[0;1;31merror: [0m[1merror opening 'lustre/lmv/.lmv_intent.o.d': No such file or directory[0m
1 error generated.
Error while processing /tmp/ktest-out/lustre_build.x86_64/lustre/lmv/lmv_intent.c.
[0;1;31merror: [0m[1merror opening 'lustre/ptlrpc/.sec.o.d': No such file or directory[0m
1 error generated.
Error while processing /tmp/ktest-out/lustre_build.x86_64/lustre/ptlrpc/sec.c.
[0;1;31merror: [0m[1merror opening 'lustre/ptlrpc/.sec_null.o.d': No such file or directory[0m
1 error generated.
Error while processing /tmp/ktest-out/lustre_build.x86_64/lustre/ptlrpc/sec_null.c.
[0;1;31merror: [0m[1merror opening 'lustre/ptlrpc/.llog_net.o.d': No such file or directory[0m
1 error generated.
Error while processing /tmp/ktest-out/lustre_build.x86_64/lustre/ptlrpc/llog_net.c.
[0;1;31merror: [0m[1merror opening 'lnet/lnet/.nidstrings.o.d': No such file or directory[0m
1 error generated.
Error while processing /tmp/ktest-out/lustre_build.x86_64/lnet/lnet/nidstrings.c.
[0;1;31merror: [0m[1merror opening 'lustre/mdd/.mdd_trans.o.d': No such file or directory[0m
1 error generated.
Error while processing /tmp/ktest-out/lustre_build.x86_64/lustre/mdd/mdd_trans.c.
Failed to run action on /tmp/ktest-out/lustre_build.x86_64/lustre/llite/crypto.c
Failed to run action on /tmp/ktest-out/lustre_build.x86_64/lustre/ofd/ofd_access_log.c
Failed to run action on /tmp/ktest-out/lustre_build.x86_64/lnet/selftest/ping_test.c
Failed to run action on /tmp/ktest-out/lustre_build.x86_64/lustre/ldlm/ldlm_plain.c
Failed to run action on /tmp/ktest-out/lustre_build.x86_64/lustre/mdt/mdt_batch.c
Failed to run action on /tmp/ktest-out/lustre_build.x86_64/lustre/llite/lproc_llite.c
Failed to run action on /tmp/ktest-out/lustre_build.x86_64/lustre/llite/file.c
Failed to run action on /tmp/ktest-out/lustre_build.x86_64/lnet/lnet/acceptor.c
Failed to run action on /tmp/ktest-out/lustre_build.x86_64/lustre/fld/fld_cache.c
Failed to run action on /tmp/ktest-out/lustre_build.x86_64/lnet/lnet/lib-socket.c
Failed to run action on /tmp/ktest-out/lustre_build.x86_64/lustre/ptlrpc/pers.c
Failed to run action on /tmp/ktest-out/lustre_build.x86_64/lustre/fld/fld_index.c
Failed to run action on /tmp/ktest-out/lustre_build.x86_64/lustre/quota/qsd_handler.c
Failed to run action on /tmp/ktest-out/lustre_build.x86_64/lnet/lnet/api-ni.c
Failed to run action on /tmp/ktest-out/lustre_build.x86_64/lustre/lmv/lmv_fld.c
Failed to run action on /tmp/ktest-out/lustre_build.x86_64/lustre/mdt/mdt_som.c
Failed to run action on /tmp/ktest-out/lustre_build.x86_64/lustre/lod/lod_lov.c
Failed to run action on /tmp/ktest-out/lustre_build.x86_64/lustre/ptlrpc/ptlrpcd.c
Failed to run action on /tmp/ktest-out/lustre_build.x86_64/lustre/mdc/lproc_mdc.c
Failed to run action on /tmp/ktest-out/lustre_build.x86_64/lustre/ptlrpc/pinger.c
Failed to run action on /tmp/ktest-out/lustre_build.x86_64/lustre/ptlrpc/heap.c
Failed to run action on /tmp/ktest-out/lustre_build.x86_64/lustre/ptlrpc/nrs_delay.c
Failed to run action on /tmp/ktest-out/lustre_build.x86_64/lustre/llite/xattr_security.c
Failed to run action on /tmp/ktest-out/lustre_build.x86_64/lustre/mdd/mdd_permission.c
Failed to run action on /tmp/ktest-out/lustre_build.x86_64/lustre/llite/super25.c
Failed to run action on /tmp/ktest-out/lustre_build.x86_64/lustre/osc/osc_quota.c
Failed to run action on /tmp/ktest-out/lustre_build.x86_64/lustre/lov/lproc_lov.c
Failed to run action on /tmp/ktest-out/lustre_build.x86_64/lustre/mgc/mgc_request_server.c
Failed to run action on /tmp/ktest-out/lustre_build.x86_64/lnet/klnds/socklnd/socklnd_proto.c
Failed to run action on /tmp/ktest-out/lustre_build.x86_64/lustre/ptlrpc/nrs.c
Failed to run action on /tmp/ktest-out/lustre_build.x86_64/lustre/mdd/mdd_dir.c
Failed to run action on /tmp/ktest-out/lustre_build.x86_64/lustre/obdclass/llog_swab.c
Failed to run action on /tmp/ktest-out/lustre_build.x86_64/lustre/quota/qsd_request.c
Failed to run action on /tmp/ktest-out/lustre_build.x86_64/lustre/kunit/ldlm_extent.c
Failed to run action on /tmp/ktest-out/lustre_build.x86_64/lustre/lov/lov_page.c
Failed to run action on /tmp/ktest-out/lustre_build.x86_64/lustre/mdc/mdc_batch.c
Failed to run action on /tmp/ktest-out/lustre_build.x86_64/lustre/obdecho/debug.c
Failed to run action on /tmp/ktest-out/lustre_build.x86_64/lustre/llite/pcc.c
Failed to run action on /tmp/ktest-out/lustre_build.x86_64/lustre/ldlm/ldlm_inodebits.c
Failed to run action on /tmp/ktest-out/lustre_build.x86_64/lustre/mdt/mdt_identity.c
Failed to run action on /tmp/ktest-out/lustre_build.x86_64/lustre/mgs/mgs_barrier.c
Failed to run action on /tmp/ktest-out/lustre_build.x86_64/lustre/ptlrpc/nrs_crr.c
Failed to run action on /tmp/ktest-out/lustre_build.x86_64/lustre/ofd/lproc_ofd.c
Failed to run action on /tmp/ktest-out/lustre_build.x86_64/lustre/osc/osc_io.c
Failed to run action on /tmp/ktest-out/lustre_build.x86_64/lustre/mdc/mdc_dev.c
Failed to run action on /tmp/ktest-out/lustre_build.x86_64/lustre/mgs/mgs_handler.c
Failed to run action on /tmp/ktest-out/lustre_build.x86_64/lnet/lnet/lib-cpt.c
Failed to run action on /tmp/ktest-out/lustre_build.x86_64/lustre/llite/vvp_object.c
Failed to run action on /tmp/ktest-out/lustre_build.x86_64/lustre/obdecho/echo.c
Failed to run action on /tmp/ktest-out/lustre_build.x86_64/lustre/mdc/mdc_acl.c
Failed to run action on /tmp/ktest-out/lustre_build.x86_64/lustre/mdc/mdc_request.c
Failed to run action on /tmp/ktest-out/lustre_build.x86_64/lustre/quota/qsd_reint.c
Failed to run action on /tmp/ktest-out/lustre_build.x86_64/lustre/osp/osp_sync.c
Failed to run action on /tmp/ktest-out/lustre_build.x86_64/lustre/mdd/mdd_lproc.c
Failed to run action on /tmp/ktest-out/lustre_build.x86_64/lustre/lov/lov_lock.c
Failed to run action on /tmp/ktest-out/lustre_build.x86_64/lustre/osp/osp_object.c
Failed to run action on /tmp/ktest-out/lustre_build.x86_64/lnet/klnds/socklnd/socklnd_cb.c
Failed to run action on /tmp/ktest-out/lustre_build.x86_64/lustre/osd-wbcfs/osd_dirent.c
Failed to run action on /tmp/ktest-out/lustre_build.x86_64/lustre/ptlrpc/import.c
Failed to run action on /tmp/ktest-out/lustre_build.x86_64/lustre/llite/symlink.c
Failed to run action on /tmp/ktest-out/lustre_build.x86_64/lustre/llite/dcache.c
Failed to run action on /tmp/ktest-out/lustre_build.x86_64/lustre/quota/qsd_writeback.c
Failed to run action on /tmp/ktest-out/lustre_build.x86_64/lustre/ptlrpc/niobuf.c
Failed to run action on /tmp/ktest-out/lustre_build.x86_64/lustre/ptlrpc/events.c
Failed to run action on /tmp/ktest-out/lustre_build.x86_64/lustre/osd-wbcfs/osd_handler.c
Failed to run action on /tmp/ktest-out/lustre_build.x86_64/lustre/llite/llite_nfs.c
Failed to run action on /tmp/ktest-out/lustre_build.x86_64/lustre/ptlrpc/sec_lproc.c
Failed to run action on /tmp/ktest-out/lustre_build.x86_64/lustre/llite/vvp_dev.c
Failed to run action on /tmp/ktest-out/lustre_build.x86_64/lnet/klnds/socklnd/socklnd.c
Failed to run action on /tmp/ktest-out/lustre_build.x86_64/lustre/osd-wbcfs/osd_io.c
Failed to run action on /tmp/ktest-out/lustre_build.x86_64/lustre/fld/lproc_fld.c
Failed to run action on /tmp/ktest-out/lustre_build.x86_64/lustre/ofd/ofd_obd.c
Failed to run action on /tmp/ktest-out/lustre_build.x86_64/libcfs/libcfs/debug.c
Failed to run action on /tmp/ktest-out/lustre_build.x86_64/lustre/obdclass/hash.c
Failed to run action on /tmp/ktest-out/lustre_build.x86_64/lustre/quota/qsd_lock.c
Failed to run action on /tmp/ktest-out/lustre_build.x86_64/lnet/selftest/conctl.c
Failed to run action on /tmp/ktest-out/lustre_build.x86_64/lustre/fid/lproc_fid.c
Failed to run action on /tmp/ktest-out/lustre_build.x86_64/lustre/target/update_recovery.c
Failed to run action on /tmp/ktest-out/lustre_build.x86_64/lustre/ptlrpc/nodemap_fileset_alt.c
Failed to run action on /tmp/ktest-out/lustre_build.x86_64/lustre/mdt/mdt_restripe.c
Failed to run action on /tmp/ktest-out/lustre_build.x86_64/lustre/lov/lovsub_object.c
Failed to run action on /tmp/ktest-out/lustre_build.x86_64/lustre/lov/lovsub_dev.c
Failed to run action on /tmp/ktest-out/lustre_build.x86_64/lustre/ldlm/ldlm_lock.c
Failed to run action on /tmp/ktest-out/lustre_build.x86_64/lustre/ptlrpc/nodemap_range.c
Failed to run action on /tmp/ktest-out/lustre_build.x86_64/lustre/quota/qsd_lib.c
Failed to run action on /tmp/ktest-out/lustre_build.x86_64/lustre/llite/glimpse.c
Failed to run action on /tmp/ktest-out/lustre_build.x86_64/lustre/ptlrpc/ptlrpc_module.c
Failed to run action on /tmp/ktest-out/lustre_build.x86_64/lustre/mdc/mdc_changelog.c
Failed to run action on /tmp/ktest-out/lustre_build.x86_64/lustre/mdt/mdt_hsm_cdt_client.c
Failed to run action on /tmp/ktest-out/lustre_build.x86_64/lnet/lnet/lnet-crypto.c
Failed to run action on /tmp/ktest-out/lustre_build.x86_64/lustre/llite/lcommon_misc.c
Failed to run action on /tmp/ktest-out/lustre_build.x86_64/lustre/llite/xattr_cache.c
Failed to run action on /tmp/ktest-out/lustre_build.x86_64/lustre/lfsck/lfsck_bookmark.c
Failed to run action on /tmp/ktest-out/lustre_build.x86_64/lustre/lov/lov_io.c
Failed to run action on /tmp/ktest-out/lustre_build.x86_64/lustre/llite/dir.c
Failed to run action on /tmp/ktest-out/lustre_build.x86_64/lustre/kunit/kinode.c
Failed to run action on /tmp/ktest-out/lustre_build.x86_64/lnet/lnet/lo.c
Failed to run action on /tmp/ktest-out/lustre_build.x86_64/lustre/lfsck/lfsck_engine.c
Failed to run action on /tmp/ktest-out/lustre_build.x86_64/lustre/osp/osp_dev.c
Failed to run action on /tmp/ktest-out/lustre_build.x86_64/lustre/lod/lod_qos.c
Failed to run action on /tmp/ktest-out/lustre_build.x86_64/lustre/mdt/mdt_hsm_cdt_agent.c
Failed to run action on /tmp/ktest-out/lustre_build.x86_64/lustre/ec/ec_base.c
Failed to run action on /tmp/ktest-out/lustre_build.x86_64/lustre/lmv/lproc_lmv.c
Failed to run action on /tmp/ktest-out/lustre_build.x86_64/lnet/selftest/conrpc.c
Failed to run action on /tmp/ktest-out/lustre_build.x86_64/lustre/osd-wbcfs/osd_lproc.c
Failed to run action on /tmp/ktest-out/lustre_build.x86_64/libcfs/libcfs/module.c
Failed to run action on /tmp/ktest-out/lustre_build.x86_64/lustre/mdd/mdd_device.c
Failed to run action on /tmp/ktest-out/lustre_build.x86_64/lustre/ptlrpc/nodemap_idmap.c
Failed to run action on /tmp/ktest-out/lustre_build.x86_64/lustre/kunit/ec_test.c
Failed to run action on /tmp/ktest-out/lustre_build.x86_64/lustre/target/out_lib.c
Failed to run action on /tmp/ktest-out/lustre_build.x86_64/lustre/obdclass/lustre_handles.c
Failed to run action on /tmp/ktest-out/lustre_build.x86_64/lustre/lod/lod_pool.c
Failed to run action on /tmp/ktest-out/lustre_build.x86_64/lustre/ptlrpc/recover.c
Failed to run action on /tmp/ktest-out/lustre_build.x86_64/lustre/mdt/mdt_mds.c
Failed to run action on /tmp/ktest-out/lustre_build.x86_64/lustre/obdclass/statfs_pack.c
Failed to run action on /tmp/ktest-out/lustre_build.x86_64/lustre/lfsck/lfsck_lib.c
Failed to run action on /tmp/ktest-out/lustre_build.x86_64/lnet/selftest/framework.c
Failed to run action on /tmp/ktest-out/lustre_build.x86_64/lustre/mgs/lproc_mgs.c
Failed to run action on /tmp/ktest-out/lustre_build.x86_64/libcfs/libcfs/tracefile.c
Failed to run action on /tmp/ktest-out/lustre_build.x86_64/lnet/lnet/config.c
Failed to run action on /tmp/ktest-out/lustre_build.x86_64/lustre/target/tgt_main.c
Failed to run action on /tmp/ktest-out/lustre_build.x86_64/lustre/mdd/mdd_object.c
Failed to run action on /tmp/ktest-out/lustre_build.x86_64/lustre/obdclass/llog.c
Failed to run action on /tmp/ktest-out/lustre_build.x86_64/lustre/quota/qsd_config.c
Failed to run action on /tmp/ktest-out/lustre_build.x86_64/lustre/mdt/mdt_io.c
Failed to run action on /tmp/ktest-out/lustre_build.x86_64/lustre/lod/lproc_lod.c
Failed to run action on /tmp/ktest-out/lustre_build.x86_64/lustre/obdclass/lprocfs_status.c
Failed to run action on /tmp/ktest-out/lustre_build.x86_64/lustre/ptlrpc/llog_server.c
Failed to run action on /tmp/ktest-out/lustre_build.x86_64/lustre/obdclass/lustre_peer.c
Failed to run action on /tmp/ktest-out/lustre_build.x86_64/lustre/ldlm/ldlm_pool.c
Failed to run action on /tmp/ktest-out/lustre_build.x86_64/lnet/lnet/module.c
Failed to run action on /tmp/ktest-out/lustre_build.x86_64/libcfs/libcfs/linux/linux-prim.c
Failed to run action on /tmp/ktest-out/lustre_build.x86_64/lustre/osd-wbcfs/wbcfs.c
Failed to run action on /tmp/ktest-out/lustre_build.x86_64/lnet/selftest/brw_test.c
Failed to run action on /tmp/ktest-out/lustre_build.x86_64/lustre/ptlrpc/service.c
Failed to run action on /tmp/ktest-out/lustre_build.x86_64/lustre/fid/fid_handler.c
Failed to run action on /tmp/ktest-out/lustre_build.x86_64/lustre/quota/qmt_handler.c
Failed to run action on /tmp/ktest-out/lustre_build.x86_64/lustre/ptlrpc/sec_ctx.c
Failed to run action on /tmp/ktest-out/lustre_build.x86_64/lustre/mdd/mdd_orphans.c
Failed to run action on /tmp/ktest-out/lustre_build.x86_64/lustre/llite/llite_foreign_symlink.c
Failed to run action on /tmp/ktest-out/lustre_build.x86_64/lustre/mgs/mgs_nids.c
Failed to run action on /tmp/ktest-out/lustre_build.x86_64/lustre/ptlrpc/nrs_fifo.c
Failed to run action on /tmp/ktest-out/lustre_build.x86_64/lustre/quota/lquota_lib.c
Failed to run action on /tmp/ktest-out/lustre_build.x86_64/lustre/ldlm/l_lock.c
Failed to run action on /tmp/ktest-out/lustre_build.x86_64/lustre/fld/fld_request.c
Failed to run action on /tmp/ktest-out/lustre_build.x86_64/lustre/mgc/lproc_mgc.c
Failed to run action on /tmp/ktest-out/lustre_build.x86_64/lustre/quota/qmt_dev.c
Failed to run action on /tmp/ktest-out/lustre_build.x86_64/lustre/ptlrpc/nrs_orr.c
Failed to run action on /tmp/ktest-out/lustre_build.x86_64/lnet/selftest/console.c
Failed to run action on /tmp/ktest-out/lustre_build.x86_64/lnet/lnet/lib-ptl.c
Failed to run action on /tmp/ktest-out/lustre_build.x86_64/lustre/llite/namei.c
Failed to run action on /tmp/ktest-out/lustre_build.x86_64/lustre/osc/lproc_osc.c
Failed to run action on /tmp/ktest-out/lustre_build.x86_64/lustre/kunit/obd_mod_rpcs_test.c
Failed to run action on /tmp/ktest-out/lustre_build.x86_64/lustre/ldlm/ldlm_resource.c
Failed to run action on /tmp/ktest-out/lustre_build.x86_64/lustre/ptlrpc/sec_gc.c
Failed to run action on /tmp/ktest-out/lustre_build.x86_64/lustre/ofd/ofd_trans.c
Failed to run action on /tmp/ktest-out/lustre_build.x86_64/lustre/ofd/ofd_fs.c
Failed to run action on /tmp/ktest-out/lustre_build.x86_64/lustre/llite/rw.c
Failed to run action on /tmp/ktest-out/lustre_build.x86_64/lustre/mdt/mdt_xattr.c
Failed to run action on /tmp/ktest-out/lustre_build.x86_64/lustre/osp/osp_trans.c
Failed to run action on /tmp/ktest-out/lustre_build.x86_64/lustre/ofd/ofd_objects.c
Failed to run action on /tmp/ktest-out/lustre_build.x86_64/lnet/lnet/lnet_debugfs.c
Failed to run action on /tmp/ktest-out/lustre_build.x86_64/lustre/mdt/mdt_reint.c
Failed to run action on /tmp/ktest-out/lustre_build.x86_64/lustre/ptlrpc/pack_server.c
Failed to run action on /tmp/ktest-out/lustre_build.x86_64/lustre/ptlrpc/connection.c
Failed to run action on /tmp/ktest-out/lustre_build.x86_64/lustre/mdd/mdd_changelog.c
Failed to run action on /tmp/ktest-out/lustre_build.x86_64/lustre/mdt/mdt_recovery.c
Failed to run action on /tmp/ktest-out/lustre_build.x86_64/lnet/lnet/lib-me.c
Failed to run action on /tmp/ktest-out/lustre_build.x86_64/lnet/klnds/socklnd/socklnd_lib.c
Failed to run action on /tmp/ktest-out/lustre_build.x86_64/lustre/mdt/mdt_hsm.c
Failed to run action on /tmp/ktest-out/lustre_build.x86_64/lustre/osc/osc_request.c
Failed to run action on /tmp/ktest-out/lustre_build.x86_64/lustre/osc/osc_object.c
Failed to run action on /tmp/ktest-out/lustre_build.x86_64/lustre/ptlrpc/batch.c
Failed to run action on /tmp/ktest-out/lustre_build.x86_64/lustre/lov/lov_request.c
Failed to run action on /tmp/ktest-out/lustre_build.x86_64/lustre/lfsck/lfsck_striped_dir.c
Failed to run action on /tmp/ktest-out/lustre_build.x86_64/lnet/lnet/lnet_rdma.c
Failed to run action on /tmp/ktest-out/lustre_build.x86_64/lustre/mdc/mdc_lib.c
Failed to run action on /tmp/ktest-out/lustre_build.x86_64/lustre/mdc/mdc_reint.c
Failed to run action on /tmp/ktest-out/lustre_build.x86_64/lustre/quota/qmt_pool.c
Failed to run action on /tmp/ktest-out/lustre_build.x86_64/lustre/target/out_handler.c
Failed to run action on /tmp/ktest-out/lustre_build.x86_64/lustre/fid/fid_request.c
Failed to run action on /tmp/ktest-out/lustre_build.x86_64/lustre/lov/lov_dev.c
Failed to run action on /tmp/ktest-out/lustre_build.x86_64/lustre/osd-wbcfs/osd_hash.c
Failed to run action on /tmp/ktest-out/lustre_build.x86_64/lustre/ptlrpc/wiretest.c
Failed to run action on /tmp/ktest-out/lustre_build.x86_64/lustre/llite/lcommon_cl.c
Failed to run action on /tmp/ktest-out/lustre_build.x86_64/lustre/mdt/mdt_fs.c
Failed to run action on /tmp/ktest-out/lustre_build.x86_64/lnet/lnet/adler.c
Failed to run action on /tmp/ktest-out/lustre_build.x86_64/lustre/lod/lod_object.c
Failed to run action on /tmp/ktest-out/lustre_build.x86_64/lustre/ldlm/ldlm_reclaim.c
Failed to run action on /tmp/ktest-out/lustre_build.x86_64/lustre/kunit/llog_test.c
Failed to run action on /tmp/ktest-out/lustre_build.x86_64/lustre/mdc/mdc_locks.c
Failed to run action on /tmp/ktest-out/lustre_build.x86_64/lustre/target/tgt_handler.c
Failed to run action on /tmp/ktest-out/lustre_build.x86_64/lustre/llite/llite_foreign.c
Failed to run action on /tmp/ktest-out/lustre_build.x86_64/lustre/osd-wbcfs/osd_object.c
Failed to run action on /tmp/ktest-out/lustre_build.x86_64/lustre/ptlrpc/nodemap_storage.c
Failed to run action on /tmp/ktest-out/lustre_build.x86_64/lnet/lnet/router.c
Failed to run action on /tmp/ktest-out/lustre_build.x86_64/lustre/target/tgt_lastrcvd.c
Failed to run action on /tmp/ktest-out/lustre_build.x86_64/lustre/lov/lov_obd.c
Failed to run action on /tmp/ktest-out/lustre_build.x86_64/lustre/mdd/mdd_lock.c
Failed to run action on /tmp/ktest-out/lustre_build.x86_64/lustre/target/update_trans.c
Failed to run action on /tmp/ktest-out/lustre_build.x86_64/lustre/ptlrpc/errno.c
Failed to run action on /tmp/ktest-out/lustre_build.x86_64/lustre/mdt/mdt_open.c
Failed to run action on /tmp/ktest-out/lustre_build.x86_64/lustre/ldlm/ldlm_request.c
Failed to run action on /tmp/ktest-out/lustre_build.x86_64/lustre/lod/lod_dev.c
Failed to run action on /tmp/ktest-out/lustre_build.x86_64/lustre/ptlrpc/client.c
Failed to run action on /tmp/ktest-out/lustre_build.x86_64/lnet/selftest/module.c
Failed to run action on /tmp/ktest-out/lustre_build.x86_64/lustre/llite/xattr.c
Failed to run action on /tmp/ktest-out/lustre_build.x86_64/lustre/ofd/ofd_dev.c
Failed to run action on /tmp/ktest-out/lustre_build.x86_64/lnet/selftest/rpc.c
Failed to run action on /tmp/ktest-out/lustre_build.x86_64/lustre/ptlrpc/sec_config.c
Failed to run action on /tmp/ktest-out/lustre_build.x86_64/lustre/fld/fld_handler.c
Failed to run action on /tmp/ktest-out/lustre_build.x86_64/libcfs/libcfs/fail.c
Failed to run action on /tmp/ktest-out/lustre_build.x86_64/lustre/osp/lproc_osp.c
Failed to run action on /tmp/ktest-out/lustre_build.x86_64/lustre/ldlm/ldlm_lockd.c
Failed to run action on /tmp/ktest-out/lustre_build.x86_64/lustre/lov/lov_object.c
Failed to run action on /tmp/ktest-out/lustre_build.x86_64/lustre/osd-wbcfs/osd_index_hash.c
Failed to run action on /tmp/ktest-out/lustre_build.x86_64/lustre/mdt/mdt_coordinator.c
Failed to run action on /tmp/ktest-out/lustre_build.x86_64/lustre/ofd/ofd_lvb.c
Failed to run action on /tmp/ktest-out/lustre_build.x86_64/lustre/ofd/ofd_io.c
Failed to run action on /tmp/ktest-out/lustre_build.x86_64/lustre/obdclass/lprocfs_counters.c
Failed to run action on /tmp/ktest-out/lustre_build.x86_64/lustre/osp/osp_md_object.c
Failed to run action on /tmp/ktest-out/lustre_build.x86_64/lustre/target/tgt_grant.c
Failed to run action on /tmp/ktest-out/lustre_build.x86_64/lustre/ptlrpc/sec_plain.c
Failed to run action on /tmp/ktest-out/lustre_build.x86_64/lustre/llite/llite_mmap.c
Failed to run action on /tmp/ktest-out/lustre_build.x86_64/lustre/target/update_records.c
Failed to run action on /tmp/ktest-out/lustre_build.x86_64/lustre/llite/vvp_io.c
Failed to run action on /tmp/ktest-out/lustre_build.x86_64/lnet/lnet/net_fault.c
Failed to run action on /tmp/ktest-out/lustre_build.x86_64/lustre/obdclass/class_obd.c
Failed to run action on /tmp/ktest-out/lustre_build.x86_64/lustre/mgs/mgs_fs.c
Failed to run action on /tmp/ktest-out/lustre_build.x86_64/lustre/fid/fid_store.c
Failed to run action on /tmp/ktest-out/lustre_build.x86_64/lustre/ec/ec_base_aliases.c
Failed to run action on /tmp/ktest-out/lustre_build.x86_64/lustre/mdt/mdt_hsm_cdt_actions.c
Failed to run action on /tmp/ktest-out/lustre_build.x86_64/lnet/lnet/lib-msg.c
Failed to run action on /tmp/ktest-out/lustre_build.x86_64/lustre/ldlm/ldlm_extent.c
Failed to run action on /tmp/ktest-out/lustre_build.x86_64/lustre/lov/lov_merge.c
Failed to run action on /tmp/ktest-out/lustre_build.x86_64/lustre/ptlrpc/nodemap_handler.c
Failed to run action on /tmp/ktest-out/lustre_build.x86_64/lustre/osc/osc_lock.c
Failed to run action on /tmp/ktest-out/lustre_build.x86_64/lustre/quota/lproc_quota.c
Failed to run action on /tmp/ktest-out/lustre_build.x86_64/lnet/lnet/lib-move.c
Failed to run action on /tmp/ktest-out/lustre_build.x86_64/lustre/ptlrpc/llog_client.c
Failed to run action on /tmp/ktest-out/lustre_build.x86_64/lustre/mgs/mgs_llog.c
Failed to run action on /tmp/ktest-out/lustre_build.x86_64/lnet/lnet/lib-md.c
Failed to run action on /tmp/ktest-out/lustre_build.x86_64/lnet/selftest/timer.c
Failed to run action on /tmp/ktest-out/lustre_build.x86_64/lnet/lnet/udsp.c
Failed to run action on /tmp/ktest-out/lustre_build.x86_64/lustre/quota/qmt_lock.c
Failed to run action on /tmp/ktest-out/lustre_build.x86_64/lustre/obdecho/echo_client.c
Failed to run action on /tmp/ktest-out/lustre_build.x86_64/lustre/osp/lwp_dev.c
Failed to run action on /tmp/ktest-out/lustre_build.x86_64/lustre/mgc/mgc_request.c
Failed to run action on /tmp/ktest-out/lustre_build.x86_64/lustre/mdt/mdt_lib.c
Failed to run action on /tmp/ktest-out/lustre_build.x86_64/lustre/fid/fid_lib.c
Failed to run action on /tmp/ktest-out/lustre_build.x86_64/lnet/lnet/lock.c
Failed to run action on /tmp/ktest-out/lustre_build.x86_64/lustre/obdclass/llog_obd.c
Failed to run action on /tmp/ktest-out/lustre_build.x86_64/lustre/mdt/mdt_lvb.c
Failed to run action on /tmp/ktest-out/lustre_build.x86_64/lustre/lov/lov_ea.c
Failed to run action on /tmp/ktest-out/lustre_build.x86_64/lustre/quota/lquota_disk.c
Failed to run action on /tmp/ktest-out/lustre_build.x86_64/lustre/mdd/mdd_acl.c
Failed to run action on /tmp/ktest-out/lustre_build.x86_64/lustre/llite/rw26.c
Failed to run action on /tmp/ktest-out/lustre_build.x86_64/lustre/obdclass/genops.c
Failed to run action on /tmp/ktest-out/lustre_build.x86_64/lustre/lmv/lmv_obd.c
Failed to run action on /tmp/ktest-out/lustre_build.x86_64/lustre/osc/osc_dev.c
Failed to run action on /tmp/ktest-out/lustre_build.x86_64/lustre/obdclass/llog_cat.c
Failed to run action on /tmp/ktest-out/lustre_build.x86_64/lustre/ptlrpc/lproc_ptlrpc.c
Failed to run action on /tmp/ktest-out/lustre_build.x86_64/lustre/ptlrpc/pack_generic.c
Failed to run action on /tmp/ktest-out/lustre_build.x86_64/lustre/ptlrpc/nrs_tbf.c
Failed to run action on /tmp/ktest-out/lustre_build.x86_64/lustre/ptlrpc/nodemap_member.c
Failed to run action on /tmp/ktest-out/lustre_build.x86_64/lustre/lfsck/lfsck_namespace.c
Failed to run action on /tmp/ktest-out/lustre_build.x86_64/lustre/lfsck/lfsck_layout.c
Failed to run action on /tmp/ktest-out/lustre_build.x86_64/lustre/lov/lov_pool.c
Failed to run action on /tmp/ktest-out/lustre_build.x86_64/lustre/osc/osc_page.c
Failed to run action on /tmp/ktest-out/lustre_build.x86_64/lustre/lov/lov_offset.c
Failed to run action on /tmp/ktest-out/lustre_build.x86_64/lustre/ofd/ofd_oss.c
Failed to run action on /tmp/ktest-out/lustre_build.x86_64/lustre/ptlrpc/layout.c
Failed to run action on /tmp/ktest-out/lustre_build.x86_64/lustre/ldlm/ldlm_flock.c
Failed to run action on /tmp/ktest-out/lustre_build.x86_64/lnet/lnet/peer.c
Failed to run action on /tmp/ktest-out/lustre_build.x86_64/lustre/target/barrier.c
Failed to run action on /tmp/ktest-out/lustre_build.x86_64/lustre/osc/osc_cache.c
Failed to run action on /tmp/ktest-out/lustre_build.x86_64/lustre/ec/ec_kmod.c
Failed to run action on /tmp/ktest-out/lustre_build.x86_64/lustre/llite/llite_lib.c
Failed to run action on /tmp/ktest-out/lustre_build.x86_64/lustre/ofd/ofd_dlm.c
Failed to run action on /tmp/ktest-out/lustre_build.x86_64/lustre/quota/lquota_entry.c
Failed to run action on /tmp/ktest-out/lustre_build.x86_64/lnet/klnds/socklnd/socklnd_modparams.c
Failed to run action on /tmp/ktest-out/lustre_build.x86_64/lustre/mdt/mdt_handler.c
Failed to run action on /tmp/ktest-out/lustre_build.x86_64/lustre/quota/qmt_entry.c
Failed to run action on /tmp/ktest-out/lustre_build.x86_64/lustre/mdt/mdt_hsm_cdt_requests.c
Failed to run action on /tmp/ktest-out/lustre_build.x86_64/lustre/lov/lov_pack.c
Failed to run action on /tmp/ktest-out/lustre_build.x86_64/lustre/llite/statahead.c
Failed to run action on /tmp/ktest-out/lustre_build.x86_64/lustre/quota/qsd_entry.c
Failed to run action on /tmp/ktest-out/lustre_build.x86_64/lustre/kunit/obd_test.c
Failed to run action on /tmp/ktest-out/lustre_build.x86_64/lustre/llite/acl.c
Failed to run action on /tmp/ktest-out/lustre_build.x86_64/lustre/ptlrpc/nodemap_lproc.c
Failed to run action on /tmp/ktest-out/lustre_build.x86_64/lustre/mdt/mdt_lproc.c
Failed to run action on /tmp/ktest-out/lustre_build.x86_64/lustre/ldlm/ldlm_lib.c
Failed to run action on /tmp/ktest-out/lustre_build.x86_64/lustre/llite/vvp_page.c
Failed to run action on /tmp/ktest-out/lustre_build.x86_64/lustre/target/tgt_mount.c
Failed to run action on /tmp/ktest-out/lustre_build.x86_64/lustre/lod/lod_sub_object.c
Failed to run action on /tmp/ktest-out/lustre_build.x86_64/lustre/target/tgt_fmd.c
Failed to run action on /tmp/ktest-out/lustre_build.x86_64/lustre/osp/osp_precreate.c
Failed to run action on /tmp/ktest-out/lustre_build.x86_64/lustre/lmv/lmv_intent.c
Failed to run action on /tmp/ktest-out/lustre_build.x86_64/lustre/ptlrpc/sec.c
Failed to run action on /tmp/ktest-out/lustre_build.x86_64/lustre/ptlrpc/sec_null.c
Failed to run action on /tmp/ktest-out/lustre_build.x86_64/lustre/ptlrpc/llog_net.c
Failed to run action on /tmp/ktest-out/lustre_build.x86_64/lnet/lnet/nidstrings.c
Failed to run action on /tmp/ktest-out/lustre_build.x86_64/lustre/mdd/mdd_trans.c

/tmp/ktest-out/lustre_build.x86_64/lustre/include/cfs_hash.h:573: warning: Function 'cfs_hash_bd_depmax_get' is unused
/tmp/ktest-out/lustre_build.x86_64/lustre/include/cfs_hash.h:537: warning: Function 'cfs_hash_bd_index_get' is unused
/tmp/ktest-out/lustre_build.x86_64/lustre/include/cfs_hash.h:503: warning: Function 'cfs_hash_dec_and_lock' is unused
/tmp/ktest-out/lustre_build.x86_64/lustre/include/cl_object.h:2636: warning: Function 'cl_io_nob_aligned' is unused
/tmp/ktest-out/lustre_build.x86_64/lustre/include/cl_object.h:2126: warning: Function 'cl_object_next' is unused
/tmp/ktest-out/lustre_build.x86_64/lustre/include/cl_object.h:2136: warning: Function 'cl_object_site' is unused
/tmp/ktest-out/lustre_build.x86_64/lustre/include/dt_object.h:2487: warning: Function 'dt_object_stale' is unused
/tmp/ktest-out/lustre_build.x86_64/lustre/include/dt_object.h:2480: warning: Function 'dt_thread_no_locks' is unused
/tmp/ktest-out/lustre_build.x86_64/lustre/include/uapi/linux/lustre/lgss.h:343: warning: Function 'gss_base64url_decode' is unused
/tmp/ktest-out/lustre_build.x86_64/lustre/include/uapi/linux/lustre/lgss.h:503: warning: Function 'gss_buffer_get' is unused
/tmp/ktest-out/lustre_build.x86_64/lustre/include/uapi/linux/lustre/lgss.h:464: warning: Function 'gss_buffer_read' is unused
/tmp/ktest-out/lustre_build.x86_64/lustre/include/uapi/linux/lustre/lgss.h:189: warning: Function 'gss_buffer_write' is unused
/tmp/ktest-out/lustre_build.x86_64/lustre/include/uapi/linux/lustre/lgss.h:397: warning: Function 'gss_string_read' is unused
/tmp/ktest-out/lustre_build.x86_64/lustre/include/uapi/linux/lustre/lgss.h:529: warning: Function 'gss_u32_read' is unused
/tmp/ktest-out/lustre_build.x86_64/lustre/include/uapi/linux/lustre/lgss.h:230: warning: Function 'gss_u32_write' is unused
/tmp/ktest-out/lustre_build.x86_64/lustre/include/uapi/linux/lustre/lgss.h:166: warning: Function 'gss_u64_write_hex_string' is unused
/tmp/ktest-out/lustre_build.x86_64/lustre/include/uapi/linux/lustre/lgss.h:143: warning: Function 'gss_u64_write_string' is unused
/tmp/ktest-out/lustre_build.x86_64/lnet/include/lnet/lib-lnet.h:915: warning: Function 'lnet_copy_flat2kiov' is unused
/tmp/ktest-out/lustre_build.x86_64/lnet/include/lnet/lib-lnet.h:904: warning: Function 'lnet_copy_kiov2flat' is unused
/tmp/ktest-out/lustre_build.x86_64/lnet/include/uapi/linux/lnet/lnet-crypto.h:271: warning: Function 'cfs_crypto_crypt_alg' is unused
/tmp/ktest-out/lustre_build.x86_64/lnet/include/uapi/linux/lnet/lnet-crypto.h:253: warning: Function 'cfs_crypto_crypt_keysize' is unused
/tmp/ktest-out/lustre_build.x86_64/lnet/include/uapi/linux/lnet/lnet-crypto.h:232: warning: Function 'cfs_crypto_crypt_name' is unused
/tmp/ktest-out/lustre_build.x86_64/lustre/include/lprocfs_status.h:639: warning: Function 'lprocfs_import_seq_write' is unused
/tmp/ktest-out/lustre_build.x86_64/lustre/include/lu_object.h:848: warning: Function 'lu_object_clear_agent_entry' is unused
/tmp/ktest-out/lustre_build.x86_64/lustre/include/lu_object.h:1501: warning: Function 'lu_object_is_cl' is unused
/tmp/ktest-out/lustre_build.x86_64/lustre/include/lu_object.h:729: warning: Function 'lu_object_is_inited' is unused
/tmp/ktest-out/lustre_build.x86_64/lustre/include/lu_object.h:843: warning: Function 'lu_object_set_agent_entry' is unused
/tmp/ktest-out/lustre_build.x86_64/lustre/include/lu_object.h:763: warning: Function 'lu_object_top' is unused
/tmp/ktest-out/lustre_build.x86_64/lustre/include/lu_object.h:1615: warning: Function 'tgt_statfs_iavail' is unused
/tmp/ktest-out/lustre_build.x86_64/lustre/include/uapi/linux/lustre/lustre_cfg.h:206: warning: Function 'lcfg_cmd2data' is unused
/tmp/ktest-out/lustre_build.x86_64/lustre/include/uapi/linux/lustre/lustre_cfg.h:278: warning: Function 'lustre_cfg_bufs_init' is unused
/tmp/ktest-out/lustre_build.x86_64/lustre/include/lustre_compat.h:98: warning: Function 'cfs_bio_alloc' is unused
/tmp/ktest-out/lustre_build.x86_64/lustre/include/lustre_compat.h:435: warning: Function 'll_vfs_removexattr' is unused
/tmp/ktest-out/lustre_build.x86_64/lustre/include/lustre_export.h:353: warning: Function 'exp_connect_multibulk' is unused
/tmp/ktest-out/lustre_build.x86_64/lustre/include/lustre_export.h:460: warning: Function 'exp_connect_parity' is unused
/tmp/ktest-out/lustre_build.x86_64/lustre/include/lustre_export.h:487: warning: Function 'exp_connect_sparse' is unused
/tmp/ktest-out/lustre_build.x86_64/lustre/include/lustre_fid.h:619: warning: Function 'fid_build_pdo_res_name' is unused
/tmp/ktest-out/lustre_build.x86_64/lustre/include/lustre_fid.h:756: warning: Function 'fid_hash' is unused
/tmp/ktest-out/lustre_build.x86_64/lustre/include/lustre_fid.h:282: warning: Function 'fid_is_fs_root' is unused
/tmp/ktest-out/lustre_build.x86_64/lustre/include/uapi/linux/lustre/lustre_fid.h:218: warning: Function 'fid_is_layout_rbtree' is unused
/tmp/ktest-out/lustre_build.x86_64/lustre/include/uapi/linux/lustre/lustre_fid.h:103: warning: Function 'fid_is_llog' is unused
/tmp/ktest-out/lustre_build.x86_64/lustre/include/uapi/linux/lustre/lustre_fid.h:358: warning: Function 'fid_is_local_storage' is unused
/tmp/ktest-out/lustre_build.x86_64/lustre/include/lustre_fid.h:271: warning: Function 'fid_is_name_llog' is unused
/tmp/ktest-out/lustre_build.x86_64/lustre/include/lustre_fid.h:265: warning: Function 'fid_is_quota' is unused
/tmp/ktest-out/lustre_build.x86_64/lustre/include/uapi/linux/lustre/lustre_fid.h:114: warning: Function 'fid_seq_is_special' is unused
/tmp/ktest-out/lustre_build.x86_64/lustre/include/uapi/linux/lustre/lustre_fiemap.h:38: warning: Function 'get_fe_device' is unused
/tmp/ktest-out/lustre_build.x86_64/lustre/include/uapi/linux/lustre/lustre_fiemap.h:42: warning: Function 'set_fe_device' is unused
/tmp/ktest-out/lustre_build.x86_64/lustre/include/uapi/linux/lustre/lustre_fiemap.h:50: warning: Function 'set_fe_stripenr' is unused
/tmp/ktest-out/lustre_build.x86_64/lustre/include/lustre_lmv.h:219: warning: Function 'lmv_le_to_cpu' is unused
/tmp/ktest-out/lustre_build.x86_64/lustre/include/lustre_log.h:505: warning: Function 'llog_connect' is unused
/tmp/ktest-out/lustre_build.x86_64/lustre/include/lustre_net.h:2513: warning: Function 'lustre_request_magic' is unused
/tmp/ktest-out/lustre_build.x86_64/lustre/include/lustre_net.h:2362: warning: Function 'lustre_shrink_reply' is unused
/tmp/ktest-out/lustre_build.x86_64/lustre/include/lustre_net.h:1489: warning: Function 'thread_is_init' is unused
/tmp/ktest-out/lustre_build.x86_64/lustre/include/lustre_net.h:1519: warning: Function 'thread_set_flags' is unused
/tmp/ktest-out/lustre_build.x86_64/lustre/include/uapi/linux/lustre/lustre_ostid.h:118: warning: Function 'ostid_set_seq_llog' is unused
/tmp/ktest-out/lustre_build.x86_64/lustre/include/lustre_scrub.h:250: warning: Function 'lustre_fid2lbx' is unused
/tmp/ktest-out/lustre_build.x86_64/lustre/include/lustre_scrub.h:255: warning: Function 'osd_scrub2name' is unused
/tmp/ktest-out/lustre_build.x86_64/lustre/include/lustre_sec.h:1023: warning: Function 'cli_ctx_is_dead' is unused
/tmp/ktest-out/lustre_build.x86_64/lustre/include/lustre_sec.h:999: warning: Function 'cli_ctx_is_ready' is unused
/tmp/ktest-out/lustre_build.x86_64/lustre/include/lustre_sec.h:1011: warning: Function 'cli_ctx_is_uptodate' is unused
/tmp/ktest-out/lustre_build.x86_64/lustre/include/lustre_sec.h:882: warning: Function 'sec_is_rootonly' is unused
/tmp/ktest-out/lustre_build.x86_64/lustre/include/uapi/linux/lustre/lustre_user.h:2236: warning: Function 'changelog_rec_snamelen' is unused
/tmp/ktest-out/lustre_build.x86_64/lustre/include/uapi/linux/lustre/lustre_user.h:2602: warning: Function 'hal_size' is unused
/tmp/ktest-out/lustre_build.x86_64/lustre/include/uapi/linux/lustre/lustre_user.h:1930: warning: Function 'hsm_get_cl_error' is unused
/tmp/ktest-out/lustre_build.x86_64/lustre/include/uapi/linux/lustre/lustre_user.h:1905: warning: Function 'hsm_get_cl_event' is unused
/tmp/ktest-out/lustre_build.x86_64/lustre/include/uapi/linux/lustre/lustre_user.h:1918: warning: Function 'hsm_get_cl_flags' is unused
/tmp/ktest-out/lustre_build.x86_64/lustre/include/uapi/linux/lustre/lustre_user.h:1240: warning: Function 'lmv_hash_is_restriping' is unused
/tmp/ktest-out/lustre_build.x86_64/lustre/include/uapi/linux/lustre/lustre_user.h:963: warning: Function 'lu_extent_is_whole' is unused
/tmp/ktest-out/lustre_build.x86_64/lustre/include/uapi/linux/lustre/lustre_user.h:2858: warning: Function 'pcc_type2string' is unused
/tmp/ktest-out/lustre_build.x86_64/lustre/include/md_object.h:645: warning: Function 'mdo_statfs' is unused
/tmp/ktest-out/lustre_build.x86_64/lustre/include/obd.h:1538: warning: Function 'obd_is_osd_wbcfs' is unused
/tmp/ktest-out/lustre_build.x86_64/lustre/include/obd_class.h:2113: warning: Function 'get_attr_starts_with' is unused
/tmp/ktest-out/lustre_build.x86_64/lustre/include/obd_class.h:783: warning: Function 'obd_add_conn' is unused
/tmp/ktest-out/lustre_build.x86_64/lustre/include/obd_class.h:804: warning: Function 'obd_del_conn' is unused
/tmp/ktest-out/lustre_build.x86_64/lustre/include/obd_class.h:1314: warning: Function 'obd_health_check' is unused
/tmp/ktest-out/lustre_build.x86_64/lustre/include/obd_class.h:596: warning: Function 'obd_precleanup' is unused
/tmp/ktest-out/lustre_build.x86_64/lustre/include/obd_class.h:673: warning: Function 'obd_process_config' is unused
/tmp/ktest-out/lustre_build.x86_64/lustre/include/obd_class.h:548: warning: Function 'obd_setup' is unused
/tmp/ktest-out/lustre_build.x86_64/lustre/include/obd_support.h:1044: warning: Function 'lma_to_lustre_flags' is unused
/tmp/ktest-out/lustre_build.x86_64/lustre/include/obd_support.h:1050: warning: Function 'lustre_to_lma_flags' is unused
/tmp/ktest-out/lustre_build.x86_64/lustre/include/upcall_cache.h:165: warning: Function 'upcall_cache_flush_all' is unused
</pre>
</body>
</html>
