<html lang="en">
<body>
<pre>
Creating kernel tarball at /tmp/ktest-kernel.tar.gz...
Creating lustre tarball at /tmp/ktest-lustre.tar.gz...
Executing 16 jobs with dependencies
Jobs will start as soon as their dependencies are satisfied

Starting job: lustre_mainline_strict (ktest-out: /tmp/ktest_lustre_mainline_strict_rvp63s72)
Starting job: lustre_mainline (ktest-out: /tmp/ktest_lustre_mainline_9ygx8bu6)
Starting job: checkpatch (ktest-out: /tmp/ktest_checkpatch_5wx127cd)
Starting job: lustre_mainline_native (ktest-out: /tmp/ktest_lustre_mainline_native_yuofv6na)
Starting job: lustre_u24 (ktest-out: /tmp/ktest_lustre_u24_5o_s_r9q)
Starting job: lustre_al2023 (ktest-out: /tmp/ktest_lustre_al2023_vgj68eue)
put_archive(/tmp/ktest-kernel.tar.gz): 6.33s
put_archive(/tmp/ktest-kernel.tar.gz): 6.18s
put_archive(/tmp/ktest-kernel.tar.gz): 6.20s
put_archive(/tmp/ktest-kernel.tar.gz): 6.10s
put_archive(/tmp/ktest-lustre.tar.gz): 1.47s
put_archive(/tmp/ktest-kernel.tar.gz): 6.19s
put_archive(/tmp/ktest-kernel.tar.gz): 6.36s
put_archive(/tmp/ktest-lustre.tar.gz): 0.67s
put_archive(/tmp/ktest-lustre.tar.gz): 0.55s
put_archive(/tmp/ktest-lustre.tar.gz): 0.62s
put_archive(/tmp/ktest-lustre.tar.gz): 0.42s
put_archive(/tmp/ktest-lustre.tar.gz): 0.29s
Job checkpatch completed: SUCCESS (return code = 0, log: /tmp/ktest-results/checkpatch.log)
Job lustre_al2023 completed: SUCCESS (return code = 0, log: /tmp/ktest-results/lustre_al2023.log)
Job lustre_u24 completed: SUCCESS (return code = 0, log: /tmp/ktest-results/lustre_u24.log)
get_archive(ktest-out): 2.95s
Job lustre_mainline_strict completed: FAILED (return code = 1, log: /tmp/ktest-results/lustre_mainline_strict.log)
get_archive(ktest-out): 2.51s
get_archive(ktest-out): 2.57s
Job lustre_mainline completed: SUCCESS (return code = 0, log: /tmp/ktest-results/lustre_mainline.log)
Job lustre_mainline_native completed: SUCCESS (return code = 0, log: /tmp/ktest-results/lustre_mainline_native.log)
Starting job: clang-tidy (ktest-out: /tmp/ktest_lustre_mainline_native_yuofv6na)
Starting job: cc-plugin (ktest-out: /tmp/ktest_lustre_mainline_native_yuofv6na)
Starting job: boot (ktest-out: /tmp/ktest_lustre_mainline_native_yuofv6na)
Starting job: llmount (ktest-out: /tmp/ktest_lustre_mainline_native_yuofv6na)
Starting job: llog-unit (ktest-out: /tmp/ktest_lustre_mainline_native_yuofv6na)
Starting job: mgs-setup (ktest-out: /tmp/ktest_lustre_mainline_native_yuofv6na)
Starting job: sanity-1 (ktest-out: /tmp/ktest_lustre_mainline_native_yuofv6na)
Starting job: sanity-2 (ktest-out: /tmp/ktest_lustre_mainline_native_yuofv6na)
Starting job: sanity-3 (ktest-out: /tmp/ktest_lustre_mainline_native_yuofv6na)
Starting job: sanity-4 (ktest-out: /tmp/ktest_lustre_mainline_native_yuofv6na)
put_archive(/tmp/ktest_lustre_mainline_native_yuofv6na.tar): 3.32s
put_archive(/tmp/ktest_lustre_mainline_native_yuofv6na.tar): 4.96s
put_archive(/tmp/ktest_lustre_mainline_native_yuofv6na.tar): 5.58s
put_archive(/tmp/ktest-kernel.tar.gz): 6.36s
put_archive(/tmp/ktest_lustre_mainline_native_yuofv6na.tar): 5.71s
put_archive(/tmp/ktest-kernel.tar.gz): 6.80s
put_archive(/tmp/ktest_lustre_mainline_native_yuofv6na.tar): 4.69s
put_archive(/tmp/ktest_lustre_mainline_native_yuofv6na.tar): 4.71s
put_archive(/tmp/ktest_lustre_mainline_native_yuofv6na.tar): 4.61s
put_archive(/tmp/ktest_lustre_mainline_native_yuofv6na.tar): 4.70s
put_archive(/tmp/ktest-lustre.tar.gz): 0.56s
put_archive(/tmp/ktest-lustre.tar.gz): 0.75s
put_archive(/tmp/ktest_lustre_mainline_native_yuofv6na.tar): 17.95s
put_archive(/tmp/ktest_lustre_mainline_native_yuofv6na.tar): 17.64s
Job cc-plugin completed: FAILED (return code = 127, log: /tmp/ktest-results/cc-plugin.log)
Job clang-tidy completed: SUCCESS (return code = 0, log: /tmp/ktest-results/clang-tidy.log)
Job boot completed: SUCCESS (return code = 0, log: /tmp/ktest-results/boot.log)
Job mgs-setup completed: SUCCESS (return code = 0, log: /tmp/ktest-results/mgs-setup.log)
Job sanity-2 completed: SUCCESS (return code = 0, log: /tmp/ktest-results/sanity-2.log)
Job sanity-3 completed: SUCCESS (return code = 0, log: /tmp/ktest-results/sanity-3.log)
Job sanity-1 completed: SUCCESS (return code = 0, log: /tmp/ktest-results/sanity-1.log)
Job sanity-4 completed: SUCCESS (return code = 0, log: /tmp/ktest-results/sanity-4.log)
Job llog-unit completed: SUCCESS (return code = 0, log: /tmp/ktest-results/llog-unit.log)
Job llmount completed: SUCCESS (return code = 0, log: /tmp/ktest-results/llmount.log)

============================================================
Final Results:
  checkpatch: SUCCESS (return code = 0, log: /tmp/ktest-results/checkpatch.log)
  lustre_u24: SUCCESS (return code = 0, log: /tmp/ktest-results/lustre_u24.log)
  lustre_al2023: SUCCESS (return code = 0, log: /tmp/ktest-results/lustre_al2023.log)
  lustre_mainline_strict: FAILED (return code = 1, log: /tmp/ktest-results/lustre_mainline_strict.log)
  lustre_mainline: SUCCESS (return code = 0, log: /tmp/ktest-results/lustre_mainline.log)
  lustre_mainline_native: SUCCESS (return code = 0, log: /tmp/ktest-results/lustre_mainline_native.log)
  clang-tidy: SUCCESS (return code = 0, log: /tmp/ktest-results/clang-tidy.log)
  cc-plugin: FAILED (return code = 127, log: /tmp/ktest-results/cc-plugin.log)
  boot: SUCCESS (return code = 0, log: /tmp/ktest-results/boot.log)
  llmount: SUCCESS (return code = 0, log: /tmp/ktest-results/llmount.log)
  llog-unit: SUCCESS (return code = 0, log: /tmp/ktest-results/llog-unit.log)
  mgs-setup: SUCCESS (return code = 0, log: /tmp/ktest-results/mgs-setup.log)
  sanity-1: SUCCESS (return code = 0, log: /tmp/ktest-results/sanity-1.log)
  sanity-2: SUCCESS (return code = 0, log: /tmp/ktest-results/sanity-2.log)
  sanity-3: SUCCESS (return code = 0, log: /tmp/ktest-results/sanity-3.log)
  sanity-4: SUCCESS (return code = 0, log: /tmp/ktest-results/sanity-4.log)
</pre>
</body>
</html>
