Creating kernel tarball at /tmp/ktest-kernel.tar.gz...
Creating lustre tarball at /tmp/ktest-lustre.tar.gz...
Executing 16 jobs with dependencies
Jobs will start as soon as their dependencies are satisfied

Starting job: lustre_mainline_native (ktest-out: /tmp/ktest_lustre_mainline_native_ed9pzj5q)
Starting job: checkpatch (ktest-out: /tmp/ktest_checkpatch_br23g4l4)
Starting job: lustre_u24 (ktest-out: /tmp/ktest_lustre_u24_xka7qi5u)
Starting job: lustre_mainline_strict (ktest-out: /tmp/ktest_lustre_mainline_strict_me7rp8a0)
Starting job: lustre_mainline (ktest-out: /tmp/ktest_lustre_mainline_d312kvw9)
Starting job: lustre_al2023 (ktest-out: /tmp/ktest_lustre_al2023_e7bdnnhc)
put_archive(/tmp/ktest-kernel.tar.gz): 7.14s
put_archive(/tmp/ktest-kernel.tar.gz): 6.93s
put_archive(/tmp/ktest-kernel.tar.gz): 7.05s
put_archive(/tmp/ktest-kernel.tar.gz): 7.30s
put_archive(/tmp/ktest-kernel.tar.gz): 6.78s
put_archive(/tmp/ktest-kernel.tar.gz): 6.28s
put_archive(/tmp/ktest-lustre.tar.gz): 3.91s
put_archive(/tmp/ktest-lustre.tar.gz): 4.88s
put_archive(/tmp/ktest-lustre.tar.gz): 4.12s
put_archive(/tmp/ktest-lustre.tar.gz): 4.28s
put_archive(/tmp/ktest-lustre.tar.gz): 3.57s
put_archive(/tmp/ktest-lustre.tar.gz): 3.87s
Job checkpatch completed: SUCCESS (return code = 0, log: /tmp/ktest-results/checkpatch.log)
Job lustre_al2023 completed: SUCCESS (return code = 0, log: /tmp/ktest-results/lustre_al2023.log)
Job lustre_u24 completed: SUCCESS (return code = 0, log: /tmp/ktest-results/lustre_u24.log)
get_archive(ktest-out): 5.03s
Job lustre_mainline_strict completed: FAILED (return code = 1, log: /tmp/ktest-results/lustre_mainline_strict.log)
get_archive(ktest-out): 3.10s
get_archive(ktest-out): 3.18s
Job lustre_mainline completed: SUCCESS (return code = 0, log: /tmp/ktest-results/lustre_mainline.log)
Job lustre_mainline_native completed: SUCCESS (return code = 0, log: /tmp/ktest-results/lustre_mainline_native.log)
Starting job: clang-tidy (ktest-out: /tmp/ktest_lustre_mainline_native_ed9pzj5q)
Starting job: cc-plugin (ktest-out: /tmp/ktest_lustre_mainline_native_ed9pzj5q)
Starting job: boot (ktest-out: /tmp/ktest_lustre_mainline_native_ed9pzj5q)
Starting job: llmount (ktest-out: /tmp/ktest_lustre_mainline_native_ed9pzj5q)
Starting job: llog-unit (ktest-out: /tmp/ktest_lustre_mainline_native_ed9pzj5q)
Starting job: mgs-setup (ktest-out: /tmp/ktest_lustre_mainline_native_ed9pzj5q)
Starting job: sanity-1 (ktest-out: /tmp/ktest_lustre_mainline_native_ed9pzj5q)
Starting job: sanity-2 (ktest-out: /tmp/ktest_lustre_mainline_native_ed9pzj5q)
Starting job: sanity-3 (ktest-out: /tmp/ktest_lustre_mainline_native_ed9pzj5q)
Starting job: sanity-4 (ktest-out: /tmp/ktest_lustre_mainline_native_ed9pzj5q)
put_archive(/tmp/ktest_lustre_mainline_native_ed9pzj5q.tar): 12.35s
put_archive(/tmp/ktest_lustre_mainline_native_ed9pzj5q.tar): 12.52s
put_archive(/tmp/ktest-kernel.tar.gz): 12.65s
put_archive(/tmp/ktest_lustre_mainline_native_ed9pzj5q.tar): 12.14s
put_archive(/tmp/ktest-kernel.tar.gz): 22.54s
put_archive(/tmp/ktest-lustre.tar.gz): 56.53s
put_archive(/tmp/ktest_lustre_mainline_native_ed9pzj5q.tar): 46.73s
put_archive(/tmp/ktest_lustre_mainline_native_ed9pzj5q.tar): 46.70s
put_archive(/tmp/ktest_lustre_mainline_native_ed9pzj5q.tar): 46.74s
put_archive(/tmp/ktest-lustre.tar.gz): 47.37s
put_archive(/tmp/ktest_lustre_mainline_native_ed9pzj5q.tar): 46.81s
put_archive(/tmp/ktest_lustre_mainline_native_ed9pzj5q.tar): 46.90s
put_archive(/tmp/ktest_lustre_mainline_native_ed9pzj5q.tar): 59.07s
put_archive(/tmp/ktest_lustre_mainline_native_ed9pzj5q.tar): 59.02s
Job mgs-setup completed: SUCCESS (return code = 0, log: /tmp/ktest-results/mgs-setup.log)
Job cc-plugin completed: FAILED (return code = 127, log: /tmp/ktest-results/cc-plugin.log)
Job clang-tidy completed: SUCCESS (return code = 0, log: /tmp/ktest-results/clang-tidy.log)
Job boot completed: SUCCESS (return code = 0, log: /tmp/ktest-results/boot.log)
Job llmount completed: SUCCESS (return code = 0, log: /tmp/ktest-results/llmount.log)
Job llog-unit completed: SUCCESS (return code = 0, log: /tmp/ktest-results/llog-unit.log)
Job sanity-4 completed: SUCCESS (return code = 0, log: /tmp/ktest-results/sanity-4.log)
Job sanity-1 completed: SUCCESS (return code = 0, log: /tmp/ktest-results/sanity-1.log)
Job sanity-2 completed: SUCCESS (return code = 0, log: /tmp/ktest-results/sanity-2.log)
Job sanity-3 completed: SUCCESS (return code = 0, log: /tmp/ktest-results/sanity-3.log)

============================================================
Final Results:
  checkpatch: SUCCESS (return code = 0, log: /tmp/ktest-results/checkpatch.log)
  lustre_u24: SUCCESS (return code = 0, log: /tmp/ktest-results/lustre_u24.log)
  lustre_al2023: SUCCESS (return code = 0, log: /tmp/ktest-results/lustre_al2023.log)
  lustre_mainline_strict: FAILED (return code = 1, log: /tmp/ktest-results/lustre_mainline_strict.log)
  lustre_mainline: SUCCESS (return code = 0, log: /tmp/ktest-results/lustre_mainline.log)
  lustre_mainline_native: SUCCESS (return code = 0, log: /tmp/ktest-results/lustre_mainline_native.log)
  clang-tidy: SUCCESS (return code = 0, log: /tmp/ktest-results/clang-tidy.log)
  cc-plugin: FAILED (return code = 127, log: /tmp/ktest-results/cc-plugin.log)
  boot: SUCCESS (return code = 0, log: /tmp/ktest-results/boot.log)
  llmount: SUCCESS (return code = 0, log: /tmp/ktest-results/llmount.log)
  llog-unit: SUCCESS (return code = 0, log: /tmp/ktest-results/llog-unit.log)
  mgs-setup: SUCCESS (return code = 0, log: /tmp/ktest-results/mgs-setup.log)
  sanity-1: SUCCESS (return code = 0, log: /tmp/ktest-results/sanity-1.log)
  sanity-2: SUCCESS (return code = 0, log: /tmp/ktest-results/sanity-2.log)
  sanity-3: SUCCESS (return code = 0, log: /tmp/ktest-results/sanity-3.log)
  sanity-4: SUCCESS (return code = 0, log: /tmp/ktest-results/sanity-4.log)