Creating kernel tarball at /tmp/ktest-kernel.tar.gz...
Creating lustre tarball at /tmp/ktest-lustre.tar.gz...
Executing 16 jobs with dependencies
Jobs will start as soon as their dependencies are satisfied

Starting job: lustre_al2023 (ktest-out: /tmp/ktest_lustre_al2023_e7utvdmz)
Starting job: checkpatch (ktest-out: /tmp/ktest_checkpatch_27wgi1a9)
Starting job: lustre_u24 (ktest-out: /tmp/ktest_lustre_u24_nzenei7e)
Starting job: lustre_mainline_native (ktest-out: /tmp/ktest_lustre_mainline_native_896cy0lr)
Starting job: lustre_mainline (ktest-out: /tmp/ktest_lustre_mainline_t1678tx5)
Starting job: lustre_mainline_strict (ktest-out: /tmp/ktest_lustre_mainline_strict_4b5ny_vv)
put_archive(/tmp/ktest-kernel.tar.gz): 7.22s
put_archive(/tmp/ktest-kernel.tar.gz): 7.76s
put_archive(/tmp/ktest-kernel.tar.gz): 9.06s
put_archive(/tmp/ktest-kernel.tar.gz): 8.25s
put_archive(/tmp/ktest-kernel.tar.gz): 8.17s
put_archive(/tmp/ktest-kernel.tar.gz): 8.14s
put_archive(/tmp/ktest-lustre.tar.gz): 6.74s
put_archive(/tmp/ktest-lustre.tar.gz): 4.95s
put_archive(/tmp/ktest-lustre.tar.gz): 5.11s
put_archive(/tmp/ktest-lustre.tar.gz): 4.83s
put_archive(/tmp/ktest-lustre.tar.gz): 4.57s
put_archive(/tmp/ktest-lustre.tar.gz): 4.72s
Job checkpatch completed: SUCCESS (return code = 0, log: /tmp/ktest-results/checkpatch.log)
Job lustre_u24 completed: SUCCESS (return code = 0, log: /tmp/ktest-results/lustre_u24.log)
Job lustre_al2023 completed: SUCCESS (return code = 0, log: /tmp/ktest-results/lustre_al2023.log)
get_archive(ktest-out): 3.41s
Job lustre_mainline_strict completed: FAILED (return code = 1, log: /tmp/ktest-results/lustre_mainline_strict.log)
get_archive(ktest-out): 3.19s
get_archive(ktest-out): 3.12s
Job lustre_mainline_native completed: SUCCESS (return code = 0, log: /tmp/ktest-results/lustre_mainline_native.log)
Starting job: clang-tidy (ktest-out: /tmp/ktest_lustre_mainline_native_896cy0lr)
Starting job: cc-plugin (ktest-out: /tmp/ktest_lustre_mainline_native_896cy0lr)
Starting job: boot (ktest-out: /tmp/ktest_lustre_mainline_native_896cy0lr)
Starting job: llmount (ktest-out: /tmp/ktest_lustre_mainline_native_896cy0lr)
Starting job: llog-unit (ktest-out: /tmp/ktest_lustre_mainline_native_896cy0lr)
Starting job: mgs-setup (ktest-out: /tmp/ktest_lustre_mainline_native_896cy0lr)
Starting job: sanity-1 (ktest-out: /tmp/ktest_lustre_mainline_native_896cy0lr)
Starting job: sanity-2 (ktest-out: /tmp/ktest_lustre_mainline_native_896cy0lr)
Starting job: sanity-3 (ktest-out: /tmp/ktest_lustre_mainline_native_896cy0lr)
Starting job: sanity-4 (ktest-out: /tmp/ktest_lustre_mainline_native_896cy0lr)
Job lustre_mainline completed: SUCCESS (return code = 0, log: /tmp/ktest-results/lustre_mainline.log)
put_archive(/tmp/ktest_lustre_mainline_native_896cy0lr.tar): 5.86s
put_archive(/tmp/ktest_lustre_mainline_native_896cy0lr.tar): 16.11s
put_archive(/tmp/ktest_lustre_mainline_native_896cy0lr.tar): 24.22s
put_archive(/tmp/ktest_lustre_mainline_native_896cy0lr.tar): 24.16s
put_archive(/tmp/ktest_lustre_mainline_native_896cy0lr.tar): 59.23s
put_archive(/tmp/ktest_lustre_mainline_native_896cy0lr.tar): 58.76s
put_archive(/tmp/ktest_lustre_mainline_native_896cy0lr.tar): 59.40s
put_archive(/tmp/ktest-kernel.tar.gz): 59.17s
put_archive(/tmp/ktest_lustre_mainline_native_896cy0lr.tar): 59.02s
put_archive(/tmp/ktest-kernel.tar.gz): 59.26s
put_archive(/tmp/ktest-lustre.tar.gz): 47.55s
put_archive(/tmp/ktest-lustre.tar.gz): 47.52s
Job boot completed: SUCCESS (return code = 0, log: /tmp/ktest-results/boot.log)
put_archive(/tmp/ktest_lustre_mainline_native_896cy0lr.tar): 17.05s
put_archive(/tmp/ktest_lustre_mainline_native_896cy0lr.tar): 17.20s
Job sanity-4 completed: SUCCESS (return code = 0, log: /tmp/ktest-results/sanity-4.log)
Job mgs-setup completed: SUCCESS (return code = 0, log: /tmp/ktest-results/mgs-setup.log)
Job cc-plugin completed: FAILED (return code = 127, log: /tmp/ktest-results/cc-plugin.log)
Job clang-tidy completed: SUCCESS (return code = 0, log: /tmp/ktest-results/clang-tidy.log)
Job sanity-2 completed: SUCCESS (return code = 0, log: /tmp/ktest-results/sanity-2.log)
Job llmount completed: SUCCESS (return code = 0, log: /tmp/ktest-results/llmount.log)
Job llog-unit completed: SUCCESS (return code = 0, log: /tmp/ktest-results/llog-unit.log)
Job sanity-3 completed: SUCCESS (return code = 0, log: /tmp/ktest-results/sanity-3.log)
Job sanity-1 completed: SUCCESS (return code = 0, log: /tmp/ktest-results/sanity-1.log)

============================================================
Final Results:
  checkpatch: SUCCESS (return code = 0, log: /tmp/ktest-results/checkpatch.log)
  lustre_u24: SUCCESS (return code = 0, log: /tmp/ktest-results/lustre_u24.log)
  lustre_al2023: SUCCESS (return code = 0, log: /tmp/ktest-results/lustre_al2023.log)
  lustre_mainline_strict: FAILED (return code = 1, log: /tmp/ktest-results/lustre_mainline_strict.log)
  lustre_mainline: SUCCESS (return code = 0, log: /tmp/ktest-results/lustre_mainline.log)
  lustre_mainline_native: SUCCESS (return code = 0, log: /tmp/ktest-results/lustre_mainline_native.log)
  clang-tidy: SUCCESS (return code = 0, log: /tmp/ktest-results/clang-tidy.log)
  cc-plugin: FAILED (return code = 127, log: /tmp/ktest-results/cc-plugin.log)
  boot: SUCCESS (return code = 0, log: /tmp/ktest-results/boot.log)
  llmount: SUCCESS (return code = 0, log: /tmp/ktest-results/llmount.log)
  llog-unit: SUCCESS (return code = 0, log: /tmp/ktest-results/llog-unit.log)
  mgs-setup: SUCCESS (return code = 0, log: /tmp/ktest-results/mgs-setup.log)
  sanity-1: SUCCESS (return code = 0, log: /tmp/ktest-results/sanity-1.log)
  sanity-2: SUCCESS (return code = 0, log: /tmp/ktest-results/sanity-2.log)
  sanity-3: SUCCESS (return code = 0, log: /tmp/ktest-results/sanity-3.log)
  sanity-4: SUCCESS (return code = 0, log: /tmp/ktest-results/sanity-4.log)