<html lang="en">
<body>
<pre>
Creating kernel tarball at /tmp/ktest-kernel.tar.gz...
Creating lustre tarball at /tmp/ktest-lustre.tar.gz...
Executing 16 jobs with dependencies
Jobs will start as soon as their dependencies are satisfied

Starting job: checkpatch (ktest-out: /tmp/ktest_checkpatch_mkwhr5vk)
Starting job: lustre_mainline_native (ktest-out: /tmp/ktest_lustre_mainline_native_utocz4e9)
Starting job: lustre_mainline (ktest-out: /tmp/ktest_lustre_mainline_eqp7o5p6)
Starting job: lustre_mainline_strict (ktest-out: /tmp/ktest_lustre_mainline_strict_vsizeat5)
Starting job: lustre_al2023 (ktest-out: /tmp/ktest_lustre_al2023_vdf3teg6)
Starting job: lustre_u24 (ktest-out: /tmp/ktest_lustre_u24_qd2m0vfh)
put_archive(/tmp/ktest-kernel.tar.gz): 7.06s
put_archive(/tmp/ktest-kernel.tar.gz): 7.09s
put_archive(/tmp/ktest-kernel.tar.gz): 6.19s
put_archive(/tmp/ktest-kernel.tar.gz): 7.39s
put_archive(/tmp/ktest-kernel.tar.gz): 6.89s
put_archive(/tmp/ktest-kernel.tar.gz): 7.00s
put_archive(/tmp/ktest-lustre.tar.gz): 2.85s
put_archive(/tmp/ktest-lustre.tar.gz): 3.00s
put_archive(/tmp/ktest-lustre.tar.gz): 2.75s
put_archive(/tmp/ktest-lustre.tar.gz): 3.16s
put_archive(/tmp/ktest-lustre.tar.gz): 3.61s
put_archive(/tmp/ktest-lustre.tar.gz): 2.65s
Job checkpatch completed: SUCCESS (return code = 0, log: /tmp/ktest-results/checkpatch.log)
Job lustre_al2023 completed: SUCCESS (return code = 0, log: /tmp/ktest-results/lustre_al2023.log)
Job lustre_u24 completed: SUCCESS (return code = 0, log: /tmp/ktest-results/lustre_u24.log)
get_archive(ktest-out): 4.51s
Job lustre_mainline_strict completed: FAILED (return code = 1, log: /tmp/ktest-results/lustre_mainline_strict.log)
get_archive(ktest-out): 3.12s
get_archive(ktest-out): 3.21s
Job lustre_mainline_native completed: SUCCESS (return code = 0, log: /tmp/ktest-results/lustre_mainline_native.log)
Starting job: clang-tidy (ktest-out: /tmp/ktest_lustre_mainline_native_utocz4e9)
Starting job: cc-plugin (ktest-out: /tmp/ktest_lustre_mainline_native_utocz4e9)
Starting job: boot (ktest-out: /tmp/ktest_lustre_mainline_native_utocz4e9)
Starting job: llmount (ktest-out: /tmp/ktest_lustre_mainline_native_utocz4e9)
Starting job: llog-unit (ktest-out: /tmp/ktest_lustre_mainline_native_utocz4e9)
Starting job: mgs-setup (ktest-out: /tmp/ktest_lustre_mainline_native_utocz4e9)
Starting job: sanity-1 (ktest-out: /tmp/ktest_lustre_mainline_native_utocz4e9)
Starting job: sanity-2 (ktest-out: /tmp/ktest_lustre_mainline_native_utocz4e9)
Starting job: sanity-3 (ktest-out: /tmp/ktest_lustre_mainline_native_utocz4e9)
Starting job: sanity-4 (ktest-out: /tmp/ktest_lustre_mainline_native_utocz4e9)
Job lustre_mainline completed: SUCCESS (return code = 0, log: /tmp/ktest-results/lustre_mainline.log)
put_archive(/tmp/ktest_lustre_mainline_native_utocz4e9.tar): 10.67s
put_archive(/tmp/ktest_lustre_mainline_native_utocz4e9.tar): 13.43s
put_archive(/tmp/ktest_lustre_mainline_native_utocz4e9.tar): 13.50s
put_archive(/tmp/ktest_lustre_mainline_native_utocz4e9.tar): 12.98s
put_archive(/tmp/ktest_lustre_mainline_native_utocz4e9.tar): 13.06s
put_archive(/tmp/ktest_lustre_mainline_native_utocz4e9.tar): 12.18s
put_archive(/tmp/ktest-kernel.tar.gz): 13.16s
put_archive(/tmp/ktest-lustre.tar.gz): 55.74s
put_archive(/tmp/ktest_lustre_mainline_native_utocz4e9.tar): 55.09s
put_archive(/tmp/ktest_lustre_mainline_native_utocz4e9.tar): 55.37s
put_archive(/tmp/ktest-kernel.tar.gz): 60.26s
put_archive(/tmp/ktest-lustre.tar.gz): 15.56s
put_archive(/tmp/ktest_lustre_mainline_native_utocz4e9.tar): 15.97s
put_archive(/tmp/ktest_lustre_mainline_native_utocz4e9.tar): 3.60s
Job boot completed: SUCCESS (return code = 0, log: /tmp/ktest-results/boot.log)
Job cc-plugin completed: FAILED (return code = 127, log: /tmp/ktest-results/cc-plugin.log)
Job mgs-setup completed: SUCCESS (return code = 0, log: /tmp/ktest-results/mgs-setup.log)
Job clang-tidy completed: SUCCESS (return code = 0, log: /tmp/ktest-results/clang-tidy.log)
Job sanity-1 completed: SUCCESS (return code = 0, log: /tmp/ktest-results/sanity-1.log)
Job llmount completed: SUCCESS (return code = 0, log: /tmp/ktest-results/llmount.log)
Job sanity-2 completed: SUCCESS (return code = 0, log: /tmp/ktest-results/sanity-2.log)
Job llog-unit completed: SUCCESS (return code = 0, log: /tmp/ktest-results/llog-unit.log)
Job sanity-4 completed: SUCCESS (return code = 0, log: /tmp/ktest-results/sanity-4.log)
Job sanity-3 completed: SUCCESS (return code = 0, log: /tmp/ktest-results/sanity-3.log)

============================================================
Final Results:
  checkpatch: SUCCESS (return code = 0, log: /tmp/ktest-results/checkpatch.log)
  lustre_u24: SUCCESS (return code = 0, log: /tmp/ktest-results/lustre_u24.log)
  lustre_al2023: SUCCESS (return code = 0, log: /tmp/ktest-results/lustre_al2023.log)
  lustre_mainline_strict: FAILED (return code = 1, log: /tmp/ktest-results/lustre_mainline_strict.log)
  lustre_mainline: SUCCESS (return code = 0, log: /tmp/ktest-results/lustre_mainline.log)
  lustre_mainline_native: SUCCESS (return code = 0, log: /tmp/ktest-results/lustre_mainline_native.log)
  clang-tidy: SUCCESS (return code = 0, log: /tmp/ktest-results/clang-tidy.log)
  cc-plugin: FAILED (return code = 127, log: /tmp/ktest-results/cc-plugin.log)
  boot: SUCCESS (return code = 0, log: /tmp/ktest-results/boot.log)
  llmount: SUCCESS (return code = 0, log: /tmp/ktest-results/llmount.log)
  llog-unit: SUCCESS (return code = 0, log: /tmp/ktest-results/llog-unit.log)
  mgs-setup: SUCCESS (return code = 0, log: /tmp/ktest-results/mgs-setup.log)
  sanity-1: SUCCESS (return code = 0, log: /tmp/ktest-results/sanity-1.log)
  sanity-2: SUCCESS (return code = 0, log: /tmp/ktest-results/sanity-2.log)
  sanity-3: SUCCESS (return code = 0, log: /tmp/ktest-results/sanity-3.log)
  sanity-4: SUCCESS (return code = 0, log: /tmp/ktest-results/sanity-4.log)
</pre>
</body>
</html>
