Creating kernel tarball at /tmp/ktest-kernel.tar.gz...
Creating lustre tarball at /tmp/ktest-lustre.tar.gz...
Executing 16 jobs with dependencies
Jobs will start as soon as their dependencies are satisfied

Starting job: checkpatch (ktest-out: /tmp/ktest_checkpatch_rpotd6a4)
Starting job: lustre_u24 (ktest-out: /tmp/ktest_lustre_u24_p9zirnmu)
Starting job: lustre_al2023 (ktest-out: /tmp/ktest_lustre_al2023_snnl4fkm)
Starting job: lustre_mainline_strict (ktest-out: /tmp/ktest_lustre_mainline_strict_w_pw5fdn)
Starting job: lustre_mainline (ktest-out: /tmp/ktest_lustre_mainline_ooiqvgyu)
Starting job: lustre_mainline_native (ktest-out: /tmp/ktest_lustre_mainline_native__11sxvfp)
put_archive(/tmp/ktest-kernel.tar.gz): 8.26s
put_archive(/tmp/ktest-kernel.tar.gz): 10.08s
put_archive(/tmp/ktest-kernel.tar.gz): 9.88s
put_archive(/tmp/ktest-kernel.tar.gz): 9.88s
put_archive(/tmp/ktest-kernel.tar.gz): 10.70s
put_archive(/tmp/ktest-kernel.tar.gz): 10.19s
put_archive(/tmp/ktest-lustre.tar.gz): 6.90s
put_archive(/tmp/ktest-lustre.tar.gz): 7.37s
put_archive(/tmp/ktest-lustre.tar.gz): 7.08s
put_archive(/tmp/ktest-lustre.tar.gz): 9.56s
put_archive(/tmp/ktest-lustre.tar.gz): 7.58s
put_archive(/tmp/ktest-lustre.tar.gz): 7.28s
Job checkpatch completed: FAILED (return code = 1, log: /tmp/ktest-results/checkpatch.log)
Job lustre_al2023 completed: SUCCESS (return code = 0, log: /tmp/ktest-results/lustre_al2023.log)
Job lustre_u24 completed: SUCCESS (return code = 0, log: /tmp/ktest-results/lustre_u24.log)
get_archive(ktest-out): 3.63s
Job lustre_mainline_strict completed: FAILED (return code = 1, log: /tmp/ktest-results/lustre_mainline_strict.log)
get_archive(ktest-out): 2.20s
Job lustre_mainline_native completed: SUCCESS (return code = 0, log: /tmp/ktest-results/lustre_mainline_native.log)
Starting job: clang-tidy (ktest-out: /tmp/ktest_lustre_mainline_native__11sxvfp)
Starting job: cc-plugin (ktest-out: /tmp/ktest_lustre_mainline_native__11sxvfp)
Starting job: boot (ktest-out: /tmp/ktest_lustre_mainline_native__11sxvfp)
Starting job: llmount (ktest-out: /tmp/ktest_lustre_mainline_native__11sxvfp)
Starting job: llog-unit (ktest-out: /tmp/ktest_lustre_mainline_native__11sxvfp)
Starting job: mgs-setup (ktest-out: /tmp/ktest_lustre_mainline_native__11sxvfp)
Starting job: sanity-1 (ktest-out: /tmp/ktest_lustre_mainline_native__11sxvfp)
Starting job: sanity-2 (ktest-out: /tmp/ktest_lustre_mainline_native__11sxvfp)
Starting job: sanity-3 (ktest-out: /tmp/ktest_lustre_mainline_native__11sxvfp)
Starting job: sanity-4 (ktest-out: /tmp/ktest_lustre_mainline_native__11sxvfp)
get_archive(ktest-out): 8.48s
Job lustre_mainline completed: SUCCESS (return code = 0, log: /tmp/ktest-results/lustre_mainline.log)
put_archive(/tmp/ktest_lustre_mainline_native__11sxvfp.tar): 2.41s
put_archive(/tmp/ktest_lustre_mainline_native__11sxvfp.tar): 5.74s
put_archive(/tmp/ktest_lustre_mainline_native__11sxvfp.tar): 8.18s
put_archive(/tmp/ktest-kernel.tar.gz): 10.50s
put_archive(/tmp/ktest_lustre_mainline_native__11sxvfp.tar): 36.86s
put_archive(/tmp/ktest-kernel.tar.gz): 49.31s
put_archive(/tmp/ktest-lustre.tar.gz): 39.15s
put_archive(/tmp/ktest-lustre.tar.gz): 35.38s
put_archive(/tmp/ktest_lustre_mainline_native__11sxvfp.tar): 35.02s
put_archive(/tmp/ktest_lustre_mainline_native__11sxvfp.tar): 35.09s
put_archive(/tmp/ktest_lustre_mainline_native__11sxvfp.tar): 35.18s
put_archive(/tmp/ktest_lustre_mainline_native__11sxvfp.tar): 35.13s
put_archive(/tmp/ktest_lustre_mainline_native__11sxvfp.tar): 35.51s
put_archive(/tmp/ktest_lustre_mainline_native__11sxvfp.tar): 45.13s
Job mgs-setup completed: SUCCESS (return code = 0, log: /tmp/ktest-results/mgs-setup.log)
Job clang-tidy completed: SUCCESS (return code = 0, log: /tmp/ktest-results/clang-tidy.log)
Job cc-plugin completed: FAILED (return code = 127, log: /tmp/ktest-results/cc-plugin.log)
Job boot completed: SUCCESS (return code = 0, log: /tmp/ktest-results/boot.log)
Job llmount completed: SUCCESS (return code = 0, log: /tmp/ktest-results/llmount.log)
Job sanity-1 completed: SUCCESS (return code = 0, log: /tmp/ktest-results/sanity-1.log)
Job llog-unit completed: SUCCESS (return code = 0, log: /tmp/ktest-results/llog-unit.log)
Job sanity-2 completed: SUCCESS (return code = 0, log: /tmp/ktest-results/sanity-2.log)
Job sanity-3 completed: SUCCESS (return code = 0, log: /tmp/ktest-results/sanity-3.log)
Job sanity-4 completed: SUCCESS (return code = 0, log: /tmp/ktest-results/sanity-4.log)

============================================================
Final Results:
  checkpatch: FAILED (return code = 1, log: /tmp/ktest-results/checkpatch.log)
  lustre_u24: SUCCESS (return code = 0, log: /tmp/ktest-results/lustre_u24.log)
  lustre_al2023: SUCCESS (return code = 0, log: /tmp/ktest-results/lustre_al2023.log)
  lustre_mainline_strict: FAILED (return code = 1, log: /tmp/ktest-results/lustre_mainline_strict.log)
  lustre_mainline: SUCCESS (return code = 0, log: /tmp/ktest-results/lustre_mainline.log)
  lustre_mainline_native: SUCCESS (return code = 0, log: /tmp/ktest-results/lustre_mainline_native.log)
  clang-tidy: SUCCESS (return code = 0, log: /tmp/ktest-results/clang-tidy.log)
  cc-plugin: FAILED (return code = 127, log: /tmp/ktest-results/cc-plugin.log)
  boot: SUCCESS (return code = 0, log: /tmp/ktest-results/boot.log)
  llmount: SUCCESS (return code = 0, log: /tmp/ktest-results/llmount.log)
  llog-unit: SUCCESS (return code = 0, log: /tmp/ktest-results/llog-unit.log)
  mgs-setup: SUCCESS (return code = 0, log: /tmp/ktest-results/mgs-setup.log)
  sanity-1: SUCCESS (return code = 0, log: /tmp/ktest-results/sanity-1.log)
  sanity-2: SUCCESS (return code = 0, log: /tmp/ktest-results/sanity-2.log)
  sanity-3: SUCCESS (return code = 0, log: /tmp/ktest-results/sanity-3.log)
  sanity-4: SUCCESS (return code = 0, log: /tmp/ktest-results/sanity-4.log)