Creating kernel tarball at /tmp/ktest-kernel.tar.gz...
Creating lustre tarball at /tmp/ktest-lustre.tar.gz...
Executing 16 jobs with dependencies
Jobs will start as soon as their dependencies are satisfied

Starting job: lustre_al2023 (ktest-out: /tmp/ktest_lustre_al2023_hqcxkitc)
Starting job: lustre_u24 (ktest-out: /tmp/ktest_lustre_u24_iszsvvh3)
Starting job: lustre_mainline_strict (ktest-out: /tmp/ktest_lustre_mainline_strict_hq6ae8so)
Starting job: checkpatch (ktest-out: /tmp/ktest_checkpatch_7lbpycfj)
Starting job: lustre_mainline (ktest-out: /tmp/ktest_lustre_mainline_56c57n42)
Starting job: lustre_mainline_native (ktest-out: /tmp/ktest_lustre_mainline_native_v8lykn0w)
put_archive(/tmp/ktest-kernel.tar.gz): 7.13s
put_archive(/tmp/ktest-kernel.tar.gz): 6.50s
put_archive(/tmp/ktest-kernel.tar.gz): 6.43s
put_archive(/tmp/ktest-kernel.tar.gz): 7.67s
put_archive(/tmp/ktest-kernel.tar.gz): 6.93s
put_archive(/tmp/ktest-kernel.tar.gz): 7.06s
put_archive(/tmp/ktest-lustre.tar.gz): 4.95s
put_archive(/tmp/ktest-lustre.tar.gz): 4.72s
put_archive(/tmp/ktest-lustre.tar.gz): 4.61s
put_archive(/tmp/ktest-lustre.tar.gz): 5.76s
put_archive(/tmp/ktest-lustre.tar.gz): 4.90s
put_archive(/tmp/ktest-lustre.tar.gz): 5.18s
Job checkpatch completed: FAILED (return code = 1, log: /tmp/ktest-results/checkpatch.log)
Job lustre_al2023 completed: SUCCESS (return code = 0, log: /tmp/ktest-results/lustre_al2023.log)
Job lustre_u24 completed: SUCCESS (return code = 0, log: /tmp/ktest-results/lustre_u24.log)
get_archive(ktest-out): 4.58s
Job lustre_mainline_strict completed: FAILED (return code = 1, log: /tmp/ktest-results/lustre_mainline_strict.log)
get_archive(ktest-out): 3.07s
get_archive(ktest-out): 3.15s
Job lustre_mainline completed: SUCCESS (return code = 0, log: /tmp/ktest-results/lustre_mainline.log)
Job lustre_mainline_native completed: SUCCESS (return code = 0, log: /tmp/ktest-results/lustre_mainline_native.log)
Starting job: clang-tidy (ktest-out: /tmp/ktest_lustre_mainline_native_v8lykn0w)
Starting job: cc-plugin (ktest-out: /tmp/ktest_lustre_mainline_native_v8lykn0w)
Starting job: boot (ktest-out: /tmp/ktest_lustre_mainline_native_v8lykn0w)
Starting job: llmount (ktest-out: /tmp/ktest_lustre_mainline_native_v8lykn0w)
Starting job: llog-unit (ktest-out: /tmp/ktest_lustre_mainline_native_v8lykn0w)
Starting job: mgs-setup (ktest-out: /tmp/ktest_lustre_mainline_native_v8lykn0w)
Starting job: sanity-1 (ktest-out: /tmp/ktest_lustre_mainline_native_v8lykn0w)
Starting job: sanity-2 (ktest-out: /tmp/ktest_lustre_mainline_native_v8lykn0w)
Starting job: sanity-3 (ktest-out: /tmp/ktest_lustre_mainline_native_v8lykn0w)
Starting job: sanity-4 (ktest-out: /tmp/ktest_lustre_mainline_native_v8lykn0w)
put_archive(/tmp/ktest_lustre_mainline_native_v8lykn0w.tar): 14.36s
put_archive(/tmp/ktest_lustre_mainline_native_v8lykn0w.tar): 13.79s
put_archive(/tmp/ktest_lustre_mainline_native_v8lykn0w.tar): 14.57s
put_archive(/tmp/ktest-kernel.tar.gz): 28.28s
put_archive(/tmp/ktest_lustre_mainline_native_v8lykn0w.tar): 16.59s
put_archive(/tmp/ktest-lustre.tar.gz): 67.68s
put_archive(/tmp/ktest_lustre_mainline_native_v8lykn0w.tar): 64.64s
put_archive(/tmp/ktest-kernel.tar.gz): 64.95s
put_archive(/tmp/ktest_lustre_mainline_native_v8lykn0w.tar): 64.89s
put_archive(/tmp/ktest_lustre_mainline_native_v8lykn0w.tar): 67.95s
put_archive(/tmp/ktest_lustre_mainline_native_v8lykn0w.tar): 64.94s
put_archive(/tmp/ktest-lustre.tar.gz): 47.99s
put_archive(/tmp/ktest_lustre_mainline_native_v8lykn0w.tar): 48.25s
Job boot completed: SUCCESS (return code = 0, log: /tmp/ktest-results/boot.log)
put_archive(/tmp/ktest_lustre_mainline_native_v8lykn0w.tar): 17.09s
Job clang-tidy completed: SUCCESS (return code = 0, log: /tmp/ktest-results/clang-tidy.log)
Job cc-plugin completed: FAILED (return code = 127, log: /tmp/ktest-results/cc-plugin.log)
Job sanity-1 completed: SUCCESS (return code = 0, log: /tmp/ktest-results/sanity-1.log)
Job sanity-2 completed: SUCCESS (return code = 0, log: /tmp/ktest-results/sanity-2.log)
Job mgs-setup completed: SUCCESS (return code = 0, log: /tmp/ktest-results/mgs-setup.log)
Job llmount completed: SUCCESS (return code = 0, log: /tmp/ktest-results/llmount.log)
Job sanity-4 completed: SUCCESS (return code = 0, log: /tmp/ktest-results/sanity-4.log)
Job sanity-3 completed: SUCCESS (return code = 0, log: /tmp/ktest-results/sanity-3.log)
Job llog-unit completed: SUCCESS (return code = 0, log: /tmp/ktest-results/llog-unit.log)

============================================================
Final Results:
  checkpatch: FAILED (return code = 1, log: /tmp/ktest-results/checkpatch.log)
  lustre_u24: SUCCESS (return code = 0, log: /tmp/ktest-results/lustre_u24.log)
  lustre_al2023: SUCCESS (return code = 0, log: /tmp/ktest-results/lustre_al2023.log)
  lustre_mainline_strict: FAILED (return code = 1, log: /tmp/ktest-results/lustre_mainline_strict.log)
  lustre_mainline: SUCCESS (return code = 0, log: /tmp/ktest-results/lustre_mainline.log)
  lustre_mainline_native: SUCCESS (return code = 0, log: /tmp/ktest-results/lustre_mainline_native.log)
  clang-tidy: SUCCESS (return code = 0, log: /tmp/ktest-results/clang-tidy.log)
  cc-plugin: FAILED (return code = 127, log: /tmp/ktest-results/cc-plugin.log)
  boot: SUCCESS (return code = 0, log: /tmp/ktest-results/boot.log)
  llmount: SUCCESS (return code = 0, log: /tmp/ktest-results/llmount.log)
  llog-unit: SUCCESS (return code = 0, log: /tmp/ktest-results/llog-unit.log)
  mgs-setup: SUCCESS (return code = 0, log: /tmp/ktest-results/mgs-setup.log)
  sanity-1: SUCCESS (return code = 0, log: /tmp/ktest-results/sanity-1.log)
  sanity-2: SUCCESS (return code = 0, log: /tmp/ktest-results/sanity-2.log)
  sanity-3: SUCCESS (return code = 0, log: /tmp/ktest-results/sanity-3.log)
  sanity-4: SUCCESS (return code = 0, log: /tmp/ktest-results/sanity-4.log)