<html lang="en">
<body>
<pre>
Creating kernel tarball at /tmp/ktest-kernel.tar.gz...
Creating lustre tarball at /tmp/ktest-lustre.tar.gz...
Executing 16 jobs with dependencies
Jobs will start as soon as their dependencies are satisfied

Starting job: lustre_mainline_strict (ktest-out: /tmp/ktest_lustre_mainline_strict_k48l2s5e)
Starting job: lustre_u24 (ktest-out: /tmp/ktest_lustre_u24_2vtglz1d)
Starting job: lustre_mainline_native (ktest-out: /tmp/ktest_lustre_mainline_native_h7ofx91a)
Starting job: checkpatch (ktest-out: /tmp/ktest_checkpatch_5odx1gun)
Starting job: lustre_al2023 (ktest-out: /tmp/ktest_lustre_al2023__2vg7bpe)
Starting job: lustre_mainline (ktest-out: /tmp/ktest_lustre_mainline_18duus65)
put_archive(/tmp/ktest-kernel.tar.gz): 7.82s
put_archive(/tmp/ktest-kernel.tar.gz): 7.95s
put_archive(/tmp/ktest-kernel.tar.gz): 8.10s
put_archive(/tmp/ktest-kernel.tar.gz): 8.11s
put_archive(/tmp/ktest-kernel.tar.gz): 7.83s
put_archive(/tmp/ktest-kernel.tar.gz): 7.98s
put_archive(/tmp/ktest-lustre.tar.gz): 2.62s
put_archive(/tmp/ktest-lustre.tar.gz): 2.91s
put_archive(/tmp/ktest-lustre.tar.gz): 3.06s
put_archive(/tmp/ktest-lustre.tar.gz): 2.53s
put_archive(/tmp/ktest-lustre.tar.gz): 3.23s
put_archive(/tmp/ktest-lustre.tar.gz): 2.83s
Job checkpatch completed: FAILED (return code = 1, log: /tmp/ktest-results/checkpatch.log)
Job lustre_al2023 completed: SUCCESS (return code = 0, log: /tmp/ktest-results/lustre_al2023.log)
Job lustre_u24 completed: SUCCESS (return code = 0, log: /tmp/ktest-results/lustre_u24.log)
get_archive(ktest-out): 4.48s
Job lustre_mainline_strict completed: FAILED (return code = 1, log: /tmp/ktest-results/lustre_mainline_strict.log)
get_archive(ktest-out): 2.81s
get_archive(ktest-out): 2.83s
Job lustre_mainline_native completed: SUCCESS (return code = 0, log: /tmp/ktest-results/lustre_mainline_native.log)
Starting job: clang-tidy (ktest-out: /tmp/ktest_lustre_mainline_native_h7ofx91a)
Starting job: cc-plugin (ktest-out: /tmp/ktest_lustre_mainline_native_h7ofx91a)
Starting job: boot (ktest-out: /tmp/ktest_lustre_mainline_native_h7ofx91a)
Starting job: llmount (ktest-out: /tmp/ktest_lustre_mainline_native_h7ofx91a)
Starting job: llog-unit (ktest-out: /tmp/ktest_lustre_mainline_native_h7ofx91a)
Starting job: mgs-setup (ktest-out: /tmp/ktest_lustre_mainline_native_h7ofx91a)
Starting job: sanity-1 (ktest-out: /tmp/ktest_lustre_mainline_native_h7ofx91a)
Starting job: sanity-2 (ktest-out: /tmp/ktest_lustre_mainline_native_h7ofx91a)
Starting job: sanity-3 (ktest-out: /tmp/ktest_lustre_mainline_native_h7ofx91a)
Starting job: sanity-4 (ktest-out: /tmp/ktest_lustre_mainline_native_h7ofx91a)
Job lustre_mainline completed: SUCCESS (return code = 0, log: /tmp/ktest-results/lustre_mainline.log)
put_archive(/tmp/ktest_lustre_mainline_native_h7ofx91a.tar): 1.85s
put_archive(/tmp/ktest_lustre_mainline_native_h7ofx91a.tar): 1.74s
put_archive(/tmp/ktest_lustre_mainline_native_h7ofx91a.tar): 19.72s
put_archive(/tmp/ktest_lustre_mainline_native_h7ofx91a.tar): 19.73s
put_archive(/tmp/ktest_lustre_mainline_native_h7ofx91a.tar): 19.89s
put_archive(/tmp/ktest_lustre_mainline_native_h7ofx91a.tar): 19.83s
put_archive(/tmp/ktest_lustre_mainline_native_h7ofx91a.tar): 45.06s
put_archive(/tmp/ktest_lustre_mainline_native_h7ofx91a.tar): 45.20s
put_archive(/tmp/ktest-kernel.tar.gz): 55.81s
put_archive(/tmp/ktest-kernel.tar.gz): 45.59s
put_archive(/tmp/ktest-lustre.tar.gz): 15.12s
put_archive(/tmp/ktest-lustre.tar.gz): 14.97s
Job mgs-setup completed: SUCCESS (return code = 0, log: /tmp/ktest-results/mgs-setup.log)
put_archive(/tmp/ktest_lustre_mainline_native_h7ofx91a.tar): 7.72s
put_archive(/tmp/ktest_lustre_mainline_native_h7ofx91a.tar): 7.73s
Job boot completed: SUCCESS (return code = 0, log: /tmp/ktest-results/boot.log)
Job cc-plugin completed: FAILED (return code = 127, log: /tmp/ktest-results/cc-plugin.log)
Job clang-tidy completed: SUCCESS (return code = 0, log: /tmp/ktest-results/clang-tidy.log)
Job llog-unit completed: SUCCESS (return code = 0, log: /tmp/ktest-results/llog-unit.log)
Job sanity-4 completed: SUCCESS (return code = 0, log: /tmp/ktest-results/sanity-4.log)
Job sanity-3 completed: SUCCESS (return code = 0, log: /tmp/ktest-results/sanity-3.log)
Job llmount completed: SUCCESS (return code = 0, log: /tmp/ktest-results/llmount.log)
Job sanity-1 completed: SUCCESS (return code = 0, log: /tmp/ktest-results/sanity-1.log)
Job sanity-2 completed: SUCCESS (return code = 0, log: /tmp/ktest-results/sanity-2.log)

============================================================
Final Results:
  checkpatch: FAILED (return code = 1, log: /tmp/ktest-results/checkpatch.log)
  lustre_u24: SUCCESS (return code = 0, log: /tmp/ktest-results/lustre_u24.log)
  lustre_al2023: SUCCESS (return code = 0, log: /tmp/ktest-results/lustre_al2023.log)
  lustre_mainline_strict: FAILED (return code = 1, log: /tmp/ktest-results/lustre_mainline_strict.log)
  lustre_mainline: SUCCESS (return code = 0, log: /tmp/ktest-results/lustre_mainline.log)
  lustre_mainline_native: SUCCESS (return code = 0, log: /tmp/ktest-results/lustre_mainline_native.log)
  clang-tidy: SUCCESS (return code = 0, log: /tmp/ktest-results/clang-tidy.log)
  cc-plugin: FAILED (return code = 127, log: /tmp/ktest-results/cc-plugin.log)
  boot: SUCCESS (return code = 0, log: /tmp/ktest-results/boot.log)
  llmount: SUCCESS (return code = 0, log: /tmp/ktest-results/llmount.log)
  llog-unit: SUCCESS (return code = 0, log: /tmp/ktest-results/llog-unit.log)
  mgs-setup: SUCCESS (return code = 0, log: /tmp/ktest-results/mgs-setup.log)
  sanity-1: SUCCESS (return code = 0, log: /tmp/ktest-results/sanity-1.log)
  sanity-2: SUCCESS (return code = 0, log: /tmp/ktest-results/sanity-2.log)
  sanity-3: SUCCESS (return code = 0, log: /tmp/ktest-results/sanity-3.log)
  sanity-4: SUCCESS (return code = 0, log: /tmp/ktest-results/sanity-4.log)
</pre>
</body>
</html>
