<html lang="en">
<body>
<pre>
Creating kernel tarball at /tmp/ktest-kernel.tar.gz...
Creating lustre tarball at /tmp/ktest-lustre.tar.gz...
Executing 16 jobs with dependencies
Jobs will start as soon as their dependencies are satisfied

Starting job: lustre_al2023 (ktest-out: /tmp/ktest_lustre_al2023_m5lj7xe3)
Starting job: checkpatch (ktest-out: /tmp/ktest_checkpatch_od8_012i)
Starting job: lustre_mainline (ktest-out: /tmp/ktest_lustre_mainline_ryl4pv65)
Starting job: lustre_mainline_native (ktest-out: /tmp/ktest_lustre_mainline_native_okp7_gxt)
Starting job: lustre_u24 (ktest-out: /tmp/ktest_lustre_u24_0qshr495)
Starting job: lustre_mainline_strict (ktest-out: /tmp/ktest_lustre_mainline_strict_vfj394tx)
put_archive(/tmp/ktest-kernel.tar.gz): 6.94s
put_archive(/tmp/ktest-kernel.tar.gz): 6.96s
put_archive(/tmp/ktest-kernel.tar.gz): 6.66s
put_archive(/tmp/ktest-kernel.tar.gz): 7.83s
put_archive(/tmp/ktest-kernel.tar.gz): 7.30s
put_archive(/tmp/ktest-kernel.tar.gz): 6.87s
put_archive(/tmp/ktest-lustre.tar.gz): 0.93s
put_archive(/tmp/ktest-lustre.tar.gz): 0.53s
put_archive(/tmp/ktest-lustre.tar.gz): 0.80s
put_archive(/tmp/ktest-lustre.tar.gz): 0.67s
put_archive(/tmp/ktest-lustre.tar.gz): 1.59s
put_archive(/tmp/ktest-lustre.tar.gz): 0.42s
Job checkpatch completed: SUCCESS (return code = 0, log: /tmp/ktest-results/checkpatch.log)
Job lustre_al2023 completed: SUCCESS (return code = 0, log: /tmp/ktest-results/lustre_al2023.log)
Job lustre_u24 completed: SUCCESS (return code = 0, log: /tmp/ktest-results/lustre_u24.log)
get_archive(ktest-out): 4.19s
Job lustre_mainline_strict completed: FAILED (return code = 1, log: /tmp/ktest-results/lustre_mainline_strict.log)
get_archive(ktest-out): 2.52s
get_archive(ktest-out): 2.58s
Job lustre_mainline completed: SUCCESS (return code = 0, log: /tmp/ktest-results/lustre_mainline.log)
Job lustre_mainline_native completed: SUCCESS (return code = 0, log: /tmp/ktest-results/lustre_mainline_native.log)
Starting job: clang-tidy (ktest-out: /tmp/ktest_lustre_mainline_native_okp7_gxt)
Starting job: cc-plugin (ktest-out: /tmp/ktest_lustre_mainline_native_okp7_gxt)
Starting job: boot (ktest-out: /tmp/ktest_lustre_mainline_native_okp7_gxt)
Starting job: llmount (ktest-out: /tmp/ktest_lustre_mainline_native_okp7_gxt)
Starting job: llog-unit (ktest-out: /tmp/ktest_lustre_mainline_native_okp7_gxt)
Starting job: mgs-setup (ktest-out: /tmp/ktest_lustre_mainline_native_okp7_gxt)
Starting job: sanity-1 (ktest-out: /tmp/ktest_lustre_mainline_native_okp7_gxt)
Starting job: sanity-2 (ktest-out: /tmp/ktest_lustre_mainline_native_okp7_gxt)
Starting job: sanity-3 (ktest-out: /tmp/ktest_lustre_mainline_native_okp7_gxt)
Starting job: sanity-4 (ktest-out: /tmp/ktest_lustre_mainline_native_okp7_gxt)
put_archive(/tmp/ktest_lustre_mainline_native_okp7_gxt.tar): 3.22s
put_archive(/tmp/ktest_lustre_mainline_native_okp7_gxt.tar): 3.48s
put_archive(/tmp/ktest-kernel.tar.gz): 4.42s
put_archive(/tmp/ktest-lustre.tar.gz): 0.45s
put_archive(/tmp/ktest_lustre_mainline_native_okp7_gxt.tar): 3.93s
put_archive(/tmp/ktest_lustre_mainline_native_okp7_gxt.tar): 50.84s
put_archive(/tmp/ktest_lustre_mainline_native_okp7_gxt.tar): 35.98s
put_archive(/tmp/ktest_lustre_mainline_native_okp7_gxt.tar): 36.20s
put_archive(/tmp/ktest-kernel.tar.gz): 36.69s
put_archive(/tmp/ktest_lustre_mainline_native_okp7_gxt.tar): 36.34s
put_archive(/tmp/ktest_lustre_mainline_native_okp7_gxt.tar): 36.29s
put_archive(/tmp/ktest_lustre_mainline_native_okp7_gxt.tar): 54.83s
put_archive(/tmp/ktest-lustre.tar.gz): 1.33s
put_archive(/tmp/ktest_lustre_mainline_native_okp7_gxt.tar): 34.83s
Job cc-plugin completed: FAILED (return code = 127, log: /tmp/ktest-results/cc-plugin.log)
Job clang-tidy completed: SUCCESS (return code = 0, log: /tmp/ktest-results/clang-tidy.log)
Job boot completed: SUCCESS (return code = 0, log: /tmp/ktest-results/boot.log)
Job sanity-3 completed: SUCCESS (return code = 0, log: /tmp/ktest-results/sanity-3.log)
Job mgs-setup completed: SUCCESS (return code = 0, log: /tmp/ktest-results/mgs-setup.log)
Job llog-unit completed: SUCCESS (return code = 0, log: /tmp/ktest-results/llog-unit.log)
Job llmount completed: SUCCESS (return code = 0, log: /tmp/ktest-results/llmount.log)
Job sanity-4 completed: SUCCESS (return code = 0, log: /tmp/ktest-results/sanity-4.log)
Job sanity-1 completed: SUCCESS (return code = 0, log: /tmp/ktest-results/sanity-1.log)
Job sanity-2 completed: SUCCESS (return code = 0, log: /tmp/ktest-results/sanity-2.log)

============================================================
Final Results:
  checkpatch: SUCCESS (return code = 0, log: /tmp/ktest-results/checkpatch.log)
  lustre_u24: SUCCESS (return code = 0, log: /tmp/ktest-results/lustre_u24.log)
  lustre_al2023: SUCCESS (return code = 0, log: /tmp/ktest-results/lustre_al2023.log)
  lustre_mainline_strict: FAILED (return code = 1, log: /tmp/ktest-results/lustre_mainline_strict.log)
  lustre_mainline: SUCCESS (return code = 0, log: /tmp/ktest-results/lustre_mainline.log)
  lustre_mainline_native: SUCCESS (return code = 0, log: /tmp/ktest-results/lustre_mainline_native.log)
  clang-tidy: SUCCESS (return code = 0, log: /tmp/ktest-results/clang-tidy.log)
  cc-plugin: FAILED (return code = 127, log: /tmp/ktest-results/cc-plugin.log)
  boot: SUCCESS (return code = 0, log: /tmp/ktest-results/boot.log)
  llmount: SUCCESS (return code = 0, log: /tmp/ktest-results/llmount.log)
  llog-unit: SUCCESS (return code = 0, log: /tmp/ktest-results/llog-unit.log)
  mgs-setup: SUCCESS (return code = 0, log: /tmp/ktest-results/mgs-setup.log)
  sanity-1: SUCCESS (return code = 0, log: /tmp/ktest-results/sanity-1.log)
  sanity-2: SUCCESS (return code = 0, log: /tmp/ktest-results/sanity-2.log)
  sanity-3: SUCCESS (return code = 0, log: /tmp/ktest-results/sanity-3.log)
  sanity-4: SUCCESS (return code = 0, log: /tmp/ktest-results/sanity-4.log)
</pre>
</body>
</html>
