<html lang="en">
<body>
<pre>
Creating kernel tarball at /tmp/ktest-kernel.tar.gz...
Creating lustre tarball at /tmp/ktest-lustre.tar.gz...
Executing 16 jobs with dependencies
Jobs will start as soon as their dependencies are satisfied

Starting job: lustre_mainline_strict (ktest-out: /tmp/ktest_lustre_mainline_strict_qd4x5_2m)
Starting job: lustre_al2023 (ktest-out: /tmp/ktest_lustre_al2023_rzvyor6q)
Starting job: checkpatch (ktest-out: /tmp/ktest_checkpatch_sxu7lrz1)
Starting job: lustre_mainline (ktest-out: /tmp/ktest_lustre_mainline_x0__7tbp)
Starting job: lustre_mainline_native (ktest-out: /tmp/ktest_lustre_mainline_native_54eutloz)
Starting job: lustre_u24 (ktest-out: /tmp/ktest_lustre_u24_v06ie4u5)
put_archive(/tmp/ktest-kernel.tar.gz): 5.91s
put_archive(/tmp/ktest-kernel.tar.gz): 6.17s
put_archive(/tmp/ktest-kernel.tar.gz): 6.49s
put_archive(/tmp/ktest-kernel.tar.gz): 5.53s
put_archive(/tmp/ktest-kernel.tar.gz): 5.66s
put_archive(/tmp/ktest-kernel.tar.gz): 5.82s
put_archive(/tmp/ktest-lustre.tar.gz): 2.18s
put_archive(/tmp/ktest-lustre.tar.gz): 2.48s
put_archive(/tmp/ktest-lustre.tar.gz): 1.84s
put_archive(/tmp/ktest-lustre.tar.gz): 2.18s
put_archive(/tmp/ktest-lustre.tar.gz): 2.03s
put_archive(/tmp/ktest-lustre.tar.gz): 1.65s
Job checkpatch completed: FAILED (return code = 1, log: /tmp/ktest-results/checkpatch.log)
Job lustre_al2023 completed: SUCCESS (return code = 0, log: /tmp/ktest-results/lustre_al2023.log)
Job lustre_u24 completed: SUCCESS (return code = 0, log: /tmp/ktest-results/lustre_u24.log)
get_archive(ktest-out): 4.53s
Job lustre_mainline_strict completed: FAILED (return code = 1, log: /tmp/ktest-results/lustre_mainline_strict.log)
get_archive(ktest-out): 3.16s
get_archive(ktest-out): 3.24s
Job lustre_mainline_native completed: SUCCESS (return code = 0, log: /tmp/ktest-results/lustre_mainline_native.log)
Starting job: clang-tidy (ktest-out: /tmp/ktest_lustre_mainline_native_54eutloz)
Starting job: cc-plugin (ktest-out: /tmp/ktest_lustre_mainline_native_54eutloz)
Starting job: boot (ktest-out: /tmp/ktest_lustre_mainline_native_54eutloz)
Starting job: llmount (ktest-out: /tmp/ktest_lustre_mainline_native_54eutloz)
Starting job: llog-unit (ktest-out: /tmp/ktest_lustre_mainline_native_54eutloz)
Starting job: mgs-setup (ktest-out: /tmp/ktest_lustre_mainline_native_54eutloz)
Starting job: sanity-1 (ktest-out: /tmp/ktest_lustre_mainline_native_54eutloz)
Starting job: sanity-2 (ktest-out: /tmp/ktest_lustre_mainline_native_54eutloz)
Starting job: sanity-3 (ktest-out: /tmp/ktest_lustre_mainline_native_54eutloz)
Starting job: sanity-4 (ktest-out: /tmp/ktest_lustre_mainline_native_54eutloz)
Job lustre_mainline completed: SUCCESS (return code = 0, log: /tmp/ktest-results/lustre_mainline.log)
put_archive(/tmp/ktest_lustre_mainline_native_54eutloz.tar): 10.60s
put_archive(/tmp/ktest_lustre_mainline_native_54eutloz.tar): 10.18s
put_archive(/tmp/ktest_lustre_mainline_native_54eutloz.tar): 10.24s
put_archive(/tmp/ktest_lustre_mainline_native_54eutloz.tar): 10.19s
put_archive(/tmp/ktest_lustre_mainline_native_54eutloz.tar): 10.24s
put_archive(/tmp/ktest_lustre_mainline_native_54eutloz.tar): 11.07s
put_archive(/tmp/ktest_lustre_mainline_native_54eutloz.tar): 57.01s
put_archive(/tmp/ktest_lustre_mainline_native_54eutloz.tar): 57.01s
put_archive(/tmp/ktest-kernel.tar.gz): 57.10s
put_archive(/tmp/ktest-kernel.tar.gz): 57.30s
put_archive(/tmp/ktest-lustre.tar.gz): 13.62s
put_archive(/tmp/ktest-lustre.tar.gz): 13.53s
put_archive(/tmp/ktest_lustre_mainline_native_54eutloz.tar): 9.57s
put_archive(/tmp/ktest_lustre_mainline_native_54eutloz.tar): 9.54s
Job boot completed: SUCCESS (return code = 0, log: /tmp/ktest-results/boot.log)
Job mgs-setup completed: SUCCESS (return code = 0, log: /tmp/ktest-results/mgs-setup.log)
Job cc-plugin completed: FAILED (return code = 127, log: /tmp/ktest-results/cc-plugin.log)
Job clang-tidy completed: SUCCESS (return code = 0, log: /tmp/ktest-results/clang-tidy.log)
Job sanity-2 completed: SUCCESS (return code = 0, log: /tmp/ktest-results/sanity-2.log)
Job sanity-1 completed: SUCCESS (return code = 0, log: /tmp/ktest-results/sanity-1.log)
Job llog-unit completed: SUCCESS (return code = 0, log: /tmp/ktest-results/llog-unit.log)
Job llmount completed: SUCCESS (return code = 0, log: /tmp/ktest-results/llmount.log)
Job sanity-4 completed: SUCCESS (return code = 0, log: /tmp/ktest-results/sanity-4.log)
Job sanity-3 completed: SUCCESS (return code = 0, log: /tmp/ktest-results/sanity-3.log)

============================================================
Final Results:
  checkpatch: FAILED (return code = 1, log: /tmp/ktest-results/checkpatch.log)
  lustre_u24: SUCCESS (return code = 0, log: /tmp/ktest-results/lustre_u24.log)
  lustre_al2023: SUCCESS (return code = 0, log: /tmp/ktest-results/lustre_al2023.log)
  lustre_mainline_strict: FAILED (return code = 1, log: /tmp/ktest-results/lustre_mainline_strict.log)
  lustre_mainline: SUCCESS (return code = 0, log: /tmp/ktest-results/lustre_mainline.log)
  lustre_mainline_native: SUCCESS (return code = 0, log: /tmp/ktest-results/lustre_mainline_native.log)
  clang-tidy: SUCCESS (return code = 0, log: /tmp/ktest-results/clang-tidy.log)
  cc-plugin: FAILED (return code = 127, log: /tmp/ktest-results/cc-plugin.log)
  boot: SUCCESS (return code = 0, log: /tmp/ktest-results/boot.log)
  llmount: SUCCESS (return code = 0, log: /tmp/ktest-results/llmount.log)
  llog-unit: SUCCESS (return code = 0, log: /tmp/ktest-results/llog-unit.log)
  mgs-setup: SUCCESS (return code = 0, log: /tmp/ktest-results/mgs-setup.log)
  sanity-1: SUCCESS (return code = 0, log: /tmp/ktest-results/sanity-1.log)
  sanity-2: SUCCESS (return code = 0, log: /tmp/ktest-results/sanity-2.log)
  sanity-3: SUCCESS (return code = 0, log: /tmp/ktest-results/sanity-3.log)
  sanity-4: SUCCESS (return code = 0, log: /tmp/ktest-results/sanity-4.log)
</pre>
</body>
</html>
