Creating kernel tarball at /tmp/ktest-kernel.tar.gz...
Creating lustre tarball at /tmp/ktest-lustre.tar.gz...
Executing 16 jobs with dependencies
Jobs will start as soon as their dependencies are satisfied

Starting job: lustre_mainline (ktest-out: /tmp/ktest_lustre_mainline_jqz3tpup)
Starting job: checkpatch (ktest-out: /tmp/ktest_checkpatch_gf1pgufm)
Starting job: lustre_mainline_strict (ktest-out: /tmp/ktest_lustre_mainline_strict_1dvukdsa)
Starting job: lustre_u24 (ktest-out: /tmp/ktest_lustre_u24_24euhi7x)
Starting job: lustre_mainline_native (ktest-out: /tmp/ktest_lustre_mainline_native_usp626o4)
Starting job: lustre_al2023 (ktest-out: /tmp/ktest_lustre_al2023_n0m0jnrb)
put_archive(/tmp/ktest-kernel.tar.gz): 7.60s
put_archive(/tmp/ktest-kernel.tar.gz): 8.86s
put_archive(/tmp/ktest-kernel.tar.gz): 8.94s
put_archive(/tmp/ktest-kernel.tar.gz): 9.04s
put_archive(/tmp/ktest-kernel.tar.gz): 9.68s
put_archive(/tmp/ktest-kernel.tar.gz): 9.24s
put_archive(/tmp/ktest-lustre.tar.gz): 8.03s
put_archive(/tmp/ktest-lustre.tar.gz): 9.98s
put_archive(/tmp/ktest-lustre.tar.gz): 7.93s
put_archive(/tmp/ktest-lustre.tar.gz): 7.50s
put_archive(/tmp/ktest-lustre.tar.gz): 7.66s
put_archive(/tmp/ktest-lustre.tar.gz): 7.82s
Job checkpatch completed: SUCCESS (return code = 0, log: /tmp/ktest-results/checkpatch.log)
Job lustre_al2023 completed: SUCCESS (return code = 0, log: /tmp/ktest-results/lustre_al2023.log)
Job lustre_u24 completed: SUCCESS (return code = 0, log: /tmp/ktest-results/lustre_u24.log)
get_archive(ktest-out): 3.43s
Job lustre_mainline_strict completed: FAILED (return code = 1, log: /tmp/ktest-results/lustre_mainline_strict.log)
get_archive(ktest-out): 3.05s
get_archive(ktest-out): 3.17s
Job lustre_mainline_native completed: SUCCESS (return code = 0, log: /tmp/ktest-results/lustre_mainline_native.log)
Starting job: clang-tidy (ktest-out: /tmp/ktest_lustre_mainline_native_usp626o4)
Starting job: cc-plugin (ktest-out: /tmp/ktest_lustre_mainline_native_usp626o4)
Starting job: boot (ktest-out: /tmp/ktest_lustre_mainline_native_usp626o4)
Starting job: llmount (ktest-out: /tmp/ktest_lustre_mainline_native_usp626o4)
Starting job: llog-unit (ktest-out: /tmp/ktest_lustre_mainline_native_usp626o4)
Starting job: mgs-setup (ktest-out: /tmp/ktest_lustre_mainline_native_usp626o4)
Starting job: sanity-1 (ktest-out: /tmp/ktest_lustre_mainline_native_usp626o4)
Starting job: sanity-2 (ktest-out: /tmp/ktest_lustre_mainline_native_usp626o4)
Starting job: sanity-3 (ktest-out: /tmp/ktest_lustre_mainline_native_usp626o4)
Starting job: sanity-4 (ktest-out: /tmp/ktest_lustre_mainline_native_usp626o4)
Job lustre_mainline completed: SUCCESS (return code = 0, log: /tmp/ktest-results/lustre_mainline.log)
put_archive(/tmp/ktest_lustre_mainline_native_usp626o4.tar): 16.65s
put_archive(/tmp/ktest-kernel.tar.gz): 21.02s
put_archive(/tmp/ktest-kernel.tar.gz): 20.57s
put_archive(/tmp/ktest_lustre_mainline_native_usp626o4.tar): 18.82s
put_archive(/tmp/ktest_lustre_mainline_native_usp626o4.tar): 19.63s
put_archive(/tmp/ktest-lustre.tar.gz): 55.44s
put_archive(/tmp/ktest_lustre_mainline_native_usp626o4.tar): 55.13s
put_archive(/tmp/ktest-lustre.tar.gz): 55.55s
put_archive(/tmp/ktest_lustre_mainline_native_usp626o4.tar): 58.87s
put_archive(/tmp/ktest_lustre_mainline_native_usp626o4.tar): 59.66s
put_archive(/tmp/ktest_lustre_mainline_native_usp626o4.tar): 66.29s
put_archive(/tmp/ktest_lustre_mainline_native_usp626o4.tar): 46.61s
put_archive(/tmp/ktest_lustre_mainline_native_usp626o4.tar): 46.92s
put_archive(/tmp/ktest_lustre_mainline_native_usp626o4.tar): 46.88s
Job boot completed: SUCCESS (return code = 0, log: /tmp/ktest-results/boot.log)
Job cc-plugin completed: FAILED (return code = 127, log: /tmp/ktest-results/cc-plugin.log)
Job clang-tidy completed: SUCCESS (return code = 0, log: /tmp/ktest-results/clang-tidy.log)
Job mgs-setup completed: SUCCESS (return code = 0, log: /tmp/ktest-results/mgs-setup.log)
Job sanity-1 completed: SUCCESS (return code = 0, log: /tmp/ktest-results/sanity-1.log)
Job llmount completed: SUCCESS (return code = 0, log: /tmp/ktest-results/llmount.log)
Job sanity-3 completed: SUCCESS (return code = 0, log: /tmp/ktest-results/sanity-3.log)
Job llog-unit completed: SUCCESS (return code = 0, log: /tmp/ktest-results/llog-unit.log)
Job sanity-4 completed: SUCCESS (return code = 0, log: /tmp/ktest-results/sanity-4.log)
Job sanity-2 completed: SUCCESS (return code = 0, log: /tmp/ktest-results/sanity-2.log)

============================================================
Final Results:
  checkpatch: SUCCESS (return code = 0, log: /tmp/ktest-results/checkpatch.log)
  lustre_u24: SUCCESS (return code = 0, log: /tmp/ktest-results/lustre_u24.log)
  lustre_al2023: SUCCESS (return code = 0, log: /tmp/ktest-results/lustre_al2023.log)
  lustre_mainline_strict: FAILED (return code = 1, log: /tmp/ktest-results/lustre_mainline_strict.log)
  lustre_mainline: SUCCESS (return code = 0, log: /tmp/ktest-results/lustre_mainline.log)
  lustre_mainline_native: SUCCESS (return code = 0, log: /tmp/ktest-results/lustre_mainline_native.log)
  clang-tidy: SUCCESS (return code = 0, log: /tmp/ktest-results/clang-tidy.log)
  cc-plugin: FAILED (return code = 127, log: /tmp/ktest-results/cc-plugin.log)
  boot: SUCCESS (return code = 0, log: /tmp/ktest-results/boot.log)
  llmount: SUCCESS (return code = 0, log: /tmp/ktest-results/llmount.log)
  llog-unit: SUCCESS (return code = 0, log: /tmp/ktest-results/llog-unit.log)
  mgs-setup: SUCCESS (return code = 0, log: /tmp/ktest-results/mgs-setup.log)
  sanity-1: SUCCESS (return code = 0, log: /tmp/ktest-results/sanity-1.log)
  sanity-2: SUCCESS (return code = 0, log: /tmp/ktest-results/sanity-2.log)
  sanity-3: SUCCESS (return code = 0, log: /tmp/ktest-results/sanity-3.log)
  sanity-4: SUCCESS (return code = 0, log: /tmp/ktest-results/sanity-4.log)