<html lang="en">
<body>
<pre>
Creating kernel tarball at /tmp/ktest-kernel.tar.gz...
Creating lustre tarball at /tmp/ktest-lustre.tar.gz...
Executing 16 jobs with dependencies
Jobs will start as soon as their dependencies are satisfied

Starting job: lustre_u24 (ktest-out: /tmp/ktest_lustre_u24_sxzlntu0)
Starting job: lustre_mainline (ktest-out: /tmp/ktest_lustre_mainline_cx19owss)
Starting job: lustre_al2023 (ktest-out: /tmp/ktest_lustre_al2023_eg8_l4pg)
Starting job: lustre_mainline_strict (ktest-out: /tmp/ktest_lustre_mainline_strict_7rxbfixq)
Starting job: checkpatch (ktest-out: /tmp/ktest_checkpatch_ubutgouh)
Starting job: lustre_mainline_native (ktest-out: /tmp/ktest_lustre_mainline_native_5j99wkqo)
put_archive(/tmp/ktest-kernel.tar.gz): 6.70s
put_archive(/tmp/ktest-kernel.tar.gz): 6.40s
put_archive(/tmp/ktest-kernel.tar.gz): 6.62s
put_archive(/tmp/ktest-kernel.tar.gz): 6.74s
put_archive(/tmp/ktest-kernel.tar.gz): 7.23s
put_archive(/tmp/ktest-kernel.tar.gz): 6.54s
put_archive(/tmp/ktest-lustre.tar.gz): 2.88s
put_archive(/tmp/ktest-lustre.tar.gz): 3.04s
put_archive(/tmp/ktest-lustre.tar.gz): 2.65s
put_archive(/tmp/ktest-lustre.tar.gz): 2.79s
put_archive(/tmp/ktest-lustre.tar.gz): 3.22s
put_archive(/tmp/ktest-lustre.tar.gz): 4.11s
Job checkpatch completed: SUCCESS (return code = 0, log: /tmp/ktest-results/checkpatch.log)
Job lustre_al2023 completed: SUCCESS (return code = 0, log: /tmp/ktest-results/lustre_al2023.log)
Job lustre_u24 completed: SUCCESS (return code = 0, log: /tmp/ktest-results/lustre_u24.log)
get_archive(ktest-out): 4.52s
Job lustre_mainline_strict completed: FAILED (return code = 1, log: /tmp/ktest-results/lustre_mainline_strict.log)
get_archive(ktest-out): 3.12s
get_archive(ktest-out): 3.20s
Job lustre_mainline completed: SUCCESS (return code = 0, log: /tmp/ktest-results/lustre_mainline.log)
Job lustre_mainline_native completed: SUCCESS (return code = 0, log: /tmp/ktest-results/lustre_mainline_native.log)
Starting job: clang-tidy (ktest-out: /tmp/ktest_lustre_mainline_native_5j99wkqo)
Starting job: cc-plugin (ktest-out: /tmp/ktest_lustre_mainline_native_5j99wkqo)
Starting job: boot (ktest-out: /tmp/ktest_lustre_mainline_native_5j99wkqo)
Starting job: llmount (ktest-out: /tmp/ktest_lustre_mainline_native_5j99wkqo)
Starting job: llog-unit (ktest-out: /tmp/ktest_lustre_mainline_native_5j99wkqo)
Starting job: mgs-setup (ktest-out: /tmp/ktest_lustre_mainline_native_5j99wkqo)
Starting job: sanity-1 (ktest-out: /tmp/ktest_lustre_mainline_native_5j99wkqo)
Starting job: sanity-2 (ktest-out: /tmp/ktest_lustre_mainline_native_5j99wkqo)
Starting job: sanity-3 (ktest-out: /tmp/ktest_lustre_mainline_native_5j99wkqo)
Starting job: sanity-4 (ktest-out: /tmp/ktest_lustre_mainline_native_5j99wkqo)
put_archive(/tmp/ktest_lustre_mainline_native_5j99wkqo.tar): 10.61s
put_archive(/tmp/ktest_lustre_mainline_native_5j99wkqo.tar): 16.89s
put_archive(/tmp/ktest_lustre_mainline_native_5j99wkqo.tar): 16.80s
put_archive(/tmp/ktest_lustre_mainline_native_5j99wkqo.tar): 16.11s
put_archive(/tmp/ktest-kernel.tar.gz): 17.16s
put_archive(/tmp/ktest-kernel.tar.gz): 16.37s
put_archive(/tmp/ktest_lustre_mainline_native_5j99wkqo.tar): 16.30s
put_archive(/tmp/ktest_lustre_mainline_native_5j99wkqo.tar): 17.44s
put_archive(/tmp/ktest_lustre_mainline_native_5j99wkqo.tar): 15.26s
put_archive(/tmp/ktest_lustre_mainline_native_5j99wkqo.tar): 15.09s
put_archive(/tmp/ktest-lustre.tar.gz): 39.55s
put_archive(/tmp/ktest-lustre.tar.gz): 39.71s
put_archive(/tmp/ktest_lustre_mainline_native_5j99wkqo.tar): 16.57s
put_archive(/tmp/ktest_lustre_mainline_native_5j99wkqo.tar): 16.60s
Job cc-plugin completed: FAILED (return code = 127, log: /tmp/ktest-results/cc-plugin.log)
Job boot completed: SUCCESS (return code = 0, log: /tmp/ktest-results/boot.log)
Job clang-tidy completed: SUCCESS (return code = 0, log: /tmp/ktest-results/clang-tidy.log)
Job mgs-setup completed: SUCCESS (return code = 0, log: /tmp/ktest-results/mgs-setup.log)
Job sanity-2 completed: SUCCESS (return code = 0, log: /tmp/ktest-results/sanity-2.log)
Job sanity-3 completed: SUCCESS (return code = 0, log: /tmp/ktest-results/sanity-3.log)
Job sanity-4 completed: SUCCESS (return code = 0, log: /tmp/ktest-results/sanity-4.log)
Job llog-unit completed: SUCCESS (return code = 0, log: /tmp/ktest-results/llog-unit.log)
Job llmount completed: SUCCESS (return code = 0, log: /tmp/ktest-results/llmount.log)
Job sanity-1 completed: SUCCESS (return code = 0, log: /tmp/ktest-results/sanity-1.log)

============================================================
Final Results:
  checkpatch: SUCCESS (return code = 0, log: /tmp/ktest-results/checkpatch.log)
  lustre_u24: SUCCESS (return code = 0, log: /tmp/ktest-results/lustre_u24.log)
  lustre_al2023: SUCCESS (return code = 0, log: /tmp/ktest-results/lustre_al2023.log)
  lustre_mainline_strict: FAILED (return code = 1, log: /tmp/ktest-results/lustre_mainline_strict.log)
  lustre_mainline: SUCCESS (return code = 0, log: /tmp/ktest-results/lustre_mainline.log)
  lustre_mainline_native: SUCCESS (return code = 0, log: /tmp/ktest-results/lustre_mainline_native.log)
  clang-tidy: SUCCESS (return code = 0, log: /tmp/ktest-results/clang-tidy.log)
  cc-plugin: FAILED (return code = 127, log: /tmp/ktest-results/cc-plugin.log)
  boot: SUCCESS (return code = 0, log: /tmp/ktest-results/boot.log)
  llmount: SUCCESS (return code = 0, log: /tmp/ktest-results/llmount.log)
  llog-unit: SUCCESS (return code = 0, log: /tmp/ktest-results/llog-unit.log)
  mgs-setup: SUCCESS (return code = 0, log: /tmp/ktest-results/mgs-setup.log)
  sanity-1: SUCCESS (return code = 0, log: /tmp/ktest-results/sanity-1.log)
  sanity-2: SUCCESS (return code = 0, log: /tmp/ktest-results/sanity-2.log)
  sanity-3: SUCCESS (return code = 0, log: /tmp/ktest-results/sanity-3.log)
  sanity-4: SUCCESS (return code = 0, log: /tmp/ktest-results/sanity-4.log)
</pre>
</body>
</html>
