<html lang="en">
<body>
<pre>
Creating kernel tarball at /tmp/ktest-kernel.tar.gz...
Creating lustre tarball at /tmp/ktest-lustre.tar.gz...
Executing 16 jobs with dependencies
Jobs will start as soon as their dependencies are satisfied

Starting job: lustre_al2023 (ktest-out: /tmp/ktest_lustre_al2023_33tax7f7)
Starting job: lustre_mainline_strict (ktest-out: /tmp/ktest_lustre_mainline_strict_q2exg8g0)
Starting job: lustre_mainline_native (ktest-out: /tmp/ktest_lustre_mainline_native_2mc_ynup)
Starting job: lustre_mainline (ktest-out: /tmp/ktest_lustre_mainline_dra8n602)
Starting job: checkpatch (ktest-out: /tmp/ktest_checkpatch_fas63m3f)
Starting job: lustre_u24 (ktest-out: /tmp/ktest_lustre_u24_hbv111mj)
put_archive(/tmp/ktest-kernel.tar.gz): 7.22s
put_archive(/tmp/ktest-kernel.tar.gz): 7.62s
put_archive(/tmp/ktest-kernel.tar.gz): 7.07s
put_archive(/tmp/ktest-kernel.tar.gz): 7.23s
put_archive(/tmp/ktest-kernel.tar.gz): 8.14s
put_archive(/tmp/ktest-kernel.tar.gz): 8.01s
put_archive(/tmp/ktest-lustre.tar.gz): 5.92s
put_archive(/tmp/ktest-lustre.tar.gz): 5.43s
put_archive(/tmp/ktest-lustre.tar.gz): 5.58s
put_archive(/tmp/ktest-lustre.tar.gz): 5.33s
put_archive(/tmp/ktest-lustre.tar.gz): 5.74s
put_archive(/tmp/ktest-lustre.tar.gz): 5.23s
Job checkpatch completed: SUCCESS (return code = 0, log: /tmp/ktest-results/checkpatch.log)
Job lustre_al2023 completed: SUCCESS (return code = 0, log: /tmp/ktest-results/lustre_al2023.log)
Job lustre_u24 completed: SUCCESS (return code = 0, log: /tmp/ktest-results/lustre_u24.log)
get_archive(ktest-out): 4.58s
Job lustre_mainline_strict completed: FAILED (return code = 1, log: /tmp/ktest-results/lustre_mainline_strict.log)
get_archive(ktest-out): 3.07s
get_archive(ktest-out): 3.16s
Job lustre_mainline completed: SUCCESS (return code = 0, log: /tmp/ktest-results/lustre_mainline.log)
Job lustre_mainline_native completed: SUCCESS (return code = 0, log: /tmp/ktest-results/lustre_mainline_native.log)
Starting job: clang-tidy (ktest-out: /tmp/ktest_lustre_mainline_native_2mc_ynup)
Starting job: cc-plugin (ktest-out: /tmp/ktest_lustre_mainline_native_2mc_ynup)
Starting job: boot (ktest-out: /tmp/ktest_lustre_mainline_native_2mc_ynup)
Starting job: llmount (ktest-out: /tmp/ktest_lustre_mainline_native_2mc_ynup)
Starting job: llog-unit (ktest-out: /tmp/ktest_lustre_mainline_native_2mc_ynup)
Starting job: mgs-setup (ktest-out: /tmp/ktest_lustre_mainline_native_2mc_ynup)
Starting job: sanity-1 (ktest-out: /tmp/ktest_lustre_mainline_native_2mc_ynup)
Starting job: sanity-2 (ktest-out: /tmp/ktest_lustre_mainline_native_2mc_ynup)
Starting job: sanity-3 (ktest-out: /tmp/ktest_lustre_mainline_native_2mc_ynup)
Starting job: sanity-4 (ktest-out: /tmp/ktest_lustre_mainline_native_2mc_ynup)
put_archive(/tmp/ktest_lustre_mainline_native_2mc_ynup.tar): 4.56s
put_archive(/tmp/ktest_lustre_mainline_native_2mc_ynup.tar): 11.66s
put_archive(/tmp/ktest-kernel.tar.gz): 13.20s
put_archive(/tmp/ktest-kernel.tar.gz): 20.22s
put_archive(/tmp/ktest-lustre.tar.gz): 49.99s
put_archive(/tmp/ktest_lustre_mainline_native_2mc_ynup.tar): 42.27s
put_archive(/tmp/ktest-lustre.tar.gz): 42.72s
put_archive(/tmp/ktest_lustre_mainline_native_2mc_ynup.tar): 42.32s
put_archive(/tmp/ktest_lustre_mainline_native_2mc_ynup.tar): 42.31s
put_archive(/tmp/ktest_lustre_mainline_native_2mc_ynup.tar): 42.59s
put_archive(/tmp/ktest_lustre_mainline_native_2mc_ynup.tar): 42.39s
put_archive(/tmp/ktest_lustre_mainline_native_2mc_ynup.tar): 42.48s
put_archive(/tmp/ktest_lustre_mainline_native_2mc_ynup.tar): 75.93s
put_archive(/tmp/ktest_lustre_mainline_native_2mc_ynup.tar): 76.04s
Job boot completed: SUCCESS (return code = 0, log: /tmp/ktest-results/boot.log)
Job mgs-setup completed: SUCCESS (return code = 0, log: /tmp/ktest-results/mgs-setup.log)
Job cc-plugin completed: FAILED (return code = 127, log: /tmp/ktest-results/cc-plugin.log)
Job clang-tidy completed: SUCCESS (return code = 0, log: /tmp/ktest-results/clang-tidy.log)
Job sanity-3 completed: SUCCESS (return code = 0, log: /tmp/ktest-results/sanity-3.log)
Job sanity-4 completed: SUCCESS (return code = 0, log: /tmp/ktest-results/sanity-4.log)
Job sanity-2 completed: SUCCESS (return code = 0, log: /tmp/ktest-results/sanity-2.log)
Job sanity-1 completed: SUCCESS (return code = 0, log: /tmp/ktest-results/sanity-1.log)
Job llog-unit completed: SUCCESS (return code = 0, log: /tmp/ktest-results/llog-unit.log)
Job llmount completed: SUCCESS (return code = 0, log: /tmp/ktest-results/llmount.log)

============================================================
Final Results:
  checkpatch: SUCCESS (return code = 0, log: /tmp/ktest-results/checkpatch.log)
  lustre_u24: SUCCESS (return code = 0, log: /tmp/ktest-results/lustre_u24.log)
  lustre_al2023: SUCCESS (return code = 0, log: /tmp/ktest-results/lustre_al2023.log)
  lustre_mainline_strict: FAILED (return code = 1, log: /tmp/ktest-results/lustre_mainline_strict.log)
  lustre_mainline: SUCCESS (return code = 0, log: /tmp/ktest-results/lustre_mainline.log)
  lustre_mainline_native: SUCCESS (return code = 0, log: /tmp/ktest-results/lustre_mainline_native.log)
  clang-tidy: SUCCESS (return code = 0, log: /tmp/ktest-results/clang-tidy.log)
  cc-plugin: FAILED (return code = 127, log: /tmp/ktest-results/cc-plugin.log)
  boot: SUCCESS (return code = 0, log: /tmp/ktest-results/boot.log)
  llmount: SUCCESS (return code = 0, log: /tmp/ktest-results/llmount.log)
  llog-unit: SUCCESS (return code = 0, log: /tmp/ktest-results/llog-unit.log)
  mgs-setup: SUCCESS (return code = 0, log: /tmp/ktest-results/mgs-setup.log)
  sanity-1: SUCCESS (return code = 0, log: /tmp/ktest-results/sanity-1.log)
  sanity-2: SUCCESS (return code = 0, log: /tmp/ktest-results/sanity-2.log)
  sanity-3: SUCCESS (return code = 0, log: /tmp/ktest-results/sanity-3.log)
  sanity-4: SUCCESS (return code = 0, log: /tmp/ktest-results/sanity-4.log)
</pre>
</body>
</html>
