Creating kernel tarball at /tmp/ktest-kernel.tar.gz...
Creating lustre tarball at /tmp/ktest-lustre.tar.gz...
Executing 16 jobs with dependencies
Jobs will start as soon as their dependencies are satisfied

Starting job: lustre_al2023 (ktest-out: /tmp/ktest_lustre_al2023_ra9f0wbs)
Starting job: lustre_mainline_strict (ktest-out: /tmp/ktest_lustre_mainline_strict_ds618pak)
Starting job: checkpatch (ktest-out: /tmp/ktest_checkpatch_rm00cx10)
Starting job: lustre_mainline_native (ktest-out: /tmp/ktest_lustre_mainline_native_v_eqnnp8)
Starting job: lustre_mainline (ktest-out: /tmp/ktest_lustre_mainline_4lq8iydm)
Starting job: lustre_u24 (ktest-out: /tmp/ktest_lustre_u24_n2wef8r2)
put_archive(/tmp/ktest-kernel.tar.gz): 7.76s
put_archive(/tmp/ktest-kernel.tar.gz): 8.01s
put_archive(/tmp/ktest-kernel.tar.gz): 7.80s
put_archive(/tmp/ktest-kernel.tar.gz): 8.47s
put_archive(/tmp/ktest-kernel.tar.gz): 8.41s
put_archive(/tmp/ktest-kernel.tar.gz): 8.61s
put_archive(/tmp/ktest-lustre.tar.gz): 5.69s
put_archive(/tmp/ktest-lustre.tar.gz): 6.05s
put_archive(/tmp/ktest-lustre.tar.gz): 5.62s
put_archive(/tmp/ktest-lustre.tar.gz): 5.90s
put_archive(/tmp/ktest-lustre.tar.gz): 5.37s
put_archive(/tmp/ktest-lustre.tar.gz): 5.52s
Job checkpatch completed: SUCCESS (return code = 0, log: /tmp/ktest-results/checkpatch.log)
Job lustre_u24 completed: SUCCESS (return code = 0, log: /tmp/ktest-results/lustre_u24.log)
Job lustre_al2023 completed: SUCCESS (return code = 0, log: /tmp/ktest-results/lustre_al2023.log)
get_archive(ktest-out): 3.50s
Job lustre_mainline_strict completed: FAILED (return code = 1, log: /tmp/ktest-results/lustre_mainline_strict.log)
get_archive(ktest-out): 3.19s
get_archive(ktest-out): 3.28s
Job lustre_mainline_native completed: SUCCESS (return code = 0, log: /tmp/ktest-results/lustre_mainline_native.log)
Starting job: clang-tidy (ktest-out: /tmp/ktest_lustre_mainline_native_v_eqnnp8)
Starting job: cc-plugin (ktest-out: /tmp/ktest_lustre_mainline_native_v_eqnnp8)
Starting job: boot (ktest-out: /tmp/ktest_lustre_mainline_native_v_eqnnp8)
Starting job: llmount (ktest-out: /tmp/ktest_lustre_mainline_native_v_eqnnp8)
Starting job: llog-unit (ktest-out: /tmp/ktest_lustre_mainline_native_v_eqnnp8)
Starting job: mgs-setup (ktest-out: /tmp/ktest_lustre_mainline_native_v_eqnnp8)
Starting job: sanity-1 (ktest-out: /tmp/ktest_lustre_mainline_native_v_eqnnp8)
Starting job: sanity-2 (ktest-out: /tmp/ktest_lustre_mainline_native_v_eqnnp8)
Starting job: sanity-3 (ktest-out: /tmp/ktest_lustre_mainline_native_v_eqnnp8)
Starting job: sanity-4 (ktest-out: /tmp/ktest_lustre_mainline_native_v_eqnnp8)
Job lustre_mainline completed: SUCCESS (return code = 0, log: /tmp/ktest-results/lustre_mainline.log)
put_archive(/tmp/ktest_lustre_mainline_native_v_eqnnp8.tar): 1.74s
put_archive(/tmp/ktest_lustre_mainline_native_v_eqnnp8.tar): 10.36s
put_archive(/tmp/ktest_lustre_mainline_native_v_eqnnp8.tar): 17.93s
put_archive(/tmp/ktest_lustre_mainline_native_v_eqnnp8.tar): 57.07s
put_archive(/tmp/ktest_lustre_mainline_native_v_eqnnp8.tar): 56.62s
put_archive(/tmp/ktest-kernel.tar.gz): 57.24s
put_archive(/tmp/ktest_lustre_mainline_native_v_eqnnp8.tar): 57.03s
put_archive(/tmp/ktest_lustre_mainline_native_v_eqnnp8.tar): 56.86s
put_archive(/tmp/ktest_lustre_mainline_native_v_eqnnp8.tar): 57.09s
put_archive(/tmp/ktest-kernel.tar.gz): 57.17s
put_archive(/tmp/ktest-lustre.tar.gz): 58.53s
put_archive(/tmp/ktest-lustre.tar.gz): 58.79s
Job mgs-setup completed: SUCCESS (return code = 0, log: /tmp/ktest-results/mgs-setup.log)
put_archive(/tmp/ktest_lustre_mainline_native_v_eqnnp8.tar): 19.36s
put_archive(/tmp/ktest_lustre_mainline_native_v_eqnnp8.tar): 19.44s
Job llmount completed: SUCCESS (return code = 0, log: /tmp/ktest-results/llmount.log)
Job sanity-3 completed: SUCCESS (return code = 0, log: /tmp/ktest-results/sanity-3.log)
Job cc-plugin completed: FAILED (return code = 127, log: /tmp/ktest-results/cc-plugin.log)
Job boot completed: SUCCESS (return code = 0, log: /tmp/ktest-results/boot.log)
Job clang-tidy completed: SUCCESS (return code = 0, log: /tmp/ktest-results/clang-tidy.log)
Job sanity-1 completed: SUCCESS (return code = 0, log: /tmp/ktest-results/sanity-1.log)
Job sanity-4 completed: SUCCESS (return code = 0, log: /tmp/ktest-results/sanity-4.log)
Job sanity-2 completed: SUCCESS (return code = 0, log: /tmp/ktest-results/sanity-2.log)
Job llog-unit completed: SUCCESS (return code = 0, log: /tmp/ktest-results/llog-unit.log)

============================================================
Final Results:
  checkpatch: SUCCESS (return code = 0, log: /tmp/ktest-results/checkpatch.log)
  lustre_u24: SUCCESS (return code = 0, log: /tmp/ktest-results/lustre_u24.log)
  lustre_al2023: SUCCESS (return code = 0, log: /tmp/ktest-results/lustre_al2023.log)
  lustre_mainline_strict: FAILED (return code = 1, log: /tmp/ktest-results/lustre_mainline_strict.log)
  lustre_mainline: SUCCESS (return code = 0, log: /tmp/ktest-results/lustre_mainline.log)
  lustre_mainline_native: SUCCESS (return code = 0, log: /tmp/ktest-results/lustre_mainline_native.log)
  clang-tidy: SUCCESS (return code = 0, log: /tmp/ktest-results/clang-tidy.log)
  cc-plugin: FAILED (return code = 127, log: /tmp/ktest-results/cc-plugin.log)
  boot: SUCCESS (return code = 0, log: /tmp/ktest-results/boot.log)
  llmount: SUCCESS (return code = 0, log: /tmp/ktest-results/llmount.log)
  llog-unit: SUCCESS (return code = 0, log: /tmp/ktest-results/llog-unit.log)
  mgs-setup: SUCCESS (return code = 0, log: /tmp/ktest-results/mgs-setup.log)
  sanity-1: SUCCESS (return code = 0, log: /tmp/ktest-results/sanity-1.log)
  sanity-2: SUCCESS (return code = 0, log: /tmp/ktest-results/sanity-2.log)
  sanity-3: SUCCESS (return code = 0, log: /tmp/ktest-results/sanity-3.log)
  sanity-4: SUCCESS (return code = 0, log: /tmp/ktest-results/sanity-4.log)