<html lang="en">
<body>
<pre>
Creating kernel tarball at /tmp/ktest-kernel.tar.gz...
Creating lustre tarball at /tmp/ktest-lustre.tar.gz...
Executing 16 jobs with dependencies
Jobs will start as soon as their dependencies are satisfied

Starting job: checkpatch (ktest-out: /tmp/ktest_checkpatch_on8eq6ut)
Starting job: lustre_al2023 (ktest-out: /tmp/ktest_lustre_al2023__exfnu2j)
Starting job: lustre_u24 (ktest-out: /tmp/ktest_lustre_u24_3cgh9m6u)
Starting job: lustre_mainline (ktest-out: /tmp/ktest_lustre_mainline_sg12comx)
Starting job: lustre_mainline_native (ktest-out: /tmp/ktest_lustre_mainline_native_hoc6rxao)
Starting job: lustre_mainline_strict (ktest-out: /tmp/ktest_lustre_mainline_strict_xl96u4rx)
put_archive(/tmp/ktest-kernel.tar.gz): 7.12s
put_archive(/tmp/ktest-kernel.tar.gz): 7.09s
put_archive(/tmp/ktest-kernel.tar.gz): 7.01s
put_archive(/tmp/ktest-kernel.tar.gz): 6.74s
put_archive(/tmp/ktest-kernel.tar.gz): 6.95s
put_archive(/tmp/ktest-kernel.tar.gz): 7.15s
put_archive(/tmp/ktest-lustre.tar.gz): 0.78s
put_archive(/tmp/ktest-lustre.tar.gz): 0.66s
put_archive(/tmp/ktest-lustre.tar.gz): 0.53s
put_archive(/tmp/ktest-lustre.tar.gz): 0.95s
put_archive(/tmp/ktest-lustre.tar.gz): 1.31s
put_archive(/tmp/ktest-lustre.tar.gz): 0.43s
Job checkpatch completed: SUCCESS (return code = 0, log: /tmp/ktest-results/checkpatch.log)
Job lustre_al2023 completed: SUCCESS (return code = 0, log: /tmp/ktest-results/lustre_al2023.log)
Job lustre_u24 completed: SUCCESS (return code = 0, log: /tmp/ktest-results/lustre_u24.log)
get_archive(ktest-out): 2.94s
Job lustre_mainline_strict completed: FAILED (return code = 1, log: /tmp/ktest-results/lustre_mainline_strict.log)
get_archive(ktest-out): 2.52s
get_archive(ktest-out): 2.56s
Job lustre_mainline completed: SUCCESS (return code = 0, log: /tmp/ktest-results/lustre_mainline.log)
Job lustre_mainline_native completed: SUCCESS (return code = 0, log: /tmp/ktest-results/lustre_mainline_native.log)
Starting job: clang-tidy (ktest-out: /tmp/ktest_lustre_mainline_native_hoc6rxao)
Starting job: cc-plugin (ktest-out: /tmp/ktest_lustre_mainline_native_hoc6rxao)
Starting job: boot (ktest-out: /tmp/ktest_lustre_mainline_native_hoc6rxao)
Starting job: llmount (ktest-out: /tmp/ktest_lustre_mainline_native_hoc6rxao)
Starting job: llog-unit (ktest-out: /tmp/ktest_lustre_mainline_native_hoc6rxao)
Starting job: mgs-setup (ktest-out: /tmp/ktest_lustre_mainline_native_hoc6rxao)
Starting job: sanity-1 (ktest-out: /tmp/ktest_lustre_mainline_native_hoc6rxao)
Starting job: sanity-2 (ktest-out: /tmp/ktest_lustre_mainline_native_hoc6rxao)
Starting job: sanity-3 (ktest-out: /tmp/ktest_lustre_mainline_native_hoc6rxao)
Starting job: sanity-4 (ktest-out: /tmp/ktest_lustre_mainline_native_hoc6rxao)
put_archive(/tmp/ktest_lustre_mainline_native_hoc6rxao.tar): 1.88s
put_archive(/tmp/ktest_lustre_mainline_native_hoc6rxao.tar): 12.76s
put_archive(/tmp/ktest_lustre_mainline_native_hoc6rxao.tar): 12.13s
put_archive(/tmp/ktest_lustre_mainline_native_hoc6rxao.tar): 12.24s
put_archive(/tmp/ktest-kernel.tar.gz): 12.88s
put_archive(/tmp/ktest_lustre_mainline_native_hoc6rxao.tar): 12.26s
put_archive(/tmp/ktest_lustre_mainline_native_hoc6rxao.tar): 12.63s
put_archive(/tmp/ktest_lustre_mainline_native_hoc6rxao.tar): 11.32s
put_archive(/tmp/ktest_lustre_mainline_native_hoc6rxao.tar): 11.84s
put_archive(/tmp/ktest-kernel.tar.gz): 12.63s
put_archive(/tmp/ktest-lustre.tar.gz): 0.98s
put_archive(/tmp/ktest-lustre.tar.gz): 18.75s
put_archive(/tmp/ktest_lustre_mainline_native_hoc6rxao.tar): 5.36s
put_archive(/tmp/ktest_lustre_mainline_native_hoc6rxao.tar): 23.40s
Job cc-plugin completed: FAILED (return code = 127, log: /tmp/ktest-results/cc-plugin.log)
Job clang-tidy completed: SUCCESS (return code = 0, log: /tmp/ktest-results/clang-tidy.log)
Job boot completed: SUCCESS (return code = 0, log: /tmp/ktest-results/boot.log)
Job mgs-setup completed: SUCCESS (return code = 0, log: /tmp/ktest-results/mgs-setup.log)
Job sanity-4 completed: SUCCESS (return code = 0, log: /tmp/ktest-results/sanity-4.log)
Job sanity-2 completed: SUCCESS (return code = 0, log: /tmp/ktest-results/sanity-2.log)
Job sanity-1 completed: SUCCESS (return code = 0, log: /tmp/ktest-results/sanity-1.log)
Job sanity-3 completed: SUCCESS (return code = 0, log: /tmp/ktest-results/sanity-3.log)
Job llog-unit completed: SUCCESS (return code = 0, log: /tmp/ktest-results/llog-unit.log)
Job llmount completed: SUCCESS (return code = 0, log: /tmp/ktest-results/llmount.log)

============================================================
Final Results:
  checkpatch: SUCCESS (return code = 0, log: /tmp/ktest-results/checkpatch.log)
  lustre_u24: SUCCESS (return code = 0, log: /tmp/ktest-results/lustre_u24.log)
  lustre_al2023: SUCCESS (return code = 0, log: /tmp/ktest-results/lustre_al2023.log)
  lustre_mainline_strict: FAILED (return code = 1, log: /tmp/ktest-results/lustre_mainline_strict.log)
  lustre_mainline: SUCCESS (return code = 0, log: /tmp/ktest-results/lustre_mainline.log)
  lustre_mainline_native: SUCCESS (return code = 0, log: /tmp/ktest-results/lustre_mainline_native.log)
  clang-tidy: SUCCESS (return code = 0, log: /tmp/ktest-results/clang-tidy.log)
  cc-plugin: FAILED (return code = 127, log: /tmp/ktest-results/cc-plugin.log)
  boot: SUCCESS (return code = 0, log: /tmp/ktest-results/boot.log)
  llmount: SUCCESS (return code = 0, log: /tmp/ktest-results/llmount.log)
  llog-unit: SUCCESS (return code = 0, log: /tmp/ktest-results/llog-unit.log)
  mgs-setup: SUCCESS (return code = 0, log: /tmp/ktest-results/mgs-setup.log)
  sanity-1: SUCCESS (return code = 0, log: /tmp/ktest-results/sanity-1.log)
  sanity-2: SUCCESS (return code = 0, log: /tmp/ktest-results/sanity-2.log)
  sanity-3: SUCCESS (return code = 0, log: /tmp/ktest-results/sanity-3.log)
  sanity-4: SUCCESS (return code = 0, log: /tmp/ktest-results/sanity-4.log)
</pre>
</body>
</html>
