<html lang="en">
<body>
<pre>
Creating kernel tarball at /tmp/ktest-kernel.tar.gz...
Creating lustre tarball at /tmp/ktest-lustre.tar.gz...
Executing 16 jobs with dependencies
Jobs will start as soon as their dependencies are satisfied

Starting job: lustre_mainline_strict (ktest-out: /tmp/ktest_lustre_mainline_strict_ozu8_2x1)
Starting job: lustre_mainline (ktest-out: /tmp/ktest_lustre_mainline_edakanmw)
Starting job: lustre_u24 (ktest-out: /tmp/ktest_lustre_u24_s22croy7)
Starting job: checkpatch (ktest-out: /tmp/ktest_checkpatch_91pgg140)
Starting job: lustre_al2023 (ktest-out: /tmp/ktest_lustre_al2023_0_7eaqhb)
Starting job: lustre_mainline_native (ktest-out: /tmp/ktest_lustre_mainline_native_0hq43fp5)
put_archive(/tmp/ktest-kernel.tar.gz): 6.86s
put_archive(/tmp/ktest-kernel.tar.gz): 6.01s
put_archive(/tmp/ktest-kernel.tar.gz): 6.16s
put_archive(/tmp/ktest-kernel.tar.gz): 7.03s
put_archive(/tmp/ktest-kernel.tar.gz): 7.28s
put_archive(/tmp/ktest-kernel.tar.gz): 6.99s
put_archive(/tmp/ktest-lustre.tar.gz): 0.65s
put_archive(/tmp/ktest-lustre.tar.gz): 0.39s
put_archive(/tmp/ktest-lustre.tar.gz): 1.75s
put_archive(/tmp/ktest-lustre.tar.gz): 0.54s
put_archive(/tmp/ktest-lustre.tar.gz): 0.95s
put_archive(/tmp/ktest-lustre.tar.gz): 0.82s
Job checkpatch completed: SUCCESS (return code = 0, log: /tmp/ktest-results/checkpatch.log)
Job lustre_al2023 completed: SUCCESS (return code = 0, log: /tmp/ktest-results/lustre_al2023.log)
Job lustre_u24 completed: SUCCESS (return code = 0, log: /tmp/ktest-results/lustre_u24.log)
get_archive(ktest-out): 3.44s
Job lustre_mainline_strict completed: FAILED (return code = 1, log: /tmp/ktest-results/lustre_mainline_strict.log)
get_archive(ktest-out): 2.50s
get_archive(ktest-out): 2.55s
Job lustre_mainline_native completed: SUCCESS (return code = 0, log: /tmp/ktest-results/lustre_mainline_native.log)
Starting job: clang-tidy (ktest-out: /tmp/ktest_lustre_mainline_native_0hq43fp5)
Starting job: cc-plugin (ktest-out: /tmp/ktest_lustre_mainline_native_0hq43fp5)
Starting job: boot (ktest-out: /tmp/ktest_lustre_mainline_native_0hq43fp5)
Starting job: llmount (ktest-out: /tmp/ktest_lustre_mainline_native_0hq43fp5)
Starting job: llog-unit (ktest-out: /tmp/ktest_lustre_mainline_native_0hq43fp5)
Starting job: mgs-setup (ktest-out: /tmp/ktest_lustre_mainline_native_0hq43fp5)
Starting job: sanity-1 (ktest-out: /tmp/ktest_lustre_mainline_native_0hq43fp5)
Starting job: sanity-2 (ktest-out: /tmp/ktest_lustre_mainline_native_0hq43fp5)
Starting job: sanity-3 (ktest-out: /tmp/ktest_lustre_mainline_native_0hq43fp5)
Starting job: sanity-4 (ktest-out: /tmp/ktest_lustre_mainline_native_0hq43fp5)
Job lustre_mainline completed: SUCCESS (return code = 0, log: /tmp/ktest-results/lustre_mainline.log)
put_archive(/tmp/ktest_lustre_mainline_native_0hq43fp5.tar): 1.09s
put_archive(/tmp/ktest_lustre_mainline_native_0hq43fp5.tar): 6.76s
put_archive(/tmp/ktest_lustre_mainline_native_0hq43fp5.tar): 10.68s
put_archive(/tmp/ktest_lustre_mainline_native_0hq43fp5.tar): 10.61s
put_archive(/tmp/ktest_lustre_mainline_native_0hq43fp5.tar): 10.68s
put_archive(/tmp/ktest-kernel.tar.gz): 10.82s
put_archive(/tmp/ktest-kernel.tar.gz): 12.65s
put_archive(/tmp/ktest_lustre_mainline_native_0hq43fp5.tar): 11.36s
put_archive(/tmp/ktest_lustre_mainline_native_0hq43fp5.tar): 11.47s
put_archive(/tmp/ktest_lustre_mainline_native_0hq43fp5.tar): 11.01s
put_archive(/tmp/ktest-lustre.tar.gz): 0.61s
put_archive(/tmp/ktest-lustre.tar.gz): 17.34s
put_archive(/tmp/ktest_lustre_mainline_native_0hq43fp5.tar): 22.60s
put_archive(/tmp/ktest_lustre_mainline_native_0hq43fp5.tar): 6.43s
Job cc-plugin completed: FAILED (return code = 127, log: /tmp/ktest-results/cc-plugin.log)
Job clang-tidy completed: SUCCESS (return code = 0, log: /tmp/ktest-results/clang-tidy.log)
Job boot completed: SUCCESS (return code = 0, log: /tmp/ktest-results/boot.log)
Job mgs-setup completed: SUCCESS (return code = 0, log: /tmp/ktest-results/mgs-setup.log)
Job sanity-2 completed: SUCCESS (return code = 0, log: /tmp/ktest-results/sanity-2.log)
Job sanity-1 completed: SUCCESS (return code = 0, log: /tmp/ktest-results/sanity-1.log)
Job sanity-3 completed: SUCCESS (return code = 0, log: /tmp/ktest-results/sanity-3.log)
Job llmount completed: SUCCESS (return code = 0, log: /tmp/ktest-results/llmount.log)
Job llog-unit completed: SUCCESS (return code = 0, log: /tmp/ktest-results/llog-unit.log)
Job sanity-4 completed: SUCCESS (return code = 0, log: /tmp/ktest-results/sanity-4.log)

============================================================
Final Results:
  checkpatch: SUCCESS (return code = 0, log: /tmp/ktest-results/checkpatch.log)
  lustre_u24: SUCCESS (return code = 0, log: /tmp/ktest-results/lustre_u24.log)
  lustre_al2023: SUCCESS (return code = 0, log: /tmp/ktest-results/lustre_al2023.log)
  lustre_mainline_strict: FAILED (return code = 1, log: /tmp/ktest-results/lustre_mainline_strict.log)
  lustre_mainline: SUCCESS (return code = 0, log: /tmp/ktest-results/lustre_mainline.log)
  lustre_mainline_native: SUCCESS (return code = 0, log: /tmp/ktest-results/lustre_mainline_native.log)
  clang-tidy: SUCCESS (return code = 0, log: /tmp/ktest-results/clang-tidy.log)
  cc-plugin: FAILED (return code = 127, log: /tmp/ktest-results/cc-plugin.log)
  boot: SUCCESS (return code = 0, log: /tmp/ktest-results/boot.log)
  llmount: SUCCESS (return code = 0, log: /tmp/ktest-results/llmount.log)
  llog-unit: SUCCESS (return code = 0, log: /tmp/ktest-results/llog-unit.log)
  mgs-setup: SUCCESS (return code = 0, log: /tmp/ktest-results/mgs-setup.log)
  sanity-1: SUCCESS (return code = 0, log: /tmp/ktest-results/sanity-1.log)
  sanity-2: SUCCESS (return code = 0, log: /tmp/ktest-results/sanity-2.log)
  sanity-3: SUCCESS (return code = 0, log: /tmp/ktest-results/sanity-3.log)
  sanity-4: SUCCESS (return code = 0, log: /tmp/ktest-results/sanity-4.log)
</pre>
</body>
</html>
