Creating kernel tarball at /tmp/ktest-kernel.tar.gz...
Creating lustre tarball at /tmp/ktest-lustre.tar.gz...
Executing 16 jobs with dependencies
Jobs will start as soon as their dependencies are satisfied

Starting job: lustre_mainline (ktest-out: /tmp/ktest_lustre_mainline__k40zg47)
Starting job: checkpatch (ktest-out: /tmp/ktest_checkpatch_ucb62ex7)
Starting job: lustre_mainline_native (ktest-out: /tmp/ktest_lustre_mainline_native_gvy6vrsj)
Starting job: lustre_al2023 (ktest-out: /tmp/ktest_lustre_al2023_a5unwk3j)
Starting job: lustre_u24 (ktest-out: /tmp/ktest_lustre_u24_wc28d2_p)
Starting job: lustre_mainline_strict (ktest-out: /tmp/ktest_lustre_mainline_strict_ra5qlln9)
put_archive(/tmp/ktest-kernel.tar.gz): 12.06s
put_archive(/tmp/ktest-kernel.tar.gz): 14.61s
put_archive(/tmp/ktest-kernel.tar.gz): 14.69s
put_archive(/tmp/ktest-kernel.tar.gz): 14.71s
put_archive(/tmp/ktest-kernel.tar.gz): 14.72s
put_archive(/tmp/ktest-kernel.tar.gz): 14.88s
put_archive(/tmp/ktest-lustre.tar.gz): 11.77s
put_archive(/tmp/ktest-lustre.tar.gz): 8.56s
put_archive(/tmp/ktest-lustre.tar.gz): 8.87s
put_archive(/tmp/ktest-lustre.tar.gz): 8.74s
put_archive(/tmp/ktest-lustre.tar.gz): 8.47s
put_archive(/tmp/ktest-lustre.tar.gz): 9.08s
Job checkpatch completed: SUCCESS (return code = 0, log: /tmp/ktest-results/checkpatch.log)
Job lustre_u24 completed: SUCCESS (return code = 0, log: /tmp/ktest-results/lustre_u24.log)
Job lustre_al2023 completed: SUCCESS (return code = 0, log: /tmp/ktest-results/lustre_al2023.log)
get_archive(ktest-out): 4.56s
Job lustre_mainline_strict completed: FAILED (return code = 1, log: /tmp/ktest-results/lustre_mainline_strict.log)
get_archive(ktest-out): 3.23s
get_archive(ktest-out): 3.23s
Job lustre_mainline completed: SUCCESS (return code = 0, log: /tmp/ktest-results/lustre_mainline.log)
Job lustre_mainline_native completed: SUCCESS (return code = 0, log: /tmp/ktest-results/lustre_mainline_native.log)
Starting job: clang-tidy (ktest-out: /tmp/ktest_lustre_mainline_native_gvy6vrsj)
Starting job: cc-plugin (ktest-out: /tmp/ktest_lustre_mainline_native_gvy6vrsj)
Starting job: boot (ktest-out: /tmp/ktest_lustre_mainline_native_gvy6vrsj)
Starting job: llmount (ktest-out: /tmp/ktest_lustre_mainline_native_gvy6vrsj)
Starting job: llog-unit (ktest-out: /tmp/ktest_lustre_mainline_native_gvy6vrsj)
Starting job: mgs-setup (ktest-out: /tmp/ktest_lustre_mainline_native_gvy6vrsj)
Starting job: sanity-1 (ktest-out: /tmp/ktest_lustre_mainline_native_gvy6vrsj)
Starting job: sanity-2 (ktest-out: /tmp/ktest_lustre_mainline_native_gvy6vrsj)
Starting job: sanity-3 (ktest-out: /tmp/ktest_lustre_mainline_native_gvy6vrsj)
Starting job: sanity-4 (ktest-out: /tmp/ktest_lustre_mainline_native_gvy6vrsj)
put_archive(/tmp/ktest_lustre_mainline_native_gvy6vrsj.tar): 11.64s
put_archive(/tmp/ktest_lustre_mainline_native_gvy6vrsj.tar): 11.61s
put_archive(/tmp/ktest_lustre_mainline_native_gvy6vrsj.tar): 11.52s
put_archive(/tmp/ktest_lustre_mainline_native_gvy6vrsj.tar): 29.94s
put_archive(/tmp/ktest-kernel.tar.gz): 30.74s
put_archive(/tmp/ktest-lustre.tar.gz): 52.79s
put_archive(/tmp/ktest_lustre_mainline_native_gvy6vrsj.tar): 52.28s
put_archive(/tmp/ktest_lustre_mainline_native_gvy6vrsj.tar): 52.52s
put_archive(/tmp/ktest_lustre_mainline_native_gvy6vrsj.tar): 52.20s
put_archive(/tmp/ktest-kernel.tar.gz): 52.38s
put_archive(/tmp/ktest_lustre_mainline_native_gvy6vrsj.tar): 52.37s
put_archive(/tmp/ktest_lustre_mainline_native_gvy6vrsj.tar): 53.86s
put_archive(/tmp/ktest-lustre.tar.gz): 53.70s
Job boot completed: SUCCESS (return code = 0, log: /tmp/ktest-results/boot.log)
Job llog-unit completed: SUCCESS (return code = 0, log: /tmp/ktest-results/llog-unit.log)
Job mgs-setup completed: SUCCESS (return code = 0, log: /tmp/ktest-results/mgs-setup.log)
put_archive(/tmp/ktest_lustre_mainline_native_gvy6vrsj.tar): 10.19s
Job cc-plugin completed: FAILED (return code = 127, log: /tmp/ktest-results/cc-plugin.log)
Job clang-tidy completed: SUCCESS (return code = 0, log: /tmp/ktest-results/clang-tidy.log)
Job sanity-2 completed: SUCCESS (return code = 0, log: /tmp/ktest-results/sanity-2.log)
Job sanity-3 completed: SUCCESS (return code = 0, log: /tmp/ktest-results/sanity-3.log)
Job sanity-4 completed: SUCCESS (return code = 0, log: /tmp/ktest-results/sanity-4.log)
Job sanity-1 completed: SUCCESS (return code = 0, log: /tmp/ktest-results/sanity-1.log)
Job llmount completed: SUCCESS (return code = 0, log: /tmp/ktest-results/llmount.log)

============================================================
Final Results:
  checkpatch: SUCCESS (return code = 0, log: /tmp/ktest-results/checkpatch.log)
  lustre_u24: SUCCESS (return code = 0, log: /tmp/ktest-results/lustre_u24.log)
  lustre_al2023: SUCCESS (return code = 0, log: /tmp/ktest-results/lustre_al2023.log)
  lustre_mainline_strict: FAILED (return code = 1, log: /tmp/ktest-results/lustre_mainline_strict.log)
  lustre_mainline: SUCCESS (return code = 0, log: /tmp/ktest-results/lustre_mainline.log)
  lustre_mainline_native: SUCCESS (return code = 0, log: /tmp/ktest-results/lustre_mainline_native.log)
  clang-tidy: SUCCESS (return code = 0, log: /tmp/ktest-results/clang-tidy.log)
  cc-plugin: FAILED (return code = 127, log: /tmp/ktest-results/cc-plugin.log)
  boot: SUCCESS (return code = 0, log: /tmp/ktest-results/boot.log)
  llmount: SUCCESS (return code = 0, log: /tmp/ktest-results/llmount.log)
  llog-unit: SUCCESS (return code = 0, log: /tmp/ktest-results/llog-unit.log)
  mgs-setup: SUCCESS (return code = 0, log: /tmp/ktest-results/mgs-setup.log)
  sanity-1: SUCCESS (return code = 0, log: /tmp/ktest-results/sanity-1.log)
  sanity-2: SUCCESS (return code = 0, log: /tmp/ktest-results/sanity-2.log)
  sanity-3: SUCCESS (return code = 0, log: /tmp/ktest-results/sanity-3.log)
  sanity-4: SUCCESS (return code = 0, log: /tmp/ktest-results/sanity-4.log)