<html lang="en">
<body>
<pre>
Creating kernel tarball at /tmp/ktest-kernel.tar.gz...
Creating lustre tarball at /tmp/ktest-lustre.tar.gz...
Executing 16 jobs with dependencies
Jobs will start as soon as their dependencies are satisfied

Starting job: lustre_mainline_strict (ktest-out: /tmp/ktest_lustre_mainline_strict_cv_hd8k9)
Starting job: checkpatch (ktest-out: /tmp/ktest_checkpatch_3_0cy91k)
Starting job: lustre_mainline_native (ktest-out: /tmp/ktest_lustre_mainline_native_e23k40m1)
Starting job: lustre_mainline (ktest-out: /tmp/ktest_lustre_mainline_ce2wkzo4)
Starting job: lustre_al2023 (ktest-out: /tmp/ktest_lustre_al2023_bmi17bwx)
Starting job: lustre_u24 (ktest-out: /tmp/ktest_lustre_u24_irp8xtqh)
put_archive(/tmp/ktest-kernel.tar.gz): 7.33s
put_archive(/tmp/ktest-kernel.tar.gz): 6.82s
put_archive(/tmp/ktest-kernel.tar.gz): 7.65s
put_archive(/tmp/ktest-kernel.tar.gz): 7.82s
put_archive(/tmp/ktest-kernel.tar.gz): 7.12s
put_archive(/tmp/ktest-kernel.tar.gz): 7.37s
put_archive(/tmp/ktest-lustre.tar.gz): 2.90s
put_archive(/tmp/ktest-lustre.tar.gz): 2.18s
put_archive(/tmp/ktest-lustre.tar.gz): 2.59s
put_archive(/tmp/ktest-lustre.tar.gz): 2.48s
put_archive(/tmp/ktest-lustre.tar.gz): 2.36s
put_archive(/tmp/ktest-lustre.tar.gz): 2.10s
Job checkpatch completed: SUCCESS (return code = 0, log: /tmp/ktest-results/checkpatch.log)
Job lustre_al2023 completed: SUCCESS (return code = 0, log: /tmp/ktest-results/lustre_al2023.log)
Job lustre_u24 completed: SUCCESS (return code = 0, log: /tmp/ktest-results/lustre_u24.log)
get_archive(ktest-out): 4.53s
Job lustre_mainline_strict completed: FAILED (return code = 1, log: /tmp/ktest-results/lustre_mainline_strict.log)
get_archive(ktest-out): 3.08s
get_archive(ktest-out): 3.22s
Job lustre_mainline_native completed: SUCCESS (return code = 0, log: /tmp/ktest-results/lustre_mainline_native.log)
Starting job: clang-tidy (ktest-out: /tmp/ktest_lustre_mainline_native_e23k40m1)
Starting job: cc-plugin (ktest-out: /tmp/ktest_lustre_mainline_native_e23k40m1)
Starting job: boot (ktest-out: /tmp/ktest_lustre_mainline_native_e23k40m1)
Starting job: llmount (ktest-out: /tmp/ktest_lustre_mainline_native_e23k40m1)
Starting job: llog-unit (ktest-out: /tmp/ktest_lustre_mainline_native_e23k40m1)
Starting job: mgs-setup (ktest-out: /tmp/ktest_lustre_mainline_native_e23k40m1)
Starting job: sanity-1 (ktest-out: /tmp/ktest_lustre_mainline_native_e23k40m1)
Starting job: sanity-2 (ktest-out: /tmp/ktest_lustre_mainline_native_e23k40m1)
Starting job: sanity-3 (ktest-out: /tmp/ktest_lustre_mainline_native_e23k40m1)
Starting job: sanity-4 (ktest-out: /tmp/ktest_lustre_mainline_native_e23k40m1)
Job lustre_mainline completed: SUCCESS (return code = 0, log: /tmp/ktest-results/lustre_mainline.log)
put_archive(/tmp/ktest-kernel.tar.gz): 7.20s
put_archive(/tmp/ktest-kernel.tar.gz): 11.24s
put_archive(/tmp/ktest_lustre_mainline_native_e23k40m1.tar): 11.38s
put_archive(/tmp/ktest_lustre_mainline_native_e23k40m1.tar): 11.80s
put_archive(/tmp/ktest_lustre_mainline_native_e23k40m1.tar): 11.23s
put_archive(/tmp/ktest_lustre_mainline_native_e23k40m1.tar): 11.14s
put_archive(/tmp/ktest_lustre_mainline_native_e23k40m1.tar): 11.47s
put_archive(/tmp/ktest_lustre_mainline_native_e23k40m1.tar): 15.62s
put_archive(/tmp/ktest_lustre_mainline_native_e23k40m1.tar): 16.04s
put_archive(/tmp/ktest_lustre_mainline_native_e23k40m1.tar): 16.16s
put_archive(/tmp/ktest-lustre.tar.gz): 10.04s
put_archive(/tmp/ktest-lustre.tar.gz): 5.02s
put_archive(/tmp/ktest_lustre_mainline_native_e23k40m1.tar): 38.31s
put_archive(/tmp/ktest_lustre_mainline_native_e23k40m1.tar): 38.37s
Job cc-plugin completed: FAILED (return code = 127, log: /tmp/ktest-results/cc-plugin.log)
Job boot completed: SUCCESS (return code = 0, log: /tmp/ktest-results/boot.log)
Job clang-tidy completed: SUCCESS (return code = 0, log: /tmp/ktest-results/clang-tidy.log)
Job mgs-setup completed: SUCCESS (return code = 0, log: /tmp/ktest-results/mgs-setup.log)
Job sanity-1 completed: SUCCESS (return code = 0, log: /tmp/ktest-results/sanity-1.log)
Job sanity-3 completed: SUCCESS (return code = 0, log: /tmp/ktest-results/sanity-3.log)
Job sanity-2 completed: SUCCESS (return code = 0, log: /tmp/ktest-results/sanity-2.log)
Job llog-unit completed: SUCCESS (return code = 0, log: /tmp/ktest-results/llog-unit.log)
Job sanity-4 completed: SUCCESS (return code = 0, log: /tmp/ktest-results/sanity-4.log)
Job llmount completed: SUCCESS (return code = 0, log: /tmp/ktest-results/llmount.log)

============================================================
Final Results:
  checkpatch: SUCCESS (return code = 0, log: /tmp/ktest-results/checkpatch.log)
  lustre_u24: SUCCESS (return code = 0, log: /tmp/ktest-results/lustre_u24.log)
  lustre_al2023: SUCCESS (return code = 0, log: /tmp/ktest-results/lustre_al2023.log)
  lustre_mainline_strict: FAILED (return code = 1, log: /tmp/ktest-results/lustre_mainline_strict.log)
  lustre_mainline: SUCCESS (return code = 0, log: /tmp/ktest-results/lustre_mainline.log)
  lustre_mainline_native: SUCCESS (return code = 0, log: /tmp/ktest-results/lustre_mainline_native.log)
  clang-tidy: SUCCESS (return code = 0, log: /tmp/ktest-results/clang-tidy.log)
  cc-plugin: FAILED (return code = 127, log: /tmp/ktest-results/cc-plugin.log)
  boot: SUCCESS (return code = 0, log: /tmp/ktest-results/boot.log)
  llmount: SUCCESS (return code = 0, log: /tmp/ktest-results/llmount.log)
  llog-unit: SUCCESS (return code = 0, log: /tmp/ktest-results/llog-unit.log)
  mgs-setup: SUCCESS (return code = 0, log: /tmp/ktest-results/mgs-setup.log)
  sanity-1: SUCCESS (return code = 0, log: /tmp/ktest-results/sanity-1.log)
  sanity-2: SUCCESS (return code = 0, log: /tmp/ktest-results/sanity-2.log)
  sanity-3: SUCCESS (return code = 0, log: /tmp/ktest-results/sanity-3.log)
  sanity-4: SUCCESS (return code = 0, log: /tmp/ktest-results/sanity-4.log)
</pre>
</body>
</html>
