Creating kernel tarball at /tmp/ktest-kernel.tar.gz...
Creating lustre tarball at /tmp/ktest-lustre.tar.gz...
Executing 16 jobs with dependencies
Jobs will start as soon as their dependencies are satisfied

Starting job: lustre_u24 (ktest-out: /tmp/ktest_lustre_u24_85358bz_)
Starting job: lustre_mainline_native (ktest-out: /tmp/ktest_lustre_mainline_native_fgpd577u)
Starting job: checkpatch (ktest-out: /tmp/ktest_checkpatch_cc6xomp9)
Starting job: lustre_mainline (ktest-out: /tmp/ktest_lustre_mainline_fi9047qq)
Starting job: lustre_al2023 (ktest-out: /tmp/ktest_lustre_al2023_jg37aqgw)
Starting job: lustre_mainline_strict (ktest-out: /tmp/ktest_lustre_mainline_strict_ejmxnid6)
put_archive(/tmp/ktest-kernel.tar.gz): 7.32s
put_archive(/tmp/ktest-kernel.tar.gz): 8.64s
put_archive(/tmp/ktest-kernel.tar.gz): 8.65s
put_archive(/tmp/ktest-kernel.tar.gz): 9.51s
put_archive(/tmp/ktest-kernel.tar.gz): 8.91s
put_archive(/tmp/ktest-kernel.tar.gz): 8.45s
put_archive(/tmp/ktest-lustre.tar.gz): 8.77s
put_archive(/tmp/ktest-lustre.tar.gz): 5.65s
put_archive(/tmp/ktest-lustre.tar.gz): 5.80s
put_archive(/tmp/ktest-lustre.tar.gz): 5.97s
put_archive(/tmp/ktest-lustre.tar.gz): 5.55s
put_archive(/tmp/ktest-lustre.tar.gz): 6.18s
Job checkpatch completed: SUCCESS (return code = 0, log: /tmp/ktest-results/checkpatch.log)
Job lustre_u24 completed: SUCCESS (return code = 0, log: /tmp/ktest-results/lustre_u24.log)
Job lustre_al2023 completed: SUCCESS (return code = 0, log: /tmp/ktest-results/lustre_al2023.log)
get_archive(ktest-out): 3.49s
Job lustre_mainline_strict completed: FAILED (return code = 1, log: /tmp/ktest-results/lustre_mainline_strict.log)
get_archive(ktest-out): 3.27s
get_archive(ktest-out): 3.21s
Job lustre_mainline_native completed: SUCCESS (return code = 0, log: /tmp/ktest-results/lustre_mainline_native.log)
Starting job: clang-tidy (ktest-out: /tmp/ktest_lustre_mainline_native_fgpd577u)
Starting job: cc-plugin (ktest-out: /tmp/ktest_lustre_mainline_native_fgpd577u)
Starting job: boot (ktest-out: /tmp/ktest_lustre_mainline_native_fgpd577u)
Starting job: llmount (ktest-out: /tmp/ktest_lustre_mainline_native_fgpd577u)
Starting job: llog-unit (ktest-out: /tmp/ktest_lustre_mainline_native_fgpd577u)
Starting job: mgs-setup (ktest-out: /tmp/ktest_lustre_mainline_native_fgpd577u)
Starting job: sanity-1 (ktest-out: /tmp/ktest_lustre_mainline_native_fgpd577u)
Starting job: sanity-2 (ktest-out: /tmp/ktest_lustre_mainline_native_fgpd577u)
Starting job: sanity-3 (ktest-out: /tmp/ktest_lustre_mainline_native_fgpd577u)
Starting job: sanity-4 (ktest-out: /tmp/ktest_lustre_mainline_native_fgpd577u)
Job lustre_mainline completed: SUCCESS (return code = 0, log: /tmp/ktest-results/lustre_mainline.log)
put_archive(/tmp/ktest_lustre_mainline_native_fgpd577u.tar): 1.84s
put_archive(/tmp/ktest_lustre_mainline_native_fgpd577u.tar): 15.16s
put_archive(/tmp/ktest_lustre_mainline_native_fgpd577u.tar): 15.32s
put_archive(/tmp/ktest_lustre_mainline_native_fgpd577u.tar): 70.37s
put_archive(/tmp/ktest_lustre_mainline_native_fgpd577u.tar): 69.66s
put_archive(/tmp/ktest_lustre_mainline_native_fgpd577u.tar): 69.79s
put_archive(/tmp/ktest_lustre_mainline_native_fgpd577u.tar): 70.39s
put_archive(/tmp/ktest-kernel.tar.gz): 70.58s
put_archive(/tmp/ktest_lustre_mainline_native_fgpd577u.tar): 69.88s
put_archive(/tmp/ktest-kernel.tar.gz): 70.31s
put_archive(/tmp/ktest-lustre.tar.gz): 49.05s
put_archive(/tmp/ktest-lustre.tar.gz): 64.37s
Job boot completed: SUCCESS (return code = 0, log: /tmp/ktest-results/boot.log)
put_archive(/tmp/ktest_lustre_mainline_native_fgpd577u.tar): 16.43s
Job sanity-4 completed: SUCCESS (return code = 0, log: /tmp/ktest-results/sanity-4.log)
put_archive(/tmp/ktest_lustre_mainline_native_fgpd577u.tar): 3.83s
Job cc-plugin completed: FAILED (return code = 127, log: /tmp/ktest-results/cc-plugin.log)
Job sanity-2 completed: SUCCESS (return code = 0, log: /tmp/ktest-results/sanity-2.log)
Job clang-tidy completed: SUCCESS (return code = 0, log: /tmp/ktest-results/clang-tidy.log)
Job mgs-setup completed: SUCCESS (return code = 0, log: /tmp/ktest-results/mgs-setup.log)
Job sanity-3 completed: SUCCESS (return code = 0, log: /tmp/ktest-results/sanity-3.log)
Job sanity-1 completed: SUCCESS (return code = 0, log: /tmp/ktest-results/sanity-1.log)
Job llmount completed: SUCCESS (return code = 0, log: /tmp/ktest-results/llmount.log)
Job llog-unit completed: SUCCESS (return code = 0, log: /tmp/ktest-results/llog-unit.log)

============================================================
Final Results:
  checkpatch: SUCCESS (return code = 0, log: /tmp/ktest-results/checkpatch.log)
  lustre_u24: SUCCESS (return code = 0, log: /tmp/ktest-results/lustre_u24.log)
  lustre_al2023: SUCCESS (return code = 0, log: /tmp/ktest-results/lustre_al2023.log)
  lustre_mainline_strict: FAILED (return code = 1, log: /tmp/ktest-results/lustre_mainline_strict.log)
  lustre_mainline: SUCCESS (return code = 0, log: /tmp/ktest-results/lustre_mainline.log)
  lustre_mainline_native: SUCCESS (return code = 0, log: /tmp/ktest-results/lustre_mainline_native.log)
  clang-tidy: SUCCESS (return code = 0, log: /tmp/ktest-results/clang-tidy.log)
  cc-plugin: FAILED (return code = 127, log: /tmp/ktest-results/cc-plugin.log)
  boot: SUCCESS (return code = 0, log: /tmp/ktest-results/boot.log)
  llmount: SUCCESS (return code = 0, log: /tmp/ktest-results/llmount.log)
  llog-unit: SUCCESS (return code = 0, log: /tmp/ktest-results/llog-unit.log)
  mgs-setup: SUCCESS (return code = 0, log: /tmp/ktest-results/mgs-setup.log)
  sanity-1: SUCCESS (return code = 0, log: /tmp/ktest-results/sanity-1.log)
  sanity-2: SUCCESS (return code = 0, log: /tmp/ktest-results/sanity-2.log)
  sanity-3: SUCCESS (return code = 0, log: /tmp/ktest-results/sanity-3.log)
  sanity-4: SUCCESS (return code = 0, log: /tmp/ktest-results/sanity-4.log)