<html lang="en">
<body>
<pre>
Creating kernel tarball at /tmp/ktest-kernel.tar.gz...
Creating lustre tarball at /tmp/ktest-lustre.tar.gz...
Executing 16 jobs with dependencies
Jobs will start as soon as their dependencies are satisfied

Starting job: checkpatch (ktest-out: /tmp/ktest_checkpatch_3q40zois)
Starting job: lustre_al2023 (ktest-out: /tmp/ktest_lustre_al2023_mn6u25vr)
Starting job: lustre_mainline_native (ktest-out: /tmp/ktest_lustre_mainline_native_cpm_cjqk)
Starting job: lustre_u24 (ktest-out: /tmp/ktest_lustre_u24_5ag0gnn9)
Starting job: lustre_mainline (ktest-out: /tmp/ktest_lustre_mainline_0uo874n4)
Starting job: lustre_mainline_strict (ktest-out: /tmp/ktest_lustre_mainline_strict_uet3qy5j)
put_archive(/tmp/ktest-kernel.tar.gz): 5.90s
put_archive(/tmp/ktest-kernel.tar.gz): 6.02s
put_archive(/tmp/ktest-kernel.tar.gz): 6.31s
put_archive(/tmp/ktest-kernel.tar.gz): 5.25s
put_archive(/tmp/ktest-kernel.tar.gz): 6.02s
put_archive(/tmp/ktest-lustre.tar.gz): 1.90s
put_archive(/tmp/ktest-kernel.tar.gz): 5.57s
put_archive(/tmp/ktest-lustre.tar.gz): 0.70s
put_archive(/tmp/ktest-lustre.tar.gz): 0.48s
put_archive(/tmp/ktest-lustre.tar.gz): 0.33s
put_archive(/tmp/ktest-lustre.tar.gz): 0.76s
put_archive(/tmp/ktest-lustre.tar.gz): 0.64s
Job checkpatch completed: SUCCESS (return code = 0, log: /tmp/ktest-results/checkpatch.log)
Job lustre_al2023 completed: SUCCESS (return code = 0, log: /tmp/ktest-results/lustre_al2023.log)
Job lustre_u24 completed: SUCCESS (return code = 0, log: /tmp/ktest-results/lustre_u24.log)
get_archive(ktest-out): 2.95s
Job lustre_mainline_strict completed: FAILED (return code = 1, log: /tmp/ktest-results/lustre_mainline_strict.log)
get_archive(ktest-out): 2.52s
get_archive(ktest-out): 2.53s
Job lustre_mainline completed: SUCCESS (return code = 0, log: /tmp/ktest-results/lustre_mainline.log)
Job lustre_mainline_native completed: SUCCESS (return code = 0, log: /tmp/ktest-results/lustre_mainline_native.log)
Starting job: clang-tidy (ktest-out: /tmp/ktest_lustre_mainline_native_cpm_cjqk)
Starting job: cc-plugin (ktest-out: /tmp/ktest_lustre_mainline_native_cpm_cjqk)
Starting job: boot (ktest-out: /tmp/ktest_lustre_mainline_native_cpm_cjqk)
Starting job: llmount (ktest-out: /tmp/ktest_lustre_mainline_native_cpm_cjqk)
Starting job: llog-unit (ktest-out: /tmp/ktest_lustre_mainline_native_cpm_cjqk)
Starting job: mgs-setup (ktest-out: /tmp/ktest_lustre_mainline_native_cpm_cjqk)
Starting job: sanity-1 (ktest-out: /tmp/ktest_lustre_mainline_native_cpm_cjqk)
Starting job: sanity-2 (ktest-out: /tmp/ktest_lustre_mainline_native_cpm_cjqk)
Starting job: sanity-3 (ktest-out: /tmp/ktest_lustre_mainline_native_cpm_cjqk)
Starting job: sanity-4 (ktest-out: /tmp/ktest_lustre_mainline_native_cpm_cjqk)
put_archive(/tmp/ktest_lustre_mainline_native_cpm_cjqk.tar): 1.17s
put_archive(/tmp/ktest_lustre_mainline_native_cpm_cjqk.tar): 1.48s
put_archive(/tmp/ktest_lustre_mainline_native_cpm_cjqk.tar): 1.51s
put_archive(/tmp/ktest_lustre_mainline_native_cpm_cjqk.tar): 18.05s
put_archive(/tmp/ktest-kernel.tar.gz): 17.36s
put_archive(/tmp/ktest_lustre_mainline_native_cpm_cjqk.tar): 17.51s
put_archive(/tmp/ktest_lustre_mainline_native_cpm_cjqk.tar): 17.46s
put_archive(/tmp/ktest_lustre_mainline_native_cpm_cjqk.tar): 17.55s
put_archive(/tmp/ktest_lustre_mainline_native_cpm_cjqk.tar): 17.57s
put_archive(/tmp/ktest-kernel.tar.gz): 17.70s
put_archive(/tmp/ktest-lustre.tar.gz): 0.95s
put_archive(/tmp/ktest-lustre.tar.gz): 13.89s
put_archive(/tmp/ktest_lustre_mainline_native_cpm_cjqk.tar): 16.58s
put_archive(/tmp/ktest_lustre_mainline_native_cpm_cjqk.tar): 3.49s
Job boot completed: SUCCESS (return code = 0, log: /tmp/ktest-results/boot.log)
Job cc-plugin completed: FAILED (return code = 127, log: /tmp/ktest-results/cc-plugin.log)
Job clang-tidy completed: SUCCESS (return code = 0, log: /tmp/ktest-results/clang-tidy.log)
Job mgs-setup completed: SUCCESS (return code = 0, log: /tmp/ktest-results/mgs-setup.log)
Job sanity-2 completed: SUCCESS (return code = 0, log: /tmp/ktest-results/sanity-2.log)
Job sanity-4 completed: SUCCESS (return code = 0, log: /tmp/ktest-results/sanity-4.log)
Job sanity-1 completed: SUCCESS (return code = 0, log: /tmp/ktest-results/sanity-1.log)
Job sanity-3 completed: SUCCESS (return code = 0, log: /tmp/ktest-results/sanity-3.log)
Job llmount completed: SUCCESS (return code = 0, log: /tmp/ktest-results/llmount.log)
Job llog-unit completed: SUCCESS (return code = 0, log: /tmp/ktest-results/llog-unit.log)

============================================================
Final Results:
  checkpatch: SUCCESS (return code = 0, log: /tmp/ktest-results/checkpatch.log)
  lustre_u24: SUCCESS (return code = 0, log: /tmp/ktest-results/lustre_u24.log)
  lustre_al2023: SUCCESS (return code = 0, log: /tmp/ktest-results/lustre_al2023.log)
  lustre_mainline_strict: FAILED (return code = 1, log: /tmp/ktest-results/lustre_mainline_strict.log)
  lustre_mainline: SUCCESS (return code = 0, log: /tmp/ktest-results/lustre_mainline.log)
  lustre_mainline_native: SUCCESS (return code = 0, log: /tmp/ktest-results/lustre_mainline_native.log)
  clang-tidy: SUCCESS (return code = 0, log: /tmp/ktest-results/clang-tidy.log)
  cc-plugin: FAILED (return code = 127, log: /tmp/ktest-results/cc-plugin.log)
  boot: SUCCESS (return code = 0, log: /tmp/ktest-results/boot.log)
  llmount: SUCCESS (return code = 0, log: /tmp/ktest-results/llmount.log)
  llog-unit: SUCCESS (return code = 0, log: /tmp/ktest-results/llog-unit.log)
  mgs-setup: SUCCESS (return code = 0, log: /tmp/ktest-results/mgs-setup.log)
  sanity-1: SUCCESS (return code = 0, log: /tmp/ktest-results/sanity-1.log)
  sanity-2: SUCCESS (return code = 0, log: /tmp/ktest-results/sanity-2.log)
  sanity-3: SUCCESS (return code = 0, log: /tmp/ktest-results/sanity-3.log)
  sanity-4: SUCCESS (return code = 0, log: /tmp/ktest-results/sanity-4.log)
</pre>
</body>
</html>
