<html lang="en">
<body>
<pre>
Executing 16 jobs with dependencies
Jobs will start as soon as their dependencies are satisfied

Starting job: lustre_al2023 (ktest-out: /tmp/ktest_lustre_al2023_gcujzk1f)
Starting job: lustre_mainline_native (ktest-out: /tmp/ktest_lustre_mainline_native_g_81_ueg)
Starting job: lustre_mainline (ktest-out: /tmp/ktest_lustre_mainline_3itbmtpl)
Starting job: lustre_u24 (ktest-out: /tmp/ktest_lustre_u24_lsqe1lvx)
Starting job: lustre_mainline_strict (ktest-out: /tmp/ktest_lustre_mainline_strict_lb7er1lo)
Starting job: checkpatch (ktest-out: /tmp/ktest_checkpatch_fzjhsv0b)
Job checkpatch completed: FAILED (return code = 1, log: /tmp/ktest-results/checkpatch.log)
Job lustre_u24 completed: FAILED (return code = 2, log: /tmp/ktest-results/lustre_u24.log)
Job lustre_al2023 completed: FAILED (return code = 2, log: /tmp/ktest-results/lustre_al2023.log)
Job lustre_mainline_native completed: FAILED (return code = 1, log: /tmp/ktest-results/lustre_mainline_native.log)
Job lustre_mainline_strict completed: FAILED (return code = 1, log: /tmp/ktest-results/lustre_mainline_strict.log)
Job lustre_mainline completed: FAILED (return code = 1, log: /tmp/ktest-results/lustre_mainline.log)

============================================================
Final Results:
  checkpatch: FAILED (return code = 1, log: /tmp/ktest-results/checkpatch.log)
  lustre_u24: FAILED (return code = 2, log: /tmp/ktest-results/lustre_u24.log)
  lustre_al2023: FAILED (return code = 2, log: /tmp/ktest-results/lustre_al2023.log)
  lustre_mainline_strict: FAILED (return code = 1, log: /tmp/ktest-results/lustre_mainline_strict.log)
  lustre_mainline: FAILED (return code = 1, log: /tmp/ktest-results/lustre_mainline.log)
  lustre_mainline_native: FAILED (return code = 1, log: /tmp/ktest-results/lustre_mainline_native.log)
  clang-tidy: SKIPPED (due to dependency failure)
  cc-plugin: SKIPPED (due to dependency failure)
  boot: SKIPPED (due to dependency failure)
  llmount: SKIPPED (due to dependency failure)
  llog-unit: SKIPPED (due to dependency failure)
  mgs-setup: SKIPPED (due to dependency failure)
  sanity-1: SKIPPED (due to dependency failure)
  sanity-2: SKIPPED (due to dependency failure)
  sanity-3: SKIPPED (due to dependency failure)
  sanity-4: SKIPPED (due to dependency failure)
</pre>
</body>
</html>
