<html lang="en">
<body>
<pre>
Creating kernel tarball at /tmp/ktest-kernel.tar.gz...
Creating lustre tarball at /tmp/ktest-lustre.tar.gz...
Executing 16 jobs with dependencies
Jobs will start as soon as their dependencies are satisfied

Starting job: checkpatch (ktest-out: /tmp/ktest_checkpatch_pwxe2dlp)
Starting job: lustre_mainline_strict (ktest-out: /tmp/ktest_lustre_mainline_strict_d3jouq3i)
Starting job: lustre_u24 (ktest-out: /tmp/ktest_lustre_u24_03gvd659)
Starting job: lustre_mainline_native (ktest-out: /tmp/ktest_lustre_mainline_native_tao_eote)
Starting job: lustre_mainline (ktest-out: /tmp/ktest_lustre_mainline_zds4gu1l)
Starting job: lustre_al2023 (ktest-out: /tmp/ktest_lustre_al2023_u7a5g7fb)
put_archive(/tmp/ktest-kernel.tar.gz): 7.00s
put_archive(/tmp/ktest-kernel.tar.gz): 7.00s
put_archive(/tmp/ktest-kernel.tar.gz): 7.35s
put_archive(/tmp/ktest-kernel.tar.gz): 7.26s
put_archive(/tmp/ktest-kernel.tar.gz): 7.29s
put_archive(/tmp/ktest-kernel.tar.gz): 7.56s
put_archive(/tmp/ktest-lustre.tar.gz): 1.34s
put_archive(/tmp/ktest-lustre.tar.gz): 0.66s
put_archive(/tmp/ktest-lustre.tar.gz): 0.54s
put_archive(/tmp/ktest-lustre.tar.gz): 0.82s
put_archive(/tmp/ktest-lustre.tar.gz): 0.97s
put_archive(/tmp/ktest-lustre.tar.gz): 0.42s
Job checkpatch completed: SUCCESS (return code = 0, log: /tmp/ktest-results/checkpatch.log)
Job lustre_al2023 completed: SUCCESS (return code = 0, log: /tmp/ktest-results/lustre_al2023.log)
Job lustre_u24 completed: SUCCESS (return code = 0, log: /tmp/ktest-results/lustre_u24.log)
get_archive(ktest-out): 3.61s
Job lustre_mainline_strict completed: FAILED (return code = 1, log: /tmp/ktest-results/lustre_mainline_strict.log)
get_archive(ktest-out): 2.59s
get_archive(ktest-out): 2.68s
Job lustre_mainline completed: SUCCESS (return code = 0, log: /tmp/ktest-results/lustre_mainline.log)
Job lustre_mainline_native completed: SUCCESS (return code = 0, log: /tmp/ktest-results/lustre_mainline_native.log)
Starting job: clang-tidy (ktest-out: /tmp/ktest_lustre_mainline_native_tao_eote)
Starting job: cc-plugin (ktest-out: /tmp/ktest_lustre_mainline_native_tao_eote)
Starting job: boot (ktest-out: /tmp/ktest_lustre_mainline_native_tao_eote)
Starting job: llmount (ktest-out: /tmp/ktest_lustre_mainline_native_tao_eote)
Starting job: llog-unit (ktest-out: /tmp/ktest_lustre_mainline_native_tao_eote)
Starting job: mgs-setup (ktest-out: /tmp/ktest_lustre_mainline_native_tao_eote)
Starting job: sanity-1 (ktest-out: /tmp/ktest_lustre_mainline_native_tao_eote)
Starting job: sanity-2 (ktest-out: /tmp/ktest_lustre_mainline_native_tao_eote)
Starting job: sanity-3 (ktest-out: /tmp/ktest_lustre_mainline_native_tao_eote)
Starting job: sanity-4 (ktest-out: /tmp/ktest_lustre_mainline_native_tao_eote)
put_archive(/tmp/ktest_lustre_mainline_native_tao_eote.tar): 1.59s
put_archive(/tmp/ktest_lustre_mainline_native_tao_eote.tar): 1.60s
put_archive(/tmp/ktest_lustre_mainline_native_tao_eote.tar): 8.66s
put_archive(/tmp/ktest_lustre_mainline_native_tao_eote.tar): 11.67s
put_archive(/tmp/ktest-kernel.tar.gz): 13.43s
put_archive(/tmp/ktest_lustre_mainline_native_tao_eote.tar): 11.74s
put_archive(/tmp/ktest_lustre_mainline_native_tao_eote.tar): 11.95s
put_archive(/tmp/ktest_lustre_mainline_native_tao_eote.tar): 11.87s
put_archive(/tmp/ktest-kernel.tar.gz): 13.16s
put_archive(/tmp/ktest_lustre_mainline_native_tao_eote.tar): 12.04s
put_archive(/tmp/ktest-lustre.tar.gz): 1.30s
put_archive(/tmp/ktest-lustre.tar.gz): 16.89s
Job boot completed: SUCCESS (return code = 0, log: /tmp/ktest-results/boot.log)
put_archive(/tmp/ktest_lustre_mainline_native_tao_eote.tar): 4.15s
put_archive(/tmp/ktest_lustre_mainline_native_tao_eote.tar): 19.97s
Job cc-plugin completed: FAILED (return code = 127, log: /tmp/ktest-results/cc-plugin.log)
Job clang-tidy completed: SUCCESS (return code = 0, log: /tmp/ktest-results/clang-tidy.log)
Job mgs-setup completed: SUCCESS (return code = 0, log: /tmp/ktest-results/mgs-setup.log)
Job llmount completed: SUCCESS (return code = 0, log: /tmp/ktest-results/llmount.log)
Job sanity-2 completed: SUCCESS (return code = 0, log: /tmp/ktest-results/sanity-2.log)
Job sanity-3 completed: SUCCESS (return code = 0, log: /tmp/ktest-results/sanity-3.log)
Job sanity-4 completed: SUCCESS (return code = 0, log: /tmp/ktest-results/sanity-4.log)
Job sanity-1 completed: SUCCESS (return code = 0, log: /tmp/ktest-results/sanity-1.log)
Job llog-unit completed: SUCCESS (return code = 0, log: /tmp/ktest-results/llog-unit.log)

============================================================
Final Results:
  checkpatch: SUCCESS (return code = 0, log: /tmp/ktest-results/checkpatch.log)
  lustre_u24: SUCCESS (return code = 0, log: /tmp/ktest-results/lustre_u24.log)
  lustre_al2023: SUCCESS (return code = 0, log: /tmp/ktest-results/lustre_al2023.log)
  lustre_mainline_strict: FAILED (return code = 1, log: /tmp/ktest-results/lustre_mainline_strict.log)
  lustre_mainline: SUCCESS (return code = 0, log: /tmp/ktest-results/lustre_mainline.log)
  lustre_mainline_native: SUCCESS (return code = 0, log: /tmp/ktest-results/lustre_mainline_native.log)
  clang-tidy: SUCCESS (return code = 0, log: /tmp/ktest-results/clang-tidy.log)
  cc-plugin: FAILED (return code = 127, log: /tmp/ktest-results/cc-plugin.log)
  boot: SUCCESS (return code = 0, log: /tmp/ktest-results/boot.log)
  llmount: SUCCESS (return code = 0, log: /tmp/ktest-results/llmount.log)
  llog-unit: SUCCESS (return code = 0, log: /tmp/ktest-results/llog-unit.log)
  mgs-setup: SUCCESS (return code = 0, log: /tmp/ktest-results/mgs-setup.log)
  sanity-1: SUCCESS (return code = 0, log: /tmp/ktest-results/sanity-1.log)
  sanity-2: SUCCESS (return code = 0, log: /tmp/ktest-results/sanity-2.log)
  sanity-3: SUCCESS (return code = 0, log: /tmp/ktest-results/sanity-3.log)
  sanity-4: SUCCESS (return code = 0, log: /tmp/ktest-results/sanity-4.log)
</pre>
</body>
</html>
