Creating kernel tarball at /tmp/ktest-kernel.tar.gz...
Creating lustre tarball at /tmp/ktest-lustre.tar.gz...
Executing 16 jobs with dependencies
Jobs will start as soon as their dependencies are satisfied

Starting job: lustre_mainline_native (ktest-out: /tmp/ktest_lustre_mainline_native__wf3nz6q)
Starting job: lustre_al2023 (ktest-out: /tmp/ktest_lustre_al2023_m66vbz0q)
Starting job: lustre_mainline (ktest-out: /tmp/ktest_lustre_mainline_fgc0e_6o)
Starting job: checkpatch (ktest-out: /tmp/ktest_checkpatch_wtyj6us1)
Starting job: lustre_u24 (ktest-out: /tmp/ktest_lustre_u24_no4ij5r6)
Starting job: lustre_mainline_strict (ktest-out: /tmp/ktest_lustre_mainline_strict_k0x69kc8)
put_archive(/tmp/ktest-kernel.tar.gz): 6.13s
put_archive(/tmp/ktest-kernel.tar.gz): 6.86s
put_archive(/tmp/ktest-kernel.tar.gz): 6.45s
put_archive(/tmp/ktest-kernel.tar.gz): 6.33s
put_archive(/tmp/ktest-kernel.tar.gz): 5.29s
put_archive(/tmp/ktest-kernel.tar.gz): 5.61s
put_archive(/tmp/ktest-lustre.tar.gz): 6.17s
put_archive(/tmp/ktest-lustre.tar.gz): 5.36s
put_archive(/tmp/ktest-lustre.tar.gz): 5.04s
put_archive(/tmp/ktest-lustre.tar.gz): 4.89s
put_archive(/tmp/ktest-lustre.tar.gz): 5.27s
put_archive(/tmp/ktest-lustre.tar.gz): 5.84s
Job checkpatch completed: SUCCESS (return code = 0, log: /tmp/ktest-results/checkpatch.log)
Job lustre_u24 completed: SUCCESS (return code = 0, log: /tmp/ktest-results/lustre_u24.log)
Job lustre_al2023 completed: SUCCESS (return code = 0, log: /tmp/ktest-results/lustre_al2023.log)
get_archive(ktest-out): 4.45s
Job lustre_mainline_strict completed: FAILED (return code = 1, log: /tmp/ktest-results/lustre_mainline_strict.log)
get_archive(ktest-out): 3.10s
get_archive(ktest-out): 3.18s
Job lustre_mainline_native completed: SUCCESS (return code = 0, log: /tmp/ktest-results/lustre_mainline_native.log)
Starting job: clang-tidy (ktest-out: /tmp/ktest_lustre_mainline_native__wf3nz6q)
Starting job: cc-plugin (ktest-out: /tmp/ktest_lustre_mainline_native__wf3nz6q)
Starting job: boot (ktest-out: /tmp/ktest_lustre_mainline_native__wf3nz6q)
Starting job: llmount (ktest-out: /tmp/ktest_lustre_mainline_native__wf3nz6q)
Starting job: llog-unit (ktest-out: /tmp/ktest_lustre_mainline_native__wf3nz6q)
Starting job: mgs-setup (ktest-out: /tmp/ktest_lustre_mainline_native__wf3nz6q)
Starting job: sanity-1 (ktest-out: /tmp/ktest_lustre_mainline_native__wf3nz6q)
Starting job: sanity-2 (ktest-out: /tmp/ktest_lustre_mainline_native__wf3nz6q)
Starting job: sanity-3 (ktest-out: /tmp/ktest_lustre_mainline_native__wf3nz6q)
Starting job: sanity-4 (ktest-out: /tmp/ktest_lustre_mainline_native__wf3nz6q)
Job lustre_mainline completed: SUCCESS (return code = 0, log: /tmp/ktest-results/lustre_mainline.log)
put_archive(/tmp/ktest_lustre_mainline_native__wf3nz6q.tar): 1.70s
put_archive(/tmp/ktest_lustre_mainline_native__wf3nz6q.tar): 18.93s
put_archive(/tmp/ktest_lustre_mainline_native__wf3nz6q.tar): 18.93s
put_archive(/tmp/ktest_lustre_mainline_native__wf3nz6q.tar): 44.73s
put_archive(/tmp/ktest_lustre_mainline_native__wf3nz6q.tar): 44.35s
put_archive(/tmp/ktest_lustre_mainline_native__wf3nz6q.tar): 44.80s
put_archive(/tmp/ktest-kernel.tar.gz): 44.43s
put_archive(/tmp/ktest-lustre.tar.gz): 54.06s
put_archive(/tmp/ktest_lustre_mainline_native__wf3nz6q.tar): 54.34s
put_archive(/tmp/ktest-kernel.tar.gz): 54.03s
put_archive(/tmp/ktest_lustre_mainline_native__wf3nz6q.tar): 54.50s
put_archive(/tmp/ktest_lustre_mainline_native__wf3nz6q.tar): 28.36s
put_archive(/tmp/ktest-lustre.tar.gz): 28.22s
Job mgs-setup completed: SUCCESS (return code = 0, log: /tmp/ktest-results/mgs-setup.log)
Job llmount completed: SUCCESS (return code = 0, log: /tmp/ktest-results/llmount.log)
put_archive(/tmp/ktest_lustre_mainline_native__wf3nz6q.tar): 11.09s
Job boot completed: SUCCESS (return code = 0, log: /tmp/ktest-results/boot.log)
Job cc-plugin completed: FAILED (return code = 127, log: /tmp/ktest-results/cc-plugin.log)
Job llog-unit completed: SUCCESS (return code = 0, log: /tmp/ktest-results/llog-unit.log)
Job clang-tidy completed: SUCCESS (return code = 0, log: /tmp/ktest-results/clang-tidy.log)
Job sanity-4 completed: SUCCESS (return code = 0, log: /tmp/ktest-results/sanity-4.log)
Job sanity-1 completed: SUCCESS (return code = 0, log: /tmp/ktest-results/sanity-1.log)
Job sanity-2 completed: SUCCESS (return code = 0, log: /tmp/ktest-results/sanity-2.log)
Job sanity-3 completed: SUCCESS (return code = 0, log: /tmp/ktest-results/sanity-3.log)

============================================================
Final Results:
  checkpatch: SUCCESS (return code = 0, log: /tmp/ktest-results/checkpatch.log)
  lustre_u24: SUCCESS (return code = 0, log: /tmp/ktest-results/lustre_u24.log)
  lustre_al2023: SUCCESS (return code = 0, log: /tmp/ktest-results/lustre_al2023.log)
  lustre_mainline_strict: FAILED (return code = 1, log: /tmp/ktest-results/lustre_mainline_strict.log)
  lustre_mainline: SUCCESS (return code = 0, log: /tmp/ktest-results/lustre_mainline.log)
  lustre_mainline_native: SUCCESS (return code = 0, log: /tmp/ktest-results/lustre_mainline_native.log)
  clang-tidy: SUCCESS (return code = 0, log: /tmp/ktest-results/clang-tidy.log)
  cc-plugin: FAILED (return code = 127, log: /tmp/ktest-results/cc-plugin.log)
  boot: SUCCESS (return code = 0, log: /tmp/ktest-results/boot.log)
  llmount: SUCCESS (return code = 0, log: /tmp/ktest-results/llmount.log)
  llog-unit: SUCCESS (return code = 0, log: /tmp/ktest-results/llog-unit.log)
  mgs-setup: SUCCESS (return code = 0, log: /tmp/ktest-results/mgs-setup.log)
  sanity-1: SUCCESS (return code = 0, log: /tmp/ktest-results/sanity-1.log)
  sanity-2: SUCCESS (return code = 0, log: /tmp/ktest-results/sanity-2.log)
  sanity-3: SUCCESS (return code = 0, log: /tmp/ktest-results/sanity-3.log)
  sanity-4: SUCCESS (return code = 0, log: /tmp/ktest-results/sanity-4.log)