<html lang="en">
<body>
<pre>
Creating kernel tarball at /tmp/ktest-kernel.tar.gz...
Creating lustre tarball at /tmp/ktest-lustre.tar.gz...
Executing 16 jobs with dependencies
Jobs will start as soon as their dependencies are satisfied

Starting job: lustre_mainline (ktest-out: /tmp/ktest_lustre_mainline_ds06mham)
Starting job: lustre_mainline_native (ktest-out: /tmp/ktest_lustre_mainline_native_6e2of1qk)
Starting job: checkpatch (ktest-out: /tmp/ktest_checkpatch_zkku633e)
Starting job: lustre_al2023 (ktest-out: /tmp/ktest_lustre_al2023_t_25fyb8)
Starting job: lustre_u24 (ktest-out: /tmp/ktest_lustre_u24_qnincpsz)
Starting job: lustre_mainline_strict (ktest-out: /tmp/ktest_lustre_mainline_strict__luxmi50)
put_archive(/tmp/ktest-kernel.tar.gz): 7.16s
put_archive(/tmp/ktest-kernel.tar.gz): 8.13s
put_archive(/tmp/ktest-kernel.tar.gz): 7.99s
put_archive(/tmp/ktest-kernel.tar.gz): 8.10s
put_archive(/tmp/ktest-kernel.tar.gz): 8.05s
put_archive(/tmp/ktest-kernel.tar.gz): 8.18s
put_archive(/tmp/ktest-lustre.tar.gz): 7.70s
put_archive(/tmp/ktest-lustre.tar.gz): 7.88s
put_archive(/tmp/ktest-lustre.tar.gz): 9.43s
put_archive(/tmp/ktest-lustre.tar.gz): 7.49s
put_archive(/tmp/ktest-lustre.tar.gz): 7.36s
put_archive(/tmp/ktest-lustre.tar.gz): 7.66s
Job checkpatch completed: SUCCESS (return code = 0, log: /tmp/ktest-results/checkpatch.log)
Job lustre_al2023 completed: SUCCESS (return code = 0, log: /tmp/ktest-results/lustre_al2023.log)
Job lustre_u24 completed: SUCCESS (return code = 0, log: /tmp/ktest-results/lustre_u24.log)
get_archive(ktest-out): 4.50s
Job lustre_mainline_strict completed: FAILED (return code = 1, log: /tmp/ktest-results/lustre_mainline_strict.log)
get_archive(ktest-out): 3.14s
get_archive(ktest-out): 3.23s
Job lustre_mainline completed: SUCCESS (return code = 0, log: /tmp/ktest-results/lustre_mainline.log)
Job lustre_mainline_native completed: SUCCESS (return code = 0, log: /tmp/ktest-results/lustre_mainline_native.log)
Starting job: clang-tidy (ktest-out: /tmp/ktest_lustre_mainline_native_6e2of1qk)
Starting job: cc-plugin (ktest-out: /tmp/ktest_lustre_mainline_native_6e2of1qk)
Starting job: boot (ktest-out: /tmp/ktest_lustre_mainline_native_6e2of1qk)
Starting job: llmount (ktest-out: /tmp/ktest_lustre_mainline_native_6e2of1qk)
Starting job: llog-unit (ktest-out: /tmp/ktest_lustre_mainline_native_6e2of1qk)
Starting job: mgs-setup (ktest-out: /tmp/ktest_lustre_mainline_native_6e2of1qk)
Starting job: sanity-1 (ktest-out: /tmp/ktest_lustre_mainline_native_6e2of1qk)
Starting job: sanity-2 (ktest-out: /tmp/ktest_lustre_mainline_native_6e2of1qk)
Starting job: sanity-3 (ktest-out: /tmp/ktest_lustre_mainline_native_6e2of1qk)
Starting job: sanity-4 (ktest-out: /tmp/ktest_lustre_mainline_native_6e2of1qk)
put_archive(/tmp/ktest_lustre_mainline_native_6e2of1qk.tar): 2.50s
put_archive(/tmp/ktest-kernel.tar.gz): 8.98s
put_archive(/tmp/ktest_lustre_mainline_native_6e2of1qk.tar): 22.30s
put_archive(/tmp/ktest_lustre_mainline_native_6e2of1qk.tar): 21.49s
put_archive(/tmp/ktest-kernel.tar.gz): 24.09s
put_archive(/tmp/ktest-lustre.tar.gz): 50.57s
put_archive(/tmp/ktest_lustre_mainline_native_6e2of1qk.tar): 33.79s
put_archive(/tmp/ktest-lustre.tar.gz): 32.20s
put_archive(/tmp/ktest_lustre_mainline_native_6e2of1qk.tar): 33.84s
put_archive(/tmp/ktest_lustre_mainline_native_6e2of1qk.tar): 49.82s
put_archive(/tmp/ktest_lustre_mainline_native_6e2of1qk.tar): 49.46s
put_archive(/tmp/ktest_lustre_mainline_native_6e2of1qk.tar): 49.96s
put_archive(/tmp/ktest_lustre_mainline_native_6e2of1qk.tar): 49.64s
put_archive(/tmp/ktest_lustre_mainline_native_6e2of1qk.tar): 49.60s
Job cc-plugin completed: FAILED (return code = 127, log: /tmp/ktest-results/cc-plugin.log)
Job mgs-setup completed: SUCCESS (return code = 0, log: /tmp/ktest-results/mgs-setup.log)
Job clang-tidy completed: SUCCESS (return code = 0, log: /tmp/ktest-results/clang-tidy.log)
Job boot completed: SUCCESS (return code = 0, log: /tmp/ktest-results/boot.log)
Job sanity-3 completed: SUCCESS (return code = 0, log: /tmp/ktest-results/sanity-3.log)
Job sanity-4 completed: SUCCESS (return code = 0, log: /tmp/ktest-results/sanity-4.log)
Job llog-unit completed: SUCCESS (return code = 0, log: /tmp/ktest-results/llog-unit.log)
Job sanity-2 completed: SUCCESS (return code = 0, log: /tmp/ktest-results/sanity-2.log)
Job sanity-1 completed: SUCCESS (return code = 0, log: /tmp/ktest-results/sanity-1.log)
Job llmount completed: SUCCESS (return code = 0, log: /tmp/ktest-results/llmount.log)

============================================================
Final Results:
  checkpatch: SUCCESS (return code = 0, log: /tmp/ktest-results/checkpatch.log)
  lustre_u24: SUCCESS (return code = 0, log: /tmp/ktest-results/lustre_u24.log)
  lustre_al2023: SUCCESS (return code = 0, log: /tmp/ktest-results/lustre_al2023.log)
  lustre_mainline_strict: FAILED (return code = 1, log: /tmp/ktest-results/lustre_mainline_strict.log)
  lustre_mainline: SUCCESS (return code = 0, log: /tmp/ktest-results/lustre_mainline.log)
  lustre_mainline_native: SUCCESS (return code = 0, log: /tmp/ktest-results/lustre_mainline_native.log)
  clang-tidy: SUCCESS (return code = 0, log: /tmp/ktest-results/clang-tidy.log)
  cc-plugin: FAILED (return code = 127, log: /tmp/ktest-results/cc-plugin.log)
  boot: SUCCESS (return code = 0, log: /tmp/ktest-results/boot.log)
  llmount: SUCCESS (return code = 0, log: /tmp/ktest-results/llmount.log)
  llog-unit: SUCCESS (return code = 0, log: /tmp/ktest-results/llog-unit.log)
  mgs-setup: SUCCESS (return code = 0, log: /tmp/ktest-results/mgs-setup.log)
  sanity-1: SUCCESS (return code = 0, log: /tmp/ktest-results/sanity-1.log)
  sanity-2: SUCCESS (return code = 0, log: /tmp/ktest-results/sanity-2.log)
  sanity-3: SUCCESS (return code = 0, log: /tmp/ktest-results/sanity-3.log)
  sanity-4: SUCCESS (return code = 0, log: /tmp/ktest-results/sanity-4.log)
</pre>
</body>
</html>
