Creating kernel tarball at /tmp/ktest-kernel.tar.gz...
Creating lustre tarball at /tmp/ktest-lustre.tar.gz...
Executing 16 jobs with dependencies
Jobs will start as soon as their dependencies are satisfied

Starting job: lustre_u24 (ktest-out: /tmp/ktest_lustre_u24_o6gye25k)
Starting job: checkpatch (ktest-out: /tmp/ktest_checkpatch_so4u93dj)
Starting job: lustre_al2023 (ktest-out: /tmp/ktest_lustre_al2023_thskcawf)
Starting job: lustre_mainline_strict (ktest-out: /tmp/ktest_lustre_mainline_strict_vzeyrwmv)
Starting job: lustre_mainline_native (ktest-out: /tmp/ktest_lustre_mainline_native_mhvh6sr8)
Starting job: lustre_mainline (ktest-out: /tmp/ktest_lustre_mainline_b6rqrfyt)
put_archive(/tmp/ktest-kernel.tar.gz): 6.49s
put_archive(/tmp/ktest-kernel.tar.gz): 7.08s
put_archive(/tmp/ktest-kernel.tar.gz): 6.96s
put_archive(/tmp/ktest-kernel.tar.gz): 7.87s
put_archive(/tmp/ktest-kernel.tar.gz): 7.30s
put_archive(/tmp/ktest-kernel.tar.gz): 7.99s
put_archive(/tmp/ktest-lustre.tar.gz): 9.53s
put_archive(/tmp/ktest-lustre.tar.gz): 7.37s
put_archive(/tmp/ktest-lustre.tar.gz): 7.87s
put_archive(/tmp/ktest-lustre.tar.gz): 7.73s
put_archive(/tmp/ktest-lustre.tar.gz): 7.57s
put_archive(/tmp/ktest-lustre.tar.gz): 7.27s
Job checkpatch completed: SUCCESS (return code = 0, log: /tmp/ktest-results/checkpatch.log)
Job lustre_u24 completed: SUCCESS (return code = 0, log: /tmp/ktest-results/lustre_u24.log)
Job lustre_al2023 completed: SUCCESS (return code = 0, log: /tmp/ktest-results/lustre_al2023.log)
get_archive(ktest-out): 3.40s
Job lustre_mainline_strict completed: FAILED (return code = 1, log: /tmp/ktest-results/lustre_mainline_strict.log)
get_archive(ktest-out): 2.99s
get_archive(ktest-out): 3.04s
Job lustre_mainline completed: SUCCESS (return code = 0, log: /tmp/ktest-results/lustre_mainline.log)
Job lustre_mainline_native completed: SUCCESS (return code = 0, log: /tmp/ktest-results/lustre_mainline_native.log)
Starting job: clang-tidy (ktest-out: /tmp/ktest_lustre_mainline_native_mhvh6sr8)
Starting job: cc-plugin (ktest-out: /tmp/ktest_lustre_mainline_native_mhvh6sr8)
Starting job: boot (ktest-out: /tmp/ktest_lustre_mainline_native_mhvh6sr8)
Starting job: llmount (ktest-out: /tmp/ktest_lustre_mainline_native_mhvh6sr8)
Starting job: llog-unit (ktest-out: /tmp/ktest_lustre_mainline_native_mhvh6sr8)
Starting job: mgs-setup (ktest-out: /tmp/ktest_lustre_mainline_native_mhvh6sr8)
Starting job: sanity-1 (ktest-out: /tmp/ktest_lustre_mainline_native_mhvh6sr8)
Starting job: sanity-2 (ktest-out: /tmp/ktest_lustre_mainline_native_mhvh6sr8)
Starting job: sanity-3 (ktest-out: /tmp/ktest_lustre_mainline_native_mhvh6sr8)
Starting job: sanity-4 (ktest-out: /tmp/ktest_lustre_mainline_native_mhvh6sr8)
put_archive(/tmp/ktest_lustre_mainline_native_mhvh6sr8.tar): 8.40s
put_archive(/tmp/ktest_lustre_mainline_native_mhvh6sr8.tar): 8.54s
put_archive(/tmp/ktest_lustre_mainline_native_mhvh6sr8.tar): 5.71s
put_archive(/tmp/ktest-kernel.tar.gz): 30.37s
put_archive(/tmp/ktest-kernel.tar.gz): 30.39s
put_archive(/tmp/ktest-lustre.tar.gz): 15.31s
put_archive(/tmp/ktest_lustre_mainline_native_mhvh6sr8.tar): 28.30s
put_archive(/tmp/ktest-lustre.tar.gz): 28.56s
put_archive(/tmp/ktest_lustre_mainline_native_mhvh6sr8.tar): 28.74s
put_archive(/tmp/ktest_lustre_mainline_native_mhvh6sr8.tar): 28.34s
put_archive(/tmp/ktest_lustre_mainline_native_mhvh6sr8.tar): 28.34s
put_archive(/tmp/ktest_lustre_mainline_native_mhvh6sr8.tar): 28.82s
put_archive(/tmp/ktest_lustre_mainline_native_mhvh6sr8.tar): 57.41s
put_archive(/tmp/ktest_lustre_mainline_native_mhvh6sr8.tar): 70.85s
Job boot completed: SUCCESS (return code = 0, log: /tmp/ktest-results/boot.log)
Job mgs-setup completed: SUCCESS (return code = 0, log: /tmp/ktest-results/mgs-setup.log)
Job cc-plugin completed: FAILED (return code = 127, log: /tmp/ktest-results/cc-plugin.log)
Job sanity-3 completed: SUCCESS (return code = 0, log: /tmp/ktest-results/sanity-3.log)
Job clang-tidy completed: SUCCESS (return code = 0, log: /tmp/ktest-results/clang-tidy.log)
Job sanity-4 completed: SUCCESS (return code = 0, log: /tmp/ktest-results/sanity-4.log)
Job sanity-2 completed: SUCCESS (return code = 0, log: /tmp/ktest-results/sanity-2.log)
Job llog-unit completed: SUCCESS (return code = 0, log: /tmp/ktest-results/llog-unit.log)
Job llmount completed: SUCCESS (return code = 0, log: /tmp/ktest-results/llmount.log)
Job sanity-1 completed: SUCCESS (return code = 0, log: /tmp/ktest-results/sanity-1.log)

============================================================
Final Results:
  checkpatch: SUCCESS (return code = 0, log: /tmp/ktest-results/checkpatch.log)
  lustre_u24: SUCCESS (return code = 0, log: /tmp/ktest-results/lustre_u24.log)
  lustre_al2023: SUCCESS (return code = 0, log: /tmp/ktest-results/lustre_al2023.log)
  lustre_mainline_strict: FAILED (return code = 1, log: /tmp/ktest-results/lustre_mainline_strict.log)
  lustre_mainline: SUCCESS (return code = 0, log: /tmp/ktest-results/lustre_mainline.log)
  lustre_mainline_native: SUCCESS (return code = 0, log: /tmp/ktest-results/lustre_mainline_native.log)
  clang-tidy: SUCCESS (return code = 0, log: /tmp/ktest-results/clang-tidy.log)
  cc-plugin: FAILED (return code = 127, log: /tmp/ktest-results/cc-plugin.log)
  boot: SUCCESS (return code = 0, log: /tmp/ktest-results/boot.log)
  llmount: SUCCESS (return code = 0, log: /tmp/ktest-results/llmount.log)
  llog-unit: SUCCESS (return code = 0, log: /tmp/ktest-results/llog-unit.log)
  mgs-setup: SUCCESS (return code = 0, log: /tmp/ktest-results/mgs-setup.log)
  sanity-1: SUCCESS (return code = 0, log: /tmp/ktest-results/sanity-1.log)
  sanity-2: SUCCESS (return code = 0, log: /tmp/ktest-results/sanity-2.log)
  sanity-3: SUCCESS (return code = 0, log: /tmp/ktest-results/sanity-3.log)
  sanity-4: SUCCESS (return code = 0, log: /tmp/ktest-results/sanity-4.log)