<html lang="en">
<body>
<pre>
Creating kernel tarball at /tmp/ktest-kernel.tar.gz...
Creating lustre tarball at /tmp/ktest-lustre.tar.gz...
Executing 16 jobs with dependencies
Jobs will start as soon as their dependencies are satisfied

Starting job: lustre_al2023 (ktest-out: /tmp/ktest_lustre_al2023_3aymkvc0)
Starting job: lustre_mainline_native (ktest-out: /tmp/ktest_lustre_mainline_native_j0g510jf)
Starting job: lustre_mainline (ktest-out: /tmp/ktest_lustre_mainline_lk9etjek)
Starting job: lustre_mainline_strict (ktest-out: /tmp/ktest_lustre_mainline_strict_omda33z2)
Starting job: checkpatch (ktest-out: /tmp/ktest_checkpatch_kk2wp5ex)
Starting job: lustre_u24 (ktest-out: /tmp/ktest_lustre_u24_qzmi6pgq)
put_archive(/tmp/ktest-kernel.tar.gz): 7.02s
put_archive(/tmp/ktest-kernel.tar.gz): 7.20s
put_archive(/tmp/ktest-kernel.tar.gz): 6.92s
put_archive(/tmp/ktest-kernel.tar.gz): 7.70s
put_archive(/tmp/ktest-kernel.tar.gz): 7.16s
put_archive(/tmp/ktest-kernel.tar.gz): 7.52s
put_archive(/tmp/ktest-lustre.tar.gz): 0.65s
put_archive(/tmp/ktest-lustre.tar.gz): 0.79s
put_archive(/tmp/ktest-lustre.tar.gz): 0.94s
put_archive(/tmp/ktest-lustre.tar.gz): 0.42s
put_archive(/tmp/ktest-lustre.tar.gz): 0.57s
put_archive(/tmp/ktest-lustre.tar.gz): 1.30s
Job checkpatch completed: SUCCESS (return code = 0, log: /tmp/ktest-results/checkpatch.log)
Job lustre_al2023 completed: SUCCESS (return code = 0, log: /tmp/ktest-results/lustre_al2023.log)
Job lustre_u24 completed: SUCCESS (return code = 0, log: /tmp/ktest-results/lustre_u24.log)
get_archive(ktest-out): 2.93s
Job lustre_mainline_strict completed: FAILED (return code = 1, log: /tmp/ktest-results/lustre_mainline_strict.log)
get_archive(ktest-out): 2.18s
get_archive(ktest-out): 2.21s
Job lustre_mainline_native completed: SUCCESS (return code = 0, log: /tmp/ktest-results/lustre_mainline_native.log)
Starting job: clang-tidy (ktest-out: /tmp/ktest_lustre_mainline_native_j0g510jf)
Starting job: cc-plugin (ktest-out: /tmp/ktest_lustre_mainline_native_j0g510jf)
Starting job: boot (ktest-out: /tmp/ktest_lustre_mainline_native_j0g510jf)
Starting job: llmount (ktest-out: /tmp/ktest_lustre_mainline_native_j0g510jf)
Starting job: llog-unit (ktest-out: /tmp/ktest_lustre_mainline_native_j0g510jf)
Starting job: mgs-setup (ktest-out: /tmp/ktest_lustre_mainline_native_j0g510jf)
Starting job: sanity-1 (ktest-out: /tmp/ktest_lustre_mainline_native_j0g510jf)
Starting job: sanity-2 (ktest-out: /tmp/ktest_lustre_mainline_native_j0g510jf)
Starting job: sanity-3 (ktest-out: /tmp/ktest_lustre_mainline_native_j0g510jf)
Starting job: sanity-4 (ktest-out: /tmp/ktest_lustre_mainline_native_j0g510jf)
Job lustre_mainline completed: SUCCESS (return code = 0, log: /tmp/ktest-results/lustre_mainline.log)
put_archive(/tmp/ktest_lustre_mainline_native_j0g510jf.tar): 2.37s
put_archive(/tmp/ktest_lustre_mainline_native_j0g510jf.tar): 4.10s
put_archive(/tmp/ktest_lustre_mainline_native_j0g510jf.tar): 5.90s
put_archive(/tmp/ktest-kernel.tar.gz): 10.32s
put_archive(/tmp/ktest-kernel.tar.gz): 10.53s
put_archive(/tmp/ktest_lustre_mainline_native_j0g510jf.tar): 10.23s
put_archive(/tmp/ktest_lustre_mainline_native_j0g510jf.tar): 10.26s
put_archive(/tmp/ktest_lustre_mainline_native_j0g510jf.tar): 9.27s
put_archive(/tmp/ktest_lustre_mainline_native_j0g510jf.tar): 9.79s
put_archive(/tmp/ktest_lustre_mainline_native_j0g510jf.tar): 9.34s
put_archive(/tmp/ktest-lustre.tar.gz): 16.64s
put_archive(/tmp/ktest-lustre.tar.gz): 17.60s
put_archive(/tmp/ktest_lustre_mainline_native_j0g510jf.tar): 6.15s
put_archive(/tmp/ktest_lustre_mainline_native_j0g510jf.tar): 5.07s
Job cc-plugin completed: FAILED (return code = 127, log: /tmp/ktest-results/cc-plugin.log)
Job clang-tidy completed: SUCCESS (return code = 0, log: /tmp/ktest-results/clang-tidy.log)
Job boot completed: SUCCESS (return code = 0, log: /tmp/ktest-results/boot.log)
Job mgs-setup completed: SUCCESS (return code = 0, log: /tmp/ktest-results/mgs-setup.log)
Job sanity-1 completed: SUCCESS (return code = 0, log: /tmp/ktest-results/sanity-1.log)
Job llog-unit completed: SUCCESS (return code = 0, log: /tmp/ktest-results/llog-unit.log)
Job sanity-3 completed: SUCCESS (return code = 0, log: /tmp/ktest-results/sanity-3.log)
Job sanity-4 completed: SUCCESS (return code = 0, log: /tmp/ktest-results/sanity-4.log)
Job sanity-2 completed: SUCCESS (return code = 0, log: /tmp/ktest-results/sanity-2.log)
Job llmount completed: SUCCESS (return code = 0, log: /tmp/ktest-results/llmount.log)

============================================================
Final Results:
  checkpatch: SUCCESS (return code = 0, log: /tmp/ktest-results/checkpatch.log)
  lustre_u24: SUCCESS (return code = 0, log: /tmp/ktest-results/lustre_u24.log)
  lustre_al2023: SUCCESS (return code = 0, log: /tmp/ktest-results/lustre_al2023.log)
  lustre_mainline_strict: FAILED (return code = 1, log: /tmp/ktest-results/lustre_mainline_strict.log)
  lustre_mainline: SUCCESS (return code = 0, log: /tmp/ktest-results/lustre_mainline.log)
  lustre_mainline_native: SUCCESS (return code = 0, log: /tmp/ktest-results/lustre_mainline_native.log)
  clang-tidy: SUCCESS (return code = 0, log: /tmp/ktest-results/clang-tidy.log)
  cc-plugin: FAILED (return code = 127, log: /tmp/ktest-results/cc-plugin.log)
  boot: SUCCESS (return code = 0, log: /tmp/ktest-results/boot.log)
  llmount: SUCCESS (return code = 0, log: /tmp/ktest-results/llmount.log)
  llog-unit: SUCCESS (return code = 0, log: /tmp/ktest-results/llog-unit.log)
  mgs-setup: SUCCESS (return code = 0, log: /tmp/ktest-results/mgs-setup.log)
  sanity-1: SUCCESS (return code = 0, log: /tmp/ktest-results/sanity-1.log)
  sanity-2: SUCCESS (return code = 0, log: /tmp/ktest-results/sanity-2.log)
  sanity-3: SUCCESS (return code = 0, log: /tmp/ktest-results/sanity-3.log)
  sanity-4: SUCCESS (return code = 0, log: /tmp/ktest-results/sanity-4.log)
</pre>
</body>
</html>
