Creating kernel tarball at /tmp/ktest-kernel.tar.gz...
Creating lustre tarball at /tmp/ktest-lustre.tar.gz...
Executing 16 jobs with dependencies
Jobs will start as soon as their dependencies are satisfied

Starting job: checkpatch (ktest-out: /tmp/ktest_checkpatch_m8d_6m1v)
Starting job: lustre_al2023 (ktest-out: /tmp/ktest_lustre_al2023_gxwwk4dh)
Starting job: lustre_mainline_strict (ktest-out: /tmp/ktest_lustre_mainline_strict_iucmfwmi)
Starting job: lustre_mainline (ktest-out: /tmp/ktest_lustre_mainline_o7cr42e1)
Starting job: lustre_u24 (ktest-out: /tmp/ktest_lustre_u24_gyngio4m)
Starting job: lustre_mainline_native (ktest-out: /tmp/ktest_lustre_mainline_native_adccfczw)
put_archive(/tmp/ktest-kernel.tar.gz): 9.49s
put_archive(/tmp/ktest-kernel.tar.gz): 9.15s
put_archive(/tmp/ktest-kernel.tar.gz): 10.05s
put_archive(/tmp/ktest-kernel.tar.gz): 9.93s
put_archive(/tmp/ktest-kernel.tar.gz): 9.77s
put_archive(/tmp/ktest-kernel.tar.gz): 9.93s
put_archive(/tmp/ktest-lustre.tar.gz): 9.48s
put_archive(/tmp/ktest-lustre.tar.gz): 8.49s
put_archive(/tmp/ktest-lustre.tar.gz): 8.65s
put_archive(/tmp/ktest-lustre.tar.gz): 8.94s
put_archive(/tmp/ktest-lustre.tar.gz): 8.82s
put_archive(/tmp/ktest-lustre.tar.gz): 8.42s
Job checkpatch completed: SUCCESS (return code = 0, log: /tmp/ktest-results/checkpatch.log)
Job lustre_al2023 completed: SUCCESS (return code = 0, log: /tmp/ktest-results/lustre_al2023.log)
Job lustre_u24 completed: SUCCESS (return code = 0, log: /tmp/ktest-results/lustre_u24.log)
get_archive(ktest-out): 5.11s
Job lustre_mainline_strict completed: FAILED (return code = 1, log: /tmp/ktest-results/lustre_mainline_strict.log)
get_archive(ktest-out): 3.16s
get_archive(ktest-out): 3.25s
Job lustre_mainline completed: SUCCESS (return code = 0, log: /tmp/ktest-results/lustre_mainline.log)
Job lustre_mainline_native completed: SUCCESS (return code = 0, log: /tmp/ktest-results/lustre_mainline_native.log)
Starting job: clang-tidy (ktest-out: /tmp/ktest_lustre_mainline_native_adccfczw)
Starting job: cc-plugin (ktest-out: /tmp/ktest_lustre_mainline_native_adccfczw)
Starting job: boot (ktest-out: /tmp/ktest_lustre_mainline_native_adccfczw)
Starting job: llmount (ktest-out: /tmp/ktest_lustre_mainline_native_adccfczw)
Starting job: llog-unit (ktest-out: /tmp/ktest_lustre_mainline_native_adccfczw)
Starting job: mgs-setup (ktest-out: /tmp/ktest_lustre_mainline_native_adccfczw)
Starting job: sanity-1 (ktest-out: /tmp/ktest_lustre_mainline_native_adccfczw)
Starting job: sanity-2 (ktest-out: /tmp/ktest_lustre_mainline_native_adccfczw)
Starting job: sanity-3 (ktest-out: /tmp/ktest_lustre_mainline_native_adccfczw)
Starting job: sanity-4 (ktest-out: /tmp/ktest_lustre_mainline_native_adccfczw)
put_archive(/tmp/ktest_lustre_mainline_native_adccfczw.tar): 15.67s
put_archive(/tmp/ktest_lustre_mainline_native_adccfczw.tar): 15.31s
put_archive(/tmp/ktest_lustre_mainline_native_adccfczw.tar): 15.35s
put_archive(/tmp/ktest-kernel.tar.gz): 16.00s
put_archive(/tmp/ktest-lustre.tar.gz): 1.72s
put_archive(/tmp/ktest_lustre_mainline_native_adccfczw.tar): 73.35s
put_archive(/tmp/ktest_lustre_mainline_native_adccfczw.tar): 73.29s
put_archive(/tmp/ktest_lustre_mainline_native_adccfczw.tar): 73.56s
put_archive(/tmp/ktest_lustre_mainline_native_adccfczw.tar): 73.28s
put_archive(/tmp/ktest-kernel.tar.gz): 73.35s
put_archive(/tmp/ktest_lustre_mainline_native_adccfczw.tar): 73.01s
put_archive(/tmp/ktest_lustre_mainline_native_adccfczw.tar): 73.46s
put_archive(/tmp/ktest-lustre.tar.gz): 53.51s
put_archive(/tmp/ktest_lustre_mainline_native_adccfczw.tar): 12.41s
Job cc-plugin completed: FAILED (return code = 127, log: /tmp/ktest-results/cc-plugin.log)
Job clang-tidy completed: SUCCESS (return code = 0, log: /tmp/ktest-results/clang-tidy.log)
Job boot completed: SUCCESS (return code = 0, log: /tmp/ktest-results/boot.log)
Job sanity-4 completed: SUCCESS (return code = 0, log: /tmp/ktest-results/sanity-4.log)
Job sanity-1 completed: SUCCESS (return code = 0, log: /tmp/ktest-results/sanity-1.log)
Job llog-unit completed: SUCCESS (return code = 0, log: /tmp/ktest-results/llog-unit.log)
Job mgs-setup completed: SUCCESS (return code = 0, log: /tmp/ktest-results/mgs-setup.log)
Job sanity-3 completed: SUCCESS (return code = 0, log: /tmp/ktest-results/sanity-3.log)
Job sanity-2 completed: SUCCESS (return code = 0, log: /tmp/ktest-results/sanity-2.log)
Job llmount completed: SUCCESS (return code = 0, log: /tmp/ktest-results/llmount.log)

============================================================
Final Results:
  checkpatch: SUCCESS (return code = 0, log: /tmp/ktest-results/checkpatch.log)
  lustre_u24: SUCCESS (return code = 0, log: /tmp/ktest-results/lustre_u24.log)
  lustre_al2023: SUCCESS (return code = 0, log: /tmp/ktest-results/lustre_al2023.log)
  lustre_mainline_strict: FAILED (return code = 1, log: /tmp/ktest-results/lustre_mainline_strict.log)
  lustre_mainline: SUCCESS (return code = 0, log: /tmp/ktest-results/lustre_mainline.log)
  lustre_mainline_native: SUCCESS (return code = 0, log: /tmp/ktest-results/lustre_mainline_native.log)
  clang-tidy: SUCCESS (return code = 0, log: /tmp/ktest-results/clang-tidy.log)
  cc-plugin: FAILED (return code = 127, log: /tmp/ktest-results/cc-plugin.log)
  boot: SUCCESS (return code = 0, log: /tmp/ktest-results/boot.log)
  llmount: SUCCESS (return code = 0, log: /tmp/ktest-results/llmount.log)
  llog-unit: SUCCESS (return code = 0, log: /tmp/ktest-results/llog-unit.log)
  mgs-setup: SUCCESS (return code = 0, log: /tmp/ktest-results/mgs-setup.log)
  sanity-1: SUCCESS (return code = 0, log: /tmp/ktest-results/sanity-1.log)
  sanity-2: SUCCESS (return code = 0, log: /tmp/ktest-results/sanity-2.log)
  sanity-3: SUCCESS (return code = 0, log: /tmp/ktest-results/sanity-3.log)
  sanity-4: SUCCESS (return code = 0, log: /tmp/ktest-results/sanity-4.log)