<html lang="en">
<body>
<pre>
Executing 18 jobs with dependencies
Jobs will start as soon as their dependencies are satisfied

Starting job: lustre_al2023_userland (ktest-out: /tmp/ktest_lustre_al2023_userland_dejsl9an)
Starting job: lustre_mainline (ktest-out: /tmp/ktest_lustre_mainline_xxjsvcsc)
Starting job: lustre_mainline_strict (ktest-out: /tmp/ktest_lustre_mainline_strict_9ni12min)
Starting job: lustre_u24_userland (ktest-out: /tmp/ktest_lustre_u24_userland_rqucdqwn)
Starting job: lustre_mainline_native (ktest-out: /tmp/ktest_lustre_mainline_native_61r1tcwe)
Starting job: checkpatch (ktest-out: /tmp/ktest_checkpatch_d902tvw0)
Starting job: lustre_al2023 (ktest-out: /tmp/ktest_lustre_al2023_x8k38x8f)
Starting job: lustre_u24 (ktest-out: /tmp/ktest_lustre_u24_uoj6bsb9)
Job checkpatch completed: FAILED (return code = 1, log: /tmp/ktest-results/checkpatch.log)
Job lustre_al2023_userland completed: FAILED (return code = 2, log: /tmp/ktest-results/lustre_al2023_userland.log)
Job lustre_u24_userland completed: FAILED (return code = 2, log: /tmp/ktest-results/lustre_u24_userland.log)
Job lustre_al2023 completed: SUCCESS (return code = 0, log: /tmp/ktest-results/lustre_al2023.log)
Job lustre_u24 completed: SUCCESS (return code = 0, log: /tmp/ktest-results/lustre_u24.log)
Job lustre_mainline_strict completed: FAILED (return code = 1, log: /tmp/ktest-results/lustre_mainline_strict.log)
Job lustre_mainline_native completed: SUCCESS (return code = 0, log: /tmp/ktest-results/lustre_mainline_native.log)
Starting job: clang-tidy (ktest-out: /tmp/ktest_lustre_mainline_native_61r1tcwe)
Starting job: cc-plugin (ktest-out: /tmp/ktest_lustre_mainline_native_61r1tcwe)
Starting job: boot (ktest-out: /tmp/ktest_lustre_mainline_native_61r1tcwe)
Starting job: llmount (ktest-out: /tmp/ktest_lustre_mainline_native_61r1tcwe)
Starting job: llog-unit (ktest-out: /tmp/ktest_lustre_mainline_native_61r1tcwe)
Starting job: mgs-setup (ktest-out: /tmp/ktest_lustre_mainline_native_61r1tcwe)
Starting job: sanity-1 (ktest-out: /tmp/ktest_lustre_mainline_native_61r1tcwe)
Starting job: sanity-2 (ktest-out: /tmp/ktest_lustre_mainline_native_61r1tcwe)
Starting job: sanity-3 (ktest-out: /tmp/ktest_lustre_mainline_native_61r1tcwe)
Starting job: sanity-4 (ktest-out: /tmp/ktest_lustre_mainline_native_61r1tcwe)
Job lustre_mainline completed: SUCCESS (return code = 0, log: /tmp/ktest-results/lustre_mainline.log)
Job cc-plugin completed: SUCCESS (return code = 0, log: /tmp/ktest-results/cc-plugin.log)
Job clang-tidy completed: SUCCESS (return code = 0, log: /tmp/ktest-results/clang-tidy.log)
Job boot completed: SUCCESS (return code = 0, log: /tmp/ktest-results/boot.log)
Job mgs-setup completed: SUCCESS (return code = 0, log: /tmp/ktest-results/mgs-setup.log)
Job sanity-2 completed: SUCCESS (return code = 0, log: /tmp/ktest-results/sanity-2.log)
Job sanity-4 completed: SUCCESS (return code = 0, log: /tmp/ktest-results/sanity-4.log)
Job sanity-3 completed: SUCCESS (return code = 0, log: /tmp/ktest-results/sanity-3.log)
Job sanity-1 completed: SUCCESS (return code = 0, log: /tmp/ktest-results/sanity-1.log)
Job llmount completed: SUCCESS (return code = 0, log: /tmp/ktest-results/llmount.log)
Job llog-unit completed: SUCCESS (return code = 0, log: /tmp/ktest-results/llog-unit.log)

============================================================
Final Results:
  checkpatch: FAILED (return code = 1, log: /tmp/ktest-results/checkpatch.log)
  lustre_u24: SUCCESS (return code = 0, log: /tmp/ktest-results/lustre_u24.log)
  lustre_al2023: SUCCESS (return code = 0, log: /tmp/ktest-results/lustre_al2023.log)
  lustre_u24_userland: FAILED (return code = 2, log: /tmp/ktest-results/lustre_u24_userland.log)
  lustre_al2023_userland: FAILED (return code = 2, log: /tmp/ktest-results/lustre_al2023_userland.log)
  lustre_mainline_strict: FAILED (return code = 1, log: /tmp/ktest-results/lustre_mainline_strict.log)
  lustre_mainline: SUCCESS (return code = 0, log: /tmp/ktest-results/lustre_mainline.log)
  lustre_mainline_native: SUCCESS (return code = 0, log: /tmp/ktest-results/lustre_mainline_native.log)
  clang-tidy: SUCCESS (return code = 0, log: /tmp/ktest-results/clang-tidy.log)
  cc-plugin: SUCCESS (return code = 0, log: /tmp/ktest-results/cc-plugin.log)
  boot: SUCCESS (return code = 0, log: /tmp/ktest-results/boot.log)
  llmount: SUCCESS (return code = 0, log: /tmp/ktest-results/llmount.log)
  llog-unit: SUCCESS (return code = 0, log: /tmp/ktest-results/llog-unit.log)
  mgs-setup: SUCCESS (return code = 0, log: /tmp/ktest-results/mgs-setup.log)
  sanity-1: SUCCESS (return code = 0, log: /tmp/ktest-results/sanity-1.log)
  sanity-2: SUCCESS (return code = 0, log: /tmp/ktest-results/sanity-2.log)
  sanity-3: SUCCESS (return code = 0, log: /tmp/ktest-results/sanity-3.log)
  sanity-4: SUCCESS (return code = 0, log: /tmp/ktest-results/sanity-4.log)
</pre>
</body>
</html>
