<html lang="en">
<body>
<pre>
Creating kernel tarball at /tmp/ktest-kernel.tar.gz...
Creating lustre tarball at /tmp/ktest-lustre.tar.gz...
Executing 16 jobs with dependencies
Jobs will start as soon as their dependencies are satisfied

Starting job: lustre_mainline_native (ktest-out: /tmp/ktest_lustre_mainline_native_946jjsq_)
Starting job: lustre_al2023 (ktest-out: /tmp/ktest_lustre_al2023_14f03oys)
Starting job: checkpatch (ktest-out: /tmp/ktest_checkpatch_yeyoo3am)
Starting job: lustre_mainline_strict (ktest-out: /tmp/ktest_lustre_mainline_strict_eo6ex9n1)
Starting job: lustre_u24 (ktest-out: /tmp/ktest_lustre_u24_gsg93nm8)
Starting job: lustre_mainline (ktest-out: /tmp/ktest_lustre_mainline_1z7jhhqt)
put_archive(/tmp/ktest-kernel.tar.gz): 7.54s
put_archive(/tmp/ktest-kernel.tar.gz): 7.45s
put_archive(/tmp/ktest-kernel.tar.gz): 7.79s
put_archive(/tmp/ktest-kernel.tar.gz): 6.72s
put_archive(/tmp/ktest-kernel.tar.gz): 7.49s
put_archive(/tmp/ktest-kernel.tar.gz): 7.65s
put_archive(/tmp/ktest-lustre.tar.gz): 0.77s
put_archive(/tmp/ktest-lustre.tar.gz): 0.91s
put_archive(/tmp/ktest-lustre.tar.gz): 0.53s
put_archive(/tmp/ktest-lustre.tar.gz): 0.67s
put_archive(/tmp/ktest-lustre.tar.gz): 0.42s
put_archive(/tmp/ktest-lustre.tar.gz): 1.38s
Job checkpatch completed: SUCCESS (return code = 0, log: /tmp/ktest-results/checkpatch.log)
Job lustre_al2023 completed: SUCCESS (return code = 0, log: /tmp/ktest-results/lustre_al2023.log)
Job lustre_u24 completed: SUCCESS (return code = 0, log: /tmp/ktest-results/lustre_u24.log)
get_archive(ktest-out): 3.18s
Job lustre_mainline_strict completed: FAILED (return code = 1, log: /tmp/ktest-results/lustre_mainline_strict.log)
get_archive(ktest-out): 1.73s
Job lustre_mainline_native completed: SUCCESS (return code = 0, log: /tmp/ktest-results/lustre_mainline_native.log)
Starting job: clang-tidy (ktest-out: /tmp/ktest_lustre_mainline_native_946jjsq_)
Starting job: cc-plugin (ktest-out: /tmp/ktest_lustre_mainline_native_946jjsq_)
Starting job: boot (ktest-out: /tmp/ktest_lustre_mainline_native_946jjsq_)
Starting job: llmount (ktest-out: /tmp/ktest_lustre_mainline_native_946jjsq_)
Starting job: llog-unit (ktest-out: /tmp/ktest_lustre_mainline_native_946jjsq_)
Starting job: mgs-setup (ktest-out: /tmp/ktest_lustre_mainline_native_946jjsq_)
Starting job: sanity-1 (ktest-out: /tmp/ktest_lustre_mainline_native_946jjsq_)
Starting job: sanity-2 (ktest-out: /tmp/ktest_lustre_mainline_native_946jjsq_)
Starting job: sanity-3 (ktest-out: /tmp/ktest_lustre_mainline_native_946jjsq_)
Starting job: sanity-4 (ktest-out: /tmp/ktest_lustre_mainline_native_946jjsq_)
get_archive(ktest-out): 2.15s
Job lustre_mainline completed: SUCCESS (return code = 0, log: /tmp/ktest-results/lustre_mainline.log)
put_archive(/tmp/ktest_lustre_mainline_native_946jjsq_.tar): 1.21s
put_archive(/tmp/ktest_lustre_mainline_native_946jjsq_.tar): 1.15s
put_archive(/tmp/ktest-kernel.tar.gz): 10.34s
put_archive(/tmp/ktest_lustre_mainline_native_946jjsq_.tar): 9.37s
put_archive(/tmp/ktest_lustre_mainline_native_946jjsq_.tar): 9.40s
put_archive(/tmp/ktest_lustre_mainline_native_946jjsq_.tar): 9.26s
put_archive(/tmp/ktest_lustre_mainline_native_946jjsq_.tar): 9.27s
put_archive(/tmp/ktest_lustre_mainline_native_946jjsq_.tar): 9.28s
put_archive(/tmp/ktest_lustre_mainline_native_946jjsq_.tar): 9.44s
put_archive(/tmp/ktest-kernel.tar.gz): 9.79s
put_archive(/tmp/ktest-lustre.tar.gz): 1.23s
put_archive(/tmp/ktest-lustre.tar.gz): 16.02s
put_archive(/tmp/ktest_lustre_mainline_native_946jjsq_.tar): 20.84s
put_archive(/tmp/ktest_lustre_mainline_native_946jjsq_.tar): 5.58s
Job cc-plugin completed: FAILED (return code = 127, log: /tmp/ktest-results/cc-plugin.log)
Job clang-tidy completed: SUCCESS (return code = 0, log: /tmp/ktest-results/clang-tidy.log)
Job boot completed: SUCCESS (return code = 0, log: /tmp/ktest-results/boot.log)
Job mgs-setup completed: SUCCESS (return code = 0, log: /tmp/ktest-results/mgs-setup.log)
Job sanity-1 completed: SUCCESS (return code = 0, log: /tmp/ktest-results/sanity-1.log)
Job llmount completed: SUCCESS (return code = 0, log: /tmp/ktest-results/llmount.log)
Job sanity-3 completed: SUCCESS (return code = 0, log: /tmp/ktest-results/sanity-3.log)
Job llog-unit completed: SUCCESS (return code = 0, log: /tmp/ktest-results/llog-unit.log)
Job sanity-2 completed: SUCCESS (return code = 0, log: /tmp/ktest-results/sanity-2.log)
Job sanity-4 completed: SUCCESS (return code = 0, log: /tmp/ktest-results/sanity-4.log)

============================================================
Final Results:
  checkpatch: SUCCESS (return code = 0, log: /tmp/ktest-results/checkpatch.log)
  lustre_u24: SUCCESS (return code = 0, log: /tmp/ktest-results/lustre_u24.log)
  lustre_al2023: SUCCESS (return code = 0, log: /tmp/ktest-results/lustre_al2023.log)
  lustre_mainline_strict: FAILED (return code = 1, log: /tmp/ktest-results/lustre_mainline_strict.log)
  lustre_mainline: SUCCESS (return code = 0, log: /tmp/ktest-results/lustre_mainline.log)
  lustre_mainline_native: SUCCESS (return code = 0, log: /tmp/ktest-results/lustre_mainline_native.log)
  clang-tidy: SUCCESS (return code = 0, log: /tmp/ktest-results/clang-tidy.log)
  cc-plugin: FAILED (return code = 127, log: /tmp/ktest-results/cc-plugin.log)
  boot: SUCCESS (return code = 0, log: /tmp/ktest-results/boot.log)
  llmount: SUCCESS (return code = 0, log: /tmp/ktest-results/llmount.log)
  llog-unit: SUCCESS (return code = 0, log: /tmp/ktest-results/llog-unit.log)
  mgs-setup: SUCCESS (return code = 0, log: /tmp/ktest-results/mgs-setup.log)
  sanity-1: SUCCESS (return code = 0, log: /tmp/ktest-results/sanity-1.log)
  sanity-2: SUCCESS (return code = 0, log: /tmp/ktest-results/sanity-2.log)
  sanity-3: SUCCESS (return code = 0, log: /tmp/ktest-results/sanity-3.log)
  sanity-4: SUCCESS (return code = 0, log: /tmp/ktest-results/sanity-4.log)
</pre>
</body>
</html>
