<html lang="en">
<body>
<pre>
Creating kernel tarball at /tmp/ktest-kernel.tar.gz...
Creating lustre tarball at /tmp/ktest-lustre.tar.gz...
Executing 16 jobs with dependencies
Jobs will start as soon as their dependencies are satisfied

Starting job: checkpatch (ktest-out: /tmp/ktest_checkpatch_1g1f57nk)
Starting job: lustre_al2023 (ktest-out: /tmp/ktest_lustre_al2023_384ebtwr)
Starting job: lustre_mainline_native (ktest-out: /tmp/ktest_lustre_mainline_native_t9vd2l4w)
Starting job: lustre_mainline (ktest-out: /tmp/ktest_lustre_mainline_9zax2p_e)
Starting job: lustre_u24 (ktest-out: /tmp/ktest_lustre_u24__068hmra)
Starting job: lustre_mainline_strict (ktest-out: /tmp/ktest_lustre_mainline_strict_hfwegcnl)
put_archive(/tmp/ktest-kernel.tar.gz): 6.47s
put_archive(/tmp/ktest-kernel.tar.gz): 6.46s
put_archive(/tmp/ktest-kernel.tar.gz): 6.22s
put_archive(/tmp/ktest-kernel.tar.gz): 6.46s
put_archive(/tmp/ktest-kernel.tar.gz): 5.71s
put_archive(/tmp/ktest-kernel.tar.gz): 6.51s
put_archive(/tmp/ktest-lustre.tar.gz): 1.33s
put_archive(/tmp/ktest-lustre.tar.gz): 1.50s
put_archive(/tmp/ktest-lustre.tar.gz): 2.39s
put_archive(/tmp/ktest-lustre.tar.gz): 2.14s
put_archive(/tmp/ktest-lustre.tar.gz): 1.36s
put_archive(/tmp/ktest-lustre.tar.gz): 2.57s
Job checkpatch completed: FAILED (return code = 1, log: /tmp/ktest-results/checkpatch.log)
Job lustre_u24 completed: SUCCESS (return code = 0, log: /tmp/ktest-results/lustre_u24.log)
Job lustre_al2023 completed: SUCCESS (return code = 0, log: /tmp/ktest-results/lustre_al2023.log)
get_archive(ktest-out): 3.40s
Job lustre_mainline_strict completed: FAILED (return code = 1, log: /tmp/ktest-results/lustre_mainline_strict.log)
get_archive(ktest-out): 3.04s
get_archive(ktest-out): 3.17s
Job lustre_mainline completed: SUCCESS (return code = 0, log: /tmp/ktest-results/lustre_mainline.log)
Job lustre_mainline_native completed: SUCCESS (return code = 0, log: /tmp/ktest-results/lustre_mainline_native.log)
Starting job: clang-tidy (ktest-out: /tmp/ktest_lustre_mainline_native_t9vd2l4w)
Starting job: cc-plugin (ktest-out: /tmp/ktest_lustre_mainline_native_t9vd2l4w)
Starting job: boot (ktest-out: /tmp/ktest_lustre_mainline_native_t9vd2l4w)
Starting job: llmount (ktest-out: /tmp/ktest_lustre_mainline_native_t9vd2l4w)
Starting job: llog-unit (ktest-out: /tmp/ktest_lustre_mainline_native_t9vd2l4w)
Starting job: mgs-setup (ktest-out: /tmp/ktest_lustre_mainline_native_t9vd2l4w)
Starting job: sanity-1 (ktest-out: /tmp/ktest_lustre_mainline_native_t9vd2l4w)
Starting job: sanity-2 (ktest-out: /tmp/ktest_lustre_mainline_native_t9vd2l4w)
Starting job: sanity-3 (ktest-out: /tmp/ktest_lustre_mainline_native_t9vd2l4w)
Starting job: sanity-4 (ktest-out: /tmp/ktest_lustre_mainline_native_t9vd2l4w)
put_archive(/tmp/ktest_lustre_mainline_native_t9vd2l4w.tar): 1.52s
put_archive(/tmp/ktest-kernel.tar.gz): 18.08s
put_archive(/tmp/ktest_lustre_mainline_native_t9vd2l4w.tar): 18.56s
put_archive(/tmp/ktest_lustre_mainline_native_t9vd2l4w.tar): 19.01s
put_archive(/tmp/ktest_lustre_mainline_native_t9vd2l4w.tar): 18.44s
put_archive(/tmp/ktest_lustre_mainline_native_t9vd2l4w.tar): 18.40s
put_archive(/tmp/ktest_lustre_mainline_native_t9vd2l4w.tar): 18.07s
put_archive(/tmp/ktest_lustre_mainline_native_t9vd2l4w.tar): 18.42s
put_archive(/tmp/ktest_lustre_mainline_native_t9vd2l4w.tar): 18.69s
put_archive(/tmp/ktest-kernel.tar.gz): 18.61s
put_archive(/tmp/ktest-lustre.tar.gz): 31.58s
put_archive(/tmp/ktest-lustre.tar.gz): 29.53s
put_archive(/tmp/ktest_lustre_mainline_native_t9vd2l4w.tar): 12.22s
put_archive(/tmp/ktest_lustre_mainline_native_t9vd2l4w.tar): 12.27s
Job cc-plugin completed: FAILED (return code = 127, log: /tmp/ktest-results/cc-plugin.log)
Job clang-tidy completed: SUCCESS (return code = 0, log: /tmp/ktest-results/clang-tidy.log)
Job boot completed: SUCCESS (return code = 0, log: /tmp/ktest-results/boot.log)
Job mgs-setup completed: SUCCESS (return code = 0, log: /tmp/ktest-results/mgs-setup.log)
Job sanity-4 completed: SUCCESS (return code = 0, log: /tmp/ktest-results/sanity-4.log)
Job sanity-2 completed: SUCCESS (return code = 0, log: /tmp/ktest-results/sanity-2.log)
Job llmount completed: SUCCESS (return code = 0, log: /tmp/ktest-results/llmount.log)
Job llog-unit completed: SUCCESS (return code = 0, log: /tmp/ktest-results/llog-unit.log)
Job sanity-1 completed: SUCCESS (return code = 0, log: /tmp/ktest-results/sanity-1.log)
Job sanity-3 completed: SUCCESS (return code = 0, log: /tmp/ktest-results/sanity-3.log)

============================================================
Final Results:
  checkpatch: FAILED (return code = 1, log: /tmp/ktest-results/checkpatch.log)
  lustre_u24: SUCCESS (return code = 0, log: /tmp/ktest-results/lustre_u24.log)
  lustre_al2023: SUCCESS (return code = 0, log: /tmp/ktest-results/lustre_al2023.log)
  lustre_mainline_strict: FAILED (return code = 1, log: /tmp/ktest-results/lustre_mainline_strict.log)
  lustre_mainline: SUCCESS (return code = 0, log: /tmp/ktest-results/lustre_mainline.log)
  lustre_mainline_native: SUCCESS (return code = 0, log: /tmp/ktest-results/lustre_mainline_native.log)
  clang-tidy: SUCCESS (return code = 0, log: /tmp/ktest-results/clang-tidy.log)
  cc-plugin: FAILED (return code = 127, log: /tmp/ktest-results/cc-plugin.log)
  boot: SUCCESS (return code = 0, log: /tmp/ktest-results/boot.log)
  llmount: SUCCESS (return code = 0, log: /tmp/ktest-results/llmount.log)
  llog-unit: SUCCESS (return code = 0, log: /tmp/ktest-results/llog-unit.log)
  mgs-setup: SUCCESS (return code = 0, log: /tmp/ktest-results/mgs-setup.log)
  sanity-1: SUCCESS (return code = 0, log: /tmp/ktest-results/sanity-1.log)
  sanity-2: SUCCESS (return code = 0, log: /tmp/ktest-results/sanity-2.log)
  sanity-3: SUCCESS (return code = 0, log: /tmp/ktest-results/sanity-3.log)
  sanity-4: SUCCESS (return code = 0, log: /tmp/ktest-results/sanity-4.log)
</pre>
</body>
</html>
