<html lang="en">
<body>
<pre>
Creating kernel tarball at /tmp/ktest-kernel.tar.gz...
Creating lustre tarball at /tmp/ktest-lustre.tar.gz...
Executing 16 jobs with dependencies
Jobs will start as soon as their dependencies are satisfied

Starting job: lustre_u24 (ktest-out: /tmp/ktest_lustre_u24_7lk1utff)
Starting job: lustre_mainline (ktest-out: /tmp/ktest_lustre_mainline_fwgpm75_)
Starting job: checkpatch (ktest-out: /tmp/ktest_checkpatch_2ycrc7h3)
Starting job: lustre_mainline_native (ktest-out: /tmp/ktest_lustre_mainline_native_vat8428d)
Starting job: lustre_mainline_strict (ktest-out: /tmp/ktest_lustre_mainline_strict_u4_hbg85)
Starting job: lustre_al2023 (ktest-out: /tmp/ktest_lustre_al2023_4d2bs6se)
put_archive(/tmp/ktest-kernel.tar.gz): 7.59s
put_archive(/tmp/ktest-kernel.tar.gz): 6.74s
put_archive(/tmp/ktest-kernel.tar.gz): 7.70s
put_archive(/tmp/ktest-kernel.tar.gz): 7.66s
put_archive(/tmp/ktest-kernel.tar.gz): 8.05s
put_archive(/tmp/ktest-kernel.tar.gz): 7.29s
put_archive(/tmp/ktest-lustre.tar.gz): 0.77s
put_archive(/tmp/ktest-lustre.tar.gz): 0.91s
put_archive(/tmp/ktest-lustre.tar.gz): 0.53s
put_archive(/tmp/ktest-lustre.tar.gz): 0.40s
put_archive(/tmp/ktest-lustre.tar.gz): 1.16s
put_archive(/tmp/ktest-lustre.tar.gz): 0.68s
Job checkpatch completed: SUCCESS (return code = 0, log: /tmp/ktest-results/checkpatch.log)
Job lustre_al2023 completed: SUCCESS (return code = 0, log: /tmp/ktest-results/lustre_al2023.log)
Job lustre_u24 completed: SUCCESS (return code = 0, log: /tmp/ktest-results/lustre_u24.log)
get_archive(ktest-out): 3.39s
Job lustre_mainline_strict completed: FAILED (return code = 1, log: /tmp/ktest-results/lustre_mainline_strict.log)
get_archive(ktest-out): 2.44s
get_archive(ktest-out): 2.49s
Job lustre_mainline_native completed: SUCCESS (return code = 0, log: /tmp/ktest-results/lustre_mainline_native.log)
Starting job: clang-tidy (ktest-out: /tmp/ktest_lustre_mainline_native_vat8428d)
Starting job: cc-plugin (ktest-out: /tmp/ktest_lustre_mainline_native_vat8428d)
Starting job: boot (ktest-out: /tmp/ktest_lustre_mainline_native_vat8428d)
Starting job: llmount (ktest-out: /tmp/ktest_lustre_mainline_native_vat8428d)
Starting job: llog-unit (ktest-out: /tmp/ktest_lustre_mainline_native_vat8428d)
Starting job: mgs-setup (ktest-out: /tmp/ktest_lustre_mainline_native_vat8428d)
Starting job: sanity-1 (ktest-out: /tmp/ktest_lustre_mainline_native_vat8428d)
Starting job: sanity-2 (ktest-out: /tmp/ktest_lustre_mainline_native_vat8428d)
Starting job: sanity-3 (ktest-out: /tmp/ktest_lustre_mainline_native_vat8428d)
Starting job: sanity-4 (ktest-out: /tmp/ktest_lustre_mainline_native_vat8428d)
Job lustre_mainline completed: SUCCESS (return code = 0, log: /tmp/ktest-results/lustre_mainline.log)
put_archive(/tmp/ktest_lustre_mainline_native_vat8428d.tar): 1.09s
put_archive(/tmp/ktest_lustre_mainline_native_vat8428d.tar): 2.42s
put_archive(/tmp/ktest_lustre_mainline_native_vat8428d.tar): 2.09s
put_archive(/tmp/ktest_lustre_mainline_native_vat8428d.tar): 2.14s
put_archive(/tmp/ktest_lustre_mainline_native_vat8428d.tar): 10.38s
put_archive(/tmp/ktest_lustre_mainline_native_vat8428d.tar): 10.45s
put_archive(/tmp/ktest-kernel.tar.gz): 12.78s
put_archive(/tmp/ktest_lustre_mainline_native_vat8428d.tar): 10.46s
put_archive(/tmp/ktest_lustre_mainline_native_vat8428d.tar): 10.52s
put_archive(/tmp/ktest-kernel.tar.gz): 12.79s
put_archive(/tmp/ktest-lustre.tar.gz): 0.74s
put_archive(/tmp/ktest-lustre.tar.gz): 9.96s
put_archive(/tmp/ktest_lustre_mainline_native_vat8428d.tar): 5.56s
put_archive(/tmp/ktest_lustre_mainline_native_vat8428d.tar): 15.00s
Job cc-plugin completed: FAILED (return code = 127, log: /tmp/ktest-results/cc-plugin.log)
Job boot completed: SUCCESS (return code = 0, log: /tmp/ktest-results/boot.log)
Job clang-tidy completed: SUCCESS (return code = 0, log: /tmp/ktest-results/clang-tidy.log)
Job mgs-setup completed: SUCCESS (return code = 0, log: /tmp/ktest-results/mgs-setup.log)
Job sanity-2 completed: SUCCESS (return code = 0, log: /tmp/ktest-results/sanity-2.log)
Job sanity-3 completed: SUCCESS (return code = 0, log: /tmp/ktest-results/sanity-3.log)
Job llmount completed: SUCCESS (return code = 0, log: /tmp/ktest-results/llmount.log)
Job sanity-4 completed: SUCCESS (return code = 0, log: /tmp/ktest-results/sanity-4.log)
Job sanity-1 completed: SUCCESS (return code = 0, log: /tmp/ktest-results/sanity-1.log)
Job llog-unit completed: SUCCESS (return code = 0, log: /tmp/ktest-results/llog-unit.log)

============================================================
Final Results:
  checkpatch: SUCCESS (return code = 0, log: /tmp/ktest-results/checkpatch.log)
  lustre_u24: SUCCESS (return code = 0, log: /tmp/ktest-results/lustre_u24.log)
  lustre_al2023: SUCCESS (return code = 0, log: /tmp/ktest-results/lustre_al2023.log)
  lustre_mainline_strict: FAILED (return code = 1, log: /tmp/ktest-results/lustre_mainline_strict.log)
  lustre_mainline: SUCCESS (return code = 0, log: /tmp/ktest-results/lustre_mainline.log)
  lustre_mainline_native: SUCCESS (return code = 0, log: /tmp/ktest-results/lustre_mainline_native.log)
  clang-tidy: SUCCESS (return code = 0, log: /tmp/ktest-results/clang-tidy.log)
  cc-plugin: FAILED (return code = 127, log: /tmp/ktest-results/cc-plugin.log)
  boot: SUCCESS (return code = 0, log: /tmp/ktest-results/boot.log)
  llmount: SUCCESS (return code = 0, log: /tmp/ktest-results/llmount.log)
  llog-unit: SUCCESS (return code = 0, log: /tmp/ktest-results/llog-unit.log)
  mgs-setup: SUCCESS (return code = 0, log: /tmp/ktest-results/mgs-setup.log)
  sanity-1: SUCCESS (return code = 0, log: /tmp/ktest-results/sanity-1.log)
  sanity-2: SUCCESS (return code = 0, log: /tmp/ktest-results/sanity-2.log)
  sanity-3: SUCCESS (return code = 0, log: /tmp/ktest-results/sanity-3.log)
  sanity-4: SUCCESS (return code = 0, log: /tmp/ktest-results/sanity-4.log)
</pre>
</body>
</html>
