<html lang="en">
<body>
<pre>
Creating kernel tarball at /tmp/ktest-kernel.tar.gz...
Creating lustre tarball at /tmp/ktest-lustre.tar.gz...
Executing 16 jobs with dependencies
Jobs will start as soon as their dependencies are satisfied

Starting job: lustre_u24 (ktest-out: /tmp/ktest_lustre_u24_u0fpoxq5)
Starting job: lustre_al2023 (ktest-out: /tmp/ktest_lustre_al2023_3i06njyr)
Starting job: lustre_mainline_native (ktest-out: /tmp/ktest_lustre_mainline_native__dcfujfk)
Starting job: lustre_mainline_strict (ktest-out: /tmp/ktest_lustre_mainline_strict_sw_4z888)
Starting job: lustre_mainline (ktest-out: /tmp/ktest_lustre_mainline_s90ey2bw)
Starting job: checkpatch (ktest-out: /tmp/ktest_checkpatch_7p3mhoa6)
put_archive(/tmp/ktest-kernel.tar.gz): 6.94s
put_archive(/tmp/ktest-kernel.tar.gz): 7.18s
put_archive(/tmp/ktest-kernel.tar.gz): 7.35s
put_archive(/tmp/ktest-kernel.tar.gz): 6.95s
put_archive(/tmp/ktest-kernel.tar.gz): 7.04s
put_archive(/tmp/ktest-kernel.tar.gz): 6.64s
put_archive(/tmp/ktest-lustre.tar.gz): 3.73s
put_archive(/tmp/ktest-lustre.tar.gz): 2.71s
put_archive(/tmp/ktest-lustre.tar.gz): 3.14s
put_archive(/tmp/ktest-lustre.tar.gz): 3.01s
put_archive(/tmp/ktest-lustre.tar.gz): 2.61s
put_archive(/tmp/ktest-lustre.tar.gz): 2.92s
Job checkpatch completed: SUCCESS (return code = 0, log: /tmp/ktest-results/checkpatch.log)
Job lustre_al2023 completed: SUCCESS (return code = 0, log: /tmp/ktest-results/lustre_al2023.log)
Job lustre_u24 completed: SUCCESS (return code = 0, log: /tmp/ktest-results/lustre_u24.log)
get_archive(ktest-out): 4.51s
Job lustre_mainline_strict completed: FAILED (return code = 1, log: /tmp/ktest-results/lustre_mainline_strict.log)
get_archive(ktest-out): 2.94s
get_archive(ktest-out): 3.02s
Job lustre_mainline completed: SUCCESS (return code = 0, log: /tmp/ktest-results/lustre_mainline.log)
Job lustre_mainline_native completed: SUCCESS (return code = 0, log: /tmp/ktest-results/lustre_mainline_native.log)
Starting job: clang-tidy (ktest-out: /tmp/ktest_lustre_mainline_native__dcfujfk)
Starting job: cc-plugin (ktest-out: /tmp/ktest_lustre_mainline_native__dcfujfk)
Starting job: boot (ktest-out: /tmp/ktest_lustre_mainline_native__dcfujfk)
Starting job: llmount (ktest-out: /tmp/ktest_lustre_mainline_native__dcfujfk)
Starting job: llog-unit (ktest-out: /tmp/ktest_lustre_mainline_native__dcfujfk)
Starting job: mgs-setup (ktest-out: /tmp/ktest_lustre_mainline_native__dcfujfk)
Starting job: sanity-1 (ktest-out: /tmp/ktest_lustre_mainline_native__dcfujfk)
Starting job: sanity-2 (ktest-out: /tmp/ktest_lustre_mainline_native__dcfujfk)
Starting job: sanity-3 (ktest-out: /tmp/ktest_lustre_mainline_native__dcfujfk)
Starting job: sanity-4 (ktest-out: /tmp/ktest_lustre_mainline_native__dcfujfk)
put_archive(/tmp/ktest_lustre_mainline_native__dcfujfk.tar): 1.17s
put_archive(/tmp/ktest_lustre_mainline_native__dcfujfk.tar): 12.98s
put_archive(/tmp/ktest_lustre_mainline_native__dcfujfk.tar): 11.76s
put_archive(/tmp/ktest_lustre_mainline_native__dcfujfk.tar): 11.80s
put_archive(/tmp/ktest_lustre_mainline_native__dcfujfk.tar): 11.76s
put_archive(/tmp/ktest-kernel.tar.gz): 11.97s
put_archive(/tmp/ktest-kernel.tar.gz): 12.38s
put_archive(/tmp/ktest_lustre_mainline_native__dcfujfk.tar): 13.19s
put_archive(/tmp/ktest_lustre_mainline_native__dcfujfk.tar): 13.19s
put_archive(/tmp/ktest-lustre.tar.gz): 24.03s
put_archive(/tmp/ktest-lustre.tar.gz): 24.25s
put_archive(/tmp/ktest_lustre_mainline_native__dcfujfk.tar): 23.94s
put_archive(/tmp/ktest_lustre_mainline_native__dcfujfk.tar): 14.73s
put_archive(/tmp/ktest_lustre_mainline_native__dcfujfk.tar): 14.84s
Job boot completed: SUCCESS (return code = 0, log: /tmp/ktest-results/boot.log)
Job cc-plugin completed: FAILED (return code = 127, log: /tmp/ktest-results/cc-plugin.log)
Job clang-tidy completed: SUCCESS (return code = 0, log: /tmp/ktest-results/clang-tidy.log)
Job mgs-setup completed: SUCCESS (return code = 0, log: /tmp/ktest-results/mgs-setup.log)
Job sanity-1 completed: SUCCESS (return code = 0, log: /tmp/ktest-results/sanity-1.log)
Job sanity-4 completed: SUCCESS (return code = 0, log: /tmp/ktest-results/sanity-4.log)
Job sanity-2 completed: SUCCESS (return code = 0, log: /tmp/ktest-results/sanity-2.log)
Job sanity-3 completed: SUCCESS (return code = 0, log: /tmp/ktest-results/sanity-3.log)
Job llog-unit completed: SUCCESS (return code = 0, log: /tmp/ktest-results/llog-unit.log)
Job llmount completed: SUCCESS (return code = 0, log: /tmp/ktest-results/llmount.log)

============================================================
Final Results:
  checkpatch: SUCCESS (return code = 0, log: /tmp/ktest-results/checkpatch.log)
  lustre_u24: SUCCESS (return code = 0, log: /tmp/ktest-results/lustre_u24.log)
  lustre_al2023: SUCCESS (return code = 0, log: /tmp/ktest-results/lustre_al2023.log)
  lustre_mainline_strict: FAILED (return code = 1, log: /tmp/ktest-results/lustre_mainline_strict.log)
  lustre_mainline: SUCCESS (return code = 0, log: /tmp/ktest-results/lustre_mainline.log)
  lustre_mainline_native: SUCCESS (return code = 0, log: /tmp/ktest-results/lustre_mainline_native.log)
  clang-tidy: SUCCESS (return code = 0, log: /tmp/ktest-results/clang-tidy.log)
  cc-plugin: FAILED (return code = 127, log: /tmp/ktest-results/cc-plugin.log)
  boot: SUCCESS (return code = 0, log: /tmp/ktest-results/boot.log)
  llmount: SUCCESS (return code = 0, log: /tmp/ktest-results/llmount.log)
  llog-unit: SUCCESS (return code = 0, log: /tmp/ktest-results/llog-unit.log)
  mgs-setup: SUCCESS (return code = 0, log: /tmp/ktest-results/mgs-setup.log)
  sanity-1: SUCCESS (return code = 0, log: /tmp/ktest-results/sanity-1.log)
  sanity-2: SUCCESS (return code = 0, log: /tmp/ktest-results/sanity-2.log)
  sanity-3: SUCCESS (return code = 0, log: /tmp/ktest-results/sanity-3.log)
  sanity-4: SUCCESS (return code = 0, log: /tmp/ktest-results/sanity-4.log)
</pre>
</body>
</html>
