<html lang="en">
<body>
<pre>
Creating kernel tarball at /tmp/ktest-kernel.tar.gz...
Creating lustre tarball at /tmp/ktest-lustre.tar.gz...
Executing 16 jobs with dependencies
Jobs will start as soon as their dependencies are satisfied

Starting job: checkpatch (ktest-out: /tmp/ktest_checkpatch_ohffw78c)
Starting job: lustre_mainline (ktest-out: /tmp/ktest_lustre_mainline_cbcfspi3)
Starting job: lustre_al2023 (ktest-out: /tmp/ktest_lustre_al2023_tnebarfq)
Starting job: lustre_mainline_native (ktest-out: /tmp/ktest_lustre_mainline_native_km_d0i53)
Starting job: lustre_u24 (ktest-out: /tmp/ktest_lustre_u24_gw9e3i8y)
Starting job: lustre_mainline_strict (ktest-out: /tmp/ktest_lustre_mainline_strict_kg0k5d_m)
put_archive(/tmp/ktest-kernel.tar.gz): 7.47s
put_archive(/tmp/ktest-kernel.tar.gz): 6.76s
put_archive(/tmp/ktest-kernel.tar.gz): 7.17s
put_archive(/tmp/ktest-kernel.tar.gz): 7.01s
put_archive(/tmp/ktest-kernel.tar.gz): 7.95s
put_archive(/tmp/ktest-kernel.tar.gz): 7.48s
put_archive(/tmp/ktest-lustre.tar.gz): 0.51s
put_archive(/tmp/ktest-lustre.tar.gz): 0.79s
put_archive(/tmp/ktest-lustre.tar.gz): 0.39s
put_archive(/tmp/ktest-lustre.tar.gz): 1.35s
put_archive(/tmp/ktest-lustre.tar.gz): 0.96s
put_archive(/tmp/ktest-lustre.tar.gz): 0.69s
Job checkpatch completed: SUCCESS (return code = 0, log: /tmp/ktest-results/checkpatch.log)
Job lustre_al2023 completed: SUCCESS (return code = 0, log: /tmp/ktest-results/lustre_al2023.log)
Job lustre_u24 completed: SUCCESS (return code = 0, log: /tmp/ktest-results/lustre_u24.log)
get_archive(ktest-out): 3.08s
Job lustre_mainline_strict completed: FAILED (return code = 1, log: /tmp/ktest-results/lustre_mainline_strict.log)
get_archive(ktest-out): 2.51s
get_archive(ktest-out): 2.55s
Job lustre_mainline_native completed: SUCCESS (return code = 0, log: /tmp/ktest-results/lustre_mainline_native.log)
Starting job: clang-tidy (ktest-out: /tmp/ktest_lustre_mainline_native_km_d0i53)
Starting job: cc-plugin (ktest-out: /tmp/ktest_lustre_mainline_native_km_d0i53)
Starting job: boot (ktest-out: /tmp/ktest_lustre_mainline_native_km_d0i53)
Starting job: llmount (ktest-out: /tmp/ktest_lustre_mainline_native_km_d0i53)
Starting job: llog-unit (ktest-out: /tmp/ktest_lustre_mainline_native_km_d0i53)
Starting job: mgs-setup (ktest-out: /tmp/ktest_lustre_mainline_native_km_d0i53)
Starting job: sanity-1 (ktest-out: /tmp/ktest_lustre_mainline_native_km_d0i53)
Starting job: sanity-2 (ktest-out: /tmp/ktest_lustre_mainline_native_km_d0i53)
Starting job: sanity-3 (ktest-out: /tmp/ktest_lustre_mainline_native_km_d0i53)
Starting job: sanity-4 (ktest-out: /tmp/ktest_lustre_mainline_native_km_d0i53)
Job lustre_mainline completed: SUCCESS (return code = 0, log: /tmp/ktest-results/lustre_mainline.log)
put_archive(/tmp/ktest_lustre_mainline_native_km_d0i53.tar): 6.10s
put_archive(/tmp/ktest_lustre_mainline_native_km_d0i53.tar): 6.18s
put_archive(/tmp/ktest_lustre_mainline_native_km_d0i53.tar): 5.82s
put_archive(/tmp/ktest_lustre_mainline_native_km_d0i53.tar): 6.19s
put_archive(/tmp/ktest_lustre_mainline_native_km_d0i53.tar): 5.85s
put_archive(/tmp/ktest-kernel.tar.gz): 6.41s
put_archive(/tmp/ktest-lustre.tar.gz): 0.29s
put_archive(/tmp/ktest_lustre_mainline_native_km_d0i53.tar): 22.72s
put_archive(/tmp/ktest_lustre_mainline_native_km_d0i53.tar): 22.80s
put_archive(/tmp/ktest_lustre_mainline_native_km_d0i53.tar): 22.76s
put_archive(/tmp/ktest_lustre_mainline_native_km_d0i53.tar): 22.96s
put_archive(/tmp/ktest-kernel.tar.gz): 22.94s
put_archive(/tmp/ktest-lustre.tar.gz): 9.63s
put_archive(/tmp/ktest_lustre_mainline_native_km_d0i53.tar): 8.41s
Job cc-plugin completed: FAILED (return code = 127, log: /tmp/ktest-results/cc-plugin.log)
Job boot completed: SUCCESS (return code = 0, log: /tmp/ktest-results/boot.log)
Job clang-tidy completed: SUCCESS (return code = 0, log: /tmp/ktest-results/clang-tidy.log)
Job mgs-setup completed: SUCCESS (return code = 0, log: /tmp/ktest-results/mgs-setup.log)
Job sanity-2 completed: SUCCESS (return code = 0, log: /tmp/ktest-results/sanity-2.log)
Job sanity-1 completed: SUCCESS (return code = 0, log: /tmp/ktest-results/sanity-1.log)
Job sanity-4 completed: SUCCESS (return code = 0, log: /tmp/ktest-results/sanity-4.log)
Job llmount completed: SUCCESS (return code = 0, log: /tmp/ktest-results/llmount.log)
Job sanity-3 completed: SUCCESS (return code = 0, log: /tmp/ktest-results/sanity-3.log)
Job llog-unit completed: SUCCESS (return code = 0, log: /tmp/ktest-results/llog-unit.log)

============================================================
Final Results:
  checkpatch: SUCCESS (return code = 0, log: /tmp/ktest-results/checkpatch.log)
  lustre_u24: SUCCESS (return code = 0, log: /tmp/ktest-results/lustre_u24.log)
  lustre_al2023: SUCCESS (return code = 0, log: /tmp/ktest-results/lustre_al2023.log)
  lustre_mainline_strict: FAILED (return code = 1, log: /tmp/ktest-results/lustre_mainline_strict.log)
  lustre_mainline: SUCCESS (return code = 0, log: /tmp/ktest-results/lustre_mainline.log)
  lustre_mainline_native: SUCCESS (return code = 0, log: /tmp/ktest-results/lustre_mainline_native.log)
  clang-tidy: SUCCESS (return code = 0, log: /tmp/ktest-results/clang-tidy.log)
  cc-plugin: FAILED (return code = 127, log: /tmp/ktest-results/cc-plugin.log)
  boot: SUCCESS (return code = 0, log: /tmp/ktest-results/boot.log)
  llmount: SUCCESS (return code = 0, log: /tmp/ktest-results/llmount.log)
  llog-unit: SUCCESS (return code = 0, log: /tmp/ktest-results/llog-unit.log)
  mgs-setup: SUCCESS (return code = 0, log: /tmp/ktest-results/mgs-setup.log)
  sanity-1: SUCCESS (return code = 0, log: /tmp/ktest-results/sanity-1.log)
  sanity-2: SUCCESS (return code = 0, log: /tmp/ktest-results/sanity-2.log)
  sanity-3: SUCCESS (return code = 0, log: /tmp/ktest-results/sanity-3.log)
  sanity-4: SUCCESS (return code = 0, log: /tmp/ktest-results/sanity-4.log)
</pre>
</body>
</html>
