<html lang="en">
<body>
<pre>
Creating kernel tarball at /tmp/ktest-kernel.tar.gz...
Creating lustre tarball at /tmp/ktest-lustre.tar.gz...
Executing 16 jobs with dependencies
Jobs will start as soon as their dependencies are satisfied

Starting job: lustre_u24 (ktest-out: /tmp/ktest_lustre_u24_elkjf2v0)
Starting job: lustre_al2023 (ktest-out: /tmp/ktest_lustre_al2023_eoi7jul7)
Starting job: lustre_mainline (ktest-out: /tmp/ktest_lustre_mainline_ml0o4rpy)
Starting job: checkpatch (ktest-out: /tmp/ktest_checkpatch_qa_ac221)
Starting job: lustre_mainline_strict (ktest-out: /tmp/ktest_lustre_mainline_strict_2eslhm47)
Starting job: lustre_mainline_native (ktest-out: /tmp/ktest_lustre_mainline_native_yw27vk2k)
put_archive(/tmp/ktest-kernel.tar.gz): 7.40s
put_archive(/tmp/ktest-kernel.tar.gz): 7.31s
put_archive(/tmp/ktest-kernel.tar.gz): 7.53s
put_archive(/tmp/ktest-kernel.tar.gz): 8.17s
put_archive(/tmp/ktest-kernel.tar.gz): 7.89s
put_archive(/tmp/ktest-kernel.tar.gz): 7.83s
put_archive(/tmp/ktest-lustre.tar.gz): 1.08s
put_archive(/tmp/ktest-lustre.tar.gz): 0.82s
put_archive(/tmp/ktest-lustre.tar.gz): 0.97s
put_archive(/tmp/ktest-lustre.tar.gz): 0.44s
put_archive(/tmp/ktest-lustre.tar.gz): 0.72s
put_archive(/tmp/ktest-lustre.tar.gz): 0.60s
Job checkpatch completed: SUCCESS (return code = 0, log: /tmp/ktest-results/checkpatch.log)
Job lustre_al2023 completed: FAILED (return code = 2, log: /tmp/ktest-results/lustre_al2023.log)
Job lustre_u24 completed: SUCCESS (return code = 0, log: /tmp/ktest-results/lustre_u24.log)
get_archive(ktest-out): 2.96s
Job lustre_mainline_strict completed: FAILED (return code = 1, log: /tmp/ktest-results/lustre_mainline_strict.log)
get_archive(ktest-out): 2.53s
get_archive(ktest-out): 2.58s
Job lustre_mainline_native completed: SUCCESS (return code = 0, log: /tmp/ktest-results/lustre_mainline_native.log)
Starting job: clang-tidy (ktest-out: /tmp/ktest_lustre_mainline_native_yw27vk2k)
Starting job: cc-plugin (ktest-out: /tmp/ktest_lustre_mainline_native_yw27vk2k)
Starting job: boot (ktest-out: /tmp/ktest_lustre_mainline_native_yw27vk2k)
Starting job: llmount (ktest-out: /tmp/ktest_lustre_mainline_native_yw27vk2k)
Starting job: llog-unit (ktest-out: /tmp/ktest_lustre_mainline_native_yw27vk2k)
Starting job: mgs-setup (ktest-out: /tmp/ktest_lustre_mainline_native_yw27vk2k)
Starting job: sanity-1 (ktest-out: /tmp/ktest_lustre_mainline_native_yw27vk2k)
Starting job: sanity-2 (ktest-out: /tmp/ktest_lustre_mainline_native_yw27vk2k)
Starting job: sanity-3 (ktest-out: /tmp/ktest_lustre_mainline_native_yw27vk2k)
Starting job: sanity-4 (ktest-out: /tmp/ktest_lustre_mainline_native_yw27vk2k)
Job lustre_mainline completed: SUCCESS (return code = 0, log: /tmp/ktest-results/lustre_mainline.log)
put_archive(/tmp/ktest_lustre_mainline_native_yw27vk2k.tar): 1.35s
put_archive(/tmp/ktest_lustre_mainline_native_yw27vk2k.tar): 1.19s
put_archive(/tmp/ktest-kernel.tar.gz): 16.14s
put_archive(/tmp/ktest_lustre_mainline_native_yw27vk2k.tar): 14.47s
put_archive(/tmp/ktest_lustre_mainline_native_yw27vk2k.tar): 14.74s
put_archive(/tmp/ktest_lustre_mainline_native_yw27vk2k.tar): 14.44s
put_archive(/tmp/ktest_lustre_mainline_native_yw27vk2k.tar): 14.42s
put_archive(/tmp/ktest_lustre_mainline_native_yw27vk2k.tar): 14.69s
put_archive(/tmp/ktest_lustre_mainline_native_yw27vk2k.tar): 14.52s
put_archive(/tmp/ktest-kernel.tar.gz): 14.66s
put_archive(/tmp/ktest-lustre.tar.gz): 0.68s
put_archive(/tmp/ktest-lustre.tar.gz): 21.84s
put_archive(/tmp/ktest_lustre_mainline_native_yw27vk2k.tar): 26.26s
put_archive(/tmp/ktest_lustre_mainline_native_yw27vk2k.tar): 4.87s
Job boot completed: SUCCESS (return code = 0, log: /tmp/ktest-results/boot.log)
Job mgs-setup completed: SUCCESS (return code = 0, log: /tmp/ktest-results/mgs-setup.log)
Job cc-plugin completed: FAILED (return code = 127, log: /tmp/ktest-results/cc-plugin.log)
Job clang-tidy completed: SUCCESS (return code = 0, log: /tmp/ktest-results/clang-tidy.log)
Job sanity-2 completed: SUCCESS (return code = 0, log: /tmp/ktest-results/sanity-2.log)
Job sanity-1 completed: SUCCESS (return code = 0, log: /tmp/ktest-results/sanity-1.log)
Job sanity-4 completed: SUCCESS (return code = 0, log: /tmp/ktest-results/sanity-4.log)
Job sanity-3 completed: SUCCESS (return code = 0, log: /tmp/ktest-results/sanity-3.log)
Job llog-unit completed: SUCCESS (return code = 0, log: /tmp/ktest-results/llog-unit.log)
Job llmount completed: SUCCESS (return code = 0, log: /tmp/ktest-results/llmount.log)

============================================================
Final Results:
  checkpatch: SUCCESS (return code = 0, log: /tmp/ktest-results/checkpatch.log)
  lustre_u24: SUCCESS (return code = 0, log: /tmp/ktest-results/lustre_u24.log)
  lustre_al2023: FAILED (return code = 2, log: /tmp/ktest-results/lustre_al2023.log)
  lustre_mainline_strict: FAILED (return code = 1, log: /tmp/ktest-results/lustre_mainline_strict.log)
  lustre_mainline: SUCCESS (return code = 0, log: /tmp/ktest-results/lustre_mainline.log)
  lustre_mainline_native: SUCCESS (return code = 0, log: /tmp/ktest-results/lustre_mainline_native.log)
  clang-tidy: SUCCESS (return code = 0, log: /tmp/ktest-results/clang-tidy.log)
  cc-plugin: FAILED (return code = 127, log: /tmp/ktest-results/cc-plugin.log)
  boot: SUCCESS (return code = 0, log: /tmp/ktest-results/boot.log)
  llmount: SUCCESS (return code = 0, log: /tmp/ktest-results/llmount.log)
  llog-unit: SUCCESS (return code = 0, log: /tmp/ktest-results/llog-unit.log)
  mgs-setup: SUCCESS (return code = 0, log: /tmp/ktest-results/mgs-setup.log)
  sanity-1: SUCCESS (return code = 0, log: /tmp/ktest-results/sanity-1.log)
  sanity-2: SUCCESS (return code = 0, log: /tmp/ktest-results/sanity-2.log)
  sanity-3: SUCCESS (return code = 0, log: /tmp/ktest-results/sanity-3.log)
  sanity-4: SUCCESS (return code = 0, log: /tmp/ktest-results/sanity-4.log)
</pre>
</body>
</html>
