<html lang="en">
<body>
<pre>
Creating kernel tarball at /tmp/ktest-kernel.tar.gz...
Creating lustre tarball at /tmp/ktest-lustre.tar.gz...
Creating ccplugin tarball at /tmp/ktest-ccplugin.tar.gz...
Executing 18 jobs with dependencies
Jobs will start as soon as their dependencies are satisfied

Starting job: lustre_al2023 (ktest-out: /tmp/ktest_lustre_al2023_o82zy_fb)
Starting job: lustre_mainline_native (ktest-out: /tmp/ktest_lustre_mainline_native_xo03e48y)
Starting job: lustre_mainline (ktest-out: /tmp/ktest_lustre_mainline_5qvdzli5)
Starting job: lustre_al2023_userland (ktest-out: /tmp/ktest_lustre_al2023_userland_x4bl4yks)
Starting job: lustre_u24_userland (ktest-out: /tmp/ktest_lustre_u24_userland_1omhh8rn)
Starting job: lustre_u24 (ktest-out: /tmp/ktest_lustre_u24_jqoisytx)
Starting job: lustre_mainline_strict (ktest-out: /tmp/ktest_lustre_mainline_strict_lxn2bmnk)
Starting job: checkpatch (ktest-out: /tmp/ktest_checkpatch_gntud5yo)
Error running job checkpatch: 500 Server Error: Internal Server Error (decode(): json: cannot unmarshal string into Go struct field SpecGenerator.command of type []string)
Job checkpatch completed: FAILED (return code = -1, log: /tmp/ktest-results/checkpatch.log)
put_archive(/tmp/ktest-kernel.tar.gz): 7.80s
put_archive(/tmp/ktest-kernel.tar.gz): 7.89s
put_archive(/tmp/ktest-kernel.tar.gz): 8.03s
put_archive(/tmp/ktest-kernel.tar.gz): 8.06s
put_archive(/tmp/ktest-kernel.tar.gz): 8.21s
put_archive(/tmp/ktest-kernel.tar.gz): 8.40s
put_archive(/tmp/ktest-kernel.tar.gz): 8.51s
put_archive(/tmp/ktest-lustre.tar.gz): 1.11s
put_archive(/tmp/ktest-lustre.tar.gz): 1.25s
put_archive(/tmp/ktest-lustre.tar.gz): 0.73s
put_archive(/tmp/ktest-lustre.tar.gz): 0.59s
put_archive(/tmp/ktest-lustre.tar.gz): 1.02s
put_archive(/tmp/ktest-lustre.tar.gz): 0.47s
put_archive(/tmp/ktest-lustre.tar.gz): 0.90s
Job lustre_al2023_userland completed: FAILED (return code = 2, log: /tmp/ktest-results/lustre_al2023_userland.log)
Job lustre_u24_userland completed: FAILED (return code = 2, log: /tmp/ktest-results/lustre_u24_userland.log)
Job lustre_al2023 completed: SUCCESS (return code = 0, log: /tmp/ktest-results/lustre_al2023.log)
Job lustre_u24 completed: SUCCESS (return code = 0, log: /tmp/ktest-results/lustre_u24.log)
get_archive(ktest-out): 3.17s
Job lustre_mainline_strict completed: FAILED (return code = 1, log: /tmp/ktest-results/lustre_mainline_strict.log)
get_archive(ktest-out): 2.51s
get_archive(ktest-out): 2.57s
Job lustre_mainline_native completed: SUCCESS (return code = 0, log: /tmp/ktest-results/lustre_mainline_native.log)
Starting job: clang-tidy (ktest-out: /tmp/ktest_lustre_mainline_native_xo03e48y)
Starting job: cc-plugin (ktest-out: /tmp/ktest_lustre_mainline_native_xo03e48y)
Starting job: boot (ktest-out: /tmp/ktest_lustre_mainline_native_xo03e48y)
Starting job: llmount (ktest-out: /tmp/ktest_lustre_mainline_native_xo03e48y)
Starting job: llog-unit (ktest-out: /tmp/ktest_lustre_mainline_native_xo03e48y)
Starting job: mgs-setup (ktest-out: /tmp/ktest_lustre_mainline_native_xo03e48y)
Starting job: sanity-1 (ktest-out: /tmp/ktest_lustre_mainline_native_xo03e48y)
Starting job: sanity-2 (ktest-out: /tmp/ktest_lustre_mainline_native_xo03e48y)
Starting job: sanity-3 (ktest-out: /tmp/ktest_lustre_mainline_native_xo03e48y)
Starting job: sanity-4 (ktest-out: /tmp/ktest_lustre_mainline_native_xo03e48y)
Error running job cc-plugin: 500 Server Error: Internal Server Error (decode(): json: cannot unmarshal string into Go struct field SpecGenerator.command of type []string)
Job cc-plugin completed: FAILED (return code = -1, log: /tmp/ktest-results/cc-plugin.log)
Error running job clang-tidy: 500 Server Error: Internal Server Error (decode(): json: cannot unmarshal string into Go struct field SpecGenerator.command of type []string)
Job clang-tidy completed: FAILED (return code = -1, log: /tmp/ktest-results/clang-tidy.log)
Job lustre_mainline completed: SUCCESS (return code = 0, log: /tmp/ktest-results/lustre_mainline.log)
put_archive(/tmp/ktest_lustre_mainline_native_xo03e48y.tar): 6.01s
put_archive(/tmp/ktest_lustre_mainline_native_xo03e48y.tar): 6.01s
put_archive(/tmp/ktest_lustre_mainline_native_xo03e48y.tar): 5.88s
put_archive(/tmp/ktest_lustre_mainline_native_xo03e48y.tar): 5.92s
put_archive(/tmp/ktest_lustre_mainline_native_xo03e48y.tar): 5.94s
put_archive(/tmp/ktest_lustre_mainline_native_xo03e48y.tar): 6.08s
put_archive(/tmp/ktest_lustre_mainline_native_xo03e48y.tar): 5.97s
put_archive(/tmp/ktest_lustre_mainline_native_xo03e48y.tar): 6.07s
Job boot completed: SUCCESS (return code = 0, log: /tmp/ktest-results/boot.log)
Job mgs-setup completed: SUCCESS (return code = 0, log: /tmp/ktest-results/mgs-setup.log)
Job sanity-2 completed: SUCCESS (return code = 0, log: /tmp/ktest-results/sanity-2.log)
Job sanity-1 completed: SUCCESS (return code = 0, log: /tmp/ktest-results/sanity-1.log)
Job sanity-3 completed: SUCCESS (return code = 0, log: /tmp/ktest-results/sanity-3.log)
Job llog-unit completed: SUCCESS (return code = 0, log: /tmp/ktest-results/llog-unit.log)
Job sanity-4 completed: SUCCESS (return code = 0, log: /tmp/ktest-results/sanity-4.log)
Job llmount completed: SUCCESS (return code = 0, log: /tmp/ktest-results/llmount.log)

============================================================
Final Results:
  checkpatch: FAILED (return code = -1, log: /tmp/ktest-results/checkpatch.log)
  lustre_u24: SUCCESS (return code = 0, log: /tmp/ktest-results/lustre_u24.log)
  lustre_al2023: SUCCESS (return code = 0, log: /tmp/ktest-results/lustre_al2023.log)
  lustre_u24_userland: FAILED (return code = 2, log: /tmp/ktest-results/lustre_u24_userland.log)
  lustre_al2023_userland: FAILED (return code = 2, log: /tmp/ktest-results/lustre_al2023_userland.log)
  lustre_mainline_strict: FAILED (return code = 1, log: /tmp/ktest-results/lustre_mainline_strict.log)
  lustre_mainline: SUCCESS (return code = 0, log: /tmp/ktest-results/lustre_mainline.log)
  lustre_mainline_native: SUCCESS (return code = 0, log: /tmp/ktest-results/lustre_mainline_native.log)
  clang-tidy: FAILED (return code = -1, log: /tmp/ktest-results/clang-tidy.log)
  cc-plugin: FAILED (return code = -1, log: /tmp/ktest-results/cc-plugin.log)
  boot: SUCCESS (return code = 0, log: /tmp/ktest-results/boot.log)
  llmount: SUCCESS (return code = 0, log: /tmp/ktest-results/llmount.log)
  llog-unit: SUCCESS (return code = 0, log: /tmp/ktest-results/llog-unit.log)
  mgs-setup: SUCCESS (return code = 0, log: /tmp/ktest-results/mgs-setup.log)
  sanity-1: SUCCESS (return code = 0, log: /tmp/ktest-results/sanity-1.log)
  sanity-2: SUCCESS (return code = 0, log: /tmp/ktest-results/sanity-2.log)
  sanity-3: SUCCESS (return code = 0, log: /tmp/ktest-results/sanity-3.log)
  sanity-4: SUCCESS (return code = 0, log: /tmp/ktest-results/sanity-4.log)
</pre>
</body>
</html>
