Creating kernel tarball at /tmp/ktest-kernel.tar.gz...
Creating lustre tarball at /tmp/ktest-lustre.tar.gz...
Executing 16 jobs with dependencies
Jobs will start as soon as their dependencies are satisfied

Starting job: lustre_mainline_strict (ktest-out: /tmp/ktest_lustre_mainline_strict_so598v5s)
Starting job: lustre_mainline_native (ktest-out: /tmp/ktest_lustre_mainline_native_3jms_r3x)
Starting job: checkpatch (ktest-out: /tmp/ktest_checkpatch_sk4uley_)
Starting job: lustre_u24 (ktest-out: /tmp/ktest_lustre_u24_ixa30d8e)
Starting job: lustre_mainline (ktest-out: /tmp/ktest_lustre_mainline_hg9xzjum)
Starting job: lustre_al2023 (ktest-out: /tmp/ktest_lustre_al2023_xuhx5ctd)
put_archive(/tmp/ktest-kernel.tar.gz): 7.58s
put_archive(/tmp/ktest-kernel.tar.gz): 7.51s
put_archive(/tmp/ktest-kernel.tar.gz): 7.04s
put_archive(/tmp/ktest-kernel.tar.gz): 7.37s
put_archive(/tmp/ktest-kernel.tar.gz): 7.75s
put_archive(/tmp/ktest-kernel.tar.gz): 7.92s
put_archive(/tmp/ktest-lustre.tar.gz): 1.82s
put_archive(/tmp/ktest-lustre.tar.gz): 1.68s
put_archive(/tmp/ktest-lustre.tar.gz): 1.55s
put_archive(/tmp/ktest-lustre.tar.gz): 1.41s
put_archive(/tmp/ktest-lustre.tar.gz): 2.00s
put_archive(/tmp/ktest-lustre.tar.gz): 2.32s
Job checkpatch completed: SUCCESS (return code = 0, log: /tmp/ktest-results/checkpatch.log)
Job lustre_al2023 completed: SUCCESS (return code = 0, log: /tmp/ktest-results/lustre_al2023.log)
Job lustre_u24 completed: SUCCESS (return code = 0, log: /tmp/ktest-results/lustre_u24.log)
get_archive(ktest-out): 3.52s
Job lustre_mainline_strict completed: FAILED (return code = 1, log: /tmp/ktest-results/lustre_mainline_strict.log)
get_archive(ktest-out): 3.06s
get_archive(ktest-out): 3.12s
Job lustre_mainline completed: SUCCESS (return code = 0, log: /tmp/ktest-results/lustre_mainline.log)
Job lustre_mainline_native completed: SUCCESS (return code = 0, log: /tmp/ktest-results/lustre_mainline_native.log)
Starting job: clang-tidy (ktest-out: /tmp/ktest_lustre_mainline_native_3jms_r3x)
Starting job: cc-plugin (ktest-out: /tmp/ktest_lustre_mainline_native_3jms_r3x)
Starting job: boot (ktest-out: /tmp/ktest_lustre_mainline_native_3jms_r3x)
Starting job: llmount (ktest-out: /tmp/ktest_lustre_mainline_native_3jms_r3x)
Starting job: llog-unit (ktest-out: /tmp/ktest_lustre_mainline_native_3jms_r3x)
Starting job: mgs-setup (ktest-out: /tmp/ktest_lustre_mainline_native_3jms_r3x)
Starting job: sanity-1 (ktest-out: /tmp/ktest_lustre_mainline_native_3jms_r3x)
Starting job: sanity-2 (ktest-out: /tmp/ktest_lustre_mainline_native_3jms_r3x)
Starting job: sanity-3 (ktest-out: /tmp/ktest_lustre_mainline_native_3jms_r3x)
Starting job: sanity-4 (ktest-out: /tmp/ktest_lustre_mainline_native_3jms_r3x)
put_archive(/tmp/ktest_lustre_mainline_native_3jms_r3x.tar): 1.89s
put_archive(/tmp/ktest_lustre_mainline_native_3jms_r3x.tar): 15.03s
put_archive(/tmp/ktest-kernel.tar.gz): 15.46s
put_archive(/tmp/ktest-lustre.tar.gz): 16.54s
put_archive(/tmp/ktest_lustre_mainline_native_3jms_r3x.tar): 16.75s
put_archive(/tmp/ktest_lustre_mainline_native_3jms_r3x.tar): 63.09s
put_archive(/tmp/ktest_lustre_mainline_native_3jms_r3x.tar): 52.92s
put_archive(/tmp/ktest_lustre_mainline_native_3jms_r3x.tar): 53.22s
put_archive(/tmp/ktest_lustre_mainline_native_3jms_r3x.tar): 52.97s
put_archive(/tmp/ktest-kernel.tar.gz): 53.31s
put_archive(/tmp/ktest_lustre_mainline_native_3jms_r3x.tar): 53.30s
put_archive(/tmp/ktest_lustre_mainline_native_3jms_r3x.tar): 53.55s
put_archive(/tmp/ktest-lustre.tar.gz): 46.22s
Job boot completed: SUCCESS (return code = 0, log: /tmp/ktest-results/boot.log)
put_archive(/tmp/ktest_lustre_mainline_native_3jms_r3x.tar): 16.84s
Job clang-tidy completed: SUCCESS (return code = 0, log: /tmp/ktest-results/clang-tidy.log)
Job llmount completed: SUCCESS (return code = 0, log: /tmp/ktest-results/llmount.log)
Job cc-plugin completed: FAILED (return code = 127, log: /tmp/ktest-results/cc-plugin.log)
Job sanity-3 completed: SUCCESS (return code = 0, log: /tmp/ktest-results/sanity-3.log)
Job mgs-setup completed: SUCCESS (return code = 0, log: /tmp/ktest-results/mgs-setup.log)
Job sanity-4 completed: SUCCESS (return code = 0, log: /tmp/ktest-results/sanity-4.log)
Job sanity-1 completed: SUCCESS (return code = 0, log: /tmp/ktest-results/sanity-1.log)
Job llog-unit completed: SUCCESS (return code = 0, log: /tmp/ktest-results/llog-unit.log)
Job sanity-2 completed: SUCCESS (return code = 0, log: /tmp/ktest-results/sanity-2.log)

============================================================
Final Results:
  checkpatch: SUCCESS (return code = 0, log: /tmp/ktest-results/checkpatch.log)
  lustre_u24: SUCCESS (return code = 0, log: /tmp/ktest-results/lustre_u24.log)
  lustre_al2023: SUCCESS (return code = 0, log: /tmp/ktest-results/lustre_al2023.log)
  lustre_mainline_strict: FAILED (return code = 1, log: /tmp/ktest-results/lustre_mainline_strict.log)
  lustre_mainline: SUCCESS (return code = 0, log: /tmp/ktest-results/lustre_mainline.log)
  lustre_mainline_native: SUCCESS (return code = 0, log: /tmp/ktest-results/lustre_mainline_native.log)
  clang-tidy: SUCCESS (return code = 0, log: /tmp/ktest-results/clang-tidy.log)
  cc-plugin: FAILED (return code = 127, log: /tmp/ktest-results/cc-plugin.log)
  boot: SUCCESS (return code = 0, log: /tmp/ktest-results/boot.log)
  llmount: SUCCESS (return code = 0, log: /tmp/ktest-results/llmount.log)
  llog-unit: SUCCESS (return code = 0, log: /tmp/ktest-results/llog-unit.log)
  mgs-setup: SUCCESS (return code = 0, log: /tmp/ktest-results/mgs-setup.log)
  sanity-1: SUCCESS (return code = 0, log: /tmp/ktest-results/sanity-1.log)
  sanity-2: SUCCESS (return code = 0, log: /tmp/ktest-results/sanity-2.log)
  sanity-3: SUCCESS (return code = 0, log: /tmp/ktest-results/sanity-3.log)
  sanity-4: SUCCESS (return code = 0, log: /tmp/ktest-results/sanity-4.log)