Creating kernel tarball at /tmp/ktest-kernel.tar.gz...
Creating lustre tarball at /tmp/ktest-lustre.tar.gz...
Executing 16 jobs with dependencies
Jobs will start as soon as their dependencies are satisfied

Starting job: lustre_mainline (ktest-out: /tmp/ktest_lustre_mainline_7nq9un13)
Starting job: lustre_mainline_strict (ktest-out: /tmp/ktest_lustre_mainline_strict_sf97p2x1)
Starting job: lustre_u24 (ktest-out: /tmp/ktest_lustre_u24_acx1qwff)
Starting job: checkpatch (ktest-out: /tmp/ktest_checkpatch_fkz1lwcj)
Starting job: lustre_al2023 (ktest-out: /tmp/ktest_lustre_al2023_kjhkw6pb)
Starting job: lustre_mainline_native (ktest-out: /tmp/ktest_lustre_mainline_native_bipso0bl)
put_archive(/tmp/ktest-kernel.tar.gz): 6.34s
put_archive(/tmp/ktest-kernel.tar.gz): 7.25s
put_archive(/tmp/ktest-kernel.tar.gz): 7.33s
put_archive(/tmp/ktest-kernel.tar.gz): 7.47s
put_archive(/tmp/ktest-kernel.tar.gz): 7.77s
put_archive(/tmp/ktest-kernel.tar.gz): 7.43s
put_archive(/tmp/ktest-lustre.tar.gz): 5.70s
put_archive(/tmp/ktest-lustre.tar.gz): 5.88s
put_archive(/tmp/ktest-lustre.tar.gz): 6.22s
put_archive(/tmp/ktest-lustre.tar.gz): 8.29s
put_archive(/tmp/ktest-lustre.tar.gz): 6.39s
put_archive(/tmp/ktest-lustre.tar.gz): 6.10s
Job checkpatch completed: FAILED (return code = 1, log: /tmp/ktest-results/checkpatch.log)
Job lustre_al2023 completed: SUCCESS (return code = 0, log: /tmp/ktest-results/lustre_al2023.log)
Job lustre_u24 completed: SUCCESS (return code = 0, log: /tmp/ktest-results/lustre_u24.log)
get_archive(ktest-out): 5.01s
Job lustre_mainline_strict completed: FAILED (return code = 1, log: /tmp/ktest-results/lustre_mainline_strict.log)
get_archive(ktest-out): 3.13s
get_archive(ktest-out): 3.22s
Job lustre_mainline_native completed: SUCCESS (return code = 0, log: /tmp/ktest-results/lustre_mainline_native.log)
Starting job: clang-tidy (ktest-out: /tmp/ktest_lustre_mainline_native_bipso0bl)
Starting job: cc-plugin (ktest-out: /tmp/ktest_lustre_mainline_native_bipso0bl)
Starting job: boot (ktest-out: /tmp/ktest_lustre_mainline_native_bipso0bl)
Starting job: llmount (ktest-out: /tmp/ktest_lustre_mainline_native_bipso0bl)
Starting job: llog-unit (ktest-out: /tmp/ktest_lustre_mainline_native_bipso0bl)
Starting job: mgs-setup (ktest-out: /tmp/ktest_lustre_mainline_native_bipso0bl)
Starting job: sanity-1 (ktest-out: /tmp/ktest_lustre_mainline_native_bipso0bl)
Starting job: sanity-2 (ktest-out: /tmp/ktest_lustre_mainline_native_bipso0bl)
Starting job: sanity-3 (ktest-out: /tmp/ktest_lustre_mainline_native_bipso0bl)
Starting job: sanity-4 (ktest-out: /tmp/ktest_lustre_mainline_native_bipso0bl)
Job lustre_mainline completed: SUCCESS (return code = 0, log: /tmp/ktest-results/lustre_mainline.log)
put_archive(/tmp/ktest_lustre_mainline_native_bipso0bl.tar): 5.24s
put_archive(/tmp/ktest_lustre_mainline_native_bipso0bl.tar): 44.84s
put_archive(/tmp/ktest_lustre_mainline_native_bipso0bl.tar): 45.08s
put_archive(/tmp/ktest_lustre_mainline_native_bipso0bl.tar): 44.17s
put_archive(/tmp/ktest-kernel.tar.gz): 45.54s
put_archive(/tmp/ktest_lustre_mainline_native_bipso0bl.tar): 44.83s
put_archive(/tmp/ktest_lustre_mainline_native_bipso0bl.tar): 45.12s
put_archive(/tmp/ktest-lustre.tar.gz): 55.05s
put_archive(/tmp/ktest_lustre_mainline_native_bipso0bl.tar): 54.37s
put_archive(/tmp/ktest_lustre_mainline_native_bipso0bl.tar): 40.28s
put_archive(/tmp/ktest_lustre_mainline_native_bipso0bl.tar): 40.13s
put_archive(/tmp/ktest-kernel.tar.gz): 40.19s
Job sanity-4 completed: SUCCESS (return code = 0, log: /tmp/ktest-results/sanity-4.log)
put_archive(/tmp/ktest-lustre.tar.gz): 13.16s
Job boot completed: SUCCESS (return code = 0, log: /tmp/ktest-results/boot.log)
Job cc-plugin completed: FAILED (return code = 127, log: /tmp/ktest-results/cc-plugin.log)
Job mgs-setup completed: SUCCESS (return code = 0, log: /tmp/ktest-results/mgs-setup.log)
put_archive(/tmp/ktest_lustre_mainline_native_bipso0bl.tar): 9.97s
Job clang-tidy completed: SUCCESS (return code = 0, log: /tmp/ktest-results/clang-tidy.log)
Job sanity-2 completed: SUCCESS (return code = 0, log: /tmp/ktest-results/sanity-2.log)
Job sanity-1 completed: SUCCESS (return code = 0, log: /tmp/ktest-results/sanity-1.log)
Job sanity-3 completed: SUCCESS (return code = 0, log: /tmp/ktest-results/sanity-3.log)
Job llog-unit completed: SUCCESS (return code = 0, log: /tmp/ktest-results/llog-unit.log)
Job llmount completed: SUCCESS (return code = 0, log: /tmp/ktest-results/llmount.log)

============================================================
Final Results:
  checkpatch: FAILED (return code = 1, log: /tmp/ktest-results/checkpatch.log)
  lustre_u24: SUCCESS (return code = 0, log: /tmp/ktest-results/lustre_u24.log)
  lustre_al2023: SUCCESS (return code = 0, log: /tmp/ktest-results/lustre_al2023.log)
  lustre_mainline_strict: FAILED (return code = 1, log: /tmp/ktest-results/lustre_mainline_strict.log)
  lustre_mainline: SUCCESS (return code = 0, log: /tmp/ktest-results/lustre_mainline.log)
  lustre_mainline_native: SUCCESS (return code = 0, log: /tmp/ktest-results/lustre_mainline_native.log)
  clang-tidy: SUCCESS (return code = 0, log: /tmp/ktest-results/clang-tidy.log)
  cc-plugin: FAILED (return code = 127, log: /tmp/ktest-results/cc-plugin.log)
  boot: SUCCESS (return code = 0, log: /tmp/ktest-results/boot.log)
  llmount: SUCCESS (return code = 0, log: /tmp/ktest-results/llmount.log)
  llog-unit: SUCCESS (return code = 0, log: /tmp/ktest-results/llog-unit.log)
  mgs-setup: SUCCESS (return code = 0, log: /tmp/ktest-results/mgs-setup.log)
  sanity-1: SUCCESS (return code = 0, log: /tmp/ktest-results/sanity-1.log)
  sanity-2: SUCCESS (return code = 0, log: /tmp/ktest-results/sanity-2.log)
  sanity-3: SUCCESS (return code = 0, log: /tmp/ktest-results/sanity-3.log)
  sanity-4: SUCCESS (return code = 0, log: /tmp/ktest-results/sanity-4.log)