<html lang="en">
<body>
<pre>
Creating kernel tarball at /tmp/ktest-kernel.tar.gz...
Creating lustre tarball at /tmp/ktest-lustre.tar.gz...
Executing 16 jobs with dependencies
Jobs will start as soon as their dependencies are satisfied

Starting job: lustre_al2023 (ktest-out: /tmp/ktest_lustre_al2023_9nykkas2)
Starting job: lustre_mainline_native (ktest-out: /tmp/ktest_lustre_mainline_native_amooky04)
Starting job: lustre_mainline_strict (ktest-out: /tmp/ktest_lustre_mainline_strict_a2dwaj76)
Starting job: lustre_mainline (ktest-out: /tmp/ktest_lustre_mainline_37zeugd3)
Starting job: checkpatch (ktest-out: /tmp/ktest_checkpatch__lwney6c)
Starting job: lustre_u24 (ktest-out: /tmp/ktest_lustre_u24_3gd12eha)
put_archive(/tmp/ktest-kernel.tar.gz): 6.40s
put_archive(/tmp/ktest-kernel.tar.gz): 7.98s
put_archive(/tmp/ktest-kernel.tar.gz): 8.69s
put_archive(/tmp/ktest-kernel.tar.gz): 7.79s
put_archive(/tmp/ktest-kernel.tar.gz): 8.94s
put_archive(/tmp/ktest-kernel.tar.gz): 8.45s
put_archive(/tmp/ktest-lustre.tar.gz): 6.81s
put_archive(/tmp/ktest-lustre.tar.gz): 3.96s
put_archive(/tmp/ktest-lustre.tar.gz): 4.12s
put_archive(/tmp/ktest-lustre.tar.gz): 4.28s
put_archive(/tmp/ktest-lustre.tar.gz): 3.87s
put_archive(/tmp/ktest-lustre.tar.gz): 3.74s
Job checkpatch completed: FAILED (return code = 1, log: /tmp/ktest-results/checkpatch.log)
Job lustre_u24 completed: SUCCESS (return code = 0, log: /tmp/ktest-results/lustre_u24.log)
Job lustre_al2023 completed: SUCCESS (return code = 0, log: /tmp/ktest-results/lustre_al2023.log)
get_archive(ktest-out): 4.50s
Job lustre_mainline_strict completed: FAILED (return code = 1, log: /tmp/ktest-results/lustre_mainline_strict.log)
get_archive(ktest-out): 3.11s
get_archive(ktest-out): 3.20s
Job lustre_mainline_native completed: SUCCESS (return code = 0, log: /tmp/ktest-results/lustre_mainline_native.log)
Starting job: clang-tidy (ktest-out: /tmp/ktest_lustre_mainline_native_amooky04)
Starting job: cc-plugin (ktest-out: /tmp/ktest_lustre_mainline_native_amooky04)
Starting job: boot (ktest-out: /tmp/ktest_lustre_mainline_native_amooky04)
Starting job: llmount (ktest-out: /tmp/ktest_lustre_mainline_native_amooky04)
Starting job: llog-unit (ktest-out: /tmp/ktest_lustre_mainline_native_amooky04)
Starting job: mgs-setup (ktest-out: /tmp/ktest_lustre_mainline_native_amooky04)
Starting job: sanity-1 (ktest-out: /tmp/ktest_lustre_mainline_native_amooky04)
Starting job: sanity-2 (ktest-out: /tmp/ktest_lustre_mainline_native_amooky04)
Starting job: sanity-3 (ktest-out: /tmp/ktest_lustre_mainline_native_amooky04)
Starting job: sanity-4 (ktest-out: /tmp/ktest_lustre_mainline_native_amooky04)
Job lustre_mainline completed: SUCCESS (return code = 0, log: /tmp/ktest-results/lustre_mainline.log)
put_archive(/tmp/ktest_lustre_mainline_native_amooky04.tar): 7.99s
put_archive(/tmp/ktest_lustre_mainline_native_amooky04.tar): 8.38s
put_archive(/tmp/ktest_lustre_mainline_native_amooky04.tar): 7.42s
put_archive(/tmp/ktest_lustre_mainline_native_amooky04.tar): 7.52s
put_archive(/tmp/ktest_lustre_mainline_native_amooky04.tar): 48.08s
put_archive(/tmp/ktest_lustre_mainline_native_amooky04.tar): 42.08s
put_archive(/tmp/ktest_lustre_mainline_native_amooky04.tar): 42.53s
put_archive(/tmp/ktest-kernel.tar.gz): 50.21s
put_archive(/tmp/ktest-kernel.tar.gz): 41.90s
put_archive(/tmp/ktest_lustre_mainline_native_amooky04.tar): 41.75s
put_archive(/tmp/ktest-lustre.tar.gz): 21.85s
put_archive(/tmp/ktest-lustre.tar.gz): 21.99s
put_archive(/tmp/ktest_lustre_mainline_native_amooky04.tar): 8.74s
put_archive(/tmp/ktest_lustre_mainline_native_amooky04.tar): 8.81s
Job boot completed: SUCCESS (return code = 0, log: /tmp/ktest-results/boot.log)
Job cc-plugin completed: FAILED (return code = 127, log: /tmp/ktest-results/cc-plugin.log)
Job clang-tidy completed: SUCCESS (return code = 0, log: /tmp/ktest-results/clang-tidy.log)
Job mgs-setup completed: SUCCESS (return code = 0, log: /tmp/ktest-results/mgs-setup.log)
Job sanity-2 completed: SUCCESS (return code = 0, log: /tmp/ktest-results/sanity-2.log)
Job sanity-3 completed: SUCCESS (return code = 0, log: /tmp/ktest-results/sanity-3.log)
Job llog-unit completed: SUCCESS (return code = 0, log: /tmp/ktest-results/llog-unit.log)
Job sanity-1 completed: SUCCESS (return code = 0, log: /tmp/ktest-results/sanity-1.log)
Job llmount completed: SUCCESS (return code = 0, log: /tmp/ktest-results/llmount.log)
Job sanity-4 completed: SUCCESS (return code = 0, log: /tmp/ktest-results/sanity-4.log)

============================================================
Final Results:
  checkpatch: FAILED (return code = 1, log: /tmp/ktest-results/checkpatch.log)
  lustre_u24: SUCCESS (return code = 0, log: /tmp/ktest-results/lustre_u24.log)
  lustre_al2023: SUCCESS (return code = 0, log: /tmp/ktest-results/lustre_al2023.log)
  lustre_mainline_strict: FAILED (return code = 1, log: /tmp/ktest-results/lustre_mainline_strict.log)
  lustre_mainline: SUCCESS (return code = 0, log: /tmp/ktest-results/lustre_mainline.log)
  lustre_mainline_native: SUCCESS (return code = 0, log: /tmp/ktest-results/lustre_mainline_native.log)
  clang-tidy: SUCCESS (return code = 0, log: /tmp/ktest-results/clang-tidy.log)
  cc-plugin: FAILED (return code = 127, log: /tmp/ktest-results/cc-plugin.log)
  boot: SUCCESS (return code = 0, log: /tmp/ktest-results/boot.log)
  llmount: SUCCESS (return code = 0, log: /tmp/ktest-results/llmount.log)
  llog-unit: SUCCESS (return code = 0, log: /tmp/ktest-results/llog-unit.log)
  mgs-setup: SUCCESS (return code = 0, log: /tmp/ktest-results/mgs-setup.log)
  sanity-1: SUCCESS (return code = 0, log: /tmp/ktest-results/sanity-1.log)
  sanity-2: SUCCESS (return code = 0, log: /tmp/ktest-results/sanity-2.log)
  sanity-3: SUCCESS (return code = 0, log: /tmp/ktest-results/sanity-3.log)
  sanity-4: SUCCESS (return code = 0, log: /tmp/ktest-results/sanity-4.log)
</pre>
</body>
</html>
