Creating kernel tarball at /tmp/ktest-kernel.tar.gz...
Creating lustre tarball at /tmp/ktest-lustre.tar.gz...
Executing 16 jobs with dependencies
Jobs will start as soon as their dependencies are satisfied

Starting job: lustre_al2023 (ktest-out: /tmp/ktest_lustre_al2023_h3xupda1)
Starting job: lustre_mainline (ktest-out: /tmp/ktest_lustre_mainline_p6x3y80e)
Starting job: lustre_mainline_strict (ktest-out: /tmp/ktest_lustre_mainline_strict_ldw7g58b)
Starting job: lustre_u24 (ktest-out: /tmp/ktest_lustre_u24_uqdk63uv)
Starting job: checkpatch (ktest-out: /tmp/ktest_checkpatch_22o5zm6k)
Starting job: lustre_mainline_native (ktest-out: /tmp/ktest_lustre_mainline_native_u2kcuxxk)
put_archive(/tmp/ktest-kernel.tar.gz): 7.54s
put_archive(/tmp/ktest-kernel.tar.gz): 7.94s
put_archive(/tmp/ktest-kernel.tar.gz): 7.73s
put_archive(/tmp/ktest-kernel.tar.gz): 7.44s
put_archive(/tmp/ktest-kernel.tar.gz): 8.30s
put_archive(/tmp/ktest-kernel.tar.gz): 7.74s
put_archive(/tmp/ktest-lustre.tar.gz): 2.52s
put_archive(/tmp/ktest-lustre.tar.gz): 1.86s
put_archive(/tmp/ktest-lustre.tar.gz): 2.15s
put_archive(/tmp/ktest-lustre.tar.gz): 1.74s
put_archive(/tmp/ktest-lustre.tar.gz): 1.61s
put_archive(/tmp/ktest-lustre.tar.gz): 2.04s
Job checkpatch completed: SUCCESS (return code = 0, log: /tmp/ktest-results/checkpatch.log)
Job lustre_al2023 completed: SUCCESS (return code = 0, log: /tmp/ktest-results/lustre_al2023.log)
Job lustre_u24 completed: SUCCESS (return code = 0, log: /tmp/ktest-results/lustre_u24.log)
get_archive(ktest-out): 4.53s
Job lustre_mainline_strict completed: FAILED (return code = 1, log: /tmp/ktest-results/lustre_mainline_strict.log)
get_archive(ktest-out): 3.23s
get_archive(ktest-out): 3.48s
Job lustre_mainline completed: SUCCESS (return code = 0, log: /tmp/ktest-results/lustre_mainline.log)
Job lustre_mainline_native completed: SUCCESS (return code = 0, log: /tmp/ktest-results/lustre_mainline_native.log)
Starting job: clang-tidy (ktest-out: /tmp/ktest_lustre_mainline_native_u2kcuxxk)
Starting job: cc-plugin (ktest-out: /tmp/ktest_lustre_mainline_native_u2kcuxxk)
Starting job: boot (ktest-out: /tmp/ktest_lustre_mainline_native_u2kcuxxk)
Starting job: llmount (ktest-out: /tmp/ktest_lustre_mainline_native_u2kcuxxk)
Starting job: llog-unit (ktest-out: /tmp/ktest_lustre_mainline_native_u2kcuxxk)
Starting job: mgs-setup (ktest-out: /tmp/ktest_lustre_mainline_native_u2kcuxxk)
Starting job: sanity-1 (ktest-out: /tmp/ktest_lustre_mainline_native_u2kcuxxk)
Starting job: sanity-2 (ktest-out: /tmp/ktest_lustre_mainline_native_u2kcuxxk)
Starting job: sanity-3 (ktest-out: /tmp/ktest_lustre_mainline_native_u2kcuxxk)
Starting job: sanity-4 (ktest-out: /tmp/ktest_lustre_mainline_native_u2kcuxxk)
put_archive(/tmp/ktest_lustre_mainline_native_u2kcuxxk.tar): 1.03s
put_archive(/tmp/ktest_lustre_mainline_native_u2kcuxxk.tar): 6.74s
put_archive(/tmp/ktest_lustre_mainline_native_u2kcuxxk.tar): 6.18s
put_archive(/tmp/ktest-kernel.tar.gz): 7.42s
put_archive(/tmp/ktest_lustre_mainline_native_u2kcuxxk.tar): 7.23s
put_archive(/tmp/ktest_lustre_mainline_native_u2kcuxxk.tar): 7.22s
put_archive(/tmp/ktest_lustre_mainline_native_u2kcuxxk.tar): 7.30s
put_archive(/tmp/ktest_lustre_mainline_native_u2kcuxxk.tar): 7.48s
put_archive(/tmp/ktest_lustre_mainline_native_u2kcuxxk.tar): 7.55s
put_archive(/tmp/ktest-kernel.tar.gz): 6.60s
put_archive(/tmp/ktest-lustre.tar.gz): 16.48s
put_archive(/tmp/ktest-lustre.tar.gz): 16.67s
put_archive(/tmp/ktest_lustre_mainline_native_u2kcuxxk.tar): 7.54s
put_archive(/tmp/ktest_lustre_mainline_native_u2kcuxxk.tar): 7.16s
Job mgs-setup completed: SUCCESS (return code = 0, log: /tmp/ktest-results/mgs-setup.log)
Job cc-plugin completed: FAILED (return code = 127, log: /tmp/ktest-results/cc-plugin.log)
Job clang-tidy completed: SUCCESS (return code = 0, log: /tmp/ktest-results/clang-tidy.log)
Job boot completed: SUCCESS (return code = 0, log: /tmp/ktest-results/boot.log)
Job sanity-4 completed: SUCCESS (return code = 0, log: /tmp/ktest-results/sanity-4.log)
Job sanity-2 completed: SUCCESS (return code = 0, log: /tmp/ktest-results/sanity-2.log)
Job sanity-3 completed: SUCCESS (return code = 0, log: /tmp/ktest-results/sanity-3.log)
Job sanity-1 completed: SUCCESS (return code = 0, log: /tmp/ktest-results/sanity-1.log)
Job llmount completed: SUCCESS (return code = 0, log: /tmp/ktest-results/llmount.log)
Job llog-unit completed: SUCCESS (return code = 0, log: /tmp/ktest-results/llog-unit.log)

============================================================
Final Results:
  checkpatch: SUCCESS (return code = 0, log: /tmp/ktest-results/checkpatch.log)
  lustre_u24: SUCCESS (return code = 0, log: /tmp/ktest-results/lustre_u24.log)
  lustre_al2023: SUCCESS (return code = 0, log: /tmp/ktest-results/lustre_al2023.log)
  lustre_mainline_strict: FAILED (return code = 1, log: /tmp/ktest-results/lustre_mainline_strict.log)
  lustre_mainline: SUCCESS (return code = 0, log: /tmp/ktest-results/lustre_mainline.log)
  lustre_mainline_native: SUCCESS (return code = 0, log: /tmp/ktest-results/lustre_mainline_native.log)
  clang-tidy: SUCCESS (return code = 0, log: /tmp/ktest-results/clang-tidy.log)
  cc-plugin: FAILED (return code = 127, log: /tmp/ktest-results/cc-plugin.log)
  boot: SUCCESS (return code = 0, log: /tmp/ktest-results/boot.log)
  llmount: SUCCESS (return code = 0, log: /tmp/ktest-results/llmount.log)
  llog-unit: SUCCESS (return code = 0, log: /tmp/ktest-results/llog-unit.log)
  mgs-setup: SUCCESS (return code = 0, log: /tmp/ktest-results/mgs-setup.log)
  sanity-1: SUCCESS (return code = 0, log: /tmp/ktest-results/sanity-1.log)
  sanity-2: SUCCESS (return code = 0, log: /tmp/ktest-results/sanity-2.log)
  sanity-3: SUCCESS (return code = 0, log: /tmp/ktest-results/sanity-3.log)
  sanity-4: SUCCESS (return code = 0, log: /tmp/ktest-results/sanity-4.log)