<html lang="en">
<body>
<pre>
Creating kernel tarball at /tmp/ktest-kernel.tar.gz...
Creating lustre tarball at /tmp/ktest-lustre.tar.gz...
Executing 16 jobs with dependencies
Jobs will start as soon as their dependencies are satisfied

Starting job: lustre_al2023 (ktest-out: /tmp/ktest_lustre_al2023_lv_16d0z)
Starting job: checkpatch (ktest-out: /tmp/ktest_checkpatch_lhzziac4)
Starting job: lustre_mainline_strict (ktest-out: /tmp/ktest_lustre_mainline_strict_k9h12zyl)
Starting job: lustre_u24 (ktest-out: /tmp/ktest_lustre_u24_mjfje3hb)
Starting job: lustre_mainline_native (ktest-out: /tmp/ktest_lustre_mainline_native_h_7sy3z5)
Starting job: lustre_mainline (ktest-out: /tmp/ktest_lustre_mainline_9_2w4q0p)
put_archive(/tmp/ktest-kernel.tar.gz): 7.19s
put_archive(/tmp/ktest-kernel.tar.gz): 8.47s
put_archive(/tmp/ktest-kernel.tar.gz): 8.80s
put_archive(/tmp/ktest-kernel.tar.gz): 8.79s
put_archive(/tmp/ktest-kernel.tar.gz): 8.94s
put_archive(/tmp/ktest-kernel.tar.gz): 9.69s
put_archive(/tmp/ktest-lustre.tar.gz): 5.79s
put_archive(/tmp/ktest-lustre.tar.gz): 7.76s
put_archive(/tmp/ktest-lustre.tar.gz): 5.67s
put_archive(/tmp/ktest-lustre.tar.gz): 5.43s
put_archive(/tmp/ktest-lustre.tar.gz): 5.57s
put_archive(/tmp/ktest-lustre.tar.gz): 5.32s
Job checkpatch completed: SUCCESS (return code = 0, log: /tmp/ktest-results/checkpatch.log)
Job lustre_al2023 completed: SUCCESS (return code = 0, log: /tmp/ktest-results/lustre_al2023.log)
Job lustre_u24 completed: SUCCESS (return code = 0, log: /tmp/ktest-results/lustre_u24.log)
get_archive(ktest-out): 3.39s
Job lustre_mainline_strict completed: FAILED (return code = 1, log: /tmp/ktest-results/lustre_mainline_strict.log)
get_archive(ktest-out): 3.18s
get_archive(ktest-out): 3.18s
Job lustre_mainline completed: SUCCESS (return code = 0, log: /tmp/ktest-results/lustre_mainline.log)
Job lustre_mainline_native completed: SUCCESS (return code = 0, log: /tmp/ktest-results/lustre_mainline_native.log)
Starting job: clang-tidy (ktest-out: /tmp/ktest_lustre_mainline_native_h_7sy3z5)
Starting job: cc-plugin (ktest-out: /tmp/ktest_lustre_mainline_native_h_7sy3z5)
Starting job: boot (ktest-out: /tmp/ktest_lustre_mainline_native_h_7sy3z5)
Starting job: llmount (ktest-out: /tmp/ktest_lustre_mainline_native_h_7sy3z5)
Starting job: llog-unit (ktest-out: /tmp/ktest_lustre_mainline_native_h_7sy3z5)
Starting job: mgs-setup (ktest-out: /tmp/ktest_lustre_mainline_native_h_7sy3z5)
Starting job: sanity-1 (ktest-out: /tmp/ktest_lustre_mainline_native_h_7sy3z5)
Starting job: sanity-2 (ktest-out: /tmp/ktest_lustre_mainline_native_h_7sy3z5)
Starting job: sanity-3 (ktest-out: /tmp/ktest_lustre_mainline_native_h_7sy3z5)
Starting job: sanity-4 (ktest-out: /tmp/ktest_lustre_mainline_native_h_7sy3z5)
put_archive(/tmp/ktest_lustre_mainline_native_h_7sy3z5.tar): 17.10s
put_archive(/tmp/ktest_lustre_mainline_native_h_7sy3z5.tar): 17.32s
put_archive(/tmp/ktest-kernel.tar.gz): 20.29s
put_archive(/tmp/ktest_lustre_mainline_native_h_7sy3z5.tar): 18.83s
put_archive(/tmp/ktest_lustre_mainline_native_h_7sy3z5.tar): 17.44s
put_archive(/tmp/ktest-kernel.tar.gz): 28.60s
put_archive(/tmp/ktest_lustre_mainline_native_h_7sy3z5.tar): 14.99s
put_archive(/tmp/ktest_lustre_mainline_native_h_7sy3z5.tar): 15.02s
put_archive(/tmp/ktest-lustre.tar.gz): 14.55s
put_archive(/tmp/ktest-lustre.tar.gz): 56.29s
put_archive(/tmp/ktest_lustre_mainline_native_h_7sy3z5.tar): 52.77s
put_archive(/tmp/ktest_lustre_mainline_native_h_7sy3z5.tar): 52.40s
put_archive(/tmp/ktest_lustre_mainline_native_h_7sy3z5.tar): 52.52s
put_archive(/tmp/ktest_lustre_mainline_native_h_7sy3z5.tar): 16.23s
Job mgs-setup completed: SUCCESS (return code = 0, log: /tmp/ktest-results/mgs-setup.log)
Job cc-plugin completed: FAILED (return code = 127, log: /tmp/ktest-results/cc-plugin.log)
Job boot completed: SUCCESS (return code = 0, log: /tmp/ktest-results/boot.log)
Job clang-tidy completed: SUCCESS (return code = 0, log: /tmp/ktest-results/clang-tidy.log)
Job sanity-4 completed: SUCCESS (return code = 0, log: /tmp/ktest-results/sanity-4.log)
Job sanity-2 completed: SUCCESS (return code = 0, log: /tmp/ktest-results/sanity-2.log)
Job sanity-3 completed: SUCCESS (return code = 0, log: /tmp/ktest-results/sanity-3.log)
Job llmount completed: SUCCESS (return code = 0, log: /tmp/ktest-results/llmount.log)
Job llog-unit completed: SUCCESS (return code = 0, log: /tmp/ktest-results/llog-unit.log)
Job sanity-1 completed: SUCCESS (return code = 0, log: /tmp/ktest-results/sanity-1.log)

============================================================
Final Results:
  checkpatch: SUCCESS (return code = 0, log: /tmp/ktest-results/checkpatch.log)
  lustre_u24: SUCCESS (return code = 0, log: /tmp/ktest-results/lustre_u24.log)
  lustre_al2023: SUCCESS (return code = 0, log: /tmp/ktest-results/lustre_al2023.log)
  lustre_mainline_strict: FAILED (return code = 1, log: /tmp/ktest-results/lustre_mainline_strict.log)
  lustre_mainline: SUCCESS (return code = 0, log: /tmp/ktest-results/lustre_mainline.log)
  lustre_mainline_native: SUCCESS (return code = 0, log: /tmp/ktest-results/lustre_mainline_native.log)
  clang-tidy: SUCCESS (return code = 0, log: /tmp/ktest-results/clang-tidy.log)
  cc-plugin: FAILED (return code = 127, log: /tmp/ktest-results/cc-plugin.log)
  boot: SUCCESS (return code = 0, log: /tmp/ktest-results/boot.log)
  llmount: SUCCESS (return code = 0, log: /tmp/ktest-results/llmount.log)
  llog-unit: SUCCESS (return code = 0, log: /tmp/ktest-results/llog-unit.log)
  mgs-setup: SUCCESS (return code = 0, log: /tmp/ktest-results/mgs-setup.log)
  sanity-1: SUCCESS (return code = 0, log: /tmp/ktest-results/sanity-1.log)
  sanity-2: SUCCESS (return code = 0, log: /tmp/ktest-results/sanity-2.log)
  sanity-3: SUCCESS (return code = 0, log: /tmp/ktest-results/sanity-3.log)
  sanity-4: SUCCESS (return code = 0, log: /tmp/ktest-results/sanity-4.log)
</pre>
</body>
</html>
