<html lang="en">
<body>
<pre>
Creating kernel tarball at /tmp/ktest-kernel.tar.gz...
Creating lustre tarball at /tmp/ktest-lustre.tar.gz...
Executing 16 jobs with dependencies
Jobs will start as soon as their dependencies are satisfied

Starting job: lustre_al2023 (ktest-out: /tmp/ktest_lustre_al2023_ayagm02c)
Starting job: lustre_mainline_native (ktest-out: /tmp/ktest_lustre_mainline_native_2vgi93f2)
Starting job: lustre_mainline (ktest-out: /tmp/ktest_lustre_mainline_2lqglc2p)
Starting job: checkpatch (ktest-out: /tmp/ktest_checkpatch_5ebwwuoa)
Starting job: lustre_u24 (ktest-out: /tmp/ktest_lustre_u24__ij4a4r5)
Starting job: lustre_mainline_strict (ktest-out: /tmp/ktest_lustre_mainline_strict_rbr65ned)
put_archive(/tmp/ktest-kernel.tar.gz): 7.08s
put_archive(/tmp/ktest-kernel.tar.gz): 7.11s
put_archive(/tmp/ktest-kernel.tar.gz): 6.65s
put_archive(/tmp/ktest-kernel.tar.gz): 7.18s
put_archive(/tmp/ktest-kernel.tar.gz): 7.45s
put_archive(/tmp/ktest-kernel.tar.gz): 7.01s
put_archive(/tmp/ktest-lustre.tar.gz): 0.78s
put_archive(/tmp/ktest-lustre.tar.gz): 0.95s
put_archive(/tmp/ktest-lustre.tar.gz): 0.52s
put_archive(/tmp/ktest-lustre.tar.gz): 1.26s
put_archive(/tmp/ktest-lustre.tar.gz): 0.68s
put_archive(/tmp/ktest-lustre.tar.gz): 0.41s
Job checkpatch completed: SUCCESS (return code = 0, log: /tmp/ktest-results/checkpatch.log)
Job lustre_al2023 completed: SUCCESS (return code = 0, log: /tmp/ktest-results/lustre_al2023.log)
Job lustre_u24 completed: SUCCESS (return code = 0, log: /tmp/ktest-results/lustre_u24.log)
get_archive(ktest-out): 4.10s
Job lustre_mainline_strict completed: FAILED (return code = 1, log: /tmp/ktest-results/lustre_mainline_strict.log)
get_archive(ktest-out): 2.20s
get_archive(ktest-out): 2.20s
Job lustre_mainline_native completed: SUCCESS (return code = 0, log: /tmp/ktest-results/lustre_mainline_native.log)
Starting job: clang-tidy (ktest-out: /tmp/ktest_lustre_mainline_native_2vgi93f2)
Starting job: cc-plugin (ktest-out: /tmp/ktest_lustre_mainline_native_2vgi93f2)
Starting job: boot (ktest-out: /tmp/ktest_lustre_mainline_native_2vgi93f2)
Starting job: llmount (ktest-out: /tmp/ktest_lustre_mainline_native_2vgi93f2)
Starting job: llog-unit (ktest-out: /tmp/ktest_lustre_mainline_native_2vgi93f2)
Starting job: mgs-setup (ktest-out: /tmp/ktest_lustre_mainline_native_2vgi93f2)
Starting job: sanity-1 (ktest-out: /tmp/ktest_lustre_mainline_native_2vgi93f2)
Starting job: sanity-2 (ktest-out: /tmp/ktest_lustre_mainline_native_2vgi93f2)
Starting job: sanity-3 (ktest-out: /tmp/ktest_lustre_mainline_native_2vgi93f2)
Starting job: sanity-4 (ktest-out: /tmp/ktest_lustre_mainline_native_2vgi93f2)
Job lustre_mainline completed: SUCCESS (return code = 0, log: /tmp/ktest-results/lustre_mainline.log)
put_archive(/tmp/ktest_lustre_mainline_native_2vgi93f2.tar): 2.30s
put_archive(/tmp/ktest_lustre_mainline_native_2vgi93f2.tar): 4.68s
put_archive(/tmp/ktest_lustre_mainline_native_2vgi93f2.tar): 5.42s
put_archive(/tmp/ktest_lustre_mainline_native_2vgi93f2.tar): 5.39s
put_archive(/tmp/ktest_lustre_mainline_native_2vgi93f2.tar): 6.39s
put_archive(/tmp/ktest_lustre_mainline_native_2vgi93f2.tar): 4.84s
put_archive(/tmp/ktest_lustre_mainline_native_2vgi93f2.tar): 6.72s
put_archive(/tmp/ktest_lustre_mainline_native_2vgi93f2.tar): 5.02s
put_archive(/tmp/ktest-kernel.tar.gz): 6.93s
put_archive(/tmp/ktest-kernel.tar.gz): 19.11s
put_archive(/tmp/ktest-lustre.tar.gz): 12.66s
put_archive(/tmp/ktest-lustre.tar.gz): 4.20s
put_archive(/tmp/ktest_lustre_mainline_native_2vgi93f2.tar): 4.40s
put_archive(/tmp/ktest_lustre_mainline_native_2vgi93f2.tar): 8.03s
Job cc-plugin completed: FAILED (return code = 127, log: /tmp/ktest-results/cc-plugin.log)
Job clang-tidy completed: SUCCESS (return code = 0, log: /tmp/ktest-results/clang-tidy.log)
Job boot completed: SUCCESS (return code = 0, log: /tmp/ktest-results/boot.log)
Job mgs-setup completed: SUCCESS (return code = 0, log: /tmp/ktest-results/mgs-setup.log)
Job sanity-2 completed: SUCCESS (return code = 0, log: /tmp/ktest-results/sanity-2.log)
Job llog-unit completed: SUCCESS (return code = 0, log: /tmp/ktest-results/llog-unit.log)
Job sanity-1 completed: SUCCESS (return code = 0, log: /tmp/ktest-results/sanity-1.log)
Job sanity-3 completed: SUCCESS (return code = 0, log: /tmp/ktest-results/sanity-3.log)
Job sanity-4 completed: SUCCESS (return code = 0, log: /tmp/ktest-results/sanity-4.log)
Job llmount completed: SUCCESS (return code = 0, log: /tmp/ktest-results/llmount.log)

============================================================
Final Results:
  checkpatch: SUCCESS (return code = 0, log: /tmp/ktest-results/checkpatch.log)
  lustre_u24: SUCCESS (return code = 0, log: /tmp/ktest-results/lustre_u24.log)
  lustre_al2023: SUCCESS (return code = 0, log: /tmp/ktest-results/lustre_al2023.log)
  lustre_mainline_strict: FAILED (return code = 1, log: /tmp/ktest-results/lustre_mainline_strict.log)
  lustre_mainline: SUCCESS (return code = 0, log: /tmp/ktest-results/lustre_mainline.log)
  lustre_mainline_native: SUCCESS (return code = 0, log: /tmp/ktest-results/lustre_mainline_native.log)
  clang-tidy: SUCCESS (return code = 0, log: /tmp/ktest-results/clang-tidy.log)
  cc-plugin: FAILED (return code = 127, log: /tmp/ktest-results/cc-plugin.log)
  boot: SUCCESS (return code = 0, log: /tmp/ktest-results/boot.log)
  llmount: SUCCESS (return code = 0, log: /tmp/ktest-results/llmount.log)
  llog-unit: SUCCESS (return code = 0, log: /tmp/ktest-results/llog-unit.log)
  mgs-setup: SUCCESS (return code = 0, log: /tmp/ktest-results/mgs-setup.log)
  sanity-1: SUCCESS (return code = 0, log: /tmp/ktest-results/sanity-1.log)
  sanity-2: SUCCESS (return code = 0, log: /tmp/ktest-results/sanity-2.log)
  sanity-3: SUCCESS (return code = 0, log: /tmp/ktest-results/sanity-3.log)
  sanity-4: SUCCESS (return code = 0, log: /tmp/ktest-results/sanity-4.log)
</pre>
</body>
</html>
