Creating kernel tarball at /tmp/ktest-kernel.tar.gz...
Creating lustre tarball at /tmp/ktest-lustre.tar.gz...
Executing 16 jobs with dependencies
Jobs will start as soon as their dependencies are satisfied

Starting job: lustre_u24 (ktest-out: /tmp/ktest_lustre_u24_r_bcdyn0)
Starting job: lustre_mainline (ktest-out: /tmp/ktest_lustre_mainline_j1gtz21j)
Starting job: lustre_mainline_strict (ktest-out: /tmp/ktest_lustre_mainline_strict_pf4ccak1)
Starting job: lustre_mainline_native (ktest-out: /tmp/ktest_lustre_mainline_native_4yt6ad5t)
Starting job: lustre_al2023 (ktest-out: /tmp/ktest_lustre_al2023_an7zzbwj)
Starting job: checkpatch (ktest-out: /tmp/ktest_checkpatch_dezrlplj)
put_archive(/tmp/ktest-kernel.tar.gz): 6.91s
put_archive(/tmp/ktest-kernel.tar.gz): 7.73s
put_archive(/tmp/ktest-kernel.tar.gz): 7.81s
put_archive(/tmp/ktest-kernel.tar.gz): 7.42s
put_archive(/tmp/ktest-kernel.tar.gz): 8.00s
put_archive(/tmp/ktest-kernel.tar.gz): 7.62s
put_archive(/tmp/ktest-lustre.tar.gz): 7.68s
put_archive(/tmp/ktest-lustre.tar.gz): 9.38s
put_archive(/tmp/ktest-lustre.tar.gz): 7.41s
put_archive(/tmp/ktest-lustre.tar.gz): 7.90s
put_archive(/tmp/ktest-lustre.tar.gz): 7.29s
put_archive(/tmp/ktest-lustre.tar.gz): 7.60s
Job checkpatch completed: SUCCESS (return code = 0, log: /tmp/ktest-results/checkpatch.log)
Job lustre_u24 completed: SUCCESS (return code = 0, log: /tmp/ktest-results/lustre_u24.log)
Job lustre_al2023 completed: SUCCESS (return code = 0, log: /tmp/ktest-results/lustre_al2023.log)
get_archive(ktest-out): 3.43s
Job lustre_mainline_strict completed: FAILED (return code = 1, log: /tmp/ktest-results/lustre_mainline_strict.log)
get_archive(ktest-out): 3.00s
get_archive(ktest-out): 3.07s
Job lustre_mainline completed: SUCCESS (return code = 0, log: /tmp/ktest-results/lustre_mainline.log)
Job lustre_mainline_native completed: SUCCESS (return code = 0, log: /tmp/ktest-results/lustre_mainline_native.log)
Starting job: clang-tidy (ktest-out: /tmp/ktest_lustre_mainline_native_4yt6ad5t)
Starting job: cc-plugin (ktest-out: /tmp/ktest_lustre_mainline_native_4yt6ad5t)
Starting job: boot (ktest-out: /tmp/ktest_lustre_mainline_native_4yt6ad5t)
Starting job: llmount (ktest-out: /tmp/ktest_lustre_mainline_native_4yt6ad5t)
Starting job: llog-unit (ktest-out: /tmp/ktest_lustre_mainline_native_4yt6ad5t)
Starting job: mgs-setup (ktest-out: /tmp/ktest_lustre_mainline_native_4yt6ad5t)
Starting job: sanity-1 (ktest-out: /tmp/ktest_lustre_mainline_native_4yt6ad5t)
Starting job: sanity-2 (ktest-out: /tmp/ktest_lustre_mainline_native_4yt6ad5t)
Starting job: sanity-3 (ktest-out: /tmp/ktest_lustre_mainline_native_4yt6ad5t)
Starting job: sanity-4 (ktest-out: /tmp/ktest_lustre_mainline_native_4yt6ad5t)
put_archive(/tmp/ktest_lustre_mainline_native_4yt6ad5t.tar): 8.52s
put_archive(/tmp/ktest-kernel.tar.gz): 10.43s
put_archive(/tmp/ktest-lustre.tar.gz): 14.29s
put_archive(/tmp/ktest_lustre_mainline_native_4yt6ad5t.tar): 15.80s
put_archive(/tmp/ktest_lustre_mainline_native_4yt6ad5t.tar): 12.15s
put_archive(/tmp/ktest_lustre_mainline_native_4yt6ad5t.tar): 29.00s
put_archive(/tmp/ktest_lustre_mainline_native_4yt6ad5t.tar): 28.16s
put_archive(/tmp/ktest_lustre_mainline_native_4yt6ad5t.tar): 28.10s
put_archive(/tmp/ktest-kernel.tar.gz): 28.30s
put_archive(/tmp/ktest_lustre_mainline_native_4yt6ad5t.tar): 28.50s
put_archive(/tmp/ktest_lustre_mainline_native_4yt6ad5t.tar): 28.41s
put_archive(/tmp/ktest_lustre_mainline_native_4yt6ad5t.tar): 28.53s
put_archive(/tmp/ktest-lustre.tar.gz): 56.78s
put_archive(/tmp/ktest_lustre_mainline_native_4yt6ad5t.tar): 14.71s
Job clang-tidy completed: SUCCESS (return code = 0, log: /tmp/ktest-results/clang-tidy.log)
Job cc-plugin completed: FAILED (return code = 127, log: /tmp/ktest-results/cc-plugin.log)
Job sanity-2 completed: SUCCESS (return code = 0, log: /tmp/ktest-results/sanity-2.log)
Job boot completed: SUCCESS (return code = 0, log: /tmp/ktest-results/boot.log)
Job mgs-setup completed: SUCCESS (return code = 0, log: /tmp/ktest-results/mgs-setup.log)
Job llmount completed: SUCCESS (return code = 0, log: /tmp/ktest-results/llmount.log)
Job sanity-3 completed: SUCCESS (return code = 0, log: /tmp/ktest-results/sanity-3.log)
Job llog-unit completed: SUCCESS (return code = 0, log: /tmp/ktest-results/llog-unit.log)
Job sanity-1 completed: SUCCESS (return code = 0, log: /tmp/ktest-results/sanity-1.log)
Job sanity-4 completed: SUCCESS (return code = 0, log: /tmp/ktest-results/sanity-4.log)

============================================================
Final Results:
  checkpatch: SUCCESS (return code = 0, log: /tmp/ktest-results/checkpatch.log)
  lustre_u24: SUCCESS (return code = 0, log: /tmp/ktest-results/lustre_u24.log)
  lustre_al2023: SUCCESS (return code = 0, log: /tmp/ktest-results/lustre_al2023.log)
  lustre_mainline_strict: FAILED (return code = 1, log: /tmp/ktest-results/lustre_mainline_strict.log)
  lustre_mainline: SUCCESS (return code = 0, log: /tmp/ktest-results/lustre_mainline.log)
  lustre_mainline_native: SUCCESS (return code = 0, log: /tmp/ktest-results/lustre_mainline_native.log)
  clang-tidy: SUCCESS (return code = 0, log: /tmp/ktest-results/clang-tidy.log)
  cc-plugin: FAILED (return code = 127, log: /tmp/ktest-results/cc-plugin.log)
  boot: SUCCESS (return code = 0, log: /tmp/ktest-results/boot.log)
  llmount: SUCCESS (return code = 0, log: /tmp/ktest-results/llmount.log)
  llog-unit: SUCCESS (return code = 0, log: /tmp/ktest-results/llog-unit.log)
  mgs-setup: SUCCESS (return code = 0, log: /tmp/ktest-results/mgs-setup.log)
  sanity-1: SUCCESS (return code = 0, log: /tmp/ktest-results/sanity-1.log)
  sanity-2: SUCCESS (return code = 0, log: /tmp/ktest-results/sanity-2.log)
  sanity-3: SUCCESS (return code = 0, log: /tmp/ktest-results/sanity-3.log)
  sanity-4: SUCCESS (return code = 0, log: /tmp/ktest-results/sanity-4.log)