<html lang="en">
<body>
<pre>
Creating kernel tarball at /tmp/ktest-kernel.tar.gz...
Creating lustre tarball at /tmp/ktest-lustre.tar.gz...
Executing 16 jobs with dependencies
Jobs will start as soon as their dependencies are satisfied

Starting job: lustre_u24 (ktest-out: /tmp/ktest_lustre_u24_edgkwsi7)
Starting job: lustre_mainline_strict (ktest-out: /tmp/ktest_lustre_mainline_strict_yziziyul)
Starting job: lustre_mainline_native (ktest-out: /tmp/ktest_lustre_mainline_native_avvd5g6r)
Starting job: lustre_mainline (ktest-out: /tmp/ktest_lustre_mainline_bafceo0d)
Starting job: lustre_al2023 (ktest-out: /tmp/ktest_lustre_al2023_899ho3kd)
Starting job: checkpatch (ktest-out: /tmp/ktest_checkpatch_x_d6yyce)
put_archive(/tmp/ktest-kernel.tar.gz): 6.91s
put_archive(/tmp/ktest-kernel.tar.gz): 9.23s
put_archive(/tmp/ktest-kernel.tar.gz): 9.34s
put_archive(/tmp/ktest-kernel.tar.gz): 9.14s
put_archive(/tmp/ktest-kernel.tar.gz): 9.83s
put_archive(/tmp/ktest-kernel.tar.gz): 9.90s
put_archive(/tmp/ktest-lustre.tar.gz): 11.28s
put_archive(/tmp/ktest-lustre.tar.gz): 8.25s
put_archive(/tmp/ktest-lustre.tar.gz): 8.41s
put_archive(/tmp/ktest-lustre.tar.gz): 8.00s
put_archive(/tmp/ktest-lustre.tar.gz): 8.16s
put_archive(/tmp/ktest-lustre.tar.gz): 8.60s
Job checkpatch completed: SUCCESS (return code = 0, log: /tmp/ktest-results/checkpatch.log)
Job lustre_u24 completed: SUCCESS (return code = 0, log: /tmp/ktest-results/lustre_u24.log)
Job lustre_al2023 completed: SUCCESS (return code = 0, log: /tmp/ktest-results/lustre_al2023.log)
get_archive(ktest-out): 4.62s
Job lustre_mainline_strict completed: FAILED (return code = 1, log: /tmp/ktest-results/lustre_mainline_strict.log)
get_archive(ktest-out): 3.19s
get_archive(ktest-out): 3.19s
Job lustre_mainline_native completed: SUCCESS (return code = 0, log: /tmp/ktest-results/lustre_mainline_native.log)
Starting job: clang-tidy (ktest-out: /tmp/ktest_lustre_mainline_native_avvd5g6r)
Starting job: cc-plugin (ktest-out: /tmp/ktest_lustre_mainline_native_avvd5g6r)
Starting job: boot (ktest-out: /tmp/ktest_lustre_mainline_native_avvd5g6r)
Starting job: llmount (ktest-out: /tmp/ktest_lustre_mainline_native_avvd5g6r)
Starting job: llog-unit (ktest-out: /tmp/ktest_lustre_mainline_native_avvd5g6r)
Starting job: mgs-setup (ktest-out: /tmp/ktest_lustre_mainline_native_avvd5g6r)
Starting job: sanity-1 (ktest-out: /tmp/ktest_lustre_mainline_native_avvd5g6r)
Starting job: sanity-2 (ktest-out: /tmp/ktest_lustre_mainline_native_avvd5g6r)
Starting job: sanity-3 (ktest-out: /tmp/ktest_lustre_mainline_native_avvd5g6r)
Starting job: sanity-4 (ktest-out: /tmp/ktest_lustre_mainline_native_avvd5g6r)
Job lustre_mainline completed: SUCCESS (return code = 0, log: /tmp/ktest-results/lustre_mainline.log)
put_archive(/tmp/ktest_lustre_mainline_native_avvd5g6r.tar): 1.59s
put_archive(/tmp/ktest_lustre_mainline_native_avvd5g6r.tar): 7.51s
put_archive(/tmp/ktest_lustre_mainline_native_avvd5g6r.tar): 7.40s
put_archive(/tmp/ktest-kernel.tar.gz): 51.66s
put_archive(/tmp/ktest_lustre_mainline_native_avvd5g6r.tar): 39.56s
put_archive(/tmp/ktest_lustre_mainline_native_avvd5g6r.tar): 42.80s
put_archive(/tmp/ktest-kernel.tar.gz): 45.76s
put_archive(/tmp/ktest-lustre.tar.gz): 6.27s
put_archive(/tmp/ktest_lustre_mainline_native_avvd5g6r.tar): 45.60s
put_archive(/tmp/ktest-lustre.tar.gz): 45.82s
put_archive(/tmp/ktest_lustre_mainline_native_avvd5g6r.tar): 45.80s
put_archive(/tmp/ktest_lustre_mainline_native_avvd5g6r.tar): 45.58s
put_archive(/tmp/ktest_lustre_mainline_native_avvd5g6r.tar): 45.50s
put_archive(/tmp/ktest_lustre_mainline_native_avvd5g6r.tar): 4.92s
Job cc-plugin completed: FAILED (return code = 127, log: /tmp/ktest-results/cc-plugin.log)
Job clang-tidy completed: SUCCESS (return code = 0, log: /tmp/ktest-results/clang-tidy.log)
Job boot completed: SUCCESS (return code = 0, log: /tmp/ktest-results/boot.log)
Job sanity-3 completed: SUCCESS (return code = 0, log: /tmp/ktest-results/sanity-3.log)
Job sanity-1 completed: SUCCESS (return code = 0, log: /tmp/ktest-results/sanity-1.log)
Job mgs-setup completed: SUCCESS (return code = 0, log: /tmp/ktest-results/mgs-setup.log)
Job llog-unit completed: SUCCESS (return code = 0, log: /tmp/ktest-results/llog-unit.log)
Job sanity-2 completed: SUCCESS (return code = 0, log: /tmp/ktest-results/sanity-2.log)
Job sanity-4 completed: SUCCESS (return code = 0, log: /tmp/ktest-results/sanity-4.log)
Job llmount completed: SUCCESS (return code = 0, log: /tmp/ktest-results/llmount.log)

============================================================
Final Results:
  checkpatch: SUCCESS (return code = 0, log: /tmp/ktest-results/checkpatch.log)
  lustre_u24: SUCCESS (return code = 0, log: /tmp/ktest-results/lustre_u24.log)
  lustre_al2023: SUCCESS (return code = 0, log: /tmp/ktest-results/lustre_al2023.log)
  lustre_mainline_strict: FAILED (return code = 1, log: /tmp/ktest-results/lustre_mainline_strict.log)
  lustre_mainline: SUCCESS (return code = 0, log: /tmp/ktest-results/lustre_mainline.log)
  lustre_mainline_native: SUCCESS (return code = 0, log: /tmp/ktest-results/lustre_mainline_native.log)
  clang-tidy: SUCCESS (return code = 0, log: /tmp/ktest-results/clang-tidy.log)
  cc-plugin: FAILED (return code = 127, log: /tmp/ktest-results/cc-plugin.log)
  boot: SUCCESS (return code = 0, log: /tmp/ktest-results/boot.log)
  llmount: SUCCESS (return code = 0, log: /tmp/ktest-results/llmount.log)
  llog-unit: SUCCESS (return code = 0, log: /tmp/ktest-results/llog-unit.log)
  mgs-setup: SUCCESS (return code = 0, log: /tmp/ktest-results/mgs-setup.log)
  sanity-1: SUCCESS (return code = 0, log: /tmp/ktest-results/sanity-1.log)
  sanity-2: SUCCESS (return code = 0, log: /tmp/ktest-results/sanity-2.log)
  sanity-3: SUCCESS (return code = 0, log: /tmp/ktest-results/sanity-3.log)
  sanity-4: SUCCESS (return code = 0, log: /tmp/ktest-results/sanity-4.log)
</pre>
</body>
</html>
