Creating kernel tarball at /tmp/ktest-kernel.tar.gz...
Creating lustre tarball at /tmp/ktest-lustre.tar.gz...
Executing 16 jobs with dependencies
Jobs will start as soon as their dependencies are satisfied

Starting job: checkpatch (ktest-out: /tmp/ktest_checkpatch_7pdbh8_k)
Starting job: lustre_mainline (ktest-out: /tmp/ktest_lustre_mainline_iv_yls81)
Starting job: lustre_al2023 (ktest-out: /tmp/ktest_lustre_al2023_y2oaya0m)
Starting job: lustre_u24 (ktest-out: /tmp/ktest_lustre_u24_c6yr7fjk)
Starting job: lustre_mainline_native (ktest-out: /tmp/ktest_lustre_mainline_native_4ja32ao_)
Starting job: lustre_mainline_strict (ktest-out: /tmp/ktest_lustre_mainline_strict_ew6w9elu)
put_archive(/tmp/ktest-kernel.tar.gz): 9.42s
put_archive(/tmp/ktest-kernel.tar.gz): 9.98s
put_archive(/tmp/ktest-kernel.tar.gz): 10.43s
put_archive(/tmp/ktest-kernel.tar.gz): 10.42s
put_archive(/tmp/ktest-kernel.tar.gz): 9.63s
put_archive(/tmp/ktest-kernel.tar.gz): 10.40s
put_archive(/tmp/ktest-lustre.tar.gz): 6.33s
put_archive(/tmp/ktest-lustre.tar.gz): 6.53s
put_archive(/tmp/ktest-lustre.tar.gz): 7.31s
put_archive(/tmp/ktest-lustre.tar.gz): 6.74s
put_archive(/tmp/ktest-lustre.tar.gz): 7.05s
put_archive(/tmp/ktest-lustre.tar.gz): 6.91s
Job checkpatch completed: SUCCESS (return code = 0, log: /tmp/ktest-results/checkpatch.log)
Job lustre_al2023 completed: SUCCESS (return code = 0, log: /tmp/ktest-results/lustre_al2023.log)
Job lustre_u24 completed: SUCCESS (return code = 0, log: /tmp/ktest-results/lustre_u24.log)
get_archive(ktest-out): 3.41s
Job lustre_mainline_strict completed: FAILED (return code = 1, log: /tmp/ktest-results/lustre_mainline_strict.log)
get_archive(ktest-out): 3.05s
get_archive(ktest-out): 3.13s
Job lustre_mainline_native completed: SUCCESS (return code = 0, log: /tmp/ktest-results/lustre_mainline_native.log)
Starting job: clang-tidy (ktest-out: /tmp/ktest_lustre_mainline_native_4ja32ao_)
Starting job: cc-plugin (ktest-out: /tmp/ktest_lustre_mainline_native_4ja32ao_)
Starting job: boot (ktest-out: /tmp/ktest_lustre_mainline_native_4ja32ao_)
Starting job: llmount (ktest-out: /tmp/ktest_lustre_mainline_native_4ja32ao_)
Starting job: llog-unit (ktest-out: /tmp/ktest_lustre_mainline_native_4ja32ao_)
Starting job: mgs-setup (ktest-out: /tmp/ktest_lustre_mainline_native_4ja32ao_)
Starting job: sanity-1 (ktest-out: /tmp/ktest_lustre_mainline_native_4ja32ao_)
Starting job: sanity-2 (ktest-out: /tmp/ktest_lustre_mainline_native_4ja32ao_)
Starting job: sanity-3 (ktest-out: /tmp/ktest_lustre_mainline_native_4ja32ao_)
Starting job: sanity-4 (ktest-out: /tmp/ktest_lustre_mainline_native_4ja32ao_)
Job lustre_mainline completed: SUCCESS (return code = 0, log: /tmp/ktest-results/lustre_mainline.log)
put_archive(/tmp/ktest_lustre_mainline_native_4ja32ao_.tar): 6.39s
put_archive(/tmp/ktest-kernel.tar.gz): 16.68s
put_archive(/tmp/ktest-kernel.tar.gz): 28.06s
put_archive(/tmp/ktest_lustre_mainline_native_4ja32ao_.tar): 28.62s
put_archive(/tmp/ktest-lustre.tar.gz): 56.98s
put_archive(/tmp/ktest_lustre_mainline_native_4ja32ao_.tar): 44.95s
put_archive(/tmp/ktest_lustre_mainline_native_4ja32ao_.tar): 45.04s
put_archive(/tmp/ktest_lustre_mainline_native_4ja32ao_.tar): 45.08s
put_archive(/tmp/ktest_lustre_mainline_native_4ja32ao_.tar): 45.06s
put_archive(/tmp/ktest_lustre_mainline_native_4ja32ao_.tar): 45.41s
put_archive(/tmp/ktest-lustre.tar.gz): 45.71s
put_archive(/tmp/ktest_lustre_mainline_native_4ja32ao_.tar): 45.17s
put_archive(/tmp/ktest_lustre_mainline_native_4ja32ao_.tar): 57.90s
put_archive(/tmp/ktest_lustre_mainline_native_4ja32ao_.tar): 57.78s
Job cc-plugin completed: FAILED (return code = 127, log: /tmp/ktest-results/cc-plugin.log)
Job sanity-4 completed: SUCCESS (return code = 0, log: /tmp/ktest-results/sanity-4.log)
Job clang-tidy completed: SUCCESS (return code = 0, log: /tmp/ktest-results/clang-tidy.log)
Job boot completed: SUCCESS (return code = 0, log: /tmp/ktest-results/boot.log)
Job mgs-setup completed: SUCCESS (return code = 0, log: /tmp/ktest-results/mgs-setup.log)
Job llmount completed: SUCCESS (return code = 0, log: /tmp/ktest-results/llmount.log)
Job sanity-1 completed: SUCCESS (return code = 0, log: /tmp/ktest-results/sanity-1.log)
Job sanity-2 completed: SUCCESS (return code = 0, log: /tmp/ktest-results/sanity-2.log)
Job sanity-3 completed: SUCCESS (return code = 0, log: /tmp/ktest-results/sanity-3.log)
Job llog-unit completed: SUCCESS (return code = 0, log: /tmp/ktest-results/llog-unit.log)

============================================================
Final Results:
  checkpatch: SUCCESS (return code = 0, log: /tmp/ktest-results/checkpatch.log)
  lustre_u24: SUCCESS (return code = 0, log: /tmp/ktest-results/lustre_u24.log)
  lustre_al2023: SUCCESS (return code = 0, log: /tmp/ktest-results/lustre_al2023.log)
  lustre_mainline_strict: FAILED (return code = 1, log: /tmp/ktest-results/lustre_mainline_strict.log)
  lustre_mainline: SUCCESS (return code = 0, log: /tmp/ktest-results/lustre_mainline.log)
  lustre_mainline_native: SUCCESS (return code = 0, log: /tmp/ktest-results/lustre_mainline_native.log)
  clang-tidy: SUCCESS (return code = 0, log: /tmp/ktest-results/clang-tidy.log)
  cc-plugin: FAILED (return code = 127, log: /tmp/ktest-results/cc-plugin.log)
  boot: SUCCESS (return code = 0, log: /tmp/ktest-results/boot.log)
  llmount: SUCCESS (return code = 0, log: /tmp/ktest-results/llmount.log)
  llog-unit: SUCCESS (return code = 0, log: /tmp/ktest-results/llog-unit.log)
  mgs-setup: SUCCESS (return code = 0, log: /tmp/ktest-results/mgs-setup.log)
  sanity-1: SUCCESS (return code = 0, log: /tmp/ktest-results/sanity-1.log)
  sanity-2: SUCCESS (return code = 0, log: /tmp/ktest-results/sanity-2.log)
  sanity-3: SUCCESS (return code = 0, log: /tmp/ktest-results/sanity-3.log)
  sanity-4: SUCCESS (return code = 0, log: /tmp/ktest-results/sanity-4.log)