Creating kernel tarball at /tmp/ktest-kernel.tar.gz...
Creating lustre tarball at /tmp/ktest-lustre.tar.gz...
Executing 16 jobs with dependencies
Jobs will start as soon as their dependencies are satisfied

Starting job: lustre_mainline_strict (ktest-out: /tmp/ktest_lustre_mainline_strict_3xcg6ykv)
Starting job: lustre_al2023 (ktest-out: /tmp/ktest_lustre_al2023_rtisyqdt)
Starting job: checkpatch (ktest-out: /tmp/ktest_checkpatch_i8km6oy6)
Starting job: lustre_u24 (ktest-out: /tmp/ktest_lustre_u24_y4s1q06f)
Starting job: lustre_mainline_native (ktest-out: /tmp/ktest_lustre_mainline_native_b3mi_3cj)
Starting job: lustre_mainline (ktest-out: /tmp/ktest_lustre_mainline_3wrcz9vs)
put_archive(/tmp/ktest-kernel.tar.gz): 6.77s
put_archive(/tmp/ktest-kernel.tar.gz): 5.18s
put_archive(/tmp/ktest-kernel.tar.gz): 7.17s
put_archive(/tmp/ktest-kernel.tar.gz): 7.39s
put_archive(/tmp/ktest-kernel.tar.gz): 5.70s
put_archive(/tmp/ktest-kernel.tar.gz): 5.83s
put_archive(/tmp/ktest-lustre.tar.gz): 2.47s
put_archive(/tmp/ktest-lustre.tar.gz): 1.76s
put_archive(/tmp/ktest-lustre.tar.gz): 1.49s
put_archive(/tmp/ktest-lustre.tar.gz): 1.21s
put_archive(/tmp/ktest-lustre.tar.gz): 1.38s
put_archive(/tmp/ktest-lustre.tar.gz): 1.66s
Job checkpatch completed: FAILED (return code = 1, log: /tmp/ktest-results/checkpatch.log)
Job lustre_u24 completed: SUCCESS (return code = 0, log: /tmp/ktest-results/lustre_u24.log)
Job lustre_al2023 completed: SUCCESS (return code = 0, log: /tmp/ktest-results/lustre_al2023.log)
get_archive(ktest-out): 5.73s
Job lustre_mainline_strict completed: FAILED (return code = 1, log: /tmp/ktest-results/lustre_mainline_strict.log)
get_archive(ktest-out): 3.20s
get_archive(ktest-out): 3.29s
Job lustre_mainline_native completed: SUCCESS (return code = 0, log: /tmp/ktest-results/lustre_mainline_native.log)
Starting job: clang-tidy (ktest-out: /tmp/ktest_lustre_mainline_native_b3mi_3cj)
Starting job: cc-plugin (ktest-out: /tmp/ktest_lustre_mainline_native_b3mi_3cj)
Starting job: boot (ktest-out: /tmp/ktest_lustre_mainline_native_b3mi_3cj)
Starting job: llmount (ktest-out: /tmp/ktest_lustre_mainline_native_b3mi_3cj)
Starting job: llog-unit (ktest-out: /tmp/ktest_lustre_mainline_native_b3mi_3cj)
Starting job: mgs-setup (ktest-out: /tmp/ktest_lustre_mainline_native_b3mi_3cj)
Starting job: sanity-1 (ktest-out: /tmp/ktest_lustre_mainline_native_b3mi_3cj)
Starting job: sanity-2 (ktest-out: /tmp/ktest_lustre_mainline_native_b3mi_3cj)
Starting job: sanity-3 (ktest-out: /tmp/ktest_lustre_mainline_native_b3mi_3cj)
Starting job: sanity-4 (ktest-out: /tmp/ktest_lustre_mainline_native_b3mi_3cj)
Job lustre_mainline completed: SUCCESS (return code = 0, log: /tmp/ktest-results/lustre_mainline.log)
put_archive(/tmp/ktest_lustre_mainline_native_b3mi_3cj.tar): 15.94s
put_archive(/tmp/ktest_lustre_mainline_native_b3mi_3cj.tar): 15.78s
put_archive(/tmp/ktest_lustre_mainline_native_b3mi_3cj.tar): 16.33s
put_archive(/tmp/ktest-kernel.tar.gz): 35.08s
put_archive(/tmp/ktest-kernel.tar.gz): 34.68s
put_archive(/tmp/ktest-lustre.tar.gz): 12.19s
put_archive(/tmp/ktest_lustre_mainline_native_b3mi_3cj.tar): 32.42s
put_archive(/tmp/ktest_lustre_mainline_native_b3mi_3cj.tar): 32.49s
put_archive(/tmp/ktest-lustre.tar.gz): 32.77s
put_archive(/tmp/ktest_lustre_mainline_native_b3mi_3cj.tar): 32.55s
put_archive(/tmp/ktest_lustre_mainline_native_b3mi_3cj.tar): 32.59s
put_archive(/tmp/ktest_lustre_mainline_native_b3mi_3cj.tar): 32.44s
put_archive(/tmp/ktest_lustre_mainline_native_b3mi_3cj.tar): 97.10s
put_archive(/tmp/ktest_lustre_mainline_native_b3mi_3cj.tar): 76.45s
Job mgs-setup completed: SUCCESS (return code = 0, log: /tmp/ktest-results/mgs-setup.log)
Job sanity-1 completed: SUCCESS (return code = 0, log: /tmp/ktest-results/sanity-1.log)
Job cc-plugin completed: FAILED (return code = 127, log: /tmp/ktest-results/cc-plugin.log)
Job clang-tidy completed: SUCCESS (return code = 0, log: /tmp/ktest-results/clang-tidy.log)
Job llmount completed: SUCCESS (return code = 0, log: /tmp/ktest-results/llmount.log)
Job boot completed: SUCCESS (return code = 0, log: /tmp/ktest-results/boot.log)
Job llog-unit completed: SUCCESS (return code = 0, log: /tmp/ktest-results/llog-unit.log)
Job sanity-3 completed: SUCCESS (return code = 0, log: /tmp/ktest-results/sanity-3.log)
Job sanity-4 completed: SUCCESS (return code = 0, log: /tmp/ktest-results/sanity-4.log)
Job sanity-2 completed: SUCCESS (return code = 0, log: /tmp/ktest-results/sanity-2.log)

============================================================
Final Results:
  checkpatch: FAILED (return code = 1, log: /tmp/ktest-results/checkpatch.log)
  lustre_u24: SUCCESS (return code = 0, log: /tmp/ktest-results/lustre_u24.log)
  lustre_al2023: SUCCESS (return code = 0, log: /tmp/ktest-results/lustre_al2023.log)
  lustre_mainline_strict: FAILED (return code = 1, log: /tmp/ktest-results/lustre_mainline_strict.log)
  lustre_mainline: SUCCESS (return code = 0, log: /tmp/ktest-results/lustre_mainline.log)
  lustre_mainline_native: SUCCESS (return code = 0, log: /tmp/ktest-results/lustre_mainline_native.log)
  clang-tidy: SUCCESS (return code = 0, log: /tmp/ktest-results/clang-tidy.log)
  cc-plugin: FAILED (return code = 127, log: /tmp/ktest-results/cc-plugin.log)
  boot: SUCCESS (return code = 0, log: /tmp/ktest-results/boot.log)
  llmount: SUCCESS (return code = 0, log: /tmp/ktest-results/llmount.log)
  llog-unit: SUCCESS (return code = 0, log: /tmp/ktest-results/llog-unit.log)
  mgs-setup: SUCCESS (return code = 0, log: /tmp/ktest-results/mgs-setup.log)
  sanity-1: SUCCESS (return code = 0, log: /tmp/ktest-results/sanity-1.log)
  sanity-2: SUCCESS (return code = 0, log: /tmp/ktest-results/sanity-2.log)
  sanity-3: SUCCESS (return code = 0, log: /tmp/ktest-results/sanity-3.log)
  sanity-4: SUCCESS (return code = 0, log: /tmp/ktest-results/sanity-4.log)