<html lang="en">
<body>
<pre>
Creating kernel tarball at /tmp/ktest-kernel.tar.gz...
Creating lustre tarball at /tmp/ktest-lustre.tar.gz...
Executing 16 jobs with dependencies
Jobs will start as soon as their dependencies are satisfied

Starting job: lustre_al2023 (ktest-out: /tmp/ktest_lustre_al2023_7egh_j0h)
Starting job: lustre_mainline_native (ktest-out: /tmp/ktest_lustre_mainline_native_t4eiswgy)
Starting job: checkpatch (ktest-out: /tmp/ktest_checkpatch_9mj6q9ds)
Starting job: lustre_u24 (ktest-out: /tmp/ktest_lustre_u24_y36rrqq9)
Starting job: lustre_mainline (ktest-out: /tmp/ktest_lustre_mainline_bcsxl6hb)
Starting job: lustre_mainline_strict (ktest-out: /tmp/ktest_lustre_mainline_strict_5_b4_8xn)
put_archive(/tmp/ktest-kernel.tar.gz): 9.84s
put_archive(/tmp/ktest-kernel.tar.gz): 10.44s
put_archive(/tmp/ktest-kernel.tar.gz): 11.23s
put_archive(/tmp/ktest-kernel.tar.gz): 11.21s
put_archive(/tmp/ktest-kernel.tar.gz): 10.94s
put_archive(/tmp/ktest-kernel.tar.gz): 11.06s
put_archive(/tmp/ktest-lustre.tar.gz): 6.72s
put_archive(/tmp/ktest-lustre.tar.gz): 5.41s
put_archive(/tmp/ktest-lustre.tar.gz): 4.89s
put_archive(/tmp/ktest-lustre.tar.gz): 5.30s
put_archive(/tmp/ktest-lustre.tar.gz): 5.19s
put_archive(/tmp/ktest-lustre.tar.gz): 5.06s
Job checkpatch completed: FAILED (return code = 1, log: /tmp/ktest-results/checkpatch.log)
Job lustre_u24 completed: SUCCESS (return code = 0, log: /tmp/ktest-results/lustre_u24.log)
Job lustre_al2023 completed: SUCCESS (return code = 0, log: /tmp/ktest-results/lustre_al2023.log)
get_archive(ktest-out): 4.43s
Job lustre_mainline_strict completed: FAILED (return code = 1, log: /tmp/ktest-results/lustre_mainline_strict.log)
get_archive(ktest-out): 3.08s
get_archive(ktest-out): 3.17s
Job lustre_mainline_native completed: SUCCESS (return code = 0, log: /tmp/ktest-results/lustre_mainline_native.log)
Starting job: clang-tidy (ktest-out: /tmp/ktest_lustre_mainline_native_t4eiswgy)
Starting job: cc-plugin (ktest-out: /tmp/ktest_lustre_mainline_native_t4eiswgy)
Starting job: boot (ktest-out: /tmp/ktest_lustre_mainline_native_t4eiswgy)
Starting job: llmount (ktest-out: /tmp/ktest_lustre_mainline_native_t4eiswgy)
Starting job: llog-unit (ktest-out: /tmp/ktest_lustre_mainline_native_t4eiswgy)
Starting job: mgs-setup (ktest-out: /tmp/ktest_lustre_mainline_native_t4eiswgy)
Starting job: sanity-1 (ktest-out: /tmp/ktest_lustre_mainline_native_t4eiswgy)
Starting job: sanity-2 (ktest-out: /tmp/ktest_lustre_mainline_native_t4eiswgy)
Starting job: sanity-3 (ktest-out: /tmp/ktest_lustre_mainline_native_t4eiswgy)
Starting job: sanity-4 (ktest-out: /tmp/ktest_lustre_mainline_native_t4eiswgy)
Job lustre_mainline completed: SUCCESS (return code = 0, log: /tmp/ktest-results/lustre_mainline.log)
put_archive(/tmp/ktest_lustre_mainline_native_t4eiswgy.tar): 10.14s
put_archive(/tmp/ktest_lustre_mainline_native_t4eiswgy.tar): 10.01s
put_archive(/tmp/ktest-kernel.tar.gz): 10.24s
put_archive(/tmp/ktest-kernel.tar.gz): 12.03s
put_archive(/tmp/ktest-lustre.tar.gz): 37.22s
put_archive(/tmp/ktest-lustre.tar.gz): 35.30s
put_archive(/tmp/ktest_lustre_mainline_native_t4eiswgy.tar): 34.80s
put_archive(/tmp/ktest_lustre_mainline_native_t4eiswgy.tar): 34.78s
put_archive(/tmp/ktest_lustre_mainline_native_t4eiswgy.tar): 37.46s
put_archive(/tmp/ktest_lustre_mainline_native_t4eiswgy.tar): 35.06s
put_archive(/tmp/ktest_lustre_mainline_native_t4eiswgy.tar): 35.03s
put_archive(/tmp/ktest_lustre_mainline_native_t4eiswgy.tar): 34.97s
put_archive(/tmp/ktest_lustre_mainline_native_t4eiswgy.tar): 46.06s
put_archive(/tmp/ktest_lustre_mainline_native_t4eiswgy.tar): 46.37s
Job mgs-setup completed: SUCCESS (return code = 0, log: /tmp/ktest-results/mgs-setup.log)
Job cc-plugin completed: FAILED (return code = 127, log: /tmp/ktest-results/cc-plugin.log)
Job clang-tidy completed: SUCCESS (return code = 0, log: /tmp/ktest-results/clang-tidy.log)
Job boot completed: SUCCESS (return code = 0, log: /tmp/ktest-results/boot.log)
Job llmount completed: SUCCESS (return code = 0, log: /tmp/ktest-results/llmount.log)
Job sanity-3 completed: SUCCESS (return code = 0, log: /tmp/ktest-results/sanity-3.log)
Job sanity-1 completed: SUCCESS (return code = 0, log: /tmp/ktest-results/sanity-1.log)
Job sanity-4 completed: SUCCESS (return code = 0, log: /tmp/ktest-results/sanity-4.log)
Job sanity-2 completed: SUCCESS (return code = 0, log: /tmp/ktest-results/sanity-2.log)
Job llog-unit completed: SUCCESS (return code = 0, log: /tmp/ktest-results/llog-unit.log)

============================================================
Final Results:
  checkpatch: FAILED (return code = 1, log: /tmp/ktest-results/checkpatch.log)
  lustre_u24: SUCCESS (return code = 0, log: /tmp/ktest-results/lustre_u24.log)
  lustre_al2023: SUCCESS (return code = 0, log: /tmp/ktest-results/lustre_al2023.log)
  lustre_mainline_strict: FAILED (return code = 1, log: /tmp/ktest-results/lustre_mainline_strict.log)
  lustre_mainline: SUCCESS (return code = 0, log: /tmp/ktest-results/lustre_mainline.log)
  lustre_mainline_native: SUCCESS (return code = 0, log: /tmp/ktest-results/lustre_mainline_native.log)
  clang-tidy: SUCCESS (return code = 0, log: /tmp/ktest-results/clang-tidy.log)
  cc-plugin: FAILED (return code = 127, log: /tmp/ktest-results/cc-plugin.log)
  boot: SUCCESS (return code = 0, log: /tmp/ktest-results/boot.log)
  llmount: SUCCESS (return code = 0, log: /tmp/ktest-results/llmount.log)
  llog-unit: SUCCESS (return code = 0, log: /tmp/ktest-results/llog-unit.log)
  mgs-setup: SUCCESS (return code = 0, log: /tmp/ktest-results/mgs-setup.log)
  sanity-1: SUCCESS (return code = 0, log: /tmp/ktest-results/sanity-1.log)
  sanity-2: SUCCESS (return code = 0, log: /tmp/ktest-results/sanity-2.log)
  sanity-3: SUCCESS (return code = 0, log: /tmp/ktest-results/sanity-3.log)
  sanity-4: SUCCESS (return code = 0, log: /tmp/ktest-results/sanity-4.log)
</pre>
</body>
</html>
