<html lang="en">
<body>
<pre>
Creating kernel tarball at /tmp/ktest-kernel.tar.gz...
Creating lustre tarball at /tmp/ktest-lustre.tar.gz...
Executing 16 jobs with dependencies
Jobs will start as soon as their dependencies are satisfied

Starting job: lustre_mainline (ktest-out: /tmp/ktest_lustre_mainline_vw7b06wz)
Starting job: checkpatch (ktest-out: /tmp/ktest_checkpatch_q_oegbra)
Starting job: lustre_mainline_native (ktest-out: /tmp/ktest_lustre_mainline_native_q5wbgkns)
Starting job: lustre_u24 (ktest-out: /tmp/ktest_lustre_u24_his1iag5)
Starting job: lustre_mainline_strict (ktest-out: /tmp/ktest_lustre_mainline_strict_8asqej9q)
Starting job: lustre_al2023 (ktest-out: /tmp/ktest_lustre_al2023__oil4cla)
put_archive(/tmp/ktest-kernel.tar.gz): 7.63s
put_archive(/tmp/ktest-kernel.tar.gz): 7.75s
put_archive(/tmp/ktest-kernel.tar.gz): 6.95s
put_archive(/tmp/ktest-kernel.tar.gz): 8.33s
put_archive(/tmp/ktest-kernel.tar.gz): 7.05s
put_archive(/tmp/ktest-kernel.tar.gz): 7.28s
put_archive(/tmp/ktest-lustre.tar.gz): 0.76s
put_archive(/tmp/ktest-lustre.tar.gz): 0.64s
put_archive(/tmp/ktest-lustre.tar.gz): 0.51s
put_archive(/tmp/ktest-lustre.tar.gz): 0.39s
put_archive(/tmp/ktest-lustre.tar.gz): 1.34s
put_archive(/tmp/ktest-lustre.tar.gz): 0.94s
Job checkpatch completed: SUCCESS (return code = 0, log: /tmp/ktest-results/checkpatch.log)
Job lustre_al2023 completed: SUCCESS (return code = 0, log: /tmp/ktest-results/lustre_al2023.log)
Job lustre_u24 completed: SUCCESS (return code = 0, log: /tmp/ktest-results/lustre_u24.log)
get_archive(ktest-out): 3.21s
Job lustre_mainline_strict completed: FAILED (return code = 1, log: /tmp/ktest-results/lustre_mainline_strict.log)
get_archive(ktest-out): 1.82s
Job lustre_mainline_native completed: SUCCESS (return code = 0, log: /tmp/ktest-results/lustre_mainline_native.log)
Starting job: clang-tidy (ktest-out: /tmp/ktest_lustre_mainline_native_q5wbgkns)
Starting job: cc-plugin (ktest-out: /tmp/ktest_lustre_mainline_native_q5wbgkns)
Starting job: boot (ktest-out: /tmp/ktest_lustre_mainline_native_q5wbgkns)
Starting job: llmount (ktest-out: /tmp/ktest_lustre_mainline_native_q5wbgkns)
Starting job: llog-unit (ktest-out: /tmp/ktest_lustre_mainline_native_q5wbgkns)
Starting job: mgs-setup (ktest-out: /tmp/ktest_lustre_mainline_native_q5wbgkns)
Starting job: sanity-1 (ktest-out: /tmp/ktest_lustre_mainline_native_q5wbgkns)
Starting job: sanity-2 (ktest-out: /tmp/ktest_lustre_mainline_native_q5wbgkns)
Starting job: sanity-3 (ktest-out: /tmp/ktest_lustre_mainline_native_q5wbgkns)
Starting job: sanity-4 (ktest-out: /tmp/ktest_lustre_mainline_native_q5wbgkns)
get_archive(ktest-out): 2.28s
Job lustre_mainline completed: SUCCESS (return code = 0, log: /tmp/ktest-results/lustre_mainline.log)
put_archive(/tmp/ktest_lustre_mainline_native_q5wbgkns.tar): 2.47s
put_archive(/tmp/ktest_lustre_mainline_native_q5wbgkns.tar): 2.50s
put_archive(/tmp/ktest_lustre_mainline_native_q5wbgkns.tar): 2.37s
put_archive(/tmp/ktest_lustre_mainline_native_q5wbgkns.tar): 4.66s
put_archive(/tmp/ktest_lustre_mainline_native_q5wbgkns.tar): 5.67s
put_archive(/tmp/ktest_lustre_mainline_native_q5wbgkns.tar): 6.04s
put_archive(/tmp/ktest_lustre_mainline_native_q5wbgkns.tar): 7.13s
put_archive(/tmp/ktest_lustre_mainline_native_q5wbgkns.tar): 5.97s
put_archive(/tmp/ktest-kernel.tar.gz): 7.22s
put_archive(/tmp/ktest-kernel.tar.gz): 15.74s
put_archive(/tmp/ktest-lustre.tar.gz): 14.67s
put_archive(/tmp/ktest-lustre.tar.gz): 5.14s
put_archive(/tmp/ktest_lustre_mainline_native_q5wbgkns.tar): 3.83s
put_archive(/tmp/ktest_lustre_mainline_native_q5wbgkns.tar): 3.89s
Job boot completed: SUCCESS (return code = 0, log: /tmp/ktest-results/boot.log)
Job cc-plugin completed: FAILED (return code = 127, log: /tmp/ktest-results/cc-plugin.log)
Job clang-tidy completed: SUCCESS (return code = 0, log: /tmp/ktest-results/clang-tidy.log)
Job mgs-setup completed: SUCCESS (return code = 0, log: /tmp/ktest-results/mgs-setup.log)
Job sanity-3 completed: SUCCESS (return code = 0, log: /tmp/ktest-results/sanity-3.log)
Job sanity-2 completed: SUCCESS (return code = 0, log: /tmp/ktest-results/sanity-2.log)
Job sanity-4 completed: SUCCESS (return code = 0, log: /tmp/ktest-results/sanity-4.log)
Job sanity-1 completed: SUCCESS (return code = 0, log: /tmp/ktest-results/sanity-1.log)
Job llmount completed: SUCCESS (return code = 0, log: /tmp/ktest-results/llmount.log)
Job llog-unit completed: SUCCESS (return code = 0, log: /tmp/ktest-results/llog-unit.log)

============================================================
Final Results:
  checkpatch: SUCCESS (return code = 0, log: /tmp/ktest-results/checkpatch.log)
  lustre_u24: SUCCESS (return code = 0, log: /tmp/ktest-results/lustre_u24.log)
  lustre_al2023: SUCCESS (return code = 0, log: /tmp/ktest-results/lustre_al2023.log)
  lustre_mainline_strict: FAILED (return code = 1, log: /tmp/ktest-results/lustre_mainline_strict.log)
  lustre_mainline: SUCCESS (return code = 0, log: /tmp/ktest-results/lustre_mainline.log)
  lustre_mainline_native: SUCCESS (return code = 0, log: /tmp/ktest-results/lustre_mainline_native.log)
  clang-tidy: SUCCESS (return code = 0, log: /tmp/ktest-results/clang-tidy.log)
  cc-plugin: FAILED (return code = 127, log: /tmp/ktest-results/cc-plugin.log)
  boot: SUCCESS (return code = 0, log: /tmp/ktest-results/boot.log)
  llmount: SUCCESS (return code = 0, log: /tmp/ktest-results/llmount.log)
  llog-unit: SUCCESS (return code = 0, log: /tmp/ktest-results/llog-unit.log)
  mgs-setup: SUCCESS (return code = 0, log: /tmp/ktest-results/mgs-setup.log)
  sanity-1: SUCCESS (return code = 0, log: /tmp/ktest-results/sanity-1.log)
  sanity-2: SUCCESS (return code = 0, log: /tmp/ktest-results/sanity-2.log)
  sanity-3: SUCCESS (return code = 0, log: /tmp/ktest-results/sanity-3.log)
  sanity-4: SUCCESS (return code = 0, log: /tmp/ktest-results/sanity-4.log)
</pre>
</body>
</html>
