Creating kernel tarball at /tmp/ktest-kernel.tar.gz...
Creating lustre tarball at /tmp/ktest-lustre.tar.gz...
Executing 16 jobs with dependencies
Jobs will start as soon as their dependencies are satisfied

Starting job: lustre_mainline_native (ktest-out: /tmp/ktest_lustre_mainline_native_3o79tjox)
Starting job: lustre_mainline (ktest-out: /tmp/ktest_lustre_mainline_zp_m4die)
Starting job: lustre_mainline_strict (ktest-out: /tmp/ktest_lustre_mainline_strict_yzlyccjh)
Starting job: checkpatch (ktest-out: /tmp/ktest_checkpatch_4yi70j58)
Starting job: lustre_u24 (ktest-out: /tmp/ktest_lustre_u24_49m0al51)
Starting job: lustre_al2023 (ktest-out: /tmp/ktest_lustre_al2023_4el1jofj)
put_archive(/tmp/ktest-kernel.tar.gz): 6.80s
put_archive(/tmp/ktest-kernel.tar.gz): 6.61s
put_archive(/tmp/ktest-kernel.tar.gz): 6.32s
put_archive(/tmp/ktest-kernel.tar.gz): 7.74s
put_archive(/tmp/ktest-kernel.tar.gz): 5.40s
put_archive(/tmp/ktest-kernel.tar.gz): 5.78s
put_archive(/tmp/ktest-lustre.tar.gz): 2.38s
put_archive(/tmp/ktest-lustre.tar.gz): 3.13s
put_archive(/tmp/ktest-lustre.tar.gz): 2.99s
put_archive(/tmp/ktest-lustre.tar.gz): 3.90s
put_archive(/tmp/ktest-lustre.tar.gz): 2.55s
put_archive(/tmp/ktest-lustre.tar.gz): 2.91s
Job checkpatch completed: FAILED (return code = 1, log: /tmp/ktest-results/checkpatch.log)
Job lustre_al2023 completed: SUCCESS (return code = 0, log: /tmp/ktest-results/lustre_al2023.log)
Job lustre_u24 completed: SUCCESS (return code = 0, log: /tmp/ktest-results/lustre_u24.log)
get_archive(ktest-out): 3.69s
Job lustre_mainline_strict completed: FAILED (return code = 1, log: /tmp/ktest-results/lustre_mainline_strict.log)
get_archive(ktest-out): 3.15s
get_archive(ktest-out): 3.16s
Job lustre_mainline_native completed: SUCCESS (return code = 0, log: /tmp/ktest-results/lustre_mainline_native.log)
Starting job: clang-tidy (ktest-out: /tmp/ktest_lustre_mainline_native_3o79tjox)
Starting job: cc-plugin (ktest-out: /tmp/ktest_lustre_mainline_native_3o79tjox)
Starting job: boot (ktest-out: /tmp/ktest_lustre_mainline_native_3o79tjox)
Starting job: llmount (ktest-out: /tmp/ktest_lustre_mainline_native_3o79tjox)
Starting job: llog-unit (ktest-out: /tmp/ktest_lustre_mainline_native_3o79tjox)
Starting job: mgs-setup (ktest-out: /tmp/ktest_lustre_mainline_native_3o79tjox)
Starting job: sanity-1 (ktest-out: /tmp/ktest_lustre_mainline_native_3o79tjox)
Starting job: sanity-2 (ktest-out: /tmp/ktest_lustre_mainline_native_3o79tjox)
Starting job: sanity-3 (ktest-out: /tmp/ktest_lustre_mainline_native_3o79tjox)
Starting job: sanity-4 (ktest-out: /tmp/ktest_lustre_mainline_native_3o79tjox)
Job lustre_mainline completed: SUCCESS (return code = 0, log: /tmp/ktest-results/lustre_mainline.log)
put_archive(/tmp/ktest_lustre_mainline_native_3o79tjox.tar): 2.39s
put_archive(/tmp/ktest-kernel.tar.gz): 14.47s
put_archive(/tmp/ktest-kernel.tar.gz): 14.67s
put_archive(/tmp/ktest-lustre.tar.gz): 3.25s
put_archive(/tmp/ktest-lustre.tar.gz): 3.48s
put_archive(/tmp/ktest_lustre_mainline_native_3o79tjox.tar): 50.09s
put_archive(/tmp/ktest_lustre_mainline_native_3o79tjox.tar): 46.72s
put_archive(/tmp/ktest_lustre_mainline_native_3o79tjox.tar): 46.95s
put_archive(/tmp/ktest_lustre_mainline_native_3o79tjox.tar): 46.73s
put_archive(/tmp/ktest_lustre_mainline_native_3o79tjox.tar): 46.59s
put_archive(/tmp/ktest_lustre_mainline_native_3o79tjox.tar): 46.58s
put_archive(/tmp/ktest_lustre_mainline_native_3o79tjox.tar): 47.02s
put_archive(/tmp/ktest_lustre_mainline_native_3o79tjox.tar): 50.19s
put_archive(/tmp/ktest_lustre_mainline_native_3o79tjox.tar): 46.68s
Job cc-plugin completed: FAILED (return code = 127, log: /tmp/ktest-results/cc-plugin.log)
Job clang-tidy completed: SUCCESS (return code = 0, log: /tmp/ktest-results/clang-tidy.log)
Job sanity-4 completed: SUCCESS (return code = 0, log: /tmp/ktest-results/sanity-4.log)
Job boot completed: SUCCESS (return code = 0, log: /tmp/ktest-results/boot.log)
Job mgs-setup completed: SUCCESS (return code = 0, log: /tmp/ktest-results/mgs-setup.log)
Job sanity-2 completed: SUCCESS (return code = 0, log: /tmp/ktest-results/sanity-2.log)
Job llmount completed: SUCCESS (return code = 0, log: /tmp/ktest-results/llmount.log)
Job sanity-3 completed: SUCCESS (return code = 0, log: /tmp/ktest-results/sanity-3.log)
Job sanity-1 completed: SUCCESS (return code = 0, log: /tmp/ktest-results/sanity-1.log)
Job llog-unit completed: SUCCESS (return code = 0, log: /tmp/ktest-results/llog-unit.log)

============================================================
Final Results:
  checkpatch: FAILED (return code = 1, log: /tmp/ktest-results/checkpatch.log)
  lustre_u24: SUCCESS (return code = 0, log: /tmp/ktest-results/lustre_u24.log)
  lustre_al2023: SUCCESS (return code = 0, log: /tmp/ktest-results/lustre_al2023.log)
  lustre_mainline_strict: FAILED (return code = 1, log: /tmp/ktest-results/lustre_mainline_strict.log)
  lustre_mainline: SUCCESS (return code = 0, log: /tmp/ktest-results/lustre_mainline.log)
  lustre_mainline_native: SUCCESS (return code = 0, log: /tmp/ktest-results/lustre_mainline_native.log)
  clang-tidy: SUCCESS (return code = 0, log: /tmp/ktest-results/clang-tidy.log)
  cc-plugin: FAILED (return code = 127, log: /tmp/ktest-results/cc-plugin.log)
  boot: SUCCESS (return code = 0, log: /tmp/ktest-results/boot.log)
  llmount: SUCCESS (return code = 0, log: /tmp/ktest-results/llmount.log)
  llog-unit: SUCCESS (return code = 0, log: /tmp/ktest-results/llog-unit.log)
  mgs-setup: SUCCESS (return code = 0, log: /tmp/ktest-results/mgs-setup.log)
  sanity-1: SUCCESS (return code = 0, log: /tmp/ktest-results/sanity-1.log)
  sanity-2: SUCCESS (return code = 0, log: /tmp/ktest-results/sanity-2.log)
  sanity-3: SUCCESS (return code = 0, log: /tmp/ktest-results/sanity-3.log)
  sanity-4: SUCCESS (return code = 0, log: /tmp/ktest-results/sanity-4.log)