<html lang="en">
<body>
<pre>
Creating kernel tarball at /tmp/ktest-kernel.tar.gz...
Creating lustre tarball at /tmp/ktest-lustre.tar.gz...
Executing 16 jobs with dependencies
Jobs will start as soon as their dependencies are satisfied

Starting job: lustre_al2023 (ktest-out: /tmp/ktest_lustre_al2023_2ort0ijb)
Starting job: checkpatch (ktest-out: /tmp/ktest_checkpatch_rouukdjh)
Starting job: lustre_mainline_strict (ktest-out: /tmp/ktest_lustre_mainline_strict_7xls3dix)
Starting job: lustre_mainline_native (ktest-out: /tmp/ktest_lustre_mainline_native_05kc0f3l)
Starting job: lustre_mainline (ktest-out: /tmp/ktest_lustre_mainline_xwz8fupu)
Starting job: lustre_u24 (ktest-out: /tmp/ktest_lustre_u24_mvp4zz88)
put_archive(/tmp/ktest-kernel.tar.gz): 8.41s
put_archive(/tmp/ktest-kernel.tar.gz): 8.46s
put_archive(/tmp/ktest-kernel.tar.gz): 7.90s
put_archive(/tmp/ktest-kernel.tar.gz): 8.59s
put_archive(/tmp/ktest-kernel.tar.gz): 9.25s
put_archive(/tmp/ktest-kernel.tar.gz): 8.85s
put_archive(/tmp/ktest-lustre.tar.gz): 3.84s
put_archive(/tmp/ktest-lustre.tar.gz): 3.58s
put_archive(/tmp/ktest-lustre.tar.gz): 3.74s
put_archive(/tmp/ktest-lustre.tar.gz): 4.17s
put_archive(/tmp/ktest-lustre.tar.gz): 4.62s
put_archive(/tmp/ktest-lustre.tar.gz): 4.07s
Job checkpatch completed: SUCCESS (return code = 0, log: /tmp/ktest-results/checkpatch.log)
Job lustre_al2023 completed: SUCCESS (return code = 0, log: /tmp/ktest-results/lustre_al2023.log)
Job lustre_u24 completed: SUCCESS (return code = 0, log: /tmp/ktest-results/lustre_u24.log)
get_archive(ktest-out): 4.62s
Job lustre_mainline_strict completed: FAILED (return code = 1, log: /tmp/ktest-results/lustre_mainline_strict.log)
get_archive(ktest-out): 3.06s
get_archive(ktest-out): 3.15s
Job lustre_mainline completed: SUCCESS (return code = 0, log: /tmp/ktest-results/lustre_mainline.log)
Job lustre_mainline_native completed: SUCCESS (return code = 0, log: /tmp/ktest-results/lustre_mainline_native.log)
Starting job: clang-tidy (ktest-out: /tmp/ktest_lustre_mainline_native_05kc0f3l)
Starting job: cc-plugin (ktest-out: /tmp/ktest_lustre_mainline_native_05kc0f3l)
Starting job: boot (ktest-out: /tmp/ktest_lustre_mainline_native_05kc0f3l)
Starting job: llmount (ktest-out: /tmp/ktest_lustre_mainline_native_05kc0f3l)
Starting job: llog-unit (ktest-out: /tmp/ktest_lustre_mainline_native_05kc0f3l)
Starting job: mgs-setup (ktest-out: /tmp/ktest_lustre_mainline_native_05kc0f3l)
Starting job: sanity-1 (ktest-out: /tmp/ktest_lustre_mainline_native_05kc0f3l)
Starting job: sanity-2 (ktest-out: /tmp/ktest_lustre_mainline_native_05kc0f3l)
Starting job: sanity-3 (ktest-out: /tmp/ktest_lustre_mainline_native_05kc0f3l)
Starting job: sanity-4 (ktest-out: /tmp/ktest_lustre_mainline_native_05kc0f3l)
put_archive(/tmp/ktest_lustre_mainline_native_05kc0f3l.tar): 10.56s
put_archive(/tmp/ktest_lustre_mainline_native_05kc0f3l.tar): 10.75s
put_archive(/tmp/ktest_lustre_mainline_native_05kc0f3l.tar): 10.83s
put_archive(/tmp/ktest_lustre_mainline_native_05kc0f3l.tar): 10.98s
put_archive(/tmp/ktest-kernel.tar.gz): 10.81s
put_archive(/tmp/ktest-lustre.tar.gz): 21.49s
put_archive(/tmp/ktest_lustre_mainline_native_05kc0f3l.tar): 29.30s
put_archive(/tmp/ktest-kernel.tar.gz): 29.93s
put_archive(/tmp/ktest_lustre_mainline_native_05kc0f3l.tar): 29.28s
put_archive(/tmp/ktest-lustre.tar.gz): 20.44s
put_archive(/tmp/ktest_lustre_mainline_native_05kc0f3l.tar): 20.62s
put_archive(/tmp/ktest_lustre_mainline_native_05kc0f3l.tar): 20.65s
put_archive(/tmp/ktest_lustre_mainline_native_05kc0f3l.tar): 28.75s
put_archive(/tmp/ktest_lustre_mainline_native_05kc0f3l.tar): 11.72s
Job boot completed: SUCCESS (return code = 0, log: /tmp/ktest-results/boot.log)
Job cc-plugin completed: FAILED (return code = 127, log: /tmp/ktest-results/cc-plugin.log)
Job mgs-setup completed: SUCCESS (return code = 0, log: /tmp/ktest-results/mgs-setup.log)
Job clang-tidy completed: SUCCESS (return code = 0, log: /tmp/ktest-results/clang-tidy.log)
Job sanity-1 completed: SUCCESS (return code = 0, log: /tmp/ktest-results/sanity-1.log)
Job sanity-4 completed: SUCCESS (return code = 0, log: /tmp/ktest-results/sanity-4.log)
Job llog-unit completed: SUCCESS (return code = 0, log: /tmp/ktest-results/llog-unit.log)
Job sanity-2 completed: SUCCESS (return code = 0, log: /tmp/ktest-results/sanity-2.log)
Job sanity-3 completed: SUCCESS (return code = 0, log: /tmp/ktest-results/sanity-3.log)
Job llmount completed: SUCCESS (return code = 0, log: /tmp/ktest-results/llmount.log)

============================================================
Final Results:
  checkpatch: SUCCESS (return code = 0, log: /tmp/ktest-results/checkpatch.log)
  lustre_u24: SUCCESS (return code = 0, log: /tmp/ktest-results/lustre_u24.log)
  lustre_al2023: SUCCESS (return code = 0, log: /tmp/ktest-results/lustre_al2023.log)
  lustre_mainline_strict: FAILED (return code = 1, log: /tmp/ktest-results/lustre_mainline_strict.log)
  lustre_mainline: SUCCESS (return code = 0, log: /tmp/ktest-results/lustre_mainline.log)
  lustre_mainline_native: SUCCESS (return code = 0, log: /tmp/ktest-results/lustre_mainline_native.log)
  clang-tidy: SUCCESS (return code = 0, log: /tmp/ktest-results/clang-tidy.log)
  cc-plugin: FAILED (return code = 127, log: /tmp/ktest-results/cc-plugin.log)
  boot: SUCCESS (return code = 0, log: /tmp/ktest-results/boot.log)
  llmount: SUCCESS (return code = 0, log: /tmp/ktest-results/llmount.log)
  llog-unit: SUCCESS (return code = 0, log: /tmp/ktest-results/llog-unit.log)
  mgs-setup: SUCCESS (return code = 0, log: /tmp/ktest-results/mgs-setup.log)
  sanity-1: SUCCESS (return code = 0, log: /tmp/ktest-results/sanity-1.log)
  sanity-2: SUCCESS (return code = 0, log: /tmp/ktest-results/sanity-2.log)
  sanity-3: SUCCESS (return code = 0, log: /tmp/ktest-results/sanity-3.log)
  sanity-4: SUCCESS (return code = 0, log: /tmp/ktest-results/sanity-4.log)
</pre>
</body>
</html>
