Creating kernel tarball at /tmp/ktest-kernel.tar.gz...
Creating lustre tarball at /tmp/ktest-lustre.tar.gz...
Executing 16 jobs with dependencies
Jobs will start as soon as their dependencies are satisfied

Starting job: lustre_mainline_native (ktest-out: /tmp/ktest_lustre_mainline_native___cy0fn7)
Starting job: checkpatch (ktest-out: /tmp/ktest_checkpatch_nioux8q7)
Starting job: lustre_mainline (ktest-out: /tmp/ktest_lustre_mainline_513se9sr)
Starting job: lustre_u24 (ktest-out: /tmp/ktest_lustre_u24_ed5a607j)
Starting job: lustre_al2023 (ktest-out: /tmp/ktest_lustre_al2023_e_zw1tlq)
Starting job: lustre_mainline_strict (ktest-out: /tmp/ktest_lustre_mainline_strict_oy1talts)
put_archive(/tmp/ktest-kernel.tar.gz): 6.98s
put_archive(/tmp/ktest-kernel.tar.gz): 6.89s
put_archive(/tmp/ktest-kernel.tar.gz): 7.49s
put_archive(/tmp/ktest-kernel.tar.gz): 5.95s
put_archive(/tmp/ktest-kernel.tar.gz): 6.79s
put_archive(/tmp/ktest-kernel.tar.gz): 6.43s
put_archive(/tmp/ktest-lustre.tar.gz): 4.23s
put_archive(/tmp/ktest-lustre.tar.gz): 3.84s
put_archive(/tmp/ktest-lustre.tar.gz): 3.71s
put_archive(/tmp/ktest-lustre.tar.gz): 4.90s
put_archive(/tmp/ktest-lustre.tar.gz): 4.15s
put_archive(/tmp/ktest-lustre.tar.gz): 4.02s
Job checkpatch completed: SUCCESS (return code = 0, log: /tmp/ktest-results/checkpatch.log)
Job lustre_al2023 completed: SUCCESS (return code = 0, log: /tmp/ktest-results/lustre_al2023.log)
Job lustre_u24 completed: SUCCESS (return code = 0, log: /tmp/ktest-results/lustre_u24.log)
get_archive(ktest-out): 3.99s
Job lustre_mainline_strict completed: FAILED (return code = 1, log: /tmp/ktest-results/lustre_mainline_strict.log)
get_archive(ktest-out): 3.01s
get_archive(ktest-out): 3.14s
Job lustre_mainline_native completed: SUCCESS (return code = 0, log: /tmp/ktest-results/lustre_mainline_native.log)
Starting job: clang-tidy (ktest-out: /tmp/ktest_lustre_mainline_native___cy0fn7)
Starting job: cc-plugin (ktest-out: /tmp/ktest_lustre_mainline_native___cy0fn7)
Starting job: boot (ktest-out: /tmp/ktest_lustre_mainline_native___cy0fn7)
Starting job: llmount (ktest-out: /tmp/ktest_lustre_mainline_native___cy0fn7)
Starting job: llog-unit (ktest-out: /tmp/ktest_lustre_mainline_native___cy0fn7)
Starting job: mgs-setup (ktest-out: /tmp/ktest_lustre_mainline_native___cy0fn7)
Starting job: sanity-1 (ktest-out: /tmp/ktest_lustre_mainline_native___cy0fn7)
Starting job: sanity-2 (ktest-out: /tmp/ktest_lustre_mainline_native___cy0fn7)
Starting job: sanity-3 (ktest-out: /tmp/ktest_lustre_mainline_native___cy0fn7)
Starting job: sanity-4 (ktest-out: /tmp/ktest_lustre_mainline_native___cy0fn7)
Job lustre_mainline completed: SUCCESS (return code = 0, log: /tmp/ktest-results/lustre_mainline.log)
put_archive(/tmp/ktest-kernel.tar.gz): 29.74s
put_archive(/tmp/ktest_lustre_mainline_native___cy0fn7.tar): 40.40s
put_archive(/tmp/ktest_lustre_mainline_native___cy0fn7.tar): 40.38s
put_archive(/tmp/ktest_lustre_mainline_native___cy0fn7.tar): 39.05s
put_archive(/tmp/ktest-kernel.tar.gz): 39.12s
put_archive(/tmp/ktest_lustre_mainline_native___cy0fn7.tar): 40.79s
put_archive(/tmp/ktest_lustre_mainline_native___cy0fn7.tar): 41.22s
put_archive(/tmp/ktest_lustre_mainline_native___cy0fn7.tar): 39.22s
put_archive(/tmp/ktest_lustre_mainline_native___cy0fn7.tar): 39.42s
put_archive(/tmp/ktest_lustre_mainline_native___cy0fn7.tar): 40.73s
put_archive(/tmp/ktest-lustre.tar.gz): 88.96s
put_archive(/tmp/ktest-lustre.tar.gz): 78.30s
put_archive(/tmp/ktest_lustre_mainline_native___cy0fn7.tar): 23.78s
put_archive(/tmp/ktest_lustre_mainline_native___cy0fn7.tar): 24.19s
Job boot completed: SUCCESS (return code = 0, log: /tmp/ktest-results/boot.log)
Job cc-plugin completed: FAILED (return code = 127, log: /tmp/ktest-results/cc-plugin.log)
Job clang-tidy completed: SUCCESS (return code = 0, log: /tmp/ktest-results/clang-tidy.log)
Job mgs-setup completed: SUCCESS (return code = 0, log: /tmp/ktest-results/mgs-setup.log)
Job sanity-4 completed: SUCCESS (return code = 0, log: /tmp/ktest-results/sanity-4.log)
Job sanity-2 completed: SUCCESS (return code = 0, log: /tmp/ktest-results/sanity-2.log)
Job llmount completed: SUCCESS (return code = 0, log: /tmp/ktest-results/llmount.log)
Job sanity-1 completed: SUCCESS (return code = 0, log: /tmp/ktest-results/sanity-1.log)
Job sanity-3 completed: SUCCESS (return code = 0, log: /tmp/ktest-results/sanity-3.log)
Job llog-unit completed: SUCCESS (return code = 0, log: /tmp/ktest-results/llog-unit.log)

============================================================
Final Results:
  checkpatch: SUCCESS (return code = 0, log: /tmp/ktest-results/checkpatch.log)
  lustre_u24: SUCCESS (return code = 0, log: /tmp/ktest-results/lustre_u24.log)
  lustre_al2023: SUCCESS (return code = 0, log: /tmp/ktest-results/lustre_al2023.log)
  lustre_mainline_strict: FAILED (return code = 1, log: /tmp/ktest-results/lustre_mainline_strict.log)
  lustre_mainline: SUCCESS (return code = 0, log: /tmp/ktest-results/lustre_mainline.log)
  lustre_mainline_native: SUCCESS (return code = 0, log: /tmp/ktest-results/lustre_mainline_native.log)
  clang-tidy: SUCCESS (return code = 0, log: /tmp/ktest-results/clang-tidy.log)
  cc-plugin: FAILED (return code = 127, log: /tmp/ktest-results/cc-plugin.log)
  boot: SUCCESS (return code = 0, log: /tmp/ktest-results/boot.log)
  llmount: SUCCESS (return code = 0, log: /tmp/ktest-results/llmount.log)
  llog-unit: SUCCESS (return code = 0, log: /tmp/ktest-results/llog-unit.log)
  mgs-setup: SUCCESS (return code = 0, log: /tmp/ktest-results/mgs-setup.log)
  sanity-1: SUCCESS (return code = 0, log: /tmp/ktest-results/sanity-1.log)
  sanity-2: SUCCESS (return code = 0, log: /tmp/ktest-results/sanity-2.log)
  sanity-3: SUCCESS (return code = 0, log: /tmp/ktest-results/sanity-3.log)
  sanity-4: SUCCESS (return code = 0, log: /tmp/ktest-results/sanity-4.log)