<html lang="en">
<body>
<pre>
Creating kernel tarball at /tmp/ktest-kernel.tar.gz...
Creating lustre tarball at /tmp/ktest-lustre.tar.gz...
Executing 16 jobs with dependencies
Jobs will start as soon as their dependencies are satisfied

Starting job: lustre_u24 (ktest-out: /tmp/ktest_lustre_u24_o586xkqc)
Starting job: lustre_mainline (ktest-out: /tmp/ktest_lustre_mainline_q47qa0sl)
Starting job: lustre_al2023 (ktest-out: /tmp/ktest_lustre_al2023_xe33v8tl)
Starting job: lustre_mainline_strict (ktest-out: /tmp/ktest_lustre_mainline_strict_i5ycjdra)
Starting job: lustre_mainline_native (ktest-out: /tmp/ktest_lustre_mainline_native_5ae5hyp8)
Starting job: checkpatch (ktest-out: /tmp/ktest_checkpatch_gbd075gl)
put_archive(/tmp/ktest-kernel.tar.gz): 7.03s
put_archive(/tmp/ktest-kernel.tar.gz): 9.14s
put_archive(/tmp/ktest-kernel.tar.gz): 9.89s
put_archive(/tmp/ktest-kernel.tar.gz): 9.19s
put_archive(/tmp/ktest-kernel.tar.gz): 9.46s
put_archive(/tmp/ktest-kernel.tar.gz): 9.59s
put_archive(/tmp/ktest-lustre.tar.gz): 10.63s
put_archive(/tmp/ktest-lustre.tar.gz): 7.66s
put_archive(/tmp/ktest-lustre.tar.gz): 7.53s
put_archive(/tmp/ktest-lustre.tar.gz): 8.11s
put_archive(/tmp/ktest-lustre.tar.gz): 7.84s
put_archive(/tmp/ktest-lustre.tar.gz): 7.99s
Job checkpatch completed: SUCCESS (return code = 0, log: /tmp/ktest-results/checkpatch.log)
Job lustre_al2023 completed: SUCCESS (return code = 0, log: /tmp/ktest-results/lustre_al2023.log)
Job lustre_u24 completed: SUCCESS (return code = 0, log: /tmp/ktest-results/lustre_u24.log)
get_archive(ktest-out): 3.92s
Job lustre_mainline_strict completed: FAILED (return code = 1, log: /tmp/ktest-results/lustre_mainline_strict.log)
get_archive(ktest-out): 3.11s
get_archive(ktest-out): 3.20s
Job lustre_mainline_native completed: SUCCESS (return code = 0, log: /tmp/ktest-results/lustre_mainline_native.log)
Starting job: clang-tidy (ktest-out: /tmp/ktest_lustre_mainline_native_5ae5hyp8)
Starting job: cc-plugin (ktest-out: /tmp/ktest_lustre_mainline_native_5ae5hyp8)
Starting job: boot (ktest-out: /tmp/ktest_lustre_mainline_native_5ae5hyp8)
Starting job: llmount (ktest-out: /tmp/ktest_lustre_mainline_native_5ae5hyp8)
Starting job: llog-unit (ktest-out: /tmp/ktest_lustre_mainline_native_5ae5hyp8)
Starting job: mgs-setup (ktest-out: /tmp/ktest_lustre_mainline_native_5ae5hyp8)
Starting job: sanity-1 (ktest-out: /tmp/ktest_lustre_mainline_native_5ae5hyp8)
Starting job: sanity-2 (ktest-out: /tmp/ktest_lustre_mainline_native_5ae5hyp8)
Starting job: sanity-3 (ktest-out: /tmp/ktest_lustre_mainline_native_5ae5hyp8)
Starting job: sanity-4 (ktest-out: /tmp/ktest_lustre_mainline_native_5ae5hyp8)
Job lustre_mainline completed: SUCCESS (return code = 0, log: /tmp/ktest-results/lustre_mainline.log)
put_archive(/tmp/ktest_lustre_mainline_native_5ae5hyp8.tar): 4.40s
put_archive(/tmp/ktest_lustre_mainline_native_5ae5hyp8.tar): 19.41s
put_archive(/tmp/ktest_lustre_mainline_native_5ae5hyp8.tar): 19.28s
put_archive(/tmp/ktest_lustre_mainline_native_5ae5hyp8.tar): 19.46s
put_archive(/tmp/ktest_lustre_mainline_native_5ae5hyp8.tar): 49.09s
put_archive(/tmp/ktest-kernel.tar.gz): 48.81s
put_archive(/tmp/ktest_lustre_mainline_native_5ae5hyp8.tar): 48.69s
put_archive(/tmp/ktest-kernel.tar.gz): 48.87s
put_archive(/tmp/ktest_lustre_mainline_native_5ae5hyp8.tar): 49.10s
put_archive(/tmp/ktest-lustre.tar.gz): 34.25s
put_archive(/tmp/ktest-lustre.tar.gz): 34.13s
put_archive(/tmp/ktest_lustre_mainline_native_5ae5hyp8.tar): 33.92s
put_archive(/tmp/ktest_lustre_mainline_native_5ae5hyp8.tar): 24.25s
put_archive(/tmp/ktest_lustre_mainline_native_5ae5hyp8.tar): 24.37s
Job mgs-setup completed: SUCCESS (return code = 0, log: /tmp/ktest-results/mgs-setup.log)
Job sanity-3 completed: SUCCESS (return code = 0, log: /tmp/ktest-results/sanity-3.log)
Job cc-plugin completed: FAILED (return code = 127, log: /tmp/ktest-results/cc-plugin.log)
Job boot completed: SUCCESS (return code = 0, log: /tmp/ktest-results/boot.log)
Job clang-tidy completed: SUCCESS (return code = 0, log: /tmp/ktest-results/clang-tidy.log)
Job sanity-4 completed: SUCCESS (return code = 0, log: /tmp/ktest-results/sanity-4.log)
Job llmount completed: SUCCESS (return code = 0, log: /tmp/ktest-results/llmount.log)
Job sanity-2 completed: SUCCESS (return code = 0, log: /tmp/ktest-results/sanity-2.log)
Job sanity-1 completed: SUCCESS (return code = 0, log: /tmp/ktest-results/sanity-1.log)
Job llog-unit completed: SUCCESS (return code = 0, log: /tmp/ktest-results/llog-unit.log)

============================================================
Final Results:
  checkpatch: SUCCESS (return code = 0, log: /tmp/ktest-results/checkpatch.log)
  lustre_u24: SUCCESS (return code = 0, log: /tmp/ktest-results/lustre_u24.log)
  lustre_al2023: SUCCESS (return code = 0, log: /tmp/ktest-results/lustre_al2023.log)
  lustre_mainline_strict: FAILED (return code = 1, log: /tmp/ktest-results/lustre_mainline_strict.log)
  lustre_mainline: SUCCESS (return code = 0, log: /tmp/ktest-results/lustre_mainline.log)
  lustre_mainline_native: SUCCESS (return code = 0, log: /tmp/ktest-results/lustre_mainline_native.log)
  clang-tidy: SUCCESS (return code = 0, log: /tmp/ktest-results/clang-tidy.log)
  cc-plugin: FAILED (return code = 127, log: /tmp/ktest-results/cc-plugin.log)
  boot: SUCCESS (return code = 0, log: /tmp/ktest-results/boot.log)
  llmount: SUCCESS (return code = 0, log: /tmp/ktest-results/llmount.log)
  llog-unit: SUCCESS (return code = 0, log: /tmp/ktest-results/llog-unit.log)
  mgs-setup: SUCCESS (return code = 0, log: /tmp/ktest-results/mgs-setup.log)
  sanity-1: SUCCESS (return code = 0, log: /tmp/ktest-results/sanity-1.log)
  sanity-2: SUCCESS (return code = 0, log: /tmp/ktest-results/sanity-2.log)
  sanity-3: SUCCESS (return code = 0, log: /tmp/ktest-results/sanity-3.log)
  sanity-4: SUCCESS (return code = 0, log: /tmp/ktest-results/sanity-4.log)
</pre>
</body>
</html>
