<html lang="en">
<body>
<pre>
Creating kernel tarball at /tmp/ktest-kernel.tar.gz...
Creating lustre tarball at /tmp/ktest-lustre.tar.gz...
Executing 16 jobs with dependencies
Jobs will start as soon as their dependencies are satisfied

Starting job: checkpatch (ktest-out: /tmp/ktest_checkpatch_nvtq5aqj)
Starting job: lustre_mainline (ktest-out: /tmp/ktest_lustre_mainline_3_4e3p_7)
Starting job: lustre_mainline_strict (ktest-out: /tmp/ktest_lustre_mainline_strict_lkz8rirx)
Starting job: lustre_mainline_native (ktest-out: /tmp/ktest_lustre_mainline_native_pd9_iceq)
Starting job: lustre_u24 (ktest-out: /tmp/ktest_lustre_u24_0a02uc7p)
Starting job: lustre_al2023 (ktest-out: /tmp/ktest_lustre_al2023_10j7hpfw)
put_archive(/tmp/ktest-kernel.tar.gz): 7.57s
put_archive(/tmp/ktest-kernel.tar.gz): 7.65s
put_archive(/tmp/ktest-kernel.tar.gz): 7.63s
put_archive(/tmp/ktest-kernel.tar.gz): 7.30s
put_archive(/tmp/ktest-kernel.tar.gz): 7.30s
put_archive(/tmp/ktest-kernel.tar.gz): 7.41s
put_archive(/tmp/ktest-lustre.tar.gz): 1.91s
put_archive(/tmp/ktest-lustre.tar.gz): 2.10s
put_archive(/tmp/ktest-lustre.tar.gz): 1.39s
put_archive(/tmp/ktest-lustre.tar.gz): 1.66s
put_archive(/tmp/ktest-lustre.tar.gz): 1.81s
put_archive(/tmp/ktest-lustre.tar.gz): 1.55s
Job checkpatch completed: FAILED (return code = 1, log: /tmp/ktest-results/checkpatch.log)
Job lustre_al2023 completed: SUCCESS (return code = 0, log: /tmp/ktest-results/lustre_al2023.log)
Job lustre_u24 completed: SUCCESS (return code = 0, log: /tmp/ktest-results/lustre_u24.log)
get_archive(ktest-out): 4.68s
Job lustre_mainline_strict completed: FAILED (return code = 1, log: /tmp/ktest-results/lustre_mainline_strict.log)
get_archive(ktest-out): 3.08s
get_archive(ktest-out): 3.15s
Job lustre_mainline completed: SUCCESS (return code = 0, log: /tmp/ktest-results/lustre_mainline.log)
Job lustre_mainline_native completed: SUCCESS (return code = 0, log: /tmp/ktest-results/lustre_mainline_native.log)
Starting job: clang-tidy (ktest-out: /tmp/ktest_lustre_mainline_native_pd9_iceq)
Starting job: cc-plugin (ktest-out: /tmp/ktest_lustre_mainline_native_pd9_iceq)
Starting job: boot (ktest-out: /tmp/ktest_lustre_mainline_native_pd9_iceq)
Starting job: llmount (ktest-out: /tmp/ktest_lustre_mainline_native_pd9_iceq)
Starting job: llog-unit (ktest-out: /tmp/ktest_lustre_mainline_native_pd9_iceq)
Starting job: mgs-setup (ktest-out: /tmp/ktest_lustre_mainline_native_pd9_iceq)
Starting job: sanity-1 (ktest-out: /tmp/ktest_lustre_mainline_native_pd9_iceq)
Starting job: sanity-2 (ktest-out: /tmp/ktest_lustre_mainline_native_pd9_iceq)
Starting job: sanity-3 (ktest-out: /tmp/ktest_lustre_mainline_native_pd9_iceq)
Starting job: sanity-4 (ktest-out: /tmp/ktest_lustre_mainline_native_pd9_iceq)
put_archive(/tmp/ktest_lustre_mainline_native_pd9_iceq.tar): 2.12s
put_archive(/tmp/ktest_lustre_mainline_native_pd9_iceq.tar): 6.97s
put_archive(/tmp/ktest-kernel.tar.gz): 9.42s
put_archive(/tmp/ktest-kernel.tar.gz): 11.58s
put_archive(/tmp/ktest_lustre_mainline_native_pd9_iceq.tar): 7.52s
put_archive(/tmp/ktest-lustre.tar.gz): 7.87s
put_archive(/tmp/ktest_lustre_mainline_native_pd9_iceq.tar): 10.28s
put_archive(/tmp/ktest-lustre.tar.gz): 13.78s
put_archive(/tmp/ktest_lustre_mainline_native_pd9_iceq.tar): 10.31s
put_archive(/tmp/ktest_lustre_mainline_native_pd9_iceq.tar): 10.37s
put_archive(/tmp/ktest_lustre_mainline_native_pd9_iceq.tar): 10.28s
put_archive(/tmp/ktest_lustre_mainline_native_pd9_iceq.tar): 10.31s
put_archive(/tmp/ktest_lustre_mainline_native_pd9_iceq.tar): 12.52s
put_archive(/tmp/ktest_lustre_mainline_native_pd9_iceq.tar): 15.37s
Job cc-plugin completed: FAILED (return code = 127, log: /tmp/ktest-results/cc-plugin.log)
Job clang-tidy completed: SUCCESS (return code = 0, log: /tmp/ktest-results/clang-tidy.log)
Job boot completed: SUCCESS (return code = 0, log: /tmp/ktest-results/boot.log)
Job mgs-setup completed: SUCCESS (return code = 0, log: /tmp/ktest-results/mgs-setup.log)
Job sanity-3 completed: SUCCESS (return code = 0, log: /tmp/ktest-results/sanity-3.log)
Job sanity-4 completed: SUCCESS (return code = 0, log: /tmp/ktest-results/sanity-4.log)
Job llog-unit completed: SUCCESS (return code = 0, log: /tmp/ktest-results/llog-unit.log)
Job sanity-2 completed: SUCCESS (return code = 0, log: /tmp/ktest-results/sanity-2.log)
Job llmount completed: SUCCESS (return code = 0, log: /tmp/ktest-results/llmount.log)
Job sanity-1 completed: SUCCESS (return code = 0, log: /tmp/ktest-results/sanity-1.log)

============================================================
Final Results:
  checkpatch: FAILED (return code = 1, log: /tmp/ktest-results/checkpatch.log)
  lustre_u24: SUCCESS (return code = 0, log: /tmp/ktest-results/lustre_u24.log)
  lustre_al2023: SUCCESS (return code = 0, log: /tmp/ktest-results/lustre_al2023.log)
  lustre_mainline_strict: FAILED (return code = 1, log: /tmp/ktest-results/lustre_mainline_strict.log)
  lustre_mainline: SUCCESS (return code = 0, log: /tmp/ktest-results/lustre_mainline.log)
  lustre_mainline_native: SUCCESS (return code = 0, log: /tmp/ktest-results/lustre_mainline_native.log)
  clang-tidy: SUCCESS (return code = 0, log: /tmp/ktest-results/clang-tidy.log)
  cc-plugin: FAILED (return code = 127, log: /tmp/ktest-results/cc-plugin.log)
  boot: SUCCESS (return code = 0, log: /tmp/ktest-results/boot.log)
  llmount: SUCCESS (return code = 0, log: /tmp/ktest-results/llmount.log)
  llog-unit: SUCCESS (return code = 0, log: /tmp/ktest-results/llog-unit.log)
  mgs-setup: SUCCESS (return code = 0, log: /tmp/ktest-results/mgs-setup.log)
  sanity-1: SUCCESS (return code = 0, log: /tmp/ktest-results/sanity-1.log)
  sanity-2: SUCCESS (return code = 0, log: /tmp/ktest-results/sanity-2.log)
  sanity-3: SUCCESS (return code = 0, log: /tmp/ktest-results/sanity-3.log)
  sanity-4: SUCCESS (return code = 0, log: /tmp/ktest-results/sanity-4.log)
</pre>
</body>
</html>
