Creating kernel tarball at /tmp/ktest-kernel.tar.gz...
Creating lustre tarball at /tmp/ktest-lustre.tar.gz...
Executing 16 jobs with dependencies
Jobs will start as soon as their dependencies are satisfied

Starting job: checkpatch (ktest-out: /tmp/ktest_checkpatch_mwgn50mb)
Starting job: lustre_mainline (ktest-out: /tmp/ktest_lustre_mainline_9hgoxp3e)
Starting job: lustre_mainline_native (ktest-out: /tmp/ktest_lustre_mainline_native_tsm47fve)
Starting job: lustre_mainline_strict (ktest-out: /tmp/ktest_lustre_mainline_strict_t8q7quwp)
Starting job: lustre_u24 (ktest-out: /tmp/ktest_lustre_u24_piyv63sp)
Starting job: lustre_al2023 (ktest-out: /tmp/ktest_lustre_al2023_1yds5xi0)
put_archive(/tmp/ktest-kernel.tar.gz): 11.36s
put_archive(/tmp/ktest-kernel.tar.gz): 13.38s
put_archive(/tmp/ktest-kernel.tar.gz): 13.80s
put_archive(/tmp/ktest-kernel.tar.gz): 13.56s
put_archive(/tmp/ktest-kernel.tar.gz): 13.80s
put_archive(/tmp/ktest-kernel.tar.gz): 13.92s
put_archive(/tmp/ktest-lustre.tar.gz): 6.91s
put_archive(/tmp/ktest-lustre.tar.gz): 10.24s
put_archive(/tmp/ktest-lustre.tar.gz): 7.53s
put_archive(/tmp/ktest-lustre.tar.gz): 7.39s
put_archive(/tmp/ktest-lustre.tar.gz): 7.26s
put_archive(/tmp/ktest-lustre.tar.gz): 7.14s
Job checkpatch completed: SUCCESS (return code = 0, log: /tmp/ktest-results/checkpatch.log)
Job lustre_al2023 completed: SUCCESS (return code = 0, log: /tmp/ktest-results/lustre_al2023.log)
Job lustre_u24 completed: SUCCESS (return code = 0, log: /tmp/ktest-results/lustre_u24.log)
get_archive(ktest-out): 3.34s
Job lustre_mainline_strict completed: FAILED (return code = 1, log: /tmp/ktest-results/lustre_mainline_strict.log)
get_archive(ktest-out): 3.16s
get_archive(ktest-out): 3.06s
Job lustre_mainline_native completed: SUCCESS (return code = 0, log: /tmp/ktest-results/lustre_mainline_native.log)
Starting job: clang-tidy (ktest-out: /tmp/ktest_lustre_mainline_native_tsm47fve)
Starting job: cc-plugin (ktest-out: /tmp/ktest_lustre_mainline_native_tsm47fve)
Starting job: boot (ktest-out: /tmp/ktest_lustre_mainline_native_tsm47fve)
Starting job: llmount (ktest-out: /tmp/ktest_lustre_mainline_native_tsm47fve)
Starting job: llog-unit (ktest-out: /tmp/ktest_lustre_mainline_native_tsm47fve)
Starting job: mgs-setup (ktest-out: /tmp/ktest_lustre_mainline_native_tsm47fve)
Starting job: sanity-1 (ktest-out: /tmp/ktest_lustre_mainline_native_tsm47fve)
Starting job: sanity-2 (ktest-out: /tmp/ktest_lustre_mainline_native_tsm47fve)
Starting job: sanity-3 (ktest-out: /tmp/ktest_lustre_mainline_native_tsm47fve)
Starting job: sanity-4 (ktest-out: /tmp/ktest_lustre_mainline_native_tsm47fve)
Job lustre_mainline completed: SUCCESS (return code = 0, log: /tmp/ktest-results/lustre_mainline.log)
put_archive(/tmp/ktest_lustre_mainline_native_tsm47fve.tar): 5.30s
put_archive(/tmp/ktest_lustre_mainline_native_tsm47fve.tar): 10.92s
put_archive(/tmp/ktest_lustre_mainline_native_tsm47fve.tar): 15.10s
put_archive(/tmp/ktest_lustre_mainline_native_tsm47fve.tar): 53.93s
put_archive(/tmp/ktest_lustre_mainline_native_tsm47fve.tar): 43.03s
put_archive(/tmp/ktest_lustre_mainline_native_tsm47fve.tar): 43.08s
put_archive(/tmp/ktest_lustre_mainline_native_tsm47fve.tar): 59.87s
put_archive(/tmp/ktest_lustre_mainline_native_tsm47fve.tar): 59.71s
put_archive(/tmp/ktest-kernel.tar.gz): 60.06s
put_archive(/tmp/ktest-kernel.tar.gz): 59.93s
put_archive(/tmp/ktest-lustre.tar.gz): 24.58s
put_archive(/tmp/ktest-lustre.tar.gz): 24.53s
put_archive(/tmp/ktest_lustre_mainline_native_tsm47fve.tar): 17.90s
put_archive(/tmp/ktest_lustre_mainline_native_tsm47fve.tar): 18.03s
Job sanity-4 completed: SUCCESS (return code = 0, log: /tmp/ktest-results/sanity-4.log)
Job cc-plugin completed: FAILED (return code = 127, log: /tmp/ktest-results/cc-plugin.log)
Job llog-unit completed: SUCCESS (return code = 0, log: /tmp/ktest-results/llog-unit.log)
Job clang-tidy completed: SUCCESS (return code = 0, log: /tmp/ktest-results/clang-tidy.log)
Job boot completed: SUCCESS (return code = 0, log: /tmp/ktest-results/boot.log)
Job mgs-setup completed: SUCCESS (return code = 0, log: /tmp/ktest-results/mgs-setup.log)
Job sanity-2 completed: SUCCESS (return code = 0, log: /tmp/ktest-results/sanity-2.log)
Job sanity-3 completed: SUCCESS (return code = 0, log: /tmp/ktest-results/sanity-3.log)
Job llmount completed: SUCCESS (return code = 0, log: /tmp/ktest-results/llmount.log)
Job sanity-1 completed: SUCCESS (return code = 0, log: /tmp/ktest-results/sanity-1.log)

============================================================
Final Results:
  checkpatch: SUCCESS (return code = 0, log: /tmp/ktest-results/checkpatch.log)
  lustre_u24: SUCCESS (return code = 0, log: /tmp/ktest-results/lustre_u24.log)
  lustre_al2023: SUCCESS (return code = 0, log: /tmp/ktest-results/lustre_al2023.log)
  lustre_mainline_strict: FAILED (return code = 1, log: /tmp/ktest-results/lustre_mainline_strict.log)
  lustre_mainline: SUCCESS (return code = 0, log: /tmp/ktest-results/lustre_mainline.log)
  lustre_mainline_native: SUCCESS (return code = 0, log: /tmp/ktest-results/lustre_mainline_native.log)
  clang-tidy: SUCCESS (return code = 0, log: /tmp/ktest-results/clang-tidy.log)
  cc-plugin: FAILED (return code = 127, log: /tmp/ktest-results/cc-plugin.log)
  boot: SUCCESS (return code = 0, log: /tmp/ktest-results/boot.log)
  llmount: SUCCESS (return code = 0, log: /tmp/ktest-results/llmount.log)
  llog-unit: SUCCESS (return code = 0, log: /tmp/ktest-results/llog-unit.log)
  mgs-setup: SUCCESS (return code = 0, log: /tmp/ktest-results/mgs-setup.log)
  sanity-1: SUCCESS (return code = 0, log: /tmp/ktest-results/sanity-1.log)
  sanity-2: SUCCESS (return code = 0, log: /tmp/ktest-results/sanity-2.log)
  sanity-3: SUCCESS (return code = 0, log: /tmp/ktest-results/sanity-3.log)
  sanity-4: SUCCESS (return code = 0, log: /tmp/ktest-results/sanity-4.log)