<html lang="en">
<body>
<pre>
Creating kernel tarball at /tmp/ktest-kernel.tar.gz...
Creating lustre tarball at /tmp/ktest-lustre.tar.gz...
Executing 16 jobs with dependencies
Jobs will start as soon as their dependencies are satisfied

Starting job: lustre_mainline_strict (ktest-out: /tmp/ktest_lustre_mainline_strict_h9gul556)
Starting job: lustre_al2023 (ktest-out: /tmp/ktest_lustre_al2023_qvkqvt08)
Starting job: checkpatch (ktest-out: /tmp/ktest_checkpatch_k0j3le4j)
Starting job: lustre_mainline_native (ktest-out: /tmp/ktest_lustre_mainline_native_nh3bnr3n)
Starting job: lustre_mainline (ktest-out: /tmp/ktest_lustre_mainline_bvf5xa3n)
Starting job: lustre_u24 (ktest-out: /tmp/ktest_lustre_u24_qxvv1exl)
put_archive(/tmp/ktest-kernel.tar.gz): 8.95s
put_archive(/tmp/ktest-kernel.tar.gz): 9.43s
put_archive(/tmp/ktest-kernel.tar.gz): 9.64s
put_archive(/tmp/ktest-kernel.tar.gz): 9.06s
put_archive(/tmp/ktest-kernel.tar.gz): 9.15s
put_archive(/tmp/ktest-kernel.tar.gz): 9.31s
put_archive(/tmp/ktest-lustre.tar.gz): 6.24s
put_archive(/tmp/ktest-lustre.tar.gz): 6.40s
put_archive(/tmp/ktest-lustre.tar.gz): 7.25s
put_archive(/tmp/ktest-lustre.tar.gz): 6.15s
put_archive(/tmp/ktest-lustre.tar.gz): 6.57s
put_archive(/tmp/ktest-lustre.tar.gz): 6.03s
Job checkpatch completed: SUCCESS (return code = 0, log: /tmp/ktest-results/checkpatch.log)
Job lustre_u24 completed: SUCCESS (return code = 0, log: /tmp/ktest-results/lustre_u24.log)
Job lustre_al2023 completed: SUCCESS (return code = 0, log: /tmp/ktest-results/lustre_al2023.log)
get_archive(ktest-out): 5.38s
Job lustre_mainline_strict completed: FAILED (return code = 1, log: /tmp/ktest-results/lustre_mainline_strict.log)
get_archive(ktest-out): 3.12s
get_archive(ktest-out): 3.21s
Job lustre_mainline completed: SUCCESS (return code = 0, log: /tmp/ktest-results/lustre_mainline.log)
Job lustre_mainline_native completed: SUCCESS (return code = 0, log: /tmp/ktest-results/lustre_mainline_native.log)
Starting job: clang-tidy (ktest-out: /tmp/ktest_lustre_mainline_native_nh3bnr3n)
Starting job: cc-plugin (ktest-out: /tmp/ktest_lustre_mainline_native_nh3bnr3n)
Starting job: boot (ktest-out: /tmp/ktest_lustre_mainline_native_nh3bnr3n)
Starting job: llmount (ktest-out: /tmp/ktest_lustre_mainline_native_nh3bnr3n)
Starting job: llog-unit (ktest-out: /tmp/ktest_lustre_mainline_native_nh3bnr3n)
Starting job: mgs-setup (ktest-out: /tmp/ktest_lustre_mainline_native_nh3bnr3n)
Starting job: sanity-1 (ktest-out: /tmp/ktest_lustre_mainline_native_nh3bnr3n)
Starting job: sanity-2 (ktest-out: /tmp/ktest_lustre_mainline_native_nh3bnr3n)
Starting job: sanity-3 (ktest-out: /tmp/ktest_lustre_mainline_native_nh3bnr3n)
Starting job: sanity-4 (ktest-out: /tmp/ktest_lustre_mainline_native_nh3bnr3n)
put_archive(/tmp/ktest_lustre_mainline_native_nh3bnr3n.tar): 17.61s
put_archive(/tmp/ktest_lustre_mainline_native_nh3bnr3n.tar): 18.18s
put_archive(/tmp/ktest_lustre_mainline_native_nh3bnr3n.tar): 16.92s
put_archive(/tmp/ktest_lustre_mainline_native_nh3bnr3n.tar): 16.98s
put_archive(/tmp/ktest-kernel.tar.gz): 18.31s
put_archive(/tmp/ktest-lustre.tar.gz): 48.92s
put_archive(/tmp/ktest_lustre_mainline_native_nh3bnr3n.tar): 48.51s
put_archive(/tmp/ktest_lustre_mainline_native_nh3bnr3n.tar): 48.48s
put_archive(/tmp/ktest_lustre_mainline_native_nh3bnr3n.tar): 52.06s
put_archive(/tmp/ktest_lustre_mainline_native_nh3bnr3n.tar): 52.11s
put_archive(/tmp/ktest_lustre_mainline_native_nh3bnr3n.tar): 3.77s
put_archive(/tmp/ktest-kernel.tar.gz): 9.67s
put_archive(/tmp/ktest-lustre.tar.gz): 45.83s
put_archive(/tmp/ktest_lustre_mainline_native_nh3bnr3n.tar): 5.19s
Job boot completed: SUCCESS (return code = 0, log: /tmp/ktest-results/boot.log)
Job clang-tidy completed: SUCCESS (return code = 0, log: /tmp/ktest-results/clang-tidy.log)
Job cc-plugin completed: FAILED (return code = 127, log: /tmp/ktest-results/cc-plugin.log)
Job mgs-setup completed: SUCCESS (return code = 0, log: /tmp/ktest-results/mgs-setup.log)
Job sanity-4 completed: SUCCESS (return code = 0, log: /tmp/ktest-results/sanity-4.log)
Job llog-unit completed: SUCCESS (return code = 0, log: /tmp/ktest-results/llog-unit.log)
Job sanity-3 completed: SUCCESS (return code = 0, log: /tmp/ktest-results/sanity-3.log)
Job sanity-1 completed: SUCCESS (return code = 0, log: /tmp/ktest-results/sanity-1.log)
Job sanity-2 completed: SUCCESS (return code = 0, log: /tmp/ktest-results/sanity-2.log)
Job llmount completed: SUCCESS (return code = 0, log: /tmp/ktest-results/llmount.log)

============================================================
Final Results:
  checkpatch: SUCCESS (return code = 0, log: /tmp/ktest-results/checkpatch.log)
  lustre_u24: SUCCESS (return code = 0, log: /tmp/ktest-results/lustre_u24.log)
  lustre_al2023: SUCCESS (return code = 0, log: /tmp/ktest-results/lustre_al2023.log)
  lustre_mainline_strict: FAILED (return code = 1, log: /tmp/ktest-results/lustre_mainline_strict.log)
  lustre_mainline: SUCCESS (return code = 0, log: /tmp/ktest-results/lustre_mainline.log)
  lustre_mainline_native: SUCCESS (return code = 0, log: /tmp/ktest-results/lustre_mainline_native.log)
  clang-tidy: SUCCESS (return code = 0, log: /tmp/ktest-results/clang-tidy.log)
  cc-plugin: FAILED (return code = 127, log: /tmp/ktest-results/cc-plugin.log)
  boot: SUCCESS (return code = 0, log: /tmp/ktest-results/boot.log)
  llmount: SUCCESS (return code = 0, log: /tmp/ktest-results/llmount.log)
  llog-unit: SUCCESS (return code = 0, log: /tmp/ktest-results/llog-unit.log)
  mgs-setup: SUCCESS (return code = 0, log: /tmp/ktest-results/mgs-setup.log)
  sanity-1: SUCCESS (return code = 0, log: /tmp/ktest-results/sanity-1.log)
  sanity-2: SUCCESS (return code = 0, log: /tmp/ktest-results/sanity-2.log)
  sanity-3: SUCCESS (return code = 0, log: /tmp/ktest-results/sanity-3.log)
  sanity-4: SUCCESS (return code = 0, log: /tmp/ktest-results/sanity-4.log)
</pre>
</body>
</html>
