<html lang="en">
<body>
<pre>
Creating kernel tarball at /tmp/ktest-kernel.tar.gz...
Creating lustre tarball at /tmp/ktest-lustre.tar.gz...
Executing 16 jobs with dependencies
Jobs will start as soon as their dependencies are satisfied

Starting job: lustre_mainline (ktest-out: /tmp/ktest_lustre_mainline_b_3exm4a)
Starting job: lustre_mainline_strict (ktest-out: /tmp/ktest_lustre_mainline_strict_uhngub7p)
Starting job: checkpatch (ktest-out: /tmp/ktest_checkpatch_umbx1k0e)
Starting job: lustre_al2023 (ktest-out: /tmp/ktest_lustre_al2023_cgt7x1c7)
Starting job: lustre_u24 (ktest-out: /tmp/ktest_lustre_u24_k91jxa7g)
Starting job: lustre_mainline_native (ktest-out: /tmp/ktest_lustre_mainline_native_gagmt003)
put_archive(/tmp/ktest-kernel.tar.gz): 7.73s
put_archive(/tmp/ktest-kernel.tar.gz): 7.93s
put_archive(/tmp/ktest-kernel.tar.gz): 8.23s
put_archive(/tmp/ktest-kernel.tar.gz): 7.83s
put_archive(/tmp/ktest-kernel.tar.gz): 9.07s
put_archive(/tmp/ktest-kernel.tar.gz): 8.31s
put_archive(/tmp/ktest-lustre.tar.gz): 1.77s
put_archive(/tmp/ktest-lustre.tar.gz): 1.66s
put_archive(/tmp/ktest-lustre.tar.gz): 2.10s
put_archive(/tmp/ktest-lustre.tar.gz): 1.42s
put_archive(/tmp/ktest-lustre.tar.gz): 1.56s
put_archive(/tmp/ktest-lustre.tar.gz): 1.95s
Job checkpatch completed: FAILED (return code = 1, log: /tmp/ktest-results/checkpatch.log)
Job lustre_al2023 completed: FAILED (return code = 2, log: /tmp/ktest-results/lustre_al2023.log)
Job lustre_u24 completed: FAILED (return code = 2, log: /tmp/ktest-results/lustre_u24.log)
get_archive(ktest-out): 3.39s
Job lustre_mainline_strict completed: FAILED (return code = 1, log: /tmp/ktest-results/lustre_mainline_strict.log)
get_archive(ktest-out): 3.10s
get_archive(ktest-out): 3.20s
Job lustre_mainline completed: SUCCESS (return code = 0, log: /tmp/ktest-results/lustre_mainline.log)
Job lustre_mainline_native completed: SUCCESS (return code = 0, log: /tmp/ktest-results/lustre_mainline_native.log)
Starting job: clang-tidy (ktest-out: /tmp/ktest_lustre_mainline_native_gagmt003)
Starting job: cc-plugin (ktest-out: /tmp/ktest_lustre_mainline_native_gagmt003)
Starting job: boot (ktest-out: /tmp/ktest_lustre_mainline_native_gagmt003)
Starting job: llmount (ktest-out: /tmp/ktest_lustre_mainline_native_gagmt003)
Starting job: llog-unit (ktest-out: /tmp/ktest_lustre_mainline_native_gagmt003)
Starting job: mgs-setup (ktest-out: /tmp/ktest_lustre_mainline_native_gagmt003)
Starting job: sanity-1 (ktest-out: /tmp/ktest_lustre_mainline_native_gagmt003)
Starting job: sanity-2 (ktest-out: /tmp/ktest_lustre_mainline_native_gagmt003)
Starting job: sanity-3 (ktest-out: /tmp/ktest_lustre_mainline_native_gagmt003)
Starting job: sanity-4 (ktest-out: /tmp/ktest_lustre_mainline_native_gagmt003)
put_archive(/tmp/ktest_lustre_mainline_native_gagmt003.tar): 5.73s
put_archive(/tmp/ktest_lustre_mainline_native_gagmt003.tar): 5.18s
put_archive(/tmp/ktest_lustre_mainline_native_gagmt003.tar): 5.09s
put_archive(/tmp/ktest-kernel.tar.gz): 7.43s
put_archive(/tmp/ktest_lustre_mainline_native_gagmt003.tar): 3.91s
put_archive(/tmp/ktest_lustre_mainline_native_gagmt003.tar): 7.49s
put_archive(/tmp/ktest-lustre.tar.gz): 7.45s
put_archive(/tmp/ktest_lustre_mainline_native_gagmt003.tar): 14.53s
put_archive(/tmp/ktest_lustre_mainline_native_gagmt003.tar): 14.07s
put_archive(/tmp/ktest_lustre_mainline_native_gagmt003.tar): 14.22s
put_archive(/tmp/ktest_lustre_mainline_native_gagmt003.tar): 14.21s
put_archive(/tmp/ktest-kernel.tar.gz): 14.44s
put_archive(/tmp/ktest-lustre.tar.gz): 8.13s
put_archive(/tmp/ktest_lustre_mainline_native_gagmt003.tar): 4.01s
Job boot completed: SUCCESS (return code = 0, log: /tmp/ktest-results/boot.log)
Job cc-plugin completed: FAILED (return code = 127, log: /tmp/ktest-results/cc-plugin.log)
Job clang-tidy completed: SUCCESS (return code = 0, log: /tmp/ktest-results/clang-tidy.log)
Job mgs-setup completed: SUCCESS (return code = 0, log: /tmp/ktest-results/mgs-setup.log)
Job sanity-3 completed: SUCCESS (return code = 0, log: /tmp/ktest-results/sanity-3.log)
Job sanity-2 completed: SUCCESS (return code = 0, log: /tmp/ktest-results/sanity-2.log)
Job sanity-4 completed: SUCCESS (return code = 0, log: /tmp/ktest-results/sanity-4.log)
Job llog-unit completed: SUCCESS (return code = 0, log: /tmp/ktest-results/llog-unit.log)
Job sanity-1 completed: SUCCESS (return code = 0, log: /tmp/ktest-results/sanity-1.log)
Job llmount completed: SUCCESS (return code = 0, log: /tmp/ktest-results/llmount.log)

============================================================
Final Results:
  checkpatch: FAILED (return code = 1, log: /tmp/ktest-results/checkpatch.log)
  lustre_u24: FAILED (return code = 2, log: /tmp/ktest-results/lustre_u24.log)
  lustre_al2023: FAILED (return code = 2, log: /tmp/ktest-results/lustre_al2023.log)
  lustre_mainline_strict: FAILED (return code = 1, log: /tmp/ktest-results/lustre_mainline_strict.log)
  lustre_mainline: SUCCESS (return code = 0, log: /tmp/ktest-results/lustre_mainline.log)
  lustre_mainline_native: SUCCESS (return code = 0, log: /tmp/ktest-results/lustre_mainline_native.log)
  clang-tidy: SUCCESS (return code = 0, log: /tmp/ktest-results/clang-tidy.log)
  cc-plugin: FAILED (return code = 127, log: /tmp/ktest-results/cc-plugin.log)
  boot: SUCCESS (return code = 0, log: /tmp/ktest-results/boot.log)
  llmount: SUCCESS (return code = 0, log: /tmp/ktest-results/llmount.log)
  llog-unit: SUCCESS (return code = 0, log: /tmp/ktest-results/llog-unit.log)
  mgs-setup: SUCCESS (return code = 0, log: /tmp/ktest-results/mgs-setup.log)
  sanity-1: SUCCESS (return code = 0, log: /tmp/ktest-results/sanity-1.log)
  sanity-2: SUCCESS (return code = 0, log: /tmp/ktest-results/sanity-2.log)
  sanity-3: SUCCESS (return code = 0, log: /tmp/ktest-results/sanity-3.log)
  sanity-4: SUCCESS (return code = 0, log: /tmp/ktest-results/sanity-4.log)
</pre>
</body>
</html>
