Creating kernel tarball at /tmp/ktest-kernel.tar.gz...
Creating lustre tarball at /tmp/ktest-lustre.tar.gz...
Executing 16 jobs with dependencies
Jobs will start as soon as their dependencies are satisfied

Starting job: lustre_u24 (ktest-out: /tmp/ktest_lustre_u24_17dih0nk)
Starting job: lustre_mainline_native (ktest-out: /tmp/ktest_lustre_mainline_native_9grrif5j)
Starting job: lustre_al2023 (ktest-out: /tmp/ktest_lustre_al2023_brxhelsf)
Starting job: lustre_mainline_strict (ktest-out: /tmp/ktest_lustre_mainline_strict_ys15pwtj)
Starting job: checkpatch (ktest-out: /tmp/ktest_checkpatch_18gzi73b)
Starting job: lustre_mainline (ktest-out: /tmp/ktest_lustre_mainline_edi9_p9n)
put_archive(/tmp/ktest-kernel.tar.gz): 9.00s
put_archive(/tmp/ktest-kernel.tar.gz): 10.40s
put_archive(/tmp/ktest-kernel.tar.gz): 9.81s
put_archive(/tmp/ktest-kernel.tar.gz): 10.02s
put_archive(/tmp/ktest-kernel.tar.gz): 10.08s
put_archive(/tmp/ktest-kernel.tar.gz): 10.81s
put_archive(/tmp/ktest-lustre.tar.gz): 7.57s
put_archive(/tmp/ktest-lustre.tar.gz): 7.46s
put_archive(/tmp/ktest-lustre.tar.gz): 7.77s
put_archive(/tmp/ktest-lustre.tar.gz): 7.96s
put_archive(/tmp/ktest-lustre.tar.gz): 9.57s
put_archive(/tmp/ktest-lustre.tar.gz): 7.39s
Job checkpatch completed: FAILED (return code = 1, log: /tmp/ktest-results/checkpatch.log)
Job lustre_u24 completed: SUCCESS (return code = 0, log: /tmp/ktest-results/lustre_u24.log)
Job lustre_al2023 completed: SUCCESS (return code = 0, log: /tmp/ktest-results/lustre_al2023.log)
get_archive(ktest-out): 3.66s
Job lustre_mainline_strict completed: FAILED (return code = 1, log: /tmp/ktest-results/lustre_mainline_strict.log)
get_archive(ktest-out): 2.13s
Job lustre_mainline_native completed: SUCCESS (return code = 0, log: /tmp/ktest-results/lustre_mainline_native.log)
Starting job: clang-tidy (ktest-out: /tmp/ktest_lustre_mainline_native_9grrif5j)
Starting job: cc-plugin (ktest-out: /tmp/ktest_lustre_mainline_native_9grrif5j)
Starting job: boot (ktest-out: /tmp/ktest_lustre_mainline_native_9grrif5j)
Starting job: llmount (ktest-out: /tmp/ktest_lustre_mainline_native_9grrif5j)
Starting job: llog-unit (ktest-out: /tmp/ktest_lustre_mainline_native_9grrif5j)
Starting job: mgs-setup (ktest-out: /tmp/ktest_lustre_mainline_native_9grrif5j)
Starting job: sanity-1 (ktest-out: /tmp/ktest_lustre_mainline_native_9grrif5j)
Starting job: sanity-2 (ktest-out: /tmp/ktest_lustre_mainline_native_9grrif5j)
Starting job: sanity-3 (ktest-out: /tmp/ktest_lustre_mainline_native_9grrif5j)
Starting job: sanity-4 (ktest-out: /tmp/ktest_lustre_mainline_native_9grrif5j)
get_archive(ktest-out): 9.10s
Job lustre_mainline completed: SUCCESS (return code = 0, log: /tmp/ktest-results/lustre_mainline.log)
put_archive(/tmp/ktest_lustre_mainline_native_9grrif5j.tar): 21.31s
put_archive(/tmp/ktest_lustre_mainline_native_9grrif5j.tar): 20.84s
put_archive(/tmp/ktest_lustre_mainline_native_9grrif5j.tar): 20.77s
put_archive(/tmp/ktest_lustre_mainline_native_9grrif5j.tar): 20.83s
put_archive(/tmp/ktest_lustre_mainline_native_9grrif5j.tar): 49.52s
put_archive(/tmp/ktest_lustre_mainline_native_9grrif5j.tar): 49.56s
put_archive(/tmp/ktest_lustre_mainline_native_9grrif5j.tar): 30.86s
put_archive(/tmp/ktest_lustre_mainline_native_9grrif5j.tar): 30.66s
put_archive(/tmp/ktest-kernel.tar.gz): 31.03s
put_archive(/tmp/ktest-kernel.tar.gz): 31.10s
put_archive(/tmp/ktest-lustre.tar.gz): 19.74s
put_archive(/tmp/ktest-lustre.tar.gz): 19.64s
Job mgs-setup completed: SUCCESS (return code = 0, log: /tmp/ktest-results/mgs-setup.log)
put_archive(/tmp/ktest_lustre_mainline_native_9grrif5j.tar): 13.91s
put_archive(/tmp/ktest_lustre_mainline_native_9grrif5j.tar): 14.04s
Job boot completed: SUCCESS (return code = 0, log: /tmp/ktest-results/boot.log)
Job cc-plugin completed: FAILED (return code = 127, log: /tmp/ktest-results/cc-plugin.log)
Job clang-tidy completed: SUCCESS (return code = 0, log: /tmp/ktest-results/clang-tidy.log)
Job sanity-1 completed: SUCCESS (return code = 0, log: /tmp/ktest-results/sanity-1.log)
Job sanity-4 completed: SUCCESS (return code = 0, log: /tmp/ktest-results/sanity-4.log)
Job llog-unit completed: SUCCESS (return code = 0, log: /tmp/ktest-results/llog-unit.log)
Job sanity-3 completed: SUCCESS (return code = 0, log: /tmp/ktest-results/sanity-3.log)
Job sanity-2 completed: SUCCESS (return code = 0, log: /tmp/ktest-results/sanity-2.log)
Job llmount completed: SUCCESS (return code = 0, log: /tmp/ktest-results/llmount.log)

============================================================
Final Results:
  checkpatch: FAILED (return code = 1, log: /tmp/ktest-results/checkpatch.log)
  lustre_u24: SUCCESS (return code = 0, log: /tmp/ktest-results/lustre_u24.log)
  lustre_al2023: SUCCESS (return code = 0, log: /tmp/ktest-results/lustre_al2023.log)
  lustre_mainline_strict: FAILED (return code = 1, log: /tmp/ktest-results/lustre_mainline_strict.log)
  lustre_mainline: SUCCESS (return code = 0, log: /tmp/ktest-results/lustre_mainline.log)
  lustre_mainline_native: SUCCESS (return code = 0, log: /tmp/ktest-results/lustre_mainline_native.log)
  clang-tidy: SUCCESS (return code = 0, log: /tmp/ktest-results/clang-tidy.log)
  cc-plugin: FAILED (return code = 127, log: /tmp/ktest-results/cc-plugin.log)
  boot: SUCCESS (return code = 0, log: /tmp/ktest-results/boot.log)
  llmount: SUCCESS (return code = 0, log: /tmp/ktest-results/llmount.log)
  llog-unit: SUCCESS (return code = 0, log: /tmp/ktest-results/llog-unit.log)
  mgs-setup: SUCCESS (return code = 0, log: /tmp/ktest-results/mgs-setup.log)
  sanity-1: SUCCESS (return code = 0, log: /tmp/ktest-results/sanity-1.log)
  sanity-2: SUCCESS (return code = 0, log: /tmp/ktest-results/sanity-2.log)
  sanity-3: SUCCESS (return code = 0, log: /tmp/ktest-results/sanity-3.log)
  sanity-4: SUCCESS (return code = 0, log: /tmp/ktest-results/sanity-4.log)