Creating kernel tarball at /tmp/ktest-kernel.tar.gz...
Creating lustre tarball at /tmp/ktest-lustre.tar.gz...
Executing 16 jobs with dependencies
Jobs will start as soon as their dependencies are satisfied

Starting job: checkpatch (ktest-out: /tmp/ktest_checkpatch_fhfrxqm9)
Starting job: lustre_al2023 (ktest-out: /tmp/ktest_lustre_al2023_qzobyk2j)
Starting job: lustre_mainline_native (ktest-out: /tmp/ktest_lustre_mainline_native_jiso1io8)
Starting job: lustre_mainline (ktest-out: /tmp/ktest_lustre_mainline_hfyc8e2x)
Starting job: lustre_u24 (ktest-out: /tmp/ktest_lustre_u24_n63k_zf_)
Starting job: lustre_mainline_strict (ktest-out: /tmp/ktest_lustre_mainline_strict_qz3duvki)
put_archive(/tmp/ktest-kernel.tar.gz): 7.12s
put_archive(/tmp/ktest-kernel.tar.gz): 7.39s
put_archive(/tmp/ktest-kernel.tar.gz): 6.39s
put_archive(/tmp/ktest-kernel.tar.gz): 6.51s
put_archive(/tmp/ktest-kernel.tar.gz): 7.81s
put_archive(/tmp/ktest-kernel.tar.gz): 6.14s
put_archive(/tmp/ktest-lustre.tar.gz): 3.78s
put_archive(/tmp/ktest-lustre.tar.gz): 4.55s
put_archive(/tmp/ktest-lustre.tar.gz): 3.67s
put_archive(/tmp/ktest-lustre.tar.gz): 3.97s
put_archive(/tmp/ktest-lustre.tar.gz): 3.55s
put_archive(/tmp/ktest-lustre.tar.gz): 4.16s
Job checkpatch completed: SUCCESS (return code = 0, log: /tmp/ktest-results/checkpatch.log)
Job lustre_al2023 completed: SUCCESS (return code = 0, log: /tmp/ktest-results/lustre_al2023.log)
Job lustre_u24 completed: SUCCESS (return code = 0, log: /tmp/ktest-results/lustre_u24.log)
get_archive(ktest-out): 3.38s
Job lustre_mainline_strict completed: FAILED (return code = 1, log: /tmp/ktest-results/lustre_mainline_strict.log)
get_archive(ktest-out): 3.05s
get_archive(ktest-out): 3.12s
Job lustre_mainline_native completed: SUCCESS (return code = 0, log: /tmp/ktest-results/lustre_mainline_native.log)
Starting job: clang-tidy (ktest-out: /tmp/ktest_lustre_mainline_native_jiso1io8)
Starting job: cc-plugin (ktest-out: /tmp/ktest_lustre_mainline_native_jiso1io8)
Starting job: boot (ktest-out: /tmp/ktest_lustre_mainline_native_jiso1io8)
Starting job: llmount (ktest-out: /tmp/ktest_lustre_mainline_native_jiso1io8)
Starting job: llog-unit (ktest-out: /tmp/ktest_lustre_mainline_native_jiso1io8)
Starting job: mgs-setup (ktest-out: /tmp/ktest_lustre_mainline_native_jiso1io8)
Starting job: sanity-1 (ktest-out: /tmp/ktest_lustre_mainline_native_jiso1io8)
Starting job: sanity-2 (ktest-out: /tmp/ktest_lustre_mainline_native_jiso1io8)
Starting job: sanity-3 (ktest-out: /tmp/ktest_lustre_mainline_native_jiso1io8)
Starting job: sanity-4 (ktest-out: /tmp/ktest_lustre_mainline_native_jiso1io8)
Job lustre_mainline completed: SUCCESS (return code = 0, log: /tmp/ktest-results/lustre_mainline.log)
put_archive(/tmp/ktest_lustre_mainline_native_jiso1io8.tar): 4.89s
put_archive(/tmp/ktest-kernel.tar.gz): 8.83s
put_archive(/tmp/ktest_lustre_mainline_native_jiso1io8.tar): 8.47s
put_archive(/tmp/ktest-lustre.tar.gz): 10.89s
put_archive(/tmp/ktest-kernel.tar.gz): 31.47s
put_archive(/tmp/ktest_lustre_mainline_native_jiso1io8.tar): 28.32s
put_archive(/tmp/ktest_lustre_mainline_native_jiso1io8.tar): 41.77s
put_archive(/tmp/ktest_lustre_mainline_native_jiso1io8.tar): 10.23s
put_archive(/tmp/ktest-lustre.tar.gz): 10.25s
put_archive(/tmp/ktest_lustre_mainline_native_jiso1io8.tar): 53.95s
put_archive(/tmp/ktest_lustre_mainline_native_jiso1io8.tar): 53.29s
put_archive(/tmp/ktest_lustre_mainline_native_jiso1io8.tar): 53.27s
put_archive(/tmp/ktest_lustre_mainline_native_jiso1io8.tar): 53.93s
put_archive(/tmp/ktest_lustre_mainline_native_jiso1io8.tar): 53.27s
Job cc-plugin completed: FAILED (return code = 127, log: /tmp/ktest-results/cc-plugin.log)
Job clang-tidy completed: SUCCESS (return code = 0, log: /tmp/ktest-results/clang-tidy.log)
Job llog-unit completed: SUCCESS (return code = 0, log: /tmp/ktest-results/llog-unit.log)
Job sanity-1 completed: SUCCESS (return code = 0, log: /tmp/ktest-results/sanity-1.log)
Job boot completed: SUCCESS (return code = 0, log: /tmp/ktest-results/boot.log)
Job mgs-setup completed: SUCCESS (return code = 0, log: /tmp/ktest-results/mgs-setup.log)
Job sanity-4 completed: SUCCESS (return code = 0, log: /tmp/ktest-results/sanity-4.log)
Job llmount completed: SUCCESS (return code = 0, log: /tmp/ktest-results/llmount.log)
Job sanity-3 completed: SUCCESS (return code = 0, log: /tmp/ktest-results/sanity-3.log)
Job sanity-2 completed: SUCCESS (return code = 0, log: /tmp/ktest-results/sanity-2.log)

============================================================
Final Results:
  checkpatch: SUCCESS (return code = 0, log: /tmp/ktest-results/checkpatch.log)
  lustre_u24: SUCCESS (return code = 0, log: /tmp/ktest-results/lustre_u24.log)
  lustre_al2023: SUCCESS (return code = 0, log: /tmp/ktest-results/lustre_al2023.log)
  lustre_mainline_strict: FAILED (return code = 1, log: /tmp/ktest-results/lustre_mainline_strict.log)
  lustre_mainline: SUCCESS (return code = 0, log: /tmp/ktest-results/lustre_mainline.log)
  lustre_mainline_native: SUCCESS (return code = 0, log: /tmp/ktest-results/lustre_mainline_native.log)
  clang-tidy: SUCCESS (return code = 0, log: /tmp/ktest-results/clang-tidy.log)
  cc-plugin: FAILED (return code = 127, log: /tmp/ktest-results/cc-plugin.log)
  boot: SUCCESS (return code = 0, log: /tmp/ktest-results/boot.log)
  llmount: SUCCESS (return code = 0, log: /tmp/ktest-results/llmount.log)
  llog-unit: SUCCESS (return code = 0, log: /tmp/ktest-results/llog-unit.log)
  mgs-setup: SUCCESS (return code = 0, log: /tmp/ktest-results/mgs-setup.log)
  sanity-1: SUCCESS (return code = 0, log: /tmp/ktest-results/sanity-1.log)
  sanity-2: SUCCESS (return code = 0, log: /tmp/ktest-results/sanity-2.log)
  sanity-3: SUCCESS (return code = 0, log: /tmp/ktest-results/sanity-3.log)
  sanity-4: SUCCESS (return code = 0, log: /tmp/ktest-results/sanity-4.log)