<html lang="en">
<body>
<pre>
Creating kernel tarball at /tmp/ktest-kernel.tar.gz...
Creating lustre tarball at /tmp/ktest-lustre.tar.gz...
Executing 16 jobs with dependencies
Jobs will start as soon as their dependencies are satisfied

Starting job: lustre_mainline_strict (ktest-out: /tmp/ktest_lustre_mainline_strict_dx08opve)
Starting job: lustre_al2023 (ktest-out: /tmp/ktest_lustre_al2023_lto1yoy6)
Starting job: lustre_mainline_native (ktest-out: /tmp/ktest_lustre_mainline_native_gc5kt6yf)
Starting job: checkpatch (ktest-out: /tmp/ktest_checkpatch_n1cs9qvh)
Starting job: lustre_mainline (ktest-out: /tmp/ktest_lustre_mainline_nqsqjlmj)
Starting job: lustre_u24 (ktest-out: /tmp/ktest_lustre_u24_tc_peso9)
put_archive(/tmp/ktest-kernel.tar.gz): 7.19s
put_archive(/tmp/ktest-kernel.tar.gz): 6.79s
put_archive(/tmp/ktest-kernel.tar.gz): 7.37s
put_archive(/tmp/ktest-kernel.tar.gz): 7.30s
put_archive(/tmp/ktest-kernel.tar.gz): 7.06s
put_archive(/tmp/ktest-kernel.tar.gz): 7.16s
put_archive(/tmp/ktest-lustre.tar.gz): 2.52s
put_archive(/tmp/ktest-lustre.tar.gz): 2.80s
put_archive(/tmp/ktest-lustre.tar.gz): 3.18s
put_archive(/tmp/ktest-lustre.tar.gz): 2.44s
put_archive(/tmp/ktest-lustre.tar.gz): 2.32s
put_archive(/tmp/ktest-lustre.tar.gz): 2.72s
Job checkpatch completed: SUCCESS (return code = 0, log: /tmp/ktest-results/checkpatch.log)
Job lustre_al2023 completed: SUCCESS (return code = 0, log: /tmp/ktest-results/lustre_al2023.log)
Job lustre_u24 completed: SUCCESS (return code = 0, log: /tmp/ktest-results/lustre_u24.log)
get_archive(ktest-out): 4.49s
Job lustre_mainline_strict completed: FAILED (return code = 1, log: /tmp/ktest-results/lustre_mainline_strict.log)
get_archive(ktest-out): 3.11s
get_archive(ktest-out): 3.23s
Job lustre_mainline_native completed: SUCCESS (return code = 0, log: /tmp/ktest-results/lustre_mainline_native.log)
Starting job: clang-tidy (ktest-out: /tmp/ktest_lustre_mainline_native_gc5kt6yf)
Starting job: cc-plugin (ktest-out: /tmp/ktest_lustre_mainline_native_gc5kt6yf)
Starting job: boot (ktest-out: /tmp/ktest_lustre_mainline_native_gc5kt6yf)
Starting job: llmount (ktest-out: /tmp/ktest_lustre_mainline_native_gc5kt6yf)
Starting job: llog-unit (ktest-out: /tmp/ktest_lustre_mainline_native_gc5kt6yf)
Starting job: mgs-setup (ktest-out: /tmp/ktest_lustre_mainline_native_gc5kt6yf)
Starting job: sanity-1 (ktest-out: /tmp/ktest_lustre_mainline_native_gc5kt6yf)
Starting job: sanity-2 (ktest-out: /tmp/ktest_lustre_mainline_native_gc5kt6yf)
Starting job: sanity-3 (ktest-out: /tmp/ktest_lustre_mainline_native_gc5kt6yf)
Starting job: sanity-4 (ktest-out: /tmp/ktest_lustre_mainline_native_gc5kt6yf)
Job lustre_mainline completed: SUCCESS (return code = 0, log: /tmp/ktest-results/lustre_mainline.log)
put_archive(/tmp/ktest_lustre_mainline_native_gc5kt6yf.tar): 8.72s
put_archive(/tmp/ktest_lustre_mainline_native_gc5kt6yf.tar): 12.08s
put_archive(/tmp/ktest_lustre_mainline_native_gc5kt6yf.tar): 12.40s
put_archive(/tmp/ktest-kernel.tar.gz): 12.32s
put_archive(/tmp/ktest-kernel.tar.gz): 13.01s
put_archive(/tmp/ktest_lustre_mainline_native_gc5kt6yf.tar): 11.48s
put_archive(/tmp/ktest_lustre_mainline_native_gc5kt6yf.tar): 12.85s
put_archive(/tmp/ktest_lustre_mainline_native_gc5kt6yf.tar): 11.59s
put_archive(/tmp/ktest_lustre_mainline_native_gc5kt6yf.tar): 12.48s
put_archive(/tmp/ktest_lustre_mainline_native_gc5kt6yf.tar): 11.62s
put_archive(/tmp/ktest-lustre.tar.gz): 20.02s
put_archive(/tmp/ktest-lustre.tar.gz): 19.93s
put_archive(/tmp/ktest_lustre_mainline_native_gc5kt6yf.tar): 9.31s
put_archive(/tmp/ktest_lustre_mainline_native_gc5kt6yf.tar): 9.41s
Job cc-plugin completed: FAILED (return code = 127, log: /tmp/ktest-results/cc-plugin.log)
Job clang-tidy completed: SUCCESS (return code = 0, log: /tmp/ktest-results/clang-tidy.log)
Job boot completed: SUCCESS (return code = 0, log: /tmp/ktest-results/boot.log)
Job mgs-setup completed: SUCCESS (return code = 0, log: /tmp/ktest-results/mgs-setup.log)
Job sanity-4 completed: SUCCESS (return code = 0, log: /tmp/ktest-results/sanity-4.log)
Job sanity-2 completed: SUCCESS (return code = 0, log: /tmp/ktest-results/sanity-2.log)
Job sanity-3 completed: SUCCESS (return code = 0, log: /tmp/ktest-results/sanity-3.log)
Job sanity-1 completed: SUCCESS (return code = 0, log: /tmp/ktest-results/sanity-1.log)
Job llog-unit completed: SUCCESS (return code = 0, log: /tmp/ktest-results/llog-unit.log)
Job llmount completed: SUCCESS (return code = 0, log: /tmp/ktest-results/llmount.log)

============================================================
Final Results:
  checkpatch: SUCCESS (return code = 0, log: /tmp/ktest-results/checkpatch.log)
  lustre_u24: SUCCESS (return code = 0, log: /tmp/ktest-results/lustre_u24.log)
  lustre_al2023: SUCCESS (return code = 0, log: /tmp/ktest-results/lustre_al2023.log)
  lustre_mainline_strict: FAILED (return code = 1, log: /tmp/ktest-results/lustre_mainline_strict.log)
  lustre_mainline: SUCCESS (return code = 0, log: /tmp/ktest-results/lustre_mainline.log)
  lustre_mainline_native: SUCCESS (return code = 0, log: /tmp/ktest-results/lustre_mainline_native.log)
  clang-tidy: SUCCESS (return code = 0, log: /tmp/ktest-results/clang-tidy.log)
  cc-plugin: FAILED (return code = 127, log: /tmp/ktest-results/cc-plugin.log)
  boot: SUCCESS (return code = 0, log: /tmp/ktest-results/boot.log)
  llmount: SUCCESS (return code = 0, log: /tmp/ktest-results/llmount.log)
  llog-unit: SUCCESS (return code = 0, log: /tmp/ktest-results/llog-unit.log)
  mgs-setup: SUCCESS (return code = 0, log: /tmp/ktest-results/mgs-setup.log)
  sanity-1: SUCCESS (return code = 0, log: /tmp/ktest-results/sanity-1.log)
  sanity-2: SUCCESS (return code = 0, log: /tmp/ktest-results/sanity-2.log)
  sanity-3: SUCCESS (return code = 0, log: /tmp/ktest-results/sanity-3.log)
  sanity-4: SUCCESS (return code = 0, log: /tmp/ktest-results/sanity-4.log)
</pre>
</body>
</html>
