Creating kernel tarball at /tmp/ktest-kernel.tar.gz...
Creating lustre tarball at /tmp/ktest-lustre.tar.gz...
Executing 16 jobs with dependencies
Jobs will start as soon as their dependencies are satisfied

Starting job: lustre_mainline (ktest-out: /tmp/ktest_lustre_mainline_v99bklv0)
Starting job: lustre_mainline_native (ktest-out: /tmp/ktest_lustre_mainline_native_s175bsb4)
Starting job: checkpatch (ktest-out: /tmp/ktest_checkpatch_5ei80x50)
Starting job: lustre_u24 (ktest-out: /tmp/ktest_lustre_u24_1brz3rwj)
Starting job: lustre_mainline_strict (ktest-out: /tmp/ktest_lustre_mainline_strict_xogv0qfl)
Starting job: lustre_al2023 (ktest-out: /tmp/ktest_lustre_al2023_61i37tqi)
put_archive(/tmp/ktest-kernel.tar.gz): 7.24s
put_archive(/tmp/ktest-kernel.tar.gz): 12.85s
put_archive(/tmp/ktest-kernel.tar.gz): 12.17s
put_archive(/tmp/ktest-kernel.tar.gz): 11.57s
put_archive(/tmp/ktest-kernel.tar.gz): 11.62s
put_archive(/tmp/ktest-kernel.tar.gz): 12.63s
put_archive(/tmp/ktest-lustre.tar.gz): 8.04s
put_archive(/tmp/ktest-lustre.tar.gz): 7.90s
put_archive(/tmp/ktest-lustre.tar.gz): 8.22s
put_archive(/tmp/ktest-lustre.tar.gz): 13.65s
put_archive(/tmp/ktest-lustre.tar.gz): 7.64s
put_archive(/tmp/ktest-lustre.tar.gz): 7.81s
Job checkpatch completed: FAILED (return code = 1, log: /tmp/ktest-results/checkpatch.log)
Job lustre_al2023 completed: SUCCESS (return code = 0, log: /tmp/ktest-results/lustre_al2023.log)
Job lustre_u24 completed: SUCCESS (return code = 0, log: /tmp/ktest-results/lustre_u24.log)
get_archive(ktest-out): 4.57s
get_archive(ktest-out): 4.28s
get_archive(ktest-out): 4.53s
Job lustre_mainline_strict completed: SUCCESS (return code = 0, log: /tmp/ktest-results/lustre_mainline_strict.log)
Job lustre_mainline completed: SUCCESS (return code = 0, log: /tmp/ktest-results/lustre_mainline.log)
Job lustre_mainline_native completed: SUCCESS (return code = 0, log: /tmp/ktest-results/lustre_mainline_native.log)
Starting job: clang-tidy (ktest-out: /tmp/ktest_lustre_mainline_native_s175bsb4)
Starting job: cc-plugin (ktest-out: /tmp/ktest_lustre_mainline_native_s175bsb4)
Starting job: boot (ktest-out: /tmp/ktest_lustre_mainline_native_s175bsb4)
Starting job: llmount (ktest-out: /tmp/ktest_lustre_mainline_native_s175bsb4)
Starting job: llog-unit (ktest-out: /tmp/ktest_lustre_mainline_native_s175bsb4)
Starting job: mgs-setup (ktest-out: /tmp/ktest_lustre_mainline_native_s175bsb4)
Starting job: sanity-1 (ktest-out: /tmp/ktest_lustre_mainline_native_s175bsb4)
Starting job: sanity-2 (ktest-out: /tmp/ktest_lustre_mainline_native_s175bsb4)
Starting job: sanity-3 (ktest-out: /tmp/ktest_lustre_mainline_native_s175bsb4)
Starting job: sanity-4 (ktest-out: /tmp/ktest_lustre_mainline_native_s175bsb4)
put_archive(/tmp/ktest_lustre_mainline_native_s175bsb4.tar): 13.10s
put_archive(/tmp/ktest_lustre_mainline_native_s175bsb4.tar): 15.91s
put_archive(/tmp/ktest-kernel.tar.gz): 16.33s
put_archive(/tmp/ktest-lustre.tar.gz): 43.89s
put_archive(/tmp/ktest-kernel.tar.gz): 49.31s
put_archive(/tmp/ktest_lustre_mainline_native_s175bsb4.tar): 49.33s
put_archive(/tmp/ktest_lustre_mainline_native_s175bsb4.tar): 49.61s
put_archive(/tmp/ktest_lustre_mainline_native_s175bsb4.tar): 49.37s
put_archive(/tmp/ktest-lustre.tar.gz): 54.18s
put_archive(/tmp/ktest_lustre_mainline_native_s175bsb4.tar): 53.73s
put_archive(/tmp/ktest_lustre_mainline_native_s175bsb4.tar): 53.63s
put_archive(/tmp/ktest_lustre_mainline_native_s175bsb4.tar): 53.63s
put_archive(/tmp/ktest_lustre_mainline_native_s175bsb4.tar): 59.96s
put_archive(/tmp/ktest_lustre_mainline_native_s175bsb4.tar): 41.27s
Job clang-tidy completed: SUCCESS (return code = 0, log: /tmp/ktest-results/clang-tidy.log)
Job sanity-4 completed: SUCCESS (return code = 0, log: /tmp/ktest-results/sanity-4.log)
Job cc-plugin completed: FAILED (return code = 127, log: /tmp/ktest-results/cc-plugin.log)
Job llog-unit completed: SUCCESS (return code = 0, log: /tmp/ktest-results/llog-unit.log)
Job boot completed: SUCCESS (return code = 0, log: /tmp/ktest-results/boot.log)
Job mgs-setup completed: SUCCESS (return code = 0, log: /tmp/ktest-results/mgs-setup.log)
Job sanity-1 completed: SUCCESS (return code = 0, log: /tmp/ktest-results/sanity-1.log)
Job llmount completed: SUCCESS (return code = 0, log: /tmp/ktest-results/llmount.log)
Job sanity-3 completed: SUCCESS (return code = 0, log: /tmp/ktest-results/sanity-3.log)
Job sanity-2 completed: SUCCESS (return code = 0, log: /tmp/ktest-results/sanity-2.log)

============================================================
Final Results:
  checkpatch: FAILED (return code = 1, log: /tmp/ktest-results/checkpatch.log)
  lustre_u24: SUCCESS (return code = 0, log: /tmp/ktest-results/lustre_u24.log)
  lustre_al2023: SUCCESS (return code = 0, log: /tmp/ktest-results/lustre_al2023.log)
  lustre_mainline_strict: SUCCESS (return code = 0, log: /tmp/ktest-results/lustre_mainline_strict.log)
  lustre_mainline: SUCCESS (return code = 0, log: /tmp/ktest-results/lustre_mainline.log)
  lustre_mainline_native: SUCCESS (return code = 0, log: /tmp/ktest-results/lustre_mainline_native.log)
  clang-tidy: SUCCESS (return code = 0, log: /tmp/ktest-results/clang-tidy.log)
  cc-plugin: FAILED (return code = 127, log: /tmp/ktest-results/cc-plugin.log)
  boot: SUCCESS (return code = 0, log: /tmp/ktest-results/boot.log)
  llmount: SUCCESS (return code = 0, log: /tmp/ktest-results/llmount.log)
  llog-unit: SUCCESS (return code = 0, log: /tmp/ktest-results/llog-unit.log)
  mgs-setup: SUCCESS (return code = 0, log: /tmp/ktest-results/mgs-setup.log)
  sanity-1: SUCCESS (return code = 0, log: /tmp/ktest-results/sanity-1.log)
  sanity-2: SUCCESS (return code = 0, log: /tmp/ktest-results/sanity-2.log)
  sanity-3: SUCCESS (return code = 0, log: /tmp/ktest-results/sanity-3.log)
  sanity-4: SUCCESS (return code = 0, log: /tmp/ktest-results/sanity-4.log)