<html lang="en">
<body>
<pre>
Creating kernel tarball at /tmp/ktest-kernel.tar.gz...
Creating lustre tarball at /tmp/ktest-lustre.tar.gz...
Executing 16 jobs with dependencies
Jobs will start as soon as their dependencies are satisfied

Starting job: lustre_mainline_native (ktest-out: /tmp/ktest_lustre_mainline_native_j6erkheo)
Starting job: lustre_al2023 (ktest-out: /tmp/ktest_lustre_al2023_xd1jlvu3)
Starting job: lustre_u24 (ktest-out: /tmp/ktest_lustre_u24_n3tn3x0_)
Starting job: lustre_mainline_strict (ktest-out: /tmp/ktest_lustre_mainline_strict_ly4hjk4i)
Starting job: checkpatch (ktest-out: /tmp/ktest_checkpatch_o4mr2q4p)
Starting job: lustre_mainline (ktest-out: /tmp/ktest_lustre_mainline_7t_xe7cl)
put_archive(/tmp/ktest-kernel.tar.gz): 6.70s
put_archive(/tmp/ktest-kernel.tar.gz): 6.81s
put_archive(/tmp/ktest-kernel.tar.gz): 6.58s
put_archive(/tmp/ktest-kernel.tar.gz): 6.72s
put_archive(/tmp/ktest-kernel.tar.gz): 7.33s
put_archive(/tmp/ktest-kernel.tar.gz): 6.84s
put_archive(/tmp/ktest-lustre.tar.gz): 1.78s
put_archive(/tmp/ktest-lustre.tar.gz): 1.65s
put_archive(/tmp/ktest-lustre.tar.gz): 1.93s
put_archive(/tmp/ktest-lustre.tar.gz): 1.55s
put_archive(/tmp/ktest-lustre.tar.gz): 1.43s
put_archive(/tmp/ktest-lustre.tar.gz): 2.43s
Job checkpatch completed: SUCCESS (return code = 0, log: /tmp/ktest-results/checkpatch.log)
Job lustre_al2023 completed: SUCCESS (return code = 0, log: /tmp/ktest-results/lustre_al2023.log)
Job lustre_u24 completed: SUCCESS (return code = 0, log: /tmp/ktest-results/lustre_u24.log)
get_archive(ktest-out): 4.49s
Job lustre_mainline_strict completed: FAILED (return code = 1, log: /tmp/ktest-results/lustre_mainline_strict.log)
get_archive(ktest-out): 3.07s
get_archive(ktest-out): 3.17s
Job lustre_mainline completed: SUCCESS (return code = 0, log: /tmp/ktest-results/lustre_mainline.log)
Job lustre_mainline_native completed: SUCCESS (return code = 0, log: /tmp/ktest-results/lustre_mainline_native.log)
Starting job: clang-tidy (ktest-out: /tmp/ktest_lustre_mainline_native_j6erkheo)
Starting job: cc-plugin (ktest-out: /tmp/ktest_lustre_mainline_native_j6erkheo)
Starting job: boot (ktest-out: /tmp/ktest_lustre_mainline_native_j6erkheo)
Starting job: llmount (ktest-out: /tmp/ktest_lustre_mainline_native_j6erkheo)
Starting job: llog-unit (ktest-out: /tmp/ktest_lustre_mainline_native_j6erkheo)
Starting job: mgs-setup (ktest-out: /tmp/ktest_lustre_mainline_native_j6erkheo)
Starting job: sanity-1 (ktest-out: /tmp/ktest_lustre_mainline_native_j6erkheo)
Starting job: sanity-2 (ktest-out: /tmp/ktest_lustre_mainline_native_j6erkheo)
Starting job: sanity-3 (ktest-out: /tmp/ktest_lustre_mainline_native_j6erkheo)
Starting job: sanity-4 (ktest-out: /tmp/ktest_lustre_mainline_native_j6erkheo)
put_archive(/tmp/ktest_lustre_mainline_native_j6erkheo.tar): 3.01s
put_archive(/tmp/ktest_lustre_mainline_native_j6erkheo.tar): 3.53s
put_archive(/tmp/ktest-kernel.tar.gz): 6.03s
put_archive(/tmp/ktest_lustre_mainline_native_j6erkheo.tar): 7.79s
put_archive(/tmp/ktest_lustre_mainline_native_j6erkheo.tar): 8.88s
put_archive(/tmp/ktest-lustre.tar.gz): 13.12s
put_archive(/tmp/ktest_lustre_mainline_native_j6erkheo.tar): 11.61s
put_archive(/tmp/ktest-kernel.tar.gz): 12.72s
put_archive(/tmp/ktest_lustre_mainline_native_j6erkheo.tar): 13.21s
put_archive(/tmp/ktest_lustre_mainline_native_j6erkheo.tar): 13.13s
put_archive(/tmp/ktest_lustre_mainline_native_j6erkheo.tar): 6.38s
put_archive(/tmp/ktest-lustre.tar.gz): 9.46s
put_archive(/tmp/ktest_lustre_mainline_native_j6erkheo.tar): 10.65s
Job cc-plugin completed: FAILED (return code = 127, log: /tmp/ktest-results/cc-plugin.log)
put_archive(/tmp/ktest_lustre_mainline_native_j6erkheo.tar): 2.86s
Job boot completed: SUCCESS (return code = 0, log: /tmp/ktest-results/boot.log)
Job mgs-setup completed: SUCCESS (return code = 0, log: /tmp/ktest-results/mgs-setup.log)
Job clang-tidy completed: SUCCESS (return code = 0, log: /tmp/ktest-results/clang-tidy.log)
Job sanity-3 completed: SUCCESS (return code = 0, log: /tmp/ktest-results/sanity-3.log)
Job sanity-4 completed: SUCCESS (return code = 0, log: /tmp/ktest-results/sanity-4.log)
Job sanity-1 completed: SUCCESS (return code = 0, log: /tmp/ktest-results/sanity-1.log)
Job llog-unit completed: SUCCESS (return code = 0, log: /tmp/ktest-results/llog-unit.log)
Job sanity-2 completed: SUCCESS (return code = 0, log: /tmp/ktest-results/sanity-2.log)
Job llmount completed: SUCCESS (return code = 0, log: /tmp/ktest-results/llmount.log)

============================================================
Final Results:
  checkpatch: SUCCESS (return code = 0, log: /tmp/ktest-results/checkpatch.log)
  lustre_u24: SUCCESS (return code = 0, log: /tmp/ktest-results/lustre_u24.log)
  lustre_al2023: SUCCESS (return code = 0, log: /tmp/ktest-results/lustre_al2023.log)
  lustre_mainline_strict: FAILED (return code = 1, log: /tmp/ktest-results/lustre_mainline_strict.log)
  lustre_mainline: SUCCESS (return code = 0, log: /tmp/ktest-results/lustre_mainline.log)
  lustre_mainline_native: SUCCESS (return code = 0, log: /tmp/ktest-results/lustre_mainline_native.log)
  clang-tidy: SUCCESS (return code = 0, log: /tmp/ktest-results/clang-tidy.log)
  cc-plugin: FAILED (return code = 127, log: /tmp/ktest-results/cc-plugin.log)
  boot: SUCCESS (return code = 0, log: /tmp/ktest-results/boot.log)
  llmount: SUCCESS (return code = 0, log: /tmp/ktest-results/llmount.log)
  llog-unit: SUCCESS (return code = 0, log: /tmp/ktest-results/llog-unit.log)
  mgs-setup: SUCCESS (return code = 0, log: /tmp/ktest-results/mgs-setup.log)
  sanity-1: SUCCESS (return code = 0, log: /tmp/ktest-results/sanity-1.log)
  sanity-2: SUCCESS (return code = 0, log: /tmp/ktest-results/sanity-2.log)
  sanity-3: SUCCESS (return code = 0, log: /tmp/ktest-results/sanity-3.log)
  sanity-4: SUCCESS (return code = 0, log: /tmp/ktest-results/sanity-4.log)
</pre>
</body>
</html>
