<html lang="en">
<body>
<pre>
Creating kernel tarball at /tmp/ktest-kernel.tar.gz...
Creating lustre tarball at /tmp/ktest-lustre.tar.gz...
Executing 16 jobs with dependencies
Jobs will start as soon as their dependencies are satisfied

Starting job: lustre_mainline_strict (ktest-out: /tmp/ktest_lustre_mainline_strict_rxfmmmpd)
Starting job: lustre_al2023 (ktest-out: /tmp/ktest_lustre_al2023_y5ruf1mv)
Starting job: lustre_u24 (ktest-out: /tmp/ktest_lustre_u24_wukyqdxd)
Starting job: lustre_mainline (ktest-out: /tmp/ktest_lustre_mainline_hokrbj31)
Starting job: lustre_mainline_native (ktest-out: /tmp/ktest_lustre_mainline_native_kwal5b9w)
Starting job: checkpatch (ktest-out: /tmp/ktest_checkpatch_d4d62xu5)
put_archive(/tmp/ktest-kernel.tar.gz): 6.96s
put_archive(/tmp/ktest-kernel.tar.gz): 7.32s
put_archive(/tmp/ktest-kernel.tar.gz): 7.93s
put_archive(/tmp/ktest-kernel.tar.gz): 6.92s
put_archive(/tmp/ktest-kernel.tar.gz): 7.59s
put_archive(/tmp/ktest-kernel.tar.gz): 7.79s
put_archive(/tmp/ktest-lustre.tar.gz): 6.67s
put_archive(/tmp/ktest-lustre.tar.gz): 6.95s
put_archive(/tmp/ktest-lustre.tar.gz): 6.42s
put_archive(/tmp/ktest-lustre.tar.gz): 6.59s
put_archive(/tmp/ktest-lustre.tar.gz): 6.89s
put_archive(/tmp/ktest-lustre.tar.gz): 7.74s
Job checkpatch completed: SUCCESS (return code = 0, log: /tmp/ktest-results/checkpatch.log)
Job lustre_al2023 completed: SUCCESS (return code = 0, log: /tmp/ktest-results/lustre_al2023.log)
Job lustre_u24 completed: SUCCESS (return code = 0, log: /tmp/ktest-results/lustre_u24.log)
get_archive(ktest-out): 4.52s
Job lustre_mainline_strict completed: FAILED (return code = 1, log: /tmp/ktest-results/lustre_mainline_strict.log)
get_archive(ktest-out): 3.17s
get_archive(ktest-out): 3.26s
Job lustre_mainline_native completed: SUCCESS (return code = 0, log: /tmp/ktest-results/lustre_mainline_native.log)
Starting job: clang-tidy (ktest-out: /tmp/ktest_lustre_mainline_native_kwal5b9w)
Starting job: cc-plugin (ktest-out: /tmp/ktest_lustre_mainline_native_kwal5b9w)
Starting job: boot (ktest-out: /tmp/ktest_lustre_mainline_native_kwal5b9w)
Starting job: llmount (ktest-out: /tmp/ktest_lustre_mainline_native_kwal5b9w)
Starting job: llog-unit (ktest-out: /tmp/ktest_lustre_mainline_native_kwal5b9w)
Starting job: mgs-setup (ktest-out: /tmp/ktest_lustre_mainline_native_kwal5b9w)
Starting job: sanity-1 (ktest-out: /tmp/ktest_lustre_mainline_native_kwal5b9w)
Starting job: sanity-2 (ktest-out: /tmp/ktest_lustre_mainline_native_kwal5b9w)
Starting job: sanity-3 (ktest-out: /tmp/ktest_lustre_mainline_native_kwal5b9w)
Starting job: sanity-4 (ktest-out: /tmp/ktest_lustre_mainline_native_kwal5b9w)
Job lustre_mainline completed: SUCCESS (return code = 0, log: /tmp/ktest-results/lustre_mainline.log)
put_archive(/tmp/ktest_lustre_mainline_native_kwal5b9w.tar): 9.20s
put_archive(/tmp/ktest_lustre_mainline_native_kwal5b9w.tar): 8.67s
put_archive(/tmp/ktest_lustre_mainline_native_kwal5b9w.tar): 3.64s
put_archive(/tmp/ktest_lustre_mainline_native_kwal5b9w.tar): 37.57s
put_archive(/tmp/ktest-kernel.tar.gz): 41.21s
put_archive(/tmp/ktest_lustre_mainline_native_kwal5b9w.tar): 37.49s
put_archive(/tmp/ktest_lustre_mainline_native_kwal5b9w.tar): 37.79s
put_archive(/tmp/ktest_lustre_mainline_native_kwal5b9w.tar): 37.45s
put_archive(/tmp/ktest-lustre.tar.gz): 45.12s
put_archive(/tmp/ktest_lustre_mainline_native_kwal5b9w.tar): 46.39s
put_archive(/tmp/ktest-kernel.tar.gz): 46.92s
put_archive(/tmp/ktest_lustre_mainline_native_kwal5b9w.tar): 15.35s
put_archive(/tmp/ktest-lustre.tar.gz): 13.74s
Job boot completed: SUCCESS (return code = 0, log: /tmp/ktest-results/boot.log)
put_archive(/tmp/ktest_lustre_mainline_native_kwal5b9w.tar): 7.76s
Job cc-plugin completed: FAILED (return code = 127, log: /tmp/ktest-results/cc-plugin.log)
Job mgs-setup completed: SUCCESS (return code = 0, log: /tmp/ktest-results/mgs-setup.log)
Job clang-tidy completed: SUCCESS (return code = 0, log: /tmp/ktest-results/clang-tidy.log)
Job sanity-3 completed: SUCCESS (return code = 0, log: /tmp/ktest-results/sanity-3.log)
Job llmount completed: SUCCESS (return code = 0, log: /tmp/ktest-results/llmount.log)
Job sanity-2 completed: SUCCESS (return code = 0, log: /tmp/ktest-results/sanity-2.log)
Job sanity-4 completed: SUCCESS (return code = 0, log: /tmp/ktest-results/sanity-4.log)
Job llog-unit completed: SUCCESS (return code = 0, log: /tmp/ktest-results/llog-unit.log)
Job sanity-1 completed: SUCCESS (return code = 0, log: /tmp/ktest-results/sanity-1.log)

============================================================
Final Results:
  checkpatch: SUCCESS (return code = 0, log: /tmp/ktest-results/checkpatch.log)
  lustre_u24: SUCCESS (return code = 0, log: /tmp/ktest-results/lustre_u24.log)
  lustre_al2023: SUCCESS (return code = 0, log: /tmp/ktest-results/lustre_al2023.log)
  lustre_mainline_strict: FAILED (return code = 1, log: /tmp/ktest-results/lustre_mainline_strict.log)
  lustre_mainline: SUCCESS (return code = 0, log: /tmp/ktest-results/lustre_mainline.log)
  lustre_mainline_native: SUCCESS (return code = 0, log: /tmp/ktest-results/lustre_mainline_native.log)
  clang-tidy: SUCCESS (return code = 0, log: /tmp/ktest-results/clang-tidy.log)
  cc-plugin: FAILED (return code = 127, log: /tmp/ktest-results/cc-plugin.log)
  boot: SUCCESS (return code = 0, log: /tmp/ktest-results/boot.log)
  llmount: SUCCESS (return code = 0, log: /tmp/ktest-results/llmount.log)
  llog-unit: SUCCESS (return code = 0, log: /tmp/ktest-results/llog-unit.log)
  mgs-setup: SUCCESS (return code = 0, log: /tmp/ktest-results/mgs-setup.log)
  sanity-1: SUCCESS (return code = 0, log: /tmp/ktest-results/sanity-1.log)
  sanity-2: SUCCESS (return code = 0, log: /tmp/ktest-results/sanity-2.log)
  sanity-3: SUCCESS (return code = 0, log: /tmp/ktest-results/sanity-3.log)
  sanity-4: SUCCESS (return code = 0, log: /tmp/ktest-results/sanity-4.log)
</pre>
</body>
</html>
