Creating kernel tarball at /tmp/ktest-kernel.tar.gz...
Creating lustre tarball at /tmp/ktest-lustre.tar.gz...
Executing 16 jobs with dependencies
Jobs will start as soon as their dependencies are satisfied

Starting job: lustre_mainline_native (ktest-out: /tmp/ktest_lustre_mainline_native_7u8jrzbw)
Starting job: lustre_mainline (ktest-out: /tmp/ktest_lustre_mainline_tp1bwa1c)
Starting job: lustre_al2023 (ktest-out: /tmp/ktest_lustre_al2023_15ws9vzz)
Starting job: checkpatch (ktest-out: /tmp/ktest_checkpatch_4daw5d34)
Starting job: lustre_mainline_strict (ktest-out: /tmp/ktest_lustre_mainline_strict_bno6poif)
Starting job: lustre_u24 (ktest-out: /tmp/ktest_lustre_u24_l7o0jyj3)
put_archive(/tmp/ktest-kernel.tar.gz): 6.77s
put_archive(/tmp/ktest-kernel.tar.gz): 7.14s
put_archive(/tmp/ktest-kernel.tar.gz): 7.45s
put_archive(/tmp/ktest-kernel.tar.gz): 7.64s
put_archive(/tmp/ktest-kernel.tar.gz): 7.37s
put_archive(/tmp/ktest-kernel.tar.gz): 7.36s
put_archive(/tmp/ktest-lustre.tar.gz): 8.63s
put_archive(/tmp/ktest-lustre.tar.gz): 6.48s
put_archive(/tmp/ktest-lustre.tar.gz): 6.93s
put_archive(/tmp/ktest-lustre.tar.gz): 6.66s
put_archive(/tmp/ktest-lustre.tar.gz): 7.11s
put_archive(/tmp/ktest-lustre.tar.gz): 6.84s
Job checkpatch completed: SUCCESS (return code = 0, log: /tmp/ktest-results/checkpatch.log)
Job lustre_u24 completed: SUCCESS (return code = 0, log: /tmp/ktest-results/lustre_u24.log)
Job lustre_al2023 completed: SUCCESS (return code = 0, log: /tmp/ktest-results/lustre_al2023.log)
get_archive(ktest-out): 4.92s
Job lustre_mainline_strict completed: FAILED (return code = 1, log: /tmp/ktest-results/lustre_mainline_strict.log)
get_archive(ktest-out): 3.03s
get_archive(ktest-out): 3.10s
Job lustre_mainline completed: SUCCESS (return code = 0, log: /tmp/ktest-results/lustre_mainline.log)
Job lustre_mainline_native completed: SUCCESS (return code = 0, log: /tmp/ktest-results/lustre_mainline_native.log)
Starting job: clang-tidy (ktest-out: /tmp/ktest_lustre_mainline_native_7u8jrzbw)
Starting job: cc-plugin (ktest-out: /tmp/ktest_lustre_mainline_native_7u8jrzbw)
Starting job: boot (ktest-out: /tmp/ktest_lustre_mainline_native_7u8jrzbw)
Starting job: llmount (ktest-out: /tmp/ktest_lustre_mainline_native_7u8jrzbw)
Starting job: llog-unit (ktest-out: /tmp/ktest_lustre_mainline_native_7u8jrzbw)
Starting job: mgs-setup (ktest-out: /tmp/ktest_lustre_mainline_native_7u8jrzbw)
Starting job: sanity-1 (ktest-out: /tmp/ktest_lustre_mainline_native_7u8jrzbw)
Starting job: sanity-2 (ktest-out: /tmp/ktest_lustre_mainline_native_7u8jrzbw)
Starting job: sanity-3 (ktest-out: /tmp/ktest_lustre_mainline_native_7u8jrzbw)
Starting job: sanity-4 (ktest-out: /tmp/ktest_lustre_mainline_native_7u8jrzbw)
put_archive(/tmp/ktest_lustre_mainline_native_7u8jrzbw.tar): 4.52s
put_archive(/tmp/ktest_lustre_mainline_native_7u8jrzbw.tar): 5.04s
put_archive(/tmp/ktest_lustre_mainline_native_7u8jrzbw.tar): 33.79s
put_archive(/tmp/ktest_lustre_mainline_native_7u8jrzbw.tar): 39.48s
put_archive(/tmp/ktest_lustre_mainline_native_7u8jrzbw.tar): 33.75s
put_archive(/tmp/ktest_lustre_mainline_native_7u8jrzbw.tar): 33.99s
put_archive(/tmp/ktest-kernel.tar.gz): 39.97s
put_archive(/tmp/ktest-lustre.tar.gz): 55.48s
put_archive(/tmp/ktest_lustre_mainline_native_7u8jrzbw.tar): 55.80s
put_archive(/tmp/ktest_lustre_mainline_native_7u8jrzbw.tar): 55.08s
put_archive(/tmp/ktest-kernel.tar.gz): 55.32s
put_archive(/tmp/ktest-lustre.tar.gz): 21.01s
put_archive(/tmp/ktest_lustre_mainline_native_7u8jrzbw.tar): 21.27s
Job mgs-setup completed: SUCCESS (return code = 0, log: /tmp/ktest-results/mgs-setup.log)
put_archive(/tmp/ktest_lustre_mainline_native_7u8jrzbw.tar): 9.62s
Job boot completed: SUCCESS (return code = 0, log: /tmp/ktest-results/boot.log)
Job sanity-2 completed: SUCCESS (return code = 0, log: /tmp/ktest-results/sanity-2.log)
Job cc-plugin completed: FAILED (return code = 127, log: /tmp/ktest-results/cc-plugin.log)
Job clang-tidy completed: SUCCESS (return code = 0, log: /tmp/ktest-results/clang-tidy.log)
Job llmount completed: SUCCESS (return code = 0, log: /tmp/ktest-results/llmount.log)
Job sanity-3 completed: SUCCESS (return code = 0, log: /tmp/ktest-results/sanity-3.log)
Job sanity-4 completed: SUCCESS (return code = 0, log: /tmp/ktest-results/sanity-4.log)
Job sanity-1 completed: SUCCESS (return code = 0, log: /tmp/ktest-results/sanity-1.log)
Job llog-unit completed: SUCCESS (return code = 0, log: /tmp/ktest-results/llog-unit.log)

============================================================
Final Results:
  checkpatch: SUCCESS (return code = 0, log: /tmp/ktest-results/checkpatch.log)
  lustre_u24: SUCCESS (return code = 0, log: /tmp/ktest-results/lustre_u24.log)
  lustre_al2023: SUCCESS (return code = 0, log: /tmp/ktest-results/lustre_al2023.log)
  lustre_mainline_strict: FAILED (return code = 1, log: /tmp/ktest-results/lustre_mainline_strict.log)
  lustre_mainline: SUCCESS (return code = 0, log: /tmp/ktest-results/lustre_mainline.log)
  lustre_mainline_native: SUCCESS (return code = 0, log: /tmp/ktest-results/lustre_mainline_native.log)
  clang-tidy: SUCCESS (return code = 0, log: /tmp/ktest-results/clang-tidy.log)
  cc-plugin: FAILED (return code = 127, log: /tmp/ktest-results/cc-plugin.log)
  boot: SUCCESS (return code = 0, log: /tmp/ktest-results/boot.log)
  llmount: SUCCESS (return code = 0, log: /tmp/ktest-results/llmount.log)
  llog-unit: SUCCESS (return code = 0, log: /tmp/ktest-results/llog-unit.log)
  mgs-setup: SUCCESS (return code = 0, log: /tmp/ktest-results/mgs-setup.log)
  sanity-1: SUCCESS (return code = 0, log: /tmp/ktest-results/sanity-1.log)
  sanity-2: SUCCESS (return code = 0, log: /tmp/ktest-results/sanity-2.log)
  sanity-3: SUCCESS (return code = 0, log: /tmp/ktest-results/sanity-3.log)
  sanity-4: SUCCESS (return code = 0, log: /tmp/ktest-results/sanity-4.log)