<html lang="en">
<body>
<pre>
Creating kernel tarball at /tmp/ktest-kernel.tar.gz...
Creating lustre tarball at /tmp/ktest-lustre.tar.gz...
Executing 16 jobs with dependencies
Jobs will start as soon as their dependencies are satisfied

Starting job: lustre_mainline (ktest-out: /tmp/ktest_lustre_mainline_0k0405rb)
Starting job: checkpatch (ktest-out: /tmp/ktest_checkpatch_mn35dn82)
Starting job: lustre_al2023 (ktest-out: /tmp/ktest_lustre_al2023_cpilqpul)
Starting job: lustre_u24 (ktest-out: /tmp/ktest_lustre_u24_z9aucsux)
Starting job: lustre_mainline_native (ktest-out: /tmp/ktest_lustre_mainline_native_z0ai37oc)
Starting job: lustre_mainline_strict (ktest-out: /tmp/ktest_lustre_mainline_strict_1kl1r1xm)
put_archive(/tmp/ktest-kernel.tar.gz): 8.67s
put_archive(/tmp/ktest-kernel.tar.gz): 10.25s
put_archive(/tmp/ktest-kernel.tar.gz): 9.53s
put_archive(/tmp/ktest-kernel.tar.gz): 10.20s
put_archive(/tmp/ktest-kernel.tar.gz): 10.35s
put_archive(/tmp/ktest-kernel.tar.gz): 9.94s
put_archive(/tmp/ktest-lustre.tar.gz): 8.29s
put_archive(/tmp/ktest-lustre.tar.gz): 6.87s
put_archive(/tmp/ktest-lustre.tar.gz): 6.32s
put_archive(/tmp/ktest-lustre.tar.gz): 6.49s
put_archive(/tmp/ktest-lustre.tar.gz): 6.64s
put_archive(/tmp/ktest-lustre.tar.gz): 6.79s
Job checkpatch completed: SUCCESS (return code = 0, log: /tmp/ktest-results/checkpatch.log)
Job lustre_al2023 completed: SUCCESS (return code = 0, log: /tmp/ktest-results/lustre_al2023.log)
Job lustre_u24 completed: SUCCESS (return code = 0, log: /tmp/ktest-results/lustre_u24.log)
get_archive(ktest-out): 3.41s
Job lustre_mainline_strict completed: FAILED (return code = 1, log: /tmp/ktest-results/lustre_mainline_strict.log)
get_archive(ktest-out): 3.10s
get_archive(ktest-out): 3.18s
Job lustre_mainline completed: SUCCESS (return code = 0, log: /tmp/ktest-results/lustre_mainline.log)
Job lustre_mainline_native completed: SUCCESS (return code = 0, log: /tmp/ktest-results/lustre_mainline_native.log)
Starting job: clang-tidy (ktest-out: /tmp/ktest_lustre_mainline_native_z0ai37oc)
Starting job: cc-plugin (ktest-out: /tmp/ktest_lustre_mainline_native_z0ai37oc)
Starting job: boot (ktest-out: /tmp/ktest_lustre_mainline_native_z0ai37oc)
Starting job: llmount (ktest-out: /tmp/ktest_lustre_mainline_native_z0ai37oc)
Starting job: llog-unit (ktest-out: /tmp/ktest_lustre_mainline_native_z0ai37oc)
Starting job: mgs-setup (ktest-out: /tmp/ktest_lustre_mainline_native_z0ai37oc)
Starting job: sanity-1 (ktest-out: /tmp/ktest_lustre_mainline_native_z0ai37oc)
Starting job: sanity-2 (ktest-out: /tmp/ktest_lustre_mainline_native_z0ai37oc)
Starting job: sanity-3 (ktest-out: /tmp/ktest_lustre_mainline_native_z0ai37oc)
Starting job: sanity-4 (ktest-out: /tmp/ktest_lustre_mainline_native_z0ai37oc)
put_archive(/tmp/ktest_lustre_mainline_native_z0ai37oc.tar): 28.70s
put_archive(/tmp/ktest-kernel.tar.gz): 30.80s
put_archive(/tmp/ktest_lustre_mainline_native_z0ai37oc.tar): 29.75s
put_archive(/tmp/ktest_lustre_mainline_native_z0ai37oc.tar): 31.27s
put_archive(/tmp/ktest-kernel.tar.gz): 39.34s
put_archive(/tmp/ktest_lustre_mainline_native_z0ai37oc.tar): 39.81s
put_archive(/tmp/ktest-lustre.tar.gz): 59.18s
put_archive(/tmp/ktest-lustre.tar.gz): 49.94s
put_archive(/tmp/ktest_lustre_mainline_native_z0ai37oc.tar): 49.70s
put_archive(/tmp/ktest_lustre_mainline_native_z0ai37oc.tar): 49.17s
put_archive(/tmp/ktest_lustre_mainline_native_z0ai37oc.tar): 59.54s
put_archive(/tmp/ktest_lustre_mainline_native_z0ai37oc.tar): 49.27s
put_archive(/tmp/ktest_lustre_mainline_native_z0ai37oc.tar): 39.34s
put_archive(/tmp/ktest_lustre_mainline_native_z0ai37oc.tar): 39.35s
Job mgs-setup completed: SUCCESS (return code = 0, log: /tmp/ktest-results/mgs-setup.log)
Job cc-plugin completed: FAILED (return code = 127, log: /tmp/ktest-results/cc-plugin.log)
Job clang-tidy completed: SUCCESS (return code = 0, log: /tmp/ktest-results/clang-tidy.log)
Job boot completed: SUCCESS (return code = 0, log: /tmp/ktest-results/boot.log)
Job sanity-4 completed: SUCCESS (return code = 0, log: /tmp/ktest-results/sanity-4.log)
Job sanity-1 completed: SUCCESS (return code = 0, log: /tmp/ktest-results/sanity-1.log)
Job llmount completed: SUCCESS (return code = 0, log: /tmp/ktest-results/llmount.log)
Job sanity-2 completed: SUCCESS (return code = 0, log: /tmp/ktest-results/sanity-2.log)
Job sanity-3 completed: SUCCESS (return code = 0, log: /tmp/ktest-results/sanity-3.log)
Job llog-unit completed: SUCCESS (return code = 0, log: /tmp/ktest-results/llog-unit.log)

============================================================
Final Results:
  checkpatch: SUCCESS (return code = 0, log: /tmp/ktest-results/checkpatch.log)
  lustre_u24: SUCCESS (return code = 0, log: /tmp/ktest-results/lustre_u24.log)
  lustre_al2023: SUCCESS (return code = 0, log: /tmp/ktest-results/lustre_al2023.log)
  lustre_mainline_strict: FAILED (return code = 1, log: /tmp/ktest-results/lustre_mainline_strict.log)
  lustre_mainline: SUCCESS (return code = 0, log: /tmp/ktest-results/lustre_mainline.log)
  lustre_mainline_native: SUCCESS (return code = 0, log: /tmp/ktest-results/lustre_mainline_native.log)
  clang-tidy: SUCCESS (return code = 0, log: /tmp/ktest-results/clang-tidy.log)
  cc-plugin: FAILED (return code = 127, log: /tmp/ktest-results/cc-plugin.log)
  boot: SUCCESS (return code = 0, log: /tmp/ktest-results/boot.log)
  llmount: SUCCESS (return code = 0, log: /tmp/ktest-results/llmount.log)
  llog-unit: SUCCESS (return code = 0, log: /tmp/ktest-results/llog-unit.log)
  mgs-setup: SUCCESS (return code = 0, log: /tmp/ktest-results/mgs-setup.log)
  sanity-1: SUCCESS (return code = 0, log: /tmp/ktest-results/sanity-1.log)
  sanity-2: SUCCESS (return code = 0, log: /tmp/ktest-results/sanity-2.log)
  sanity-3: SUCCESS (return code = 0, log: /tmp/ktest-results/sanity-3.log)
  sanity-4: SUCCESS (return code = 0, log: /tmp/ktest-results/sanity-4.log)
</pre>
</body>
</html>
