<html lang="en">
<body>
<pre>
Creating kernel tarball at /tmp/ktest-kernel.tar.gz...
Creating lustre tarball at /tmp/ktest-lustre.tar.gz...
Executing 16 jobs with dependencies
Jobs will start as soon as their dependencies are satisfied

Starting job: lustre_u24 (ktest-out: /tmp/ktest_lustre_u24_jhyjeeyx)
Starting job: lustre_mainline (ktest-out: /tmp/ktest_lustre_mainline_qfoj4hor)
Starting job: lustre_al2023 (ktest-out: /tmp/ktest_lustre_al2023_chrzsp8p)
Starting job: lustre_mainline_strict (ktest-out: /tmp/ktest_lustre_mainline_strict_xuw0idyd)
Starting job: lustre_mainline_native (ktest-out: /tmp/ktest_lustre_mainline_native_e6299jh1)
Starting job: checkpatch (ktest-out: /tmp/ktest_checkpatch_miz0vw2_)
put_archive(/tmp/ktest-kernel.tar.gz): 6.66s
put_archive(/tmp/ktest-kernel.tar.gz): 6.32s
put_archive(/tmp/ktest-kernel.tar.gz): 7.68s
put_archive(/tmp/ktest-kernel.tar.gz): 6.74s
put_archive(/tmp/ktest-kernel.tar.gz): 6.05s
put_archive(/tmp/ktest-kernel.tar.gz): 7.40s
put_archive(/tmp/ktest-lustre.tar.gz): 4.63s
put_archive(/tmp/ktest-lustre.tar.gz): 3.73s
put_archive(/tmp/ktest-lustre.tar.gz): 3.34s
put_archive(/tmp/ktest-lustre.tar.gz): 3.48s
put_archive(/tmp/ktest-lustre.tar.gz): 3.92s
put_archive(/tmp/ktest-lustre.tar.gz): 3.66s
Job checkpatch completed: FAILED (return code = 1, log: /tmp/ktest-results/checkpatch.log)
Job lustre_al2023 completed: SUCCESS (return code = 0, log: /tmp/ktest-results/lustre_al2023.log)
Job lustre_u24 completed: SUCCESS (return code = 0, log: /tmp/ktest-results/lustre_u24.log)
get_archive(ktest-out): 3.50s
Job lustre_mainline_strict completed: FAILED (return code = 1, log: /tmp/ktest-results/lustre_mainline_strict.log)
get_archive(ktest-out): 3.14s
get_archive(ktest-out): 3.21s
Job lustre_mainline_native completed: SUCCESS (return code = 0, log: /tmp/ktest-results/lustre_mainline_native.log)
Starting job: clang-tidy (ktest-out: /tmp/ktest_lustre_mainline_native_e6299jh1)
Starting job: cc-plugin (ktest-out: /tmp/ktest_lustre_mainline_native_e6299jh1)
Starting job: boot (ktest-out: /tmp/ktest_lustre_mainline_native_e6299jh1)
Starting job: llmount (ktest-out: /tmp/ktest_lustre_mainline_native_e6299jh1)
Starting job: llog-unit (ktest-out: /tmp/ktest_lustre_mainline_native_e6299jh1)
Starting job: mgs-setup (ktest-out: /tmp/ktest_lustre_mainline_native_e6299jh1)
Starting job: sanity-1 (ktest-out: /tmp/ktest_lustre_mainline_native_e6299jh1)
Starting job: sanity-2 (ktest-out: /tmp/ktest_lustre_mainline_native_e6299jh1)
Starting job: sanity-3 (ktest-out: /tmp/ktest_lustre_mainline_native_e6299jh1)
Starting job: sanity-4 (ktest-out: /tmp/ktest_lustre_mainline_native_e6299jh1)
Job lustre_mainline completed: SUCCESS (return code = 0, log: /tmp/ktest-results/lustre_mainline.log)
put_archive(/tmp/ktest_lustre_mainline_native_e6299jh1.tar): 2.14s
put_archive(/tmp/ktest_lustre_mainline_native_e6299jh1.tar): 14.93s
put_archive(/tmp/ktest_lustre_mainline_native_e6299jh1.tar): 14.91s
put_archive(/tmp/ktest_lustre_mainline_native_e6299jh1.tar): 60.51s
put_archive(/tmp/ktest_lustre_mainline_native_e6299jh1.tar): 60.40s
put_archive(/tmp/ktest-kernel.tar.gz): 60.25s
put_archive(/tmp/ktest_lustre_mainline_native_e6299jh1.tar): 60.56s
put_archive(/tmp/ktest-kernel.tar.gz): 60.39s
put_archive(/tmp/ktest_lustre_mainline_native_e6299jh1.tar): 60.37s
put_archive(/tmp/ktest_lustre_mainline_native_e6299jh1.tar): 60.42s
put_archive(/tmp/ktest-lustre.tar.gz): 52.38s
put_archive(/tmp/ktest-lustre.tar.gz): 52.59s
Job mgs-setup completed: SUCCESS (return code = 0, log: /tmp/ktest-results/mgs-setup.log)
put_archive(/tmp/ktest_lustre_mainline_native_e6299jh1.tar): 20.43s
put_archive(/tmp/ktest_lustre_mainline_native_e6299jh1.tar): 20.55s
Job cc-plugin completed: FAILED (return code = 127, log: /tmp/ktest-results/cc-plugin.log)
Job sanity-2 completed: SUCCESS (return code = 0, log: /tmp/ktest-results/sanity-2.log)
Job clang-tidy completed: SUCCESS (return code = 0, log: /tmp/ktest-results/clang-tidy.log)
Job boot completed: SUCCESS (return code = 0, log: /tmp/ktest-results/boot.log)
Job sanity-4 completed: SUCCESS (return code = 0, log: /tmp/ktest-results/sanity-4.log)
Job sanity-3 completed: SUCCESS (return code = 0, log: /tmp/ktest-results/sanity-3.log)
Job sanity-1 completed: SUCCESS (return code = 0, log: /tmp/ktest-results/sanity-1.log)
Job llmount completed: SUCCESS (return code = 0, log: /tmp/ktest-results/llmount.log)
Job llog-unit completed: SUCCESS (return code = 0, log: /tmp/ktest-results/llog-unit.log)

============================================================
Final Results:
  checkpatch: FAILED (return code = 1, log: /tmp/ktest-results/checkpatch.log)
  lustre_u24: SUCCESS (return code = 0, log: /tmp/ktest-results/lustre_u24.log)
  lustre_al2023: SUCCESS (return code = 0, log: /tmp/ktest-results/lustre_al2023.log)
  lustre_mainline_strict: FAILED (return code = 1, log: /tmp/ktest-results/lustre_mainline_strict.log)
  lustre_mainline: SUCCESS (return code = 0, log: /tmp/ktest-results/lustre_mainline.log)
  lustre_mainline_native: SUCCESS (return code = 0, log: /tmp/ktest-results/lustre_mainline_native.log)
  clang-tidy: SUCCESS (return code = 0, log: /tmp/ktest-results/clang-tidy.log)
  cc-plugin: FAILED (return code = 127, log: /tmp/ktest-results/cc-plugin.log)
  boot: SUCCESS (return code = 0, log: /tmp/ktest-results/boot.log)
  llmount: SUCCESS (return code = 0, log: /tmp/ktest-results/llmount.log)
  llog-unit: SUCCESS (return code = 0, log: /tmp/ktest-results/llog-unit.log)
  mgs-setup: SUCCESS (return code = 0, log: /tmp/ktest-results/mgs-setup.log)
  sanity-1: SUCCESS (return code = 0, log: /tmp/ktest-results/sanity-1.log)
  sanity-2: SUCCESS (return code = 0, log: /tmp/ktest-results/sanity-2.log)
  sanity-3: SUCCESS (return code = 0, log: /tmp/ktest-results/sanity-3.log)
  sanity-4: SUCCESS (return code = 0, log: /tmp/ktest-results/sanity-4.log)
</pre>
</body>
</html>
