Creating kernel tarball at /tmp/ktest-kernel.tar.gz...
Creating lustre tarball at /tmp/ktest-lustre.tar.gz...
Executing 16 jobs with dependencies
Jobs will start as soon as their dependencies are satisfied

Starting job: lustre_mainline_strict (ktest-out: /tmp/ktest_lustre_mainline_strict_deckiwac)
Starting job: checkpatch (ktest-out: /tmp/ktest_checkpatch_vw6obiiu)
Starting job: lustre_mainline_native (ktest-out: /tmp/ktest_lustre_mainline_native_bbrikfnm)
Starting job: lustre_u24 (ktest-out: /tmp/ktest_lustre_u24_pn89k_y3)
Starting job: lustre_al2023 (ktest-out: /tmp/ktest_lustre_al2023_c7ld5iwr)
Starting job: lustre_mainline (ktest-out: /tmp/ktest_lustre_mainline_36tpv96x)
put_archive(/tmp/ktest-kernel.tar.gz): 10.77s
put_archive(/tmp/ktest-kernel.tar.gz): 12.34s
put_archive(/tmp/ktest-kernel.tar.gz): 12.19s
put_archive(/tmp/ktest-kernel.tar.gz): 12.64s
put_archive(/tmp/ktest-kernel.tar.gz): 12.58s
put_archive(/tmp/ktest-kernel.tar.gz): 12.86s
put_archive(/tmp/ktest-lustre.tar.gz): 10.10s
put_archive(/tmp/ktest-lustre.tar.gz): 7.67s
put_archive(/tmp/ktest-lustre.tar.gz): 7.41s
put_archive(/tmp/ktest-lustre.tar.gz): 7.84s
put_archive(/tmp/ktest-lustre.tar.gz): 8.01s
put_archive(/tmp/ktest-lustre.tar.gz): 7.58s
Job checkpatch completed: SUCCESS (return code = 0, log: /tmp/ktest-results/checkpatch.log)
Job lustre_u24 completed: SUCCESS (return code = 0, log: /tmp/ktest-results/lustre_u24.log)
Job lustre_al2023 completed: SUCCESS (return code = 0, log: /tmp/ktest-results/lustre_al2023.log)
get_archive(ktest-out): 3.99s
Job lustre_mainline_strict completed: FAILED (return code = 1, log: /tmp/ktest-results/lustre_mainline_strict.log)
get_archive(ktest-out): 3.08s
get_archive(ktest-out): 3.16s
Job lustre_mainline completed: SUCCESS (return code = 0, log: /tmp/ktest-results/lustre_mainline.log)
Job lustre_mainline_native completed: SUCCESS (return code = 0, log: /tmp/ktest-results/lustre_mainline_native.log)
Starting job: clang-tidy (ktest-out: /tmp/ktest_lustre_mainline_native_bbrikfnm)
Starting job: cc-plugin (ktest-out: /tmp/ktest_lustre_mainline_native_bbrikfnm)
Starting job: boot (ktest-out: /tmp/ktest_lustre_mainline_native_bbrikfnm)
Starting job: llmount (ktest-out: /tmp/ktest_lustre_mainline_native_bbrikfnm)
Starting job: llog-unit (ktest-out: /tmp/ktest_lustre_mainline_native_bbrikfnm)
Starting job: mgs-setup (ktest-out: /tmp/ktest_lustre_mainline_native_bbrikfnm)
Starting job: sanity-1 (ktest-out: /tmp/ktest_lustre_mainline_native_bbrikfnm)
Starting job: sanity-2 (ktest-out: /tmp/ktest_lustre_mainline_native_bbrikfnm)
Starting job: sanity-3 (ktest-out: /tmp/ktest_lustre_mainline_native_bbrikfnm)
Starting job: sanity-4 (ktest-out: /tmp/ktest_lustre_mainline_native_bbrikfnm)
put_archive(/tmp/ktest_lustre_mainline_native_bbrikfnm.tar): 1.76s
put_archive(/tmp/ktest_lustre_mainline_native_bbrikfnm.tar): 10.13s
put_archive(/tmp/ktest_lustre_mainline_native_bbrikfnm.tar): 17.02s
put_archive(/tmp/ktest_lustre_mainline_native_bbrikfnm.tar): 17.09s
put_archive(/tmp/ktest_lustre_mainline_native_bbrikfnm.tar): 45.35s
put_archive(/tmp/ktest-kernel.tar.gz): 45.63s
put_archive(/tmp/ktest-lustre.tar.gz): 34.74s
put_archive(/tmp/ktest_lustre_mainline_native_bbrikfnm.tar): 34.47s
put_archive(/tmp/ktest_lustre_mainline_native_bbrikfnm.tar): 34.42s
put_archive(/tmp/ktest_lustre_mainline_native_bbrikfnm.tar): 34.57s
put_archive(/tmp/ktest-kernel.tar.gz): 34.94s
put_archive(/tmp/ktest_lustre_mainline_native_bbrikfnm.tar): 43.90s
put_archive(/tmp/ktest-lustre.tar.gz): 43.75s
Job boot completed: SUCCESS (return code = 0, log: /tmp/ktest-results/boot.log)
Job mgs-setup completed: SUCCESS (return code = 0, log: /tmp/ktest-results/mgs-setup.log)
put_archive(/tmp/ktest_lustre_mainline_native_bbrikfnm.tar): 9.90s
Job llmount completed: SUCCESS (return code = 0, log: /tmp/ktest-results/llmount.log)
Job cc-plugin completed: FAILED (return code = 127, log: /tmp/ktest-results/cc-plugin.log)
Job sanity-2 completed: SUCCESS (return code = 0, log: /tmp/ktest-results/sanity-2.log)
Job clang-tidy completed: SUCCESS (return code = 0, log: /tmp/ktest-results/clang-tidy.log)
Job llog-unit completed: SUCCESS (return code = 0, log: /tmp/ktest-results/llog-unit.log)
Job sanity-1 completed: SUCCESS (return code = 0, log: /tmp/ktest-results/sanity-1.log)
Job sanity-4 completed: SUCCESS (return code = 0, log: /tmp/ktest-results/sanity-4.log)
Job sanity-3 completed: SUCCESS (return code = 0, log: /tmp/ktest-results/sanity-3.log)

============================================================
Final Results:
  checkpatch: SUCCESS (return code = 0, log: /tmp/ktest-results/checkpatch.log)
  lustre_u24: SUCCESS (return code = 0, log: /tmp/ktest-results/lustre_u24.log)
  lustre_al2023: SUCCESS (return code = 0, log: /tmp/ktest-results/lustre_al2023.log)
  lustre_mainline_strict: FAILED (return code = 1, log: /tmp/ktest-results/lustre_mainline_strict.log)
  lustre_mainline: SUCCESS (return code = 0, log: /tmp/ktest-results/lustre_mainline.log)
  lustre_mainline_native: SUCCESS (return code = 0, log: /tmp/ktest-results/lustre_mainline_native.log)
  clang-tidy: SUCCESS (return code = 0, log: /tmp/ktest-results/clang-tidy.log)
  cc-plugin: FAILED (return code = 127, log: /tmp/ktest-results/cc-plugin.log)
  boot: SUCCESS (return code = 0, log: /tmp/ktest-results/boot.log)
  llmount: SUCCESS (return code = 0, log: /tmp/ktest-results/llmount.log)
  llog-unit: SUCCESS (return code = 0, log: /tmp/ktest-results/llog-unit.log)
  mgs-setup: SUCCESS (return code = 0, log: /tmp/ktest-results/mgs-setup.log)
  sanity-1: SUCCESS (return code = 0, log: /tmp/ktest-results/sanity-1.log)
  sanity-2: SUCCESS (return code = 0, log: /tmp/ktest-results/sanity-2.log)
  sanity-3: SUCCESS (return code = 0, log: /tmp/ktest-results/sanity-3.log)
  sanity-4: SUCCESS (return code = 0, log: /tmp/ktest-results/sanity-4.log)