Creating kernel tarball at /tmp/ktest-kernel.tar.gz...
Creating lustre tarball at /tmp/ktest-lustre.tar.gz...
Executing 16 jobs with dependencies
Jobs will start as soon as their dependencies are satisfied

Starting job: lustre_mainline (ktest-out: /tmp/ktest_lustre_mainline_xdkcfm2x)
Starting job: checkpatch (ktest-out: /tmp/ktest_checkpatch_saq3ei2a)
Starting job: lustre_al2023 (ktest-out: /tmp/ktest_lustre_al2023_fjdjaj_g)
Starting job: lustre_u24 (ktest-out: /tmp/ktest_lustre_u24_4hknrbxi)
Starting job: lustre_mainline_strict (ktest-out: /tmp/ktest_lustre_mainline_strict_ah86l_xb)
Starting job: lustre_mainline_native (ktest-out: /tmp/ktest_lustre_mainline_native_s8_se0pc)
put_archive(/tmp/ktest-kernel.tar.gz): 6.06s
put_archive(/tmp/ktest-kernel.tar.gz): 6.40s
put_archive(/tmp/ktest-kernel.tar.gz): 6.68s
put_archive(/tmp/ktest-kernel.tar.gz): 5.95s
put_archive(/tmp/ktest-kernel.tar.gz): 6.07s
put_archive(/tmp/ktest-kernel.tar.gz): 9.29s
put_archive(/tmp/ktest-lustre.tar.gz): 4.48s
put_archive(/tmp/ktest-lustre.tar.gz): 4.68s
put_archive(/tmp/ktest-lustre.tar.gz): 5.56s
put_archive(/tmp/ktest-lustre.tar.gz): 4.43s
put_archive(/tmp/ktest-lustre.tar.gz): 6.26s
put_archive(/tmp/ktest-lustre.tar.gz): 2.12s
Job checkpatch completed: SUCCESS (return code = 0, log: /tmp/ktest-results/checkpatch.log)
Job lustre_al2023 completed: SUCCESS (return code = 0, log: /tmp/ktest-results/lustre_al2023.log)
Job lustre_u24 completed: SUCCESS (return code = 0, log: /tmp/ktest-results/lustre_u24.log)
get_archive(ktest-out): 4.57s
Job lustre_mainline_strict completed: FAILED (return code = 1, log: /tmp/ktest-results/lustre_mainline_strict.log)
get_archive(ktest-out): 3.14s
get_archive(ktest-out): 3.16s
Job lustre_mainline_native completed: SUCCESS (return code = 0, log: /tmp/ktest-results/lustre_mainline_native.log)
Starting job: clang-tidy (ktest-out: /tmp/ktest_lustre_mainline_native_s8_se0pc)
Starting job: cc-plugin (ktest-out: /tmp/ktest_lustre_mainline_native_s8_se0pc)
Starting job: boot (ktest-out: /tmp/ktest_lustre_mainline_native_s8_se0pc)
Starting job: llmount (ktest-out: /tmp/ktest_lustre_mainline_native_s8_se0pc)
Starting job: llog-unit (ktest-out: /tmp/ktest_lustre_mainline_native_s8_se0pc)
Starting job: mgs-setup (ktest-out: /tmp/ktest_lustre_mainline_native_s8_se0pc)
Starting job: sanity-1 (ktest-out: /tmp/ktest_lustre_mainline_native_s8_se0pc)
Starting job: sanity-2 (ktest-out: /tmp/ktest_lustre_mainline_native_s8_se0pc)
Starting job: sanity-3 (ktest-out: /tmp/ktest_lustre_mainline_native_s8_se0pc)
Starting job: sanity-4 (ktest-out: /tmp/ktest_lustre_mainline_native_s8_se0pc)
Job lustre_mainline completed: SUCCESS (return code = 0, log: /tmp/ktest-results/lustre_mainline.log)
put_archive(/tmp/ktest_lustre_mainline_native_s8_se0pc.tar): 4.76s
put_archive(/tmp/ktest_lustre_mainline_native_s8_se0pc.tar): 20.04s
put_archive(/tmp/ktest_lustre_mainline_native_s8_se0pc.tar): 20.76s
put_archive(/tmp/ktest-kernel.tar.gz): 24.69s
put_archive(/tmp/ktest_lustre_mainline_native_s8_se0pc.tar): 24.86s
put_archive(/tmp/ktest_lustre_mainline_native_s8_se0pc.tar): 29.77s
put_archive(/tmp/ktest-lustre.tar.gz): 40.45s
put_archive(/tmp/ktest-kernel.tar.gz): 40.60s
put_archive(/tmp/ktest_lustre_mainline_native_s8_se0pc.tar): 46.41s
put_archive(/tmp/ktest-lustre.tar.gz): 28.50s
put_archive(/tmp/ktest_lustre_mainline_native_s8_se0pc.tar): 28.58s
put_archive(/tmp/ktest_lustre_mainline_native_s8_se0pc.tar): 29.34s
put_archive(/tmp/ktest_lustre_mainline_native_s8_se0pc.tar): 22.67s
put_archive(/tmp/ktest_lustre_mainline_native_s8_se0pc.tar): 23.39s
Job mgs-setup completed: SUCCESS (return code = 0, log: /tmp/ktest-results/mgs-setup.log)
Job sanity-2 completed: SUCCESS (return code = 0, log: /tmp/ktest-results/sanity-2.log)
Job cc-plugin completed: FAILED (return code = 127, log: /tmp/ktest-results/cc-plugin.log)
Job clang-tidy completed: SUCCESS (return code = 0, log: /tmp/ktest-results/clang-tidy.log)
Job boot completed: SUCCESS (return code = 0, log: /tmp/ktest-results/boot.log)
Job sanity-1 completed: SUCCESS (return code = 0, log: /tmp/ktest-results/sanity-1.log)
Job llog-unit completed: SUCCESS (return code = 0, log: /tmp/ktest-results/llog-unit.log)
Job sanity-4 completed: SUCCESS (return code = 0, log: /tmp/ktest-results/sanity-4.log)
Job sanity-3 completed: SUCCESS (return code = 0, log: /tmp/ktest-results/sanity-3.log)
Job llmount completed: SUCCESS (return code = 0, log: /tmp/ktest-results/llmount.log)

============================================================
Final Results:
  checkpatch: SUCCESS (return code = 0, log: /tmp/ktest-results/checkpatch.log)
  lustre_u24: SUCCESS (return code = 0, log: /tmp/ktest-results/lustre_u24.log)
  lustre_al2023: SUCCESS (return code = 0, log: /tmp/ktest-results/lustre_al2023.log)
  lustre_mainline_strict: FAILED (return code = 1, log: /tmp/ktest-results/lustre_mainline_strict.log)
  lustre_mainline: SUCCESS (return code = 0, log: /tmp/ktest-results/lustre_mainline.log)
  lustre_mainline_native: SUCCESS (return code = 0, log: /tmp/ktest-results/lustre_mainline_native.log)
  clang-tidy: SUCCESS (return code = 0, log: /tmp/ktest-results/clang-tidy.log)
  cc-plugin: FAILED (return code = 127, log: /tmp/ktest-results/cc-plugin.log)
  boot: SUCCESS (return code = 0, log: /tmp/ktest-results/boot.log)
  llmount: SUCCESS (return code = 0, log: /tmp/ktest-results/llmount.log)
  llog-unit: SUCCESS (return code = 0, log: /tmp/ktest-results/llog-unit.log)
  mgs-setup: SUCCESS (return code = 0, log: /tmp/ktest-results/mgs-setup.log)
  sanity-1: SUCCESS (return code = 0, log: /tmp/ktest-results/sanity-1.log)
  sanity-2: SUCCESS (return code = 0, log: /tmp/ktest-results/sanity-2.log)
  sanity-3: SUCCESS (return code = 0, log: /tmp/ktest-results/sanity-3.log)
  sanity-4: SUCCESS (return code = 0, log: /tmp/ktest-results/sanity-4.log)