<html lang="en">
<body>
<pre>
Creating kernel tarball at /tmp/ktest-kernel.tar.gz...
Creating lustre tarball at /tmp/ktest-lustre.tar.gz...
Executing 16 jobs with dependencies
Jobs will start as soon as their dependencies are satisfied

Starting job: lustre_u24 (ktest-out: /tmp/ktest_lustre_u24_rdu90pda)
Starting job: lustre_mainline_strict (ktest-out: /tmp/ktest_lustre_mainline_strict_xb5kgppe)
Starting job: lustre_al2023 (ktest-out: /tmp/ktest_lustre_al2023_4qt400uw)
Starting job: lustre_mainline (ktest-out: /tmp/ktest_lustre_mainline_e3xiqhyz)
Starting job: checkpatch (ktest-out: /tmp/ktest_checkpatch_fpdp60dt)
Starting job: lustre_mainline_native (ktest-out: /tmp/ktest_lustre_mainline_native_7gb0z1ha)
put_archive(/tmp/ktest-kernel.tar.gz): 7.14s
put_archive(/tmp/ktest-kernel.tar.gz): 10.09s
put_archive(/tmp/ktest-kernel.tar.gz): 10.19s
put_archive(/tmp/ktest-kernel.tar.gz): 10.08s
put_archive(/tmp/ktest-kernel.tar.gz): 10.23s
put_archive(/tmp/ktest-kernel.tar.gz): 10.58s
put_archive(/tmp/ktest-lustre.tar.gz): 7.25s
put_archive(/tmp/ktest-lustre.tar.gz): 11.23s
put_archive(/tmp/ktest-lustre.tar.gz): 7.89s
put_archive(/tmp/ktest-lustre.tar.gz): 7.60s
put_archive(/tmp/ktest-lustre.tar.gz): 7.77s
put_archive(/tmp/ktest-lustre.tar.gz): 7.50s
Job checkpatch completed: SUCCESS (return code = 0, log: /tmp/ktest-results/checkpatch.log)
Job lustre_al2023 completed: SUCCESS (return code = 0, log: /tmp/ktest-results/lustre_al2023.log)
Job lustre_u24 completed: SUCCESS (return code = 0, log: /tmp/ktest-results/lustre_u24.log)
get_archive(ktest-out): 4.48s
Job lustre_mainline_strict completed: FAILED (return code = 1, log: /tmp/ktest-results/lustre_mainline_strict.log)
get_archive(ktest-out): 2.95s
get_archive(ktest-out): 3.05s
Job lustre_mainline completed: SUCCESS (return code = 0, log: /tmp/ktest-results/lustre_mainline.log)
Job lustre_mainline_native completed: SUCCESS (return code = 0, log: /tmp/ktest-results/lustre_mainline_native.log)
Starting job: clang-tidy (ktest-out: /tmp/ktest_lustre_mainline_native_7gb0z1ha)
Starting job: cc-plugin (ktest-out: /tmp/ktest_lustre_mainline_native_7gb0z1ha)
Starting job: boot (ktest-out: /tmp/ktest_lustre_mainline_native_7gb0z1ha)
Starting job: llmount (ktest-out: /tmp/ktest_lustre_mainline_native_7gb0z1ha)
Starting job: llog-unit (ktest-out: /tmp/ktest_lustre_mainline_native_7gb0z1ha)
Starting job: mgs-setup (ktest-out: /tmp/ktest_lustre_mainline_native_7gb0z1ha)
Starting job: sanity-1 (ktest-out: /tmp/ktest_lustre_mainline_native_7gb0z1ha)
Starting job: sanity-2 (ktest-out: /tmp/ktest_lustre_mainline_native_7gb0z1ha)
Starting job: sanity-3 (ktest-out: /tmp/ktest_lustre_mainline_native_7gb0z1ha)
Starting job: sanity-4 (ktest-out: /tmp/ktest_lustre_mainline_native_7gb0z1ha)
put_archive(/tmp/ktest_lustre_mainline_native_7gb0z1ha.tar): 6.82s
put_archive(/tmp/ktest_lustre_mainline_native_7gb0z1ha.tar): 9.71s
put_archive(/tmp/ktest-kernel.tar.gz): 10.12s
put_archive(/tmp/ktest_lustre_mainline_native_7gb0z1ha.tar): 22.81s
put_archive(/tmp/ktest-lustre.tar.gz): 23.37s
put_archive(/tmp/ktest_lustre_mainline_native_7gb0z1ha.tar): 52.55s
put_archive(/tmp/ktest_lustre_mainline_native_7gb0z1ha.tar): 52.28s
put_archive(/tmp/ktest_lustre_mainline_native_7gb0z1ha.tar): 52.15s
put_archive(/tmp/ktest_lustre_mainline_native_7gb0z1ha.tar): 52.20s
put_archive(/tmp/ktest-kernel.tar.gz): 52.23s
put_archive(/tmp/ktest_lustre_mainline_native_7gb0z1ha.tar): 52.29s
put_archive(/tmp/ktest_lustre_mainline_native_7gb0z1ha.tar): 52.09s
put_archive(/tmp/ktest-lustre.tar.gz): 1.51s
put_archive(/tmp/ktest_lustre_mainline_native_7gb0z1ha.tar): 50.06s
Job boot completed: SUCCESS (return code = 0, log: /tmp/ktest-results/boot.log)
Job cc-plugin completed: FAILED (return code = 127, log: /tmp/ktest-results/cc-plugin.log)
Job sanity-3 completed: SUCCESS (return code = 0, log: /tmp/ktest-results/sanity-3.log)
Job llmount completed: SUCCESS (return code = 0, log: /tmp/ktest-results/llmount.log)
Job clang-tidy completed: SUCCESS (return code = 0, log: /tmp/ktest-results/clang-tidy.log)
Job mgs-setup completed: SUCCESS (return code = 0, log: /tmp/ktest-results/mgs-setup.log)
Job sanity-1 completed: SUCCESS (return code = 0, log: /tmp/ktest-results/sanity-1.log)
Job sanity-4 completed: SUCCESS (return code = 0, log: /tmp/ktest-results/sanity-4.log)
Job sanity-2 completed: SUCCESS (return code = 0, log: /tmp/ktest-results/sanity-2.log)
Job llog-unit completed: SUCCESS (return code = 0, log: /tmp/ktest-results/llog-unit.log)

============================================================
Final Results:
  checkpatch: SUCCESS (return code = 0, log: /tmp/ktest-results/checkpatch.log)
  lustre_u24: SUCCESS (return code = 0, log: /tmp/ktest-results/lustre_u24.log)
  lustre_al2023: SUCCESS (return code = 0, log: /tmp/ktest-results/lustre_al2023.log)
  lustre_mainline_strict: FAILED (return code = 1, log: /tmp/ktest-results/lustre_mainline_strict.log)
  lustre_mainline: SUCCESS (return code = 0, log: /tmp/ktest-results/lustre_mainline.log)
  lustre_mainline_native: SUCCESS (return code = 0, log: /tmp/ktest-results/lustre_mainline_native.log)
  clang-tidy: SUCCESS (return code = 0, log: /tmp/ktest-results/clang-tidy.log)
  cc-plugin: FAILED (return code = 127, log: /tmp/ktest-results/cc-plugin.log)
  boot: SUCCESS (return code = 0, log: /tmp/ktest-results/boot.log)
  llmount: SUCCESS (return code = 0, log: /tmp/ktest-results/llmount.log)
  llog-unit: SUCCESS (return code = 0, log: /tmp/ktest-results/llog-unit.log)
  mgs-setup: SUCCESS (return code = 0, log: /tmp/ktest-results/mgs-setup.log)
  sanity-1: SUCCESS (return code = 0, log: /tmp/ktest-results/sanity-1.log)
  sanity-2: SUCCESS (return code = 0, log: /tmp/ktest-results/sanity-2.log)
  sanity-3: SUCCESS (return code = 0, log: /tmp/ktest-results/sanity-3.log)
  sanity-4: SUCCESS (return code = 0, log: /tmp/ktest-results/sanity-4.log)
</pre>
</body>
</html>
