<html lang="en">
<body>
<pre>
Creating kernel tarball at /tmp/ktest-kernel.tar.gz...
Creating lustre tarball at /tmp/ktest-lustre.tar.gz...
Executing 16 jobs with dependencies
Jobs will start as soon as their dependencies are satisfied

Starting job: lustre_mainline_strict (ktest-out: /tmp/ktest_lustre_mainline_strict_25txhw6w)
Starting job: lustre_mainline (ktest-out: /tmp/ktest_lustre_mainline_85ncw4p2)
Starting job: lustre_al2023 (ktest-out: /tmp/ktest_lustre_al2023_kkdjr3u6)
Starting job: lustre_mainline_native (ktest-out: /tmp/ktest_lustre_mainline_native_dg75uxk1)
Starting job: lustre_u24 (ktest-out: /tmp/ktest_lustre_u24_1jaf9nhc)
Starting job: checkpatch (ktest-out: /tmp/ktest_checkpatch_orb6e7nm)
put_archive(/tmp/ktest-kernel.tar.gz): 8.37s
put_archive(/tmp/ktest-kernel.tar.gz): 8.30s
put_archive(/tmp/ktest-kernel.tar.gz): 9.04s
put_archive(/tmp/ktest-kernel.tar.gz): 9.24s
put_archive(/tmp/ktest-kernel.tar.gz): 9.15s
put_archive(/tmp/ktest-kernel.tar.gz): 9.28s
put_archive(/tmp/ktest-lustre.tar.gz): 6.13s
put_archive(/tmp/ktest-lustre.tar.gz): 5.99s
put_archive(/tmp/ktest-lustre.tar.gz): 6.77s
put_archive(/tmp/ktest-lustre.tar.gz): 6.31s
put_archive(/tmp/ktest-lustre.tar.gz): 5.89s
put_archive(/tmp/ktest-lustre.tar.gz): 5.76s
Job checkpatch completed: FAILED (return code = 1, log: /tmp/ktest-results/checkpatch.log)
Job lustre_al2023 completed: SUCCESS (return code = 0, log: /tmp/ktest-results/lustre_al2023.log)
Job lustre_u24 completed: SUCCESS (return code = 0, log: /tmp/ktest-results/lustre_u24.log)
get_archive(ktest-out): 4.60s
Job lustre_mainline_strict completed: FAILED (return code = 1, log: /tmp/ktest-results/lustre_mainline_strict.log)
get_archive(ktest-out): 3.15s
get_archive(ktest-out): 3.23s
Job lustre_mainline_native completed: SUCCESS (return code = 0, log: /tmp/ktest-results/lustre_mainline_native.log)
Starting job: clang-tidy (ktest-out: /tmp/ktest_lustre_mainline_native_dg75uxk1)
Starting job: cc-plugin (ktest-out: /tmp/ktest_lustre_mainline_native_dg75uxk1)
Starting job: boot (ktest-out: /tmp/ktest_lustre_mainline_native_dg75uxk1)
Starting job: llmount (ktest-out: /tmp/ktest_lustre_mainline_native_dg75uxk1)
Starting job: llog-unit (ktest-out: /tmp/ktest_lustre_mainline_native_dg75uxk1)
Starting job: mgs-setup (ktest-out: /tmp/ktest_lustre_mainline_native_dg75uxk1)
Starting job: sanity-1 (ktest-out: /tmp/ktest_lustre_mainline_native_dg75uxk1)
Starting job: sanity-2 (ktest-out: /tmp/ktest_lustre_mainline_native_dg75uxk1)
Starting job: sanity-3 (ktest-out: /tmp/ktest_lustre_mainline_native_dg75uxk1)
Starting job: sanity-4 (ktest-out: /tmp/ktest_lustre_mainline_native_dg75uxk1)
Job lustre_mainline completed: SUCCESS (return code = 0, log: /tmp/ktest-results/lustre_mainline.log)
put_archive(/tmp/ktest_lustre_mainline_native_dg75uxk1.tar): 5.31s
put_archive(/tmp/ktest-kernel.tar.gz): 22.06s
put_archive(/tmp/ktest_lustre_mainline_native_dg75uxk1.tar): 23.37s
put_archive(/tmp/ktest_lustre_mainline_native_dg75uxk1.tar): 23.52s
put_archive(/tmp/ktest-lustre.tar.gz): 1.56s
put_archive(/tmp/ktest_lustre_mainline_native_dg75uxk1.tar): 62.49s
put_archive(/tmp/ktest_lustre_mainline_native_dg75uxk1.tar): 60.59s
put_archive(/tmp/ktest_lustre_mainline_native_dg75uxk1.tar): 60.55s
put_archive(/tmp/ktest_lustre_mainline_native_dg75uxk1.tar): 60.60s
put_archive(/tmp/ktest_lustre_mainline_native_dg75uxk1.tar): 60.79s
put_archive(/tmp/ktest_lustre_mainline_native_dg75uxk1.tar): 61.04s
put_archive(/tmp/ktest-kernel.tar.gz): 60.80s
put_archive(/tmp/ktest-lustre.tar.gz): 50.29s
Job boot completed: SUCCESS (return code = 0, log: /tmp/ktest-results/boot.log)
put_archive(/tmp/ktest_lustre_mainline_native_dg75uxk1.tar): 10.23s
Job sanity-2 completed: SUCCESS (return code = 0, log: /tmp/ktest-results/sanity-2.log)
Job clang-tidy completed: SUCCESS (return code = 0, log: /tmp/ktest-results/clang-tidy.log)
Job cc-plugin completed: FAILED (return code = 127, log: /tmp/ktest-results/cc-plugin.log)
Job mgs-setup completed: SUCCESS (return code = 0, log: /tmp/ktest-results/mgs-setup.log)
Job sanity-3 completed: SUCCESS (return code = 0, log: /tmp/ktest-results/sanity-3.log)
Job sanity-1 completed: SUCCESS (return code = 0, log: /tmp/ktest-results/sanity-1.log)
Job llog-unit completed: SUCCESS (return code = 0, log: /tmp/ktest-results/llog-unit.log)
Job sanity-4 completed: SUCCESS (return code = 0, log: /tmp/ktest-results/sanity-4.log)
Job llmount completed: SUCCESS (return code = 0, log: /tmp/ktest-results/llmount.log)

============================================================
Final Results:
  checkpatch: FAILED (return code = 1, log: /tmp/ktest-results/checkpatch.log)
  lustre_u24: SUCCESS (return code = 0, log: /tmp/ktest-results/lustre_u24.log)
  lustre_al2023: SUCCESS (return code = 0, log: /tmp/ktest-results/lustre_al2023.log)
  lustre_mainline_strict: FAILED (return code = 1, log: /tmp/ktest-results/lustre_mainline_strict.log)
  lustre_mainline: SUCCESS (return code = 0, log: /tmp/ktest-results/lustre_mainline.log)
  lustre_mainline_native: SUCCESS (return code = 0, log: /tmp/ktest-results/lustre_mainline_native.log)
  clang-tidy: SUCCESS (return code = 0, log: /tmp/ktest-results/clang-tidy.log)
  cc-plugin: FAILED (return code = 127, log: /tmp/ktest-results/cc-plugin.log)
  boot: SUCCESS (return code = 0, log: /tmp/ktest-results/boot.log)
  llmount: SUCCESS (return code = 0, log: /tmp/ktest-results/llmount.log)
  llog-unit: SUCCESS (return code = 0, log: /tmp/ktest-results/llog-unit.log)
  mgs-setup: SUCCESS (return code = 0, log: /tmp/ktest-results/mgs-setup.log)
  sanity-1: SUCCESS (return code = 0, log: /tmp/ktest-results/sanity-1.log)
  sanity-2: SUCCESS (return code = 0, log: /tmp/ktest-results/sanity-2.log)
  sanity-3: SUCCESS (return code = 0, log: /tmp/ktest-results/sanity-3.log)
  sanity-4: SUCCESS (return code = 0, log: /tmp/ktest-results/sanity-4.log)
</pre>
</body>
</html>
