Creating kernel tarball at /tmp/ktest-kernel.tar.gz...
Creating lustre tarball at /tmp/ktest-lustre.tar.gz...
Executing 16 jobs with dependencies
Jobs will start as soon as their dependencies are satisfied

Starting job: lustre_mainline (ktest-out: /tmp/ktest_lustre_mainline_p5ccefhu)
Starting job: checkpatch (ktest-out: /tmp/ktest_checkpatch_renle65s)
Starting job: lustre_mainline_strict (ktest-out: /tmp/ktest_lustre_mainline_strict_zcij2dcs)
Starting job: lustre_mainline_native (ktest-out: /tmp/ktest_lustre_mainline_native_oc1s9t7n)
Starting job: lustre_u24 (ktest-out: /tmp/ktest_lustre_u24_hmah33z2)
Starting job: lustre_al2023 (ktest-out: /tmp/ktest_lustre_al2023_som7hv9j)
put_archive(/tmp/ktest-kernel.tar.gz): 7.27s
put_archive(/tmp/ktest-kernel.tar.gz): 7.72s
put_archive(/tmp/ktest-kernel.tar.gz): 8.06s
put_archive(/tmp/ktest-kernel.tar.gz): 7.62s
put_archive(/tmp/ktest-kernel.tar.gz): 7.80s
put_archive(/tmp/ktest-kernel.tar.gz): 8.06s
put_archive(/tmp/ktest-lustre.tar.gz): 6.12s
put_archive(/tmp/ktest-lustre.tar.gz): 6.58s
put_archive(/tmp/ktest-lustre.tar.gz): 7.54s
put_archive(/tmp/ktest-lustre.tar.gz): 6.75s
put_archive(/tmp/ktest-lustre.tar.gz): 6.35s
put_archive(/tmp/ktest-lustre.tar.gz): 6.51s
Job checkpatch completed: FAILED (return code = 1, log: /tmp/ktest-results/checkpatch.log)
Job lustre_al2023 completed: SUCCESS (return code = 0, log: /tmp/ktest-results/lustre_al2023.log)
Job lustre_u24 completed: SUCCESS (return code = 0, log: /tmp/ktest-results/lustre_u24.log)
get_archive(ktest-out): 4.57s
Job lustre_mainline_strict completed: FAILED (return code = 1, log: /tmp/ktest-results/lustre_mainline_strict.log)
get_archive(ktest-out): 3.17s
get_archive(ktest-out): 3.29s
Job lustre_mainline_native completed: SUCCESS (return code = 0, log: /tmp/ktest-results/lustre_mainline_native.log)
Starting job: clang-tidy (ktest-out: /tmp/ktest_lustre_mainline_native_oc1s9t7n)
Starting job: cc-plugin (ktest-out: /tmp/ktest_lustre_mainline_native_oc1s9t7n)
Starting job: boot (ktest-out: /tmp/ktest_lustre_mainline_native_oc1s9t7n)
Starting job: llmount (ktest-out: /tmp/ktest_lustre_mainline_native_oc1s9t7n)
Starting job: llog-unit (ktest-out: /tmp/ktest_lustre_mainline_native_oc1s9t7n)
Starting job: mgs-setup (ktest-out: /tmp/ktest_lustre_mainline_native_oc1s9t7n)
Starting job: sanity-1 (ktest-out: /tmp/ktest_lustre_mainline_native_oc1s9t7n)
Starting job: sanity-2 (ktest-out: /tmp/ktest_lustre_mainline_native_oc1s9t7n)
Starting job: sanity-3 (ktest-out: /tmp/ktest_lustre_mainline_native_oc1s9t7n)
Starting job: sanity-4 (ktest-out: /tmp/ktest_lustre_mainline_native_oc1s9t7n)
Job lustre_mainline completed: SUCCESS (return code = 0, log: /tmp/ktest-results/lustre_mainline.log)
put_archive(/tmp/ktest_lustre_mainline_native_oc1s9t7n.tar): 12.36s
put_archive(/tmp/ktest_lustre_mainline_native_oc1s9t7n.tar): 12.41s
put_archive(/tmp/ktest_lustre_mainline_native_oc1s9t7n.tar): 33.41s
put_archive(/tmp/ktest-kernel.tar.gz): 37.77s
put_archive(/tmp/ktest-lustre.tar.gz): 35.77s
put_archive(/tmp/ktest_lustre_mainline_native_oc1s9t7n.tar): 35.28s
put_archive(/tmp/ktest_lustre_mainline_native_oc1s9t7n.tar): 35.34s
put_archive(/tmp/ktest_lustre_mainline_native_oc1s9t7n.tar): 40.40s
put_archive(/tmp/ktest_lustre_mainline_native_oc1s9t7n.tar): 35.34s
put_archive(/tmp/ktest-kernel.tar.gz): 35.57s
put_archive(/tmp/ktest_lustre_mainline_native_oc1s9t7n.tar): 35.76s
put_archive(/tmp/ktest-lustre.tar.gz): 71.99s
put_archive(/tmp/ktest_lustre_mainline_native_oc1s9t7n.tar): 72.34s
put_archive(/tmp/ktest_lustre_mainline_native_oc1s9t7n.tar): 6.43s
Job sanity-4 completed: SUCCESS (return code = 0, log: /tmp/ktest-results/sanity-4.log)
Job sanity-2 completed: SUCCESS (return code = 0, log: /tmp/ktest-results/sanity-2.log)
Job mgs-setup completed: SUCCESS (return code = 0, log: /tmp/ktest-results/mgs-setup.log)
Job cc-plugin completed: FAILED (return code = 127, log: /tmp/ktest-results/cc-plugin.log)
Job boot completed: SUCCESS (return code = 0, log: /tmp/ktest-results/boot.log)
Job clang-tidy completed: SUCCESS (return code = 0, log: /tmp/ktest-results/clang-tidy.log)
Job sanity-3 completed: SUCCESS (return code = 0, log: /tmp/ktest-results/sanity-3.log)
Job sanity-1 completed: SUCCESS (return code = 0, log: /tmp/ktest-results/sanity-1.log)
Job llmount completed: SUCCESS (return code = 0, log: /tmp/ktest-results/llmount.log)
Job llog-unit completed: SUCCESS (return code = 0, log: /tmp/ktest-results/llog-unit.log)

============================================================
Final Results:
  checkpatch: FAILED (return code = 1, log: /tmp/ktest-results/checkpatch.log)
  lustre_u24: SUCCESS (return code = 0, log: /tmp/ktest-results/lustre_u24.log)
  lustre_al2023: SUCCESS (return code = 0, log: /tmp/ktest-results/lustre_al2023.log)
  lustre_mainline_strict: FAILED (return code = 1, log: /tmp/ktest-results/lustre_mainline_strict.log)
  lustre_mainline: SUCCESS (return code = 0, log: /tmp/ktest-results/lustre_mainline.log)
  lustre_mainline_native: SUCCESS (return code = 0, log: /tmp/ktest-results/lustre_mainline_native.log)
  clang-tidy: SUCCESS (return code = 0, log: /tmp/ktest-results/clang-tidy.log)
  cc-plugin: FAILED (return code = 127, log: /tmp/ktest-results/cc-plugin.log)
  boot: SUCCESS (return code = 0, log: /tmp/ktest-results/boot.log)
  llmount: SUCCESS (return code = 0, log: /tmp/ktest-results/llmount.log)
  llog-unit: SUCCESS (return code = 0, log: /tmp/ktest-results/llog-unit.log)
  mgs-setup: SUCCESS (return code = 0, log: /tmp/ktest-results/mgs-setup.log)
  sanity-1: SUCCESS (return code = 0, log: /tmp/ktest-results/sanity-1.log)
  sanity-2: SUCCESS (return code = 0, log: /tmp/ktest-results/sanity-2.log)
  sanity-3: SUCCESS (return code = 0, log: /tmp/ktest-results/sanity-3.log)
  sanity-4: SUCCESS (return code = 0, log: /tmp/ktest-results/sanity-4.log)