Creating kernel tarball at /tmp/ktest-kernel.tar.gz...
Creating lustre tarball at /tmp/ktest-lustre.tar.gz...
Executing 16 jobs with dependencies
Jobs will start as soon as their dependencies are satisfied

Starting job: lustre_u24 (ktest-out: /tmp/ktest_lustre_u24_6zro662c)
Starting job: checkpatch (ktest-out: /tmp/ktest_checkpatch_hmbu2_16)
Starting job: lustre_mainline_native (ktest-out: /tmp/ktest_lustre_mainline_native_5toqvrer)
Starting job: lustre_al2023 (ktest-out: /tmp/ktest_lustre_al2023_taszu0mg)
Starting job: lustre_mainline (ktest-out: /tmp/ktest_lustre_mainline_utenyqwc)
Starting job: lustre_mainline_strict (ktest-out: /tmp/ktest_lustre_mainline_strict_ne835k6m)
put_archive(/tmp/ktest-kernel.tar.gz): 9.60s
put_archive(/tmp/ktest-kernel.tar.gz): 10.78s
put_archive(/tmp/ktest-kernel.tar.gz): 10.29s
put_archive(/tmp/ktest-kernel.tar.gz): 10.87s
put_archive(/tmp/ktest-kernel.tar.gz): 11.35s
put_archive(/tmp/ktest-kernel.tar.gz): 10.63s
put_archive(/tmp/ktest-lustre.tar.gz): 9.22s
put_archive(/tmp/ktest-lustre.tar.gz): 10.39s
put_archive(/tmp/ktest-lustre.tar.gz): 9.45s
put_archive(/tmp/ktest-lustre.tar.gz): 9.02s
put_archive(/tmp/ktest-lustre.tar.gz): 9.18s
put_archive(/tmp/ktest-lustre.tar.gz): 8.90s
Job checkpatch completed: FAILED (return code = 1, log: /tmp/ktest-results/checkpatch.log)
Job lustre_al2023 completed: SUCCESS (return code = 0, log: /tmp/ktest-results/lustre_al2023.log)
Job lustre_u24 completed: SUCCESS (return code = 0, log: /tmp/ktest-results/lustre_u24.log)
get_archive(ktest-out): 4.59s
Job lustre_mainline_strict completed: FAILED (return code = 1, log: /tmp/ktest-results/lustre_mainline_strict.log)
get_archive(ktest-out): 3.25s
get_archive(ktest-out): 3.25s
Job lustre_mainline completed: SUCCESS (return code = 0, log: /tmp/ktest-results/lustre_mainline.log)
Job lustre_mainline_native completed: SUCCESS (return code = 0, log: /tmp/ktest-results/lustre_mainline_native.log)
Starting job: clang-tidy (ktest-out: /tmp/ktest_lustre_mainline_native_5toqvrer)
Starting job: cc-plugin (ktest-out: /tmp/ktest_lustre_mainline_native_5toqvrer)
Starting job: boot (ktest-out: /tmp/ktest_lustre_mainline_native_5toqvrer)
Starting job: llmount (ktest-out: /tmp/ktest_lustre_mainline_native_5toqvrer)
Starting job: llog-unit (ktest-out: /tmp/ktest_lustre_mainline_native_5toqvrer)
Starting job: mgs-setup (ktest-out: /tmp/ktest_lustre_mainline_native_5toqvrer)
Starting job: sanity-1 (ktest-out: /tmp/ktest_lustre_mainline_native_5toqvrer)
Starting job: sanity-2 (ktest-out: /tmp/ktest_lustre_mainline_native_5toqvrer)
Starting job: sanity-3 (ktest-out: /tmp/ktest_lustre_mainline_native_5toqvrer)
Starting job: sanity-4 (ktest-out: /tmp/ktest_lustre_mainline_native_5toqvrer)
put_archive(/tmp/ktest_lustre_mainline_native_5toqvrer.tar): 6.87s
put_archive(/tmp/ktest_lustre_mainline_native_5toqvrer.tar): 6.79s
put_archive(/tmp/ktest_lustre_mainline_native_5toqvrer.tar): 6.79s
put_archive(/tmp/ktest_lustre_mainline_native_5toqvrer.tar): 44.74s
put_archive(/tmp/ktest_lustre_mainline_native_5toqvrer.tar): 44.72s
put_archive(/tmp/ktest_lustre_mainline_native_5toqvrer.tar): 45.13s
put_archive(/tmp/ktest-kernel.tar.gz): 45.05s
put_archive(/tmp/ktest-kernel.tar.gz): 45.45s
Job mgs-setup completed: SUCCESS (return code = 0, log: /tmp/ktest-results/mgs-setup.log)
put_archive(/tmp/ktest-lustre.tar.gz): 34.77s
put_archive(/tmp/ktest-lustre.tar.gz): 34.97s
put_archive(/tmp/ktest_lustre_mainline_native_5toqvrer.tar): 22.95s
put_archive(/tmp/ktest_lustre_mainline_native_5toqvrer.tar): 23.04s
put_archive(/tmp/ktest_lustre_mainline_native_5toqvrer.tar): 23.13s
Job boot completed: SUCCESS (return code = 0, log: /tmp/ktest-results/boot.log)
put_archive(/tmp/ktest_lustre_mainline_native_5toqvrer.tar): 18.14s
Job cc-plugin completed: FAILED (return code = 127, log: /tmp/ktest-results/cc-plugin.log)
Job clang-tidy completed: SUCCESS (return code = 0, log: /tmp/ktest-results/clang-tidy.log)
Job llmount completed: SUCCESS (return code = 0, log: /tmp/ktest-results/llmount.log)
Job sanity-2 completed: SUCCESS (return code = 0, log: /tmp/ktest-results/sanity-2.log)
Job sanity-3 completed: SUCCESS (return code = 0, log: /tmp/ktest-results/sanity-3.log)
Job sanity-4 completed: SUCCESS (return code = 0, log: /tmp/ktest-results/sanity-4.log)
Job sanity-1 completed: SUCCESS (return code = 0, log: /tmp/ktest-results/sanity-1.log)
Job llog-unit completed: SUCCESS (return code = 0, log: /tmp/ktest-results/llog-unit.log)

============================================================
Final Results:
  checkpatch: FAILED (return code = 1, log: /tmp/ktest-results/checkpatch.log)
  lustre_u24: SUCCESS (return code = 0, log: /tmp/ktest-results/lustre_u24.log)
  lustre_al2023: SUCCESS (return code = 0, log: /tmp/ktest-results/lustre_al2023.log)
  lustre_mainline_strict: FAILED (return code = 1, log: /tmp/ktest-results/lustre_mainline_strict.log)
  lustre_mainline: SUCCESS (return code = 0, log: /tmp/ktest-results/lustre_mainline.log)
  lustre_mainline_native: SUCCESS (return code = 0, log: /tmp/ktest-results/lustre_mainline_native.log)
  clang-tidy: SUCCESS (return code = 0, log: /tmp/ktest-results/clang-tidy.log)
  cc-plugin: FAILED (return code = 127, log: /tmp/ktest-results/cc-plugin.log)
  boot: SUCCESS (return code = 0, log: /tmp/ktest-results/boot.log)
  llmount: SUCCESS (return code = 0, log: /tmp/ktest-results/llmount.log)
  llog-unit: SUCCESS (return code = 0, log: /tmp/ktest-results/llog-unit.log)
  mgs-setup: SUCCESS (return code = 0, log: /tmp/ktest-results/mgs-setup.log)
  sanity-1: SUCCESS (return code = 0, log: /tmp/ktest-results/sanity-1.log)
  sanity-2: SUCCESS (return code = 0, log: /tmp/ktest-results/sanity-2.log)
  sanity-3: SUCCESS (return code = 0, log: /tmp/ktest-results/sanity-3.log)
  sanity-4: SUCCESS (return code = 0, log: /tmp/ktest-results/sanity-4.log)