Creating kernel tarball at /tmp/ktest-kernel.tar.gz...
Creating lustre tarball at /tmp/ktest-lustre.tar.gz...
Executing 16 jobs with dependencies
Jobs will start as soon as their dependencies are satisfied

Starting job: checkpatch (ktest-out: /tmp/ktest_checkpatch_l0vml7i7)
Starting job: lustre_mainline_strict (ktest-out: /tmp/ktest_lustre_mainline_strict_xb_5wrv8)
Starting job: lustre_mainline_native (ktest-out: /tmp/ktest_lustre_mainline_native_4e7npkn9)
Starting job: lustre_al2023 (ktest-out: /tmp/ktest_lustre_al2023_1w9mhygo)
Starting job: lustre_mainline (ktest-out: /tmp/ktest_lustre_mainline_rhhsa3fg)
Starting job: lustre_u24 (ktest-out: /tmp/ktest_lustre_u24_f04eth6c)
put_archive(/tmp/ktest-kernel.tar.gz): 7.17s
put_archive(/tmp/ktest-kernel.tar.gz): 6.81s
put_archive(/tmp/ktest-kernel.tar.gz): 6.77s
put_archive(/tmp/ktest-kernel.tar.gz): 7.09s
put_archive(/tmp/ktest-kernel.tar.gz): 7.14s
put_archive(/tmp/ktest-kernel.tar.gz): 8.13s
put_archive(/tmp/ktest-lustre.tar.gz): 1.90s
put_archive(/tmp/ktest-lustre.tar.gz): 2.34s
put_archive(/tmp/ktest-lustre.tar.gz): 2.89s
put_archive(/tmp/ktest-lustre.tar.gz): 2.11s
put_archive(/tmp/ktest-lustre.tar.gz): 2.28s
put_archive(/tmp/ktest-lustre.tar.gz): 1.87s
Job checkpatch completed: FAILED (return code = 1, log: /tmp/ktest-results/checkpatch.log)
Job lustre_al2023 completed: SUCCESS (return code = 0, log: /tmp/ktest-results/lustre_al2023.log)
Job lustre_u24 completed: SUCCESS (return code = 0, log: /tmp/ktest-results/lustre_u24.log)
get_archive(ktest-out): 4.55s
Job lustre_mainline_strict completed: FAILED (return code = 1, log: /tmp/ktest-results/lustre_mainline_strict.log)
get_archive(ktest-out): 3.16s
get_archive(ktest-out): 3.26s
Job lustre_mainline_native completed: SUCCESS (return code = 0, log: /tmp/ktest-results/lustre_mainline_native.log)
Starting job: clang-tidy (ktest-out: /tmp/ktest_lustre_mainline_native_4e7npkn9)
Starting job: cc-plugin (ktest-out: /tmp/ktest_lustre_mainline_native_4e7npkn9)
Starting job: boot (ktest-out: /tmp/ktest_lustre_mainline_native_4e7npkn9)
Starting job: llmount (ktest-out: /tmp/ktest_lustre_mainline_native_4e7npkn9)
Starting job: llog-unit (ktest-out: /tmp/ktest_lustre_mainline_native_4e7npkn9)
Starting job: mgs-setup (ktest-out: /tmp/ktest_lustre_mainline_native_4e7npkn9)
Starting job: sanity-1 (ktest-out: /tmp/ktest_lustre_mainline_native_4e7npkn9)
Starting job: sanity-2 (ktest-out: /tmp/ktest_lustre_mainline_native_4e7npkn9)
Starting job: sanity-3 (ktest-out: /tmp/ktest_lustre_mainline_native_4e7npkn9)
Starting job: sanity-4 (ktest-out: /tmp/ktest_lustre_mainline_native_4e7npkn9)
Job lustre_mainline completed: SUCCESS (return code = 0, log: /tmp/ktest-results/lustre_mainline.log)
put_archive(/tmp/ktest_lustre_mainline_native_4e7npkn9.tar): 12.10s
put_archive(/tmp/ktest-kernel.tar.gz): 12.79s
put_archive(/tmp/ktest_lustre_mainline_native_4e7npkn9.tar): 28.24s
put_archive(/tmp/ktest-lustre.tar.gz): 39.82s
put_archive(/tmp/ktest_lustre_mainline_native_4e7npkn9.tar): 39.51s
put_archive(/tmp/ktest_lustre_mainline_native_4e7npkn9.tar): 39.68s
put_archive(/tmp/ktest_lustre_mainline_native_4e7npkn9.tar): 39.47s
put_archive(/tmp/ktest_lustre_mainline_native_4e7npkn9.tar): 39.51s
put_archive(/tmp/ktest_lustre_mainline_native_4e7npkn9.tar): 104.29s
put_archive(/tmp/ktest_lustre_mainline_native_4e7npkn9.tar): 92.72s
put_archive(/tmp/ktest_lustre_mainline_native_4e7npkn9.tar): 92.04s
put_archive(/tmp/ktest-kernel.tar.gz): 92.22s
put_archive(/tmp/ktest-lustre.tar.gz): 13.60s
put_archive(/tmp/ktest_lustre_mainline_native_4e7npkn9.tar): 11.96s
Job clang-tidy completed: SUCCESS (return code = 0, log: /tmp/ktest-results/clang-tidy.log)
Job sanity-4 completed: SUCCESS (return code = 0, log: /tmp/ktest-results/sanity-4.log)
Job cc-plugin completed: FAILED (return code = 127, log: /tmp/ktest-results/cc-plugin.log)
Job boot completed: SUCCESS (return code = 0, log: /tmp/ktest-results/boot.log)
Job mgs-setup completed: SUCCESS (return code = 0, log: /tmp/ktest-results/mgs-setup.log)
Job sanity-2 completed: SUCCESS (return code = 0, log: /tmp/ktest-results/sanity-2.log)
Job sanity-1 completed: SUCCESS (return code = 0, log: /tmp/ktest-results/sanity-1.log)
Job llmount completed: SUCCESS (return code = 0, log: /tmp/ktest-results/llmount.log)
Job llog-unit completed: SUCCESS (return code = 0, log: /tmp/ktest-results/llog-unit.log)
Job sanity-3 completed: SUCCESS (return code = 0, log: /tmp/ktest-results/sanity-3.log)

============================================================
Final Results:
  checkpatch: FAILED (return code = 1, log: /tmp/ktest-results/checkpatch.log)
  lustre_u24: SUCCESS (return code = 0, log: /tmp/ktest-results/lustre_u24.log)
  lustre_al2023: SUCCESS (return code = 0, log: /tmp/ktest-results/lustre_al2023.log)
  lustre_mainline_strict: FAILED (return code = 1, log: /tmp/ktest-results/lustre_mainline_strict.log)
  lustre_mainline: SUCCESS (return code = 0, log: /tmp/ktest-results/lustre_mainline.log)
  lustre_mainline_native: SUCCESS (return code = 0, log: /tmp/ktest-results/lustre_mainline_native.log)
  clang-tidy: SUCCESS (return code = 0, log: /tmp/ktest-results/clang-tidy.log)
  cc-plugin: FAILED (return code = 127, log: /tmp/ktest-results/cc-plugin.log)
  boot: SUCCESS (return code = 0, log: /tmp/ktest-results/boot.log)
  llmount: SUCCESS (return code = 0, log: /tmp/ktest-results/llmount.log)
  llog-unit: SUCCESS (return code = 0, log: /tmp/ktest-results/llog-unit.log)
  mgs-setup: SUCCESS (return code = 0, log: /tmp/ktest-results/mgs-setup.log)
  sanity-1: SUCCESS (return code = 0, log: /tmp/ktest-results/sanity-1.log)
  sanity-2: SUCCESS (return code = 0, log: /tmp/ktest-results/sanity-2.log)
  sanity-3: SUCCESS (return code = 0, log: /tmp/ktest-results/sanity-3.log)
  sanity-4: SUCCESS (return code = 0, log: /tmp/ktest-results/sanity-4.log)