Creating kernel tarball at /tmp/ktest-kernel.tar.gz...
Creating lustre tarball at /tmp/ktest-lustre.tar.gz...
Executing 16 jobs with dependencies
Jobs will start as soon as their dependencies are satisfied

Starting job: lustre_mainline_strict (ktest-out: /tmp/ktest_lustre_mainline_strict_sa5g7uwx)
Starting job: lustre_mainline (ktest-out: /tmp/ktest_lustre_mainline_64crgxph)
Starting job: lustre_u24 (ktest-out: /tmp/ktest_lustre_u24_481bbru8)
Starting job: lustre_al2023 (ktest-out: /tmp/ktest_lustre_al2023_vgd9yziz)
Starting job: lustre_mainline_native (ktest-out: /tmp/ktest_lustre_mainline_native_mtpnhugk)
Starting job: checkpatch (ktest-out: /tmp/ktest_checkpatch_xc9u08s7)
put_archive(/tmp/ktest-kernel.tar.gz): 7.82s
put_archive(/tmp/ktest-kernel.tar.gz): 9.69s
put_archive(/tmp/ktest-kernel.tar.gz): 9.93s
put_archive(/tmp/ktest-kernel.tar.gz): 9.56s
put_archive(/tmp/ktest-kernel.tar.gz): 10.01s
put_archive(/tmp/ktest-kernel.tar.gz): 9.65s
put_archive(/tmp/ktest-lustre.tar.gz): 10.19s
put_archive(/tmp/ktest-lustre.tar.gz): 6.86s
put_archive(/tmp/ktest-lustre.tar.gz): 7.15s
put_archive(/tmp/ktest-lustre.tar.gz): 7.03s
put_archive(/tmp/ktest-lustre.tar.gz): 7.45s
put_archive(/tmp/ktest-lustre.tar.gz): 7.32s
Job checkpatch completed: SUCCESS (return code = 0, log: /tmp/ktest-results/checkpatch.log)
Job lustre_u24 completed: SUCCESS (return code = 0, log: /tmp/ktest-results/lustre_u24.log)
Job lustre_al2023 completed: SUCCESS (return code = 0, log: /tmp/ktest-results/lustre_al2023.log)
get_archive(ktest-out): 3.33s
Job lustre_mainline_strict completed: FAILED (return code = 1, log: /tmp/ktest-results/lustre_mainline_strict.log)
get_archive(ktest-out): 3.20s
get_archive(ktest-out): 3.10s
Job lustre_mainline completed: SUCCESS (return code = 0, log: /tmp/ktest-results/lustre_mainline.log)
Job lustre_mainline_native completed: SUCCESS (return code = 0, log: /tmp/ktest-results/lustre_mainline_native.log)
Starting job: clang-tidy (ktest-out: /tmp/ktest_lustre_mainline_native_mtpnhugk)
Starting job: cc-plugin (ktest-out: /tmp/ktest_lustre_mainline_native_mtpnhugk)
Starting job: boot (ktest-out: /tmp/ktest_lustre_mainline_native_mtpnhugk)
Starting job: llmount (ktest-out: /tmp/ktest_lustre_mainline_native_mtpnhugk)
Starting job: llog-unit (ktest-out: /tmp/ktest_lustre_mainline_native_mtpnhugk)
Starting job: mgs-setup (ktest-out: /tmp/ktest_lustre_mainline_native_mtpnhugk)
Starting job: sanity-1 (ktest-out: /tmp/ktest_lustre_mainline_native_mtpnhugk)
Starting job: sanity-2 (ktest-out: /tmp/ktest_lustre_mainline_native_mtpnhugk)
Starting job: sanity-3 (ktest-out: /tmp/ktest_lustre_mainline_native_mtpnhugk)
Starting job: sanity-4 (ktest-out: /tmp/ktest_lustre_mainline_native_mtpnhugk)
put_archive(/tmp/ktest_lustre_mainline_native_mtpnhugk.tar): 11.34s
put_archive(/tmp/ktest-kernel.tar.gz): 11.25s
put_archive(/tmp/ktest_lustre_mainline_native_mtpnhugk.tar): 11.33s
put_archive(/tmp/ktest_lustre_mainline_native_mtpnhugk.tar): 11.25s
put_archive(/tmp/ktest-lustre.tar.gz): 34.27s
put_archive(/tmp/ktest_lustre_mainline_native_mtpnhugk.tar): 33.83s
put_archive(/tmp/ktest_lustre_mainline_native_mtpnhugk.tar): 45.37s
put_archive(/tmp/ktest_lustre_mainline_native_mtpnhugk.tar): 44.86s
put_archive(/tmp/ktest_lustre_mainline_native_mtpnhugk.tar): 44.93s
put_archive(/tmp/ktest_lustre_mainline_native_mtpnhugk.tar): 44.82s
put_archive(/tmp/ktest_lustre_mainline_native_mtpnhugk.tar): 45.41s
put_archive(/tmp/ktest-kernel.tar.gz): 45.58s
put_archive(/tmp/ktest-lustre.tar.gz): 1.51s
put_archive(/tmp/ktest_lustre_mainline_native_mtpnhugk.tar): 48.53s
Job cc-plugin completed: FAILED (return code = 127, log: /tmp/ktest-results/cc-plugin.log)
Job boot completed: SUCCESS (return code = 0, log: /tmp/ktest-results/boot.log)
Job sanity-4 completed: SUCCESS (return code = 0, log: /tmp/ktest-results/sanity-4.log)
Job sanity-2 completed: SUCCESS (return code = 0, log: /tmp/ktest-results/sanity-2.log)
Job clang-tidy completed: SUCCESS (return code = 0, log: /tmp/ktest-results/clang-tidy.log)
Job sanity-1 completed: SUCCESS (return code = 0, log: /tmp/ktest-results/sanity-1.log)
Job mgs-setup completed: SUCCESS (return code = 0, log: /tmp/ktest-results/mgs-setup.log)
Job sanity-3 completed: SUCCESS (return code = 0, log: /tmp/ktest-results/sanity-3.log)
Job llog-unit completed: SUCCESS (return code = 0, log: /tmp/ktest-results/llog-unit.log)
Job llmount completed: SUCCESS (return code = 0, log: /tmp/ktest-results/llmount.log)

============================================================
Final Results:
  checkpatch: SUCCESS (return code = 0, log: /tmp/ktest-results/checkpatch.log)
  lustre_u24: SUCCESS (return code = 0, log: /tmp/ktest-results/lustre_u24.log)
  lustre_al2023: SUCCESS (return code = 0, log: /tmp/ktest-results/lustre_al2023.log)
  lustre_mainline_strict: FAILED (return code = 1, log: /tmp/ktest-results/lustre_mainline_strict.log)
  lustre_mainline: SUCCESS (return code = 0, log: /tmp/ktest-results/lustre_mainline.log)
  lustre_mainline_native: SUCCESS (return code = 0, log: /tmp/ktest-results/lustre_mainline_native.log)
  clang-tidy: SUCCESS (return code = 0, log: /tmp/ktest-results/clang-tidy.log)
  cc-plugin: FAILED (return code = 127, log: /tmp/ktest-results/cc-plugin.log)
  boot: SUCCESS (return code = 0, log: /tmp/ktest-results/boot.log)
  llmount: SUCCESS (return code = 0, log: /tmp/ktest-results/llmount.log)
  llog-unit: SUCCESS (return code = 0, log: /tmp/ktest-results/llog-unit.log)
  mgs-setup: SUCCESS (return code = 0, log: /tmp/ktest-results/mgs-setup.log)
  sanity-1: SUCCESS (return code = 0, log: /tmp/ktest-results/sanity-1.log)
  sanity-2: SUCCESS (return code = 0, log: /tmp/ktest-results/sanity-2.log)
  sanity-3: SUCCESS (return code = 0, log: /tmp/ktest-results/sanity-3.log)
  sanity-4: SUCCESS (return code = 0, log: /tmp/ktest-results/sanity-4.log)