Creating kernel tarball at /tmp/ktest-kernel.tar.gz...
Creating lustre tarball at /tmp/ktest-lustre.tar.gz...
Executing 16 jobs with dependencies
Jobs will start as soon as their dependencies are satisfied

Starting job: lustre_mainline_strict (ktest-out: /tmp/ktest_lustre_mainline_strict_gn4h57lr)
Starting job: lustre_al2023 (ktest-out: /tmp/ktest_lustre_al2023_53k0s5u5)
Starting job: lustre_mainline (ktest-out: /tmp/ktest_lustre_mainline_xv3lfi39)
Starting job: checkpatch (ktest-out: /tmp/ktest_checkpatch_u_7xni5m)
Starting job: lustre_u24 (ktest-out: /tmp/ktest_lustre_u24_czjszkvr)
Starting job: lustre_mainline_native (ktest-out: /tmp/ktest_lustre_mainline_native_n2uz687o)
put_archive(/tmp/ktest-kernel.tar.gz): 8.75s
put_archive(/tmp/ktest-kernel.tar.gz): 9.46s
put_archive(/tmp/ktest-kernel.tar.gz): 9.00s
put_archive(/tmp/ktest-kernel.tar.gz): 9.69s
put_archive(/tmp/ktest-kernel.tar.gz): 9.57s
put_archive(/tmp/ktest-kernel.tar.gz): 9.78s
put_archive(/tmp/ktest-lustre.tar.gz): 5.28s
put_archive(/tmp/ktest-lustre.tar.gz): 6.65s
put_archive(/tmp/ktest-lustre.tar.gz): 5.46s
put_archive(/tmp/ktest-lustre.tar.gz): 5.64s
put_archive(/tmp/ktest-lustre.tar.gz): 5.21s
put_archive(/tmp/ktest-lustre.tar.gz): 5.08s
Job checkpatch completed: FAILED (return code = 1, log: /tmp/ktest-results/checkpatch.log)
Job lustre_u24 completed: SUCCESS (return code = 0, log: /tmp/ktest-results/lustre_u24.log)
Job lustre_al2023 completed: SUCCESS (return code = 0, log: /tmp/ktest-results/lustre_al2023.log)
get_archive(ktest-out): 3.49s
Job lustre_mainline_strict completed: FAILED (return code = 1, log: /tmp/ktest-results/lustre_mainline_strict.log)
get_archive(ktest-out): 3.17s
get_archive(ktest-out): 3.25s
Job lustre_mainline completed: SUCCESS (return code = 0, log: /tmp/ktest-results/lustre_mainline.log)
Job lustre_mainline_native completed: SUCCESS (return code = 0, log: /tmp/ktest-results/lustre_mainline_native.log)
Starting job: clang-tidy (ktest-out: /tmp/ktest_lustre_mainline_native_n2uz687o)
Starting job: cc-plugin (ktest-out: /tmp/ktest_lustre_mainline_native_n2uz687o)
Starting job: boot (ktest-out: /tmp/ktest_lustre_mainline_native_n2uz687o)
Starting job: llmount (ktest-out: /tmp/ktest_lustre_mainline_native_n2uz687o)
Starting job: llog-unit (ktest-out: /tmp/ktest_lustre_mainline_native_n2uz687o)
Starting job: mgs-setup (ktest-out: /tmp/ktest_lustre_mainline_native_n2uz687o)
Starting job: sanity-1 (ktest-out: /tmp/ktest_lustre_mainline_native_n2uz687o)
Starting job: sanity-2 (ktest-out: /tmp/ktest_lustre_mainline_native_n2uz687o)
Starting job: sanity-3 (ktest-out: /tmp/ktest_lustre_mainline_native_n2uz687o)
Starting job: sanity-4 (ktest-out: /tmp/ktest_lustre_mainline_native_n2uz687o)
put_archive(/tmp/ktest_lustre_mainline_native_n2uz687o.tar): 9.65s
put_archive(/tmp/ktest-kernel.tar.gz): 11.44s
put_archive(/tmp/ktest-lustre.tar.gz): 16.88s
put_archive(/tmp/ktest_lustre_mainline_native_n2uz687o.tar): 16.37s
put_archive(/tmp/ktest_lustre_mainline_native_n2uz687o.tar): 49.30s
put_archive(/tmp/ktest_lustre_mainline_native_n2uz687o.tar): 49.02s
put_archive(/tmp/ktest_lustre_mainline_native_n2uz687o.tar): 48.55s
put_archive(/tmp/ktest_lustre_mainline_native_n2uz687o.tar): 48.87s
put_archive(/tmp/ktest_lustre_mainline_native_n2uz687o.tar): 48.63s
put_archive(/tmp/ktest-kernel.tar.gz): 48.86s
put_archive(/tmp/ktest_lustre_mainline_native_n2uz687o.tar): 48.67s
put_archive(/tmp/ktest_lustre_mainline_native_n2uz687o.tar): 48.94s
put_archive(/tmp/ktest-lustre.tar.gz): 58.50s
Job mgs-setup completed: SUCCESS (return code = 0, log: /tmp/ktest-results/mgs-setup.log)
put_archive(/tmp/ktest_lustre_mainline_native_n2uz687o.tar): 11.20s
Job clang-tidy completed: SUCCESS (return code = 0, log: /tmp/ktest-results/clang-tidy.log)
Job cc-plugin completed: FAILED (return code = 127, log: /tmp/ktest-results/cc-plugin.log)
Job boot completed: SUCCESS (return code = 0, log: /tmp/ktest-results/boot.log)
Job llmount completed: SUCCESS (return code = 0, log: /tmp/ktest-results/llmount.log)
Job sanity-2 completed: SUCCESS (return code = 0, log: /tmp/ktest-results/sanity-2.log)
Job sanity-4 completed: SUCCESS (return code = 0, log: /tmp/ktest-results/sanity-4.log)
Job sanity-3 completed: SUCCESS (return code = 0, log: /tmp/ktest-results/sanity-3.log)
Job sanity-1 completed: SUCCESS (return code = 0, log: /tmp/ktest-results/sanity-1.log)
Job llog-unit completed: SUCCESS (return code = 0, log: /tmp/ktest-results/llog-unit.log)

============================================================
Final Results:
  checkpatch: FAILED (return code = 1, log: /tmp/ktest-results/checkpatch.log)
  lustre_u24: SUCCESS (return code = 0, log: /tmp/ktest-results/lustre_u24.log)
  lustre_al2023: SUCCESS (return code = 0, log: /tmp/ktest-results/lustre_al2023.log)
  lustre_mainline_strict: FAILED (return code = 1, log: /tmp/ktest-results/lustre_mainline_strict.log)
  lustre_mainline: SUCCESS (return code = 0, log: /tmp/ktest-results/lustre_mainline.log)
  lustre_mainline_native: SUCCESS (return code = 0, log: /tmp/ktest-results/lustre_mainline_native.log)
  clang-tidy: SUCCESS (return code = 0, log: /tmp/ktest-results/clang-tidy.log)
  cc-plugin: FAILED (return code = 127, log: /tmp/ktest-results/cc-plugin.log)
  boot: SUCCESS (return code = 0, log: /tmp/ktest-results/boot.log)
  llmount: SUCCESS (return code = 0, log: /tmp/ktest-results/llmount.log)
  llog-unit: SUCCESS (return code = 0, log: /tmp/ktest-results/llog-unit.log)
  mgs-setup: SUCCESS (return code = 0, log: /tmp/ktest-results/mgs-setup.log)
  sanity-1: SUCCESS (return code = 0, log: /tmp/ktest-results/sanity-1.log)
  sanity-2: SUCCESS (return code = 0, log: /tmp/ktest-results/sanity-2.log)
  sanity-3: SUCCESS (return code = 0, log: /tmp/ktest-results/sanity-3.log)
  sanity-4: SUCCESS (return code = 0, log: /tmp/ktest-results/sanity-4.log)