Creating kernel tarball at /tmp/ktest-kernel.tar.gz...
Creating lustre tarball at /tmp/ktest-lustre.tar.gz...
Executing 16 jobs with dependencies
Jobs will start as soon as their dependencies are satisfied

Starting job: checkpatch (ktest-out: /tmp/ktest_checkpatch_y_lss_o7)
Starting job: lustre_mainline_native (ktest-out: /tmp/ktest_lustre_mainline_native_q257nkli)
Starting job: lustre_al2023 (ktest-out: /tmp/ktest_lustre_al2023_hvsl5bdg)
Starting job: lustre_u24 (ktest-out: /tmp/ktest_lustre_u24_sziua9dr)
Starting job: lustre_mainline (ktest-out: /tmp/ktest_lustre_mainline_xkj95di5)
Starting job: lustre_mainline_strict (ktest-out: /tmp/ktest_lustre_mainline_strict_ie2e7z9t)
put_archive(/tmp/ktest-kernel.tar.gz): 7.33s
put_archive(/tmp/ktest-kernel.tar.gz): 9.15s
put_archive(/tmp/ktest-kernel.tar.gz): 9.04s
put_archive(/tmp/ktest-kernel.tar.gz): 9.38s
put_archive(/tmp/ktest-kernel.tar.gz): 9.34s
put_archive(/tmp/ktest-kernel.tar.gz): 9.37s
put_archive(/tmp/ktest-lustre.tar.gz): 8.55s
put_archive(/tmp/ktest-lustre.tar.gz): 8.42s
put_archive(/tmp/ktest-lustre.tar.gz): 8.29s
put_archive(/tmp/ktest-lustre.tar.gz): 10.83s
put_archive(/tmp/ktest-lustre.tar.gz): 8.77s
put_archive(/tmp/ktest-lustre.tar.gz): 8.94s
Job checkpatch completed: SUCCESS (return code = 0, log: /tmp/ktest-results/checkpatch.log)
Job lustre_u24 completed: SUCCESS (return code = 0, log: /tmp/ktest-results/lustre_u24.log)
Job lustre_al2023 completed: SUCCESS (return code = 0, log: /tmp/ktest-results/lustre_al2023.log)
get_archive(ktest-out): 4.66s
Job lustre_mainline_strict completed: FAILED (return code = 1, log: /tmp/ktest-results/lustre_mainline_strict.log)
get_archive(ktest-out): 3.30s
get_archive(ktest-out): 3.30s
Job lustre_mainline_native completed: SUCCESS (return code = 0, log: /tmp/ktest-results/lustre_mainline_native.log)
Starting job: clang-tidy (ktest-out: /tmp/ktest_lustre_mainline_native_q257nkli)
Starting job: cc-plugin (ktest-out: /tmp/ktest_lustre_mainline_native_q257nkli)
Starting job: boot (ktest-out: /tmp/ktest_lustre_mainline_native_q257nkli)
Starting job: llmount (ktest-out: /tmp/ktest_lustre_mainline_native_q257nkli)
Starting job: llog-unit (ktest-out: /tmp/ktest_lustre_mainline_native_q257nkli)
Starting job: mgs-setup (ktest-out: /tmp/ktest_lustre_mainline_native_q257nkli)
Starting job: sanity-1 (ktest-out: /tmp/ktest_lustre_mainline_native_q257nkli)
Starting job: sanity-2 (ktest-out: /tmp/ktest_lustre_mainline_native_q257nkli)
Starting job: sanity-3 (ktest-out: /tmp/ktest_lustre_mainline_native_q257nkli)
Starting job: sanity-4 (ktest-out: /tmp/ktest_lustre_mainline_native_q257nkli)
Job lustre_mainline completed: SUCCESS (return code = 0, log: /tmp/ktest-results/lustre_mainline.log)
put_archive(/tmp/ktest_lustre_mainline_native_q257nkli.tar): 5.47s
put_archive(/tmp/ktest-kernel.tar.gz): 40.66s
put_archive(/tmp/ktest_lustre_mainline_native_q257nkli.tar): 37.83s
put_archive(/tmp/ktest_lustre_mainline_native_q257nkli.tar): 38.17s
put_archive(/tmp/ktest_lustre_mainline_native_q257nkli.tar): 37.92s
put_archive(/tmp/ktest_lustre_mainline_native_q257nkli.tar): 39.36s
put_archive(/tmp/ktest-lustre.tar.gz): 63.47s
put_archive(/tmp/ktest_lustre_mainline_native_q257nkli.tar): 62.67s
put_archive(/tmp/ktest_lustre_mainline_native_q257nkli.tar): 63.07s
put_archive(/tmp/ktest_lustre_mainline_native_q257nkli.tar): 63.60s
put_archive(/tmp/ktest-kernel.tar.gz): 63.75s
put_archive(/tmp/ktest-lustre.tar.gz): 36.59s
put_archive(/tmp/ktest_lustre_mainline_native_q257nkli.tar): 42.59s
Job llog-unit completed: SUCCESS (return code = 0, log: /tmp/ktest-results/llog-unit.log)
put_archive(/tmp/ktest_lustre_mainline_native_q257nkli.tar): 12.03s
Job boot completed: SUCCESS (return code = 0, log: /tmp/ktest-results/boot.log)
Job cc-plugin completed: FAILED (return code = 127, log: /tmp/ktest-results/cc-plugin.log)
Job clang-tidy completed: SUCCESS (return code = 0, log: /tmp/ktest-results/clang-tidy.log)
Job mgs-setup completed: SUCCESS (return code = 0, log: /tmp/ktest-results/mgs-setup.log)
Job sanity-1 completed: SUCCESS (return code = 0, log: /tmp/ktest-results/sanity-1.log)
Job sanity-3 completed: SUCCESS (return code = 0, log: /tmp/ktest-results/sanity-3.log)
Job sanity-2 completed: SUCCESS (return code = 0, log: /tmp/ktest-results/sanity-2.log)
Job sanity-4 completed: SUCCESS (return code = 0, log: /tmp/ktest-results/sanity-4.log)
Job llmount completed: SUCCESS (return code = 0, log: /tmp/ktest-results/llmount.log)

============================================================
Final Results:
  checkpatch: SUCCESS (return code = 0, log: /tmp/ktest-results/checkpatch.log)
  lustre_u24: SUCCESS (return code = 0, log: /tmp/ktest-results/lustre_u24.log)
  lustre_al2023: SUCCESS (return code = 0, log: /tmp/ktest-results/lustre_al2023.log)
  lustre_mainline_strict: FAILED (return code = 1, log: /tmp/ktest-results/lustre_mainline_strict.log)
  lustre_mainline: SUCCESS (return code = 0, log: /tmp/ktest-results/lustre_mainline.log)
  lustre_mainline_native: SUCCESS (return code = 0, log: /tmp/ktest-results/lustre_mainline_native.log)
  clang-tidy: SUCCESS (return code = 0, log: /tmp/ktest-results/clang-tidy.log)
  cc-plugin: FAILED (return code = 127, log: /tmp/ktest-results/cc-plugin.log)
  boot: SUCCESS (return code = 0, log: /tmp/ktest-results/boot.log)
  llmount: SUCCESS (return code = 0, log: /tmp/ktest-results/llmount.log)
  llog-unit: SUCCESS (return code = 0, log: /tmp/ktest-results/llog-unit.log)
  mgs-setup: SUCCESS (return code = 0, log: /tmp/ktest-results/mgs-setup.log)
  sanity-1: SUCCESS (return code = 0, log: /tmp/ktest-results/sanity-1.log)
  sanity-2: SUCCESS (return code = 0, log: /tmp/ktest-results/sanity-2.log)
  sanity-3: SUCCESS (return code = 0, log: /tmp/ktest-results/sanity-3.log)
  sanity-4: SUCCESS (return code = 0, log: /tmp/ktest-results/sanity-4.log)