Creating kernel tarball at /tmp/ktest-kernel.tar.gz...
Creating lustre tarball at /tmp/ktest-lustre.tar.gz...
Executing 16 jobs with dependencies
Jobs will start as soon as their dependencies are satisfied

Starting job: lustre_u24 (ktest-out: /tmp/ktest_lustre_u24_vfi_6bgg)
Starting job: checkpatch (ktest-out: /tmp/ktest_checkpatch_h2lx7d2l)
Starting job: lustre_mainline_strict (ktest-out: /tmp/ktest_lustre_mainline_strict_nlsmt381)
Starting job: lustre_mainline_native (ktest-out: /tmp/ktest_lustre_mainline_native_o9u277pi)
Starting job: lustre_mainline (ktest-out: /tmp/ktest_lustre_mainline_qfuothy1)
Starting job: lustre_al2023 (ktest-out: /tmp/ktest_lustre_al2023_eimjsvra)
put_archive(/tmp/ktest-kernel.tar.gz): 12.55s
put_archive(/tmp/ktest-kernel.tar.gz): 13.28s
put_archive(/tmp/ktest-kernel.tar.gz): 13.27s
put_archive(/tmp/ktest-kernel.tar.gz): 13.74s
put_archive(/tmp/ktest-kernel.tar.gz): 13.99s
put_archive(/tmp/ktest-kernel.tar.gz): 13.70s
put_archive(/tmp/ktest-lustre.tar.gz): 7.94s
put_archive(/tmp/ktest-lustre.tar.gz): 9.12s
put_archive(/tmp/ktest-lustre.tar.gz): 8.28s
put_archive(/tmp/ktest-lustre.tar.gz): 7.73s
put_archive(/tmp/ktest-lustre.tar.gz): 8.17s
put_archive(/tmp/ktest-lustre.tar.gz): 7.89s
Job checkpatch completed: FAILED (return code = 1, log: /tmp/ktest-results/checkpatch.log)
Job lustre_u24 completed: SUCCESS (return code = 0, log: /tmp/ktest-results/lustre_u24.log)
Job lustre_al2023 completed: SUCCESS (return code = 0, log: /tmp/ktest-results/lustre_al2023.log)
get_archive(ktest-out): 4.61s
Job lustre_mainline_strict completed: FAILED (return code = 1, log: /tmp/ktest-results/lustre_mainline_strict.log)
get_archive(ktest-out): 3.21s
get_archive(ktest-out): 3.49s
Job lustre_mainline completed: SUCCESS (return code = 0, log: /tmp/ktest-results/lustre_mainline.log)
Job lustre_mainline_native completed: SUCCESS (return code = 0, log: /tmp/ktest-results/lustre_mainline_native.log)
Starting job: clang-tidy (ktest-out: /tmp/ktest_lustre_mainline_native_o9u277pi)
Starting job: cc-plugin (ktest-out: /tmp/ktest_lustre_mainline_native_o9u277pi)
Starting job: boot (ktest-out: /tmp/ktest_lustre_mainline_native_o9u277pi)
Starting job: llmount (ktest-out: /tmp/ktest_lustre_mainline_native_o9u277pi)
Starting job: llog-unit (ktest-out: /tmp/ktest_lustre_mainline_native_o9u277pi)
Starting job: mgs-setup (ktest-out: /tmp/ktest_lustre_mainline_native_o9u277pi)
Starting job: sanity-1 (ktest-out: /tmp/ktest_lustre_mainline_native_o9u277pi)
Starting job: sanity-2 (ktest-out: /tmp/ktest_lustre_mainline_native_o9u277pi)
Starting job: sanity-3 (ktest-out: /tmp/ktest_lustre_mainline_native_o9u277pi)
Starting job: sanity-4 (ktest-out: /tmp/ktest_lustre_mainline_native_o9u277pi)
put_archive(/tmp/ktest-kernel.tar.gz): 10.20s
put_archive(/tmp/ktest_lustre_mainline_native_o9u277pi.tar): 8.87s
put_archive(/tmp/ktest-lustre.tar.gz): 35.09s
put_archive(/tmp/ktest_lustre_mainline_native_o9u277pi.tar): 34.63s
put_archive(/tmp/ktest_lustre_mainline_native_o9u277pi.tar): 34.63s
put_archive(/tmp/ktest_lustre_mainline_native_o9u277pi.tar): 34.62s
put_archive(/tmp/ktest_lustre_mainline_native_o9u277pi.tar): 34.68s
put_archive(/tmp/ktest_lustre_mainline_native_o9u277pi.tar): 59.64s
put_archive(/tmp/ktest_lustre_mainline_native_o9u277pi.tar): 59.07s
put_archive(/tmp/ktest_lustre_mainline_native_o9u277pi.tar): 59.12s
put_archive(/tmp/ktest-kernel.tar.gz): 59.65s
put_archive(/tmp/ktest_lustre_mainline_native_o9u277pi.tar): 59.41s
put_archive(/tmp/ktest-lustre.tar.gz): 32.62s
put_archive(/tmp/ktest_lustre_mainline_native_o9u277pi.tar): 5.24s
Job cc-plugin completed: FAILED (return code = 127, log: /tmp/ktest-results/cc-plugin.log)
Job boot completed: SUCCESS (return code = 0, log: /tmp/ktest-results/boot.log)
Job mgs-setup completed: SUCCESS (return code = 0, log: /tmp/ktest-results/mgs-setup.log)
Job clang-tidy completed: SUCCESS (return code = 0, log: /tmp/ktest-results/clang-tidy.log)
Job llog-unit completed: SUCCESS (return code = 0, log: /tmp/ktest-results/llog-unit.log)
Job sanity-1 completed: SUCCESS (return code = 0, log: /tmp/ktest-results/sanity-1.log)
Job llmount completed: SUCCESS (return code = 0, log: /tmp/ktest-results/llmount.log)
Job sanity-2 completed: SUCCESS (return code = 0, log: /tmp/ktest-results/sanity-2.log)
Job sanity-3 completed: SUCCESS (return code = 0, log: /tmp/ktest-results/sanity-3.log)
Job sanity-4 completed: SUCCESS (return code = 0, log: /tmp/ktest-results/sanity-4.log)

============================================================
Final Results:
  checkpatch: FAILED (return code = 1, log: /tmp/ktest-results/checkpatch.log)
  lustre_u24: SUCCESS (return code = 0, log: /tmp/ktest-results/lustre_u24.log)
  lustre_al2023: SUCCESS (return code = 0, log: /tmp/ktest-results/lustre_al2023.log)
  lustre_mainline_strict: FAILED (return code = 1, log: /tmp/ktest-results/lustre_mainline_strict.log)
  lustre_mainline: SUCCESS (return code = 0, log: /tmp/ktest-results/lustre_mainline.log)
  lustre_mainline_native: SUCCESS (return code = 0, log: /tmp/ktest-results/lustre_mainline_native.log)
  clang-tidy: SUCCESS (return code = 0, log: /tmp/ktest-results/clang-tidy.log)
  cc-plugin: FAILED (return code = 127, log: /tmp/ktest-results/cc-plugin.log)
  boot: SUCCESS (return code = 0, log: /tmp/ktest-results/boot.log)
  llmount: SUCCESS (return code = 0, log: /tmp/ktest-results/llmount.log)
  llog-unit: SUCCESS (return code = 0, log: /tmp/ktest-results/llog-unit.log)
  mgs-setup: SUCCESS (return code = 0, log: /tmp/ktest-results/mgs-setup.log)
  sanity-1: SUCCESS (return code = 0, log: /tmp/ktest-results/sanity-1.log)
  sanity-2: SUCCESS (return code = 0, log: /tmp/ktest-results/sanity-2.log)
  sanity-3: SUCCESS (return code = 0, log: /tmp/ktest-results/sanity-3.log)
  sanity-4: SUCCESS (return code = 0, log: /tmp/ktest-results/sanity-4.log)