Creating kernel tarball at /tmp/ktest-kernel.tar.gz...
Creating lustre tarball at /tmp/ktest-lustre.tar.gz...
Executing 16 jobs with dependencies
Jobs will start as soon as their dependencies are satisfied

Starting job: lustre_mainline (ktest-out: /tmp/ktest_lustre_mainline_eq8iewbs)
Starting job: lustre_mainline_strict (ktest-out: /tmp/ktest_lustre_mainline_strict_mjx2q72n)
Starting job: lustre_al2023 (ktest-out: /tmp/ktest_lustre_al2023_kh7ul1lt)
Starting job: lustre_mainline_native (ktest-out: /tmp/ktest_lustre_mainline_native_yq0_tpv5)
Starting job: checkpatch (ktest-out: /tmp/ktest_checkpatch_ij72pnf2)
Starting job: lustre_u24 (ktest-out: /tmp/ktest_lustre_u24_y924ttdu)
put_archive(/tmp/ktest-kernel.tar.gz): 8.25s
put_archive(/tmp/ktest-kernel.tar.gz): 14.09s
put_archive(/tmp/ktest-kernel.tar.gz): 14.31s
put_archive(/tmp/ktest-kernel.tar.gz): 13.97s
put_archive(/tmp/ktest-kernel.tar.gz): 14.09s
put_archive(/tmp/ktest-kernel.tar.gz): 14.36s
put_archive(/tmp/ktest-lustre.tar.gz): 9.13s
put_archive(/tmp/ktest-lustre.tar.gz): 9.28s
put_archive(/tmp/ktest-lustre.tar.gz): 9.02s
put_archive(/tmp/ktest-lustre.tar.gz): 8.75s
put_archive(/tmp/ktest-lustre.tar.gz): 8.91s
put_archive(/tmp/ktest-lustre.tar.gz): 15.91s
Job checkpatch completed: SUCCESS (return code = 0, log: /tmp/ktest-results/checkpatch.log)
Job lustre_u24 completed: SUCCESS (return code = 0, log: /tmp/ktest-results/lustre_u24.log)
Job lustre_al2023 completed: SUCCESS (return code = 0, log: /tmp/ktest-results/lustre_al2023.log)
get_archive(ktest-out): 3.62s
Job lustre_mainline_strict completed: FAILED (return code = 1, log: /tmp/ktest-results/lustre_mainline_strict.log)
get_archive(ktest-out): 2.05s
Job lustre_mainline_native completed: SUCCESS (return code = 0, log: /tmp/ktest-results/lustre_mainline_native.log)
Starting job: clang-tidy (ktest-out: /tmp/ktest_lustre_mainline_native_yq0_tpv5)
Starting job: cc-plugin (ktest-out: /tmp/ktest_lustre_mainline_native_yq0_tpv5)
Starting job: boot (ktest-out: /tmp/ktest_lustre_mainline_native_yq0_tpv5)
Starting job: llmount (ktest-out: /tmp/ktest_lustre_mainline_native_yq0_tpv5)
Starting job: llog-unit (ktest-out: /tmp/ktest_lustre_mainline_native_yq0_tpv5)
Starting job: mgs-setup (ktest-out: /tmp/ktest_lustre_mainline_native_yq0_tpv5)
Starting job: sanity-1 (ktest-out: /tmp/ktest_lustre_mainline_native_yq0_tpv5)
Starting job: sanity-2 (ktest-out: /tmp/ktest_lustre_mainline_native_yq0_tpv5)
Starting job: sanity-3 (ktest-out: /tmp/ktest_lustre_mainline_native_yq0_tpv5)
Starting job: sanity-4 (ktest-out: /tmp/ktest_lustre_mainline_native_yq0_tpv5)
get_archive(ktest-out): 9.35s
Job lustre_mainline completed: SUCCESS (return code = 0, log: /tmp/ktest-results/lustre_mainline.log)
put_archive(/tmp/ktest_lustre_mainline_native_yq0_tpv5.tar): 14.46s
put_archive(/tmp/ktest_lustre_mainline_native_yq0_tpv5.tar): 14.57s
put_archive(/tmp/ktest_lustre_mainline_native_yq0_tpv5.tar): 14.33s
put_archive(/tmp/ktest-kernel.tar.gz): 15.02s
put_archive(/tmp/ktest-lustre.tar.gz): 52.76s
put_archive(/tmp/ktest_lustre_mainline_native_yq0_tpv5.tar): 53.85s
put_archive(/tmp/ktest_lustre_mainline_native_yq0_tpv5.tar): 59.63s
put_archive(/tmp/ktest_lustre_mainline_native_yq0_tpv5.tar): 58.85s
put_archive(/tmp/ktest_lustre_mainline_native_yq0_tpv5.tar): 59.13s
put_archive(/tmp/ktest-kernel.tar.gz): 65.13s
put_archive(/tmp/ktest_lustre_mainline_native_yq0_tpv5.tar): 12.93s
put_archive(/tmp/ktest-lustre.tar.gz): 63.52s
put_archive(/tmp/ktest_lustre_mainline_native_yq0_tpv5.tar): 74.80s
put_archive(/tmp/ktest_lustre_mainline_native_yq0_tpv5.tar): 17.51s
Job clang-tidy completed: SUCCESS (return code = 0, log: /tmp/ktest-results/clang-tidy.log)
Job boot completed: SUCCESS (return code = 0, log: /tmp/ktest-results/boot.log)
Job cc-plugin completed: FAILED (return code = 127, log: /tmp/ktest-results/cc-plugin.log)
Job mgs-setup completed: SUCCESS (return code = 0, log: /tmp/ktest-results/mgs-setup.log)
Job llmount completed: SUCCESS (return code = 0, log: /tmp/ktest-results/llmount.log)
Job llog-unit completed: SUCCESS (return code = 0, log: /tmp/ktest-results/llog-unit.log)
Job sanity-2 completed: SUCCESS (return code = 0, log: /tmp/ktest-results/sanity-2.log)
Job sanity-1 completed: SUCCESS (return code = 0, log: /tmp/ktest-results/sanity-1.log)
Job sanity-3 completed: SUCCESS (return code = 0, log: /tmp/ktest-results/sanity-3.log)
Job sanity-4 completed: SUCCESS (return code = 0, log: /tmp/ktest-results/sanity-4.log)

============================================================
Final Results:
  checkpatch: SUCCESS (return code = 0, log: /tmp/ktest-results/checkpatch.log)
  lustre_u24: SUCCESS (return code = 0, log: /tmp/ktest-results/lustre_u24.log)
  lustre_al2023: SUCCESS (return code = 0, log: /tmp/ktest-results/lustre_al2023.log)
  lustre_mainline_strict: FAILED (return code = 1, log: /tmp/ktest-results/lustre_mainline_strict.log)
  lustre_mainline: SUCCESS (return code = 0, log: /tmp/ktest-results/lustre_mainline.log)
  lustre_mainline_native: SUCCESS (return code = 0, log: /tmp/ktest-results/lustre_mainline_native.log)
  clang-tidy: SUCCESS (return code = 0, log: /tmp/ktest-results/clang-tidy.log)
  cc-plugin: FAILED (return code = 127, log: /tmp/ktest-results/cc-plugin.log)
  boot: SUCCESS (return code = 0, log: /tmp/ktest-results/boot.log)
  llmount: SUCCESS (return code = 0, log: /tmp/ktest-results/llmount.log)
  llog-unit: SUCCESS (return code = 0, log: /tmp/ktest-results/llog-unit.log)
  mgs-setup: SUCCESS (return code = 0, log: /tmp/ktest-results/mgs-setup.log)
  sanity-1: SUCCESS (return code = 0, log: /tmp/ktest-results/sanity-1.log)
  sanity-2: SUCCESS (return code = 0, log: /tmp/ktest-results/sanity-2.log)
  sanity-3: SUCCESS (return code = 0, log: /tmp/ktest-results/sanity-3.log)
  sanity-4: SUCCESS (return code = 0, log: /tmp/ktest-results/sanity-4.log)