Creating kernel tarball at /tmp/ktest-kernel.tar.gz...
Creating lustre tarball at /tmp/ktest-lustre.tar.gz...
Executing 16 jobs with dependencies
Jobs will start as soon as their dependencies are satisfied

Starting job: lustre_al2023 (ktest-out: /tmp/ktest_lustre_al2023_vmhhzgny)
Starting job: lustre_mainline_strict (ktest-out: /tmp/ktest_lustre_mainline_strict_t8lg7pm4)
Starting job: lustre_u24 (ktest-out: /tmp/ktest_lustre_u24_x497xtlz)
Starting job: lustre_mainline (ktest-out: /tmp/ktest_lustre_mainline_n1g6wiui)
Starting job: checkpatch (ktest-out: /tmp/ktest_checkpatch_vrg1di48)
Starting job: lustre_mainline_native (ktest-out: /tmp/ktest_lustre_mainline_native_v_t0k2us)
put_archive(/tmp/ktest-kernel.tar.gz): 7.69s
put_archive(/tmp/ktest-kernel.tar.gz): 6.87s
put_archive(/tmp/ktest-kernel.tar.gz): 8.22s
put_archive(/tmp/ktest-kernel.tar.gz): 7.15s
put_archive(/tmp/ktest-kernel.tar.gz): 7.08s
put_archive(/tmp/ktest-kernel.tar.gz): 7.73s
put_archive(/tmp/ktest-lustre.tar.gz): 2.09s
put_archive(/tmp/ktest-lustre.tar.gz): 1.69s
put_archive(/tmp/ktest-lustre.tar.gz): 1.98s
put_archive(/tmp/ktest-lustre.tar.gz): 2.67s
put_archive(/tmp/ktest-lustre.tar.gz): 1.59s
put_archive(/tmp/ktest-lustre.tar.gz): 1.88s
Job checkpatch completed: FAILED (return code = 1, log: /tmp/ktest-results/checkpatch.log)
Job lustre_al2023 completed: SUCCESS (return code = 0, log: /tmp/ktest-results/lustre_al2023.log)
Job lustre_u24 completed: SUCCESS (return code = 0, log: /tmp/ktest-results/lustre_u24.log)
get_archive(ktest-out): 4.63s
Job lustre_mainline_strict completed: FAILED (return code = 1, log: /tmp/ktest-results/lustre_mainline_strict.log)
get_archive(ktest-out): 3.32s
get_archive(ktest-out): 3.27s
Job lustre_mainline_native completed: SUCCESS (return code = 0, log: /tmp/ktest-results/lustre_mainline_native.log)
Starting job: clang-tidy (ktest-out: /tmp/ktest_lustre_mainline_native_v_t0k2us)
Starting job: cc-plugin (ktest-out: /tmp/ktest_lustre_mainline_native_v_t0k2us)
Starting job: boot (ktest-out: /tmp/ktest_lustre_mainline_native_v_t0k2us)
Starting job: llmount (ktest-out: /tmp/ktest_lustre_mainline_native_v_t0k2us)
Starting job: llog-unit (ktest-out: /tmp/ktest_lustre_mainline_native_v_t0k2us)
Starting job: mgs-setup (ktest-out: /tmp/ktest_lustre_mainline_native_v_t0k2us)
Starting job: sanity-1 (ktest-out: /tmp/ktest_lustre_mainline_native_v_t0k2us)
Starting job: sanity-2 (ktest-out: /tmp/ktest_lustre_mainline_native_v_t0k2us)
Starting job: sanity-3 (ktest-out: /tmp/ktest_lustre_mainline_native_v_t0k2us)
Starting job: sanity-4 (ktest-out: /tmp/ktest_lustre_mainline_native_v_t0k2us)
Job lustre_mainline completed: SUCCESS (return code = 0, log: /tmp/ktest-results/lustre_mainline.log)
put_archive(/tmp/ktest_lustre_mainline_native_v_t0k2us.tar): 1.65s
put_archive(/tmp/ktest_lustre_mainline_native_v_t0k2us.tar): 1.86s
put_archive(/tmp/ktest_lustre_mainline_native_v_t0k2us.tar): 5.07s
put_archive(/tmp/ktest_lustre_mainline_native_v_t0k2us.tar): 6.78s
put_archive(/tmp/ktest_lustre_mainline_native_v_t0k2us.tar): 11.64s
put_archive(/tmp/ktest_lustre_mainline_native_v_t0k2us.tar): 11.72s
put_archive(/tmp/ktest-kernel.tar.gz): 12.53s
put_archive(/tmp/ktest_lustre_mainline_native_v_t0k2us.tar): 11.92s
put_archive(/tmp/ktest-kernel.tar.gz): 14.16s
put_archive(/tmp/ktest_lustre_mainline_native_v_t0k2us.tar): 15.14s
put_archive(/tmp/ktest-lustre.tar.gz): 14.97s
put_archive(/tmp/ktest-lustre.tar.gz): 12.64s
put_archive(/tmp/ktest_lustre_mainline_native_v_t0k2us.tar): 6.24s
put_archive(/tmp/ktest_lustre_mainline_native_v_t0k2us.tar): 6.23s
Job cc-plugin completed: FAILED (return code = 127, log: /tmp/ktest-results/cc-plugin.log)
Job mgs-setup completed: SUCCESS (return code = 0, log: /tmp/ktest-results/mgs-setup.log)
Job clang-tidy completed: SUCCESS (return code = 0, log: /tmp/ktest-results/clang-tidy.log)
Job boot completed: SUCCESS (return code = 0, log: /tmp/ktest-results/boot.log)
Job sanity-2 completed: SUCCESS (return code = 0, log: /tmp/ktest-results/sanity-2.log)
Job sanity-4 completed: SUCCESS (return code = 0, log: /tmp/ktest-results/sanity-4.log)
Job sanity-1 completed: SUCCESS (return code = 0, log: /tmp/ktest-results/sanity-1.log)
Job llmount completed: SUCCESS (return code = 0, log: /tmp/ktest-results/llmount.log)
Job llog-unit completed: SUCCESS (return code = 0, log: /tmp/ktest-results/llog-unit.log)
Job sanity-3 completed: SUCCESS (return code = 0, log: /tmp/ktest-results/sanity-3.log)

============================================================
Final Results:
  checkpatch: FAILED (return code = 1, log: /tmp/ktest-results/checkpatch.log)
  lustre_u24: SUCCESS (return code = 0, log: /tmp/ktest-results/lustre_u24.log)
  lustre_al2023: SUCCESS (return code = 0, log: /tmp/ktest-results/lustre_al2023.log)
  lustre_mainline_strict: FAILED (return code = 1, log: /tmp/ktest-results/lustre_mainline_strict.log)
  lustre_mainline: SUCCESS (return code = 0, log: /tmp/ktest-results/lustre_mainline.log)
  lustre_mainline_native: SUCCESS (return code = 0, log: /tmp/ktest-results/lustre_mainline_native.log)
  clang-tidy: SUCCESS (return code = 0, log: /tmp/ktest-results/clang-tidy.log)
  cc-plugin: FAILED (return code = 127, log: /tmp/ktest-results/cc-plugin.log)
  boot: SUCCESS (return code = 0, log: /tmp/ktest-results/boot.log)
  llmount: SUCCESS (return code = 0, log: /tmp/ktest-results/llmount.log)
  llog-unit: SUCCESS (return code = 0, log: /tmp/ktest-results/llog-unit.log)
  mgs-setup: SUCCESS (return code = 0, log: /tmp/ktest-results/mgs-setup.log)
  sanity-1: SUCCESS (return code = 0, log: /tmp/ktest-results/sanity-1.log)
  sanity-2: SUCCESS (return code = 0, log: /tmp/ktest-results/sanity-2.log)
  sanity-3: SUCCESS (return code = 0, log: /tmp/ktest-results/sanity-3.log)
  sanity-4: SUCCESS (return code = 0, log: /tmp/ktest-results/sanity-4.log)