Creating kernel tarball at /tmp/ktest-kernel.tar.gz...
Creating lustre tarball at /tmp/ktest-lustre.tar.gz...
Executing 16 jobs with dependencies
Jobs will start as soon as their dependencies are satisfied

Starting job: lustre_mainline_strict (ktest-out: /tmp/ktest_lustre_mainline_strict_10dira63)
Starting job: lustre_u24 (ktest-out: /tmp/ktest_lustre_u24_zcrmb1sj)
Starting job: checkpatch (ktest-out: /tmp/ktest_checkpatch_unx88_26)
Starting job: lustre_al2023 (ktest-out: /tmp/ktest_lustre_al2023_2gkavpeb)
Starting job: lustre_mainline_native (ktest-out: /tmp/ktest_lustre_mainline_native_2in8xdq2)
Starting job: lustre_mainline (ktest-out: /tmp/ktest_lustre_mainline_sm7emunf)
put_archive(/tmp/ktest-kernel.tar.gz): 15.34s
put_archive(/tmp/ktest-kernel.tar.gz): 15.25s
put_archive(/tmp/ktest-kernel.tar.gz): 15.70s
put_archive(/tmp/ktest-kernel.tar.gz): 15.54s
put_archive(/tmp/ktest-kernel.tar.gz): 15.44s
put_archive(/tmp/ktest-kernel.tar.gz): 15.30s
put_archive(/tmp/ktest-lustre.tar.gz): 8.71s
put_archive(/tmp/ktest-lustre.tar.gz): 9.06s
put_archive(/tmp/ktest-lustre.tar.gz): 8.48s
put_archive(/tmp/ktest-lustre.tar.gz): 8.37s
put_archive(/tmp/ktest-lustre.tar.gz): 8.94s
put_archive(/tmp/ktest-lustre.tar.gz): 8.67s
Job checkpatch completed: SUCCESS (return code = 0, log: /tmp/ktest-results/checkpatch.log)
Job lustre_al2023 completed: SUCCESS (return code = 0, log: /tmp/ktest-results/lustre_al2023.log)
Job lustre_u24 completed: SUCCESS (return code = 0, log: /tmp/ktest-results/lustre_u24.log)
get_archive(ktest-out): 4.64s
Job lustre_mainline_strict completed: FAILED (return code = 1, log: /tmp/ktest-results/lustre_mainline_strict.log)
get_archive(ktest-out): 3.39s
get_archive(ktest-out): 3.29s
Job lustre_mainline_native completed: SUCCESS (return code = 0, log: /tmp/ktest-results/lustre_mainline_native.log)
Starting job: clang-tidy (ktest-out: /tmp/ktest_lustre_mainline_native_2in8xdq2)
Starting job: cc-plugin (ktest-out: /tmp/ktest_lustre_mainline_native_2in8xdq2)
Starting job: boot (ktest-out: /tmp/ktest_lustre_mainline_native_2in8xdq2)
Starting job: llmount (ktest-out: /tmp/ktest_lustre_mainline_native_2in8xdq2)
Starting job: llog-unit (ktest-out: /tmp/ktest_lustre_mainline_native_2in8xdq2)
Starting job: mgs-setup (ktest-out: /tmp/ktest_lustre_mainline_native_2in8xdq2)
Starting job: sanity-1 (ktest-out: /tmp/ktest_lustre_mainline_native_2in8xdq2)
Starting job: sanity-2 (ktest-out: /tmp/ktest_lustre_mainline_native_2in8xdq2)
Starting job: sanity-3 (ktest-out: /tmp/ktest_lustre_mainline_native_2in8xdq2)
Starting job: sanity-4 (ktest-out: /tmp/ktest_lustre_mainline_native_2in8xdq2)
Job lustre_mainline completed: SUCCESS (return code = 0, log: /tmp/ktest-results/lustre_mainline.log)
put_archive(/tmp/ktest_lustre_mainline_native_2in8xdq2.tar): 1.63s
put_archive(/tmp/ktest-kernel.tar.gz): 15.45s
put_archive(/tmp/ktest_lustre_mainline_native_2in8xdq2.tar): 15.77s
put_archive(/tmp/ktest_lustre_mainline_native_2in8xdq2.tar): 33.66s
put_archive(/tmp/ktest_lustre_mainline_native_2in8xdq2.tar): 33.60s
put_archive(/tmp/ktest_lustre_mainline_native_2in8xdq2.tar): 34.42s
put_archive(/tmp/ktest_lustre_mainline_native_2in8xdq2.tar): 34.44s
put_archive(/tmp/ktest-lustre.tar.gz): 34.45s
put_archive(/tmp/ktest_lustre_mainline_native_2in8xdq2.tar): 34.06s
put_archive(/tmp/ktest_lustre_mainline_native_2in8xdq2.tar): 85.12s
put_archive(/tmp/ktest_lustre_mainline_native_2in8xdq2.tar): 84.94s
put_archive(/tmp/ktest-kernel.tar.gz): 85.49s
Job sanity-2 completed: SUCCESS (return code = 0, log: /tmp/ktest-results/sanity-2.log)
put_archive(/tmp/ktest-lustre.tar.gz): 8.55s
Job mgs-setup completed: SUCCESS (return code = 0, log: /tmp/ktest-results/mgs-setup.log)
put_archive(/tmp/ktest_lustre_mainline_native_2in8xdq2.tar): 5.82s
Job cc-plugin completed: FAILED (return code = 127, log: /tmp/ktest-results/cc-plugin.log)
Job boot completed: SUCCESS (return code = 0, log: /tmp/ktest-results/boot.log)
Job clang-tidy completed: SUCCESS (return code = 0, log: /tmp/ktest-results/clang-tidy.log)
Job sanity-4 completed: SUCCESS (return code = 0, log: /tmp/ktest-results/sanity-4.log)
Job sanity-3 completed: SUCCESS (return code = 0, log: /tmp/ktest-results/sanity-3.log)
Job llmount completed: SUCCESS (return code = 0, log: /tmp/ktest-results/llmount.log)
Job llog-unit completed: SUCCESS (return code = 0, log: /tmp/ktest-results/llog-unit.log)
Job sanity-1 completed: SUCCESS (return code = 0, log: /tmp/ktest-results/sanity-1.log)

============================================================
Final Results:
  checkpatch: SUCCESS (return code = 0, log: /tmp/ktest-results/checkpatch.log)
  lustre_u24: SUCCESS (return code = 0, log: /tmp/ktest-results/lustre_u24.log)
  lustre_al2023: SUCCESS (return code = 0, log: /tmp/ktest-results/lustre_al2023.log)
  lustre_mainline_strict: FAILED (return code = 1, log: /tmp/ktest-results/lustre_mainline_strict.log)
  lustre_mainline: SUCCESS (return code = 0, log: /tmp/ktest-results/lustre_mainline.log)
  lustre_mainline_native: SUCCESS (return code = 0, log: /tmp/ktest-results/lustre_mainline_native.log)
  clang-tidy: SUCCESS (return code = 0, log: /tmp/ktest-results/clang-tidy.log)
  cc-plugin: FAILED (return code = 127, log: /tmp/ktest-results/cc-plugin.log)
  boot: SUCCESS (return code = 0, log: /tmp/ktest-results/boot.log)
  llmount: SUCCESS (return code = 0, log: /tmp/ktest-results/llmount.log)
  llog-unit: SUCCESS (return code = 0, log: /tmp/ktest-results/llog-unit.log)
  mgs-setup: SUCCESS (return code = 0, log: /tmp/ktest-results/mgs-setup.log)
  sanity-1: SUCCESS (return code = 0, log: /tmp/ktest-results/sanity-1.log)
  sanity-2: SUCCESS (return code = 0, log: /tmp/ktest-results/sanity-2.log)
  sanity-3: SUCCESS (return code = 0, log: /tmp/ktest-results/sanity-3.log)
  sanity-4: SUCCESS (return code = 0, log: /tmp/ktest-results/sanity-4.log)