Creating kernel tarball at /tmp/ktest-kernel.tar.gz...
Creating lustre tarball at /tmp/ktest-lustre.tar.gz...
Executing 16 jobs with dependencies
Jobs will start as soon as their dependencies are satisfied

Starting job: lustre_mainline_native (ktest-out: /tmp/ktest_lustre_mainline_native_q_mnbrzx)
Starting job: lustre_mainline_strict (ktest-out: /tmp/ktest_lustre_mainline_strict_9bdiwo85)
Starting job: checkpatch (ktest-out: /tmp/ktest_checkpatch_8e0pftya)
Starting job: lustre_u24 (ktest-out: /tmp/ktest_lustre_u24_rr8bg5z_)
Starting job: lustre_mainline (ktest-out: /tmp/ktest_lustre_mainline_2h3sx7vv)
Starting job: lustre_al2023 (ktest-out: /tmp/ktest_lustre_al2023_5d08a3w_)
put_archive(/tmp/ktest-kernel.tar.gz): 12.04s
put_archive(/tmp/ktest-kernel.tar.gz): 13.98s
put_archive(/tmp/ktest-kernel.tar.gz): 13.65s
put_archive(/tmp/ktest-kernel.tar.gz): 13.78s
put_archive(/tmp/ktest-kernel.tar.gz): 14.03s
put_archive(/tmp/ktest-kernel.tar.gz): 13.55s
put_archive(/tmp/ktest-lustre.tar.gz): 7.33s
put_archive(/tmp/ktest-lustre.tar.gz): 9.73s
put_archive(/tmp/ktest-lustre.tar.gz): 7.67s
put_archive(/tmp/ktest-lustre.tar.gz): 7.55s
put_archive(/tmp/ktest-lustre.tar.gz): 7.13s
put_archive(/tmp/ktest-lustre.tar.gz): 7.28s
Job checkpatch completed: SUCCESS (return code = 0, log: /tmp/ktest-results/checkpatch.log)
Job lustre_al2023 completed: SUCCESS (return code = 0, log: /tmp/ktest-results/lustre_al2023.log)
Job lustre_u24 completed: SUCCESS (return code = 0, log: /tmp/ktest-results/lustre_u24.log)
get_archive(ktest-out): 3.58s
Job lustre_mainline_strict completed: FAILED (return code = 1, log: /tmp/ktest-results/lustre_mainline_strict.log)
get_archive(ktest-out): 3.36s
get_archive(ktest-out): 3.30s
Job lustre_mainline_native completed: SUCCESS (return code = 0, log: /tmp/ktest-results/lustre_mainline_native.log)
Starting job: clang-tidy (ktest-out: /tmp/ktest_lustre_mainline_native_q_mnbrzx)
Starting job: cc-plugin (ktest-out: /tmp/ktest_lustre_mainline_native_q_mnbrzx)
Starting job: boot (ktest-out: /tmp/ktest_lustre_mainline_native_q_mnbrzx)
Starting job: llmount (ktest-out: /tmp/ktest_lustre_mainline_native_q_mnbrzx)
Starting job: llog-unit (ktest-out: /tmp/ktest_lustre_mainline_native_q_mnbrzx)
Starting job: mgs-setup (ktest-out: /tmp/ktest_lustre_mainline_native_q_mnbrzx)
Starting job: sanity-1 (ktest-out: /tmp/ktest_lustre_mainline_native_q_mnbrzx)
Starting job: sanity-2 (ktest-out: /tmp/ktest_lustre_mainline_native_q_mnbrzx)
Starting job: sanity-3 (ktest-out: /tmp/ktest_lustre_mainline_native_q_mnbrzx)
Starting job: sanity-4 (ktest-out: /tmp/ktest_lustre_mainline_native_q_mnbrzx)
Job lustre_mainline completed: SUCCESS (return code = 0, log: /tmp/ktest-results/lustre_mainline.log)
put_archive(/tmp/ktest_lustre_mainline_native_q_mnbrzx.tar): 10.06s
put_archive(/tmp/ktest-kernel.tar.gz): 11.79s
put_archive(/tmp/ktest-lustre.tar.gz): 14.76s
put_archive(/tmp/ktest_lustre_mainline_native_q_mnbrzx.tar): 21.45s
put_archive(/tmp/ktest_lustre_mainline_native_q_mnbrzx.tar): 19.43s
put_archive(/tmp/ktest_lustre_mainline_native_q_mnbrzx.tar): 19.43s
put_archive(/tmp/ktest_lustre_mainline_native_q_mnbrzx.tar): 21.51s
put_archive(/tmp/ktest_lustre_mainline_native_q_mnbrzx.tar): 46.38s
Job cc-plugin completed: FAILED (return code = 127, log: /tmp/ktest-results/cc-plugin.log)
put_archive(/tmp/ktest_lustre_mainline_native_q_mnbrzx.tar): 53.79s
put_archive(/tmp/ktest_lustre_mainline_native_q_mnbrzx.tar): 53.99s
put_archive(/tmp/ktest-kernel.tar.gz): 54.14s
put_archive(/tmp/ktest_lustre_mainline_native_q_mnbrzx.tar): 54.02s
put_archive(/tmp/ktest-lustre.tar.gz): 47.06s
put_archive(/tmp/ktest_lustre_mainline_native_q_mnbrzx.tar): 13.34s
Job boot completed: SUCCESS (return code = 0, log: /tmp/ktest-results/boot.log)
Job sanity-1 completed: SUCCESS (return code = 0, log: /tmp/ktest-results/sanity-1.log)
Job mgs-setup completed: SUCCESS (return code = 0, log: /tmp/ktest-results/mgs-setup.log)
Job sanity-3 completed: SUCCESS (return code = 0, log: /tmp/ktest-results/sanity-3.log)
Job clang-tidy completed: SUCCESS (return code = 0, log: /tmp/ktest-results/clang-tidy.log)
Job sanity-2 completed: SUCCESS (return code = 0, log: /tmp/ktest-results/sanity-2.log)
Job sanity-4 completed: SUCCESS (return code = 0, log: /tmp/ktest-results/sanity-4.log)
Job llog-unit completed: SUCCESS (return code = 0, log: /tmp/ktest-results/llog-unit.log)
Job llmount completed: SUCCESS (return code = 0, log: /tmp/ktest-results/llmount.log)

============================================================
Final Results:
  checkpatch: SUCCESS (return code = 0, log: /tmp/ktest-results/checkpatch.log)
  lustre_u24: SUCCESS (return code = 0, log: /tmp/ktest-results/lustre_u24.log)
  lustre_al2023: SUCCESS (return code = 0, log: /tmp/ktest-results/lustre_al2023.log)
  lustre_mainline_strict: FAILED (return code = 1, log: /tmp/ktest-results/lustre_mainline_strict.log)
  lustre_mainline: SUCCESS (return code = 0, log: /tmp/ktest-results/lustre_mainline.log)
  lustre_mainline_native: SUCCESS (return code = 0, log: /tmp/ktest-results/lustre_mainline_native.log)
  clang-tidy: SUCCESS (return code = 0, log: /tmp/ktest-results/clang-tidy.log)
  cc-plugin: FAILED (return code = 127, log: /tmp/ktest-results/cc-plugin.log)
  boot: SUCCESS (return code = 0, log: /tmp/ktest-results/boot.log)
  llmount: SUCCESS (return code = 0, log: /tmp/ktest-results/llmount.log)
  llog-unit: SUCCESS (return code = 0, log: /tmp/ktest-results/llog-unit.log)
  mgs-setup: SUCCESS (return code = 0, log: /tmp/ktest-results/mgs-setup.log)
  sanity-1: SUCCESS (return code = 0, log: /tmp/ktest-results/sanity-1.log)
  sanity-2: SUCCESS (return code = 0, log: /tmp/ktest-results/sanity-2.log)
  sanity-3: SUCCESS (return code = 0, log: /tmp/ktest-results/sanity-3.log)
  sanity-4: SUCCESS (return code = 0, log: /tmp/ktest-results/sanity-4.log)