Creating kernel tarball at /tmp/ktest-kernel.tar.gz...
Creating lustre tarball at /tmp/ktest-lustre.tar.gz...
Executing 16 jobs with dependencies
Jobs will start as soon as their dependencies are satisfied

Starting job: lustre_mainline (ktest-out: /tmp/ktest_lustre_mainline_7yscxvfz)
Starting job: lustre_mainline_strict (ktest-out: /tmp/ktest_lustre_mainline_strict_jdc9nqun)
Starting job: lustre_mainline_native (ktest-out: /tmp/ktest_lustre_mainline_native_cyqkhgsn)
Starting job: checkpatch (ktest-out: /tmp/ktest_checkpatch_ezhufq5g)
Starting job: lustre_u24 (ktest-out: /tmp/ktest_lustre_u24_7y4v53xb)
Starting job: lustre_al2023 (ktest-out: /tmp/ktest_lustre_al2023_ibatglct)
put_archive(/tmp/ktest-kernel.tar.gz): 9.44s
put_archive(/tmp/ktest-kernel.tar.gz): 11.18s
put_archive(/tmp/ktest-kernel.tar.gz): 11.61s
put_archive(/tmp/ktest-kernel.tar.gz): 11.06s
put_archive(/tmp/ktest-kernel.tar.gz): 11.09s
put_archive(/tmp/ktest-kernel.tar.gz): 11.76s
put_archive(/tmp/ktest-lustre.tar.gz): 8.11s
put_archive(/tmp/ktest-lustre.tar.gz): 8.02s
put_archive(/tmp/ktest-lustre.tar.gz): 10.42s
put_archive(/tmp/ktest-lustre.tar.gz): 8.46s
put_archive(/tmp/ktest-lustre.tar.gz): 7.92s
put_archive(/tmp/ktest-lustre.tar.gz): 8.36s
Job checkpatch completed: FAILED (return code = 1, log: /tmp/ktest-results/checkpatch.log)
Job lustre_al2023 completed: SUCCESS (return code = 0, log: /tmp/ktest-results/lustre_al2023.log)
Job lustre_u24 completed: SUCCESS (return code = 0, log: /tmp/ktest-results/lustre_u24.log)
get_archive(ktest-out): 4.72s
Job lustre_mainline_strict completed: FAILED (return code = 1, log: /tmp/ktest-results/lustre_mainline_strict.log)
get_archive(ktest-out): 3.33s
get_archive(ktest-out): 3.29s
Job lustre_mainline_native completed: SUCCESS (return code = 0, log: /tmp/ktest-results/lustre_mainline_native.log)
Starting job: clang-tidy (ktest-out: /tmp/ktest_lustre_mainline_native_cyqkhgsn)
Starting job: cc-plugin (ktest-out: /tmp/ktest_lustre_mainline_native_cyqkhgsn)
Starting job: boot (ktest-out: /tmp/ktest_lustre_mainline_native_cyqkhgsn)
Starting job: llmount (ktest-out: /tmp/ktest_lustre_mainline_native_cyqkhgsn)
Starting job: llog-unit (ktest-out: /tmp/ktest_lustre_mainline_native_cyqkhgsn)
Starting job: mgs-setup (ktest-out: /tmp/ktest_lustre_mainline_native_cyqkhgsn)
Starting job: sanity-1 (ktest-out: /tmp/ktest_lustre_mainline_native_cyqkhgsn)
Starting job: sanity-2 (ktest-out: /tmp/ktest_lustre_mainline_native_cyqkhgsn)
Starting job: sanity-3 (ktest-out: /tmp/ktest_lustre_mainline_native_cyqkhgsn)
Starting job: sanity-4 (ktest-out: /tmp/ktest_lustre_mainline_native_cyqkhgsn)
Job lustre_mainline completed: SUCCESS (return code = 0, log: /tmp/ktest-results/lustre_mainline.log)
put_archive(/tmp/ktest_lustre_mainline_native_cyqkhgsn.tar): 1.76s
put_archive(/tmp/ktest_lustre_mainline_native_cyqkhgsn.tar): 37.89s
put_archive(/tmp/ktest_lustre_mainline_native_cyqkhgsn.tar): 38.12s
put_archive(/tmp/ktest-kernel.tar.gz): 36.94s
put_archive(/tmp/ktest_lustre_mainline_native_cyqkhgsn.tar): 38.01s
put_archive(/tmp/ktest-kernel.tar.gz): 38.48s
put_archive(/tmp/ktest_lustre_mainline_native_cyqkhgsn.tar): 37.00s
put_archive(/tmp/ktest_lustre_mainline_native_cyqkhgsn.tar): 38.48s
put_archive(/tmp/ktest-lustre.tar.gz): 77.96s
put_archive(/tmp/ktest-lustre.tar.gz): 78.20s
put_archive(/tmp/ktest_lustre_mainline_native_cyqkhgsn.tar): 78.43s
put_archive(/tmp/ktest_lustre_mainline_native_cyqkhgsn.tar): 77.72s
put_archive(/tmp/ktest_lustre_mainline_native_cyqkhgsn.tar): 37.49s
put_archive(/tmp/ktest_lustre_mainline_native_cyqkhgsn.tar): 37.59s
Job boot completed: SUCCESS (return code = 0, log: /tmp/ktest-results/boot.log)
Job llog-unit completed: SUCCESS (return code = 0, log: /tmp/ktest-results/llog-unit.log)
Job mgs-setup completed: SUCCESS (return code = 0, log: /tmp/ktest-results/mgs-setup.log)
Job cc-plugin completed: FAILED (return code = 127, log: /tmp/ktest-results/cc-plugin.log)
Job clang-tidy completed: SUCCESS (return code = 0, log: /tmp/ktest-results/clang-tidy.log)
Job sanity-3 completed: SUCCESS (return code = 0, log: /tmp/ktest-results/sanity-3.log)
Job sanity-4 completed: SUCCESS (return code = 0, log: /tmp/ktest-results/sanity-4.log)
Job llmount completed: SUCCESS (return code = 0, log: /tmp/ktest-results/llmount.log)
Job sanity-2 completed: SUCCESS (return code = 0, log: /tmp/ktest-results/sanity-2.log)
Job sanity-1 completed: SUCCESS (return code = 0, log: /tmp/ktest-results/sanity-1.log)

============================================================
Final Results:
  checkpatch: FAILED (return code = 1, log: /tmp/ktest-results/checkpatch.log)
  lustre_u24: SUCCESS (return code = 0, log: /tmp/ktest-results/lustre_u24.log)
  lustre_al2023: SUCCESS (return code = 0, log: /tmp/ktest-results/lustre_al2023.log)
  lustre_mainline_strict: FAILED (return code = 1, log: /tmp/ktest-results/lustre_mainline_strict.log)
  lustre_mainline: SUCCESS (return code = 0, log: /tmp/ktest-results/lustre_mainline.log)
  lustre_mainline_native: SUCCESS (return code = 0, log: /tmp/ktest-results/lustre_mainline_native.log)
  clang-tidy: SUCCESS (return code = 0, log: /tmp/ktest-results/clang-tidy.log)
  cc-plugin: FAILED (return code = 127, log: /tmp/ktest-results/cc-plugin.log)
  boot: SUCCESS (return code = 0, log: /tmp/ktest-results/boot.log)
  llmount: SUCCESS (return code = 0, log: /tmp/ktest-results/llmount.log)
  llog-unit: SUCCESS (return code = 0, log: /tmp/ktest-results/llog-unit.log)
  mgs-setup: SUCCESS (return code = 0, log: /tmp/ktest-results/mgs-setup.log)
  sanity-1: SUCCESS (return code = 0, log: /tmp/ktest-results/sanity-1.log)
  sanity-2: SUCCESS (return code = 0, log: /tmp/ktest-results/sanity-2.log)
  sanity-3: SUCCESS (return code = 0, log: /tmp/ktest-results/sanity-3.log)
  sanity-4: SUCCESS (return code = 0, log: /tmp/ktest-results/sanity-4.log)