Creating kernel tarball at /tmp/ktest-kernel.tar.gz...
Creating lustre tarball at /tmp/ktest-lustre.tar.gz...
Executing 16 jobs with dependencies
Jobs will start as soon as their dependencies are satisfied

Starting job: lustre_mainline (ktest-out: /tmp/ktest_lustre_mainline_7t35g8pr)
Starting job: lustre_al2023 (ktest-out: /tmp/ktest_lustre_al2023_acderzez)
Starting job: lustre_u24 (ktest-out: /tmp/ktest_lustre_u24_4vp1xt03)
Starting job: checkpatch (ktest-out: /tmp/ktest_checkpatch_jdfed7j1)
Starting job: lustre_mainline_strict (ktest-out: /tmp/ktest_lustre_mainline_strict_72s83qx3)
Starting job: lustre_mainline_native (ktest-out: /tmp/ktest_lustre_mainline_native_qcofs35u)
put_archive(/tmp/ktest-kernel.tar.gz): 7.92s
put_archive(/tmp/ktest-kernel.tar.gz): 8.58s
put_archive(/tmp/ktest-kernel.tar.gz): 9.08s
put_archive(/tmp/ktest-kernel.tar.gz): 8.40s
put_archive(/tmp/ktest-kernel.tar.gz): 8.57s
put_archive(/tmp/ktest-kernel.tar.gz): 8.00s
put_archive(/tmp/ktest-lustre.tar.gz): 8.15s
put_archive(/tmp/ktest-lustre.tar.gz): 8.32s
put_archive(/tmp/ktest-lustre.tar.gz): 8.51s
put_archive(/tmp/ktest-lustre.tar.gz): 9.85s
put_archive(/tmp/ktest-lustre.tar.gz): 8.09s
put_archive(/tmp/ktest-lustre.tar.gz): 7.97s
Job checkpatch completed: SUCCESS (return code = 0, log: /tmp/ktest-results/checkpatch.log)
Job lustre_al2023 completed: SUCCESS (return code = 0, log: /tmp/ktest-results/lustre_al2023.log)
Job lustre_u24 completed: SUCCESS (return code = 0, log: /tmp/ktest-results/lustre_u24.log)
get_archive(ktest-out): 3.61s
Job lustre_mainline_strict completed: FAILED (return code = 1, log: /tmp/ktest-results/lustre_mainline_strict.log)
get_archive(ktest-out): 3.30s
get_archive(ktest-out): 3.21s
Job lustre_mainline_native completed: SUCCESS (return code = 0, log: /tmp/ktest-results/lustre_mainline_native.log)
Starting job: clang-tidy (ktest-out: /tmp/ktest_lustre_mainline_native_qcofs35u)
Starting job: cc-plugin (ktest-out: /tmp/ktest_lustre_mainline_native_qcofs35u)
Starting job: boot (ktest-out: /tmp/ktest_lustre_mainline_native_qcofs35u)
Starting job: llmount (ktest-out: /tmp/ktest_lustre_mainline_native_qcofs35u)
Starting job: llog-unit (ktest-out: /tmp/ktest_lustre_mainline_native_qcofs35u)
Starting job: mgs-setup (ktest-out: /tmp/ktest_lustre_mainline_native_qcofs35u)
Starting job: sanity-1 (ktest-out: /tmp/ktest_lustre_mainline_native_qcofs35u)
Starting job: sanity-2 (ktest-out: /tmp/ktest_lustre_mainline_native_qcofs35u)
Starting job: sanity-3 (ktest-out: /tmp/ktest_lustre_mainline_native_qcofs35u)
Starting job: sanity-4 (ktest-out: /tmp/ktest_lustre_mainline_native_qcofs35u)
Job lustre_mainline completed: SUCCESS (return code = 0, log: /tmp/ktest-results/lustre_mainline.log)
put_archive(/tmp/ktest_lustre_mainline_native_qcofs35u.tar): 26.28s
put_archive(/tmp/ktest_lustre_mainline_native_qcofs35u.tar): 27.44s
put_archive(/tmp/ktest_lustre_mainline_native_qcofs35u.tar): 26.36s
put_archive(/tmp/ktest-kernel.tar.gz): 28.57s
put_archive(/tmp/ktest_lustre_mainline_native_qcofs35u.tar): 26.63s
put_archive(/tmp/ktest-lustre.tar.gz): 57.37s
put_archive(/tmp/ktest_lustre_mainline_native_qcofs35u.tar): 56.88s
put_archive(/tmp/ktest_lustre_mainline_native_qcofs35u.tar): 57.66s
put_archive(/tmp/ktest_lustre_mainline_native_qcofs35u.tar): 56.83s
put_archive(/tmp/ktest_lustre_mainline_native_qcofs35u.tar): 56.93s
put_archive(/tmp/ktest-kernel.tar.gz): 57.14s
put_archive(/tmp/ktest-lustre.tar.gz): 47.50s
put_archive(/tmp/ktest_lustre_mainline_native_qcofs35u.tar): 47.83s
put_archive(/tmp/ktest_lustre_mainline_native_qcofs35u.tar): 17.82s
Job clang-tidy completed: SUCCESS (return code = 0, log: /tmp/ktest-results/clang-tidy.log)
Job cc-plugin completed: FAILED (return code = 127, log: /tmp/ktest-results/cc-plugin.log)
Job sanity-3 completed: SUCCESS (return code = 0, log: /tmp/ktest-results/sanity-3.log)
Job boot completed: SUCCESS (return code = 0, log: /tmp/ktest-results/boot.log)
Job mgs-setup completed: SUCCESS (return code = 0, log: /tmp/ktest-results/mgs-setup.log)
Job llmount completed: SUCCESS (return code = 0, log: /tmp/ktest-results/llmount.log)
Job sanity-2 completed: SUCCESS (return code = 0, log: /tmp/ktest-results/sanity-2.log)
Job llog-unit completed: SUCCESS (return code = 0, log: /tmp/ktest-results/llog-unit.log)
Job sanity-4 completed: SUCCESS (return code = 0, log: /tmp/ktest-results/sanity-4.log)
Job sanity-1 completed: SUCCESS (return code = 0, log: /tmp/ktest-results/sanity-1.log)

============================================================
Final Results:
  checkpatch: SUCCESS (return code = 0, log: /tmp/ktest-results/checkpatch.log)
  lustre_u24: SUCCESS (return code = 0, log: /tmp/ktest-results/lustre_u24.log)
  lustre_al2023: SUCCESS (return code = 0, log: /tmp/ktest-results/lustre_al2023.log)
  lustre_mainline_strict: FAILED (return code = 1, log: /tmp/ktest-results/lustre_mainline_strict.log)
  lustre_mainline: SUCCESS (return code = 0, log: /tmp/ktest-results/lustre_mainline.log)
  lustre_mainline_native: SUCCESS (return code = 0, log: /tmp/ktest-results/lustre_mainline_native.log)
  clang-tidy: SUCCESS (return code = 0, log: /tmp/ktest-results/clang-tidy.log)
  cc-plugin: FAILED (return code = 127, log: /tmp/ktest-results/cc-plugin.log)
  boot: SUCCESS (return code = 0, log: /tmp/ktest-results/boot.log)
  llmount: SUCCESS (return code = 0, log: /tmp/ktest-results/llmount.log)
  llog-unit: SUCCESS (return code = 0, log: /tmp/ktest-results/llog-unit.log)
  mgs-setup: SUCCESS (return code = 0, log: /tmp/ktest-results/mgs-setup.log)
  sanity-1: SUCCESS (return code = 0, log: /tmp/ktest-results/sanity-1.log)
  sanity-2: SUCCESS (return code = 0, log: /tmp/ktest-results/sanity-2.log)
  sanity-3: SUCCESS (return code = 0, log: /tmp/ktest-results/sanity-3.log)
  sanity-4: SUCCESS (return code = 0, log: /tmp/ktest-results/sanity-4.log)