Creating kernel tarball at /tmp/ktest-kernel.tar.gz...
Creating lustre tarball at /tmp/ktest-lustre.tar.gz...
Executing 16 jobs with dependencies
Jobs will start as soon as their dependencies are satisfied

Starting job: lustre_u24 (ktest-out: /tmp/ktest_lustre_u24_bexlha0r)
Starting job: lustre_al2023 (ktest-out: /tmp/ktest_lustre_al2023_ju0ltxf0)
Starting job: lustre_mainline (ktest-out: /tmp/ktest_lustre_mainline_z0kxasux)
Starting job: lustre_mainline_native (ktest-out: /tmp/ktest_lustre_mainline_native_hi9umahq)
Starting job: checkpatch (ktest-out: /tmp/ktest_checkpatch__vufmv1z)
Starting job: lustre_mainline_strict (ktest-out: /tmp/ktest_lustre_mainline_strict_j4xzhy1_)
put_archive(/tmp/ktest-kernel.tar.gz): 7.05s
put_archive(/tmp/ktest-kernel.tar.gz): 7.81s
put_archive(/tmp/ktest-kernel.tar.gz): 8.08s
put_archive(/tmp/ktest-kernel.tar.gz): 7.57s
put_archive(/tmp/ktest-kernel.tar.gz): 8.15s
put_archive(/tmp/ktest-kernel.tar.gz): 8.23s
put_archive(/tmp/ktest-lustre.tar.gz): 3.11s
put_archive(/tmp/ktest-lustre.tar.gz): 3.41s
put_archive(/tmp/ktest-lustre.tar.gz): 3.00s
put_archive(/tmp/ktest-lustre.tar.gz): 5.40s
put_archive(/tmp/ktest-lustre.tar.gz): 2.89s
put_archive(/tmp/ktest-lustre.tar.gz): 3.33s
Job checkpatch completed: FAILED (return code = 1, log: /tmp/ktest-results/checkpatch.log)
Job lustre_al2023 completed: SUCCESS (return code = 0, log: /tmp/ktest-results/lustre_al2023.log)
Job lustre_u24 completed: SUCCESS (return code = 0, log: /tmp/ktest-results/lustre_u24.log)
get_archive(ktest-out): 4.78s
Job lustre_mainline_strict completed: FAILED (return code = 1, log: /tmp/ktest-results/lustre_mainline_strict.log)
get_archive(ktest-out): 3.33s
get_archive(ktest-out): 3.27s
Job lustre_mainline completed: SUCCESS (return code = 0, log: /tmp/ktest-results/lustre_mainline.log)
Job lustre_mainline_native completed: SUCCESS (return code = 0, log: /tmp/ktest-results/lustre_mainline_native.log)
Starting job: clang-tidy (ktest-out: /tmp/ktest_lustre_mainline_native_hi9umahq)
Starting job: cc-plugin (ktest-out: /tmp/ktest_lustre_mainline_native_hi9umahq)
Starting job: boot (ktest-out: /tmp/ktest_lustre_mainline_native_hi9umahq)
Starting job: llmount (ktest-out: /tmp/ktest_lustre_mainline_native_hi9umahq)
Starting job: llog-unit (ktest-out: /tmp/ktest_lustre_mainline_native_hi9umahq)
Starting job: mgs-setup (ktest-out: /tmp/ktest_lustre_mainline_native_hi9umahq)
Starting job: sanity-1 (ktest-out: /tmp/ktest_lustre_mainline_native_hi9umahq)
Starting job: sanity-2 (ktest-out: /tmp/ktest_lustre_mainline_native_hi9umahq)
Starting job: sanity-3 (ktest-out: /tmp/ktest_lustre_mainline_native_hi9umahq)
Starting job: sanity-4 (ktest-out: /tmp/ktest_lustre_mainline_native_hi9umahq)
put_archive(/tmp/ktest_lustre_mainline_native_hi9umahq.tar): 3.55s
put_archive(/tmp/ktest_lustre_mainline_native_hi9umahq.tar): 4.37s
put_archive(/tmp/ktest-kernel.tar.gz): 10.73s
put_archive(/tmp/ktest_lustre_mainline_native_hi9umahq.tar): 6.59s
put_archive(/tmp/ktest-lustre.tar.gz): 8.04s
put_archive(/tmp/ktest_lustre_mainline_native_hi9umahq.tar): 12.25s
put_archive(/tmp/ktest_lustre_mainline_native_hi9umahq.tar): 12.26s
put_archive(/tmp/ktest_lustre_mainline_native_hi9umahq.tar): 12.61s
put_archive(/tmp/ktest_lustre_mainline_native_hi9umahq.tar): 12.39s
put_archive(/tmp/ktest_lustre_mainline_native_hi9umahq.tar): 12.61s
put_archive(/tmp/ktest-kernel.tar.gz): 13.32s
put_archive(/tmp/ktest-lustre.tar.gz): 14.60s
put_archive(/tmp/ktest_lustre_mainline_native_hi9umahq.tar): 19.92s
Job boot completed: SUCCESS (return code = 0, log: /tmp/ktest-results/boot.log)
put_archive(/tmp/ktest_lustre_mainline_native_hi9umahq.tar): 3.48s
Job cc-plugin completed: FAILED (return code = 127, log: /tmp/ktest-results/cc-plugin.log)
Job clang-tidy completed: SUCCESS (return code = 0, log: /tmp/ktest-results/clang-tidy.log)
Job mgs-setup completed: SUCCESS (return code = 0, log: /tmp/ktest-results/mgs-setup.log)
Job sanity-1 completed: SUCCESS (return code = 0, log: /tmp/ktest-results/sanity-1.log)
Job llmount completed: SUCCESS (return code = 0, log: /tmp/ktest-results/llmount.log)
Job sanity-3 completed: SUCCESS (return code = 0, log: /tmp/ktest-results/sanity-3.log)
Job sanity-2 completed: SUCCESS (return code = 0, log: /tmp/ktest-results/sanity-2.log)
Job sanity-4 completed: SUCCESS (return code = 0, log: /tmp/ktest-results/sanity-4.log)
Job llog-unit completed: SUCCESS (return code = 0, log: /tmp/ktest-results/llog-unit.log)

============================================================
Final Results:
  checkpatch: FAILED (return code = 1, log: /tmp/ktest-results/checkpatch.log)
  lustre_u24: SUCCESS (return code = 0, log: /tmp/ktest-results/lustre_u24.log)
  lustre_al2023: SUCCESS (return code = 0, log: /tmp/ktest-results/lustre_al2023.log)
  lustre_mainline_strict: FAILED (return code = 1, log: /tmp/ktest-results/lustre_mainline_strict.log)
  lustre_mainline: SUCCESS (return code = 0, log: /tmp/ktest-results/lustre_mainline.log)
  lustre_mainline_native: SUCCESS (return code = 0, log: /tmp/ktest-results/lustre_mainline_native.log)
  clang-tidy: SUCCESS (return code = 0, log: /tmp/ktest-results/clang-tidy.log)
  cc-plugin: FAILED (return code = 127, log: /tmp/ktest-results/cc-plugin.log)
  boot: SUCCESS (return code = 0, log: /tmp/ktest-results/boot.log)
  llmount: SUCCESS (return code = 0, log: /tmp/ktest-results/llmount.log)
  llog-unit: SUCCESS (return code = 0, log: /tmp/ktest-results/llog-unit.log)
  mgs-setup: SUCCESS (return code = 0, log: /tmp/ktest-results/mgs-setup.log)
  sanity-1: SUCCESS (return code = 0, log: /tmp/ktest-results/sanity-1.log)
  sanity-2: SUCCESS (return code = 0, log: /tmp/ktest-results/sanity-2.log)
  sanity-3: SUCCESS (return code = 0, log: /tmp/ktest-results/sanity-3.log)
  sanity-4: SUCCESS (return code = 0, log: /tmp/ktest-results/sanity-4.log)