Creating kernel tarball at /tmp/ktest-kernel.tar.gz...
Creating lustre tarball at /tmp/ktest-lustre.tar.gz...
Executing 16 jobs with dependencies
Jobs will start as soon as their dependencies are satisfied

Starting job: checkpatch (ktest-out: /tmp/ktest_checkpatch__x87_1e5)
Starting job: lustre_mainline (ktest-out: /tmp/ktest_lustre_mainline_uc82gwzq)
Starting job: lustre_u24 (ktest-out: /tmp/ktest_lustre_u24_ssp7_eb9)
Starting job: lustre_mainline_strict (ktest-out: /tmp/ktest_lustre_mainline_strict_0szbknrr)
Starting job: lustre_mainline_native (ktest-out: /tmp/ktest_lustre_mainline_native_tu3g5k1x)
Starting job: lustre_al2023 (ktest-out: /tmp/ktest_lustre_al2023_u53i77m3)
put_archive(/tmp/ktest-kernel.tar.gz): 7.82s
put_archive(/tmp/ktest-kernel.tar.gz): 8.03s
put_archive(/tmp/ktest-kernel.tar.gz): 7.46s
put_archive(/tmp/ktest-kernel.tar.gz): 8.34s
put_archive(/tmp/ktest-kernel.tar.gz): 8.20s
put_archive(/tmp/ktest-kernel.tar.gz): 8.40s
put_archive(/tmp/ktest-lustre.tar.gz): 1.70s
put_archive(/tmp/ktest-lustre.tar.gz): 2.13s
put_archive(/tmp/ktest-lustre.tar.gz): 1.86s
put_archive(/tmp/ktest-lustre.tar.gz): 1.60s
put_archive(/tmp/ktest-lustre.tar.gz): 2.03s
put_archive(/tmp/ktest-lustre.tar.gz): 2.41s
Job checkpatch completed: FAILED (return code = 1, log: /tmp/ktest-results/checkpatch.log)
Job lustre_al2023 completed: SUCCESS (return code = 0, log: /tmp/ktest-results/lustre_al2023.log)
Job lustre_u24 completed: SUCCESS (return code = 0, log: /tmp/ktest-results/lustre_u24.log)
get_archive(ktest-out): 4.51s
Job lustre_mainline_strict completed: FAILED (return code = 1, log: /tmp/ktest-results/lustre_mainline_strict.log)
get_archive(ktest-out): 3.31s
get_archive(ktest-out): 3.24s
Job lustre_mainline completed: SUCCESS (return code = 0, log: /tmp/ktest-results/lustre_mainline.log)
Job lustre_mainline_native completed: SUCCESS (return code = 0, log: /tmp/ktest-results/lustre_mainline_native.log)
Starting job: clang-tidy (ktest-out: /tmp/ktest_lustre_mainline_native_tu3g5k1x)
Starting job: cc-plugin (ktest-out: /tmp/ktest_lustre_mainline_native_tu3g5k1x)
Starting job: boot (ktest-out: /tmp/ktest_lustre_mainline_native_tu3g5k1x)
Starting job: llmount (ktest-out: /tmp/ktest_lustre_mainline_native_tu3g5k1x)
Starting job: llog-unit (ktest-out: /tmp/ktest_lustre_mainline_native_tu3g5k1x)
Starting job: mgs-setup (ktest-out: /tmp/ktest_lustre_mainline_native_tu3g5k1x)
Starting job: sanity-1 (ktest-out: /tmp/ktest_lustre_mainline_native_tu3g5k1x)
Starting job: sanity-2 (ktest-out: /tmp/ktest_lustre_mainline_native_tu3g5k1x)
Starting job: sanity-3 (ktest-out: /tmp/ktest_lustre_mainline_native_tu3g5k1x)
Starting job: sanity-4 (ktest-out: /tmp/ktest_lustre_mainline_native_tu3g5k1x)
put_archive(/tmp/ktest_lustre_mainline_native_tu3g5k1x.tar): 1.49s
put_archive(/tmp/ktest_lustre_mainline_native_tu3g5k1x.tar): 6.87s
put_archive(/tmp/ktest_lustre_mainline_native_tu3g5k1x.tar): 7.63s
put_archive(/tmp/ktest_lustre_mainline_native_tu3g5k1x.tar): 6.75s
put_archive(/tmp/ktest_lustre_mainline_native_tu3g5k1x.tar): 6.76s
put_archive(/tmp/ktest-kernel.tar.gz): 7.98s
put_archive(/tmp/ktest_lustre_mainline_native_tu3g5k1x.tar): 7.12s
put_archive(/tmp/ktest-kernel.tar.gz): 7.27s
put_archive(/tmp/ktest_lustre_mainline_native_tu3g5k1x.tar): 7.14s
put_archive(/tmp/ktest_lustre_mainline_native_tu3g5k1x.tar): 7.40s
put_archive(/tmp/ktest-lustre.tar.gz): 17.60s
put_archive(/tmp/ktest-lustre.tar.gz): 17.44s
Job boot completed: SUCCESS (return code = 0, log: /tmp/ktest-results/boot.log)
put_archive(/tmp/ktest_lustre_mainline_native_tu3g5k1x.tar): 8.01s
put_archive(/tmp/ktest_lustre_mainline_native_tu3g5k1x.tar): 8.00s
Job cc-plugin completed: FAILED (return code = 127, log: /tmp/ktest-results/cc-plugin.log)
Job clang-tidy completed: SUCCESS (return code = 0, log: /tmp/ktest-results/clang-tidy.log)
Job mgs-setup completed: SUCCESS (return code = 0, log: /tmp/ktest-results/mgs-setup.log)
Job sanity-2 completed: SUCCESS (return code = 0, log: /tmp/ktest-results/sanity-2.log)
Job sanity-4 completed: SUCCESS (return code = 0, log: /tmp/ktest-results/sanity-4.log)
Job sanity-3 completed: SUCCESS (return code = 0, log: /tmp/ktest-results/sanity-3.log)
Job sanity-1 completed: SUCCESS (return code = 0, log: /tmp/ktest-results/sanity-1.log)
Job llog-unit completed: SUCCESS (return code = 0, log: /tmp/ktest-results/llog-unit.log)
Job llmount completed: SUCCESS (return code = 0, log: /tmp/ktest-results/llmount.log)

============================================================
Final Results:
  checkpatch: FAILED (return code = 1, log: /tmp/ktest-results/checkpatch.log)
  lustre_u24: SUCCESS (return code = 0, log: /tmp/ktest-results/lustre_u24.log)
  lustre_al2023: SUCCESS (return code = 0, log: /tmp/ktest-results/lustre_al2023.log)
  lustre_mainline_strict: FAILED (return code = 1, log: /tmp/ktest-results/lustre_mainline_strict.log)
  lustre_mainline: SUCCESS (return code = 0, log: /tmp/ktest-results/lustre_mainline.log)
  lustre_mainline_native: SUCCESS (return code = 0, log: /tmp/ktest-results/lustre_mainline_native.log)
  clang-tidy: SUCCESS (return code = 0, log: /tmp/ktest-results/clang-tidy.log)
  cc-plugin: FAILED (return code = 127, log: /tmp/ktest-results/cc-plugin.log)
  boot: SUCCESS (return code = 0, log: /tmp/ktest-results/boot.log)
  llmount: SUCCESS (return code = 0, log: /tmp/ktest-results/llmount.log)
  llog-unit: SUCCESS (return code = 0, log: /tmp/ktest-results/llog-unit.log)
  mgs-setup: SUCCESS (return code = 0, log: /tmp/ktest-results/mgs-setup.log)
  sanity-1: SUCCESS (return code = 0, log: /tmp/ktest-results/sanity-1.log)
  sanity-2: SUCCESS (return code = 0, log: /tmp/ktest-results/sanity-2.log)
  sanity-3: SUCCESS (return code = 0, log: /tmp/ktest-results/sanity-3.log)
  sanity-4: SUCCESS (return code = 0, log: /tmp/ktest-results/sanity-4.log)