Creating kernel tarball at /tmp/ktest-kernel.tar.gz...
Creating lustre tarball at /tmp/ktest-lustre.tar.gz...
Executing 16 jobs with dependencies
Jobs will start as soon as their dependencies are satisfied

Starting job: checkpatch (ktest-out: /tmp/ktest_checkpatch_xjcld02d)
Starting job: lustre_u24 (ktest-out: /tmp/ktest_lustre_u24_6ptb4kf_)
Starting job: lustre_mainline (ktest-out: /tmp/ktest_lustre_mainline_jzyajcy4)
Starting job: lustre_al2023 (ktest-out: /tmp/ktest_lustre_al2023_bx0e9ame)
Starting job: lustre_mainline_native (ktest-out: /tmp/ktest_lustre_mainline_native_nwvl0jkc)
Starting job: lustre_mainline_strict (ktest-out: /tmp/ktest_lustre_mainline_strict_x109x_6c)
put_archive(/tmp/ktest-kernel.tar.gz): 7.68s
put_archive(/tmp/ktest-kernel.tar.gz): 7.79s
put_archive(/tmp/ktest-kernel.tar.gz): 7.42s
put_archive(/tmp/ktest-kernel.tar.gz): 8.26s
put_archive(/tmp/ktest-kernel.tar.gz): 8.10s
put_archive(/tmp/ktest-kernel.tar.gz): 7.93s
put_archive(/tmp/ktest-lustre.tar.gz): 2.35s
put_archive(/tmp/ktest-lustre.tar.gz): 1.98s
put_archive(/tmp/ktest-lustre.tar.gz): 1.59s
put_archive(/tmp/ktest-lustre.tar.gz): 1.88s
put_archive(/tmp/ktest-lustre.tar.gz): 2.17s
put_archive(/tmp/ktest-lustre.tar.gz): 1.76s
Job checkpatch completed: SUCCESS (return code = 0, log: /tmp/ktest-results/checkpatch.log)
Job lustre_al2023 completed: SUCCESS (return code = 0, log: /tmp/ktest-results/lustre_al2023.log)
Job lustre_u24 completed: SUCCESS (return code = 0, log: /tmp/ktest-results/lustre_u24.log)
get_archive(ktest-out): 4.62s
Job lustre_mainline_strict completed: FAILED (return code = 1, log: /tmp/ktest-results/lustre_mainline_strict.log)
get_archive(ktest-out): 3.32s
get_archive(ktest-out): 3.26s
Job lustre_mainline completed: SUCCESS (return code = 0, log: /tmp/ktest-results/lustre_mainline.log)
Job lustre_mainline_native completed: SUCCESS (return code = 0, log: /tmp/ktest-results/lustre_mainline_native.log)
Starting job: clang-tidy (ktest-out: /tmp/ktest_lustre_mainline_native_nwvl0jkc)
Starting job: cc-plugin (ktest-out: /tmp/ktest_lustre_mainline_native_nwvl0jkc)
Starting job: boot (ktest-out: /tmp/ktest_lustre_mainline_native_nwvl0jkc)
Starting job: llmount (ktest-out: /tmp/ktest_lustre_mainline_native_nwvl0jkc)
Starting job: llog-unit (ktest-out: /tmp/ktest_lustre_mainline_native_nwvl0jkc)
Starting job: mgs-setup (ktest-out: /tmp/ktest_lustre_mainline_native_nwvl0jkc)
Starting job: sanity-1 (ktest-out: /tmp/ktest_lustre_mainline_native_nwvl0jkc)
Starting job: sanity-2 (ktest-out: /tmp/ktest_lustre_mainline_native_nwvl0jkc)
Starting job: sanity-3 (ktest-out: /tmp/ktest_lustre_mainline_native_nwvl0jkc)
Starting job: sanity-4 (ktest-out: /tmp/ktest_lustre_mainline_native_nwvl0jkc)
put_archive(/tmp/ktest_lustre_mainline_native_nwvl0jkc.tar): 1.25s
put_archive(/tmp/ktest_lustre_mainline_native_nwvl0jkc.tar): 3.39s
put_archive(/tmp/ktest_lustre_mainline_native_nwvl0jkc.tar): 6.86s
put_archive(/tmp/ktest-kernel.tar.gz): 7.75s
put_archive(/tmp/ktest_lustre_mainline_native_nwvl0jkc.tar): 8.59s
put_archive(/tmp/ktest_lustre_mainline_native_nwvl0jkc.tar): 8.60s
put_archive(/tmp/ktest_lustre_mainline_native_nwvl0jkc.tar): 8.56s
put_archive(/tmp/ktest_lustre_mainline_native_nwvl0jkc.tar): 8.56s
put_archive(/tmp/ktest-kernel.tar.gz): 8.96s
put_archive(/tmp/ktest_lustre_mainline_native_nwvl0jkc.tar): 9.27s
put_archive(/tmp/ktest-lustre.tar.gz): 18.33s
put_archive(/tmp/ktest-lustre.tar.gz): 18.92s
Job boot completed: SUCCESS (return code = 0, log: /tmp/ktest-results/boot.log)
put_archive(/tmp/ktest_lustre_mainline_native_nwvl0jkc.tar): 5.64s
put_archive(/tmp/ktest_lustre_mainline_native_nwvl0jkc.tar): 7.05s
Job cc-plugin completed: FAILED (return code = 127, log: /tmp/ktest-results/cc-plugin.log)
Job clang-tidy completed: SUCCESS (return code = 0, log: /tmp/ktest-results/clang-tidy.log)
Job mgs-setup completed: SUCCESS (return code = 0, log: /tmp/ktest-results/mgs-setup.log)
Job sanity-1 completed: SUCCESS (return code = 0, log: /tmp/ktest-results/sanity-1.log)
Job sanity-4 completed: SUCCESS (return code = 0, log: /tmp/ktest-results/sanity-4.log)
Job sanity-3 completed: SUCCESS (return code = 0, log: /tmp/ktest-results/sanity-3.log)
Job sanity-2 completed: SUCCESS (return code = 0, log: /tmp/ktest-results/sanity-2.log)
Job llmount completed: SUCCESS (return code = 0, log: /tmp/ktest-results/llmount.log)
Job llog-unit completed: SUCCESS (return code = 0, log: /tmp/ktest-results/llog-unit.log)

============================================================
Final Results:
  checkpatch: SUCCESS (return code = 0, log: /tmp/ktest-results/checkpatch.log)
  lustre_u24: SUCCESS (return code = 0, log: /tmp/ktest-results/lustre_u24.log)
  lustre_al2023: SUCCESS (return code = 0, log: /tmp/ktest-results/lustre_al2023.log)
  lustre_mainline_strict: FAILED (return code = 1, log: /tmp/ktest-results/lustre_mainline_strict.log)
  lustre_mainline: SUCCESS (return code = 0, log: /tmp/ktest-results/lustre_mainline.log)
  lustre_mainline_native: SUCCESS (return code = 0, log: /tmp/ktest-results/lustre_mainline_native.log)
  clang-tidy: SUCCESS (return code = 0, log: /tmp/ktest-results/clang-tidy.log)
  cc-plugin: FAILED (return code = 127, log: /tmp/ktest-results/cc-plugin.log)
  boot: SUCCESS (return code = 0, log: /tmp/ktest-results/boot.log)
  llmount: SUCCESS (return code = 0, log: /tmp/ktest-results/llmount.log)
  llog-unit: SUCCESS (return code = 0, log: /tmp/ktest-results/llog-unit.log)
  mgs-setup: SUCCESS (return code = 0, log: /tmp/ktest-results/mgs-setup.log)
  sanity-1: SUCCESS (return code = 0, log: /tmp/ktest-results/sanity-1.log)
  sanity-2: SUCCESS (return code = 0, log: /tmp/ktest-results/sanity-2.log)
  sanity-3: SUCCESS (return code = 0, log: /tmp/ktest-results/sanity-3.log)
  sanity-4: SUCCESS (return code = 0, log: /tmp/ktest-results/sanity-4.log)