Creating kernel tarball at /tmp/ktest-kernel.tar.gz...
Creating lustre tarball at /tmp/ktest-lustre.tar.gz...
Executing 16 jobs with dependencies
Jobs will start as soon as their dependencies are satisfied

Starting job: checkpatch (ktest-out: /tmp/ktest_checkpatch_j7wfq81d)
Starting job: lustre_mainline_strict (ktest-out: /tmp/ktest_lustre_mainline_strict_h5mrws5e)
Starting job: lustre_u24 (ktest-out: /tmp/ktest_lustre_u24_vfasdm5p)
Starting job: lustre_mainline (ktest-out: /tmp/ktest_lustre_mainline_6x1cq4mg)
Starting job: lustre_mainline_native (ktest-out: /tmp/ktest_lustre_mainline_native_uuxi30uw)
Starting job: lustre_al2023 (ktest-out: /tmp/ktest_lustre_al2023_7vvpw88d)
put_archive(/tmp/ktest-kernel.tar.gz): 8.18s
put_archive(/tmp/ktest-kernel.tar.gz): 8.49s
put_archive(/tmp/ktest-kernel.tar.gz): 7.79s
put_archive(/tmp/ktest-kernel.tar.gz): 8.49s
put_archive(/tmp/ktest-kernel.tar.gz): 8.17s
put_archive(/tmp/ktest-kernel.tar.gz): 8.82s
put_archive(/tmp/ktest-lustre.tar.gz): 2.01s
put_archive(/tmp/ktest-lustre.tar.gz): 2.29s
put_archive(/tmp/ktest-lustre.tar.gz): 1.75s
put_archive(/tmp/ktest-lustre.tar.gz): 2.18s
put_archive(/tmp/ktest-lustre.tar.gz): 1.91s
put_archive(/tmp/ktest-lustre.tar.gz): 1.66s
Job checkpatch completed: SUCCESS (return code = 0, log: /tmp/ktest-results/checkpatch.log)
Job lustre_al2023 completed: SUCCESS (return code = 0, log: /tmp/ktest-results/lustre_al2023.log)
Job lustre_u24 completed: SUCCESS (return code = 0, log: /tmp/ktest-results/lustre_u24.log)
get_archive(ktest-out): 4.67s
Job lustre_mainline_strict completed: FAILED (return code = 1, log: /tmp/ktest-results/lustre_mainline_strict.log)
get_archive(ktest-out): 3.23s
get_archive(ktest-out): 3.32s
Job lustre_mainline completed: SUCCESS (return code = 0, log: /tmp/ktest-results/lustre_mainline.log)
Job lustre_mainline_native completed: SUCCESS (return code = 0, log: /tmp/ktest-results/lustre_mainline_native.log)
Starting job: clang-tidy (ktest-out: /tmp/ktest_lustre_mainline_native_uuxi30uw)
Starting job: cc-plugin (ktest-out: /tmp/ktest_lustre_mainline_native_uuxi30uw)
Starting job: boot (ktest-out: /tmp/ktest_lustre_mainline_native_uuxi30uw)
Starting job: llmount (ktest-out: /tmp/ktest_lustre_mainline_native_uuxi30uw)
Starting job: llog-unit (ktest-out: /tmp/ktest_lustre_mainline_native_uuxi30uw)
Starting job: mgs-setup (ktest-out: /tmp/ktest_lustre_mainline_native_uuxi30uw)
Starting job: sanity-1 (ktest-out: /tmp/ktest_lustre_mainline_native_uuxi30uw)
Starting job: sanity-2 (ktest-out: /tmp/ktest_lustre_mainline_native_uuxi30uw)
Starting job: sanity-3 (ktest-out: /tmp/ktest_lustre_mainline_native_uuxi30uw)
Starting job: sanity-4 (ktest-out: /tmp/ktest_lustre_mainline_native_uuxi30uw)
put_archive(/tmp/ktest_lustre_mainline_native_uuxi30uw.tar): 3.95s
put_archive(/tmp/ktest_lustre_mainline_native_uuxi30uw.tar): 4.62s
put_archive(/tmp/ktest_lustre_mainline_native_uuxi30uw.tar): 5.18s
put_archive(/tmp/ktest_lustre_mainline_native_uuxi30uw.tar): 5.96s
put_archive(/tmp/ktest-kernel.tar.gz): 13.77s
put_archive(/tmp/ktest_lustre_mainline_native_uuxi30uw.tar): 12.22s
put_archive(/tmp/ktest_lustre_mainline_native_uuxi30uw.tar): 12.42s
put_archive(/tmp/ktest_lustre_mainline_native_uuxi30uw.tar): 12.87s
put_archive(/tmp/ktest-kernel.tar.gz): 12.97s
put_archive(/tmp/ktest_lustre_mainline_native_uuxi30uw.tar): 15.86s
put_archive(/tmp/ktest-lustre.tar.gz): 16.00s
put_archive(/tmp/ktest-lustre.tar.gz): 15.32s
put_archive(/tmp/ktest_lustre_mainline_native_uuxi30uw.tar): 6.33s
put_archive(/tmp/ktest_lustre_mainline_native_uuxi30uw.tar): 6.45s
Job boot completed: SUCCESS (return code = 0, log: /tmp/ktest-results/boot.log)
Job cc-plugin completed: FAILED (return code = 127, log: /tmp/ktest-results/cc-plugin.log)
Job mgs-setup completed: SUCCESS (return code = 0, log: /tmp/ktest-results/mgs-setup.log)
Job clang-tidy completed: SUCCESS (return code = 0, log: /tmp/ktest-results/clang-tidy.log)
Job llmount completed: SUCCESS (return code = 0, log: /tmp/ktest-results/llmount.log)
Job sanity-1 completed: SUCCESS (return code = 0, log: /tmp/ktest-results/sanity-1.log)
Job sanity-4 completed: SUCCESS (return code = 0, log: /tmp/ktest-results/sanity-4.log)
Job sanity-2 completed: SUCCESS (return code = 0, log: /tmp/ktest-results/sanity-2.log)
Job sanity-3 completed: SUCCESS (return code = 0, log: /tmp/ktest-results/sanity-3.log)
Job llog-unit completed: SUCCESS (return code = 0, log: /tmp/ktest-results/llog-unit.log)

============================================================
Final Results:
  checkpatch: SUCCESS (return code = 0, log: /tmp/ktest-results/checkpatch.log)
  lustre_u24: SUCCESS (return code = 0, log: /tmp/ktest-results/lustre_u24.log)
  lustre_al2023: SUCCESS (return code = 0, log: /tmp/ktest-results/lustre_al2023.log)
  lustre_mainline_strict: FAILED (return code = 1, log: /tmp/ktest-results/lustre_mainline_strict.log)
  lustre_mainline: SUCCESS (return code = 0, log: /tmp/ktest-results/lustre_mainline.log)
  lustre_mainline_native: SUCCESS (return code = 0, log: /tmp/ktest-results/lustre_mainline_native.log)
  clang-tidy: SUCCESS (return code = 0, log: /tmp/ktest-results/clang-tidy.log)
  cc-plugin: FAILED (return code = 127, log: /tmp/ktest-results/cc-plugin.log)
  boot: SUCCESS (return code = 0, log: /tmp/ktest-results/boot.log)
  llmount: SUCCESS (return code = 0, log: /tmp/ktest-results/llmount.log)
  llog-unit: SUCCESS (return code = 0, log: /tmp/ktest-results/llog-unit.log)
  mgs-setup: SUCCESS (return code = 0, log: /tmp/ktest-results/mgs-setup.log)
  sanity-1: SUCCESS (return code = 0, log: /tmp/ktest-results/sanity-1.log)
  sanity-2: SUCCESS (return code = 0, log: /tmp/ktest-results/sanity-2.log)
  sanity-3: SUCCESS (return code = 0, log: /tmp/ktest-results/sanity-3.log)
  sanity-4: SUCCESS (return code = 0, log: /tmp/ktest-results/sanity-4.log)