UPDATE ROOT IMAGE ... done
P+q6E616D65\[6n[32766;32766H[6n[!p]104[?7h[1G[0J]3008;start=ebd94366d7b94001b53d8c5b97219c55;user=root;hostname=lustre-bot-kvm;machineid=a79734507b7a4cd085276a3f8d51378f;bootid=3b5542112e114b2d8d8f3197acb0f4eb;pid=1;pidfdid=2;comm=systemd;type=boot\Kernel version: 6.14.0-ktest
hook init_noop

Running tests sanity-quick

========= TEST   sanity-quick

0a 0b 0c 0d 0e 1 2 3 4 5 6a 6c 6e 6g 6h 6i 7a 7b 8 9 10 11 12 13 14 15 16 17a 17b 17c 17d 17e 17f 17g 17h 17i 17k 17l 17m 17n 17o 17p 17q 18 19a 19b 19c 19d 20 21 22 23a 23b 23c 23d 24a 24b 24c 24d 24e 24f 24g 24h 24i 24j 24k 24l 24m 24n 24o 24p 24q 24r 24s 24t 24u 24v 24w 24x 24y 24z 24A 24B 24C 24E 24F 24G 24H 25a 25b 26a 26b 26c 26d 26e 26f 27a 27b 27ca 27cb 27cc 27cd 27ce 27cf 27cg 27d 27e 27f 27g 27ga 27i 27j 27k 27l 27m 27n 27o 27oo 27p 27q 27r 27s 27t 27u 27v 27w 27wa 27x 27y 27z 27A 27B 27Ca 27Cb 27Cc 27Cd 27Ce 27Cf 27Cg 27Ci 27Cj 27D 27E 27F 27G 27H 27I 27Ia 27J 27K 27L 27M 27N 27O 27P 27Q 27R 27T 27U 27V 27W 27X 28 29 30a 30b 30c 30d 31a 31b 31c 31d 31e 31f 31g 31h 31i 31j 31k 31l 31m 31n 31o 31p 31q 31r 32a 32b 32c 32d 32e 32f 32g 32h 32i 32j 32k 32l 32m 32n 32o 32p 32q 32r 33aa 33a 33b 33c 33d 33e 33f 33g 33h 33hh 33i 33j 34a 34b 34c 34d 34e 34f 34g 34h 35a 36a 36b 36c 36d 36e 36f 36g 36h 36i 38 39a 39b 39c 39d 39e 39f 39g 39h 39i 39j 39k 39l 39m 39n 39o 39p 39r 39q 39s 39u 40 41 42a 42b 42c 42d 42e 43A 43a 43b 43c 44A 44a 44b 44c 44d 44e 44f 44g 45 46 48a 48b 48c 48d 48e 48f 49 50 51a 51b 51c 51d 51e 51f 52a 52b 53 54a 54b 54c 54d 54e 55a 55b 55c 56a 56b 56bb 56bc 56bd 56c 56ca 56d 56e 56g 56h 56i 56ib 56j 56k 56l 56m 56n 56o 56ob 56oc 56od 56oe 56p 56q 56r 56ra 56rb 56rc 56rd 56re 56rf 56s 56t 56u 56v 56wa 56wb 56wc 56wd 56we 56x 56xB 56xC 56xD 56xa 56xab 56xb 56xc 56xd 56xe 56xf 56xg 56xh 56xi 56xj 56xk 56xl 56y 56z 56aa 56ab 56aca 56acb 56acc 56ba 56ca 56da 56db 56dc 56dd 56ea 56eaa 56eab 56eb 56ebb 56ec 56ed 56eda 56edb 56ef 56eg 56eh 56ei 56ej 56ek 57a 57b 58 59 60a 60b 60c 60d 60e 60f 60g 60h 60i 60j 61a 61b 63a 63b 64a 64b 64c 64d 64e 64f 64g 64h 64i 64j 65a 65b 65c 65d 65e 65f 65g 65h 65i 65j 65k 65l 65m 65n 65o 65p 65q 65r 66 69 70a 71 72a 72b 73 74a 74b 74c 76a 76b 77a 77b 77c 77d 77f 77g 77k 77l 77m 77n 77o 78 79 80 81a 81b 99 100 101a 101b 101c 101d 101e 101f 101g 101h 101i 101j 101m 102a 102b 102c 102d 102f 102h 102ha 102i 102j 102k 102l 102m 102n 102p 102q 102r 102s 102t 103a 103b 103c 103e 103f 104a 104b 104c 104d 105a 105b 105c 105d 105e 105f 105g 105h 105i 106 107 110 116a 116b 117 118a 118b 118c 118d 118f 118g 118h 118i 118j 118k 118l 118m 118n 119a 119b 119c 119e 119f 119g 119h 119i 119j 119m 119n 119o 119p 119q 120a 120b 120c 120d 120e 120f 120g 121 123aa 123ab 123ac 123ad 123b 123c 123d 123e 123f 123g 123h 123i 123j 123k 123l 124a 124b 124c 124d 125 126 127a 127b 127c 127d 127e 128 129 130a 130b 130c 130d 130e 130f 130g 130h 130i 131a 131b 131c 131d 131e 133a 133b 133c 133d 133e 133f 133g 133h 134a 134b 135 136 140 150a 150b 150bb 150c 150d 150e 150f 150g 150h 150ia 150ib 150ic 151 152 153 154A 154B 154C 154a 154b 154c 154d 154e 154ea 154f 154g 154h 154i 155a 155b 155c 155d 155e 155f 155g 155h 156 160a 160b 160c 160d 160e 160f 160g 160h 160i 160j 160k 160l 160m 160n 160o 160p 160q 160s 160t 160u 161a 161b 161c 161d 162a 162b 162c 165a 165b 165c 165d 165e 165f 165g 169 170a 170b 171 172 180a 180b 180c 181 182a 182b 183 184a 184b 184c 184d 184e 184f 185 185a 187a 187b 190a 190b 190c 200 204a 204b 204c 204d 204e 204f 204g 204h 205a 205b 205c 205d 205e 205f 205g 205h 205i 205k 205l 205m 206 207a 207b 208 209 210 212 213 214 215 216 217 218 219 220 221 222a 222b 223 224a 224b 224c 224d 225a 225b 226a 226b 226c 226d 226e 227 228a 228b 228c 229 230a 230b 230c 230d 230e 230f 230g 230h 230i 230j 230k 230l 230m 230n 230o 230p 230q 230r 230s 230t 230u 230v 230w 230x 230y 230z 230A 231a 231b 232a 232b 233a 233b 234 235 236 238 239A 239a 239b 240 241a 241b 242 243 244a 244b 245a 245b 247a 247b 247c 247d 247e 247f 247g 247h 248a 248b 248c 249 250 251a 251b 252 253 254 255a 255b 255c 256 257 258a 258b 259 260 270a 270b 270c 270d 270e 270f 270g 270h 270i 270j 271a 271b 271ba 271c 271d 271f 271g 272a 272b 272c 272d 272e 272f 273a 273b 273c 275 276 277 278 280 300a 300b 300c 300d 300e 300f 300g 300h 300i 300j 300k 300l 300m 300n 300o 300p 300q 300r 300s 300t 300ua 300ub 300uc 300ud 300ue 300uf 300ug 300uh 300ui 300uj 310a 310b 310c 311 312 313 314 315 316 317 318 319 350 360 398a 398b 398c 398d 398e 398f 398g 398h 398i 398j 398k 398l 398m 398n 398o 398p 398q 398r 398s 399a 399b 400a 400b 401a 401aa 401ab 401ac 401ad 401b 401c 401d 401db 401e 401f 401ga 401gb 401gc 402 403 404 405 406 407 408 409 410 411a 411b 412 413A 413a 413b 413c 413d 413e 413f 413g 413h 413i 413j 413k 413l 413z 414 415 416 417 418 419 420 421a 421b 421c 421d 421e 421f 421g 421h 422 423 424 425 426 427 428 429 430a 430b 430c 431 432 433 434 440 442 460d 600a 600b 600c 600d 801a 801b 801c 802b 802c 803a 803b 804 805 806 807a 807b 808 809 810 812a 812b 812c 813 814 815 816 817 818 819a 819b 820 823 831 832 833 834 842 850 851 852 853 854 900 901 902 903 904 905 906 907 908a 908b 909 910
17d 17e 17f 17g 17h 17i 17k 17l 17m 17n
17d,17e,17f,17g,17h,17i,17k,17l,17m,17n
SETUP LUSTRE ... libcfs: loading out-of-tree module taints kernel.
Key type ._llcrypt registered
Key type .llcrypt registered
libcfs: HW NUMA nodes: 1, HW CPU cores: 4, npartitions: 2
Lustre: Lustre: Build Version: 2.17.0_4_gaa1871c
LNet: Added LNI 10.0.2.15@tcp [8/256/0/180]
Lustre: Echo OBD driver; http://www.lustre.org/
Lustre: DEBUG MARKER: lustre-bot-kvm: executing set_hostid
Lustre: lustre-MDT0000: mounting server target with '-t lustre' deprecated, use '-t lustre_tgt'
Lustre: ctl-lustre-MDT0000: No data found on store. Initialize space.
Lustre: lustre-MDT0000: new disk, initializing
Lustre: lustre-MDT0000: Imperative Recovery not enabled, recovery window 300-900
Lustre: ctl-lustre-MDT0000: super-sequence allocation rc = 0 [0x0000000200000400-0x0000000240000400]:0:mdt
mount.lustre (2725) used greatest stack depth: 23536 bytes left
Lustre: Modifying parameter general.debug_raw_pointers=Y in log params
Lustre: ctl-lustre-MDT0000: super-sequence allocation rc = 0 [0x0000000240000400-0x0000000280000400]:0:ost
Lustre: cli-lustre-OST0000-super: Allocated super-sequence [0x0000000240000400-0x0000000280000400]:0:ost]
Lustre: lustre-OST0000-osc-MDT0000: update sequence from 0x100000000 to 0x240000400
Lustre: lustre-OST0001-osc-MDT0000: update sequence from 0x100010000 to 0x280000400
Lustre: lustre-MDT0000: local client f5ea403e-f329-4264-a9bb-832c5bbaddd0 w/o recovery
Lustre: client wants to enable acl, but mdt not!
Lustre: Mounted lustre-client
Lustre: DEBUG MARKER: Using TIMEOUT=100
Lustre: Setting parameter general.lod.*.mdt_hash=crush in log params
done
/workspace/lustre-release/lustre/tests/test-framework.sh: line 6805: cd: HOME not set
cat: /etc/system-release: No such file or directory
mgs: 
MGS_OS_ID=debian
MGS_OS_VERSION_CODE=0
MGS_OS_ID_LIKE= debian
cat: /etc/system-release: No such file or directory
mds1: 
MDS1_OS_ID=debian
MDS1_OS_VERSION_CODE=0
MDS1_OS_ID_LIKE= debian
cat: /etc/system-release: No such file or directory
ost1: 
OST1_OS_VERSION_CODE=0
OST1_OS_ID=debian
OST1_OS_ID_LIKE= debian
cat: /etc/system-release: No such file or directory
client: 
CLIENT_OS_ID_LIKE= debian
CLIENT_OS_ID=debian
CLIENT_OS_VERSION_CODE=0
Started at Sun Jan 18 04:51:04 UTC 2026
lustre-bot-kvm: executing check_config_client /mnt/lustre
Lustre: DEBUG MARKER: lustre-bot-kvm: executing check_config_client /mnt/lustre
lustre-bot-kvm: Checking config lustre mounted on /mnt/lustre
Checking servers environments
Checking clients lustre-bot-kvm environments
lustre-bot-kvm: executing check_logdir /tmp/test_logs/2026-01-18/045104
Lustre: DEBUG MARKER: lustre-bot-kvm: executing check_logdir /tmp/test_logs/2026-01-18/045104
Logging to shared log directory: /tmp/test_logs/2026-01-18/045104
lustre-bot-kvm: executing yml_node
Lustre: DEBUG MARKER: lustre-bot-kvm: executing yml_node
Client: 2.17.0.4
Lustre: DEBUG MARKER: Client: 2.17.0.4
MDS: 2.17.0.4
Lustre: DEBUG MARKER: MDS: 2.17.0.4
OSS: 2.17.0.4
Lustre: DEBUG MARKER: OSS: 2.17.0.4
running: sanity ONLY=17d 17e 17f 17g 17h 17i 17k 17l 17m 17n 
run_suite sanity /workspace/lustre-release/lustre/tests/sanity.sh
-----============= acceptance-small: sanity ============----- Sun Jan 18 04:51:05 UTC 2026
Lustre: DEBUG MARKER: -----============= acceptance-small: sanity ============----- Sun Jan 18 04:51:05 UTC 2026
Running: bash /workspace/lustre-release/lustre/tests/sanity.sh
cat: /etc/system-release: No such file or directory
mgs: 
MGS_OS_ID=debian
MGS_OS_VERSION_CODE=0
MGS_OS_ID_LIKE= debian debian
cat: /etc/system-release: No such file or directory
mds1: 
MDS1_OS_ID=debian
MDS1_OS_VERSION_CODE=0
MDS1_OS_ID_LIKE= debian debian
cat: /etc/system-release: No such file or directory
ost1: 
OST1_OS_VERSION_CODE=0
OST1_OS_ID=debian
OST1_OS_ID_LIKE= debian debian
cat: /etc/system-release: No such file or directory
client: 
CLIENT_OS_ID_LIKE= debian debian
CLIENT_OS_ID=debian
CLIENT_OS_VERSION_CODE=0
lustre-bot-kvm: /workspace/lustre-release/lustre/tests/except/sanity.0f.ex
lustre-bot-kvm: /workspace/lustre-release/lustre/tests/except/sanity.ex
- see CLIENT_VERSION > v2_15_63-134-gdacc4b6d38 (34668548 > 34553734) for LU-15963, go 312
- need MDS1_VERSION < v2_14_55-100-g8a84c7f9c7 (34668548 < 34486116) for LU-14927, skip 0f
Lustre: DEBUG MARKER: - need MDS1_VERSION < v2_14_55-100-g8a84c7f9c7 (34668548 < 34486116) for LU-14927, skip 0f
- see MDS1_VERSION <= CLIENT_VERSION (34668548 <= 34668548) for LU-18562, go 270a
- need MDS1_VERSION <= 2.14.55-100-g8a84c7f9c7 (34668548 <= 34486116) for LU-14927, skip 0f
Lustre: DEBUG MARKER: - need MDS1_VERSION <= 2.14.55-100-g8a84c7f9c7 (34668548 <= 34486116) for LU-14927, skip 0f
excepting tests: 442 460d 600a 600b 600c 600d_base 600d 801a 801b 801c 802b 802c 803a 803b 804 805 806 807a 807b 808 809 810 812a 812b 812c 813 814 815 816 817 818 819a 819b 820 823 831 832 833 834 842 850 851 852 853 854 900 901 902 903 904 905 906 907 908a 908b 909 910 42a 42c 42b 118c 118d 407 119i 817 0f 27A 53 66 270a 119e 119f 119g 119h 156 17o 27oo 27z 27F 60a 64i 232 257 278 280 427 801c 818 820 17a 17b 17e 17g 17i 17p 21 25a 25b 26a 26c 26d 26e 26f 27ga 27Q 28 32e 32f 32g 32h 32m 32n 32o 32p 48a 54a 54c 54d 56l 56m 56n 56rd 56xb 56eb 56eg 56eh 56ei 133a 140 170b 162a 226a 27p 27q 34a 31g 31l 31m 36g 44f 130a 130b 130c 130d 130e 130i 430a 51b 56ab 81b 220 413 418 806 52a 52b 102a 102h 102i 102r 102t 154B 154f 154g 160 161c 161d 205a 65k 807 808 812 56 65e 65a 406 205h 208 165 224d 226d 255 258 272 275 277 311 410 414 419 831 313 314 315 317 200 350 398 399 403 404 408 432 433 398a 405 411 421 27Cg 27U 422 424 425 426 428 429 434 442 430b 430c 431 814 833 850 801a 801b 802b 810 812b 842 851 901 903
Lustre: DEBUG MARKER: excepting tests: 442 460d 600a 600b 600c 600d_base 600d 801a 801b 801c 802b 802c 803a 803b 804 805 806 807a 807b 808 809 810 812a 812b 812c 813 814 815 816 817 818 819a 819b 820 823 831 832 833 834 842 850 851 852 853 854 900 901 902 903 904 905 906 907 9
skipping tests SLOW=no: 27m 60i 64b 68 71 135 136 230d 300o 842
Lustre: DEBUG MARKER: skipping tests SLOW=no: 27m 60i 64b 68 71 135 136 230d 300o 842
=== sanity: start setup 04:51:05 (1768711865) ===
Lustre: DEBUG MARKER: === sanity: start setup 04:51:05 (1768711865) ===
lustre-bot-kvm: executing check_config_client /mnt/lustre
Lustre: DEBUG MARKER: lustre-bot-kvm: executing check_config_client /mnt/lustre
lustre-bot-kvm: Checking config lustre mounted on /mnt/lustre
Checking servers environments
Checking clients lustre-bot-kvm environments
Using TIMEOUT=100
Lustre: DEBUG MARKER: Using TIMEOUT=100
osc.lustre-OST0000-osc-ffff88810f134000.idle_timeout=debug
osc.lustre-OST0001-osc-ffff88810f134000.idle_timeout=debug
disable quota as required
Lustre: 5058:0:(mgs_llog.c:1348:mgs_modify_param()) MGS: modify general/lod.*.mdt_hash=crush (mode = 0) failed: rc = -17
=== sanity: finish setup 04:51:06 (1768711866) ===
Lustre: DEBUG MARKER: === sanity: finish setup 04:51:06 (1768711866) ===
running as uid/gid/euid/egid 1000/1000/1000/1000, groups: 1000
 [true]
running as uid/gid/euid/egid 1000/1000/1000/1000, groups: 1000
 [touch] [/mnt/lustre/d0_runas_test/f4198]
preparing for tests involving mounts
mke2fs 1.47.2 (1-Jan-2025)

debug=all

== sanity test 17d: symlinks: create dangling ============ 04:51:06 (1768711866)
Lustre: DEBUG MARKER: == sanity test 17d: symlinks: create dangling ============ 04:51:06 (1768711866)
ln: failed to create symbolic link '/mnt/lustre/d17d.sanity/f17d.sanity': Operation not supported
touch (5264) used greatest stack depth: 23480 bytes left
PASS 17d (0s)

== sanity test 17e: symlinks: create recursive symlink (should return error) ========================================================== 04:51:06 (1768711866)
Lustre: DEBUG MARKER: == sanity test 17e: symlinks: create recursive symlink (should return error) ========================================================== 04:51:06 (1768711866)
ln: failed to create symbolic link '/mnt/lustre/d17e.sanity/f17e.sanity': Operation not supported
 sanity test_17e: @@@@@@ FAIL: create symlink failed 
Lustre: DEBUG MARKER: sanity test_17e: @@@@@@ FAIL: create symlink failed
  Trace dump:
  = /workspace/lustre-release/lustre/tests/test-framework.sh:7319:error()
  = /workspace/lustre-release/lustre/tests/sanity.sh:641:test_17e()
  = /workspace/lustre-release/lustre/tests/test-framework.sh:7695:run_one()
  = /workspace/lustre-release/lustre/tests/test-framework.sh:7758:run_one_logged()
  = /workspace/lustre-release/lustre/tests/test-framework.sh:7558:run_test()
  = /workspace/lustre-release/lustre/tests/sanity.sh:645:main()
Dumping lctl log to /tmp/test_logs/2026-01-18/045104/sanity.test_17e.*.1768711866.log
Dumping logs only on local client.
FAIL 17e (0s)

== sanity test 17f: symlinks: long and very long symlink name ========================================================== 04:51:06 (1768711866)
Lustre: DEBUG MARKER: == sanity test 17f: symlinks: long and very long symlink name ========================================================== 04:51:06 (1768711866)
ln: failed to create symbolic link '/mnt/lustre/d17f.sanity/111': Operation not supported
ln: failed to create symbolic link '/mnt/lustre/d17f.sanity/222': Operation not supported
ln: failed to create symbolic link '/mnt/lustre/d17f.sanity/333': Operation not supported
ln: failed to create symbolic link '/mnt/lustre/d17f.sanity/444': Operation not supported
ln: failed to create symbolic link '/mnt/lustre/d17f.sanity/555': Operation not supported
ln: failed to create symbolic link '/mnt/lustre/d17f.sanity/666': Operation not supported
total 0
PASS 17f (0s)

== sanity test 17g: symlinks: really long symlink name and inode boundaries ========================================================== 04:51:06 (1768711866)
Lustre: DEBUG MARKER: == sanity test 17g: symlinks: really long symlink name and inode boundaries ========================================================== 04:51:06 (1768711866)
ln: failed to create symbolic link '/mnt/lustre/d17g.sanity/f59': Operation not supported
 sanity test_17g: @@@@@@ FAIL: failed 59-char symlink 
Lustre: DEBUG MARKER: sanity test_17g: @@@@@@ FAIL: failed 59-char symlink
  Trace dump:
  = /workspace/lustre-release/lustre/tests/test-framework.sh:7319:error()
  = /workspace/lustre-release/lustre/tests/sanity.sh:686:test_17g()
  = /workspace/lustre-release/lustre/tests/test-framework.sh:7695:run_one()
  = /workspace/lustre-release/lustre/tests/test-framework.sh:7758:run_one_logged()
  = /workspace/lustre-release/lustre/tests/test-framework.sh:7558:run_test()
  = /workspace/lustre-release/lustre/tests/sanity.sh:690:main()
Dumping lctl log to /tmp/test_logs/2026-01-18/045104/sanity.test_17g.*.1768711866.log
Dumping logs only on local client.
FAIL 17g (0s)

== sanity test 17h: create objects: lov_free_memmd() doesn't lbug ========================================================== 04:51:06 (1768711866)
Lustre: DEBUG MARKER: == sanity test 17h: create objects: lov_free_memmd() doesn't lbug ========================================================== 04:51:06 (1768711866)
fail_loc=0x80000141
PASS 17h (1s)

== sanity test 17i: don't panic on short symlink (should return error) ========================================================== 04:51:07 (1768711867)
Lustre: DEBUG MARKER: == sanity test 17i: don't panic on short symlink (should return error) ========================================================== 04:51:07 (1768711867)
ln: failed to create symbolic link '/mnt/lustre/d17i.sanity/f17i.sanity': Operation not supported
 sanity test_17i: @@@@@@ FAIL: create symlink failed 
Lustre: DEBUG MARKER: sanity test_17i: @@@@@@ FAIL: create symlink failed
  Trace dump:
  = /workspace/lustre-release/lustre/tests/test-framework.sh:7319:error()
  = /workspace/lustre-release/lustre/tests/sanity.sh:716:test_17i()
  = /workspace/lustre-release/lustre/tests/test-framework.sh:7695:run_one()
  = /workspace/lustre-release/lustre/tests/test-framework.sh:7758:run_one_logged()
  = /workspace/lustre-release/lustre/tests/test-framework.sh:7558:run_test()
  = /workspace/lustre-release/lustre/tests/sanity.sh:722:main()
Dumping lctl log to /tmp/test_logs/2026-01-18/045104/sanity.test_17i.*.1768711867.log
Dumping logs only on local client.
FAIL 17i (0s)

== sanity test 17k: symlinks: rsync with xattrs enabled == 04:51:07 (1768711867)
Lustre: DEBUG MARKER: == sanity test 17k: symlinks: rsync with xattrs enabled == 04:51:07 (1768711867)
ln: failed to create symbolic link '/mnt/lustre/d17k.sanity/f17k.sanity.lnk': Operation not supported
sending incremental file list
f17k.sanity

sent 202 bytes  received 37 bytes  478.00 bytes/sec
total size is 0  speedup is 0.00
PASS 17k (0s)

== sanity test 17l: Ensure lgetxattr's returned xattr size is consistent ========================================================== 04:51:07 (1768711867)
Lustre: DEBUG MARKER: == sanity test 17l: Ensure lgetxattr's returned xattr size is consistent ========================================================== 04:51:07 (1768711867)
touch (6023) used greatest stack depth: 23416 bytes left
ln: failed to create symbolic link '/mnt/lustre/d17l.sanity/f17l.sanity.lnk': Operation not supported
PASS 17l (0s)

== sanity test 17m: run e2fsck against MDT which contains short/long symlink ========================================================== 04:51:07 (1768711867)
Lustre: DEBUG MARKER: == sanity test 17m: run e2fsck against MDT which contains short/long symlink ========================================================== 04:51:07 (1768711867)

 SKIP: sanity test_17m ldiskfs only test
Lustre: DEBUG MARKER: SKIP: sanity test_17m ldiskfs only test
SKIP 17m (0s)

== sanity test 17n: run e2fsck against master/slave MDT which contains remote dir ========================================================== 04:51:07 (1768711867)
Lustre: DEBUG MARKER: == sanity test 17n: run e2fsck against master/slave MDT which contains remote dir ========================================================== 04:51:07 (1768711867)

 SKIP: sanity test_17n needs >= 2 MDTs
Lustre: DEBUG MARKER: SKIP: sanity test_17n needs >= 2 MDTs
SKIP 17n (0s)
resend_count is set to 4 4
resend_count is set to 4 4
resend_count is set to 4 4
resend_count is set to 4 4
resend_count is set to 4 4
== sanity test complete, duration 3 sec ================== 04:51:08 (1768711868)
Lustre: DEBUG MARKER: == sanity test complete, duration 3 sec ================== 04:51:08 (1768711868)
sanity: FAIL: test_17e create symlink failed
sanity: FAIL: test_17g failed 59-char symlink
sanity: FAIL: test_17i create symlink failed
=== sanity: start cleanup 04:51:08 (1768711868) ===
Lustre: DEBUG MARKER: === sanity: start cleanup 04:51:08 (1768711868) ===
skip cleanup
=== sanity: finish cleanup 04:51:08 (1768711868) ===
Lustre: DEBUG MARKER: === sanity: finish cleanup 04:51:08 (1768711868) ===
debug=super ioctl neterror warning dlmtrace error emerg ha rpctrace vfstrace config console lfsck
sanity returned 1
Finished at Sun Jan 18 04:51:08 UTC 2026 in 4s
/workspace/lustre-release/lustre/tests/auster: completed with rc 0
CLEANUP LUSTRE ... Lustre: setting import lustre-MDT0000_UUID INACTIVE by administrator request
LustreError: 7670:0:(file.c:249:ll_close_inode_openhandle()) lustre-clilmv-ffff88810f134000: inode [0x200000401:0x18:0x0] mdc close failed: rc = -108
LustreError: 7670:0:(obd_class.h:479:obd_check_dev()) Device 20 not setup
Lustre: Unmounted lustre-client
------------[ cut here ]------------
BUG: Dentry 00000000aaa83c10{i=20000000a000000,n=20000000a}  still in use (1) [unmount of wbcfs wbcfs]
WARNING: CPU: 3 PID: 7699 at fs/dcache.c:1572 umount_check+0x154/0x1a0
Modules linked in: lustre(O) osp(O) ofd(O) lod(O) mdt(O) mdd(O) mgs(O) osd_wbcfs(O) osd(O) lquota(O) lfsck(O) obdecho(O) mgc(O) mdc(O) lov(O) osc(O) lmv(O) ec(O) fid(O) fld(O) ptlrpc(O) obdclass(O) ksocklnd(O) lnet(O) libcfs(O)
CPU: 3 UID: 0 PID: 7699 Comm: umount Tainted: G           O       6.14.0-ktest #1
Tainted: [O]=OOT_MODULE
Hardware name: QEMU Standard PC (Q35 + ICH9, 2009), BIOS 1.16.3-debian-1.16.3-2 04/01/2014
RIP: 0010:umount_check+0x154/0x1a0
Code: f7 ff 4d 8b 0f 49 81 c5 38 06 00 00 48 c7 c7 40 43 d0 82 48 89 de 4c 89 f2 48 89 d9 41 89 e8 41 55 e8 50 1b 7e ff 48 83 c4 08 <0f> 0b 31 c0 5b 41 5c 41 5d 41 5e 41 5f 5d c3 89 f9 80 e1 07 80 c1
RSP: 0018:ffffc9000ec575c8 EFLAGS: 00010282
RAX: 7d918b3e859a2900 RBX: ffff888106a711a0 RCX: 0000000000000027
RDX: 0000000000000001 RSI: 0000000000000004 RDI: ffff8881593a8d90
RBP: 0000000000000001 R08: ffff8881593a8d93 R09: 1ffff1102b2751b2
R10: dffffc0000000000 R11: ffffed102b2751b3 R12: dffffc0000000000
R13: ffff88811a5fa638 R14: 020000000a000000 R15: ffffffffa1504560
FS:  00007f6a15a23840(0000) GS:ffff888159380000(0000) knlGS:0000000000000000
CS:  0010 DS: 0000 ES: 0000 CR0: 0000000080050033
CR2: 00007f026ae32000 CR3: 000000010d1c4000 CR4: 0000000000750eb0
PKRU: 55555554
Call Trace:
 <TASK>
 ? __warn+0x134/0x330
 ? umount_check+0x154/0x1a0
 ? umount_check+0x154/0x1a0
 ? report_bug+0x2e0/0x4d0
 ? handle_bug+0x5e/0x90
 ? exc_invalid_op+0x1a/0x50
 ? asm_exc_invalid_op+0x1a/0x20
 ? umount_check+0x154/0x1a0
 ? __d_free+0x20/0x20
 d_walk+0x2c9/0x490
 do_one_tree+0x32/0xd0
 shrink_dcache_for_umount+0x7c/0x110
 generic_shutdown_super+0x67/0x320
 kill_litter_super+0x67/0xa0
 deactivate_locked_super+0x95/0xe0
 cleanup_mnt+0x1e3/0x3d0
 mntput_no_expire+0x4c7/0x550
 ? shrink_dcache_sb+0x8a/0xe0
 osd_umount+0x108/0x260 [osd_wbcfs]
 osd_device_fini+0x132/0x2c0 [osd_wbcfs]
 class_cleanup+0x10b8/0x1ae0 [obdclass]
 ? _raw_spin_unlock+0x23/0x30
 ? class_name2obd+0x169/0x1a0 [obdclass]
 class_process_config+0x1f78/0x76e0 [obdclass]
 ? __kasan_kmalloc+0x72/0x80
 ? class_manual_cleanup+0xc49/0x1e90 [obdclass]
 class_manual_cleanup+0xda5/0x1e90 [obdclass]
 osd_obd_disconnect+0x18a/0x310 [osd_wbcfs]
 obd_disconnect+0x171/0x460 [obdclass]
 lustre_put_lsi+0x2e9/0x20f0 [obdclass]
 server_put_super+0x3a5a/0x5360 [ptlrpc]
 ? _raw_spin_unlock+0x23/0x30
 generic_shutdown_super+0x101/0x320
 kill_anon_super+0x3d/0x70
 deactivate_locked_super+0x95/0xe0
 cleanup_mnt+0x1e3/0x3d0
 task_work_run+0x100/0x170
 resume_user_mode_work+0x3a/0x50
 syscall_exit_to_user_mode+0x76/0xb0
 do_syscall_64+0x78/0x140
 entry_SYSCALL_64_after_hwframe+0x4b/0x53
RIP: 0033:0x7f6a15c7a217
Code: 0d 00 f7 d8 64 89 02 b8 ff ff ff ff c3 66 0f 1f 44 00 00 31 f6 e9 09 00 00 00 66 0f 1f 84 00 00 00 00 00 b8 a6 00 00 00 0f 05 <48> 3d 00 f0 ff ff 77 01 c3 48 8b 15 b1 5b 0d 00 f7 d8 64 89 02 b8
RSP: 002b:00007ffdcf1f6e28 EFLAGS: 00000202 ORIG_RAX: 00000000000000a6
RAX: 0000000000000000 RBX: 0000000000000001 RCX: 00007f6a15c7a217
RDX: 0000000000000001 RSI: 0000000000000001 RDI: 0000558972fc0600
RBP: 00007f6a15dda26c R08: 00007ffdcf1f5c10 R09: 00000000ffffffff
R10: 0000000000000000 R11: 0000000000000202 R12: 0000558972fbce78
R13: 0000558972fc0600 R14: 0000558972fbcd70 R15: 0000558972fbd1b0
 </TASK>
---[ end trace 0000000000000000 ]---
------------[ cut here ]------------
VFS: Busy inodes after unmount of wbcfs (wbcfs)
WARNING: CPU: 3 PID: 7699 at fs/super.c:652 generic_shutdown_super+0x179/0x320
Modules linked in: lustre(O) osp(O) ofd(O) lod(O) mdt(O) mdd(O) mgs(O) osd_wbcfs(O) osd(O) lquota(O) lfsck(O) obdecho(O) mgc(O) mdc(O) lov(O) osc(O) lmv(O) ec(O) fid(O) fld(O) ptlrpc(O) obdclass(O) ksocklnd(O) lnet(O) libcfs(O)
CPU: 3 UID: 0 PID: 7699 Comm: umount Tainted: G        W  O       6.14.0-ktest #1
Tainted: [W]=WARN, [O]=OOT_MODULE
Hardware name: QEMU Standard PC (Q35 + ICH9, 2009), BIOS 1.16.3-debian-1.16.3-2 04/01/2014
RIP: 0010:generic_shutdown_super+0x179/0x320
Code: 24 4c 89 e0 48 c1 e8 03 42 80 3c 28 00 74 08 4c 89 e7 e8 da e0 fb ff 49 8b 14 24 48 c7 c7 20 f6 cf 82 4c 89 fe e8 d7 9b 82 ff <0f> 0b 4c 8d bb 80 08 00 00 4c 89 ff e8 c6 fe 03 01 42 80 7c 2d 00
RSP: 0018:ffffc9000ec576c8 EFLAGS: 00010246
RAX: 7d918b3e859a2900 RBX: ffff88811a5fa000 RCX: 0000000000000027
RDX: 0000000000000001 RSI: 0000000000000004 RDI: ffff8881593a8d90
RBP: 1ffff110234bf518 R08: ffff8881593a8d93 R09: 1ffff1102b2751b2
R10: dffffc0000000000 R11: ffffed102b2751b3 R12: ffffffffa1504560
R13: dffffc0000000000 R14: ffff88811a5fa8c0 R15: ffff88811a5fa638
FS:  00007f6a15a23840(0000) GS:ffff888159380000(0000) knlGS:0000000000000000
CS:  0010 DS: 0000 ES: 0000 CR0: 0000000080050033
CR2: 00007f026ae32000 CR3: 000000010d1c4000 CR4: 0000000000750eb0
PKRU: 55555554
Call Trace:
 <TASK>
 ? __warn+0x134/0x330
 ? generic_shutdown_super+0x179/0x320
 ? generic_shutdown_super+0x179/0x320
 ? report_bug+0x2e0/0x4d0
 ? handle_bug+0x5e/0x90
 ? exc_invalid_op+0x1a/0x50
 ? asm_exc_invalid_op+0x1a/0x20
 ? generic_shutdown_super+0x179/0x320
 ? generic_shutdown_super+0x179/0x320
 kill_litter_super+0x67/0xa0
 deactivate_locked_super+0x95/0xe0
 cleanup_mnt+0x1e3/0x3d0
 mntput_no_expire+0x4c7/0x550
 ? shrink_dcache_sb+0x8a/0xe0
 osd_umount+0x108/0x260 [osd_wbcfs]
 osd_device_fini+0x132/0x2c0 [osd_wbcfs]
 class_cleanup+0x10b8/0x1ae0 [obdclass]
 ? _raw_spin_unlock+0x23/0x30
 ? class_name2obd+0x169/0x1a0 [obdclass]
 class_process_config+0x1f78/0x76e0 [obdclass]
 ? __kasan_kmalloc+0x72/0x80
 ? class_manual_cleanup+0xc49/0x1e90 [obdclass]
 class_manual_cleanup+0xda5/0x1e90 [obdclass]
 osd_obd_disconnect+0x18a/0x310 [osd_wbcfs]
 obd_disconnect+0x171/0x460 [obdclass]
 lustre_put_lsi+0x2e9/0x20f0 [obdclass]
 server_put_super+0x3a5a/0x5360 [ptlrpc]
 ? _raw_spin_unlock+0x23/0x30
 generic_shutdown_super+0x101/0x320
 kill_anon_super+0x3d/0x70
 deactivate_locked_super+0x95/0xe0
 cleanup_mnt+0x1e3/0x3d0
 task_work_run+0x100/0x170
 resume_user_mode_work+0x3a/0x50
 syscall_exit_to_user_mode+0x76/0xb0
 do_syscall_64+0x78/0x140
 entry_SYSCALL_64_after_hwframe+0x4b/0x53
RIP: 0033:0x7f6a15c7a217
Code: 0d 00 f7 d8 64 89 02 b8 ff ff ff ff c3 66 0f 1f 44 00 00 31 f6 e9 09 00 00 00 66 0f 1f 84 00 00 00 00 00 b8 a6 00 00 00 0f 05 <48> 3d 00 f0 ff ff 77 01 c3 48 8b 15 b1 5b 0d 00 f7 d8 64 89 02 b8
RSP: 002b:00007ffdcf1f6e28 EFLAGS: 00000202 ORIG_RAX: 00000000000000a6
RAX: 0000000000000000 RBX: 0000000000000001 RCX: 00007f6a15c7a217
RDX: 0000000000000001 RSI: 0000000000000001 RDI: 0000558972fc0600
RBP: 00007f6a15dda26c R08: 00007ffdcf1f5c10 R09: 00000000ffffffff
R10: 0000000000000000 R11: 0000000000000202 R12: 0000558972fbce78
R13: 0000558972fc0600 R14: 0000558972fbcd70 R15: 0000558972fbd1b0
 </TASK>
---[ end trace 0000000000000000 ]---
Lustre: server umount lustre-MDT0000 complete
LustreError: 2905:0:(ldlm_lockd.c:2563:ldlm_cancel_handler()) ldlm_cancel from 0@lo arrived at 1768711880 with bad export cookie 4090096606780353694
LustreError: MGC10.0.2.15@tcp: Connection to MGS (at 0@lo) was lost; in progress operations using this service will fail
LustreError: 7752:0:(obd_class.h:479:obd_check_dev()) Device 12 not setup
LustreError: 7752:0:(obd_class.h:479:obd_check_dev()) Skipped 11 previous similar messages
Lustre: server umount lustre-OST0000 complete
LustreError: 7793:0:(obd_class.h:479:obd_check_dev()) Device 2 not setup
LustreError: 7793:0:(obd_class.h:479:obd_check_dev()) Skipped 1 previous similar message
Lustre: server umount lustre-OST0001 complete
=============================================================================
BUG memfs_inode_cache (Tainted: G        W  O      ): Objects remaining in memfs_inode_cache on __kmem_cache_shutdown()
-----------------------------------------------------------------------------

Slab 0x00000000b0951e14 objects=18 used=1 fp=0x000000000810bf94 flags=0x8000000000000240(workingset|head|zone=2)
CPU: 1 UID: 0 PID: 7871 Comm: rmmod Tainted: G        W  O       6.14.0-ktest #1
Tainted: [W]=WARN, [O]=OOT_MODULE
Hardware name: QEMU Standard PC (Q35 + ICH9, 2009), BIOS 1.16.3-debian-1.16.3-2 04/01/2014
Call Trace:
 <TASK>
 dump_stack_lvl+0x8c/0xd0
 slab_err+0xa1/0xe0
 ? __lock_acquire+0x6bd/0xf20
 ? lock_acquire+0x11d/0x2c0
 list_slab_objects+0x39/0x1a0
 __kmem_cache_shutdown+0xa7/0x1e0
 ? cleanup_module+0x15/0x30 [osd_wbcfs]
 kmem_cache_destroy+0x7b/0x150
 cleanup_module+0x15/0x30 [osd_wbcfs]
 __x64_sys_delete_module+0x1e1/0x370
 ? fpregs_assert_state_consistent+0x2d/0xa0
 do_syscall_64+0x6c/0x140
 entry_SYSCALL_64_after_hwframe+0x4b/0x53
RIP: 0033:0x7f009e31b417
Code: 73 01 c3 48 8b 0d e1 59 0d 00 f7 d8 64 89 01 48 83 c8 ff c3 66 2e 0f 1f 84 00 00 00 00 00 0f 1f 44 00 00 b8 b0 00 00 00 0f 05 <48> 3d 01 f0 ff ff 73 01 c3 48 8b 0d b1 59 0d 00 f7 d8 64 89 01 48
RSP: 002b:00007fff15984bb8 EFLAGS: 00000206 ORIG_RAX: 00000000000000b0
RAX: ffffffffffffffda RBX: 00005581528e3820 RCX: 00007f009e31b417
RDX: 0000000000000000 RSI: 0000000000000800 RDI: 00005581528e3880
RBP: 0000000000000000 R08: 0000000000000000 R09: 0000000000000000
R10: 0000000000000000 R11: 0000000000000206 R12: 00005581528e22a0
R13: 00007fff15984eb0 R14: 00005581528e3820 R15: 00007fff15984eb8
 </TASK>
Disabling lock debugging due to kernel taint
Object 0x0000000090731a59 @offset=12712
=============================================================================
BUG memfs_inode_cache (Tainted: G    B   W  O      ): Objects remaining in memfs_inode_cache on __kmem_cache_shutdown()
-----------------------------------------------------------------------------

Slab 0x00000000261e1c44 objects=18 used=3 fp=0x00000000cdfa2ef8 flags=0x8000000000000240(workingset|head|zone=2)
CPU: 1 UID: 0 PID: 7871 Comm: rmmod Tainted: G    B   W  O       6.14.0-ktest #1
Tainted: [B]=BAD_PAGE, [W]=WARN, [O]=OOT_MODULE
Hardware name: QEMU Standard PC (Q35 + ICH9, 2009), BIOS 1.16.3-debian-1.16.3-2 04/01/2014
Call Trace:
 <TASK>
 dump_stack_lvl+0x8c/0xd0
 slab_err+0xa1/0xe0
 ? lock_release+0x62/0x780
 ? _printk+0x5d/0x80
 list_slab_objects+0x39/0x1a0
 __kmem_cache_shutdown+0xa7/0x1e0
 ? cleanup_module+0x15/0x30 [osd_wbcfs]
 kmem_cache_destroy+0x7b/0x150
 cleanup_module+0x15/0x30 [osd_wbcfs]
 __x64_sys_delete_module+0x1e1/0x370
 ? fpregs_assert_state_consistent+0x2d/0xa0
 do_syscall_64+0x6c/0x140
 entry_SYSCALL_64_after_hwframe+0x4b/0x53
RIP: 0033:0x7f009e31b417
Code: 73 01 c3 48 8b 0d e1 59 0d 00 f7 d8 64 89 01 48 83 c8 ff c3 66 2e 0f 1f 84 00 00 00 00 00 0f 1f 44 00 00 b8 b0 00 00 00 0f 05 <48> 3d 01 f0 ff ff 73 01 c3 48 8b 0d b1 59 0d 00 f7 d8 64 89 01 48
RSP: 002b:00007fff15984bb8 EFLAGS: 00000206 ORIG_RAX: 00000000000000b0
RAX: ffffffffffffffda RBX: 00005581528e3820 RCX: 00007f009e31b417
RDX: 0000000000000000 RSI: 0000000000000800 RDI: 00005581528e3880
RBP: 0000000000000000 R08: 0000000000000000 R09: 0000000000000000
R10: 0000000000000000 R11: 0000000000000206 R12: 00005581528e22a0
R13: 00007fff15984eb0 R14: 00005581528e3820 R15: 00007fff15984eb8
 </TASK>
Object 0x00000000296d86a9 @offset=0
Object 0x00000000d3f6bdc5 @offset=1816
Object 0x00000000df6a839b @offset=12712
=============================================================================
BUG memfs_inode_cache (Tainted: G    B   W  O      ): Objects remaining in memfs_inode_cache on __kmem_cache_shutdown()
-----------------------------------------------------------------------------

Slab 0x00000000c7abcca1 objects=18 used=1 fp=0x000000007c91cd7c flags=0x8000000000000240(workingset|head|zone=2)
CPU: 1 UID: 0 PID: 7871 Comm: rmmod Tainted: G    B   W  O       6.14.0-ktest #1
Tainted: [B]=BAD_PAGE, [W]=WARN, [O]=OOT_MODULE
Hardware name: QEMU Standard PC (Q35 + ICH9, 2009), BIOS 1.16.3-debian-1.16.3-2 04/01/2014
Call Trace:
 <TASK>
 dump_stack_lvl+0x8c/0xd0
 slab_err+0xa1/0xe0
 ? lock_release+0x62/0x780
 ? _printk+0x5d/0x80
 list_slab_objects+0x39/0x1a0
 __kmem_cache_shutdown+0xa7/0x1e0
 ? cleanup_module+0x15/0x30 [osd_wbcfs]
 kmem_cache_destroy+0x7b/0x150
 cleanup_module+0x15/0x30 [osd_wbcfs]
 __x64_sys_delete_module+0x1e1/0x370
 ? fpregs_assert_state_consistent+0x2d/0xa0
 do_syscall_64+0x6c/0x140
 entry_SYSCALL_64_after_hwframe+0x4b/0x53
RIP: 0033:0x7f009e31b417
Code: 73 01 c3 48 8b 0d e1 59 0d 00 f7 d8 64 89 01 48 83 c8 ff c3 66 2e 0f 1f 84 00 00 00 00 00 0f 1f 44 00 00 b8 b0 00 00 00 0f 05 <48> 3d 01 f0 ff ff 73 01 c3 48 8b 0d b1 59 0d 00 f7 d8 64 89 01 48
RSP: 002b:00007fff15984bb8 EFLAGS: 00000206 ORIG_RAX: 00000000000000b0
RAX: ffffffffffffffda RBX: 00005581528e3820 RCX: 00007f009e31b417
RDX: 0000000000000000 RSI: 0000000000000800 RDI: 00005581528e3880
RBP: 0000000000000000 R08: 0000000000000000 R09: 0000000000000000
R10: 0000000000000000 R11: 0000000000000206 R12: 00005581528e22a0
R13: 00007fff15984eb0 R14: 00005581528e3820 R15: 00007fff15984eb8
 </TASK>
Object 0x0000000040341135 @offset=0
------------[ cut here ]------------
kmem_cache_destroy memfs_inode_cache: Slab cache still has objects when called from cleanup_module+0x15/0x30 [osd_wbcfs]
WARNING: CPU: 1 PID: 7871 at mm/slab_common.c:533 kmem_cache_destroy+0x148/0x150
Modules linked in: lustre(O) osp(O) ofd(O) lod(O) mdt(O) mdd(O) mgs(O) osd_wbcfs(O-) osd(O) lquota(O) lfsck(O) obdecho(O) mgc(O) mdc(O) lov(O) osc(O) lmv(O) ec(O) fid(O) fld(O) ptlrpc(O) obdclass(O) ksocklnd(O) lnet(O) libcfs(O)
CPU: 1 UID: 0 PID: 7871 Comm: rmmod Tainted: G    B   W  O       6.14.0-ktest #1
Tainted: [B]=BAD_PAGE, [W]=WARN, [O]=OOT_MODULE
Hardware name: QEMU Standard PC (Q35 + ICH9, 2009), BIOS 1.16.3-debian-1.16.3-2 04/01/2014
RIP: 0010:kmem_cache_destroy+0x148/0x150
Code: 16 7f e6 02 48 89 de 5b 41 5e 5d e9 62 84 0a 00 48 8b 53 60 48 c7 c7 87 90 0e 83 48 c7 c6 32 16 12 83 4c 89 f1 e8 48 6b 95 ff <0f> 0b e9 36 ff ff ff 90 66 0f 1f 00 0f 1f 44 00 00 53 48 89 fb e8
RSP: 0018:ffffc9000e187e38 EFLAGS: 00010246
RAX: d9a3d00bb4d65600 RBX: ffff8881060f0640 RCX: 0000000000000027
RDX: 0000000000000001 RSI: 0000000000000004 RDI: ffff8881592a8d90
RBP: 0000000000000001 R08: ffff8881592a8d93 R09: 1ffff1102b2551b2
R10: dffffc0000000000 R11: ffffed102b2551b3 R12: ffffffffa150c898
R13: dffffc0000000000 R14: ffffffffa199aeb5 R15: ffffffffa150c898
FS:  00007f009eac5340(0000) GS:ffff888159280000(0000) knlGS:0000000000000000
CS:  0010 DS: 0000 ES: 0000 CR0: 0000000080050033
CR2: 00007f009e399941 CR3: 0000000109f8d000 CR4: 0000000000750eb0
PKRU: 55555554
Call Trace:
 <TASK>
 ? __warn+0x134/0x330
 ? kmem_cache_destroy+0x148/0x150
 ? kmem_cache_destroy+0x148/0x150
 ? report_bug+0x2e0/0x4d0
 ? handle_bug+0x5e/0x90
 ? exc_invalid_op+0x1a/0x50
 ? asm_exc_invalid_op+0x1a/0x20
 ? cleanup_module+0x15/0x30 [osd_wbcfs]
 ? kmem_cache_destroy+0x148/0x150
 ? kmem_cache_destroy+0x148/0x150
 cleanup_module+0x15/0x30 [osd_wbcfs]
 __x64_sys_delete_module+0x1e1/0x370
 ? fpregs_assert_state_consistent+0x2d/0xa0
 do_syscall_64+0x6c/0x140
 entry_SYSCALL_64_after_hwframe+0x4b/0x53
RIP: 0033:0x7f009e31b417
Code: 73 01 c3 48 8b 0d e1 59 0d 00 f7 d8 64 89 01 48 83 c8 ff c3 66 2e 0f 1f 84 00 00 00 00 00 0f 1f 44 00 00 b8 b0 00 00 00 0f 05 <48> 3d 01 f0 ff ff 73 01 c3 48 8b 0d b1 59 0d 00 f7 d8 64 89 01 48
RSP: 002b:00007fff15984bb8 EFLAGS: 00000206 ORIG_RAX: 00000000000000b0
RAX: ffffffffffffffda RBX: 00005581528e3820 RCX: 00007f009e31b417
RDX: 0000000000000000 RSI: 0000000000000800 RDI: 00005581528e3880
RBP: 0000000000000000 R08: 0000000000000000 R09: 0000000000000000
R10: 0000000000000000 R11: 0000000000000206 R12: 00005581528e22a0
R13: 00007fff15984eb0 R14: 00005581528e3820 R15: 00007fff15984eb8
 </TASK>
---[ end trace 0000000000000000 ]---
lustre/osd-wbcfs/wbcfs.c:896 module osd_wbcfs func:memfs_alloc_inode has 9080 allocated at module unload
LNet: 8060:0:(lib-ptl.c:967:lnet_clear_lazy_portal()) Active lazy portal 0 on exit
LNetError: 8060:0:(acceptor.c:264:lnet_acceptor_remove_socket()) Interface eth0 not found
LNet: Removed LNI 10.0.2.15@tcp
Key type .llcrypt unregistered
Key type ._llcrypt unregistered
done
Error 1 at /host/home/ktest/ktest/tests/prelude.sh 287 from: grep -E -q -e "kernel BUG at" -e "WARNING:" -e "\bBUG:" -e "Oops:" -e "possible recursive locking detected" -e "Internal error" -e "(INFO|ERR): suspicious RCU usage" -e "INFO: possible circular locking dependency detected" -e "general protection fault:" -e "BUG .* remaining" -e "UBSAN:", exiting
Error 1 at /host/home/ktest/ktest/tests/prelude.sh 306 from: ( set -e; run_test $i ), exiting

========= FAILED sanity-quick in 83s

Passed: 
Failed: sanity-quick
Error 1 at /host/home/ktest/ktest/tests/prelude.sh 403 from: return ${#tests_failed[@]}, exiting
Error 1 at /host//home/ktest/ktest/tests/fs/lustre/sanity/sanity-4.ktest 38 from: return ${#tests_failed[@]}, exiting
Kernel version: 6.14.0-ktest
TEST FAILED
Failed to connect to system scope bus via local transport: No such file or directory
]3008;end=ebd94366d7b94001b53d8c5b97219c55\EXT4-fs (vda): re-mounted 88f4410a-2dea-4a38-86ba-3ebc2db2db54 ro. Quota mode: none.
ACPI: PM: Preparing to enter system sleep state S5
reboot: Power down
