KERNEL BUILD [boot-strict.ktest] ... done
LUSTRE BUILD [boot-strict.ktest] ... Error 2 at /home/ktest/ktest/lib/common.sh 100 from: ( set -e; "$@" ) > "$out" 2>&1, exiting

configure.ac:25: installing 'config/compile'
configure.ac:20: installing 'config/config.guess'
configure.ac:20: installing 'config/config.sub'
configure.ac:22: installing 'config/install-sh'
configure.ac:22: installing 'config/missing'
cc-plugins/Makefile.am: installing 'config/depcomp'
checking build system type... x86_64-pc-linux-gnu
checking host system type... x86_64-pc-linux-gnu
checking target system type... x86_64-pc-linux-gnu
checking for a BSD-compatible install... /usr/bin/install -c
checking whether build environment is sane... yes
checking for a race-free mkdir -p... /usr/bin/mkdir -p
checking for gawk... gawk
checking whether make sets $(MAKE)... yes
checking whether make supports nested variables... yes
checking how to create a pax tar archive... gnutar
checking whether to enable maintainer-specific portions of Makefiles... yes
checking whether make supports the include directive... yes (GNU style)
checking for gcc... clang-20
checking whether the C compiler works... yes
checking for C compiler default output file name... a.out
checking for suffix of executables... 
checking whether we are cross compiling... no
checking for suffix of object files... o
checking whether the compiler supports GNU C... yes
checking whether clang-20 accepts -g... yes
checking for clang-20 option to enable C11 features... unsupported
checking for clang-20 option to enable C99 features... unsupported
checking for clang-20 option to enable C89 features... unsupported
checking whether clang-20 understands -c and -o together... yes
checking dependency style of clang-20... gcc3
checking whether the compiler supports GNU C++... yes
checking whether clang++-20 accepts -g... yes
checking for clang++-20 option to enable C++11 features... none needed
checking dependency style of clang++-20... gcc3
checking for stdio.h... yes
checking for stdlib.h... yes
checking for string.h... yes
checking for inttypes.h... yes
checking for stdint.h... yes
checking for strings.h... yes
checking for sys/stat.h... yes
checking for sys/types.h... yes
checking for unistd.h... yes
checking dependency style of clang-20... gcc3
checking for ranlib... ranlib
checking for ld... ld.lld-20
checking for objdump... llvm-objdump-20
checking for strip... llvm-strip-20
checking size of unsigned long long... 8
checking for -Wno-format-truncation support... yes
checking for -Wno-stringop-truncation support... no
checking for -Wno-stringop-overflow support... no
checking how to print strings... printf
checking for a sed that does not truncate output... /usr/bin/sed
checking for grep that handles long lines and -e... /usr/bin/grep
checking for egrep... /usr/bin/grep -E
checking for fgrep... /usr/bin/grep -F
checking for ld used by clang-20... ld.lld-20
checking if the linker (ld.lld-20) is GNU ld... yes
checking for BSD- or MS-compatible name lister (nm)... llvm-nm-20
checking the name lister (llvm-nm-20) interface... BSD nm
checking whether ln -s works... yes
checking the maximum length of command line arguments... 1572864
checking how to convert x86_64-pc-linux-gnu file names to x86_64-pc-linux-gnu format... func_convert_file_noop
checking how to convert x86_64-pc-linux-gnu file names to toolchain format... func_convert_file_noop
checking for ld.lld-20 option to reload object files... -r
checking for objdump... (cached) llvm-objdump-20
checking how to recognize dependent libraries... pass_all
checking for dlltool... no
checking how to associate runtime and link libraries... printf %s\n
checking for archiver @FILE support... @
checking for strip... (cached) llvm-strip-20
checking for ranlib... (cached) ranlib
checking command to parse llvm-nm-20 output from clang-20 object... ok
checking for sysroot... no
checking for a working dd... /usr/bin/dd
checking how to truncate binary pipes... /usr/bin/dd bs=4096 count=1
checking for mt... mt
checking if mt is a manifest tool... no
checking for dlfcn.h... yes
checking for objdir... .libs
checking if clang-20 supports -fno-rtti -fno-exceptions... yes
checking for clang-20 option to produce PIC... -fPIC -DPIC
checking if clang-20 PIC flag -fPIC -DPIC works... yes
checking if clang-20 static flag -static works... yes
checking if clang-20 supports -c -o file.o... yes
checking if clang-20 supports -c -o file.o... (cached) yes
checking whether the clang-20 linker (ld.lld-20 -m elf_x86_64) supports shared libraries... yes
checking dynamic linker characteristics... GNU/Linux ld.so
checking how to hardcode library paths into programs... immediate
checking whether stripping libraries is possible... yes
checking if libtool supports shared libraries... yes
checking whether to build shared libraries... no
checking whether to build static libraries... yes
checking how to run the C++ preprocessor... clang++-20 -E
checking for ld used by clang++-20... ld.lld-20 -m elf_x86_64
checking if the linker (ld.lld-20 -m elf_x86_64) is GNU ld... yes
checking whether the clang++-20 linker (ld.lld-20 -m elf_x86_64) supports shared libraries... yes
checking for clang++-20 option to produce PIC... -fPIC -DPIC
checking if clang++-20 PIC flag -fPIC -DPIC works... yes
checking if clang++-20 static flag -static works... no
checking if clang++-20 supports -c -o file.o... yes
checking if clang++-20 supports -c -o file.o... (cached) yes
checking whether the clang++-20 linker (ld.lld-20 -m elf_x86_64) supports shared libraries... yes
checking dynamic linker characteristics... (cached) GNU/Linux ld.so
checking how to hardcode library paths into programs... immediate
checking for flex... /usr/bin/flex
checking for bison... /usr/bin/bison
checking for rpmbuild... /usr/bin/rpmbuild
checking for pkg-config... /usr/bin/pkg-config
checking for pkg-config... /usr/bin/pkg-config
checking pkg-config is at least version 0.9.0... yes
configure: Lustre base checks
==============================================================================
checking whether to configure just enough for make dist... no
checking if this distro uses dpkg... yes
checking whether to use OSD addon... no
checking whether to build Lustre docs... no
checking whether to build Lustre manpages... yes
checking whether to build Lustre utilities... yes
checking whether to build Lustre tests... yes
checking for python3... /usr/bin/python3
checking for a version of Python >= '3.6.0'... yes
checking for the distutils Python package... yes
checking for Python include path... <string>:1: DeprecationWarning: The distutils package is deprecated and slated for removal in Python 3.12. Use setuptools or check PEP 632 for potential alternatives
<string>:1: DeprecationWarning: The distutils.sysconfig module is deprecated, use sysconfig instead
<string>:1: DeprecationWarning: The distutils package is deprecated and slated for removal in Python 3.12. Use setuptools or check PEP 632 for potential alternatives
<string>:1: DeprecationWarning: The distutils.sysconfig module is deprecated, use sysconfig instead
-I/usr/include/python3.10
checking for Python library path... <stdin>:4: DeprecationWarning: The distutils package is deprecated and slated for removal in Python 3.12. Use setuptools or check PEP 632 for potential alternatives
<stdin>:4: DeprecationWarning: The distutils.sysconfig module is deprecated, use sysconfig instead
<stdin>:3: DeprecationWarning: The distutils package is deprecated and slated for removal in Python 3.12. Use setuptools or check PEP 632 for potential alternatives
<stdin>:3: DeprecationWarning: The distutils.sysconfig module is deprecated, use sysconfig instead
<stdin>:2: DeprecationWarning: The distutils package is deprecated and slated for removal in Python 3.12. Use setuptools or check PEP 632 for potential alternatives
<stdin>:2: DeprecationWarning: The distutils.sysconfig module is deprecated, use sysconfig instead
-L/usr/lib/x86_64-linux-gnu -lpython3.10
checking for Python site-packages path... <string>:1: DeprecationWarning: The distutils package is deprecated and slated for removal in Python 3.12. Use setuptools or check PEP 632 for potential alternatives
<string>:1: DeprecationWarning: The distutils.sysconfig module is deprecated, use sysconfig instead
/usr/lib/python3/dist-packages
checking python extra libraries... <string>:1: DeprecationWarning: The distutils package is deprecated and slated for removal in Python 3.12. Use setuptools or check PEP 632 for potential alternatives
<string>:1: DeprecationWarning: The distutils.sysconfig module is deprecated, use sysconfig instead
-lcrypt -ldl  -lm -lm
checking python extra linking flags... <string>:1: DeprecationWarning: The distutils package is deprecated and slated for removal in Python 3.12. Use setuptools or check PEP 632 for potential alternatives
<string>:1: DeprecationWarning: The distutils.sysconfig module is deprecated, use sysconfig instead
-Xlinker -export-dynamic -Wl,-O1 -Wl,-Bsymbolic-functions
checking consistency of all components of python development environment... yes
checking for swig... /usr/bin/swig
checking SWIG version... 4.0.2
checking for SWIG library... /usr/share/swig4.0
checking whether to build LUTF (LNet Unit Test Framework)... yes
checking whether to build Lustre client support... yes
checking whether mpitests can be built... yes
checking whether to build Linux kernel modules... yes (linux-gnu)
find: '/usr/src/kernels/': No such file or directory
checking for Linux sources... /home/ktest/git/linux
checking for /home/ktest/git/linux... yes
checking for Linux objects... /tmp/ktest-out/kernel_build.x86_64
checking for /tmp/ktest-out/kernel_build.x86_64/.config... yes
checking for /boot/kernel.h... no
checking for /var/adm/running-kernel.h... no
checking for /tmp/ktest-out/kernel_build.x86_64/include/generated/autoconf.h... yes
checking for /tmp/ktest-out/kernel_build.x86_64/include/linux/version.h... no
checking for /tmp/ktest-out/kernel_build.x86_64/include/generated/uapi/linux/version.h... yes
checking for /home/ktest/git/linux/include/linux/kconfig.h... yes
checking for external module build target... M58
checking for compiler version text... yes
checking that modules can be built at all... yes
checking for Linux kernel utsrelease... 6.16.0-ktest-955fe33a19-20260223
checking for RedHat kernel release number... 
checking if Linux kernel was built with CONFIG_SUSE_KERNEL... no
checking for Ubuntu kernel signature... no
checking for Debian kernel signature... grep: /tmp/ktest-out/kernel_build.x86_64/include/generated/package.h: No such file or directory
no
checking for ELRepo -ml kernel signature on CentOS... no
checking for openEuler kernel version number... 
configure: WARNING: Kernel Distro seems to be neither RedHat, SuSE, openEuler, Ubuntu nor Debian
checking for Linux kernel module package directory... configure: WARNING: Kernel Distro seems to be neither RedHat, SuSE, openEuler, Ubuntu nor Debian

checking for the name of module symbol version file... Module.symvers
checking if Linux kernel module loading is possible... yes
configure: LibCFS kernel checks
==============================================================================
checking whether to use tunable 'panic_dumplog' support... no
checking if Linux kernel exports 'kset_find_obj'... yes
checking if Linux kernel exports 'save_stack_trace_tsk'... no
checking if Linux kernel exports '__genradix_ptr'... yes
checking if Linux kernel exports 'kallsyms_lookup_name'... no
configure: LNet kernel checks
==============================================================================
checking whether to enable tunable backoff TCP support... yes
checking if Linux kernel has tunable backoff TCP support... no
checking if external o2iblnd needs to use Compat RDMA... no
checking whether to enable GNI lnd... no
checking ext4 source directory... /home/ktest/git/linux/fs/ext4
checking for /home/ktest/git/linux/fs/ext4/dir.c... yes
checking for /home/ktest/git/linux/fs/ext4/file.c... yes
checking for /home/ktest/git/linux/fs/ext4/inode.c... yes
checking for /home/ktest/git/linux/fs/ext4/super.c... yes
configure: Lustre kernel checks
==============================================================================
checking whether to enable Lustre pinger support... yes
checking whether to enable data checksum support... yes
checking whether to enable flock by default... yes
checking whether to enable lru self-adjusting... yes
checking whether to enable gss support... no
checking for name_to_handle_at... yes
checking for copy_file_range... yes
checking whether OpenSSL has HMAC_Init_ex... no
checking whether OpenSSL has FIPS_mode... no
checking whether OpenSSL has EVP_PKEY_get_params... yes
checking whether OpenSSL has functions needed for SSK... 
checking whether openssl-devel is present... yes
checking if Linux kernel exports 'new_sync_read'... no
checking if Linux kernel exports 'default_file_splice_read'... no
checking if Linux kernel exports 'account_page_dirtied'... no
configure: building 4 linux kernel compile tests for 'early'
configure: KBUILD_MODPOST_NOFINAL="yes" make modules CC="clang-20" -k -j32 -C /tmp/ktest-out/kernel_build.x86_64  M=/tmp/ktest-out/lustre_build.x86_64/_lpb CONFIG_CC_VERSION_TEXT='Ubuntu.clang.version.20.1.8..++20250708082409+6fb913d3e2ec-1~exp1~20250708202428.132.'
checking if 'lockdep_is_held()' uses const argument... yes
checking for linux header linux/wait_bit.h... yes
checking for linux header linux/blk-integrity.h... yes
checking if mmap_lock API is available... yes
configure: building 291 linux kernel compile tests for 'lustre'
configure: KBUILD_MODPOST_NOFINAL="yes" make modules CC="clang-20" -k -j32 -C /tmp/ktest-out/kernel_build.x86_64  M=/tmp/ktest-out/lustre_build.x86_64/_lpb CONFIG_CC_VERSION_TEXT='Ubuntu.clang.version.20.1.8..++20250708082409+6fb913d3e2ec-1~exp1~20250708202428.132.'
checking if Linux kernel was built with CONFIG_MODULES... yes
checking if Linux kernel was built with CONFIG_MODVERSIONS... no
checking does function 'ktime_get_ts64' exist... yes
checking does function 'prepare_to_wait_event' exist... yes
checking does 'struct kernel_param_ops' exist... yes
checking does function 'ktime_add' exist... yes
checking does function 'ktime_after' exist... yes
checking does function 'ktime_before' exist... yes
checking does function 'ktime_compare' exist... yes
checking shrinker has 'count_objects'... yes
checking does function 'match_wildcard' exist... yes
checking if enum mapping_flags has AS_EXITING flag... yes
checking if iov_iter has member type... no
checking does 'glob_match()' exist... yes
checking does function 'hlist_add_after' exist... no
checking does 'struct timespec64' exist... yes
checking does function 'ktime_get_ns' exist... yes
checking does function 'ktime_get_real_ts64' exist... yes
checking does function 'ktime_get_real_ts64' exist... yes
checking does function 'ktime_get_real_ns' exist... yes
checking does function 'ktime_to_timespec64' exist... yes
checking does function 'timespec64_sub' exist... yes
checking does function 'timespec64_to_ktime' exist... yes
checking does function 'ktime_get_seconds' exist... yes
checking does function 'wait_woken' exist... yes
checking does function 'ktime_ms_delta' exist... yes
checking does function 'kernel_param_unlock' exist... yes
checking if kernel strscpy is available... yes
checking does function 'topology_sibling_cpumask' exist... yes
checking if Linux kernel has 'kstrtobool_from_user'... yes
checking if struct genl_ops has start callback... yes
checking does crypto hash helper functions exist... yes
checking if 'rhashtable_replace_fast' exists... yes
checking kernel has fixed hash_64()... no
checking if 'struct stacktrace_ops' address function returns an int... no
checking if 'get_user_pages()' takes 6 arguments... no
checking for linux header linux/stringhash.h... yes
checking if internal '__rhashtable_insert_fast()' returns int... no
checking if 'rhashtable_walk_init' has 3 args... no
checking if NR_ZONE_WRITE_PENDING is available... yes
checking if 'rhashtable_lookup' exist... yes
checking does 'struct rhltable' exist... yes
checking if 'struct stacktrace_ops' exists... no
checking if 'get_user_pages()' takes gup_flags in arguments... no
checking if 'rhashtable_walk_enter' exists... yes
checking if libcfs supports CPU hotplug state machine... yes
checking if Netlink supports netlink_ext_ack... yes
checking if 'rhashtable_lookup_get_insert_fast' exist... yes
checking for linux header linux/sched/signal.h... yes
checking if 'kref_read' exists... yes
checking if 'rht_bucket_var' exists... yes
checking if 'cpus_read_unlock' exist... yes
checking for linux header linux/processor.h... yes
checking if linux wait_queue_head list_head is named head... yes
checking if struct wait_bit_queue_entry exists... yes
checking for linux header linux/refcount.h... yes
checking if memalloc_noreclaim_{save,restore} exist... yes
checking if 'nla_strdup()' exists... yes
checking if 'wait_queue_entry_t' exists... yes
checking if DEFINE_TIMER takes only 2 arguments... yes
checking if 'kernel_write' matches other read/write helpers... yes
checking if 'kernel_read()' has loff_t *pos as last parameter... yes
checking if 'bitmap_to_arr32()' exist... yes
checking if setup_timer has been replaced with timer_setup... yes
checking does 'ns_to_timespec64()' exist... yes
checking if 'wait_var_event' exist... yes
checking if Linux bitmap memory management exist... yes
checking if 'clear_and_wake_up_bit' exist... yes
checking if 'tcp_sock_set_nodelay()' exists... yes
checking if 'tcp_sock_set_keepidle()' exists... yes
checking if page cache uses Xarray... yes
checking if Netlink dump handlers support ext_ack... yes
checking if iov_iter_type exists... yes
checking if totalram_pages is a function... yes
checking if get_request_key_auth() is available... yes
checking does struct kobj_type have 'default_groups' member... yes
checking if uid_keyring exists... checking for user_uid_keyring_exists... no
checking if lookup_user_key() is available... yes
checking if struct cache_detail has writers... yes
checking if struct genl_dumpit_info has family field... no
checking if struct proc_ops exists... yes
checking if 'tcp_sock_set_quickack()' exists... yes
checking if 'tcp_sock_set_keepintvl()' exists... yes
checking if 'tcp_sock_set_keepcnt()' exists... yes
checking if ip6_sock_set_addr_preferences() exists... yes
checking if ip_sock_set_tos() exists... yes
checking if __vmalloc has 2 args... yes
checking if NR_UNSTABLE_NFS still in use... no
checking if kernel_setsockopt still in use... no
checking if KEY_NEED_UNLINK exists... yes
checking if security_release_secctx has 1 arg... yes
checking if kfree_sensitive() is available... yes
checking for linux header crypto/sha2.h... yes
checking if list_cmp_func_t type is defined... yes
checking if 'nla_strlcpy()' still exists... no
checking Is linux/fortify-string.h header available... yes
checking for linux header crypto/internal/cipher.h... yes
checking if task_is_running() is defined... yes
checking for linux header linux/stdarg.h... yes
checking for linux header linux/panic_notifier.h... yes
checking does function 'param_set_uint_minmax' exist... yes
checking does function 'pde_data' exist... yes
checking does bio_alloc() takes a struct block_device... yes
checking is timer_delete_sync() available... yes
checking is timer_delete() available... yes
checking (external) if 'rdma_create_id' wants four args... (cached) unused
checking (in-kernel) if 'rdma_create_id' wants four args... (cached) unused
checking (external) if 'rdma_create_id' wants five args... (cached) unused
checking (in-kernel) if 'rdma_create_id' wants five args... (cached) unused
checking (external) if 'struct ib_cq_init_attr' is used by ib_create_cq... (cached) unused
checking (in-kernel) if 'struct ib_cq_init_attr' is used by ib_create_cq... (cached) unused
checking (external) if 'ib_alloc_fast_reg_mr' exists... (cached) unused
checking (in-kernel) if 'ib_alloc_fast_reg_mr' exists... (cached) unused
checking (external) if 'ib_get_dma_mr' exists... (cached) unused
checking (in-kernel) if 'ib_get_dma_mr' exists... (cached) unused
checking (external) if 'struct ib_rdma_wr' is defined... (cached) unused
checking (in-kernel) if 'struct ib_rdma_wr' is defined... (cached) unused
checking (external) if 'ib_map_mr_sg' with 4 args exists... (cached) unused
checking (in-kernel) if 'ib_map_mr_sg' with 4 args exists... (cached) unused
checking (external) if struct ib_reg_wr exists... (cached) unused
checking (in-kernel) if struct ib_reg_wr exists... (cached) unused
checking (external) if 'ib_map_mr_sg()' with 5 args exists... (cached) unused
checking (in-kernel) if 'ib_map_mr_sg()' with 5 args exists... (cached) unused
checking (external) if 'struct ib_device' has member 'attrs'... (cached) unused
checking (in-kernel) if 'struct ib_device' has member 'attrs'... (cached) unused
checking (external) if 2arg 'ib_alloc_pd' exists... (cached) unused
checking (in-kernel) if 2arg 'ib_alloc_pd' exists... (cached) unused
checking (external) if function 'ib_inc_rkey' is defined... (cached) unused
checking (in-kernel) if function 'ib_inc_rkey' is defined... (cached) unused
checking (external) if 'ib_post_send() and ib_post_recv()' have const parameters... (cached) unused
checking (in-kernel) if 'ib_post_send() and ib_post_recv()' have const parameters... (cached) unused
checking (external) if if ib_dma_map_sg() is sane... (cached) unused
checking (in-kernel) if if ib_dma_map_sg() is sane... (cached) unused
checking (external) if struct ib_device_ops is defined... (cached) unused
checking (in-kernel) if struct ib_device_ops is defined... (cached) unused
checking (external) if ib_sg_dma_address wrapper exists... (cached) unused
checking (in-kernel) if ib_sg_dma_address wrapper exists... (cached) unused
checking (external) if 4arg 'rdma_reject' exists... (cached) unused
checking (in-kernel) if 4arg 'rdma_reject' exists... (cached) unused
checking (external) if FMR pools API available... (cached) unused
checking (in-kernel) if FMR pools API available... (cached) unused
checking (external) if 'rdma_connect_locked' exists... (cached) unused
checking (in-kernel) if 'rdma_connect_locked' exists... (cached) unused
checking if 'sk_data_ready' takes only one argument... yes
checking if 'sock_create_kern' first parameter is net... yes
checking if 'ethtool_link_settings' exists... yes
checking if hypervisor_is_type function is available... yes
checking if Oracle OFED Extensions are enabled... no
checking if 'getname' has two args... yes
checking if 'in_dev_for_each_ifa_rtnl' is defined... yes
checking if ext4_bread takes 4 arguments... yes
checking if i_dquot is in ext4_inode_info... yes
checking if i_crypt_info is in ext4_inode_info... no
checking if Linux kernel was built with CONFIG_EXT4_FS_ENCRYPTION... no
checking if 'ext4_journal_ensure_credits' exists... yes
checking if ldiskfs_iget takes a flags argument... yes
checking if __ldiskfs_find_entry is available... no
checking if ldiskfsfs_dirhash takes an inode argument... yes
checking if struct jbd2_journal_handle has h_total_credits member... yes
checking if jbd2_journal_get_max_txn_bufs is available... no
checking if Linux kernel enabled CONFIG_FS_ENCRYPTION as built-in or module... no
checking if Linux kernel enabled CONFIG_QUOTA as built-in or module... yes
checking if stack size is at least 8k... yes
checking if Linux kernel enabled CONFIG_FHANDLE as built-in or module... yes
checking if Linux kernel enabled CONFIG_FS_POSIX_ACL as built-in or module... yes
checking if get_projid exists... yes
checking if 'address_space_operations.invalidatepage' requires 3 arguments... no
checking if 'dir_context' exist... yes
checking if 'd_compare' taken 5 arguments... no
checking if 'd_count' exists... yes
checking if list 'dentry.d_u.d_alias' exist... no
checking if hlist 'dentry.d_u.d_alias' exist... yes
checking if 'dentry.d_child' exist... no
checking if 'struct nsproxy' has 'pid_ns_for_children'... yes
checking if 'truncate_pagecache' with 'old_size' parameter... no
checking if 'PTR_ERR_OR_ZERO' is missing... yes
checking if 'struct kiocb' with 'ki_left' member... no
checking if register_shrinker() returns status... no
checking if Linux kernel has 'vfs_rename' with 5 args... no
checking if Linux kernel has 'vfs_unlink' with 3 args... no
checking if 'd_is_positive' exist... yes
checking if Linux kernel has struct bvec_iter... yes
checking if Linux kernel has truncate_inode_pages_final... yes
checking if 'inode_operations->rename' taken flags as argument... no
checking if 'inode_operations' has '.set_acl' member function... yes
checking if Linux kernel has 'vfs_rename' with 6 args... no
checking if direct IO uses iov_iter... no
checking if 'iov_iter_init' takes a tag... yes
checking if 'iov_iter_truncate' exists... yes
checking if 'file_operations.read|write_iter' exist... yes
checking if 'pagecache_get_page' exists... yes
checking if 'blk_integrity.interval' exist... no
checking if struct key_match field exist... yes
checking if struct blk_integrity_iter exist... no
checking if percpu_counter_init uses GFP_* flag as argument... yes
checking if filldir_t uses struct dir_context... no
checking if struct kiocb has ki_nbytes field... no
checking if 'quotactl_ops.set_dqblk' takes struct qc_dqblk... no
checking if kernel has exported aio_complete()... no
checking if kernel has is_root_inode()... yes
checking if struct address_space has backing_dev_info... no
checking if iov_iter_rw exist... yes
checking if Linux kernel has __bi_cnt in struct bio... yes
checking if 'bio_endio' with one argument exist... yes
checking if symlink inode operations have struct nameidata argument... no
checking if 'account_page_dirtied' with 3 args exists... no
checking if crypto_alloc_skcipher is defined... yes
checking if 'blk_integrity.interval_exp' exist... yes
checking if 'bio_integrity_payload.bip_iter' exist... no
checking if 'struct cache_head' has 'cache_list' field... yes
checking if 'struct xattr_handler' functions pass in handler pointer... no
checking if 'locks_lock_file_wait' exists... no
checking if 'struct key' has 'payload.data' as an array... yes
checking if 'struct xattr_handler' has a name member... yes
checking if Linux kernel has bi_opf in struct bio... yes
checking if submit_bio takes two arguments... no
checking if kernel has clean_bdev_aliases... yes
checking if Linux kernel has 'file_dentry'... yes
checking if 'inode_lock' is defined... yes
checking if 'iop' has 'get_link'... yes
checking if 'in_compat_syscall' is defined... yes
checking if 'struct xattr_handler' functions have inode parameter... no
checking if 'lock_page_memcg' is defined... no
checking if down_write_killable exists... yes
checking if 'd_in_lookup' is defined... yes
checking if dentry operations supports 'd_init'... yes
checking if '->direct_IO()' takes 2 arguments... yes
checking if 'generic_write_sync()' takes 2 arguments... yes
checking if 'file_operations' has 'iterate_shared'... yes
checking if 'posix_acl_valid' takes 'struct user_namespace'... yes
checking if 'd_compare' taken 4 arguments... yes
checking if 'full_name_hash' taken 3 arguments... yes
checking if 'struct posix_acl_xattr_{header,entry}' defined... yes
checking if 'inode_operations' has {get,set,remove}xattr members... no
checking if 'struct group_info' has member 'gid'... yes
checking if '__vfs_setxattr' helper is available... no
checking if 'posix_acl_update_mode' exists... no
checking if 'struct backing_dev_info' has 'io_pages' field... yes
checking if 'generic_readlink' still exist... no
checking if 'struct vm_fault' replaced virtual_address with address field... yes
checking if 'inode_operations' getattr member can gather advance stats... no
checking if 'struct vm_operations' removed struct vm_area_struct... yes
checking if 'key.usage' is refcount_t... yes
checking if 'CRYPTO_MAX_ALG_NAME' is 128... yes
checking for linux header linux/fsmap.h... yes
checking if 'percpu_counter_add_batch()' exists... yes
checking if CURRENT_TIME has been replaced with current_time... yes
checking if 'super_setup_bdi_name' exist... yes
checking if 'bi_status' exist... yes
checking if 'bio_integrity_prep_fn' returns bool... no
checking if get_inode_usage exists... yes
checking if 'pagevec_init' takes one parameter... no
checking if 'bi_bdev' exist... yes
checking if interval_trees use rb_tree_cached... no
checking if vm_fault_t type exists... yes
checking if VM_FAULT_RETRY is defined... yes
checking if struct address_space has i_pages... yes
checking if 'alloc_file_pseudo' is defined... yes
checking if inode timestamps are struct timespec64... no
checking if 'radix_tree_tag_set' exists... yes
checking if MS_RDONLY was moved to uapi/linux/mount.h... yes
checking if cache_detail->hash_lock is a spinlock... yes
checking if struct genl_family has resv_start_op member... yes
checking if bvec_iter_all exists for multi-page bvec iternation... yes
checking if 'keyring_search' has 4 args... yes
checking if struct bio has bi_phys_segments member... no
checking if Linux kernel exports 'flush_delayed_fput'... yes
checking if lock_manager_operations has lm_compare_owner... no
checking if fscrypt has 'struct fscrypt_digested_name'... no
checking if fscrypt_dummy_context_enabled() exists... no
checking if have kthread_use_mm... yes
checking if iter_file_splice_write() exists... yes
checking if fscrypt_fname_alloc_buffer() removed inode parameter... yes
checking if 'fscrypt_set_context()' exists... yes
checking if Linux kernel exports 'fscrypt_d_revalidate'... yes
checking if struct fscrypt_name has is_nokey_name field... yes
checking if fscrypt_set_test_dummy_encryption() take 'const char' parameter... no
checking if fscrypt_free_dummy_policy() exists... yes
checking if 'struct backing_dev_info' has 'debug_stats' field... no
checking if fscrypt_is_no_key_name() exists... yes
checking if fscrypt_prepare_readdir() exists... yes
checking if 'bio_set_dev' is available... yes
checking if 'inode_operations' members have user namespace argument... no
checking if 'inode_operations' has fileattr_get (and fileattr_set)... yes
checking if have copy_page_from_iter_atomic... no
checking if 'get_acl' has a rcu argument... no
checking if 'get_acl' has a rcu argument... (cached) no
checking if have address_space have invalidate_lock member... yes
checking if have fault_in_iov_iter_readable... yes
checking if security_dentry_init_security() returns xattr name... no
checking if kiocb->ki_complete() has 2 arguments... yes
checking if Linux kernel exports 'delete_from_page_cache'... no
checking if wb_stat_mod() exists... yes
checking if have address_spaace_operaions->invalidate_folio() member... yes
checking if have address_spaace_operaions->dirty_folio() member... yes
checking if alloc_inode_sb() exists... yes
checking if grab_cache_page_write_begin() has flags argument... no
checking if struct address_space_operations() has read_folio()... yes
checking if read_cache_page() filler_t needs struct file... yes
checking if struct address_space_operations() has release_folio()... yes
checking if lsmcontext_init is available... no
checking if security_dentry_init_security needs lsmcontext... no
checking if no_llseek() is available... no
checking if dquot_transfer() has user_ns argument... no
checking if struct address_space_operations() has migrate_folio()... yes
checking if register_shrinker() returns status... no
checking if vfs_setxattr() value argument is non-const... no
checking if iov_iter_get_pages_alloc2() is available... yes
checking if get_random_u32() and get_random_u64() are available... yes
checking if filldir_t uses struct dir_context and returns bool... no
checking if filemap_get_folios_contig() is available... yes
checking if get_random_u32_below()is available... yes
checking if 'get_acl' and 'set_acl' use dentry argument... yes
checking if 'inode_operations' members have mnt_idmap argument... yes
checking if 'locks_lock_file_wait' exists in filelock.h... yes
checking if 'kernel_cap_t' has u64 val... yes
checking if 'folio_batch_reinit' is available... yes
checking if 'iov_iter_iovec' is available... no
checking if 'iov_iter_iovec' is available... yes
checking if 'class_create' does not have module arg... yes
checking if 'filemap_splice_read' is available... yes
checking if enum iter_type has member 'iter_pipe'... no
checking if get_user_pages removed 'vma' parameter... yes
checking if 'struct folio_batch' is available... yes
checking if 'struct pagevec' is available... yes
checking if 'flush_scheduled_work()' throws warning... yes
checking if 'inode_get_ctime()' exists... yes
checking if 'mmap_write_trylock()' is available... no
checking if 'generic_fillattr()' has request_mask argument... yes
checking if 'struct nsproxy.count' is refcount_t... yes
checking if 'inode_get_mtime()' exists... yes
checking if 'shrinker_alloc()' exists... yes
checking if sruct dentry has d_children member... yes
checking if generic_error_remove_folio() exists... yes
checking if 'bio_integrity_prep_fn' exists... no
configure: WARNING: --with-ldiskfs is deprecated, please use --enable-ldiskfs
checking whether to build ldiskfs... no
checking whether to enable zfs... no
configure: error: cannot enable servers, no backends were configured
This file contains any messages produced by compilers while
running configure, to aid debugging if configure makes a mistake.

It was created by Lustre configure 2.15.62_24_g955fe33, which was
generated by GNU Autoconf 2.71.  Invocation command line was

  $ ./configure

## --------- ##
## Platform. ##
## --------- ##

hostname = ea4cddc19a39
uname -m = x86_64
uname -r = 6.8.0-90-generic
uname -s = Linux
uname -v = #91-Ubuntu SMP PREEMPT_DYNAMIC Tue Nov 18 14:14:30 UTC 2025

/usr/bin/uname -p = x86_64
/bin/uname -X     = unknown

/bin/arch              = x86_64
/usr/bin/arch -k       = unknown
/usr/convex/getsysinfo = unknown
/usr/bin/hostinfo      = unknown
/bin/machine           = unknown
/usr/bin/oslevel       = unknown
/bin/universe          = unknown

PATH: /home/ktest/.cargo/bin/
PATH: /usr/local/sbin/
PATH: /usr/local/bin/
PATH: /usr/sbin/
PATH: /usr/bin/
PATH: /sbin/
PATH: /bin/


## ----------- ##
## Core tests. ##
## ----------- ##

configure:3389: looking for aux files: ltmain.sh compile missing install-sh config.guess config.sub
configure:3402:  trying ./config/
configure:3431:   ./config/ltmain.sh found
configure:3431:   ./config/compile found
configure:3431:   ./config/missing found
configure:3413:   ./config/install-sh found
configure:3431:   ./config/config.guess found
configure:3431:   ./config/config.sub found
configure:3558: checking build system type
configure:3573: result: x86_64-pc-linux-gnu
configure:3593: checking host system type
configure:3607: result: x86_64-pc-linux-gnu
configure:3627: checking target system type
configure:3641: result: x86_64-pc-linux-gnu
configure:3685: checking for a BSD-compatible install
configure:3758: result: /usr/bin/install -c
configure:3769: checking whether build environment is sane
configure:3824: result: yes
configure:3983: checking for a race-free mkdir -p
configure:4027: result: /usr/bin/mkdir -p
configure:4034: checking for gawk
configure:4055: found /usr/bin/gawk
configure:4066: result: gawk
configure:4077: checking whether make sets $(MAKE)
configure:4100: result: yes
configure:4130: checking whether make supports nested variables
configure:4148: result: yes
configure:4223: checking how to create a pax tar archive
configure:4234: tar --version
tar (GNU tar) 1.34
Copyright (C) 2021 Free Software Foundation, Inc.
License GPLv3+: GNU GPL version 3 or later <https://gnu.org/licenses/gpl.html>.
This is free software: you are free to change and redistribute it.
There is NO WARRANTY, to the extent permitted by law.

Written by John Gilmore and Jay Fenlason.
configure:4237: $? = 0
configure:4277: tardir=conftest.dir && eval tar --format=posix -chf - "$tardir" >conftest.tar
configure:4280: $? = 0
configure:4284: tar -xf - <conftest.tar
configure:4287: $? = 0
configure:4289: cat conftest.dir/file
GrepMe
configure:4292: $? = 0
configure:4306: result: gnutar
configure:4371: checking whether to enable maintainer-specific portions of Makefiles
configure:4381: result: yes
configure:4440: checking whether make supports the include directive
configure:4455: make -f confmf.GNU && cat confinc.out
this is the am__doit target
configure:4458: $? = 0
configure:4477: result: yes (GNU style)
configure:4553: checking for gcc
configure:4585: result: clang-20
configure:4938: checking for C compiler version
configure:4947: clang-20 --version >&5
Ubuntu clang version 20.1.8 (++20250708082409+6fb913d3e2ec-1~exp1~20250708202428.132)
Target: x86_64-pc-linux-gnu
Thread model: posix
InstalledDir: /usr/lib/llvm-20/bin
configure:4958: $? = 0
configure:4947: clang-20 -v >&5
Ubuntu clang version 20.1.8 (++20250708082409+6fb913d3e2ec-1~exp1~20250708202428.132)
Target: x86_64-pc-linux-gnu
Thread model: posix
InstalledDir: /usr/lib/llvm-20/bin
Found candidate GCC installation: /usr/lib/gcc/x86_64-linux-gnu/11
Found candidate GCC installation: /usr/lib/gcc/x86_64-linux-gnu/12
Selected GCC installation: /usr/lib/gcc/x86_64-linux-gnu/12
Candidate multilib: .;@m64
Selected multilib: .;@m64
configure:4958: $? = 0
configure:4947: clang-20 -V >&5
clang-20: error: argument to '-V' is missing (expected 1 value)
clang-20: error: no input files
configure:4958: $? = 1
configure:4947: clang-20 -qversion >&5
clang-20: error: unknown argument '-qversion'; did you mean '--version'?
clang-20: error: no input files
configure:4958: $? = 1
configure:4947: clang-20 -version >&5
clang-20: error: unknown argument '-version'; did you mean '--version'?
clang-20: error: no input files
configure:4958: $? = 1
configure:4978: checking whether the C compiler works
configure:5000: clang-20 -Werror -I/tmp/ktest-out/kernel_build.x86_64//include -I/tmp/ktest-out/kernel_build.x86_64//include -I/tmp/ktest-out/kernel_build.x86_64//arch/x86/include/generated -I/tmp/ktest-out/kernel_build.x86_64//arch/x86/include/generated/uapi -I/tmp/ktest-out/kernel_build.x86_64//include/generated -I/tmp/ktest-out/kernel_build.x86_64//include/generated/uapi   conftest.c  >&5
configure:5004: $? = 0
configure:5054: result: yes
configure:5057: checking for C compiler default output file name
configure:5059: result: a.out
configure:5065: checking for suffix of executables
configure:5072: clang-20 -o conftest -Werror -I/tmp/ktest-out/kernel_build.x86_64//include -I/tmp/ktest-out/kernel_build.x86_64//include -I/tmp/ktest-out/kernel_build.x86_64//arch/x86/include/generated -I/tmp/ktest-out/kernel_build.x86_64//arch/x86/include/generated/uapi -I/tmp/ktest-out/kernel_build.x86_64//include/generated -I/tmp/ktest-out/kernel_build.x86_64//include/generated/uapi   conftest.c  >&5
configure:5076: $? = 0
configure:5099: result: 
configure:5121: checking whether we are cross compiling
configure:5129: clang-20 -o conftest -Werror -I/tmp/ktest-out/kernel_build.x86_64//include -I/tmp/ktest-out/kernel_build.x86_64//include -I/tmp/ktest-out/kernel_build.x86_64//arch/x86/include/generated -I/tmp/ktest-out/kernel_build.x86_64//arch/x86/include/generated/uapi -I/tmp/ktest-out/kernel_build.x86_64//include/generated -I/tmp/ktest-out/kernel_build.x86_64//include/generated/uapi   conftest.c  >&5
configure:5133: $? = 0
configure:5140: ./conftest
configure:5144: $? = 0
configure:5159: result: no
configure:5164: checking for suffix of object files
configure:5187: clang-20 -c -Werror -I/tmp/ktest-out/kernel_build.x86_64//include -I/tmp/ktest-out/kernel_build.x86_64//include -I/tmp/ktest-out/kernel_build.x86_64//arch/x86/include/generated -I/tmp/ktest-out/kernel_build.x86_64//arch/x86/include/generated/uapi -I/tmp/ktest-out/kernel_build.x86_64//include/generated -I/tmp/ktest-out/kernel_build.x86_64//include/generated/uapi  conftest.c >&5
configure:5191: $? = 0
configure:5213: result: o
configure:5217: checking whether the compiler supports GNU C
configure:5237: clang-20 -c -Werror -I/tmp/ktest-out/kernel_build.x86_64//include -I/tmp/ktest-out/kernel_build.x86_64//include -I/tmp/ktest-out/kernel_build.x86_64//arch/x86/include/generated -I/tmp/ktest-out/kernel_build.x86_64//arch/x86/include/generated/uapi -I/tmp/ktest-out/kernel_build.x86_64//include/generated -I/tmp/ktest-out/kernel_build.x86_64//include/generated/uapi  conftest.c >&5
configure:5237: $? = 0
configure:5247: result: yes
configure:5258: checking whether clang-20 accepts -g
configure:5279: clang-20 -c -g  conftest.c >&5
configure:5279: $? = 0
configure:5323: result: yes
configure:5343: checking for clang-20 option to enable C11 features
configure:5358: clang-20  -c -Werror -I/tmp/ktest-out/kernel_build.x86_64//include -I/tmp/ktest-out/kernel_build.x86_64//include -I/tmp/ktest-out/kernel_build.x86_64//arch/x86/include/generated -I/tmp/ktest-out/kernel_build.x86_64//arch/x86/include/generated/uapi -I/tmp/ktest-out/kernel_build.x86_64//include/generated -I/tmp/ktest-out/kernel_build.x86_64//include/generated/uapi  conftest.c >&5
conftest.c:25:14: error: a function definition without a prototype is deprecated in all versions of C and is not supported in C23 [-Werror,-Wdeprecated-non-prototype]
   25 | static char *e (p, i)
      |              ^
1 error generated.
configure:5358: $? = 1
configure: failed program was:
| /* confdefs.h */
| #define PACKAGE_NAME "Lustre"
| #define PACKAGE_TARNAME "lustre"
| #define PACKAGE_VERSION "2.15.62_24_g955fe33"
| #define PACKAGE_STRING "Lustre 2.15.62_24_g955fe33"
| #define PACKAGE_BUGREPORT "https://jira.whamcloud.com/"
| #define PACKAGE_URL ""
| #define PACKAGE "lustre"
| #define VERSION "2.15.62_24_g955fe33"
| /* end confdefs.h.  */
| 
| /* Does the compiler advertise C89 conformance?
|    Do not test the value of __STDC__, because some compilers set it to 0
|    while being otherwise adequately conformant. */
| #if !defined __STDC__
| # error "Compiler does not advertise C89 conformance"
| #endif
| 
| #include <stddef.h>
| #include <stdarg.h>
| struct stat;
| /* Most of the following tests are stolen from RCS 5.7 src/conf.sh.  */
| struct buf { int x; };
| struct buf * (*rcsopen) (struct buf *, struct stat *, int);
| static char *e (p, i)
|      char **p;
|      int i;
| {
|   return p[i];
| }
| static char *f (char * (*g) (char **, int), char **p, ...)
| {
|   char *s;
|   va_list v;
|   va_start (v,p);
|   s = g (p, va_arg (v,int));
|   va_end (v);
|   return s;
| }
| 
| /* OSF 4.0 Compaq cc is some sort of almost-ANSI by default.  It has
|    function prototypes and stuff, but not \xHH hex character constants.
|    These do not provoke an error unfortunately, instead are silently treated
|    as an "x".  The following induces an error, until -std is added to get
|    proper ANSI mode.  Curiously \x00 != x always comes out true, for an
|    array size at least.  It is necessary to write \x00 == 0 to get something
|    that is true only with -std.  */
| int osf4_cc_array ['\x00' == 0 ? 1 : -1];
| 
| /* IBM C 6 for AIX is almost-ANSI by default, but it replaces macro parameters
|    inside strings and character constants.  */
| #define FOO(x) 'x'
| int xlc6_cc_array[FOO(a) == 'x' ? 1 : -1];
| 
| int test (int i, double x);
| struct s1 {int (*f) (int a);};
| struct s2 {int (*f) (double a);};
| int pairnames (int, char **, int *(*)(struct buf *, struct stat *, int),
|                int, int);
| 
| // Does the compiler advertise C99 conformance?
| #if !defined __STDC_VERSION__ || __STDC_VERSION__ < 199901L
| # error "Compiler does not advertise C99 conformance"
| #endif
| 
| #include <stdbool.h>
| extern int puts (const char *);
| extern int printf (const char *, ...);
| extern int dprintf (int, const char *, ...);
| extern void *malloc (size_t);
| 
| // Check varargs macros.  These examples are taken from C99 6.10.3.5.
| // dprintf is used instead of fprintf to avoid needing to declare
| // FILE and stderr.
| #define debug(...) dprintf (2, __VA_ARGS__)
| #define showlist(...) puts (#__VA_ARGS__)
| #define report(test,...) ((test) ? puts (#test) : printf (__VA_ARGS__))
| static void
| test_varargs_macros (void)
| {
|   int x = 1234;
|   int y = 5678;
|   debug ("Flag");
|   debug ("X = %d\n", x);
|   showlist (The first, second, and third items.);
|   report (x>y, "x is %d but y is %d", x, y);
| }
| 
| // Check long long types.
| #define BIG64 18446744073709551615ull
| #define BIG32 4294967295ul
| #define BIG_OK (BIG64 / BIG32 == 4294967297ull && BIG64 % BIG32 == 0)
| #if !BIG_OK
|   #error "your preprocessor is broken"
| #endif
| #if BIG_OK
| #else
|   #error "your preprocessor is broken"
| #endif
| static long long int bignum = -9223372036854775807LL;
| static unsigned long long int ubignum = BIG64;
| 
| struct incomplete_array
| {
|   int datasize;
|   double data[];
| };
| 
| struct named_init {
|   int number;
|   const wchar_t *name;
|   double average;
| };
| 
| typedef const char *ccp;
| 
| static inline int
| test_restrict (ccp restrict text)
| {
|   // See if C++-style comments work.
|   // Iterate through items via the restricted pointer.
|   // Also check for declarations in for loops.
|   for (unsigned int i = 0; *(text+i) != '\0'; ++i)
|     continue;
|   return 0;
| }
| 
| // Check varargs and va_copy.
| static bool
| test_varargs (const char *format, ...)
| {
|   va_list args;
|   va_start (args, format);
|   va_list args_copy;
|   va_copy (args_copy, args);
| 
|   const char *str = "";
|   int number = 0;
|   float fnumber = 0;
| 
|   while (*format)
|     {
|       switch (*format++)
| 	{
| 	case 's': // string
| 	  str = va_arg (args_copy, const char *);
| 	  break;
| 	case 'd': // int
| 	  number = va_arg (args_copy, int);
| 	  break;
| 	case 'f': // float
| 	  fnumber = va_arg (args_copy, double);
| 	  break;
| 	default:
| 	  break;
| 	}
|     }
|   va_end (args_copy);
|   va_end (args);
| 
|   return *str && number && fnumber;
| }
| 
| 
| // Does the compiler advertise C11 conformance?
| #if !defined __STDC_VERSION__ || __STDC_VERSION__ < 201112L
| # error "Compiler does not advertise C11 conformance"
| #endif
| 
| // Check _Alignas.
| char _Alignas (double) aligned_as_double;
| char _Alignas (0) no_special_alignment;
| extern char aligned_as_int;
| char _Alignas (0) _Alignas (int) aligned_as_int;
| 
| // Check _Alignof.
| enum
| {
|   int_alignment = _Alignof (int),
|   int_array_alignment = _Alignof (int[100]),
|   char_alignment = _Alignof (char)
| };
| _Static_assert (0 < -_Alignof (int), "_Alignof is signed");
| 
| // Check _Noreturn.
| int _Noreturn does_not_return (void) { for (;;) continue; }
| 
| // Check _Static_assert.
| struct test_static_assert
| {
|   int x;
|   _Static_assert (sizeof (int) <= sizeof (long int),
|                   "_Static_assert does not work in struct");
|   long int y;
| };
| 
| // Check UTF-8 literals.
| #define u8 syntax error!
| char const utf8_literal[] = u8"happens to be ASCII" "another string";
| 
| // Check duplicate typedefs.
| typedef long *long_ptr;
| typedef long int *long_ptr;
| typedef long_ptr long_ptr;
| 
| // Anonymous structures and unions -- taken from C11 6.7.2.1 Example 1.
| struct anonymous
| {
|   union {
|     struct { int i; int j; };
|     struct { int k; long int l; } w;
|   };
|   int m;
| } v1;
| 
| 
| int
| main (int argc, char **argv)
| {
|   int ok = 0;
|   
| ok |= (argc == 0 || f (e, argv, 0) != argv[0] || f (e, argv, 1) != argv[1]);
| 
|   
|   // Check bool.
|   _Bool success = false;
|   success |= (argc != 0);
| 
|   // Check restrict.
|   if (test_restrict ("String literal") == 0)
|     success = true;
|   char *restrict newvar = "Another string";
| 
|   // Check varargs.
|   success &= test_varargs ("s, d' f .", "string", 65, 34.234);
|   test_varargs_macros ();
| 
|   // Check flexible array members.
|   struct incomplete_array *ia =
|     malloc (sizeof (struct incomplete_array) + (sizeof (double) * 10));
|   ia->datasize = 10;
|   for (int i = 0; i < ia->datasize; ++i)
|     ia->data[i] = i * 1.234;
| 
|   // Check named initializers.
|   struct named_init ni = {
|     .number = 34,
|     .name = L"Test wide string",
|     .average = 543.34343,
|   };
| 
|   ni.number = 58;
| 
|   int dynamic_array[ni.number];
|   dynamic_array[0] = argv[0][0];
|   dynamic_array[ni.number - 1] = 543;
| 
|   // work around unused variable warnings
|   ok |= (!success || bignum == 0LL || ubignum == 0uLL || newvar[0] == 'x'
| 	 || dynamic_array[ni.number - 1] != 543);
| 
|   
|   _Static_assert ((offsetof (struct anonymous, i)
| 		   == offsetof (struct anonymous, w.k)),
| 		  "Anonymous union alignment botch");
|   v1.i = 2;
|   v1.w.k = 5;
|   ok |= v1.i != 5;
| 
|   return ok;
| }
| 
configure:5358: clang-20 -std=gnu11 -c -Werror -I/tmp/ktest-out/kernel_build.x86_64//include -I/tmp/ktest-out/kernel_build.x86_64//include -I/tmp/ktest-out/kernel_build.x86_64//arch/x86/include/generated -I/tmp/ktest-out/kernel_build.x86_64//arch/x86/include/generated/uapi -I/tmp/ktest-out/kernel_build.x86_64//include/generated -I/tmp/ktest-out/kernel_build.x86_64//include/generated/uapi  conftest.c >&5
conftest.c:25:14: error: a function definition without a prototype is deprecated in all versions of C and is not supported in C23 [-Werror,-Wdeprecated-non-prototype]
   25 | static char *e (p, i)
      |              ^
1 error generated.
configure:5358: $? = 1
configure: failed program was:
| /* confdefs.h */
| #define PACKAGE_NAME "Lustre"
| #define PACKAGE_TARNAME "lustre"
| #define PACKAGE_VERSION "2.15.62_24_g955fe33"
| #define PACKAGE_STRING "Lustre 2.15.62_24_g955fe33"
| #define PACKAGE_BUGREPORT "https://jira.whamcloud.com/"
| #define PACKAGE_URL ""
| #define PACKAGE "lustre"
| #define VERSION "2.15.62_24_g955fe33"
| /* end confdefs.h.  */
| 
| /* Does the compiler advertise C89 conformance?
|    Do not test the value of __STDC__, because some compilers set it to 0
|    while being otherwise adequately conformant. */
| #if !defined __STDC__
| # error "Compiler does not advertise C89 conformance"
| #endif
| 
| #include <stddef.h>
| #include <stdarg.h>
| struct stat;
| /* Most of the following tests are stolen from RCS 5.7 src/conf.sh.  */
| struct buf { int x; };
| struct buf * (*rcsopen) (struct buf *, struct stat *, int);
| static char *e (p, i)
|      char **p;
|      int i;
| {
|   return p[i];
| }
| static char *f (char * (*g) (char **, int), char **p, ...)
| {
|   char *s;
|   va_list v;
|   va_start (v,p);
|   s = g (p, va_arg (v,int));
|   va_end (v);
|   return s;
| }
| 
| /* OSF 4.0 Compaq cc is some sort of almost-ANSI by default.  It has
|    function prototypes and stuff, but not \xHH hex character constants.
|    These do not provoke an error unfortunately, instead are silently treated
|    as an "x".  The following induces an error, until -std is added to get
|    proper ANSI mode.  Curiously \x00 != x always comes out true, for an
|    array size at least.  It is necessary to write \x00 == 0 to get something
|    that is true only with -std.  */
| int osf4_cc_array ['\x00' == 0 ? 1 : -1];
| 
| /* IBM C 6 for AIX is almost-ANSI by default, but it replaces macro parameters
|    inside strings and character constants.  */
| #define FOO(x) 'x'
| int xlc6_cc_array[FOO(a) == 'x' ? 1 : -1];
| 
| int test (int i, double x);
| struct s1 {int (*f) (int a);};
| struct s2 {int (*f) (double a);};
| int pairnames (int, char **, int *(*)(struct buf *, struct stat *, int),
|                int, int);
| 
| // Does the compiler advertise C99 conformance?
| #if !defined __STDC_VERSION__ || __STDC_VERSION__ < 199901L
| # error "Compiler does not advertise C99 conformance"
| #endif
| 
| #include <stdbool.h>
| extern int puts (const char *);
| extern int printf (const char *, ...);
| extern int dprintf (int, const char *, ...);
| extern void *malloc (size_t);
| 
| // Check varargs macros.  These examples are taken from C99 6.10.3.5.
| // dprintf is used instead of fprintf to avoid needing to declare
| // FILE and stderr.
| #define debug(...) dprintf (2, __VA_ARGS__)
| #define showlist(...) puts (#__VA_ARGS__)
| #define report(test,...) ((test) ? puts (#test) : printf (__VA_ARGS__))
| static void
| test_varargs_macros (void)
| {
|   int x = 1234;
|   int y = 5678;
|   debug ("Flag");
|   debug ("X = %d\n", x);
|   showlist (The first, second, and third items.);
|   report (x>y, "x is %d but y is %d", x, y);
| }
| 
| // Check long long types.
| #define BIG64 18446744073709551615ull
| #define BIG32 4294967295ul
| #define BIG_OK (BIG64 / BIG32 == 4294967297ull && BIG64 % BIG32 == 0)
| #if !BIG_OK
|   #error "your preprocessor is broken"
| #endif
| #if BIG_OK
| #else
|   #error "your preprocessor is broken"
| #endif
| static long long int bignum = -9223372036854775807LL;
| static unsigned long long int ubignum = BIG64;
| 
| struct incomplete_array
| {
|   int datasize;
|   double data[];
| };
| 
| struct named_init {
|   int number;
|   const wchar_t *name;
|   double average;
| };
| 
| typedef const char *ccp;
| 
| static inline int
| test_restrict (ccp restrict text)
| {
|   // See if C++-style comments work.
|   // Iterate through items via the restricted pointer.
|   // Also check for declarations in for loops.
|   for (unsigned int i = 0; *(text+i) != '\0'; ++i)
|     continue;
|   return 0;
| }
| 
| // Check varargs and va_copy.
| static bool
| test_varargs (const char *format, ...)
| {
|   va_list args;
|   va_start (args, format);
|   va_list args_copy;
|   va_copy (args_copy, args);
| 
|   const char *str = "";
|   int number = 0;
|   float fnumber = 0;
| 
|   while (*format)
|     {
|       switch (*format++)
| 	{
| 	case 's': // string
| 	  str = va_arg (args_copy, const char *);
| 	  break;
| 	case 'd': // int
| 	  number = va_arg (args_copy, int);
| 	  break;
| 	case 'f': // float
| 	  fnumber = va_arg (args_copy, double);
| 	  break;
| 	default:
| 	  break;
| 	}
|     }
|   va_end (args_copy);
|   va_end (args);
| 
|   return *str && number && fnumber;
| }
| 
| 
| // Does the compiler advertise C11 conformance?
| #if !defined __STDC_VERSION__ || __STDC_VERSION__ < 201112L
| # error "Compiler does not advertise C11 conformance"
| #endif
| 
| // Check _Alignas.
| char _Alignas (double) aligned_as_double;
| char _Alignas (0) no_special_alignment;
| extern char aligned_as_int;
| char _Alignas (0) _Alignas (int) aligned_as_int;
| 
| // Check _Alignof.
| enum
| {
|   int_alignment = _Alignof (int),
|   int_array_alignment = _Alignof (int[100]),
|   char_alignment = _Alignof (char)
| };
| _Static_assert (0 < -_Alignof (int), "_Alignof is signed");
| 
| // Check _Noreturn.
| int _Noreturn does_not_return (void) { for (;;) continue; }
| 
| // Check _Static_assert.
| struct test_static_assert
| {
|   int x;
|   _Static_assert (sizeof (int) <= sizeof (long int),
|                   "_Static_assert does not work in struct");
|   long int y;
| };
| 
| // Check UTF-8 literals.
| #define u8 syntax error!
| char const utf8_literal[] = u8"happens to be ASCII" "another string";
| 
| // Check duplicate typedefs.
| typedef long *long_ptr;
| typedef long int *long_ptr;
| typedef long_ptr long_ptr;
| 
| // Anonymous structures and unions -- taken from C11 6.7.2.1 Example 1.
| struct anonymous
| {
|   union {
|     struct { int i; int j; };
|     struct { int k; long int l; } w;
|   };
|   int m;
| } v1;
| 
| 
| int
| main (int argc, char **argv)
| {
|   int ok = 0;
|   
| ok |= (argc == 0 || f (e, argv, 0) != argv[0] || f (e, argv, 1) != argv[1]);
| 
|   
|   // Check bool.
|   _Bool success = false;
|   success |= (argc != 0);
| 
|   // Check restrict.
|   if (test_restrict ("String literal") == 0)
|     success = true;
|   char *restrict newvar = "Another string";
| 
|   // Check varargs.
|   success &= test_varargs ("s, d' f .", "string", 65, 34.234);
|   test_varargs_macros ();
| 
|   // Check flexible array members.
|   struct incomplete_array *ia =
|     malloc (sizeof (struct incomplete_array) + (sizeof (double) * 10));
|   ia->datasize = 10;
|   for (int i = 0; i < ia->datasize; ++i)
|     ia->data[i] = i * 1.234;
| 
|   // Check named initializers.
|   struct named_init ni = {
|     .number = 34,
|     .name = L"Test wide string",
|     .average = 543.34343,
|   };
| 
|   ni.number = 58;
| 
|   int dynamic_array[ni.number];
|   dynamic_array[0] = argv[0][0];
|   dynamic_array[ni.number - 1] = 543;
| 
|   // work around unused variable warnings
|   ok |= (!success || bignum == 0LL || ubignum == 0uLL || newvar[0] == 'x'
| 	 || dynamic_array[ni.number - 1] != 543);
| 
|   
|   _Static_assert ((offsetof (struct anonymous, i)
| 		   == offsetof (struct anonymous, w.k)),
| 		  "Anonymous union alignment botch");
|   v1.i = 2;
|   v1.w.k = 5;
|   ok |= v1.i != 5;
| 
|   return ok;
| }
| 
configure:5371: result: unsupported
configure:5389: checking for clang-20 option to enable C99 features
configure:5404: clang-20  -c -Werror -I/tmp/ktest-out/kernel_build.x86_64//include -I/tmp/ktest-out/kernel_build.x86_64//include -I/tmp/ktest-out/kernel_build.x86_64//arch/x86/include/generated -I/tmp/ktest-out/kernel_build.x86_64//arch/x86/include/generated/uapi -I/tmp/ktest-out/kernel_build.x86_64//include/generated -I/tmp/ktest-out/kernel_build.x86_64//include/generated/uapi  conftest.c >&5
conftest.c:25:14: error: a function definition without a prototype is deprecated in all versions of C and is not supported in C23 [-Werror,-Wdeprecated-non-prototype]
   25 | static char *e (p, i)
      |              ^
1 error generated.
configure:5404: $? = 1
configure: failed program was:
| /* confdefs.h */
| #define PACKAGE_NAME "Lustre"
| #define PACKAGE_TARNAME "lustre"
| #define PACKAGE_VERSION "2.15.62_24_g955fe33"
| #define PACKAGE_STRING "Lustre 2.15.62_24_g955fe33"
| #define PACKAGE_BUGREPORT "https://jira.whamcloud.com/"
| #define PACKAGE_URL ""
| #define PACKAGE "lustre"
| #define VERSION "2.15.62_24_g955fe33"
| /* end confdefs.h.  */
| 
| /* Does the compiler advertise C89 conformance?
|    Do not test the value of __STDC__, because some compilers set it to 0
|    while being otherwise adequately conformant. */
| #if !defined __STDC__
| # error "Compiler does not advertise C89 conformance"
| #endif
| 
| #include <stddef.h>
| #include <stdarg.h>
| struct stat;
| /* Most of the following tests are stolen from RCS 5.7 src/conf.sh.  */
| struct buf { int x; };
| struct buf * (*rcsopen) (struct buf *, struct stat *, int);
| static char *e (p, i)
|      char **p;
|      int i;
| {
|   return p[i];
| }
| static char *f (char * (*g) (char **, int), char **p, ...)
| {
|   char *s;
|   va_list v;
|   va_start (v,p);
|   s = g (p, va_arg (v,int));
|   va_end (v);
|   return s;
| }
| 
| /* OSF 4.0 Compaq cc is some sort of almost-ANSI by default.  It has
|    function prototypes and stuff, but not \xHH hex character constants.
|    These do not provoke an error unfortunately, instead are silently treated
|    as an "x".  The following induces an error, until -std is added to get
|    proper ANSI mode.  Curiously \x00 != x always comes out true, for an
|    array size at least.  It is necessary to write \x00 == 0 to get something
|    that is true only with -std.  */
| int osf4_cc_array ['\x00' == 0 ? 1 : -1];
| 
| /* IBM C 6 for AIX is almost-ANSI by default, but it replaces macro parameters
|    inside strings and character constants.  */
| #define FOO(x) 'x'
| int xlc6_cc_array[FOO(a) == 'x' ? 1 : -1];
| 
| int test (int i, double x);
| struct s1 {int (*f) (int a);};
| struct s2 {int (*f) (double a);};
| int pairnames (int, char **, int *(*)(struct buf *, struct stat *, int),
|                int, int);
| 
| // Does the compiler advertise C99 conformance?
| #if !defined __STDC_VERSION__ || __STDC_VERSION__ < 199901L
| # error "Compiler does not advertise C99 conformance"
| #endif
| 
| #include <stdbool.h>
| extern int puts (const char *);
| extern int printf (const char *, ...);
| extern int dprintf (int, const char *, ...);
| extern void *malloc (size_t);
| 
| // Check varargs macros.  These examples are taken from C99 6.10.3.5.
| // dprintf is used instead of fprintf to avoid needing to declare
| // FILE and stderr.
| #define debug(...) dprintf (2, __VA_ARGS__)
| #define showlist(...) puts (#__VA_ARGS__)
| #define report(test,...) ((test) ? puts (#test) : printf (__VA_ARGS__))
| static void
| test_varargs_macros (void)
| {
|   int x = 1234;
|   int y = 5678;
|   debug ("Flag");
|   debug ("X = %d\n", x);
|   showlist (The first, second, and third items.);
|   report (x>y, "x is %d but y is %d", x, y);
| }
| 
| // Check long long types.
| #define BIG64 18446744073709551615ull
| #define BIG32 4294967295ul
| #define BIG_OK (BIG64 / BIG32 == 4294967297ull && BIG64 % BIG32 == 0)
| #if !BIG_OK
|   #error "your preprocessor is broken"
| #endif
| #if BIG_OK
| #else
|   #error "your preprocessor is broken"
| #endif
| static long long int bignum = -9223372036854775807LL;
| static unsigned long long int ubignum = BIG64;
| 
| struct incomplete_array
| {
|   int datasize;
|   double data[];
| };
| 
| struct named_init {
|   int number;
|   const wchar_t *name;
|   double average;
| };
| 
| typedef const char *ccp;
| 
| static inline int
| test_restrict (ccp restrict text)
| {
|   // See if C++-style comments work.
|   // Iterate through items via the restricted pointer.
|   // Also check for declarations in for loops.
|   for (unsigned int i = 0; *(text+i) != '\0'; ++i)
|     continue;
|   return 0;
| }
| 
| // Check varargs and va_copy.
| static bool
| test_varargs (const char *format, ...)
| {
|   va_list args;
|   va_start (args, format);
|   va_list args_copy;
|   va_copy (args_copy, args);
| 
|   const char *str = "";
|   int number = 0;
|   float fnumber = 0;
| 
|   while (*format)
|     {
|       switch (*format++)
| 	{
| 	case 's': // string
| 	  str = va_arg (args_copy, const char *);
| 	  break;
| 	case 'd': // int
| 	  number = va_arg (args_copy, int);
| 	  break;
| 	case 'f': // float
| 	  fnumber = va_arg (args_copy, double);
| 	  break;
| 	default:
| 	  break;
| 	}
|     }
|   va_end (args_copy);
|   va_end (args);
| 
|   return *str && number && fnumber;
| }
| 
| 
| int
| main (int argc, char **argv)
| {
|   int ok = 0;
|   
| ok |= (argc == 0 || f (e, argv, 0) != argv[0] || f (e, argv, 1) != argv[1]);
| 
|   
|   // Check bool.
|   _Bool success = false;
|   success |= (argc != 0);
| 
|   // Check restrict.
|   if (test_restrict ("String literal") == 0)
|     success = true;
|   char *restrict newvar = "Another string";
| 
|   // Check varargs.
|   success &= test_varargs ("s, d' f .", "string", 65, 34.234);
|   test_varargs_macros ();
| 
|   // Check flexible array members.
|   struct incomplete_array *ia =
|     malloc (sizeof (struct incomplete_array) + (sizeof (double) * 10));
|   ia->datasize = 10;
|   for (int i = 0; i < ia->datasize; ++i)
|     ia->data[i] = i * 1.234;
| 
|   // Check named initializers.
|   struct named_init ni = {
|     .number = 34,
|     .name = L"Test wide string",
|     .average = 543.34343,
|   };
| 
|   ni.number = 58;
| 
|   int dynamic_array[ni.number];
|   dynamic_array[0] = argv[0][0];
|   dynamic_array[ni.number - 1] = 543;
| 
|   // work around unused variable warnings
|   ok |= (!success || bignum == 0LL || ubignum == 0uLL || newvar[0] == 'x'
| 	 || dynamic_array[ni.number - 1] != 543);
| 
|   return ok;
| }
| 
configure:5404: clang-20 -std=gnu99 -c -Werror -I/tmp/ktest-out/kernel_build.x86_64//include -I/tmp/ktest-out/kernel_build.x86_64//include -I/tmp/ktest-out/kernel_build.x86_64//arch/x86/include/generated -I/tmp/ktest-out/kernel_build.x86_64//arch/x86/include/generated/uapi -I/tmp/ktest-out/kernel_build.x86_64//include/generated -I/tmp/ktest-out/kernel_build.x86_64//include/generated/uapi  conftest.c >&5
conftest.c:25:14: error: a function definition without a prototype is deprecated in all versions of C and is not supported in C23 [-Werror,-Wdeprecated-non-prototype]
   25 | static char *e (p, i)
      |              ^
1 error generated.
configure:5404: $? = 1
configure: failed program was:
| /* confdefs.h */
| #define PACKAGE_NAME "Lustre"
| #define PACKAGE_TARNAME "lustre"
| #define PACKAGE_VERSION "2.15.62_24_g955fe33"
| #define PACKAGE_STRING "Lustre 2.15.62_24_g955fe33"
| #define PACKAGE_BUGREPORT "https://jira.whamcloud.com/"
| #define PACKAGE_URL ""
| #define PACKAGE "lustre"
| #define VERSION "2.15.62_24_g955fe33"
| /* end confdefs.h.  */
| 
| /* Does the compiler advertise C89 conformance?
|    Do not test the value of __STDC__, because some compilers set it to 0
|    while being otherwise adequately conformant. */
| #if !defined __STDC__
| # error "Compiler does not advertise C89 conformance"
| #endif
| 
| #include <stddef.h>
| #include <stdarg.h>
| struct stat;
| /* Most of the following tests are stolen from RCS 5.7 src/conf.sh.  */
| struct buf { int x; };
| struct buf * (*rcsopen) (struct buf *, struct stat *, int);
| static char *e (p, i)
|      char **p;
|      int i;
| {
|   return p[i];
| }
| static char *f (char * (*g) (char **, int), char **p, ...)
| {
|   char *s;
|   va_list v;
|   va_start (v,p);
|   s = g (p, va_arg (v,int));
|   va_end (v);
|   return s;
| }
| 
| /* OSF 4.0 Compaq cc is some sort of almost-ANSI by default.  It has
|    function prototypes and stuff, but not \xHH hex character constants.
|    These do not provoke an error unfortunately, instead are silently treated
|    as an "x".  The following induces an error, until -std is added to get
|    proper ANSI mode.  Curiously \x00 != x always comes out true, for an
|    array size at least.  It is necessary to write \x00 == 0 to get something
|    that is true only with -std.  */
| int osf4_cc_array ['\x00' == 0 ? 1 : -1];
| 
| /* IBM C 6 for AIX is almost-ANSI by default, but it replaces macro parameters
|    inside strings and character constants.  */
| #define FOO(x) 'x'
| int xlc6_cc_array[FOO(a) == 'x' ? 1 : -1];
| 
| int test (int i, double x);
| struct s1 {int (*f) (int a);};
| struct s2 {int (*f) (double a);};
| int pairnames (int, char **, int *(*)(struct buf *, struct stat *, int),
|                int, int);
| 
| // Does the compiler advertise C99 conformance?
| #if !defined __STDC_VERSION__ || __STDC_VERSION__ < 199901L
| # error "Compiler does not advertise C99 conformance"
| #endif
| 
| #include <stdbool.h>
| extern int puts (const char *);
| extern int printf (const char *, ...);
| extern int dprintf (int, const char *, ...);
| extern void *malloc (size_t);
| 
| // Check varargs macros.  These examples are taken from C99 6.10.3.5.
| // dprintf is used instead of fprintf to avoid needing to declare
| // FILE and stderr.
| #define debug(...) dprintf (2, __VA_ARGS__)
| #define showlist(...) puts (#__VA_ARGS__)
| #define report(test,...) ((test) ? puts (#test) : printf (__VA_ARGS__))
| static void
| test_varargs_macros (void)
| {
|   int x = 1234;
|   int y = 5678;
|   debug ("Flag");
|   debug ("X = %d\n", x);
|   showlist (The first, second, and third items.);
|   report (x>y, "x is %d but y is %d", x, y);
| }
| 
| // Check long long types.
| #define BIG64 18446744073709551615ull
| #define BIG32 4294967295ul
| #define BIG_OK (BIG64 / BIG32 == 4294967297ull && BIG64 % BIG32 == 0)
| #if !BIG_OK
|   #error "your preprocessor is broken"
| #endif
| #if BIG_OK
| #else
|   #error "your preprocessor is broken"
| #endif
| static long long int bignum = -9223372036854775807LL;
| static unsigned long long int ubignum = BIG64;
| 
| struct incomplete_array
| {
|   int datasize;
|   double data[];
| };
| 
| struct named_init {
|   int number;
|   const wchar_t *name;
|   double average;
| };
| 
| typedef const char *ccp;
| 
| static inline int
| test_restrict (ccp restrict text)
| {
|   // See if C++-style comments work.
|   // Iterate through items via the restricted pointer.
|   // Also check for declarations in for loops.
|   for (unsigned int i = 0; *(text+i) != '\0'; ++i)
|     continue;
|   return 0;
| }
| 
| // Check varargs and va_copy.
| static bool
| test_varargs (const char *format, ...)
| {
|   va_list args;
|   va_start (args, format);
|   va_list args_copy;
|   va_copy (args_copy, args);
| 
|   const char *str = "";
|   int number = 0;
|   float fnumber = 0;
| 
|   while (*format)
|     {
|       switch (*format++)
| 	{
| 	case 's': // string
| 	  str = va_arg (args_copy, const char *);
| 	  break;
| 	case 'd': // int
| 	  number = va_arg (args_copy, int);
| 	  break;
| 	case 'f': // float
| 	  fnumber = va_arg (args_copy, double);
| 	  break;
| 	default:
| 	  break;
| 	}
|     }
|   va_end (args_copy);
|   va_end (args);
| 
|   return *str && number && fnumber;
| }
| 
| 
| int
| main (int argc, char **argv)
| {
|   int ok = 0;
|   
| ok |= (argc == 0 || f (e, argv, 0) != argv[0] || f (e, argv, 1) != argv[1]);
| 
|   
|   // Check bool.
|   _Bool success = false;
|   success |= (argc != 0);
| 
|   // Check restrict.
|   if (test_restrict ("String literal") == 0)
|     success = true;
|   char *restrict newvar = "Another string";
| 
|   // Check varargs.
|   success &= test_varargs ("s, d' f .", "string", 65, 34.234);
|   test_varargs_macros ();
| 
|   // Check flexible array members.
|   struct incomplete_array *ia =
|     malloc (sizeof (struct incomplete_array) + (sizeof (double) * 10));
|   ia->datasize = 10;
|   for (int i = 0; i < ia->datasize; ++i)
|     ia->data[i] = i * 1.234;
| 
|   // Check named initializers.
|   struct named_init ni = {
|     .number = 34,
|     .name = L"Test wide string",
|     .average = 543.34343,
|   };
| 
|   ni.number = 58;
| 
|   int dynamic_array[ni.number];
|   dynamic_array[0] = argv[0][0];
|   dynamic_array[ni.number - 1] = 543;
| 
|   // work around unused variable warnings
|   ok |= (!success || bignum == 0LL || ubignum == 0uLL || newvar[0] == 'x'
| 	 || dynamic_array[ni.number - 1] != 543);
| 
|   return ok;
| }
| 
configure:5404: clang-20 -std=c99 -c -Werror -I/tmp/ktest-out/kernel_build.x86_64//include -I/tmp/ktest-out/kernel_build.x86_64//include -I/tmp/ktest-out/kernel_build.x86_64//arch/x86/include/generated -I/tmp/ktest-out/kernel_build.x86_64//arch/x86/include/generated/uapi -I/tmp/ktest-out/kernel_build.x86_64//include/generated -I/tmp/ktest-out/kernel_build.x86_64//include/generated/uapi  conftest.c >&5
conftest.c:25:14: error: a function definition without a prototype is deprecated in all versions of C and is not supported in C23 [-Werror,-Wdeprecated-non-prototype]
   25 | static char *e (p, i)
      |              ^
1 error generated.
configure:5404: $? = 1
configure: failed program was:
| /* confdefs.h */
| #define PACKAGE_NAME "Lustre"
| #define PACKAGE_TARNAME "lustre"
| #define PACKAGE_VERSION "2.15.62_24_g955fe33"
| #define PACKAGE_STRING "Lustre 2.15.62_24_g955fe33"
| #define PACKAGE_BUGREPORT "https://jira.whamcloud.com/"
| #define PACKAGE_URL ""
| #define PACKAGE "lustre"
| #define VERSION "2.15.62_24_g955fe33"
| /* end confdefs.h.  */
| 
| /* Does the compiler advertise C89 conformance?
|    Do not test the value of __STDC__, because some compilers set it to 0
|    while being otherwise adequately conformant. */
| #if !defined __STDC__
| # error "Compiler does not advertise C89 conformance"
| #endif
| 
| #include <stddef.h>
| #include <stdarg.h>
| struct stat;
| /* Most of the following tests are stolen from RCS 5.7 src/conf.sh.  */
| struct buf { int x; };
| struct buf * (*rcsopen) (struct buf *, struct stat *, int);
| static char *e (p, i)
|      char **p;
|      int i;
| {
|   return p[i];
| }
| static char *f (char * (*g) (char **, int), char **p, ...)
| {
|   char *s;
|   va_list v;
|   va_start (v,p);
|   s = g (p, va_arg (v,int));
|   va_end (v);
|   return s;
| }
| 
| /* OSF 4.0 Compaq cc is some sort of almost-ANSI by default.  It has
|    function prototypes and stuff, but not \xHH hex character constants.
|    These do not provoke an error unfortunately, instead are silently treated
|    as an "x".  The following induces an error, until -std is added to get
|    proper ANSI mode.  Curiously \x00 != x always comes out true, for an
|    array size at least.  It is necessary to write \x00 == 0 to get something
|    that is true only with -std.  */
| int osf4_cc_array ['\x00' == 0 ? 1 : -1];
| 
| /* IBM C 6 for AIX is almost-ANSI by default, but it replaces macro parameters
|    inside strings and character constants.  */
| #define FOO(x) 'x'
| int xlc6_cc_array[FOO(a) == 'x' ? 1 : -1];
| 
| int test (int i, double x);
| struct s1 {int (*f) (int a);};
| struct s2 {int (*f) (double a);};
| int pairnames (int, char **, int *(*)(struct buf *, struct stat *, int),
|                int, int);
| 
| // Does the compiler advertise C99 conformance?
| #if !defined __STDC_VERSION__ || __STDC_VERSION__ < 199901L
| # error "Compiler does not advertise C99 conformance"
| #endif
| 
| #include <stdbool.h>
| extern int puts (const char *);
| extern int printf (const char *, ...);
| extern int dprintf (int, const char *, ...);
| extern void *malloc (size_t);
| 
| // Check varargs macros.  These examples are taken from C99 6.10.3.5.
| // dprintf is used instead of fprintf to avoid needing to declare
| // FILE and stderr.
| #define debug(...) dprintf (2, __VA_ARGS__)
| #define showlist(...) puts (#__VA_ARGS__)
| #define report(test,...) ((test) ? puts (#test) : printf (__VA_ARGS__))
| static void
| test_varargs_macros (void)
| {
|   int x = 1234;
|   int y = 5678;
|   debug ("Flag");
|   debug ("X = %d\n", x);
|   showlist (The first, second, and third items.);
|   report (x>y, "x is %d but y is %d", x, y);
| }
| 
| // Check long long types.
| #define BIG64 18446744073709551615ull
| #define BIG32 4294967295ul
| #define BIG_OK (BIG64 / BIG32 == 4294967297ull && BIG64 % BIG32 == 0)
| #if !BIG_OK
|   #error "your preprocessor is broken"
| #endif
| #if BIG_OK
| #else
|   #error "your preprocessor is broken"
| #endif
| static long long int bignum = -9223372036854775807LL;
| static unsigned long long int ubignum = BIG64;
| 
| struct incomplete_array
| {
|   int datasize;
|   double data[];
| };
| 
| struct named_init {
|   int number;
|   const wchar_t *name;
|   double average;
| };
| 
| typedef const char *ccp;
| 
| static inline int
| test_restrict (ccp restrict text)
| {
|   // See if C++-style comments work.
|   // Iterate through items via the restricted pointer.
|   // Also check for declarations in for loops.
|   for (unsigned int i = 0; *(text+i) != '\0'; ++i)
|     continue;
|   return 0;
| }
| 
| // Check varargs and va_copy.
| static bool
| test_varargs (const char *format, ...)
| {
|   va_list args;
|   va_start (args, format);
|   va_list args_copy;
|   va_copy (args_copy, args);
| 
|   const char *str = "";
|   int number = 0;
|   float fnumber = 0;
| 
|   while (*format)
|     {
|       switch (*format++)
| 	{
| 	case 's': // string
| 	  str = va_arg (args_copy, const char *);
| 	  break;
| 	case 'd': // int
| 	  number = va_arg (args_copy, int);
| 	  break;
| 	case 'f': // float
| 	  fnumber = va_arg (args_copy, double);
| 	  break;
| 	default:
| 	  break;
| 	}
|     }
|   va_end (args_copy);
|   va_end (args);
| 
|   return *str && number && fnumber;
| }
| 
| 
| int
| main (int argc, char **argv)
| {
|   int ok = 0;
|   
| ok |= (argc == 0 || f (e, argv, 0) != argv[0] || f (e, argv, 1) != argv[1]);
| 
|   
|   // Check bool.
|   _Bool success = false;
|   success |= (argc != 0);
| 
|   // Check restrict.
|   if (test_restrict ("String literal") == 0)
|     success = true;
|   char *restrict newvar = "Another string";
| 
|   // Check varargs.
|   success &= test_varargs ("s, d' f .", "string", 65, 34.234);
|   test_varargs_macros ();
| 
|   // Check flexible array members.
|   struct incomplete_array *ia =
|     malloc (sizeof (struct incomplete_array) + (sizeof (double) * 10));
|   ia->datasize = 10;
|   for (int i = 0; i < ia->datasize; ++i)
|     ia->data[i] = i * 1.234;
| 
|   // Check named initializers.
|   struct named_init ni = {
|     .number = 34,
|     .name = L"Test wide string",
|     .average = 543.34343,
|   };
| 
|   ni.number = 58;
| 
|   int dynamic_array[ni.number];
|   dynamic_array[0] = argv[0][0];
|   dynamic_array[ni.number - 1] = 543;
| 
|   // work around unused variable warnings
|   ok |= (!success || bignum == 0LL || ubignum == 0uLL || newvar[0] == 'x'
| 	 || dynamic_array[ni.number - 1] != 543);
| 
|   return ok;
| }
| 
configure:5404: clang-20 -c99 -c -Werror -I/tmp/ktest-out/kernel_build.x86_64//include -I/tmp/ktest-out/kernel_build.x86_64//include -I/tmp/ktest-out/kernel_build.x86_64//arch/x86/include/generated -I/tmp/ktest-out/kernel_build.x86_64//arch/x86/include/generated/uapi -I/tmp/ktest-out/kernel_build.x86_64//include/generated -I/tmp/ktest-out/kernel_build.x86_64//include/generated/uapi  conftest.c >&5
clang-20: error: unknown argument: '-c99'
configure:5404: $? = 1
configure: failed program was:
| /* confdefs.h */
| #define PACKAGE_NAME "Lustre"
| #define PACKAGE_TARNAME "lustre"
| #define PACKAGE_VERSION "2.15.62_24_g955fe33"
| #define PACKAGE_STRING "Lustre 2.15.62_24_g955fe33"
| #define PACKAGE_BUGREPORT "https://jira.whamcloud.com/"
| #define PACKAGE_URL ""
| #define PACKAGE "lustre"
| #define VERSION "2.15.62_24_g955fe33"
| /* end confdefs.h.  */
| 
| /* Does the compiler advertise C89 conformance?
|    Do not test the value of __STDC__, because some compilers set it to 0
|    while being otherwise adequately conformant. */
| #if !defined __STDC__
| # error "Compiler does not advertise C89 conformance"
| #endif
| 
| #include <stddef.h>
| #include <stdarg.h>
| struct stat;
| /* Most of the following tests are stolen from RCS 5.7 src/conf.sh.  */
| struct buf { int x; };
| struct buf * (*rcsopen) (struct buf *, struct stat *, int);
| static char *e (p, i)
|      char **p;
|      int i;
| {
|   return p[i];
| }
| static char *f (char * (*g) (char **, int), char **p, ...)
| {
|   char *s;
|   va_list v;
|   va_start (v,p);
|   s = g (p, va_arg (v,int));
|   va_end (v);
|   return s;
| }
| 
| /* OSF 4.0 Compaq cc is some sort of almost-ANSI by default.  It has
|    function prototypes and stuff, but not \xHH hex character constants.
|    These do not provoke an error unfortunately, instead are silently treated
|    as an "x".  The following induces an error, until -std is added to get
|    proper ANSI mode.  Curiously \x00 != x always comes out true, for an
|    array size at least.  It is necessary to write \x00 == 0 to get something
|    that is true only with -std.  */
| int osf4_cc_array ['\x00' == 0 ? 1 : -1];
| 
| /* IBM C 6 for AIX is almost-ANSI by default, but it replaces macro parameters
|    inside strings and character constants.  */
| #define FOO(x) 'x'
| int xlc6_cc_array[FOO(a) == 'x' ? 1 : -1];
| 
| int test (int i, double x);
| struct s1 {int (*f) (int a);};
| struct s2 {int (*f) (double a);};
| int pairnames (int, char **, int *(*)(struct buf *, struct stat *, int),
|                int, int);
| 
| // Does the compiler advertise C99 conformance?
| #if !defined __STDC_VERSION__ || __STDC_VERSION__ < 199901L
| # error "Compiler does not advertise C99 conformance"
| #endif
| 
| #include <stdbool.h>
| extern int puts (const char *);
| extern int printf (const char *, ...);
| extern int dprintf (int, const char *, ...);
| extern void *malloc (size_t);
| 
| // Check varargs macros.  These examples are taken from C99 6.10.3.5.
| // dprintf is used instead of fprintf to avoid needing to declare
| // FILE and stderr.
| #define debug(...) dprintf (2, __VA_ARGS__)
| #define showlist(...) puts (#__VA_ARGS__)
| #define report(test,...) ((test) ? puts (#test) : printf (__VA_ARGS__))
| static void
| test_varargs_macros (void)
| {
|   int x = 1234;
|   int y = 5678;
|   debug ("Flag");
|   debug ("X = %d\n", x);
|   showlist (The first, second, and third items.);
|   report (x>y, "x is %d but y is %d", x, y);
| }
| 
| // Check long long types.
| #define BIG64 18446744073709551615ull
| #define BIG32 4294967295ul
| #define BIG_OK (BIG64 / BIG32 == 4294967297ull && BIG64 % BIG32 == 0)
| #if !BIG_OK
|   #error "your preprocessor is broken"
| #endif
| #if BIG_OK
| #else
|   #error "your preprocessor is broken"
| #endif
| static long long int bignum = -9223372036854775807LL;
| static unsigned long long int ubignum = BIG64;
| 
| struct incomplete_array
| {
|   int datasize;
|   double data[];
| };
| 
| struct named_init {
|   int number;
|   const wchar_t *name;
|   double average;
| };
| 
| typedef const char *ccp;
| 
| static inline int
| test_restrict (ccp restrict text)
| {
|   // See if C++-style comments work.
|   // Iterate through items via the restricted pointer.
|   // Also check for declarations in for loops.
|   for (unsigned int i = 0; *(text+i) != '\0'; ++i)
|     continue;
|   return 0;
| }
| 
| // Check varargs and va_copy.
| static bool
| test_varargs (const char *format, ...)
| {
|   va_list args;
|   va_start (args, format);
|   va_list args_copy;
|   va_copy (args_copy, args);
| 
|   const char *str = "";
|   int number = 0;
|   float fnumber = 0;
| 
|   while (*format)
|     {
|       switch (*format++)
| 	{
| 	case 's': // string
| 	  str = va_arg (args_copy, const char *);
| 	  break;
| 	case 'd': // int
| 	  number = va_arg (args_copy, int);
| 	  break;
| 	case 'f': // float
| 	  fnumber = va_arg (args_copy, double);
| 	  break;
| 	default:
| 	  break;
| 	}
|     }
|   va_end (args_copy);
|   va_end (args);
| 
|   return *str && number && fnumber;
| }
| 
| 
| int
| main (int argc, char **argv)
| {
|   int ok = 0;
|   
| ok |= (argc == 0 || f (e, argv, 0) != argv[0] || f (e, argv, 1) != argv[1]);
| 
|   
|   // Check bool.
|   _Bool success = false;
|   success |= (argc != 0);
| 
|   // Check restrict.
|   if (test_restrict ("String literal") == 0)
|     success = true;
|   char *restrict newvar = "Another string";
| 
|   // Check varargs.
|   success &= test_varargs ("s, d' f .", "string", 65, 34.234);
|   test_varargs_macros ();
| 
|   // Check flexible array members.
|   struct incomplete_array *ia =
|     malloc (sizeof (struct incomplete_array) + (sizeof (double) * 10));
|   ia->datasize = 10;
|   for (int i = 0; i < ia->datasize; ++i)
|     ia->data[i] = i * 1.234;
| 
|   // Check named initializers.
|   struct named_init ni = {
|     .number = 34,
|     .name = L"Test wide string",
|     .average = 543.34343,
|   };
| 
|   ni.number = 58;
| 
|   int dynamic_array[ni.number];
|   dynamic_array[0] = argv[0][0];
|   dynamic_array[ni.number - 1] = 543;
| 
|   // work around unused variable warnings
|   ok |= (!success || bignum == 0LL || ubignum == 0uLL || newvar[0] == 'x'
| 	 || dynamic_array[ni.number - 1] != 543);
| 
|   return ok;
| }
| 
configure:5404: clang-20 -qlanglvl=extc1x -c -Werror -I/tmp/ktest-out/kernel_build.x86_64//include -I/tmp/ktest-out/kernel_build.x86_64//include -I/tmp/ktest-out/kernel_build.x86_64//arch/x86/include/generated -I/tmp/ktest-out/kernel_build.x86_64//arch/x86/include/generated/uapi -I/tmp/ktest-out/kernel_build.x86_64//include/generated -I/tmp/ktest-out/kernel_build.x86_64//include/generated/uapi  conftest.c >&5
clang-20: error: unknown argument: '-qlanglvl=extc1x'
configure:5404: $? = 1
configure: failed program was:
| /* confdefs.h */
| #define PACKAGE_NAME "Lustre"
| #define PACKAGE_TARNAME "lustre"
| #define PACKAGE_VERSION "2.15.62_24_g955fe33"
| #define PACKAGE_STRING "Lustre 2.15.62_24_g955fe33"
| #define PACKAGE_BUGREPORT "https://jira.whamcloud.com/"
| #define PACKAGE_URL ""
| #define PACKAGE "lustre"
| #define VERSION "2.15.62_24_g955fe33"
| /* end confdefs.h.  */
| 
| /* Does the compiler advertise C89 conformance?
|    Do not test the value of __STDC__, because some compilers set it to 0
|    while being otherwise adequately conformant. */
| #if !defined __STDC__
| # error "Compiler does not advertise C89 conformance"
| #endif
| 
| #include <stddef.h>
| #include <stdarg.h>
| struct stat;
| /* Most of the following tests are stolen from RCS 5.7 src/conf.sh.  */
| struct buf { int x; };
| struct buf * (*rcsopen) (struct buf *, struct stat *, int);
| static char *e (p, i)
|      char **p;
|      int i;
| {
|   return p[i];
| }
| static char *f (char * (*g) (char **, int), char **p, ...)
| {
|   char *s;
|   va_list v;
|   va_start (v,p);
|   s = g (p, va_arg (v,int));
|   va_end (v);
|   return s;
| }
| 
| /* OSF 4.0 Compaq cc is some sort of almost-ANSI by default.  It has
|    function prototypes and stuff, but not \xHH hex character constants.
|    These do not provoke an error unfortunately, instead are silently treated
|    as an "x".  The following induces an error, until -std is added to get
|    proper ANSI mode.  Curiously \x00 != x always comes out true, for an
|    array size at least.  It is necessary to write \x00 == 0 to get something
|    that is true only with -std.  */
| int osf4_cc_array ['\x00' == 0 ? 1 : -1];
| 
| /* IBM C 6 for AIX is almost-ANSI by default, but it replaces macro parameters
|    inside strings and character constants.  */
| #define FOO(x) 'x'
| int xlc6_cc_array[FOO(a) == 'x' ? 1 : -1];
| 
| int test (int i, double x);
| struct s1 {int (*f) (int a);};
| struct s2 {int (*f) (double a);};
| int pairnames (int, char **, int *(*)(struct buf *, struct stat *, int),
|                int, int);
| 
| // Does the compiler advertise C99 conformance?
| #if !defined __STDC_VERSION__ || __STDC_VERSION__ < 199901L
| # error "Compiler does not advertise C99 conformance"
| #endif
| 
| #include <stdbool.h>
| extern int puts (const char *);
| extern int printf (const char *, ...);
| extern int dprintf (int, const char *, ...);
| extern void *malloc (size_t);
| 
| // Check varargs macros.  These examples are taken from C99 6.10.3.5.
| // dprintf is used instead of fprintf to avoid needing to declare
| // FILE and stderr.
| #define debug(...) dprintf (2, __VA_ARGS__)
| #define showlist(...) puts (#__VA_ARGS__)
| #define report(test,...) ((test) ? puts (#test) : printf (__VA_ARGS__))
| static void
| test_varargs_macros (void)
| {
|   int x = 1234;
|   int y = 5678;
|   debug ("Flag");
|   debug ("X = %d\n", x);
|   showlist (The first, second, and third items.);
|   report (x>y, "x is %d but y is %d", x, y);
| }
| 
| // Check long long types.
| #define BIG64 18446744073709551615ull
| #define BIG32 4294967295ul
| #define BIG_OK (BIG64 / BIG32 == 4294967297ull && BIG64 % BIG32 == 0)
| #if !BIG_OK
|   #error "your preprocessor is broken"
| #endif
| #if BIG_OK
| #else
|   #error "your preprocessor is broken"
| #endif
| static long long int bignum = -9223372036854775807LL;
| static unsigned long long int ubignum = BIG64;
| 
| struct incomplete_array
| {
|   int datasize;
|   double data[];
| };
| 
| struct named_init {
|   int number;
|   const wchar_t *name;
|   double average;
| };
| 
| typedef const char *ccp;
| 
| static inline int
| test_restrict (ccp restrict text)
| {
|   // See if C++-style comments work.
|   // Iterate through items via the restricted pointer.
|   // Also check for declarations in for loops.
|   for (unsigned int i = 0; *(text+i) != '\0'; ++i)
|     continue;
|   return 0;
| }
| 
| // Check varargs and va_copy.
| static bool
| test_varargs (const char *format, ...)
| {
|   va_list args;
|   va_start (args, format);
|   va_list args_copy;
|   va_copy (args_copy, args);
| 
|   const char *str = "";
|   int number = 0;
|   float fnumber = 0;
| 
|   while (*format)
|     {
|       switch (*format++)
| 	{
| 	case 's': // string
| 	  str = va_arg (args_copy, const char *);
| 	  break;
| 	case 'd': // int
| 	  number = va_arg (args_copy, int);
| 	  break;
| 	case 'f': // float
| 	  fnumber = va_arg (args_copy, double);
| 	  break;
| 	default:
| 	  break;
| 	}
|     }
|   va_end (args_copy);
|   va_end (args);
| 
|   return *str && number && fnumber;
| }
| 
| 
| int
| main (int argc, char **argv)
| {
|   int ok = 0;
|   
| ok |= (argc == 0 || f (e, argv, 0) != argv[0] || f (e, argv, 1) != argv[1]);
| 
|   
|   // Check bool.
|   _Bool success = false;
|   success |= (argc != 0);
| 
|   // Check restrict.
|   if (test_restrict ("String literal") == 0)
|     success = true;
|   char *restrict newvar = "Another string";
| 
|   // Check varargs.
|   success &= test_varargs ("s, d' f .", "string", 65, 34.234);
|   test_varargs_macros ();
| 
|   // Check flexible array members.
|   struct incomplete_array *ia =
|     malloc (sizeof (struct incomplete_array) + (sizeof (double) * 10));
|   ia->datasize = 10;
|   for (int i = 0; i < ia->datasize; ++i)
|     ia->data[i] = i * 1.234;
| 
|   // Check named initializers.
|   struct named_init ni = {
|     .number = 34,
|     .name = L"Test wide string",
|     .average = 543.34343,
|   };
| 
|   ni.number = 58;
| 
|   int dynamic_array[ni.number];
|   dynamic_array[0] = argv[0][0];
|   dynamic_array[ni.number - 1] = 543;
| 
|   // work around unused variable warnings
|   ok |= (!success || bignum == 0LL || ubignum == 0uLL || newvar[0] == 'x'
| 	 || dynamic_array[ni.number - 1] != 543);
| 
|   return ok;
| }
| 
configure:5404: clang-20 -qlanglvl=extc99 -c -Werror -I/tmp/ktest-out/kernel_build.x86_64//include -I/tmp/ktest-out/kernel_build.x86_64//include -I/tmp/ktest-out/kernel_build.x86_64//arch/x86/include/generated -I/tmp/ktest-out/kernel_build.x86_64//arch/x86/include/generated/uapi -I/tmp/ktest-out/kernel_build.x86_64//include/generated -I/tmp/ktest-out/kernel_build.x86_64//include/generated/uapi  conftest.c >&5
clang-20: error: unknown argument: '-qlanglvl=extc99'
configure:5404: $? = 1
configure: failed program was:
| /* confdefs.h */
| #define PACKAGE_NAME "Lustre"
| #define PACKAGE_TARNAME "lustre"
| #define PACKAGE_VERSION "2.15.62_24_g955fe33"
| #define PACKAGE_STRING "Lustre 2.15.62_24_g955fe33"
| #define PACKAGE_BUGREPORT "https://jira.whamcloud.com/"
| #define PACKAGE_URL ""
| #define PACKAGE "lustre"
| #define VERSION "2.15.62_24_g955fe33"
| /* end confdefs.h.  */
| 
| /* Does the compiler advertise C89 conformance?
|    Do not test the value of __STDC__, because some compilers set it to 0
|    while being otherwise adequately conformant. */
| #if !defined __STDC__
| # error "Compiler does not advertise C89 conformance"
| #endif
| 
| #include <stddef.h>
| #include <stdarg.h>
| struct stat;
| /* Most of the following tests are stolen from RCS 5.7 src/conf.sh.  */
| struct buf { int x; };
| struct buf * (*rcsopen) (struct buf *, struct stat *, int);
| static char *e (p, i)
|      char **p;
|      int i;
| {
|   return p[i];
| }
| static char *f (char * (*g) (char **, int), char **p, ...)
| {
|   char *s;
|   va_list v;
|   va_start (v,p);
|   s = g (p, va_arg (v,int));
|   va_end (v);
|   return s;
| }
| 
| /* OSF 4.0 Compaq cc is some sort of almost-ANSI by default.  It has
|    function prototypes and stuff, but not \xHH hex character constants.
|    These do not provoke an error unfortunately, instead are silently treated
|    as an "x".  The following induces an error, until -std is added to get
|    proper ANSI mode.  Curiously \x00 != x always comes out true, for an
|    array size at least.  It is necessary to write \x00 == 0 to get something
|    that is true only with -std.  */
| int osf4_cc_array ['\x00' == 0 ? 1 : -1];
| 
| /* IBM C 6 for AIX is almost-ANSI by default, but it replaces macro parameters
|    inside strings and character constants.  */
| #define FOO(x) 'x'
| int xlc6_cc_array[FOO(a) == 'x' ? 1 : -1];
| 
| int test (int i, double x);
| struct s1 {int (*f) (int a);};
| struct s2 {int (*f) (double a);};
| int pairnames (int, char **, int *(*)(struct buf *, struct stat *, int),
|                int, int);
| 
| // Does the compiler advertise C99 conformance?
| #if !defined __STDC_VERSION__ || __STDC_VERSION__ < 199901L
| # error "Compiler does not advertise C99 conformance"
| #endif
| 
| #include <stdbool.h>
| extern int puts (const char *);
| extern int printf (const char *, ...);
| extern int dprintf (int, const char *, ...);
| extern void *malloc (size_t);
| 
| // Check varargs macros.  These examples are taken from C99 6.10.3.5.
| // dprintf is used instead of fprintf to avoid needing to declare
| // FILE and stderr.
| #define debug(...) dprintf (2, __VA_ARGS__)
| #define showlist(...) puts (#__VA_ARGS__)
| #define report(test,...) ((test) ? puts (#test) : printf (__VA_ARGS__))
| static void
| test_varargs_macros (void)
| {
|   int x = 1234;
|   int y = 5678;
|   debug ("Flag");
|   debug ("X = %d\n", x);
|   showlist (The first, second, and third items.);
|   report (x>y, "x is %d but y is %d", x, y);
| }
| 
| // Check long long types.
| #define BIG64 18446744073709551615ull
| #define BIG32 4294967295ul
| #define BIG_OK (BIG64 / BIG32 == 4294967297ull && BIG64 % BIG32 == 0)
| #if !BIG_OK
|   #error "your preprocessor is broken"
| #endif
| #if BIG_OK
| #else
|   #error "your preprocessor is broken"
| #endif
| static long long int bignum = -9223372036854775807LL;
| static unsigned long long int ubignum = BIG64;
| 
| struct incomplete_array
| {
|   int datasize;
|   double data[];
| };
| 
| struct named_init {
|   int number;
|   const wchar_t *name;
|   double average;
| };
| 
| typedef const char *ccp;
| 
| static inline int
| test_restrict (ccp restrict text)
| {
|   // See if C++-style comments work.
|   // Iterate through items via the restricted pointer.
|   // Also check for declarations in for loops.
|   for (unsigned int i = 0; *(text+i) != '\0'; ++i)
|     continue;
|   return 0;
| }
| 
| // Check varargs and va_copy.
| static bool
| test_varargs (const char *format, ...)
| {
|   va_list args;
|   va_start (args, format);
|   va_list args_copy;
|   va_copy (args_copy, args);
| 
|   const char *str = "";
|   int number = 0;
|   float fnumber = 0;
| 
|   while (*format)
|     {
|       switch (*format++)
| 	{
| 	case 's': // string
| 	  str = va_arg (args_copy, const char *);
| 	  break;
| 	case 'd': // int
| 	  number = va_arg (args_copy, int);
| 	  break;
| 	case 'f': // float
| 	  fnumber = va_arg (args_copy, double);
| 	  break;
| 	default:
| 	  break;
| 	}
|     }
|   va_end (args_copy);
|   va_end (args);
| 
|   return *str && number && fnumber;
| }
| 
| 
| int
| main (int argc, char **argv)
| {
|   int ok = 0;
|   
| ok |= (argc == 0 || f (e, argv, 0) != argv[0] || f (e, argv, 1) != argv[1]);
| 
|   
|   // Check bool.
|   _Bool success = false;
|   success |= (argc != 0);
| 
|   // Check restrict.
|   if (test_restrict ("String literal") == 0)
|     success = true;
|   char *restrict newvar = "Another string";
| 
|   // Check varargs.
|   success &= test_varargs ("s, d' f .", "string", 65, 34.234);
|   test_varargs_macros ();
| 
|   // Check flexible array members.
|   struct incomplete_array *ia =
|     malloc (sizeof (struct incomplete_array) + (sizeof (double) * 10));
|   ia->datasize = 10;
|   for (int i = 0; i < ia->datasize; ++i)
|     ia->data[i] = i * 1.234;
| 
|   // Check named initializers.
|   struct named_init ni = {
|     .number = 34,
|     .name = L"Test wide string",
|     .average = 543.34343,
|   };
| 
|   ni.number = 58;
| 
|   int dynamic_array[ni.number];
|   dynamic_array[0] = argv[0][0];
|   dynamic_array[ni.number - 1] = 543;
| 
|   // work around unused variable warnings
|   ok |= (!success || bignum == 0LL || ubignum == 0uLL || newvar[0] == 'x'
| 	 || dynamic_array[ni.number - 1] != 543);
| 
|   return ok;
| }
| 
configure:5404: clang-20 -AC99 -c -Werror -I/tmp/ktest-out/kernel_build.x86_64//include -I/tmp/ktest-out/kernel_build.x86_64//include -I/tmp/ktest-out/kernel_build.x86_64//arch/x86/include/generated -I/tmp/ktest-out/kernel_build.x86_64//arch/x86/include/generated/uapi -I/tmp/ktest-out/kernel_build.x86_64//include/generated -I/tmp/ktest-out/kernel_build.x86_64//include/generated/uapi  conftest.c >&5
clang-20: error: argument unused during compilation: '-AC99' [-Werror,-Wunused-command-line-argument]
configure:5404: $? = 1
configure: failed program was:
| /* confdefs.h */
| #define PACKAGE_NAME "Lustre"
| #define PACKAGE_TARNAME "lustre"
| #define PACKAGE_VERSION "2.15.62_24_g955fe33"
| #define PACKAGE_STRING "Lustre 2.15.62_24_g955fe33"
| #define PACKAGE_BUGREPORT "https://jira.whamcloud.com/"
| #define PACKAGE_URL ""
| #define PACKAGE "lustre"
| #define VERSION "2.15.62_24_g955fe33"
| /* end confdefs.h.  */
| 
| /* Does the compiler advertise C89 conformance?
|    Do not test the value of __STDC__, because some compilers set it to 0
|    while being otherwise adequately conformant. */
| #if !defined __STDC__
| # error "Compiler does not advertise C89 conformance"
| #endif
| 
| #include <stddef.h>
| #include <stdarg.h>
| struct stat;
| /* Most of the following tests are stolen from RCS 5.7 src/conf.sh.  */
| struct buf { int x; };
| struct buf * (*rcsopen) (struct buf *, struct stat *, int);
| static char *e (p, i)
|      char **p;
|      int i;
| {
|   return p[i];
| }
| static char *f (char * (*g) (char **, int), char **p, ...)
| {
|   char *s;
|   va_list v;
|   va_start (v,p);
|   s = g (p, va_arg (v,int));
|   va_end (v);
|   return s;
| }
| 
| /* OSF 4.0 Compaq cc is some sort of almost-ANSI by default.  It has
|    function prototypes and stuff, but not \xHH hex character constants.
|    These do not provoke an error unfortunately, instead are silently treated
|    as an "x".  The following induces an error, until -std is added to get
|    proper ANSI mode.  Curiously \x00 != x always comes out true, for an
|    array size at least.  It is necessary to write \x00 == 0 to get something
|    that is true only with -std.  */
| int osf4_cc_array ['\x00' == 0 ? 1 : -1];
| 
| /* IBM C 6 for AIX is almost-ANSI by default, but it replaces macro parameters
|    inside strings and character constants.  */
| #define FOO(x) 'x'
| int xlc6_cc_array[FOO(a) == 'x' ? 1 : -1];
| 
| int test (int i, double x);
| struct s1 {int (*f) (int a);};
| struct s2 {int (*f) (double a);};
| int pairnames (int, char **, int *(*)(struct buf *, struct stat *, int),
|                int, int);
| 
| // Does the compiler advertise C99 conformance?
| #if !defined __STDC_VERSION__ || __STDC_VERSION__ < 199901L
| # error "Compiler does not advertise C99 conformance"
| #endif
| 
| #include <stdbool.h>
| extern int puts (const char *);
| extern int printf (const char *, ...);
| extern int dprintf (int, const char *, ...);
| extern void *malloc (size_t);
| 
| // Check varargs macros.  These examples are taken from C99 6.10.3.5.
| // dprintf is used instead of fprintf to avoid needing to declare
| // FILE and stderr.
| #define debug(...) dprintf (2, __VA_ARGS__)
| #define showlist(...) puts (#__VA_ARGS__)
| #define report(test,...) ((test) ? puts (#test) : printf (__VA_ARGS__))
| static void
| test_varargs_macros (void)
| {
|   int x = 1234;
|   int y = 5678;
|   debug ("Flag");
|   debug ("X = %d\n", x);
|   showlist (The first, second, and third items.);
|   report (x>y, "x is %d but y is %d", x, y);
| }
| 
| // Check long long types.
| #define BIG64 18446744073709551615ull
| #define BIG32 4294967295ul
| #define BIG_OK (BIG64 / BIG32 == 4294967297ull && BIG64 % BIG32 == 0)
| #if !BIG_OK
|   #error "your preprocessor is broken"
| #endif
| #if BIG_OK
| #else
|   #error "your preprocessor is broken"
| #endif
| static long long int bignum = -9223372036854775807LL;
| static unsigned long long int ubignum = BIG64;
| 
| struct incomplete_array
| {
|   int datasize;
|   double data[];
| };
| 
| struct named_init {
|   int number;
|   const wchar_t *name;
|   double average;
| };
| 
| typedef const char *ccp;
| 
| static inline int
| test_restrict (ccp restrict text)
| {
|   // See if C++-style comments work.
|   // Iterate through items via the restricted pointer.
|   // Also check for declarations in for loops.
|   for (unsigned int i = 0; *(text+i) != '\0'; ++i)
|     continue;
|   return 0;
| }
| 
| // Check varargs and va_copy.
| static bool
| test_varargs (const char *format, ...)
| {
|   va_list args;
|   va_start (args, format);
|   va_list args_copy;
|   va_copy (args_copy, args);
| 
|   const char *str = "";
|   int number = 0;
|   float fnumber = 0;
| 
|   while (*format)
|     {
|       switch (*format++)
| 	{
| 	case 's': // string
| 	  str = va_arg (args_copy, const char *);
| 	  break;
| 	case 'd': // int
| 	  number = va_arg (args_copy, int);
| 	  break;
| 	case 'f': // float
| 	  fnumber = va_arg (args_copy, double);
| 	  break;
| 	default:
| 	  break;
| 	}
|     }
|   va_end (args_copy);
|   va_end (args);
| 
|   return *str && number && fnumber;
| }
| 
| 
| int
| main (int argc, char **argv)
| {
|   int ok = 0;
|   
| ok |= (argc == 0 || f (e, argv, 0) != argv[0] || f (e, argv, 1) != argv[1]);
| 
|   
|   // Check bool.
|   _Bool success = false;
|   success |= (argc != 0);
| 
|   // Check restrict.
|   if (test_restrict ("String literal") == 0)
|     success = true;
|   char *restrict newvar = "Another string";
| 
|   // Check varargs.
|   success &= test_varargs ("s, d' f .", "string", 65, 34.234);
|   test_varargs_macros ();
| 
|   // Check flexible array members.
|   struct incomplete_array *ia =
|     malloc (sizeof (struct incomplete_array) + (sizeof (double) * 10));
|   ia->datasize = 10;
|   for (int i = 0; i < ia->datasize; ++i)
|     ia->data[i] = i * 1.234;
| 
|   // Check named initializers.
|   struct named_init ni = {
|     .number = 34,
|     .name = L"Test wide string",
|     .average = 543.34343,
|   };
| 
|   ni.number = 58;
| 
|   int dynamic_array[ni.number];
|   dynamic_array[0] = argv[0][0];
|   dynamic_array[ni.number - 1] = 543;
| 
|   // work around unused variable warnings
|   ok |= (!success || bignum == 0LL || ubignum == 0uLL || newvar[0] == 'x'
| 	 || dynamic_array[ni.number - 1] != 543);
| 
|   return ok;
| }
| 
configure:5404: clang-20 -D_STDC_C99= -c -Werror -I/tmp/ktest-out/kernel_build.x86_64//include -I/tmp/ktest-out/kernel_build.x86_64//include -I/tmp/ktest-out/kernel_build.x86_64//arch/x86/include/generated -I/tmp/ktest-out/kernel_build.x86_64//arch/x86/include/generated/uapi -I/tmp/ktest-out/kernel_build.x86_64//include/generated -I/tmp/ktest-out/kernel_build.x86_64//include/generated/uapi  conftest.c >&5
conftest.c:25:14: error: a function definition without a prototype is deprecated in all versions of C and is not supported in C23 [-Werror,-Wdeprecated-non-prototype]
   25 | static char *e (p, i)
      |              ^
1 error generated.
configure:5404: $? = 1
configure: failed program was:
| /* confdefs.h */
| #define PACKAGE_NAME "Lustre"
| #define PACKAGE_TARNAME "lustre"
| #define PACKAGE_VERSION "2.15.62_24_g955fe33"
| #define PACKAGE_STRING "Lustre 2.15.62_24_g955fe33"
| #define PACKAGE_BUGREPORT "https://jira.whamcloud.com/"
| #define PACKAGE_URL ""
| #define PACKAGE "lustre"
| #define VERSION "2.15.62_24_g955fe33"
| /* end confdefs.h.  */
| 
| /* Does the compiler advertise C89 conformance?
|    Do not test the value of __STDC__, because some compilers set it to 0
|    while being otherwise adequately conformant. */
| #if !defined __STDC__
| # error "Compiler does not advertise C89 conformance"
| #endif
| 
| #include <stddef.h>
| #include <stdarg.h>
| struct stat;
| /* Most of the following tests are stolen from RCS 5.7 src/conf.sh.  */
| struct buf { int x; };
| struct buf * (*rcsopen) (struct buf *, struct stat *, int);
| static char *e (p, i)
|      char **p;
|      int i;
| {
|   return p[i];
| }
| static char *f (char * (*g) (char **, int), char **p, ...)
| {
|   char *s;
|   va_list v;
|   va_start (v,p);
|   s = g (p, va_arg (v,int));
|   va_end (v);
|   return s;
| }
| 
| /* OSF 4.0 Compaq cc is some sort of almost-ANSI by default.  It has
|    function prototypes and stuff, but not \xHH hex character constants.
|    These do not provoke an error unfortunately, instead are silently treated
|    as an "x".  The following induces an error, until -std is added to get
|    proper ANSI mode.  Curiously \x00 != x always comes out true, for an
|    array size at least.  It is necessary to write \x00 == 0 to get something
|    that is true only with -std.  */
| int osf4_cc_array ['\x00' == 0 ? 1 : -1];
| 
| /* IBM C 6 for AIX is almost-ANSI by default, but it replaces macro parameters
|    inside strings and character constants.  */
| #define FOO(x) 'x'
| int xlc6_cc_array[FOO(a) == 'x' ? 1 : -1];
| 
| int test (int i, double x);
| struct s1 {int (*f) (int a);};
| struct s2 {int (*f) (double a);};
| int pairnames (int, char **, int *(*)(struct buf *, struct stat *, int),
|                int, int);
| 
| // Does the compiler advertise C99 conformance?
| #if !defined __STDC_VERSION__ || __STDC_VERSION__ < 199901L
| # error "Compiler does not advertise C99 conformance"
| #endif
| 
| #include <stdbool.h>
| extern int puts (const char *);
| extern int printf (const char *, ...);
| extern int dprintf (int, const char *, ...);
| extern void *malloc (size_t);
| 
| // Check varargs macros.  These examples are taken from C99 6.10.3.5.
| // dprintf is used instead of fprintf to avoid needing to declare
| // FILE and stderr.
| #define debug(...) dprintf (2, __VA_ARGS__)
| #define showlist(...) puts (#__VA_ARGS__)
| #define report(test,...) ((test) ? puts (#test) : printf (__VA_ARGS__))
| static void
| test_varargs_macros (void)
| {
|   int x = 1234;
|   int y = 5678;
|   debug ("Flag");
|   debug ("X = %d\n", x);
|   showlist (The first, second, and third items.);
|   report (x>y, "x is %d but y is %d", x, y);
| }
| 
| // Check long long types.
| #define BIG64 18446744073709551615ull
| #define BIG32 4294967295ul
| #define BIG_OK (BIG64 / BIG32 == 4294967297ull && BIG64 % BIG32 == 0)
| #if !BIG_OK
|   #error "your preprocessor is broken"
| #endif
| #if BIG_OK
| #else
|   #error "your preprocessor is broken"
| #endif
| static long long int bignum = -9223372036854775807LL;
| static unsigned long long int ubignum = BIG64;
| 
| struct incomplete_array
| {
|   int datasize;
|   double data[];
| };
| 
| struct named_init {
|   int number;
|   const wchar_t *name;
|   double average;
| };
| 
| typedef const char *ccp;
| 
| static inline int
| test_restrict (ccp restrict text)
| {
|   // See if C++-style comments work.
|   // Iterate through items via the restricted pointer.
|   // Also check for declarations in for loops.
|   for (unsigned int i = 0; *(text+i) != '\0'; ++i)
|     continue;
|   return 0;
| }
| 
| // Check varargs and va_copy.
| static bool
| test_varargs (const char *format, ...)
| {
|   va_list args;
|   va_start (args, format);
|   va_list args_copy;
|   va_copy (args_copy, args);
| 
|   const char *str = "";
|   int number = 0;
|   float fnumber = 0;
| 
|   while (*format)
|     {
|       switch (*format++)
| 	{
| 	case 's': // string
| 	  str = va_arg (args_copy, const char *);
| 	  break;
| 	case 'd': // int
| 	  number = va_arg (args_copy, int);
| 	  break;
| 	case 'f': // float
| 	  fnumber = va_arg (args_copy, double);
| 	  break;
| 	default:
| 	  break;
| 	}
|     }
|   va_end (args_copy);
|   va_end (args);
| 
|   return *str && number && fnumber;
| }
| 
| 
| int
| main (int argc, char **argv)
| {
|   int ok = 0;
|   
| ok |= (argc == 0 || f (e, argv, 0) != argv[0] || f (e, argv, 1) != argv[1]);
| 
|   
|   // Check bool.
|   _Bool success = false;
|   success |= (argc != 0);
| 
|   // Check restrict.
|   if (test_restrict ("String literal") == 0)
|     success = true;
|   char *restrict newvar = "Another string";
| 
|   // Check varargs.
|   success &= test_varargs ("s, d' f .", "string", 65, 34.234);
|   test_varargs_macros ();
| 
|   // Check flexible array members.
|   struct incomplete_array *ia =
|     malloc (sizeof (struct incomplete_array) + (sizeof (double) * 10));
|   ia->datasize = 10;
|   for (int i = 0; i < ia->datasize; ++i)
|     ia->data[i] = i * 1.234;
| 
|   // Check named initializers.
|   struct named_init ni = {
|     .number = 34,
|     .name = L"Test wide string",
|     .average = 543.34343,
|   };
| 
|   ni.number = 58;
| 
|   int dynamic_array[ni.number];
|   dynamic_array[0] = argv[0][0];
|   dynamic_array[ni.number - 1] = 543;
| 
|   // work around unused variable warnings
|   ok |= (!success || bignum == 0LL || ubignum == 0uLL || newvar[0] == 'x'
| 	 || dynamic_array[ni.number - 1] != 543);
| 
|   return ok;
| }
| 
configure:5417: result: unsupported
configure:5435: checking for clang-20 option to enable C89 features
configure:5450: clang-20  -c -Werror -I/tmp/ktest-out/kernel_build.x86_64//include -I/tmp/ktest-out/kernel_build.x86_64//include -I/tmp/ktest-out/kernel_build.x86_64//arch/x86/include/generated -I/tmp/ktest-out/kernel_build.x86_64//arch/x86/include/generated/uapi -I/tmp/ktest-out/kernel_build.x86_64//include/generated -I/tmp/ktest-out/kernel_build.x86_64//include/generated/uapi  conftest.c >&5
conftest.c:25:14: error: a function definition without a prototype is deprecated in all versions of C and is not supported in C23 [-Werror,-Wdeprecated-non-prototype]
   25 | static char *e (p, i)
      |              ^
1 error generated.
configure:5450: $? = 1
configure: failed program was:
| /* confdefs.h */
| #define PACKAGE_NAME "Lustre"
| #define PACKAGE_TARNAME "lustre"
| #define PACKAGE_VERSION "2.15.62_24_g955fe33"
| #define PACKAGE_STRING "Lustre 2.15.62_24_g955fe33"
| #define PACKAGE_BUGREPORT "https://jira.whamcloud.com/"
| #define PACKAGE_URL ""
| #define PACKAGE "lustre"
| #define VERSION "2.15.62_24_g955fe33"
| /* end confdefs.h.  */
| 
| /* Does the compiler advertise C89 conformance?
|    Do not test the value of __STDC__, because some compilers set it to 0
|    while being otherwise adequately conformant. */
| #if !defined __STDC__
| # error "Compiler does not advertise C89 conformance"
| #endif
| 
| #include <stddef.h>
| #include <stdarg.h>
| struct stat;
| /* Most of the following tests are stolen from RCS 5.7 src/conf.sh.  */
| struct buf { int x; };
| struct buf * (*rcsopen) (struct buf *, struct stat *, int);
| static char *e (p, i)
|      char **p;
|      int i;
| {
