configure.ac:25: installing 'config/compile'
configure.ac:20: installing 'config/config.guess'
configure.ac:20: installing 'config/config.sub'
configure.ac:22: installing 'config/install-sh'
configure.ac:22: installing 'config/missing'
cc-plugins/Makefile.am: installing 'config/depcomp'
configure: WARNING: unrecognized options: --enable-efa
configure: loading site script /usr/share/config.site
checking build system type... x86_64-pc-linux-gnu
checking host system type... x86_64-pc-linux-gnu
checking target system type... x86_64-pc-linux-gnu
checking for a BSD-compatible install... /usr/bin/install -c
checking whether build environment is sane... yes
checking for a thread-safe mkdir -p... /usr/bin/mkdir -p
checking for gawk... gawk
checking whether make sets $(MAKE)... yes
checking whether make supports nested variables... yes
checking how to create a pax tar archive... gnutar
checking whether to enable maintainer-specific portions of Makefiles... yes
checking whether make supports the include directive... yes (GNU style)
checking for gcc... gcc
checking whether the C compiler works... yes
checking for C compiler default output file name... a.out
checking for suffix of executables... 
checking whether we are cross compiling... no
checking for suffix of object files... o
checking whether we are using the GNU C compiler... yes
checking whether gcc accepts -g... yes
checking for gcc option to accept ISO C89... none needed
checking whether gcc understands -c and -o together... yes
checking dependency style of gcc... gcc3
checking for g++... g++
checking whether we are using the GNU C++ compiler... yes
checking whether g++ accepts -g... yes
checking dependency style of g++... gcc3
checking how to run the C preprocessor... gcc -E
checking for grep that handles long lines and -e... /usr/bin/grep
checking for egrep... /usr/bin/grep -E
checking for ANSI C header files... yes
checking for sys/types.h... yes
checking for sys/stat.h... yes
checking for stdlib.h... yes
checking for string.h... yes
checking for memory.h... yes
checking for strings.h... yes
checking for inttypes.h... yes
checking for stdint.h... yes
checking for unistd.h... yes
checking dependency style of gcc... gcc3
checking for ar... ar
checking for ranlib... ranlib
checking for ld... ld
checking for objdump... objdump
checking for strip... strip
checking size of unsigned long long... 8
checking for -Wno-format-truncation support... yes
checking for -Wno-stringop-truncation support... yes
checking for -Wno-stringop-overflow support... yes
checking how to print strings... printf
checking for a sed that does not truncate output... /usr/bin/sed
checking for fgrep... /usr/bin/grep -F
checking for ld used by gcc... ld
checking if the linker (ld) is GNU ld... yes
checking for BSD- or MS-compatible name lister (nm)... /usr/bin/nm -B
checking the name lister (/usr/bin/nm -B) interface... BSD nm
checking whether ln -s works... yes
checking the maximum length of command line arguments... 1572864
checking how to convert x86_64-pc-linux-gnu file names to x86_64-pc-linux-gnu format... func_convert_file_noop
checking how to convert x86_64-pc-linux-gnu file names to toolchain format... func_convert_file_noop
checking for ld option to reload object files... -r
checking for file... file
checking for objdump... (cached) objdump
checking how to recognize dependent libraries... pass_all
checking for dlltool... no
checking how to associate runtime and link libraries... printf %s\n
checking for archiver @FILE support... @
checking for strip... (cached) strip
checking for ranlib... (cached) ranlib
checking command to parse /usr/bin/nm -B output from gcc object... ok
checking for sysroot... no
checking for a working dd... /usr/bin/dd
checking how to truncate binary pipes... /usr/bin/dd bs=4096 count=1
checking for mt... no
checking if : is a manifest tool... no
checking for dlfcn.h... yes
checking for objdir... .libs
checking if gcc supports -fno-rtti -fno-exceptions... no
checking for gcc option to produce PIC... -fPIC -DPIC
checking if gcc PIC flag -fPIC -DPIC works... yes
checking if gcc static flag -static works... no
checking if gcc supports -c -o file.o... yes
checking if gcc supports -c -o file.o... (cached) yes
checking whether the gcc linker (ld -m elf_x86_64) supports shared libraries... yes
checking whether -lc should be explicitly linked in... no
checking dynamic linker characteristics... GNU/Linux ld.so
checking how to hardcode library paths into programs... immediate
checking whether stripping libraries is possible... yes
checking if libtool supports shared libraries... yes
checking whether to build shared libraries... yes
checking whether to build static libraries... yes
checking how to run the C++ preprocessor... g++ -E
checking for ld used by g++... ld -m elf_x86_64
checking if the linker (ld -m elf_x86_64) is GNU ld... yes
checking whether the g++ linker (ld -m elf_x86_64) supports shared libraries... yes
checking for g++ option to produce PIC... -fPIC -DPIC
checking if g++ PIC flag -fPIC -DPIC works... yes
checking if g++ static flag -static works... no
checking if g++ supports -c -o file.o... yes
checking if g++ supports -c -o file.o... (cached) yes
checking whether the g++ linker (ld -m elf_x86_64) supports shared libraries... yes
checking dynamic linker characteristics... (cached) GNU/Linux ld.so
checking how to hardcode library paths into programs... immediate
checking for flex... /usr/bin/flex
checking for bison... /usr/bin/bison
checking for rpmbuild... /usr/bin/rpmbuild
checking for pkg-config... /usr/bin/pkg-config
checking for pkg-config... /usr/bin/pkg-config
checking pkg-config is at least version 0.9.0... yes
configure: Lustre base checks
==============================================================================
checking whether to configure just enough for make dist... no
checking if this distro uses dpkg... no
checking whether to use OSD addon... no
checking whether to build Lustre docs... no
checking whether to build Lustre manpages... yes
checking whether to build Lustre utilities... yes
checking whether to build Lustre tests... yes
checking for python3... /usr/bin/python3
checking for a version of Python >= '3.6.0'... yes
checking for the distutils Python package... yes
checking for Python include path... -I/usr/include/python3.9
checking for Python library path... -L/usr/lib64 -lpython3.9
checking for Python site-packages path... /usr/lib/python3.9/site-packages
checking python extra libraries... -lcrypt -ldl  -lm -lm
checking python extra linking flags... -Xlinker -export-dynamic
checking consistency of all components of python development environment... yes
checking for swig... /usr/bin/swig
checking SWIG version... 4.1.1
checking for SWIG library... /usr/share/swig/4.1.1
checking whether to build LUTF (LNet Unit Test Framework)... yes
checking whether to build Lustre client support... yes
./configure: line 18666: which: command not found
dirname: missing operand
Try 'dirname --help' for more information.
checking whether mpitests can be built... no
checking whether to build Linux kernel modules... yes (linux-gnu)
checking for Linux sources... /usr/src/kernels/6.12.58-82.121.amzn2023.x86_64
checking for /usr/src/kernels/6.12.58-82.121.amzn2023.x86_64... yes
checking for Linux objects... /usr/src/kernels/6.12.58-82.121.amzn2023.x86_64
checking for /usr/src/kernels/6.12.58-82.121.amzn2023.x86_64/.config... yes
checking for /boot/kernel.h... no
checking for /var/adm/running-kernel.h... no
checking for /usr/src/kernels/6.12.58-82.121.amzn2023.x86_64/include/generated/autoconf.h... yes
checking for /usr/src/kernels/6.12.58-82.121.amzn2023.x86_64/include/linux/version.h... yes
checking for /usr/src/kernels/6.12.58-82.121.amzn2023.x86_64/include/linux/kconfig.h... yes
checking for external module build target... M54
checking for compiler version text... yes
checking that modules can be built at all... yes
checking for Linux kernel utsrelease... 6.12.58-82.121.amzn2023.x86_64
checking for RedHat kernel release number... 
checking if Linux kernel was built with CONFIG_SUSE_KERNEL... no
checking for Ubuntu kernel signature... no
grep: /usr/src/kernels/6.12.58-82.121.amzn2023.x86_64/include/generated/package.h: No such file or directory
checking for Debian kernel signature... no
checking for ELRepo -ml kernel signature on CentOS... no
checking for openEuler kernel version number... 
configure: WARNING: Kernel Distro seems to be neither RedHat, SuSE, openEuler, Ubuntu nor Debian
configure: WARNING: Kernel Distro seems to be neither RedHat, SuSE, openEuler, Ubuntu nor Debian
checking for Linux kernel module package directory... 
checking for the name of module symbol version file... Module.symvers
checking if Linux kernel module loading is possible... yes
configure: LibCFS kernel checks
==============================================================================
checking whether to use tunable 'panic_dumplog' support... no
checking if Linux kernel exports 'kset_find_obj'... yes
checking if Linux kernel exports 'save_stack_trace_tsk'... no
checking if Linux kernel exports '__genradix_ptr'... yes
checking if Linux kernel exports 'kallsyms_lookup_name'... no
configure: LNet kernel checks
==============================================================================
checking whether to enable tunable backoff TCP support... yes
checking if Linux kernel has tunable backoff TCP support... no
configure: WARNING:
Auto detection of external O2IB failed. Build of external o2ib disabled.
checking if external o2iblnd needs to use Compat RDMA... no
checking whether to use any OFED backport headers... no
readlink: missing operand
Try 'readlink --help' for more information.
checking whether to enable OpenIB gen2 support... yes
checking if Linux kernel has kthread_worker... no
checking whether to enable GNI lnd... no
checking ext4 source directory... 
configure: WARNING:

Disabling ldiskfs support because complete ext4 source does not exist.

If you are building using kernel-devel packages and require ldiskfs
server support then ensure that the matching kernel-debuginfo-common
and kernel-debuginfo-common-<arch> packages are installed.

configure: Lustre kernel checks
==============================================================================
checking whether to enable Lustre pinger support... yes
checking whether to enable data checksum support... yes
checking whether to enable flock by default... yes
checking whether to enable lru self-adjusting... yes
checking whether to enable gss support... auto
checking whether to enable gss keyring backend... yes
checking if Linux kernel was built with CONFIG_KEYS in or as module... yes
checking for keyctl_search in -lkeyutils... yes
checking if Linux kernel was built with CONFIG_SUNRPC in or as module... yes
checking for Kerberos v5... not found!
checking for name_to_handle_at... yes
checking for copy_file_range... yes
checking whether OpenSSL has functions needed for SSK... no
checking whether openssl-devel is present... yes
checking if Linux kernel exports 'new_sync_read'... no
checking if Linux kernel exports 'default_file_splice_read'... no
checking if Linux kernel exports 'account_page_dirtied'... no
configure: building 4 linux kernel compile tests for 'early'
configure: KBUILD_MODPOST_NOFINAL="yes" make modules CC="gcc" -k -j32 -C /usr/src/kernels/6.12.58-82.121.amzn2023.x86_64  M=/home/ktest/git/lustre-release/_lpb CONFIG_CC_VERSION_TEXT='gcc..GCC..11.5.0.20240719..Red.Hat.11.5.0-5.'
checking if 'lockdep_is_held()' uses const argument... yes
checking for linux header linux/wait_bit.h... yes
checking for linux header linux/blk-integrity.h... yes
checking if mmap_lock API is available... yes
configure: building 309 linux kernel compile tests for 'lustre'
configure: KBUILD_MODPOST_NOFINAL="yes" make modules CC="gcc" -k -j32 -C /usr/src/kernels/6.12.58-82.121.amzn2023.x86_64  M=/home/ktest/git/lustre-release/_lpb CONFIG_CC_VERSION_TEXT='gcc..GCC..11.5.0.20240719..Red.Hat.11.5.0-5.'
checking if Linux kernel was built with CONFIG_MODULES... yes
checking if Linux kernel was built with CONFIG_MODVERSIONS... yes
checking does function 'ktime_get_ts64' exist... yes
checking does function 'prepare_to_wait_event' exist... yes
checking does 'struct kernel_param_ops' exist... yes
checking does function 'ktime_add' exist... yes
checking does function 'ktime_after' exist... yes
checking does function 'ktime_before' exist... yes
checking does function 'ktime_compare' exist... yes
checking shrinker has 'count_objects'... yes
checking does function 'match_wildcard' exist... yes
checking if enum mapping_flags has AS_EXITING flag... yes
checking if iov_iter has member type... no
checking does 'glob_match()' exist... yes
checking does function 'hlist_add_after' exist... no
checking does 'struct timespec64' exist... yes
checking does function 'ktime_get_ns' exist... yes
checking does function 'ktime_get_real_ts64' exist... yes
checking does function 'ktime_get_real_ts64' exist... yes
checking does function 'ktime_get_real_ns' exist... yes
checking does function 'ktime_to_timespec64' exist... yes
checking does function 'timespec64_sub' exist... yes
checking does function 'timespec64_to_ktime' exist... yes
checking does function 'ktime_get_seconds' exist... yes
checking does function 'wait_woken' exist... yes
checking does function 'ktime_ms_delta' exist... yes
checking does function 'kernel_param_unlock' exist... yes
checking if kernel strscpy is available... yes
checking does function 'topology_sibling_cpumask' exist... yes
checking if Linux kernel has 'kstrtobool_from_user'... yes
checking if struct genl_ops has start callback... yes
checking does crypto hash helper functions exist... yes
checking if 'rhashtable_replace_fast' exists... yes
checking kernel has fixed hash_64()... no
checking if 'struct stacktrace_ops' address function returns an int... no
checking if 'get_user_pages()' takes 6 arguments... no
checking for linux header linux/stringhash.h... yes
checking if internal '__rhashtable_insert_fast()' returns int... no
checking if 'rhashtable_walk_init' has 3 args... no
checking if NR_ZONE_WRITE_PENDING is available... yes
checking if 'rhashtable_lookup' exist... yes
checking does 'struct rhltable' exist... yes
checking if 'struct stacktrace_ops' exists... no
checking if 'get_user_pages()' takes gup_flags in arguments... no
checking if 'rhashtable_walk_enter' exists... yes
checking if libcfs supports CPU hotplug state machine... yes
checking if Netlink supports netlink_ext_ack... yes
checking if 'rhashtable_lookup_get_insert_fast' exist... yes
checking for linux header linux/sched/signal.h... yes
checking if 'kref_read' exists... yes
checking if 'rht_bucket_var' exists... yes
checking if 'cpus_read_unlock' exist... yes
checking for linux header linux/processor.h... yes
checking if linux wait_queue_head list_head is named head... yes
checking if struct wait_bit_queue_entry exists... yes
checking for linux header linux/refcount.h... yes
checking if memalloc_noreclaim_{save,restore} exist... yes
checking if 'nla_strdup()' exists... yes
checking if 'wait_queue_entry_t' exists... yes
checking if DEFINE_TIMER takes only 2 arguments... yes
checking if 'kernel_write' matches other read/write helpers... yes
checking if 'kernel_read()' has loff_t *pos as last parameter... yes
checking if 'bitmap_to_arr32()' exist... yes
checking if setup_timer has been replaced with timer_setup... yes
checking does 'ns_to_timespec64()' exist... yes
checking if 'wait_var_event' exist... yes
checking if Linux bitmap memory management exist... yes
checking if 'clear_and_wake_up_bit' exist... yes
checking if 'tcp_sock_set_nodelay()' exists... yes
checking if 'tcp_sock_set_keepidle()' exists... yes
checking if page cache uses Xarray... yes
checking if Netlink dump handlers support ext_ack... yes
checking if iov_iter_type exists... yes
checking if totalram_pages is a function... yes
checking if get_request_key_auth() is available... yes
checking does struct kobj_type have 'default_groups' member... yes
checking if uid_keyring exists... checking for user_uid_keyring_exists... no
checking if lookup_user_key() is available... yes
checking if struct cache_detail has writers... yes
checking if struct genl_dumpit_info has family field... no
checking if struct proc_ops exists... yes
checking if 'tcp_sock_set_quickack()' exists... yes
checking if 'tcp_sock_set_keepintvl()' exists... yes
checking if 'tcp_sock_set_keepcnt()' exists... yes
checking if ip6_sock_set_addr_preferences() exists... yes
checking if ip_sock_set_tos() exists... yes
checking if __vmalloc has 2 args... yes
checking if NR_UNSTABLE_NFS still in use... no
checking if kernel_setsockopt still in use... no
checking if KEY_NEED_UNLINK exists... yes
checking if security_release_secctx has 1 arg... no
checking if kfree_sensitive() is available... yes
checking for linux header crypto/sha2.h... yes
checking if list_cmp_func_t type is defined... yes
checking if 'nla_strlcpy()' still exists... no
checking Is linux/fortify-string.h header available... yes
checking for linux header crypto/internal/cipher.h... yes
checking if task_is_running() is defined... yes
checking for linux header linux/stdarg.h... yes
checking for linux header linux/panic_notifier.h... yes
checking does function 'param_set_uint_minmax' exist... yes
checking does function 'pde_data' exist... yes
checking does bio_alloc() takes a struct block_device... yes
checking is timer_delete_sync() available... yes
checking is timer_delete() available... yes
checking (external) if 'rdma_create_id' wants four args... (cached) unused
checking (in-kernel) if 'rdma_create_id' wants four args... no
checking (external) if 'rdma_create_id' wants five args... (cached) unused
checking (in-kernel) if 'rdma_create_id' wants five args... yes
checking (external) if 'struct ib_cq_init_attr' is used by ib_create_cq... (cached) unused
checking (in-kernel) if 'struct ib_cq_init_attr' is used by ib_create_cq... yes
checking (external) if 'ib_alloc_fast_reg_mr' exists... (cached) unused
checking (in-kernel) if 'ib_alloc_fast_reg_mr' exists... no
checking (external) if 'ib_get_dma_mr' exists... (cached) unused
checking (in-kernel) if 'ib_get_dma_mr' exists... no
checking (external) if 'struct ib_rdma_wr' is defined... (cached) unused
checking (in-kernel) if 'struct ib_rdma_wr' is defined... yes
checking (external) if 'ib_map_mr_sg' with 4 args exists... (cached) unused
checking (in-kernel) if 'ib_map_mr_sg' with 4 args exists... no
checking (external) if struct ib_reg_wr exists... (cached) unused
checking (in-kernel) if struct ib_reg_wr exists... yes
checking (external) if 'ib_map_mr_sg()' with 5 args exists... (cached) unused
checking (in-kernel) if 'ib_map_mr_sg()' with 5 args exists... (cached) yes
checking (external) if 'struct ib_device' has member 'attrs'... (cached) unused
checking (in-kernel) if 'struct ib_device' has member 'attrs'... yes
checking (external) if 2arg 'ib_alloc_pd' exists... (cached) unused
checking (in-kernel) if 2arg 'ib_alloc_pd' exists... yes
checking (external) if function 'ib_inc_rkey' is defined... (cached) unused
checking (in-kernel) if function 'ib_inc_rkey' is defined... yes
checking (external) if 'ib_post_send() and ib_post_recv()' have const parameters... (cached) unused
checking (in-kernel) if 'ib_post_send() and ib_post_recv()' have const parameters... yes
checking (external) if if ib_dma_map_sg() is sane... (cached) unused
checking (in-kernel) if if ib_dma_map_sg() is sane... yes
checking (external) if struct ib_device_ops is defined... (cached) unused
checking (in-kernel) if struct ib_device_ops is defined... no
checking (external) if ib_sg_dma_address wrapper exists... (cached) unused
checking (in-kernel) if ib_sg_dma_address wrapper exists... no
checking (external) if 4arg 'rdma_reject' exists... (cached) unused
checking (in-kernel) if 4arg 'rdma_reject' exists... yes
checking (external) if FMR pools API available... (cached) unused
checking (in-kernel) if FMR pools API available... no
checking (external) if 'rdma_connect_locked' exists... (cached) unused
checking (in-kernel) if 'rdma_connect_locked' exists... yes
checking if 'sk_data_ready' takes only one argument... yes
checking if 'sock_create_kern' first parameter is net... yes
checking if 'ethtool_link_settings' exists... yes
checking if hypervisor_is_type function is available... yes
checking if Oracle OFED Extensions are enabled... no
checking if 'getname' has two args... yes
checking if 'in_dev_for_each_ifa_rtnl' is defined... yes
checking if ext4_bread takes 4 arguments... no
checking if i_dquot is in ext4_inode_info... no
checking if i_crypt_info is in ext4_inode_info... no
checking if Linux kernel was built with CONFIG_EXT4_FS_ENCRYPTION... no
checking if 'ext4_journal_ensure_credits' exists... no
checking if ldiskfs_iget takes a flags argument... no
checking if __ldiskfs_find_entry is available... no
checking if ldiskfsfs_dirhash takes an inode argument... no
checking if struct jbd2_journal_handle has h_total_credits member... yes
checking if jbd2_journal_get_max_txn_bufs is available... no
checking if Linux kernel enabled CONFIG_FS_ENCRYPTION as built-in or module... yes
checking if Linux kernel enabled CONFIG_QUOTA as built-in or module... yes
checking if stack size is at least 8k... yes
checking if Linux kernel enabled CONFIG_FHANDLE as built-in or module... yes
checking if Linux kernel enabled CONFIG_FS_POSIX_ACL as built-in or module... yes
checking if get_projid exists... yes
checking if 'address_space_operations.invalidatepage' requires 3 arguments... no
checking if 'dir_context' exist... yes
checking if 'd_compare' taken 5 arguments... no
checking if 'd_count' exists... yes
checking if list 'dentry.d_u.d_alias' exist... no
checking if hlist 'dentry.d_u.d_alias' exist... yes
checking if 'dentry.d_child' exist... no
checking if 'struct nsproxy' has 'pid_ns_for_children'... yes
checking if 'truncate_pagecache' with 'old_size' parameter... no
checking if 'PTR_ERR_OR_ZERO' is missing... yes
checking if 'struct kiocb' with 'ki_left' member... no
checking if register_shrinker() returns status... no
checking if Linux kernel has 'vfs_rename' with 5 args... no
checking if Linux kernel has 'vfs_unlink' with 3 args... no
checking if 'd_is_positive' exist... yes
checking if Linux kernel has struct bvec_iter... yes
checking if Linux kernel has truncate_inode_pages_final... yes
checking if 'inode_operations->rename' taken flags as argument... no
checking if 'inode_operations' has '.set_acl' member function... yes
checking if Linux kernel has 'vfs_rename' with 6 args... no
checking if direct IO uses iov_iter... no
checking if 'iov_iter_init' takes a tag... yes
checking if 'iov_iter_truncate' exists... yes
checking if 'file_operations.read|write_iter' exist... yes
checking if 'pagecache_get_page' exists... yes
checking if 'blk_integrity.interval' exist... no
checking if struct key_match field exist... yes
checking if struct blk_integrity_iter exist... no
checking if percpu_counter_init uses GFP_* flag as argument... yes
checking if filldir_t uses struct dir_context... no
checking if struct kiocb has ki_nbytes field... no
checking if 'quotactl_ops.set_dqblk' takes struct qc_dqblk... yes
checking if kernel has exported aio_complete()... no
checking if kernel has is_root_inode()... yes
checking if struct address_space has backing_dev_info... no
checking if iov_iter_rw exist... yes
checking if Linux kernel has __bi_cnt in struct bio... yes
checking if 'bio_endio' with one argument exist... yes
checking if symlink inode operations have struct nameidata argument... no
checking if 'account_page_dirtied' with 3 args exists... no
checking if crypto_alloc_skcipher is defined... yes
checking if 'blk_integrity.interval_exp' exist... yes
checking if 'bio_integrity_payload.bip_iter' exist... no
checking if 'struct cache_head' has 'cache_list' field... yes
checking if 'struct xattr_handler' functions pass in handler pointer... no
checking if 'locks_lock_file_wait' exists... no
checking if 'struct key' has 'payload.data' as an array... yes
checking if 'struct xattr_handler' has a name member... yes
checking if Linux kernel has bi_opf in struct bio... yes
checking if submit_bio takes two arguments... no
checking if kernel has clean_bdev_aliases... yes
checking if Linux kernel has 'file_dentry'... yes
checking if 'inode_lock' is defined... yes
checking if 'iop' has 'get_link'... yes
checking if 'in_compat_syscall' is defined... yes
checking if 'struct xattr_handler' functions have inode parameter... no
checking if 'lock_page_memcg' is defined... no
checking if down_write_killable exists... yes
checking if 'd_in_lookup' is defined... yes
checking if dentry operations supports 'd_init'... yes
checking if '->direct_IO()' takes 2 arguments... yes
checking if 'generic_write_sync()' takes 2 arguments... yes
checking if 'file_operations' has 'iterate_shared'... yes
checking if 'posix_acl_valid' takes 'struct user_namespace'... yes
checking if 'd_compare' taken 4 arguments... yes
checking if 'full_name_hash' taken 3 arguments... yes
checking if 'struct posix_acl_xattr_{header,entry}' defined... yes
checking if 'inode_operations' has {get,set,remove}xattr members... no
checking if 'struct group_info' has member 'gid'... yes
checking if '__vfs_setxattr' helper is available... no
checking if 'posix_acl_update_mode' exists... no
checking if 'struct backing_dev_info' has 'io_pages' field... yes
checking if 'generic_readlink' still exist... no
checking if 'struct vm_fault' replaced virtual_address with address field... yes
checking if 'inode_operations' getattr member can gather advance stats... no
checking if 'struct vm_operations' removed struct vm_area_struct... yes
checking if 'key.usage' is refcount_t... yes
checking if 'CRYPTO_MAX_ALG_NAME' is 128... yes
checking for linux header linux/fsmap.h... yes
checking if 'percpu_counter_add_batch()' exists... yes
checking if CURRENT_TIME has been replaced with current_time... yes
checking if 'super_setup_bdi_name' exist... yes
checking if 'bi_status' exist... yes
checking if 'bio_integrity_prep_fn' returns bool... no
checking if get_inode_usage exists... yes
checking if 'pagevec_init' takes one parameter... no
checking if 'bi_bdev' exist... yes
checking if interval_trees use rb_tree_cached... no
checking if vm_fault_t type exists... yes
checking if VM_FAULT_RETRY is defined... yes
checking if struct address_space has i_pages... yes
checking if 'alloc_file_pseudo' is defined... yes
checking if inode timestamps are struct timespec64... no
checking if 'radix_tree_tag_set' exists... yes
checking if MS_RDONLY was moved to uapi/linux/mount.h... yes
checking if cache_detail->hash_lock is a spinlock... yes
checking if struct genl_family has resv_start_op member... yes
checking if bvec_iter_all exists for multi-page bvec iternation... yes
checking if 'keyring_search' has 4 args... yes
checking if struct bio has bi_phys_segments member... no
checking if Linux kernel exports 'flush_delayed_fput'... yes
checking if lock_manager_operations has lm_compare_owner... no
checking if fscrypt has 'struct fscrypt_digested_name'... no
checking if fscrypt_dummy_context_enabled() exists... no
checking if have kthread_use_mm... yes
checking if iter_file_splice_write() exists... yes
checking if fscrypt_fname_alloc_buffer() removed inode parameter... yes
checking if 'fscrypt_set_context()' exists... yes
checking if Linux kernel exports 'fscrypt_d_revalidate'... yes
checking if struct fscrypt_name has is_nokey_name field... yes
checking if fscrypt_set_test_dummy_encryption() take 'const char' parameter... no
checking if fscrypt_free_dummy_policy() exists... yes
checking if 'struct backing_dev_info' has 'debug_stats' field... no
checking if fscrypt_is_no_key_name() exists... yes
checking if fscrypt_prepare_readdir() exists... yes
checking if 'bio_set_dev' is available... yes
checking if 'inode_operations' members have user namespace argument... no
checking if 'inode_operations' has fileattr_get (and fileattr_set)... yes
checking if have copy_page_from_iter_atomic... yes
checking if 'get_acl' has a rcu argument... no
checking if 'get_acl' has a rcu argument... (cached) no
checking if have address_space have invalidate_lock member... yes
checking if have fault_in_iov_iter_readable... yes
checking if security_dentry_init_security() returns xattr name... yes
checking if kiocb->ki_complete() has 2 arguments... yes
checking if Linux kernel exports 'delete_from_page_cache'... no
checking if wb_stat_mod() exists... yes
checking if have address_spaace_operaions->invalidate_folio() member... yes
checking if have address_spaace_operaions->dirty_folio() member... yes
checking if alloc_inode_sb() exists... yes
checking if grab_cache_page_write_begin() has flags argument... no
checking if struct address_space_operations() has read_folio()... yes
checking if read_cache_page() filler_t needs struct file... yes
checking if struct address_space_operations() has release_folio()... yes
checking if lsmcontext_init is available... no
checking if security_dentry_init_security needs lsmcontext... no
checking if no_llseek() is available... no
checking if dquot_transfer() has user_ns argument... no
checking if struct address_space_operations() has migrate_folio()... yes
checking if register_shrinker() returns status... no
checking if vfs_setxattr() value argument is non-const... no
checking if iov_iter_get_pages_alloc2() is available... yes
checking if get_random_u32() and get_random_u64() are available... yes
checking if filldir_t uses struct dir_context and returns bool... yes
checking if filemap_get_folios_contig() is available... yes
checking if get_random_u32_below()is available... yes
checking if 'get_acl' and 'set_acl' use dentry argument... yes
checking if 'inode_operations' members have mnt_idmap argument... yes
checking if 'locks_lock_file_wait' exists in filelock.h... yes
checking if 'kernel_cap_t' has u64 val... yes
checking if 'folio_batch_reinit' is available... yes
checking if 'iov_iter_iovec' is available... no
checking if 'iov_iter_iovec' is available... yes
checking if 'class_create' does not have module arg... no
checking if 'filemap_splice_read' is available... yes
checking if enum iter_type has member 'iter_pipe'... no
checking if get_user_pages removed 'vma' parameter... yes
checking if 'struct folio_batch' is available... yes
checking if 'struct pagevec' is available... yes
checking if 'flush_scheduled_work()' throws warning... yes
checking if 'inode_get_ctime()' exists... yes
checking if 'mmap_write_trylock()' is available... no
checking if 'generic_fillattr()' has request_mask argument... yes
checking if 'struct nsproxy.count' is refcount_t... yes
checking if 'inode_get_mtime()' exists... yes
checking if 'shrinker_alloc()' exists... yes
checking if sruct dentry has d_children member... yes
checking if generic_error_remove_folio() exists... yes
checking if 'bio_integrity_prep_fn' exists... no
checking whether to build ldiskfs... no
checking whether to enable zfs... yes
checking zfs source directory... Not found
checking zfs build directory... Not found
checking user provided zfs devel headers... 
checking zfs devel headers... Not Found
configure: WARNING:

Disabling optional zfs osd due to missing development headers.

Support for zfs can be enabled by downloading the required packages for your
distribution.  See http://zfsonlinux.org/ to determine is zfs is supported by
your distribution.
				
checking whether to build Lustre server support... no
checking whether to enable Lustre client crypto... 
checking if IS_ENCRYPTED is defined... yes
checking for fscrypt in-kernel support... yes
embedded-llcrypt
checking for copy_file_range... (cached) yes
checking whether OpenSSL has functions needed for SSK... no
checking whether openssl-devel is present... yes
checking whether to build l_getsepol... yes
checking if 'struct getinfo_fid2path' has anonymous union... no
checking libaio.h usability... no
checking libaio.h presence... no
checking for libaio.h... no
configure: WARNING: libaio is not installed on the system
checking for name_to_handle_at... (cached) yes
checking whether to enable CDEBUG, CWARN... yes
checking whether to enable ENTRY/EXIT... yes
checking whether to enable LASSERT, LASSERTF... yes
checking whether to enable quota support global control... yes
checking sys/quota.h usability... yes
checking sys/quota.h presence... yes
checking for sys/quota.h... yes
checking libmount/libmount.h usability... yes
checking libmount/libmount.h presence... yes
checking for libmount/libmount.h... yes
checking for mnt_update_set_fs in -lmount... yes
checking whether to build with libmount... yes
checking whether to build iokit... yes
checking whether to use alternate names for e2fsprogs... disabled
configure: LibCFS core checks
==============================================================================
checking netdb.h usability... yes
checking netdb.h presence... yes
checking for netdb.h... yes
checking asm/types.h usability... yes
checking asm/types.h presence... yes
checking for asm/types.h... yes
checking endian.h usability... yes
checking endian.h presence... yes
checking for endian.h... yes
configure: LibCFS required packages checks
==============================================================================
checking whether to enable readline support... yes
checking for readline in -lreadline... no
checking whether to use libpthread for libcfs library... yes
checking for pthread_create in -lpthread... yes
configure: LNet core checks
==============================================================================
checking cuda source directory... Not found
checking gds source directory... Not found
configure: WARNING: CUDA or GDS sources not found. GDS support disabled
checking for LIBNL3... yes
checking for nla_get_s32 in -lnl-3... yes
checking for nla_get_s64 in -lnl-3... yes
checking for netdb.h... (cached) yes
checking for strnlen... no
checking whether to enable 'efence' debugging support... no
checking for yaml_parser_initialize in -lyaml... yes
checking if RDMA_PS_TCP exists... checking if 'enum nlmsgerr_attrs' exists... configure: Lustre core checks
==============================================================================
checking for maximum number of MDS threads... 
checking for netdb.h... (cached) yes
checking for endian.h... (cached) yes
checking ext2fs/ext2fs.h usability... no
checking ext2fs/ext2fs.h presence... no
checking for ext2fs/ext2fs.h... no
checking for statx... yes
checking for crc32 in -lz... yes
checking zlib.h usability... yes
checking zlib.h presence... yes
checking for zlib.h... yes
checking for is_selinux_enabled in -lselinux... yes
checking selinux/selinux.h usability... yes
checking selinux/selinux.h presence... yes
checking for selinux/selinux.h... yes
checking for add_key in -lkeyutils... yes
checking whether to report minimum OST free space... no
checking whether to randomly failing memory alloc... yes
checking whether to check invariants (expensive cpu-wise)... no
checking whether to track references with lu_ref... no
checking whether to enable page state tracking... no
checking for pkg-config... (cached) /usr/bin/pkg-config
checking pkg-config is at least version 0.9.0... yes
checking systemd unit file directory... /usr/lib/systemd/system
checking bash-completion directory... /usr/share/bash-completion/completions
configure: remove temporary parallel configure dir /home/ktest/git/lustre-release/_lpb
checking that generated files are newer than configure... done
configure: creating ./config.status
config.status: creating libcfs/Makefile
config.status: creating libcfs/autoMakefile
config.status: creating libcfs/autoconf/Makefile
config.status: creating libcfs/include/Makefile
config.status: creating libcfs/include/libcfs/Makefile
config.status: creating libcfs/include/uapi/Makefile
config.status: creating libcfs/include/libcfs/linux/Makefile
config.status: creating libcfs/include/libcfs/util/Makefile
config.status: creating libcfs/include/libcfs/crypto/Makefile
config.status: creating libcfs/include/uapi/linux/Makefile
config.status: creating libcfs/libcfs/Makefile
config.status: creating libcfs/libcfs/autoMakefile
config.status: creating libcfs/libcfs/linux/Makefile
config.status: creating libcfs/libcfs/util/Makefile
config.status: creating libcfs/libcfs/crypto/Makefile
config.status: creating Makefile
config.status: creating autoMakefile
config.status: creating config/Makefile
config.status: creating Rules
config.status: creating lustre.spec
config.status: creating lustre-dkms.spec
config.status: creating ldiskfs/Makefile
config.status: creating ldiskfs/autoMakefile
config.status: creating lustre/utils/lustre.pc
config.status: creating lustre-iokit/Makefile
config.status: creating lustre-iokit/obdfilter-survey/Makefile
config.status: creating lustre-iokit/ost-survey/Makefile
config.status: creating lustre-iokit/sgpdd-survey/Makefile
config.status: creating lustre-iokit/mds-survey/Makefile
config.status: creating lustre-iokit/ior-survey/Makefile
config.status: creating lustre-iokit/stats-collect/Makefile
config.status: creating lustre-iokit/lst-survey/Makefile
config.status: creating lnet/Makefile
config.status: creating lnet/autoMakefile
config.status: creating lnet/autoconf/Makefile
config.status: creating lnet/doc/Makefile
config.status: creating lnet/include/Makefile
config.status: creating lnet/include/lnet/Makefile
config.status: creating lnet/include/uapi/linux/lnet/Makefile
config.status: creating lnet/klnds/Makefile
config.status: creating lnet/klnds/autoMakefile
config.status: creating lnet/klnds/o2iblnd/Makefile
config.status: creating lnet/klnds/o2iblnd/autoMakefile
config.status: creating lnet/klnds/in-kernel-o2iblnd/Makefile
config.status: creating lnet/klnds/in-kernel-o2iblnd/autoMakefile
config.status: creating lnet/klnds/gnilnd/Makefile
config.status: creating lnet/klnds/gnilnd/autoMakefile
config.status: creating lnet/klnds/socklnd/Makefile
config.status: creating lnet/klnds/socklnd/autoMakefile
config.status: creating lnet/klnds/kfilnd/Makefile
config.status: creating lnet/klnds/kfilnd/autoMakefile
config.status: creating lnet/lnet/Makefile
config.status: creating lnet/lnet/autoMakefile
config.status: creating lnet/selftest/Makefile
config.status: creating lnet/selftest/autoMakefile
config.status: creating lnet/utils/Makefile
config.status: creating lnet/utils/lnetconfig/Makefile
config.status: creating lustre/Makefile
config.status: creating lustre/autoMakefile
config.status: creating lustre/autoconf/Makefile
config.status: creating lustre/conf/Makefile
config.status: creating lustre/conf/resource/Makefile
config.status: creating lustre/doc/Makefile
config.status: creating lustre/include/Makefile
config.status: creating lustre/include/lustre/Makefile
config.status: creating lustre/include/uapi/linux/lustre/Makefile
config.status: creating lustre/kernel_patches/targets/5.14-rhel9.3.target
config.status: creating lustre/kernel_patches/targets/5.14-rhel9.2.target
config.status: creating lustre/kernel_patches/targets/5.14-rhel9.1.target
config.status: creating lustre/kernel_patches/targets/5.14-rhel9.0.target
config.status: creating lustre/kernel_patches/targets/4.18-rhel8.9.target
config.status: creating lustre/kernel_patches/targets/4.18-rhel8.8.target
config.status: creating lustre/kernel_patches/targets/4.18-rhel8.7.target
config.status: creating lustre/kernel_patches/targets/4.18-rhel8.6.target
config.status: creating lustre/kernel_patches/targets/4.18-rhel8.5.target
config.status: creating lustre/kernel_patches/targets/4.18-rhel8.4.target
config.status: creating lustre/kernel_patches/targets/4.18-rhel8.3.target
config.status: creating lustre/kernel_patches/targets/4.18-rhel8.2.target
config.status: creating lustre/kernel_patches/targets/4.18-rhel8.1.target
config.status: creating lustre/kernel_patches/targets/4.18-rhel8.target
config.status: creating lustre/kernel_patches/targets/3.10-rhel7.9.target
config.status: creating lustre/kernel_patches/targets/3.10-rhel7.8.target
config.status: creating lustre/kernel_patches/targets/3.10-rhel7.7.target
config.status: creating lustre/kernel_patches/targets/3.10-rhel7.6.target
config.status: creating lustre/kernel_patches/targets/3.10-rhel7.5.target
config.status: creating lustre/kernel_patches/targets/4.14-rhel7.5.target
config.status: creating lustre/kernel_patches/targets/4.14-rhel7.6.target
config.status: creating lustre/kernel_patches/targets/4.12-sles12sp4.target
config.status: creating lustre/kernel_patches/targets/4.12-sles12sp5.target
config.status: creating lustre/kernel_patches/targets/4.12-sles15sp1.target
config.status: creating lustre/kernel_patches/targets/5.3-sles15sp2.target
config.status: creating lustre/kernel_patches/targets/5.3-sles15sp3.target
config.status: creating lustre/kernel_patches/targets/5.14-sles15sp4.target
config.status: creating lustre/kernel_patches/targets/5.14-sles15sp5.target
config.status: creating lustre/kernel_patches/targets/3.x-fc18.target
config.status: creating lustre/kernel_patches/targets/5.10-oe2203.target
config.status: creating lustre/kernel_patches/targets/5.10-oe2203sp1.target
config.status: creating lustre/kernel_patches/targets/5.10-oe2203sp2.target
config.status: creating lustre/ldlm/Makefile
config.status: creating lustre/ldlm/autoMakefile
config.status: creating lustre/ec/autoMakefile
config.status: creating lustre/ec/Makefile
config.status: creating lustre/fid/Makefile
config.status: creating lustre/fid/autoMakefile
config.status: creating lustre/llite/Makefile
config.status: creating lustre/llite/autoMakefile
config.status: creating lustre/lov/Makefile
config.status: creating lustre/lov/autoMakefile
config.status: creating lustre/mdc/Makefile
config.status: creating lustre/mdc/autoMakefile
config.status: creating lustre/lmv/Makefile
config.status: creating lustre/lmv/autoMakefile
config.status: creating lustre/lfsck/Makefile
config.status: creating lustre/lfsck/autoMakefile
config.status: creating lustre/mdt/Makefile
config.status: creating lustre/mdt/autoMakefile
config.status: creating lustre/mdd/Makefile
config.status: creating lustre/mdd/autoMakefile
config.status: creating lustre/fld/Makefile
config.status: creating lustre/fld/autoMakefile
config.status: creating lustre/obdclass/Makefile
config.status: creating lustre/obdclass/autoMakefile
config.status: creating lustre/obdecho/Makefile
config.status: creating lustre/obdecho/autoMakefile
config.status: creating lustre/ofd/Makefile
config.status: creating lustre/ofd/autoMakefile
config.status: creating lustre/osc/Makefile
config.status: creating lustre/osc/autoMakefile
config.status: creating lustre/osd-ldiskfs/Makefile
config.status: creating lustre/osd-ldiskfs/autoMakefile
config.status: creating lustre/osd-zfs/Makefile
config.status: creating lustre/osd-zfs/autoMakefile
config.status: creating lustre/mgc/Makefile
config.status: creating lustre/mgc/autoMakefile
config.status: creating lustre/mgs/Makefile
config.status: creating lustre/mgs/autoMakefile
config.status: creating lustre/target/Makefile
config.status: creating lustre/target/autoMakefile
config.status: creating lustre/ptlrpc/Makefile
config.status: creating lustre/ptlrpc/autoMakefile
config.status: creating lustre/ptlrpc/gss/Makefile
config.status: creating lustre/ptlrpc/gss/autoMakefile
config.status: creating lustre/quota/Makefile
config.status: creating lustre/quota/autoMakefile
config.status: creating lustre/scripts/Makefile
config.status: creating lustre/scripts/systemd/Makefile
config.status: creating lustre/tests/Makefile
config.status: creating lustre/tests/mpi/Makefile
config.status: creating lustre/tests/iabf/Makefile
config.status: creating lustre/tests/lutf/Makefile
config.status: creating lustre/tests/lutf/src/Makefile
config.status: creating lustre/kunit/Makefile
config.status: creating lustre/kunit/autoMakefile
config.status: creating lustre/utils/Makefile
config.status: creating lustre/utils/gss/Makefile
config.status: creating lustre/osp/Makefile
config.status: creating lustre/osp/autoMakefile
config.status: creating lustre/lod/Makefile
config.status: creating lustre/lod/autoMakefile
config.status: creating cc-plugins/Makefile
config.status: creating config.h
config.status: executing depfiles commands
config.status: executing libtool commands
configure: WARNING: unrecognized options: --enable-efa

CC:            gcc
CFLAGS:        -g -O2 -Wall -Werror 
EXTRA_CFLAGS:  

EXTRA_KCFLAGS: -include /home/ktest/git/lustre-release/undef.h -include /home/ktest/git/lustre-release/config.h  -g -I/home/ktest/git/lustre-release/libcfs/include -I/home/ktest/git/lustre-release/libcfs/include/libcfs -I/home/ktest/git/lustre-release/lnet/include/uapi -I/home/ktest/git/lustre-release/lnet/include -I/home/ktest/git/lustre-release/lustre/include/uapi -I/home/ktest/git/lustre-release/lustre/include -Wno-format-truncation -Wno-stringop-truncation -Wno-stringop-overflow

LD:            ld -m elf_x86_64

CXX:           g++
CPPFLAGS:      -include /home/ktest/git/lustre-release/undef.h -include /home/ktest/git/lustre-release/config.h -I/home/ktest/git/lustre-release/lnet/include/uapi -I/home/ktest/git/lustre-release/lustre/include/uapi -I/home/ktest/git/lustre-release/libcfs/include -I/home/ktest/git/lustre-release/lnet/utils/ -I/home/ktest/git/lustre-release/lustre/include 

Type 'make' to build Lustre.
Making all in .
make[5]: Circular /home/ktest/git/lustre-release//modules.order <- /home/ktest/git/lustre-release/ dependency dropped.
In file included from /home/ktest/git/lustre-release/lustre/include/lustre_net.h:64,
                 from /home/ktest/git/lustre-release/lustre/include/obd_class.h:25,
                 from /home/ktest/git/lustre-release/lustre/kunit/llog_test.c:29:
/home/ktest/git/lustre-release/lustre/include/lu_object.h:788:1: error: 'inline' is not at beginning of declaration [-Werror=old-style-declaration]
  788 | static const inline struct lu_device_operations *
      | ^~~~~~
In file included from /home/ktest/git/lustre-release/lustre/include/obd_class.h:25,
                 from /home/ktest/git/lustre-release/lustre/kunit/llog_test.c:29:
/home/ktest/git/lustre-release/lustre/include/lustre_net.h:2638:1: error: type qualifiers ignored on function return type [-Werror=ignored-qualifiers]
 2638 | const int ll_str2opcode(const char *ops);
      | ^~~~~
In file included from /home/ktest/git/lustre-release/lustre/include/lustre_net.h:64,
                 from /home/ktest/git/lustre-release/lustre/include/obd_class.h:25,
                 from /home/ktest/git/lustre-release/lustre/kunit/obd_test.c:24:
/home/ktest/git/lustre-release/lustre/include/lu_object.h:788:1: error: 'inline' is not at beginning of declaration [-Werror=old-style-declaration]
  788 | static const inline struct lu_device_operations *
      | ^~~~~~
In file included from /home/ktest/git/lustre-release/lustre/include/obd_class.h:25,
                 from /home/ktest/git/lustre-release/lustre/kunit/obd_test.c:24:
/home/ktest/git/lustre-release/lustre/include/lustre_net.h:2638:1: error: type qualifiers ignored on function return type [-Werror=ignored-qualifiers]
 2638 | const int ll_str2opcode(const char *ops);
      | ^~~~~
cc1: all warnings being treated as errors
/home/ktest/git/lustre-release/lnet/selftest/module.c:71:1: error: no previous prototype for 'lnet_selftest_structure_assertion' [-Werror=missing-prototypes]
   71 | lnet_selftest_structure_assertion(void)
      | ^~~~~~~~~~~~~~~~~~~~~~~~~~~~~~~~~
make[7]: *** [scripts/Makefile.build:229: /home/ktest/git/lustre-release/lustre/kunit/obd_test.o] Error 1
make[7]: *** Waiting for unfinished jobs....
/home/ktest/git/lustre-release/lnet/lnet/api-ni.c:3924:6: error: no previous prototype for 'lnet_update_ping_buffer' [-Werror=missing-prototypes]
 3924 | void lnet_update_ping_buffer(struct work_struct *work)
      |      ^~~~~~~~~~~~~~~~~~~~~~~
/home/ktest/git/lustre-release/lnet/lnet/lnet_rdma.c:23:23: error: no previous prototype for 'lustre_v1_register_nvfs_dma_ops' [-Werror=missing-prototypes]
   23 | #define MODULE_PREFIX lustre_v1
      |                       ^~~~~~~~~
/home/ktest/git/lustre-release/lnet/lnet/lnet_rdma.c:17:20: note: in definition of macro 'REGSTR2'
   17 | #define REGSTR2(x) x##_register_nvfs_dma_ops
      |                    ^
/home/ktest/git/lustre-release/lnet/lnet/lnet_rdma.c:25:23: note: in expansion of macro 'REGSTR'
   25 | #define REGISTER_FUNC REGSTR(MODULE_PREFIX)
      |                       ^~~~~~
/home/ktest/git/lustre-release/lnet/lnet/lnet_rdma.c:25:30: note: in expansion of macro 'MODULE_PREFIX'
   25 | #define REGISTER_FUNC REGSTR(MODULE_PREFIX)
      |                              ^~~~~~~~~~~~~
/home/ktest/git/lustre-release/lnet/lnet/lnet_rdma.c:98:5: note: in expansion of macro 'REGISTER_FUNC'
   98 | int REGISTER_FUNC(struct nvfs_dma_rw_ops *ops)
      |     ^~~~~~~~~~~~~
/home/ktest/git/lustre-release/lnet/lnet/lnet_rdma.c:23:23: error: no previous prototype for 'lustre_v1_unregister_nvfs_dma_ops' [-Werror=missing-prototypes]
   23 | #define MODULE_PREFIX lustre_v1
      |                       ^~~~~~~~~
/home/ktest/git/lustre-release/lnet/lnet/lnet_rdma.c:20:22: note: in definition of macro 'UNREGSTR2'
   20 | #define UNREGSTR2(x) x##_unregister_nvfs_dma_ops
      |                      ^
/home/ktest/git/lustre-release/lnet/lnet/lnet_rdma.c:26:25: note: in expansion of macro 'UNREGSTR'
   26 | #define UNREGISTER_FUNC UNREGSTR(MODULE_PREFIX)
      |                         ^~~~~~~~
/home/ktest/git/lustre-release/lnet/lnet/lnet_rdma.c:26:34: note: in expansion of macro 'MODULE_PREFIX'
   26 | #define UNREGISTER_FUNC UNREGSTR(MODULE_PREFIX)
      |                                  ^~~~~~~~~~~~~
/home/ktest/git/lustre-release/lnet/lnet/lnet_rdma.c:111:6: note: in expansion of macro 'UNREGISTER_FUNC'
  111 | void UNREGISTER_FUNC(void)
      |      ^~~~~~~~~~~~~~~
/home/ktest/git/lustre-release/lnet/lnet/lib-me.o: warning: objtool: LNetMEAttach() falls through to next function lnet_me_unlink()
cc1: all warnings being treated as errors
make[7]: *** [scripts/Makefile.build:229: /home/ktest/git/lustre-release/lnet/lnet/lnet_rdma.o] Error 1
make[7]: *** Waiting for unfinished jobs....
cc1: all warnings being treated as errors
/home/ktest/git/lustre-release/lnet/selftest/timer.o: warning: objtool: stt_add_timer() falls through to next function stt_del_timer()
/home/ktest/git/lustre-release/lnet/selftest/timer.o: warning: objtool: stt_del_timer() falls through to next function stt_startup()
make[7]: *** [scripts/Makefile.build:229: /home/ktest/git/lustre-release/lnet/selftest/module.o] Error 1
make[7]: *** Waiting for unfinished jobs....
/home/ktest/git/lustre-release/lnet/lnet/lib-md.o: warning: objtool: lnet_md_link() falls through to next function cfs_cdebug_show.part.0.constprop.0()
/home/ktest/git/lustre-release/lnet/lnet/lib-md.o: warning: objtool: lnet_md_unlink() falls through to next function __LNetMDUnlink()
In file included from /home/ktest/git/lustre-release/lustre/include/lustre_net.h:64,
                 from /home/ktest/git/lustre-release/lustre/include/lustre_lib.h:59,
                 from /home/ktest/git/lustre-release/lustre/include/lustre_dlm.h:46,
                 from /home/ktest/git/lustre-release/lustre/llite/dcache.c:40:
/home/ktest/git/lustre-release/lustre/include/lu_object.h:788:1: error: 'inline' is not at beginning of declaration [-Werror=old-style-declaration]
  788 | static const inline struct lu_device_operations *
      | ^~~~~~
In file included from /home/ktest/git/lustre-release/lustre/include/lustre_lib.h:59,
                 from /home/ktest/git/lustre-release/lustre/include/lustre_dlm.h:46,
                 from /home/ktest/git/lustre-release/lustre/llite/dcache.c:40:
/home/ktest/git/lustre-release/lustre/include/lustre_net.h:2638:1: error: type qualifiers ignored on function return type [-Werror=ignored-qualifiers]
 2638 | const int ll_str2opcode(const char *ops);
      | ^~~~~
/home/ktest/git/lustre-release/lnet/lnet/lock.o: warning: objtool: cfs_percpt_lock() falls through to next function cfs_percpt_unlock()
/home/ktest/git/lustre-release/lnet/selftest/ping_test.o: warning: objtool: ping_client_init() falls through to next function ping_client_prep_rpc()
/home/ktest/git/lustre-release/lnet/selftest/ping_test.o: warning: objtool: ping_client_fini() falls through to next function ping_server_handle()
/home/ktest/git/lustre-release/lnet/lnet/lib-ptl.o: warning: objtool: lnet_mt_set_exhausted() falls through to next function lnet_ptl_disable_mt()
/home/ktest/git/lustre-release/lnet/lnet/lib-ptl.o: warning: objtool: lnet_ptl_disable_mt() falls through to next function __list_add()
/home/ktest/git/lustre-release/lnet/lnet/lib-ptl.o: warning: objtool: lnet_mt_test_exhausted() falls through to next function lnet_mt_of_match()
/home/ktest/git/lustre-release/lnet/lnet/lib-ptl.o: warning: objtool: lnet_mt_of_match() falls through to next function lnet_ptl_cleanup()
/home/ktest/git/lustre-release/lnet/lnet/lib-ptl.o: warning: objtool: lnet_ptl_cleanup() falls through to next function lnet_ptl_setup()
/home/ktest/git/lustre-release/lnet/lnet/lib-ptl.o: warning: objtool: lnet_mt_match_head() falls through to next function lnet_mt_match_md()
/home/ktest/git/lustre-release/lnet/lnet/lib-ptl.o: warning: objtool: lnet_ptl_match_delay() falls through to next function lnet_ptl_match_md()
/home/ktest/git/lustre-release/lnet/lnet/lib-ptl.o: warning: objtool: lnet_ptl_detach_md() falls through to next function lnet_ptl_attach_md()
/home/ktest/git/lustre-release/lnet/selftest/conrpc.o: warning: objtool: lstcon_next_id() falls through to next function lstcon_dstnodes_prep()
/home/ktest/git/lustre-release/lnet/selftest/conrpc.o: warning: objtool: lstcon_rpc_post() falls through to next function lstcon_rpc_trans_prep.part.0()
/home/ktest/git/lustre-release/lnet/selftest/conrpc.o: warning: objtool: lstcon_rpc_put() falls through to next function lstcon_rpc_done()
/home/ktest/git/lustre-release/lnet/selftest/conrpc.o: warning: objtool: lstcon_rpc_done() falls through to next function lstcon_rpc_trans_prep()
/home/ktest/git/lustre-release/lnet/selftest/conrpc.o: warning: objtool: lstcon_batrpc_prep() falls through to next function lstcon_statrpc_prep()
/home/ktest/git/lustre-release/lnet/selftest/conrpc.o: warning: objtool: lstcon_testrpc_prep() falls through to next function lstcon_rpc_stat_reply()
/home/ktest/git/lustre-release/lnet/selftest/conrpc.o: warning: objtool: lstcon_rpc_stat_reply() falls through to next function lstcon_rpc_trans_stat()
/home/ktest/git/lustre-release/lnet/selftest/conrpc.o: warning: objtool: lstcon_rpc_pinger_start() falls through to next function lstcon_rpc_pinger_stop()
/home/ktest/git/lustre-release/lnet/selftest/conrpc.o: warning: objtool: lstcon_rpc_pinger_stop() falls through to next function lstcon_rpc_cleanup_wait()
/home/ktest/git/lustre-release/lnet/selftest/conrpc.o: warning: objtool: .text: unexpected end of section
/home/ktest/git/lustre-release/lnet/lnet/lib-msg.o: warning: objtool: lnet_incr_hstats() falls through to next function lnet_msg_decommit_tx()
/home/ktest/git/lustre-release/lnet/lnet/lib-msg.o: warning: objtool: lnet_msg_decommit_tx() falls through to next function lnet_msg_decommit_rx()
/home/ktest/git/lustre-release/lnet/lnet/lib-msg.o: warning: objtool: lnet_msg_decommit_rx() falls through to next function lnet_check_finalize_recursion_locked()
/home/ktest/git/lustre-release/lnet/lnet/lib-msg.o: warning: objtool: lnet_resend_msg_locked() falls through to next function lnet_send_error_simulation()
/home/ktest/git/lustre-release/lnet/lnet/lib-msg.o: warning: objtool: lnet_build_msg_event() falls through to next function lnet_msg_commit()
/home/ktest/git/lustre-release/lnet/lnet/lib-msg.o: warning: objtool: lnet_msg_commit() falls through to next function lnet_msg_decommit()
/home/ktest/git/lustre-release/lnet/lnet/lib-msg.o: warning: objtool: lnet_msg_decommit() falls through to next function lnet_complete_msg_locked()
/home/ktest/git/lustre-release/lnet/lnet/lib-msg.o: warning: objtool: lnet_complete_msg_locked() falls through to next function lnet_msg_attach_md()
/home/ktest/git/lustre-release/lnet/lnet/lib-msg.o: warning: objtool: lnet_msg_attach_md() falls through to next function lnet_ni_add_to_recoveryq_locked()
/home/ktest/git/lustre-release/lnet/lnet/lib-msg.o: warning: objtool: lnet_ni_add_to_recoveryq_locked() falls through to next function lnet_handle_local_failure()
/home/ktest/git/lustre-release/lnet/lnet/lib-msg.o: warning: objtool: lnet_finalize.part.0() falls through to next function lnet_finalize()
/home/ktest/git/lustre-release/lnet/lnet/lib-msg.o: warning: objtool: lnet_finalize() falls through to next function lnet_health_error2str()
cc1: all warnings being treated as errors
make[7]: *** [scripts/Makefile.build:229: /home/ktest/git/lustre-release/lustre/llite/dcache.o] Error 1
make[7]: *** Waiting for unfinished jobs....
/home/ktest/git/lustre-release/lnet/klnds/socklnd/socklnd_lib.o: warning: objtool: ksocknal_data_ready() falls through to next function ksocknal_write_space()
/home/ktest/git/lustre-release/lnet/klnds/socklnd/socklnd_lib.o: warning: objtool: ksocknal_write_space() falls through to next function ksocknal_lib_get_conn_addrs()
/home/ktest/git/lustre-release/lnet/klnds/socklnd/socklnd_lib.o: warning: objtool: ksocknal_lib_get_conn_addrs() falls through to next function ksocknal_lib_zc_capable()
/home/ktest/git/lustre-release/lnet/klnds/socklnd/socklnd_lib.o: warning: objtool: ksocknal_lib_csum_tx() falls through to next function ksocknal_lib_send_hdr()
/home/ktest/git/lustre-release/lnet/klnds/socklnd/socklnd_lib.o: warning: objtool: ksocknal_lib_get_conn_tunables() falls through to next function ksocknal_lib_setup_sock()
/home/ktest/git/lustre-release/lnet/klnds/socklnd/socklnd_lib.o: warning: objtool: ksocknal_lib_push_conn() falls through to next function ksocknal_lib_save_callback()
/home/ktest/git/lustre-release/libcfs/libcfs/fail.o: warning: objtool: __cfs_fail_check_set() falls through to next function __cfs_fail_timeout_set()
In file included from /home/ktest/git/lustre-release/lustre/include/lustre_net.h:64,
                 from /home/ktest/git/lustre-release/lustre/include/obd_class.h:25,
                 from /home/ktest/git/lustre-release/lustre/llite/dir.c:50:
/home/ktest/git/lustre-release/lustre/include/lu_object.h:788:1: error: 'inline' is not at beginning of declaration [-Werror=old-style-declaration]
  788 | static const inline struct lu_device_operations *
      | ^~~~~~
In file included from /home/ktest/git/lustre-release/lustre/include/obd_class.h:25,
                 from /home/ktest/git/lustre-release/lustre/llite/dir.c:50:
/home/ktest/git/lustre-release/lustre/include/lustre_net.h:2638:1: error: type qualifiers ignored on function return type [-Werror=ignored-qualifiers]
 2638 | const int ll_str2opcode(const char *ops);
      | ^~~~~
/home/ktest/git/lustre-release/lnet/lnet/nidstrings.o: warning: objtool: libcfs_num_match() falls through to next function cfs_range_expr_parse()
/home/ktest/git/lustre-release/lnet/lnet/nidstrings.o: warning: objtool: cfs_match_net() falls through to next function cfs_match_nid_net()
In file included from /home/ktest/git/lustre-release/lustre/include/lustre_net.h:64,
                 from /home/ktest/git/lustre-release/lustre/include/lustre_lib.h:59,
                 from /home/ktest/git/lustre-release/lustre/include/lustre_dlm.h:46,
                 from /home/ktest/git/lustre-release/lustre/llite/file.c:39:
/home/ktest/git/lustre-release/lustre/include/lu_object.h:788:1: error: 'inline' is not at beginning of declaration [-Werror=old-style-declaration]
  788 | static const inline struct lu_device_operations *
      | ^~~~~~
/home/ktest/git/lustre-release/lnet/selftest/rpc.o: warning: objtool: srpc_client_rpc_expired() falls through to next function swi_state2str.part.0()
/home/ktest/git/lustre-release/lnet/selftest/rpc.o: warning: objtool: swi_state2str.part.0() falls through to next function srpc_service_fini.part.0()
/home/ktest/git/lustre-release/lnet/selftest/rpc.o: warning: objtool: srpc_lnet_ev_handler() falls through to next function srpc_add_buffer()
/home/ktest/git/lustre-release/lnet/selftest/rpc.o: warning: objtool: srpc_add_buffer() falls through to next function srpc_service_recycle_buffer()
/home/ktest/git/lustre-release/lnet/selftest/rpc.o: warning: objtool: srpc_alloc_bulk() falls through to next function srpc_init_bulk()
/home/ktest/git/lustre-release/lnet/selftest/rpc.o: warning: objtool: srpc_init_bulk() falls through to next function srpc_add_service()
/home/ktest/git/lustre-release/lnet/selftest/rpc.o: warning: objtool: srpc_service_add_buffers() falls through to next function srpc_service_remove_buffers()
/home/ktest/git/lustre-release/lnet/selftest/rpc.o: warning: objtool: srpc_service_remove_buffers() falls through to next function srpc_finish_service()
/home/ktest/git/lustre-release/lnet/selftest/rpc.o: warning: objtool: srpc_create_client_rpc() falls through to next function srpc_abort_rpc()
/home/ktest/git/lustre-release/lnet/selftest/rpc.o: warning: objtool: srpc_send_rpc() falls through to next function srpc_post_rpc()
/home/ktest/git/lustre-release/lnet/selftest/rpc.o: warning: objtool: srpc_post_rpc() falls through to next function srpc_send_reply()
/home/ktest/git/lustre-release/lnet/selftest/rpc.o: warning: objtool: srpc_send_reply() falls through to next function srpc_handle_rpc()
/home/ktest/git/lustre-release/lnet/selftest/rpc.o: warning: objtool: srpc_handle_rpc() falls through to next function srpc_shutdown()
/home/ktest/git/lustre-release/lnet/selftest/rpc.o: warning: objtool: srpc_shutdown() falls through to next function srpc_startup()
/home/ktest/git/lustre-release/lnet/selftest/rpc.o: warning: objtool: .text: unexpected end of section
/home/ktest/git/lustre-release/lnet/selftest/framework.o: warning: objtool: sfw_add_session_timer() falls through to next function sfw_init_session()
/home/ktest/git/lustre-release/lnet/selftest/framework.o: warning: objtool: sfw_test_rpc_fini() falls through to next function sfw_server_rpc_done()
/home/ktest/git/lustre-release/lnet/selftest/framework.o: warning: objtool: sfw_server_rpc_done() falls through to next function sfw_get_stats()
/home/ktest/git/lustre-release/lnet/selftest/framework.o: warning: objtool: sfw_client_rpc_fini() falls through to next function sfw_debug_session.constprop.0()
/home/ktest/git/lustre-release/lnet/selftest/framework.o: warning: objtool: sfw_run_batch() falls through to next function sfw_control_batch()
/home/ktest/git/lustre-release/lnet/selftest/framework.o: warning: objtool: sfw_destroy_test_instance() falls through to next function sfw_destroy_session()
/home/ktest/git/lustre-release/lnet/selftest/framework.o: warning: objtool: sfw_deactivate_session() falls through to next function sfw_session_expired()
/home/ktest/git/lustre-release/lnet/selftest/framework.o: warning: objtool: sfw_session_expired() falls through to next function sfw_remove_session()
/home/ktest/git/lustre-release/lnet/selftest/framework.o: warning: objtool: sfw_test_unit_done.isra.0() falls through to next function sfw_run_test()
/home/ktest/git/lustre-release/lnet/selftest/framework.o: warning: objtool: sfw_test_rpc_done() falls through to next function sfw_add_test_instance.isra.0()
/home/ktest/git/lustre-release/lnet/selftest/framework.o: warning: objtool: sfw_add_test_instance.isra.0() falls through to next function sfw_make_session()
/home/ktest/git/lustre-release/lnet/selftest/framework.o: warning: objtool: sfw_create_test_rpc() falls through to next function sfw_alloc_pages()
/home/ktest/git/lustre-release/lnet/selftest/framework.o: warning: objtool: sfw_create_rpc() falls through to next function sfw_unpack_message()
/home/ktest/git/lustre-release/lnet/selftest/framework.o: warning: objtool: sfw_handle_server_rpc() falls through to next function sfw_abort_rpc()
/home/ktest/git/lustre-release/lnet/selftest/framework.o: warning: objtool: sfw_abort_rpc() falls through to next function sfw_post_rpc()
/home/ktest/git/lustre-release/lnet/selftest/framework.o: warning: objtool: sfw_post_rpc() falls through to next function sfw_shutdown()
In file included from /home/ktest/git/lustre-release/lustre/include/lustre_lib.h:59,
                 from /home/ktest/git/lustre-release/lustre/include/lustre_dlm.h:46,
                 from /home/ktest/git/lustre-release/lustre/llite/file.c:39:
/home/ktest/git/lustre-release/lustre/include/lustre_net.h:2638:1: error: type qualifiers ignored on function return type [-Werror=ignored-qualifiers]
 2638 | const int ll_str2opcode(const char *ops);
      | ^~~~~
In file included from /home/ktest/git/lustre-release/lustre/include/lustre_net.h:64,
                 from /home/ktest/git/lustre-release/lustre/include/lustre_lib.h:59,
                 from /home/ktest/git/lustre-release/lustre/include/lustre_dlm.h:46,
                 from /home/ktest/git/lustre-release/lustre/llite/llite_lib.c:68:
/home/ktest/git/lustre-release/lustre/include/lu_object.h:788:1: error: 'inline' is not at beginning of declaration [-Werror=old-style-declaration]
  788 | static const inline struct lu_device_operations *
      | ^~~~~~
/home/ktest/git/lustre-release/lnet/selftest/console.o: warning: objtool: lstcon_sesrpc_readent() falls through to next function lstcon_sesrpc_condition()
/home/ktest/git/lustre-release/lnet/selftest/console.o: warning: objtool: lstcon_tsbrpc_readent() falls through to next function lstcon_debug_ndlist.constprop.0()
/home/ktest/git/lustre-release/lnet/selftest/console.o: warning: objtool: .text: unexpected end of section
In file included from /home/ktest/git/lustre-release/lustre/include/lustre_lib.h:59,
                 from /home/ktest/git/lustre-release/lustre/include/lustre_dlm.h:46,
                 from /home/ktest/git/lustre-release/lustre/llite/llite_lib.c:68:
/home/ktest/git/lustre-release/lustre/include/lustre_net.h:2638:1: error: type qualifiers ignored on function return type [-Werror=ignored-qualifiers]
 2638 | const int ll_str2opcode(const char *ops);
      | ^~~~~
/home/ktest/git/lustre-release/lustre/llite/dir.c: In function 'll_dir_seek':
/home/ktest/git/lustre-release/lustre/llite/dir.c:2857:29: error: 'struct file' has no member named 'f_version'
 2857 |                         file->f_version = 0;
      |                             ^~
/home/ktest/git/lustre-release/libcfs/libcfs/module.c:373:35: error: initialization of 'int (*)(const struct ctl_table *, int,  void *, size_t *, loff_t *)' {aka 'int (*)(const struct ctl_table *, int,  void *, long unsigned int *, long long int *)'} from incompatible pointer type 'int (*)(struct ctl_table *, int,  void *, size_t *, loff_t *)' {aka 'int (*)(struct ctl_table *, int,  void *, long unsigned int *, long long int *)'} [-Werror=incompatible-pointer-types]
  373 |                 .proc_handler   = &proc_dobitmasks,
      |                                   ^
/home/ktest/git/lustre-release/libcfs/libcfs/module.c:373:35: note: (near initialization for 'lnet_table[0].proc_handler')
/home/ktest/git/lustre-release/libcfs/libcfs/module.c:380:35: error: initialization of 'int (*)(const struct ctl_table *, int,  void *, size_t *, loff_t *)' {aka 'int (*)(const struct ctl_table *, int,  void *, long unsigned int *, long long int *)'} from incompatible pointer type 'int (*)(struct ctl_table *, int,  void *, size_t *, loff_t *)' {aka 'int (*)(struct ctl_table *, int,  void *, long unsigned int *, long long int *)'} [-Werror=incompatible-pointer-types]
  380 |                 .proc_handler   = &proc_dobitmasks,
      |                                   ^
/home/ktest/git/lustre-release/libcfs/libcfs/module.c:380:35: note: (near initialization for 'lnet_table[1].proc_handler')
/home/ktest/git/lustre-release/libcfs/libcfs/module.c:387:35: error: initialization of 'int (*)(const struct ctl_table *, int,  void *, size_t *, loff_t *)' {aka 'int (*)(const struct ctl_table *, int,  void *, long unsigned int *, long long int *)'} from incompatible pointer type 'int (*)(struct ctl_table *, int,  void *, size_t *, loff_t *)' {aka 'int (*)(struct ctl_table *, int,  void *, long unsigned int *, long long int *)'} [-Werror=incompatible-pointer-types]
  387 |                 .proc_handler   = &proc_dobitmasks,
      |                                   ^
/home/ktest/git/lustre-release/libcfs/libcfs/module.c:387:35: note: (near initialization for 'lnet_table[2].proc_handler')
/home/ktest/git/lustre-release/libcfs/libcfs/module.c:394:35: error: initialization of 'int (*)(const struct ctl_table *, int,  void *, size_t *, loff_t *)' {aka 'int (*)(const struct ctl_table *, int,  void *, long unsigned int *, long long int *)'} from incompatible pointer type 'int (*)(struct ctl_table *, int,  void *, size_t *, loff_t *)' {aka 'int (*)(struct ctl_table *, int,  void *, long unsigned int *, long long int *)'} [-Werror=incompatible-pointer-types]
  394 |                 .proc_handler   = &debugfs_dostring,
      |                                   ^
/home/ktest/git/lustre-release/libcfs/libcfs/module.c:394:35: note: (near initialization for 'lnet_table[3].proc_handler')
/home/ktest/git/lustre-release/libcfs/libcfs/module.c:401:35: error: initialization of 'int (*)(const struct ctl_table *, int,  void *, size_t *, loff_t *)' {aka 'int (*)(const struct ctl_table *, int,  void *, long unsigned int *, long long int *)'} from incompatible pointer type 'int (*)(struct ctl_table *, int,  void *, size_t *, loff_t *)' {aka 'int (*)(struct ctl_table *, int,  void *, long unsigned int *, long long int *)'} [-Werror=incompatible-pointer-types]
  401 |                 .proc_handler   = &debugfs_dou64,
      |                                   ^
/home/ktest/git/lustre-release/libcfs/libcfs/module.c:401:35: note: (near initialization for 'lnet_table[4].proc_handler')
/home/ktest/git/lustre-release/libcfs/libcfs/module.c:408:35: error: initialization of 'int (*)(const struct ctl_table *, int,  void *, size_t *, loff_t *)' {aka 'int (*)(const struct ctl_table *, int,  void *, long unsigned int *, long long int *)'} from incompatible pointer type 'int (*)(struct ctl_table *, int,  void *, size_t *, loff_t *)' {aka 'int (*)(struct ctl_table *, int,  void *, long unsigned int *, long long int *)'} [-Werror=incompatible-pointer-types]
  408 |                 .proc_handler   = &debugfs_doint,
      |                                   ^
/home/ktest/git/lustre-release/libcfs/libcfs/module.c:408:35: note: (near initialization for 'lnet_table[5].proc_handler')
/home/ktest/git/lustre-release/libcfs/libcfs/module.c:414:35: error: initialization of 'int (*)(const struct ctl_table *, int,  void *, size_t *, loff_t *)' {aka 'int (*)(const struct ctl_table *, int,  void *, long unsigned int *, long long int *)'} from incompatible pointer type 'int (*)(struct ctl_table *, int,  void *, size_t *, loff_t *)' {aka 'int (*)(struct ctl_table *, int,  void *, long unsigned int *, long long int *)'} [-Werror=incompatible-pointer-types]
  414 |                 .proc_handler   = &proc_dump_kernel,
      |                                   ^
/home/ktest/git/lustre-release/libcfs/libcfs/module.c:414:35: note: (near initialization for 'lnet_table[6].proc_handler')
/home/ktest/git/lustre-release/libcfs/libcfs/module.c:420:35: error: initialization of 'int (*)(const struct ctl_table *, int,  void *, size_t *, loff_t *)' {aka 'int (*)(const struct ctl_table *, int,  void *, long unsigned int *, long long int *)'} from incompatible pointer type 'int (*)(struct ctl_table *, int,  void *, size_t *, loff_t *)' {aka 'int (*)(struct ctl_table *, int,  void *, long unsigned int *, long long int *)'} [-Werror=incompatible-pointer-types]
  420 |                 .proc_handler   = &proc_daemon_file,
      |                                   ^
/home/ktest/git/lustre-release/libcfs/libcfs/module.c:420:35: note: (near initialization for 'lnet_table[7].proc_handler')
/home/ktest/git/lustre-release/libcfs/libcfs/module.c:427:35: error: initialization of 'int (*)(const struct ctl_table *, int,  void *, size_t *, loff_t *)' {aka 'int (*)(const struct ctl_table *, int,  void *, long unsigned int *, long long int *)'} from incompatible pointer type 'int (*)(struct ctl_table *, int,  void *, size_t *, loff_t *)' {aka 'int (*)(struct ctl_table *, int,  void *, long unsigned int *, long long int *)'} [-Werror=incompatible-pointer-types]
  427 |                 .proc_handler   = &debugfs_doint,
      |                                   ^
/home/ktest/git/lustre-release/libcfs/libcfs/module.c:427:35: note: (near initialization for 'lnet_table[8].proc_handler')
/home/ktest/git/lustre-release/libcfs/libcfs/module.c:434:35: error: initialization of 'int (*)(const struct ctl_table *, int,  void *, size_t *, loff_t *)' {aka 'int (*)(const struct ctl_table *, int,  void *, long unsigned int *, long long int *)'} from incompatible pointer type 'int (*)(struct ctl_table *, int,  void *, size_t *, loff_t *)' {aka 'int (*)(struct ctl_table *, int,  void *, long unsigned int *, long long int *)'} [-Werror=incompatible-pointer-types]
  434 |                 .proc_handler   = &libcfs_debug_marker
      |                                   ^
/home/ktest/git/lustre-release/libcfs/libcfs/module.c:434:35: note: (near initialization for 'lnet_table[9].proc_handler')
/home/ktest/git/lustre-release/libcfs/libcfs/module.c:441:35: error: initialization of 'int (*)(const struct ctl_table *, int,  void *, size_t *, loff_t *)' {aka 'int (*)(const struct ctl_table *, int,  void *, long unsigned int *, long long int *)'} from incompatible pointer type 'int (*)(struct ctl_table *, int,  void *, size_t *, loff_t *)' {aka 'int (*)(struct ctl_table *, int,  void *, long unsigned int *, long long int *)'} [-Werror=incompatible-pointer-types]
  441 |                 .proc_handler   = &libcfs_force_lbug
      |                                   ^
/home/ktest/git/lustre-release/libcfs/libcfs/module.c:441:35: note: (near initialization for 'lnet_table[10].proc_handler')
/home/ktest/git/lustre-release/libcfs/libcfs/module.c:448:35: error: initialization of 'int (*)(const struct ctl_table *, int,  void *, size_t *, loff_t *)' {aka 'int (*)(const struct ctl_table *, int,  void *, long unsigned int *, long long int *)'} from incompatible pointer type 'int (*)(struct ctl_table *, int,  void *, size_t *, loff_t *)' {aka 'int (*)(struct ctl_table *, int,  void *, long unsigned int *, long long int *)'} [-Werror=incompatible-pointer-types]
  448 |                 .proc_handler   = &proc_fail_loc
      |                                   ^
/home/ktest/git/lustre-release/libcfs/libcfs/module.c:448:35: note: (near initialization for 'lnet_table[11].proc_handler')
/home/ktest/git/lustre-release/libcfs/libcfs/module.c:455:35: error: initialization of 'int (*)(const struct ctl_table *, int,  void *, size_t *, loff_t *)' {aka 'int (*)(const struct ctl_table *, int,  void *, long unsigned int *, long long int *)'} from incompatible pointer type 'int (*)(struct ctl_table *, int,  void *, size_t *, loff_t *)' {aka 'int (*)(struct ctl_table *, int,  void *, long unsigned int *, long long int *)'} [-Werror=incompatible-pointer-types]
  455 |                 .proc_handler   = &debugfs_doint
      |                                   ^
/home/ktest/git/lustre-release/libcfs/libcfs/module.c:455:35: note: (near initialization for 'lnet_table[12].proc_handler')
/home/ktest/git/lustre-release/libcfs/libcfs/module.c:462:35: error: initialization of 'int (*)(const struct ctl_table *, int,  void *, size_t *, loff_t *)' {aka 'int (*)(const struct ctl_table *, int,  void *, long unsigned int *, long long int *)'} from incompatible pointer type 'int (*)(struct ctl_table *, int,  void *, size_t *, loff_t *)' {aka 'int (*)(struct ctl_table *, int,  void *, long unsigned int *, long long int *)'} [-Werror=incompatible-pointer-types]
  462 |                 .proc_handler   = &debugfs_doint,
      |                                   ^
/home/ktest/git/lustre-release/libcfs/libcfs/module.c:462:35: note: (near initialization for 'lnet_table[13].proc_handler')
/home/ktest/git/lustre-release/lustre/llite/file.c: In function 'll_file_flock':
/home/ktest/git/lustre-release/lustre/llite/file.c:5105:32: error: 'struct file_lock' has no member named 'fl_type'
 5105 |         int fl_type = file_lock->fl_type;
      |                                ^~
/home/ktest/git/lustre-release/lustre/llite/file.c:5115:22: error: 'struct file_lock' has no member named 'fl_flags'
 5115 |         if (file_lock->fl_flags & FL_FLOCK) {
      |                      ^~
/home/ktest/git/lustre-release/lustre/llite/file.c:5120:63: error: 'struct file_lock' has no member named 'fl_file'
 5120 |                 flock.l_flock.owner = (unsigned long)file_lock->fl_file;
      |                                                               ^~
/home/ktest/git/lustre-release/lustre/llite/file.c:5121:29: error: 'struct file_lock' has no member named 'fl_flags'
 5121 |         } else if (file_lock->fl_flags & FL_POSIX) {
      |                             ^~
/home/ktest/git/lustre-release/lustre/llite/file.c:5122:63: error: 'struct file_lock' has no member named 'fl_owner'
 5122 |                 flock.l_flock.owner = (unsigned long)file_lock->fl_owner;
      |                                                               ^~
/home/ktest/git/lustre-release/lustre/llite/file.c:5128:40: error: 'struct file_lock' has no member named 'fl_pid'; did you mean 'fl_end'?
 5128 |         flock.l_flock.pid = file_lock->fl_pid;
      |                                        ^~~~~~
      |                                        fl_end
/home/ktest/git/lustre-release/lustre/llite/file.c:5195:18: error: 'struct file_lock' has no member named 'fl_type'
 5195 |         file_lock->fl_type = einfo.ei_mode;
      |                  ^~
/home/ktest/git/lustre-release/lustre/llite/file.c:5212:26: error: 'struct file_lock' has no member named 'fl_type'
 5212 |                 file_lock->fl_type = fl_type;
      |                          ^~
/home/ktest/git/lustre-release/lustre/llite/file.c:5215:34: error: 'struct file_lock' has no member named 'fl_type'
 5215 |         if ((rc == 0 || file_lock->fl_type == F_UNLCK) &&
      |                                  ^~
/home/ktest/git/lustre-release/lustre/llite/file.c:5228:29: error: 'struct file_lock' has no member named 'fl_type'
 5228 |         if (rc2 && file_lock->fl_type != F_UNLCK) {
      |                             ^~
cc1: all warnings being treated as errors
make[7]: *** [scripts/Makefile.build:229: /home/ktest/git/lustre-release/lustre/llite/dir.o] Error 1
In file included from /home/ktest/git/lustre-release/libcfs/include/libcfs/libcfs.h:51,
                 from /home/ktest/git/lustre-release/lustre/include/lustre_lib.h:49,
                 from /home/ktest/git/lustre-release/lustre/include/lustre_dlm.h:46,
                 from /home/ktest/git/lustre-release/lustre/llite/llite_lib.c:68:
/home/ktest/git/lustre-release/lustre/llite/llite_lib.c: In function 'll_truncate_inode_pages_final':
/home/ktest/git/lustre-release/libcfs/include/libcfs/libcfs_private.h:89:34: error: format '%lx' expects argument of type 'long unsigned int', but argument 8 has type 'u32' {aka 'unsigned int'} [-Werror=format=]
   89 |                                  "ASSERTION( %s ) failed: " fmt, #cond, \
      |                                  ^~~~~~~~~~~~~~~~~~~~~~~~~~
/home/ktest/git/lustre-release/lustre/llite/llite_lib.c:3076:9: note: in expansion of macro 'LASSERTF'
 3076 |         LASSERTF((inode->i_state & I_FREEING) || inode_is_locked(inode),
      |         ^~~~~~~~
In file included from /home/ktest/git/lustre-release/libcfs/include/libcfs/libcfs.h:50,
                 from /home/ktest/git/lustre-release/lustre/include/lustre_lib.h:49,
                 from /home/ktest/git/lustre-release/lustre/include/lustre_dlm.h:46,
                 from /home/ktest/git/lustre-release/lustre/llite/llite_lib.c:68:
/home/ktest/git/lustre-release/lustre/llite/llite_lib.c:3104:23: error: format '%lx' expects argument of type 'long unsigned int', but argument 9 has type 'u32' {aka 'unsigned int'} [-Werror=format=]
 3104 |                 CWARN("%s: inode="DFID"(%p) nrpages=%lu "
      |                       ^~~~~~~~~~~~
......
 3109 |                          inode->i_state, ll_i2info(inode)->lli_flags);
      |                          ~~~~~~~~~~~~~~
      |                               |
      |                               u32 {aka unsigned int}
/home/ktest/git/lustre-release/libcfs/include/libcfs/libcfs_debug.h:137:44: note: in definition of macro '__CDEBUG_WITH_LOC'
  137 |                 libcfs_debug_msg(&msgdata, format, ## __VA_ARGS__);     \
      |                                            ^~~~~~
/home/ktest/git/lustre-release/libcfs/include/libcfs/libcfs_debug.h:179:37: note: in expansion of macro 'CDEBUG_LIMIT'
  179 | #define CWARN(format, ...)          CDEBUG_LIMIT(D_WARNING, format, ## __VA_ARGS__)
      |                                     ^~~~~~~~~~~~
/home/ktest/git/lustre-release/lustre/llite/llite_lib.c:3104:17: note: in expansion of macro 'CWARN'
 3104 |                 CWARN("%s: inode="DFID"(%p) nrpages=%lu "
      |                 ^~~~~
cc1: all warnings being treated as errors
/home/ktest/git/lustre-release/lnet/selftest/brw_test.o: warning: objtool: brw_check_bulk() falls through to next function brw_bulk_ready()
/home/ktest/git/lustre-release/lnet/selftest/brw_test.o: warning: objtool: brw_client_fini() falls through to next function brw_client_init()
/home/ktest/git/lustre-release/lnet/selftest/brw_test.o: warning: objtool: brw_client_done_rpc() falls through to next function brw_server_rpc_done()
/home/ktest/git/lustre-release/lnet/selftest/brw_test.o: warning: objtool: brw_server_handle() falls through to next function brw_init_test_service()
make[7]: *** [scripts/Makefile.build:229: /home/ktest/git/lustre-release/lustre/llite/file.o] Error 1
make[6]: *** [scripts/Makefile.build:478: /home/ktest/git/lustre-release/lnet/selftest] Error 2
make[6]: *** Waiting for unfinished jobs....
cc1: all warnings being treated as errors
make[7]: *** [scripts/Makefile.build:229: /home/ktest/git/lustre-release/libcfs/libcfs/module.o] Error 1
make[7]: *** Waiting for unfinished jobs....
cc1: all warnings being treated as errors
make[7]: *** [scripts/Makefile.build:229: /home/ktest/git/lustre-release/lustre/kunit/llog_test.o] Error 1
make[6]: *** [scripts/Makefile.build:478: /home/ktest/git/lustre-release/lustre/kunit] Error 2
make[6]: *** Waiting for unfinished jobs....
In file included from /home/ktest/git/lustre-release/lustre/include/lustre_net.h:64,
                 from /home/ktest/git/lustre-release/lustre/include/lustre_lib.h:59,
                 from /home/ktest/git/lustre-release/lustre/include/obd.h:43,
                 from /home/ktest/git/lustre-release/lustre/llite/llite_internal.h:34,
                 from /home/ktest/git/lustre-release/lustre/llite/llite_nfs.c:43:
/home/ktest/git/lustre-release/lustre/include/lu_object.h:788:1: error: 'inline' is not at beginning of declaration [-Werror=old-style-declaration]
  788 | static const inline struct lu_device_operations *
      | ^~~~~~
In file included from /home/ktest/git/lustre-release/lustre/include/lustre_lib.h:59,
                 from /home/ktest/git/lustre-release/lustre/include/obd.h:43,
                 from /home/ktest/git/lustre-release/lustre/llite/llite_internal.h:34,
                 from /home/ktest/git/lustre-release/lustre/llite/llite_nfs.c:43:
/home/ktest/git/lustre-release/lustre/include/lustre_net.h:2638:1: error: type qualifiers ignored on function return type [-Werror=ignored-qualifiers]
 2638 | const int ll_str2opcode(const char *ops);
      | ^~~~~
/home/ktest/git/lustre-release/lnet/klnds/socklnd/socklnd_cb.o: warning: objtool: ksocknal_transmit() falls through to next function ksocknal_find_timed_out_conn()
/home/ktest/git/lustre-release/lnet/klnds/socklnd/socklnd_cb.o: warning: objtool: ksocknal_alloc_tx() falls through to next function ksocknal_alloc_tx_noop()
/home/ktest/git/lustre-release/lnet/klnds/socklnd/socklnd_cb.o: warning: objtool: ksocknal_tx_done() falls through to next function ksocknal_process_transmit()
/home/ktest/git/lustre-release/lnet/klnds/socklnd/socklnd_cb.o: warning: objtool: ksocknal_connect() falls through to next function ksocknal_connd()
/home/ktest/git/lustre-release/lnet/klnds/socklnd/socklnd_cb.o: warning: objtool: ksocknal_find_connecting_conn_cb_locked() falls through to next function ksocknal_launch_packet()
/home/ktest/git/lustre-release/lnet/klnds/socklnd/socklnd_cb.o: warning: objtool: ksocknal_launch_packet() falls through to next function ksocknal_send()
/home/ktest/git/lustre-release/lnet/klnds/socklnd/socklnd_cb.o: warning: objtool: ksocknal_new_packet() falls through to next function ksocknal_process_receive()
/home/ktest/git/lustre-release/lnet/klnds/socklnd/socklnd_cb.o: warning: objtool: ksocknal_recv() falls through to next function ksocknal_scheduler()
/home/ktest/git/lustre-release/lnet/klnds/socklnd/socklnd_cb.o: warning: objtool: ksocknal_send_hello() falls through to next function ksocknal_recv_hello()
/home/ktest/git/lustre-release/lnet/klnds/socklnd/socklnd_proto.o: warning: objtool: ksocknal_match_tx() falls through to next function ksocknal_match_tx_v3()
/home/ktest/git/lustre-release/lnet/klnds/socklnd/socklnd_proto.o: warning: objtool: ksocknal_match_tx_v3() falls through to next function ksocknal_match_tx_v4()
/home/ktest/git/lustre-release/lnet/klnds/socklnd/socklnd_proto.o: warning: objtool: ksocknal_match_tx_v4() falls through to next function ksocknal_pack_msg_v4()
/home/ktest/git/lustre-release/lnet/klnds/socklnd/socklnd_proto.o: warning: objtool: ksocknal_pack_msg_v4() falls through to next function ksocknal_handle_zcreq()
/home/ktest/git/lustre-release/lnet/klnds/socklnd/socklnd_proto.o: warning: objtool: ksocknal_recv_hello_v4() falls through to next function ksocknal_queue_tx_msg_v1()
/home/ktest/git/lustre-release/lnet/klnds/socklnd/socklnd_proto.o: warning: objtool: ksocknal_recv_hello_v1() falls through to next function ksocknal_pack_msg_v1()
/home/ktest/git/lustre-release/lnet/klnds/socklnd/socklnd_proto.o: warning: objtool: ksocknal_pack_msg_v1() falls through to next function ksocknal_pack_msg_v2()
/home/ktest/git/lustre-release/lnet/klnds/socklnd/socklnd_proto.o: warning: objtool: ksocknal_pack_msg_v2() falls through to next function ksocknal_send_hello_v2()
/home/ktest/git/lustre-release/lnet/klnds/socklnd/socklnd_proto.o: warning: objtool: ksocknal_next_tx_carrier() falls through to next function ksocknal_queue_tx_zcack_v2()
/home/ktest/git/lustre-release/lnet/klnds/socklnd/socklnd_proto.o: warning: objtool: ksocknal_queue_tx_zcack_v2() falls through to next function ksocknal_queue_tx_msg_v2()
/home/ktest/git/lustre-release/lnet/klnds/socklnd/socklnd_proto.o: warning: objtool: ksocknal_queue_tx_zcack_v3.part.0() falls through to next function ksocknal_queue_tx_zcack_v3()
/home/ktest/git/lustre-release/lnet/klnds/socklnd/socklnd.o: warning: objtool: ksocknal_get_conns_per_peer.part.0() falls through to next function cfs_cdebug_show.part.0.constprop.0()
/home/ktest/git/lustre-release/lnet/klnds/socklnd/socklnd.o: warning: objtool: ksocknal_incr_conn_count() falls through to next function ksocknal_create_conn_cb()
/home/ktest/git/lustre-release/lnet/klnds/socklnd/socklnd.o: warning: objtool: ksocknal_create_peer() falls through to next function ksocknal_handle_link_state_change.isra.0()
/home/ktest/git/lustre-release/lnet/klnds/socklnd/socklnd.o: warning: objtool: ksocknal_destroy_peer() falls through to next function ksocknal_unlink_peer_locked()
/home/ktest/git/lustre-release/lnet/klnds/socklnd/socklnd.o: warning: objtool: ksocknal_unlink_peer_locked() falls through to next function ksocknal_destroy_conn_cb()
/home/ktest/git/lustre-release/lnet/klnds/socklnd/socklnd.o: warning: objtool: ksocknal_find_peer_locked() falls through to next function ksocknal_find_peer()
/home/ktest/git/lustre-release/lnet/klnds/socklnd/socklnd.o: warning: objtool: ksocknal_get_conn_count_by_type() falls through to next function ksocknal_add_peer()
/home/ktest/git/lustre-release/lnet/klnds/socklnd/socklnd.o: warning: objtool: ksocknal_close_conn_locked() falls through to next function ksocknal_del_peer()
/home/ktest/git/lustre-release/lnet/klnds/socklnd/socklnd.o: warning: objtool: ksocknal_queue_zombie_conn() falls through to next function ksocknal_create_conn()
/home/ktest/git/lustre-release/lnet/klnds/socklnd/socklnd.o: warning: objtool: ksocknal_destroy_conn() falls through to next function ksocknal_close_peer_conns_locked()
cc1: all warnings being treated as errors
make[7]: *** [scripts/Makefile.build:229: /home/ktest/git/lustre-release/lustre/llite/llite_nfs.o] Error 1
/home/ktest/git/lustre-release/libcfs/libcfs/hash.o: warning: objtool: cfs_hash_bd_from_key() falls through to next function cfs_hash_bd_del_locked()
/home/ktest/git/lustre-release/libcfs/libcfs/hash.o: warning: objtool: cfs_hash_bd_del_locked() falls through to next function cfs_hash_cond_del_locked()
/home/ktest/git/lustre-release/libcfs/libcfs/hash.o: warning: objtool: cfs_hash_buckets_realloc.part.0() falls through to next function cfs_hash_buckets_realloc()
/home/ktest/git/lustre-release/libcfs/libcfs/hash.o: warning: objtool: cfs_hash_buckets_realloc() falls through to next function cfs_hash_bd_get()
/home/ktest/git/lustre-release/libcfs/libcfs/hash.o: warning: objtool: cfs_hash_bd_get() falls through to next function cfs_hash_multi_bd_findadd_locked.constprop.0()
/home/ktest/git/lustre-release/libcfs/libcfs/hash.o: warning: objtool: cfs_hash_create() falls through to next function cfs_hash_bd_move_locked()
/home/ktest/git/lustre-release/libcfs/libcfs/hash.o: warning: objtool: cfs_hash_bd_move_locked() falls through to next function cfs_hash_rehash_worker()
/home/ktest/git/lustre-release/libcfs/libcfs/hash.o: warning: objtool: cfs_hash_dual_bd_get() falls through to next function cfs_hash_rehash_key()
/home/ktest/git/lustre-release/libcfs/libcfs/hash.o: warning: objtool: cfs_hash_rehash_cancel() falls through to next function cfs_hash_destroy()
/home/ktest/git/lustre-release/libcfs/libcfs/hash.o: warning: objtool: cfs_hash_destroy+0x21f: stack state mismatch: cfa1=4+72 cfa2=4+80
/home/ktest/git/lustre-release/libcfs/libcfs/hash.o: warning: objtool: cfs_hash_for_each_enter() falls through to next function cfs_hash_rehash()
/home/ktest/git/lustre-release/lnet/klnds/in-kernel-o2iblnd/o2iblnd_cb.o: warning: objtool: kiblnd_find_waiting_tx_locked() falls through to next function libcfs_nid2str()
/home/ktest/git/lustre-release/lnet/klnds/in-kernel-o2iblnd/o2iblnd_cb.o: warning: objtool: kiblnd_get_idle_tx() falls through to next function kiblnd_fmr_map_tx()
/home/ktest/git/lustre-release/lnet/klnds/in-kernel-o2iblnd/o2iblnd_cb.o: warning: objtool: kiblnd_check_txs_locked() falls through to next function kiblnd_init_tx_msg_payload.constprop.0()
/home/ktest/git/lustre-release/lnet/klnds/in-kernel-o2iblnd/o2iblnd_cb.o: warning: objtool: kiblnd_init_tx_msg_payload.constprop.0() falls through to next function kiblnd_peer_notify()
/home/ktest/git/lustre-release/lnet/klnds/in-kernel-o2iblnd/o2iblnd_cb.o: warning: objtool: kiblnd_drop_rx.isra.0() falls through to next function kiblnd_init_rdma()
/home/ktest/git/lustre-release/lnet/klnds/in-kernel-o2iblnd/o2iblnd_cb.o: warning: objtool: kiblnd_tx_done() falls through to next function kiblnd_queue_tx_locked()
/home/ktest/git/lustre-release/lnet/klnds/in-kernel-o2iblnd/o2iblnd_cb.o: warning: objtool: kiblnd_queue_tx_locked() falls through to next function kiblnd_txlist_done()
/home/ktest/git/lustre-release/lnet/klnds/in-kernel-o2iblnd/o2iblnd_cb.o: warning: objtool: kiblnd_close_conn_locked() falls through to next function kiblnd_handle_completion()
/home/ktest/git/lustre-release/lnet/klnds/in-kernel-o2iblnd/o2iblnd_cb.o: warning: objtool: kiblnd_post_tx_locked+0x900: stack state mismatch: cfa1=4+88 cfa2=4+96
/home/ktest/git/lustre-release/lnet/klnds/in-kernel-o2iblnd/o2iblnd_cb.o: warning: objtool: kiblnd_handle_early_rxs() falls through to next function kiblnd_rx_complete()
/home/ktest/git/lustre-release/lnet/klnds/in-kernel-o2iblnd/o2iblnd_cb.o: warning: objtool: kiblnd_finalise_conn() falls through to next function kiblnd_connreq_done()
/home/ktest/git/lustre-release/lnet/klnds/in-kernel-o2iblnd/o2iblnd_cb.o: warning: objtool: kiblnd_check_connreply() falls through to next function kiblnd_cm_callback()
/home/ktest/git/lustre-release/lnet/klnds/in-kernel-o2iblnd/o2iblnd_cb.o: warning: objtool: kiblnd_cm_callback() falls through to next function kiblnd_connd()
/home/ktest/git/lustre-release/lnet/klnds/in-kernel-o2iblnd/o2iblnd_cb.o: warning: objtool: kiblnd_scheduler() falls through to next function kiblnd_failover_thread()
/home/ktest/git/lustre-release/lnet/klnds/in-kernel-o2iblnd/o2iblnd.o: warning: objtool: kiblnd_get_completion_vector() falls through to next function kiblnd_dev_need_failover()
/home/ktest/git/lustre-release/lnet/klnds/in-kernel-o2iblnd/o2iblnd.o: warning: objtool: kiblnd_unpack_rd() falls through to next function cfs_cdebug_show.part.0.constprop.0()
/home/ktest/git/lustre-release/lnet/klnds/in-kernel-o2iblnd/o2iblnd.o: warning: objtool: kiblnd_current_hdev() falls through to next function kiblnd_map_tx_pool()
/home/ktest/git/lustre-release/lnet/klnds/in-kernel-o2iblnd/o2iblnd.o: warning: objtool: kiblnd_base_shutdown() falls through to next function kiblnd_base_startup()
/home/ktest/git/lustre-release/lnet/klnds/in-kernel-o2iblnd/o2iblnd.o: warning: objtool: kiblnd_create_peer() falls through to next function kiblnd_destroy_peer()
/home/ktest/git/lustre-release/lnet/klnds/in-kernel-o2iblnd/o2iblnd.o: warning: objtool: kiblnd_find_peer_locked() falls through to next function kiblnd_unlink_peer_locked()
/home/ktest/git/lustre-release/lnet/klnds/in-kernel-o2iblnd/o2iblnd.o: warning: objtool: kiblnd_unlink_peer_locked() falls through to next function kiblnd_del_peer()
/home/ktest/git/lustre-release/lnet/klnds/in-kernel-o2iblnd/o2iblnd.o: warning: objtool: kiblnd_alloc_pages() falls through to next function kiblnd_create_tx_pool()
/home/ktest/git/lustre-release/lnet/klnds/in-kernel-o2iblnd/o2iblnd.o: warning: objtool: kiblnd_unmap_rx_descs() falls through to next function kiblnd_map_rx_descs()
/home/ktest/git/lustre-release/lnet/klnds/in-kernel-o2iblnd/o2iblnd.o: warning: objtool: kiblnd_destroy_conn() falls through to next function kiblnd_create_conn()
/home/ktest/git/lustre-release/lnet/klnds/in-kernel-o2iblnd/o2iblnd.o: warning: objtool: kiblnd_destroy_fmr_pool.constprop.0() falls through to next function kiblnd_destroy_fmr_pool_list()
/home/ktest/git/lustre-release/lnet/klnds/in-kernel-o2iblnd/o2iblnd.o: warning: objtool: kiblnd_create_fmr_pool() falls through to next function kiblnd_fmr_pool_map()
/home/ktest/git/lustre-release/lnet/klnds/in-kernel-o2iblnd/o2iblnd.o: warning: objtool: kiblnd_destroy_tx_pool() falls through to next function kiblnd_dev_failover()
/home/ktest/git/lustre-release/lnet/klnds/in-kernel-o2iblnd/o2iblnd.o: warning: objtool: kiblnd_destroy_dev() falls through to next function kiblnd_shutdown()
make[6]: *** [scripts/Makefile.build:478: /home/ktest/git/lustre-release/libcfs/libcfs] Error 2
make[5]: *** [scripts/Makefile.build:478: /home/ktest/git/lustre-release/libcfs] Error 2
make[5]: *** Waiting for unfinished jobs....
cc1: all warnings being treated as errors
make[7]: *** [scripts/Makefile.build:229: /home/ktest/git/lustre-release/lnet/lnet/api-ni.o] Error 1
make[6]: *** [scripts/Makefile.build:478: /home/ktest/git/lustre-release/lnet/lnet] Error 2
make[5]: *** [scripts/Makefile.build:478: /home/ktest/git/lustre-release/lnet] Error 2
cc1: all warnings being treated as errors
make[7]: *** [scripts/Makefile.build:229: /home/ktest/git/lustre-release/lustre/llite/llite_lib.o] Error 1
make[6]: *** [scripts/Makefile.build:478: /home/ktest/git/lustre-release/lustre/llite] Error 2
make[5]: *** [scripts/Makefile.build:478: /home/ktest/git/lustre-release/lustre] Error 2
make[4]: *** [/usr/src/kernels/6.12.58-82.121.amzn2023.x86_64/Makefile:1945: /home/ktest/git/lustre-release] Error 2
make[3]: *** [Makefile:224: __sub-make] Error 2
make[2]: *** [autoMakefile:1209: modules] Error 2
make[1]: *** [autoMakefile:715: all-recursive] Error 1
make: *** [autoMakefile:575: all] Error 2
