UPDATE ROOT IMAGE ... done
c[?7l[2J[0mSeaBIOS (version 1.15.0-1)


iPXE (https://ipxe.org) 00:01.0 C000 PCI2.10 PnP PMM+7FF8AE10+7FECAE10 C000
Press Ctrl-B to configure iPXE (PCI 00:01.0)...                                                                               


Booting from ROM..c[?7l[2JKernel compiled without mitigations, ignoring 'mitigations'; system may still be vulnerable
P+q6E616D65\[6n[32766;32766H[6n[!p]104[?7h[1G[0J]3008;start=f28c8b9c984942c5b16cbd4d75b0fcb5;user=root;hostname=lustre-bot-kvm;machineid=a79734507b7a4cd085276a3f8d51378f;bootid=aa80fc75a1f748b8b56ca626891a2ec5;pid=1;pidfdid=2;comm=systemd;type=boot\Kernel version: 6.16.0-ktest-d4b2c00fef-20260220
hook init_noop

Running tests sanity-quick

========= TEST   sanity-quick
0a 0b 0c 0d 0e 1 2 3 4 5 6a 6c 6e 6g 6h 6i 7a 7b 8 9 10 11 12 13 14 15 16 17a 17b 17c 17d 17e 17f 17g 17h 17i 17k 17l 17m 17n 17o 17p 17q 18 19a 19b 19c 19d 20 21 22 23a 23b 23c 23d 24a 24b 24c 24d 24e 24f 24g 24h 24i 24j 24k 24l 24m 24n 24o 24p 24q 24r 24s 24t 24u 24v 24w 24x 24y 24z 24A 24B 24C 24E 24F 24G 24H 25a 25b 26a 26b 26c 26d 26e 26f 27a 27b 27ca 27cb 27cc 27cd 27ce 27cf 27cg 27d 27e 27f 27g 27ga 27i 27j 27k 27l 27m 27n 27o 27oo 27p 27q 27r 27s 27t 27u 27v 27w 27wa 27x 27y 27z 27A 27B 27Ca 27Cb 27Cc 27Cd 27Ce 27Cf 27Cg 27Ci 27Cj 27D 27E 27F 27G 27H 27I 27Ia 27J 27K 27L 27M 27N 27O 27P 27Q 27R 27T 27U 27V 27W 27X 28 29 30a 30b 30c 30d 31a 31b 31c 31d 31e 31f 31g 31h 31i 31j 31k 31l 31m 31n 31o 31p 31q 31r 32a 32b 32c 32d 32e 32f 32g 32h 32i 32j 32k 32l 32m 32n 32o 32p 32q 32r 33aa 33a 33b 33c 33d 33e 33f 33g 33h 33hh 33i 33j 34a 34b 34c 34d 34e 34f 34g 34h 35a 36a 36b 36c 36d 36e 36f 36g 36h 36i 38 39a 39b 39c 39d 39e 39f 39g 39h 39i 39j 39k 39l 39m 39n 39o 39p 39r 39q 39s 39u 40 41 42a 42b 42c 42d 42e 43A 43a 43b 43c 44A 44a 44b 44c 44d 44e 44f 44g 45 46 48a 48b 48c 48d 48e 48f 49 50 51a 51b 51c 51d 51e 51f 52a 52b 53 54a 54b 54c 54d 54e 55a 55b 55c 56a 56b 56bb 56bc 56bd 56c 56ca 56d 56e 56g 56h 56i 56ib 56j 56k 56l 56m 56n 56o 56ob 56oc 56od 56oe 56p 56q 56r 56ra 56rb 56rc 56rd 56re 56rf 56s 56t 56u 56v 56wa 56wb 56wc 56wd 56we 56x 56xB 56xC 56xD 56xa 56xab 56xb 56xc 56xd 56xe 56xf 56xg 56xh 56xi 56xj 56xk 56xl 56y 56z 56aa 56ab 56aca 56acb 56acc 56ba 56ca 56da 56db 56dc 56dd 56ea 56eaa 56eab 56eb 56ebb 56ec 56ed 56eda 56edb 56ef 56eg 56eh 56ei 56ej 56ek 57a 57b 58 59 60a 60b 60c 60d 60e 60f 60g 60h 60i 60j 61a 61b 63a 63b 64a 64b 64c 64d 64e 64f 64g 64h 64i 64j 65a 65b 65c 65d 65e 65f 65g 65h 65i 65j 65k 65l 65m 65n 65o 65p 65q 65r 66 69 70a 71 72a 72b 73 74a 74b 74c 76a 76b 77a 77b 77c 77d 77f 77g 77k 77l 77m 77n 77o 78 79 80 81a 81b 99 100 101a 101b 101c 101d 101e 101f 101g 101h 101i 101j 101m 102a 102b 102c 102d 102f 102h 102ha 102i 102j 102k 102l 102m 102n 102p 102q 102r 102s 102t 103a 103b 103c 103e 103f 104a 104b 104c 104d 105a 105b 105c 105d 105e 105f 105g 105h 105i 106 107 110 116a 116b 117 118a 118b 118c 118d 118f 118g 118h 118i 118j 118k 118l 118m 118n 119a 119b 119c 119e 119f 119g 119h 119i 119j 119m 119n 119o 119p 119q 120a 120b 120c 120d 120e 120f 120g 121 123aa 123ab 123ac 123ad 123b 123c 123d 123e 123f 123g 123h 123i 123j 123k 123l 124a 124b 124c 124d 124e 124f 124g 125 126 127a 127b 127c 127d 127e 128 129 130a 130b 130c 130d 130e 130f 130g 130h 130i 131a 131b 131c 131d 131e 133a 133b 133c 133d 133e 133f 133g 133h 134a 134b 135 136 140 150a 150b 150bb 150c 150d 150e 150f 150g 150h 150ia 150ib 150ic 151 152 153 154A 154B 154C 154a 154b 154c 154d 154e 154ea 154f 154g 154h 154i 155a 155b 155c 155d 155e 155f 155g 155h 156 160a 160b 160c 160d 160e 160f 160g 160h 160i 160j 160k 160l 160m 160n 160o 160p 160q 160s 160t 160u 161a 161b 161c 161d 162a 162b 162c 165a 165b 165c 165d 165e 165f 165g 169 170a 170b 171 172 180a 180b 180c 181 182a 182b 183 184a 184b 184c 184d 184e 184f 185 185a 187a 187b 190a 190b 190c 200 204a 204b 204c 204d 204e 204f 204g 204h 205a 205b 205c 205d 205e 205f 205g 205h 205i 205k 205l 205m 206 207a 207b 208 209 210 212 213 214 215 216 217 218 219 220 221 222a 222b 223 224a 224b 224c 224d 225a 225b 226a 226b 226c 226d 226e 227 228a 228b 228c 229 230a 230b 230c 230d 230e 230f 230g 230h 230i 230j 230k 230l 230m 230n 230o 230p 230q 230r 230s 230t 230u 230v 230w 230x 230y 230z 230A 231a 231b 232a 232b 233a 233b 234 235 236 238 239A 239a 239b 240 241a 241b 242 243 244a 244b 245a 245b 247a 247b 247c 247d 247e 247f 247g 247h 248a 248b 248c 249 250 251a 251b 252 253 254 255a 255b 255c 256 257 258a 258b 259 260 270a 270b 270c 270d 270e 270f 270g 270h 270i 270j 271a 271b 271ba 271c 271d 271f 271g 272a 272b 272c 272d 272e 272f 273a 273b 273c 275 276 277 278 280 300a 300b 300c 300d 300e 300f 300g 300h 300i 300j 300k 300l 300m 300n 300o 300p 300q 300r 300s 300t 300ua 300ub 300uc 300ud 300ue 300uf 300ug 300uh 300ui 300uj 310a 310b 310c 311 312 313 314 315 316 317 318 319 350 360 398a 398b 398c 398d 398e 398f 398g 398h 398i 398j 398k 398l 398m 398n 398o 398p 398q 398r 398s 399a 399b 400a 400b 401a 401aa 401ab 401ac 401ad 401b 401c 401d 401db 401e 401f 401ga 401gb 401gc 402 403 404 405 406 407 408 409 410 411a 411b 412 413A 413a 413b 413c 413d 413e 413f 413g 413h 413i 413j 413k 413l 413z 414 415 416 417 418 419 420 421a 421b 421c 421d 421e 421f 421g 421h 422 423 424 425 426 427 428 429 430a 430b 430c 431 432 433 434 440 442 460d 600a 600b 600c 600d 801a 801b 801c 802b 802c 803a 803b 804 805 806 807a 807b 808 809 810 812a 812b 812c 813 814 815 816 817 818 819a 819b 820 823 831 832 833 834 842 850 851 852 853 854 855 860 900 901 902 903 904 905 906 907 908a 908b 909 910
10 11 12 13 14 15 16 17a 17b 17c
10,11,12,13,14,15,16,17a,17b,17c
/workspace/lustre-release/lustre/tests/test-framework.sh: line 6817: cd: HOME not set
cat: /etc/system-release: No such file or directory
mgs: 
MGS_OS_ID=debian
MGS_OS_VERSION_CODE=0
MGS_OS_ID_LIKE= debian
cat: /etc/system-release: No such file or directory
mds1: 
MDS1_OS_ID=debian
MDS1_OS_VERSION_CODE=0
MDS1_OS_ID_LIKE= debian
cat: /etc/system-release: No such file or directory
ost1: 
OST1_OS_VERSION_CODE=0
OST1_OS_ID=debian
OST1_OS_ID_LIKE= debian
cat: /etc/system-release: No such file or directory
client: 
CLIENT_OS_ID_LIKE= debian
CLIENT_OS_ID=debian
CLIENT_OS_VERSION_CODE=0
Loading modules from /workspace/lustre-release/lustre
detected 4 online CPUs by sysfs
MODOPTS_LIBCFS=
Force libcfs to create 2 CPU partitions
../libcfs/libcfs/libcfs options: 'cpu_npartitions=2'
libcfs: loading out-of-tree module taints kernel.
libcfs: HW NUMA nodes: 1, HW CPU cores: 4, npartitions: 2
Lustre: Lustre: Build Version: 2.17.50_113_gd4b2c00
ptlrpc/ptlrpc options: 'lbug_on_grant_miscount=1'
------------[ cut here ]------------
RTNL: assertion failed at include/net/netdev_lock.h (72)
WARNING: CPU: 3 PID: 1017 at include/net/netdev_lock.h:72 __linkwatch_sync_dev+0x226/0x280
Modules linked in: ptlrpc(O+) obdclass(O) ksocklnd(O) lnet(O) libcfs(O)
CPU: 3 UID: 0 PID: 1017 Comm: insmod Tainted: G           O        6.16.0-ktest-d4b2c00fef-20260220 #1 NONE 
Tainted: [O]=OOT_MODULE
Hardware name: QEMU Standard PC (Q35 + ICH9, 2009), BIOS 1.15.0-1 04/01/2014
RIP: 0010:__linkwatch_sync_dev+0x226/0x280
Code: ec d4 6b 01 00 0f 85 9c fe ff ff c6 05 df d4 6b 01 01 48 c7 c7 00 61 e3 82 48 c7 c6 a0 61 e3 82 ba 48 00 00 00 e8 8a 0a db fe <0f> 0b e9 76 fe ff ff 0f 0b e9 6f fe ff ff 44 89 f1 80 e1 07 38 c1
RSP: 0018:ffffc900010376f8 EFLAGS: 00010246
RAX: fb5589df3a4bee00 RBX: ffff888104f56000 RCX: 0000000000000027
RDX: 0000000000000001 RSI: 0000000000000004 RDI: ffff8881593a2fd0
RBP: ffff888110d0a5e0 R08: ffff8881593a2fd3 R09: 1ffff1102b2745fa
R10: dffffc0000000000 R11: ffffed102b2745fb R12: dffffc0000000000
R13: dffffc0000000000 R14: ffff888104f569c8 R15: ffffffff82e0bbe0
FS:  00007f7b04899340(0000) GS:ffff8881d5160000(0000) knlGS:0000000000000000
CS:  0010 DS: 0000 ES: 0000 CR0: 0000000080050033
CR2: 000055a69eaa97a0 CR3: 0000000106f0e000 CR4: 0000000000750eb0
PKRU: 55555554
Call Trace:
 <TASK>
 ? bpf_dummy_test_sleepable+0x10/0x10
 ethtool_op_get_link+0x12/0x60
 lnet_get_link_status+0x169/0x300 [lnet]
 ksocknal_startup+0x1225/0x2230 [ksocklnd]
 ? ksocknal_startup+0xd72/0x2230 [ksocklnd]
 lnet_startup_lndnet+0x5f9/0x25e0 [lnet]
 ? _raw_spin_unlock+0x23/0x30
 ? cfs_percpt_unlock+0xed/0x210 [lnet]
 LNetNIInit+0xadc/0x1220 [lnet]
 ptlrpc_init_portals+0xb6/0x380 [ptlrpc]
 init_module+0x2f8/0x1000 [ptlrpc]
 do_one_initcall+0x119/0x410
 ? cfs_arch_exit+0x880/0x880 [libcfs]
 ? stack_depot_save_flags+0x43/0x7f0
 ? kasan_save_track+0x40/0x70
 ? kasan_save_track+0x2f/0x70
 ? __kasan_kmalloc+0x72/0x80
 ? do_init_module+0x61/0x6f0
 ? __x64_sys_finit_module+0x3b5/0x5b0
 ? do_syscall_64+0x6f/0x1f0
 ? entry_SYSCALL_64_after_hwframe+0x4b/0x53
 ? free_frozen_page_commit+0x45a/0xed0
 ? do_raw_spin_unlock+0x51/0x2a0
 ? vfree+0x1c5/0x240
 ? kfree+0x12f/0x370
 ? vfree+0x1c5/0x240
 ? lock_acquire+0xe7/0x1f0
 ? __kmalloc_cache_noprof+0x34/0x260
 ? kasan_unpoison+0x48/0x70
 ? __kasan_slab_alloc+0x37/0x60
 ? kasan_unpoison+0x48/0x70
 ? __asan_register_globals+0x59/0x70
 do_init_module+0x22d/0x6f0
 __x64_sys_finit_module+0x3b5/0x5b0
 do_syscall_64+0x6f/0x1f0
 ? arch_exit_to_user_mode_prepare+0x9/0x40
 entry_SYSCALL_64_after_hwframe+0x4b/0x53
RIP: 0033:0x7f7b04118779
Code: ff c3 66 2e 0f 1f 84 00 00 00 00 00 0f 1f 44 00 00 48 89 f8 48 89 f7 48 89 d6 48 89 ca 4d 89 c2 4d 89 c8 4c 8b 4c 24 08 0f 05 <48> 3d 01 f0 ff ff 73 01 c3 48 8b 0d 4f 86 0d 00 f7 d8 64 89 01 48
RSP: 002b:00007ffd4d3d8a48 EFLAGS: 00000246 ORIG_RAX: 0000000000000139
RAX: ffffffffffffffda RBX: 000055eb005bc8a0 RCX: 00007f7b04118779
RDX: 0000000000000000 RSI: 000055eb005bb2a0 RDI: 0000000000000003
RBP: 0000000000000000 R08: 0000000000000000 R09: 00007f7b041f85c0
R10: 0000000000000000 R11: 0000000000000246 R12: 000055eb005bb2a0
R13: 0000000000000000 R14: 000055eb005bc860 R15: 0000000000000003
 </TASK>
---[ end trace 0000000000000000 ]---
LNet: Added LNI 10.0.2.15@tcp [8/256/0/180]
gss/krb5 is not supported
Lustre: Echo OBD driver; http://www.lustre.org/
quota/lquota options: 'hash_lqs_cur_bits=3'

real	0m2.397s
user	0m1.026s
sys	0m1.286s
[1mMount combined MGS/MDS...[0m
Lustre: ctl-lustre-MDT0000: No data found on store. Initialize space.
Lustre: lustre-MDT0000: new disk, initializing
Lustre: lustre-MDT0000: Imperative Recovery not enabled, recovery window 300-900
Lustre: ctl-lustre-MDT0000: super-sequence allocation rc = 0 [0x0000000200000400-0x0000000240000400]:0:mdt
[32mPASS[0m
[1mMounting MDT lustre-MDT0001...[0m
Lustre: cli-ctl-lustre-MDT0001: Allocated super-sequence [0x0000000240000400-0x0000000280000400]:1:mdt]
lod0001_rec0000 (1499) used greatest stack depth: 25360 bytes left
[32mPASS[0m
[1mMounting OST lustre-OST0000...[0m
[32mPASS[0m
[1mMounting OST lustre-OST0001...[0m
[32mPASS[0m
[1mMounting Lustre client 10.0.2.15@tcp:/lustre...[0m
Lustre: ctl-lustre-MDT0000: super-sequence allocation rc = 0 [0x0000000280000400-0x00000002c0000400]:0:ost
Lustre: Skipped 1 previous similar message
Lustre: cli-lustre-OST0000-super: Allocated super-sequence [0x0000000280000400-0x00000002c0000400]:0:ost]
Lustre: lustre-OST0000-osc-MDT0000: update sequence from 0x100000000 to 0x280000401
Lustre: lustre-OST0001-osc-MDT0000: update sequence from 0x100010000 to 0x2c0000401
Lustre: lustre-MDT0000: local client cd652091-1360-478b-aa7e-d21d867b8447 w/o recovery
Lustre: client wants to enable acl, but mdt not!
Lustre: Mounted lustre-client
[32mPASS[0m
lustre-ktest (1421) used greatest stack depth: 23656 bytes left

real	0m14.171s
user	0m0.001s
sys	0m0.119s
/workspace/lustre-release/lustre/tests/test-framework.sh: line 6817: cd: HOME not set
cat: /etc/system-release: No such file or directory
mgs: 
MGS_OS_ID=debian
MGS_OS_VERSION_CODE=0
MGS_OS_ID_LIKE= debian
cat: /etc/system-release: No such file or directory
mds1: 
MDS1_OS_ID=debian
MDS1_OS_VERSION_CODE=0
MDS1_OS_ID_LIKE= debian
cat: /etc/system-release: No such file or directory
ost1: 
OST1_OS_VERSION_CODE=0
OST1_OS_ID=debian
OST1_OS_ID_LIKE= debian
cat: /etc/system-release: No such file or directory
client: 
CLIENT_OS_ID_LIKE= debian
CLIENT_OS_ID=debian
CLIENT_OS_VERSION_CODE=0
Started at Fri Feb 20 12:46:09 UTC 2026
lustre-bot-kvm: executing check_logdir /tmp/test_logs/2026-02-20/124607
Lustre: DEBUG MARKER: lustre-bot-kvm: executing check_logdir /tmp/test_logs/2026-02-20/124607
Logging to shared log directory: /tmp/test_logs/2026-02-20/124607
lustre-bot-kvm: executing yml_node
Lustre: DEBUG MARKER: lustre-bot-kvm: executing yml_node
Client: 2.17.50.113
Lustre: DEBUG MARKER: Client: 2.17.50.113
MDS: 2.17.50.113
Lustre: DEBUG MARKER: MDS: 2.17.50.113
OSS: 2.17.50.113
Lustre: DEBUG MARKER: OSS: 2.17.50.113
running: sanity ONLY=10 11 12 13 14 15 16 17a 17b 17c 
run_suite sanity /workspace/lustre-release/lustre/tests/sanity.sh
-----============= acceptance-small: sanity ============----- Fri Feb 20 12:46:11 UTC 2026
Lustre: DEBUG MARKER: -----============= acceptance-small: sanity ============----- Fri Feb 20 12:46:11 UTC 2026
Running: bash /workspace/lustre-release/lustre/tests/sanity.sh
cat: /etc/system-release: No such file or directory
mgs: 
MGS_OS_ID=debian
MGS_OS_VERSION_CODE=0
MGS_OS_ID_LIKE= debian debian
cat: /etc/system-release: No such file or directory
mds1: 
MDS1_OS_ID=debian
MDS1_OS_VERSION_CODE=0
MDS1_OS_ID_LIKE= debian debian
cat: /etc/system-release: No such file or directory
ost1: 
OST1_OS_VERSION_CODE=0
OST1_OS_ID=debian
OST1_OS_ID_LIKE= debian debian
cat: /etc/system-release: No such file or directory
client: 
CLIENT_OS_ID_LIKE= debian debian
CLIENT_OS_ID=debian
CLIENT_OS_VERSION_CODE=0
lustre-bot-kvm: /workspace/lustre-release/lustre/tests/except/sanity.0f.ex
lustre-bot-kvm: /workspace/lustre-release/lustre/tests/except/sanity.ex
- see CLIENT_VERSION > v2_15_63-134-gdacc4b6d38 (34681457 > 34553734) for LU-15963, go 312
- need MDS1_VERSION < v2_14_55-100-g8a84c7f9c7 (34681457 < 34486116) for LU-14927, skip 0f
Lustre: DEBUG MARKER: - need MDS1_VERSION < v2_14_55-100-g8a84c7f9c7 (34681457 < 34486116) for LU-14927, skip 0f
- see MDS1_VERSION <= CLIENT_VERSION (34681457 <= 34681457) for LU-18562, go 270a
- need MDS1_VERSION <= 2.14.55-100-g8a84c7f9c7 (34681457 <= 34486116) for LU-14927, skip 0f
Lustre: DEBUG MARKER: - need MDS1_VERSION <= 2.14.55-100-g8a84c7f9c7 (34681457 <= 34486116) for LU-14927, skip 0f
excepting tests: 442 460d 600a 600b 600c 600d_base 600d 801a 801b 801c 802b 802c 803a 803b 804 805 806 807a 807b 808 809 810 812a 812b 812c 813 814 815 816 817 818 819a 819b 820 823 831 832 833 834 842 850 851 852 853 854 855 860 900 901 902 903 904 905 906 907 908a 908b 909 910 42a 42c 42b 118c 118d 407 119i 817 0f 27A 53 66 270a 119e 119f 119g 119h 156 17o 27oo 27z 27F 60a 64i 232 257 278 280 427 801c 818 820 17a 17b 17e 17g 17i 17p 21 25a 25b 26a 26c 26d 26e 26f 27ga 27Q 28 32e 32f 32g 32h 32m 32n 32o 32p 48a 54a 54c 54d 56l 56m 56n 56rd 56xb 56eb 56eg 56eh 56ei 133a 140 170b 162a 226a 27p 27q 34a 31g 31l 31m 36g 44f 130a 130b 130c 130d 130e 130i 430a 51b 56ab 81b 220 413 418 806 52a 52b 102a 102h 102i 102r 102t 154B 154f 154g 160 161c 161d 205a 65k 807 808 812 56 65e 65a 406 205h 208 165 224d 226d 255 258 272 275 277 311 410 414 419 831 313 314 315 317 200 350 398 399 403 404 408 432 433 398a 405 411 421 27Cg 27U 422 424 425 426 428 429 434 442 430b 430c 431 814 833 850 801a 801b 802b 810 812b 842 851 901 903
Lustre: DEBUG MARKER: excepting tests: 442 460d 600a 600b 600c 600d_base 600d 801a 801b 801c 802b 802c 803a 803b 804 805 806 807a 807b 808 809 810 812a 812b 812c 813 814 815 816 817 818 819a 819b 820 823 831 832 833 834 842 850 851 852 853 854 855 860 900 901 902 903 904 905 9
skipping tests SLOW=no: 27m 60i 64b 68 71 135 136 230d 300o 842
Lustre: DEBUG MARKER: skipping tests SLOW=no: 27m 60i 64b 68 71 135 136 230d 300o 842
running as uid/gid/euid/egid 1000/1000/1000/1000, groups: 1000
 [true]
running as uid/gid/euid/egid 1000/1000/1000/1000, groups: 1000
 [touch] [/mnt/lustre/d0_runas_test/f2308]
preparing for tests involving mounts
mke2fs 1.47.2 (1-Jan-2025)

debug=all

== sanity test 10: mkdir .../d10 .../d10/d2; touch .../d10/d2/f ================================================================ 12:46:12 (1771591572)
Lustre: DEBUG MARKER: == sanity test 10: mkdir .../d10 .../d10/d2; touch .../d10/d2/f ================================================================ 12:46:12 (1771591572)
LustreError: 1458:0:(osd_dirent.c:113:osd_index_dir_insert()) lustre-MDT0000: lookup [0x240000402:0x1:0x0] from icache failed: rc=-22
Lustre: 1458:0:(out_handler.c:879:out_tx_end()) lustre-MDT0000-osd: error during execution of #0 from lustre/ptlrpc/../../lustre/target/out_handler.c:532: rc = -22
mkdir: cannot create directory '/mnt/lustre/d10.sanity': Invalid argument
 sanity test_10: @@@@@@ FAIL: mkdir '/mnt/lustre/d10.sanity' failed 
Lustre: DEBUG MARKER: sanity test_10: @@@@@@ FAIL: mkdir '/mnt/lustre/d10.sanity' failed
  Trace dump:
  = /workspace/lustre-release/lustre/tests/test-framework.sh:7331:error()
  = /workspace/lustre-release/lustre/tests/test-framework.sh:10369:test_mkdir()
  = /workspace/lustre-release/lustre/tests/sanity.sh:533:test_10()
  = /workspace/lustre-release/lustre/tests/test-framework.sh:7707:run_one()
  = /workspace/lustre-release/lustre/tests/test-framework.sh:7770:run_one_logged()
  = /workspace/lustre-release/lustre/tests/test-framework.sh:7570:run_test()
  = /workspace/lustre-release/lustre/tests/sanity.sh:539:main()
Dumping lctl log to /tmp/test_logs/2026-02-20/124607/sanity.test_10.*.1771591573.log
Dumping logs only on local client.
FAIL 10 (1s)

== sanity test 11: mkdir .../d11 d11/d2; chmod .../d11/d2 ====================================================================== 12:46:13 (1771591573)
Lustre: DEBUG MARKER: == sanity test 11: mkdir .../d11 d11/d2; chmod .../d11/d2 ====================================================================== 12:46:13 (1771591573)
mkdir: cannot create directory '/mnt/lustre/d11.sanity/d2': Invalid argument
 sanity test_11: @@@@@@ FAIL: mkdir '/mnt/lustre/d11.sanity/d2' failed 
Lustre: DEBUG MARKER: sanity test_11: @@@@@@ FAIL: mkdir '/mnt/lustre/d11.sanity/d2' failed
  Trace dump:
  = /workspace/lustre-release/lustre/tests/test-framework.sh:7331:error()
  = /workspace/lustre-release/lustre/tests/test-framework.sh:10369:test_mkdir()
  = /workspace/lustre-release/lustre/tests/sanity.sh:543:test_11()
  = /workspace/lustre-release/lustre/tests/test-framework.sh:7707:run_one()
  = /workspace/lustre-release/lustre/tests/test-framework.sh:7770:run_one_logged()
  = /workspace/lustre-release/lustre/tests/test-framework.sh:7570:run_test()
  = /workspace/lustre-release/lustre/tests/sanity.sh:549:main()
Dumping lctl log to /tmp/test_logs/2026-02-20/124607/sanity.test_11.*.1771591573.log
Dumping logs only on local client.
FAIL 11 (0s)

== sanity test 12: touch .../d12/f; chmod .../d12/f .../d12/f ================================================================== 12:46:13 (1771591573)
Lustre: DEBUG MARKER: == sanity test 12: touch .../d12/f; chmod .../d12/f .../d12/f ================================================================== 12:46:13 (1771591573)
/mnt/lustre/d12.sanity/f12.sanity has type file OK
/mnt/lustre/d12.sanity/f12.sanity has perms 0654 OK
PASS 12 (0s)

== sanity test 13: creat .../d13/f; dd .../d13/f; > .../d13/f ================================================================== 12:46:13 (1771591573)
Lustre: DEBUG MARKER: == sanity test 13: creat .../d13/f; dd .../d13/f; > .../d13/f ================================================================== 12:46:13 (1771591573)
LustreError: 1457:0:(osd_dirent.c:113:osd_index_dir_insert()) lustre-MDT0000: lookup [0x240000402:0x3:0x0] from icache failed: rc=-22
LustreError: 1457:0:(osd_dirent.c:113:osd_index_dir_insert()) Skipped 1 previous similar message
Lustre: 1457:0:(out_handler.c:879:out_tx_end()) lustre-MDT0000-osd: error during execution of #0 from lustre/ptlrpc/../../lustre/target/out_handler.c:532: rc = -22
Lustre: 1457:0:(out_handler.c:879:out_tx_end()) Skipped 1 previous similar message
mkdir: cannot create directory '/mnt/lustre/d13.sanity': Invalid argument
 sanity test_13: @@@@@@ FAIL: mkdir '/mnt/lustre/d13.sanity' failed 
Lustre: DEBUG MARKER: sanity test_13: @@@@@@ FAIL: mkdir '/mnt/lustre/d13.sanity' failed
  Trace dump:
  = /workspace/lustre-release/lustre/tests/test-framework.sh:7331:error()
  = /workspace/lustre-release/lustre/tests/test-framework.sh:10369:test_mkdir()
  = /workspace/lustre-release/lustre/tests/sanity.sh:562:test_13()
  = /workspace/lustre-release/lustre/tests/test-framework.sh:7707:run_one()
  = /workspace/lustre-release/lustre/tests/test-framework.sh:7770:run_one_logged()
  = /workspace/lustre-release/lustre/tests/test-framework.sh:7570:run_test()
  = /workspace/lustre-release/lustre/tests/sanity.sh:568:main()
Dumping lctl log to /tmp/test_logs/2026-02-20/124607/sanity.test_13.*.1771591573.log
Dumping logs only on local client.
FAIL 13 (0s)

== sanity test 14: touch .../d14/f; rm .../d14/f; rm .../d14/f ================================================================= 12:46:13 (1771591573)
Lustre: DEBUG MARKER: == sanity test 14: touch .../d14/f; rm .../d14/f; rm .../d14/f ================================================================= 12:46:13 (1771591573)
/mnt/lustre/d14.sanity/f14.sanity: absent OK
PASS 14 (0s)

== sanity test 15: touch .../d15/f; mv .../d15/f .../d15/f2 ==================================================================== 12:46:13 (1771591573)
Lustre: DEBUG MARKER: == sanity test 15: touch .../d15/f; mv .../d15/f .../d15/f2 ==================================================================== 12:46:13 (1771591573)
mkdir: cannot create directory '/mnt/lustre/d15.sanity': Invalid argument
 sanity test_15: @@@@@@ FAIL: mkdir '/mnt/lustre/d15.sanity' failed 
Lustre: DEBUG MARKER: sanity test_15: @@@@@@ FAIL: mkdir '/mnt/lustre/d15.sanity' failed
  Trace dump:
  = /workspace/lustre-release/lustre/tests/test-framework.sh:7331:error()
  = /workspace/lustre-release/lustre/tests/test-framework.sh:10369:test_mkdir()
  = /workspace/lustre-release/lustre/tests/sanity.sh:579:test_15()
  = /workspace/lustre-release/lustre/tests/test-framework.sh:7707:run_one()
  = /workspace/lustre-release/lustre/tests/test-framework.sh:7770:run_one_logged()
  = /workspace/lustre-release/lustre/tests/test-framework.sh:7570:run_test()
  = /workspace/lustre-release/lustre/tests/sanity.sh:586:main()
Dumping lctl log to /tmp/test_logs/2026-02-20/124607/sanity.test_15.*.1771591573.log
Dumping logs only on local client.
FAIL 15 (1s)

== sanity test 16: touch .../d16/f; rm -rf .../d16/f ===== 12:46:14 (1771591574)
Lustre: DEBUG MARKER: == sanity test 16: touch .../d16/f; rm -rf .../d16/f ===== 12:46:14 (1771591574)
/mnt/lustre/d16.sanity/f16.sanity: absent OK
PASS 16 (0s)

== sanity test 17a: symlinks: create, remove (real) ====== 12:46:14 (1771591574)
Lustre: DEBUG MARKER: == sanity test 17a: symlinks: create, remove (real) ====== 12:46:14 (1771591574)
mkdir: cannot create directory '/mnt/lustre/d17a.sanity': Invalid argument
 sanity test_17a: @@@@@@ FAIL: mkdir '/mnt/lustre/d17a.sanity' failed 
Lustre: DEBUG MARKER: sanity test_17a: @@@@@@ FAIL: mkdir '/mnt/lustre/d17a.sanity' failed
  Trace dump:
  = /workspace/lustre-release/lustre/tests/test-framework.sh:7331:error()
  = /workspace/lustre-release/lustre/tests/test-framework.sh:10369:test_mkdir()
  = /workspace/lustre-release/lustre/tests/sanity.sh:597:test_17a()
  = /workspace/lustre-release/lustre/tests/test-framework.sh:7707:run_one()
  = /workspace/lustre-release/lustre/tests/test-framework.sh:7770:run_one_logged()
  = /workspace/lustre-release/lustre/tests/test-framework.sh:7570:run_test()
  = /workspace/lustre-release/lustre/tests/sanity.sh:608:main()
Dumping lctl log to /tmp/test_logs/2026-02-20/124607/sanity.test_17a.*.1771591574.log
Dumping logs only on local client.
FAIL 17a (0s)

== sanity test 17b: symlinks: create, remove (dangling) == 12:46:14 (1771591574)
Lustre: DEBUG MARKER: == sanity test 17b: symlinks: create, remove (dangling) == 12:46:14 (1771591574)
ln: failed to create symbolic link '/mnt/lustre/d17b.sanity/l-dangle': Operation not supported
total 0
Can't lstat /mnt/lustre/d17b.sanity/l-dangle: No such file or directory
 sanity test_17b: @@@@@@ FAIL: d17b.sanity/l-dangle not referencing no-such-file 
Lustre: DEBUG MARKER: sanity test_17b: @@@@@@ FAIL: d17b.sanity/l-dangle not referencing no-such-file
  Trace dump:
  = /workspace/lustre-release/lustre/tests/test-framework.sh:7331:error()
  = /workspace/lustre-release/lustre/tests/sanity.sh:615:test_17b()
  = /workspace/lustre-release/lustre/tests/test-framework.sh:7707:run_one()
  = /workspace/lustre-release/lustre/tests/test-framework.sh:7770:run_one_logged()
  = /workspace/lustre-release/lustre/tests/test-framework.sh:7570:run_test()
  = /workspace/lustre-release/lustre/tests/sanity.sh:621:main()
Dumping lctl log to /tmp/test_logs/2026-02-20/124607/sanity.test_17b.*.1771591574.log
Dumping logs only on local client.
FAIL 17b (0s)

== sanity test 17c: symlinks: open dangling (should return error) ========================================================== 12:46:14 (1771591574)
Lustre: DEBUG MARKER: == sanity test 17c: symlinks: open dangling (should return error) ========================================================== 12:46:14 (1771591574)
LustreError: 1457:0:(osd_dirent.c:113:osd_index_dir_insert()) lustre-MDT0000: lookup [0x240000402:0x6:0x0] from icache failed: rc=-22
LustreError: 1457:0:(osd_dirent.c:113:osd_index_dir_insert()) Skipped 2 previous similar messages
Lustre: 1457:0:(out_handler.c:879:out_tx_end()) lustre-MDT0000-osd: error during execution of #0 from lustre/ptlrpc/../../lustre/target/out_handler.c:532: rc = -22
Lustre: 1457:0:(out_handler.c:879:out_tx_end()) Skipped 2 previous similar messages
mkdir: cannot create directory '/mnt/lustre/d17c.sanity': Invalid argument
 sanity test_17c: @@@@@@ FAIL: mkdir '/mnt/lustre/d17c.sanity' failed 
Lustre: DEBUG MARKER: sanity test_17c: @@@@@@ FAIL: mkdir '/mnt/lustre/d17c.sanity' failed
  Trace dump:
  = /workspace/lustre-release/lustre/tests/test-framework.sh:7331:error()
  = /workspace/lustre-release/lustre/tests/test-framework.sh:10369:test_mkdir()
  = /workspace/lustre-release/lustre/tests/sanity.sh:624:test_17c()
  = /workspace/lustre-release/lustre/tests/test-framework.sh:7707:run_one()
  = /workspace/lustre-release/lustre/tests/test-framework.sh:7770:run_one_logged()
  = /workspace/lustre-release/lustre/tests/test-framework.sh:7570:run_test()
  = /workspace/lustre-release/lustre/tests/sanity.sh:628:main()
Dumping lctl log to /tmp/test_logs/2026-02-20/124607/sanity.test_17c.*.1771591574.log
Dumping logs only on local client.
FAIL 17c (0s)
resend_count is set to 4 4
resend_count is set to 4 4
resend_count is set to 4 4
resend_count is set to 4 4
resend_count is set to 4 4
== sanity test complete, duration 5 sec ================== 12:46:16 (1771591576)
Lustre: DEBUG MARKER: == sanity test complete, duration 5 sec ================== 12:46:16 (1771591576)
sanity: FAIL: test_10 mkdir '/mnt/lustre/d10.sanity' failed
sanity: FAIL: test_11 mkdir '/mnt/lustre/d11.sanity/d2' failed
sanity: FAIL: test_13 mkdir '/mnt/lustre/d13.sanity' failed
sanity: FAIL: test_15 mkdir '/mnt/lustre/d15.sanity' failed
sanity: FAIL: test_17a mkdir '/mnt/lustre/d17a.sanity' failed
sanity: FAIL: test_17b d17b.sanity/l-dangle not referencing no-such-file
sanity: FAIL: test_17c mkdir '/mnt/lustre/d17c.sanity' failed
=== sanity: start cleanup 12:46:16 (1771591576) ===
Lustre: DEBUG MARKER: === sanity: start cleanup 12:46:16 (1771591576) ===
skip cleanup
=== sanity: finish cleanup 12:46:16 (1771591576) ===
Lustre: DEBUG MARKER: === sanity: finish cleanup 12:46:16 (1771591576) ===
debug=malloc neterror net warning nettrace error emerg console
bash (2308) used greatest stack depth: 23440 bytes left
sanity returned 1
Finished at Fri Feb 20 12:46:16 UTC 2026 in 9s
/workspace/lustre-release/lustre/tests/auster: completed with rc 0
Error 1 at /host/home/ktest/ktest/tests/prelude.sh 318 from: grep -E -q -e "kernel BUG at" -e "WARNING:" -e "\bBUG:" -e "Oops:" -e "possible recursive locking detected" -e "Internal error" -e "(INFO|ERR): suspicious RCU usage" -e "INFO: possible circular locking dependency detected" -e "general protection fault:" -e "BUG .* remaining" -e "UBSAN:", exiting
Error 1 at /host/home/ktest/ktest/tests/prelude.sh 337 from: ( set -e; run_test $i ), exiting

========= FAILED sanity-quick in 25s

Passed: 
Failed: sanity-quick
Error 1 at /host/home/ktest/ktest/tests/prelude.sh 436 from: return ${#tests_failed[@]}, exiting
Error 1 at /host//home/ktest/ktest/tests/fs/lustre/sanity/sanity-3.ktest 38 from: return ${#tests_failed[@]}, exiting
Kernel version: 6.16.0-ktest-d4b2c00fef-20260220
TEST FAILED
Failed to connect to system scope bus via local transport: No such file or directory
LustreError: 4942:0:(lov_obd.c:783:lov_cleanup()) lustre-clilov-ffff88814dcf4000: lov tgt 0 not cleaned! deathrow=0, lovrc=1
LustreError: 4942:0:(obd_class.h:479:obd_check_dev()) Device 29 not setup
Lustre: Unmounted lustre-client
Lustre: Failing over lustre-MDT0000
Lustre: Failing over lustre-MDT0001
Lustre: Failing over lustre-OST0000
Lustre: Failing over lustre-OST0001
LustreError: 5011:0:(obd_class.h:479:obd_check_dev()) Device 18 not setup
LustreError: 5011:0:(obd_class.h:479:obd_check_dev()) Skipped 7 previous similar messages
Lustre: server umount lustre-OST0000 complete
Lustre: server umount lustre-OST0001 complete
Lustre: server umount lustre-MDT0001 complete
Lustre: server umount lustre-MDT0000 complete
]3008;end=f28c8b9c984942c5b16cbd4d75b0fcb5\EXT4-fs (vda): re-mounted 88f4410a-2dea-4a38-86ba-3ebc2db2db54 ro.
