Creating kernel tarball at /tmp/ktest-kernel.tar.gz...
Creating lustre tarball at /tmp/ktest-lustre.tar.gz...
Executing 19 jobs with dependencies
Jobs will start as soon as their dependencies are satisfied

Starting job: license-status (ktest-out: /tmp/ktest_license-status_uxe7ozng)
Starting job: checkpatch-parallel (ktest-out: /tmp/ktest_checkpatch-parallel_9glcg7uf)
Starting job: lustre_al2023 (ktest-out: /tmp/ktest_lustre_al2023_xo72a39i)
Starting job: lustre_u24 (ktest-out: /tmp/ktest_lustre_u24_0toqdqnn)
Starting job: kernel-doc (ktest-out: /tmp/ktest_kernel-doc_dfnafjei)
Starting job: lustre_mainline_strict (ktest-out: /tmp/ktest_lustre_mainline_strict_038penva)
Starting job: lustre_mainline_native (ktest-out: /tmp/ktest_lustre_mainline_native_pavn0o00)
Starting job: lustre_mainline (ktest-out: /tmp/ktest_lustre_mainline_5uhva562)
Starting job: contribution-report (ktest-out: /tmp/ktest_contribution-report_kckgtqyb)
put_archive(/tmp/ktest-kernel.tar.gz): 19.05s
put_archive(/tmp/ktest-kernel.tar.gz): 25.89s
put_archive(/tmp/ktest-kernel.tar.gz): 26.12s
put_archive(/tmp/ktest-kernel.tar.gz): 26.49s
put_archive(/tmp/ktest-kernel.tar.gz): 27.01s
put_archive(/tmp/ktest-kernel.tar.gz): 26.55s
put_archive(/tmp/ktest-kernel.tar.gz): 26.60s
put_archive(/tmp/ktest-kernel.tar.gz): 27.24s
put_archive(/tmp/ktest-kernel.tar.gz): 27.42s
put_archive(/tmp/ktest-lustre.tar.gz): 11.71s
put_archive(/tmp/ktest-lustre.tar.gz): 10.88s
put_archive(/tmp/ktest-lustre.tar.gz): 11.47s
put_archive(/tmp/ktest-lustre.tar.gz): 10.75s
put_archive(/tmp/ktest-lustre.tar.gz): 11.65s
put_archive(/tmp/ktest-lustre.tar.gz): 19.38s
put_archive(/tmp/ktest-lustre.tar.gz): 11.24s
put_archive(/tmp/ktest-lustre.tar.gz): 11.40s
put_archive(/tmp/ktest-lustre.tar.gz): 11.12s
Job contribution-report completed: SUCCESS (return code = 0, log: /tmp/ktest-results/contribution-report.log)
Job kernel-doc completed: SUCCESS (return code = 0, log: /tmp/ktest-results/kernel-doc.log)
Job license-status completed: SUCCESS (return code = 0, log: /tmp/ktest-results/license-status.log)
Job checkpatch-parallel completed: SUCCESS (return code = 0, log: /tmp/ktest-results/checkpatch-parallel.log)
Job lustre_al2023 completed: SUCCESS (return code = 0, log: /tmp/ktest-results/lustre_al2023.log)
Job lustre_u24 completed: SUCCESS (return code = 0, log: /tmp/ktest-results/lustre_u24.log)
get_archive(ktest-out): 3.43s
Job lustre_mainline_strict completed: FAILED (return code = 1, log: /tmp/ktest-results/lustre_mainline_strict.log)
get_archive(ktest-out): 3.02s
get_archive(ktest-out): 3.23s
Job lustre_mainline_native completed: SUCCESS (return code = 0, log: /tmp/ktest-results/lustre_mainline_native.log)
Starting job: clang-tidy (ktest-out: /tmp/ktest_lustre_mainline_native_pavn0o00)
Starting job: cc-plugin (ktest-out: /tmp/ktest_lustre_mainline_native_pavn0o00)
Starting job: boot (ktest-out: /tmp/ktest_lustre_mainline_native_pavn0o00)
Starting job: llmount (ktest-out: /tmp/ktest_lustre_mainline_native_pavn0o00)
Starting job: llog-unit (ktest-out: /tmp/ktest_lustre_mainline_native_pavn0o00)
Starting job: mgs-setup (ktest-out: /tmp/ktest_lustre_mainline_native_pavn0o00)
Starting job: sanity-1 (ktest-out: /tmp/ktest_lustre_mainline_native_pavn0o00)
Starting job: sanity-2 (ktest-out: /tmp/ktest_lustre_mainline_native_pavn0o00)
Starting job: sanity-3 (ktest-out: /tmp/ktest_lustre_mainline_native_pavn0o00)
Starting job: sanity-4 (ktest-out: /tmp/ktest_lustre_mainline_native_pavn0o00)
Job lustre_mainline completed: SUCCESS (return code = 0, log: /tmp/ktest-results/lustre_mainline.log)
put_archive(/tmp/ktest_lustre_mainline_native_pavn0o00.tar): 10.36s
put_archive(/tmp/ktest_lustre_mainline_native_pavn0o00.tar): 10.35s
put_archive(/tmp/ktest_lustre_mainline_native_pavn0o00.tar): 10.29s
put_archive(/tmp/ktest_lustre_mainline_native_pavn0o00.tar): 37.80s
put_archive(/tmp/ktest_lustre_mainline_native_pavn0o00.tar): 37.76s
put_archive(/tmp/ktest_lustre_mainline_native_pavn0o00.tar): 37.87s
put_archive(/tmp/ktest_lustre_mainline_native_pavn0o00.tar): 62.88s
put_archive(/tmp/ktest_lustre_mainline_native_pavn0o00.tar): 62.97s
put_archive(/tmp/ktest-kernel.tar.gz): 63.76s
put_archive(/tmp/ktest-kernel.tar.gz): 63.34s
put_archive(/tmp/ktest-lustre.tar.gz): 25.26s
put_archive(/tmp/ktest-lustre.tar.gz): 25.13s
put_archive(/tmp/ktest_lustre_mainline_native_pavn0o00.tar): 14.91s
put_archive(/tmp/ktest_lustre_mainline_native_pavn0o00.tar): 14.96s
Job mgs-setup completed: SUCCESS (return code = 0, log: /tmp/ktest-results/mgs-setup.log)
Job llmount completed: SUCCESS (return code = 0, log: /tmp/ktest-results/llmount.log)
Job llog-unit completed: SUCCESS (return code = 0, log: /tmp/ktest-results/llog-unit.log)
Job sanity-1 completed: SUCCESS (return code = 0, log: /tmp/ktest-results/sanity-1.log)
Job cc-plugin completed: FAILED (return code = 127, log: /tmp/ktest-results/cc-plugin.log)
Job clang-tidy completed: SUCCESS (return code = 0, log: /tmp/ktest-results/clang-tidy.log)
Job boot completed: SUCCESS (return code = 0, log: /tmp/ktest-results/boot.log)
Job sanity-2 completed: SUCCESS (return code = 0, log: /tmp/ktest-results/sanity-2.log)
Job sanity-3 completed: SUCCESS (return code = 0, log: /tmp/ktest-results/sanity-3.log)
Job sanity-4 completed: SUCCESS (return code = 0, log: /tmp/ktest-results/sanity-4.log)

============================================================
Final Results:
  checkpatch-parallel: SUCCESS (return code = 0, log: /tmp/ktest-results/checkpatch-parallel.log)
  contribution-report: SUCCESS (return code = 0, log: /tmp/ktest-results/contribution-report.log)
  license-status: SUCCESS (return code = 0, log: /tmp/ktest-results/license-status.log)
  kernel-doc: SUCCESS (return code = 0, log: /tmp/ktest-results/kernel-doc.log)
  lustre_u24: SUCCESS (return code = 0, log: /tmp/ktest-results/lustre_u24.log)
  lustre_al2023: SUCCESS (return code = 0, log: /tmp/ktest-results/lustre_al2023.log)
  lustre_mainline_strict: FAILED (return code = 1, log: /tmp/ktest-results/lustre_mainline_strict.log)
  lustre_mainline: SUCCESS (return code = 0, log: /tmp/ktest-results/lustre_mainline.log)
  lustre_mainline_native: SUCCESS (return code = 0, log: /tmp/ktest-results/lustre_mainline_native.log)
  clang-tidy: SUCCESS (return code = 0, log: /tmp/ktest-results/clang-tidy.log)
  cc-plugin: FAILED (return code = 127, log: /tmp/ktest-results/cc-plugin.log)
  boot: SUCCESS (return code = 0, log: /tmp/ktest-results/boot.log)
  llmount: SUCCESS (return code = 0, log: /tmp/ktest-results/llmount.log)
  llog-unit: SUCCESS (return code = 0, log: /tmp/ktest-results/llog-unit.log)
  mgs-setup: SUCCESS (return code = 0, log: /tmp/ktest-results/mgs-setup.log)
  sanity-1: SUCCESS (return code = 0, log: /tmp/ktest-results/sanity-1.log)
  sanity-2: SUCCESS (return code = 0, log: /tmp/ktest-results/sanity-2.log)
  sanity-3: SUCCESS (return code = 0, log: /tmp/ktest-results/sanity-3.log)
  sanity-4: SUCCESS (return code = 0, log: /tmp/ktest-results/sanity-4.log)