Creating kernel tarball at /tmp/ktest-kernel.tar.gz...
Creating lustre tarball at /tmp/ktest-lustre.tar.gz...
Executing 19 jobs with dependencies
Jobs will start as soon as their dependencies are satisfied

Starting job: contribution-report (ktest-out: /tmp/ktest_contribution-report_14xwa1ur)
Starting job: checkpatch-parallel (ktest-out: /tmp/ktest_checkpatch-parallel_zhed9jg6)
Starting job: license-status (ktest-out: /tmp/ktest_license-status_dfbfrnlc)
Starting job: lustre_al2023 (ktest-out: /tmp/ktest_lustre_al2023_fk4v5if7)
Starting job: lustre_u24 (ktest-out: /tmp/ktest_lustre_u24_xlyv1ear)
Starting job: lustre_mainline_strict (ktest-out: /tmp/ktest_lustre_mainline_strict_062fcgg5)
Starting job: lustre_mainline (ktest-out: /tmp/ktest_lustre_mainline_mc7lb1fz)
Starting job: lustre_mainline_native (ktest-out: /tmp/ktest_lustre_mainline_native__77cz2tq)
Starting job: kernel-doc (ktest-out: /tmp/ktest_kernel-doc_4gp5i9lo)
put_archive(/tmp/ktest-kernel.tar.gz): 14.24s
put_archive(/tmp/ktest-kernel.tar.gz): 15.46s
put_archive(/tmp/ktest-kernel.tar.gz): 15.40s
put_archive(/tmp/ktest-kernel.tar.gz): 16.00s
put_archive(/tmp/ktest-kernel.tar.gz): 15.88s
put_archive(/tmp/ktest-kernel.tar.gz): 15.05s
put_archive(/tmp/ktest-kernel.tar.gz): 15.21s
put_archive(/tmp/ktest-kernel.tar.gz): 15.35s
put_archive(/tmp/ktest-kernel.tar.gz): 16.19s
put_archive(/tmp/ktest-lustre.tar.gz): 11.89s
put_archive(/tmp/ktest-lustre.tar.gz): 13.55s
put_archive(/tmp/ktest-lustre.tar.gz): 11.38s
put_archive(/tmp/ktest-lustre.tar.gz): 11.68s
put_archive(/tmp/ktest-lustre.tar.gz): 11.56s
put_archive(/tmp/ktest-lustre.tar.gz): 11.88s
put_archive(/tmp/ktest-lustre.tar.gz): 11.19s
put_archive(/tmp/ktest-lustre.tar.gz): 12.18s
put_archive(/tmp/ktest-lustre.tar.gz): 11.35s
Job contribution-report completed: SUCCESS (return code = 0, log: /tmp/ktest-results/contribution-report.log)
Job kernel-doc completed: SUCCESS (return code = 0, log: /tmp/ktest-results/kernel-doc.log)
Job license-status completed: SUCCESS (return code = 0, log: /tmp/ktest-results/license-status.log)
Job checkpatch-parallel completed: SUCCESS (return code = 0, log: /tmp/ktest-results/checkpatch-parallel.log)
Job lustre_al2023 completed: SUCCESS (return code = 0, log: /tmp/ktest-results/lustre_al2023.log)
Job lustre_u24 completed: SUCCESS (return code = 0, log: /tmp/ktest-results/lustre_u24.log)
get_archive(ktest-out): 3.54s
Job lustre_mainline_strict completed: FAILED (return code = 1, log: /tmp/ktest-results/lustre_mainline_strict.log)
get_archive(ktest-out): 3.15s
get_archive(ktest-out): 3.24s
Job lustre_mainline completed: SUCCESS (return code = 0, log: /tmp/ktest-results/lustre_mainline.log)
Job lustre_mainline_native completed: SUCCESS (return code = 0, log: /tmp/ktest-results/lustre_mainline_native.log)
Starting job: clang-tidy (ktest-out: /tmp/ktest_lustre_mainline_native__77cz2tq)
Starting job: cc-plugin (ktest-out: /tmp/ktest_lustre_mainline_native__77cz2tq)
Starting job: boot (ktest-out: /tmp/ktest_lustre_mainline_native__77cz2tq)
Starting job: llmount (ktest-out: /tmp/ktest_lustre_mainline_native__77cz2tq)
Starting job: llog-unit (ktest-out: /tmp/ktest_lustre_mainline_native__77cz2tq)
Starting job: mgs-setup (ktest-out: /tmp/ktest_lustre_mainline_native__77cz2tq)
Starting job: sanity-1 (ktest-out: /tmp/ktest_lustre_mainline_native__77cz2tq)
Starting job: sanity-2 (ktest-out: /tmp/ktest_lustre_mainline_native__77cz2tq)
Starting job: sanity-3 (ktest-out: /tmp/ktest_lustre_mainline_native__77cz2tq)
Starting job: sanity-4 (ktest-out: /tmp/ktest_lustre_mainline_native__77cz2tq)
put_archive(/tmp/ktest_lustre_mainline_native__77cz2tq.tar): 4.72s
put_archive(/tmp/ktest_lustre_mainline_native__77cz2tq.tar): 11.31s
put_archive(/tmp/ktest-kernel.tar.gz): 25.42s
put_archive(/tmp/ktest-kernel.tar.gz): 26.84s
put_archive(/tmp/ktest-lustre.tar.gz): 22.63s
put_archive(/tmp/ktest-lustre.tar.gz): 23.92s
put_archive(/tmp/ktest_lustre_mainline_native__77cz2tq.tar): 22.36s
put_archive(/tmp/ktest_lustre_mainline_native__77cz2tq.tar): 22.35s
put_archive(/tmp/ktest_lustre_mainline_native__77cz2tq.tar): 44.19s
put_archive(/tmp/ktest_lustre_mainline_native__77cz2tq.tar): 44.25s
put_archive(/tmp/ktest_lustre_mainline_native__77cz2tq.tar): 44.26s
put_archive(/tmp/ktest_lustre_mainline_native__77cz2tq.tar): 44.04s
put_archive(/tmp/ktest_lustre_mainline_native__77cz2tq.tar): 44.32s
put_archive(/tmp/ktest_lustre_mainline_native__77cz2tq.tar): 43.91s
Job cc-plugin completed: FAILED (return code = 127, log: /tmp/ktest-results/cc-plugin.log)
Job clang-tidy completed: SUCCESS (return code = 0, log: /tmp/ktest-results/clang-tidy.log)
Job boot completed: SUCCESS (return code = 0, log: /tmp/ktest-results/boot.log)
Job llmount completed: SUCCESS (return code = 0, log: /tmp/ktest-results/llmount.log)
Job mgs-setup completed: SUCCESS (return code = 0, log: /tmp/ktest-results/mgs-setup.log)
Job llog-unit completed: SUCCESS (return code = 0, log: /tmp/ktest-results/llog-unit.log)
Job sanity-2 completed: SUCCESS (return code = 0, log: /tmp/ktest-results/sanity-2.log)
Job sanity-3 completed: SUCCESS (return code = 0, log: /tmp/ktest-results/sanity-3.log)
Job sanity-4 completed: SUCCESS (return code = 0, log: /tmp/ktest-results/sanity-4.log)
Job sanity-1 completed: SUCCESS (return code = 0, log: /tmp/ktest-results/sanity-1.log)

============================================================
Final Results:
  checkpatch-parallel: SUCCESS (return code = 0, log: /tmp/ktest-results/checkpatch-parallel.log)
  contribution-report: SUCCESS (return code = 0, log: /tmp/ktest-results/contribution-report.log)
  license-status: SUCCESS (return code = 0, log: /tmp/ktest-results/license-status.log)
  kernel-doc: SUCCESS (return code = 0, log: /tmp/ktest-results/kernel-doc.log)
  lustre_u24: SUCCESS (return code = 0, log: /tmp/ktest-results/lustre_u24.log)
  lustre_al2023: SUCCESS (return code = 0, log: /tmp/ktest-results/lustre_al2023.log)
  lustre_mainline_strict: FAILED (return code = 1, log: /tmp/ktest-results/lustre_mainline_strict.log)
  lustre_mainline: SUCCESS (return code = 0, log: /tmp/ktest-results/lustre_mainline.log)
  lustre_mainline_native: SUCCESS (return code = 0, log: /tmp/ktest-results/lustre_mainline_native.log)
  clang-tidy: SUCCESS (return code = 0, log: /tmp/ktest-results/clang-tidy.log)
  cc-plugin: FAILED (return code = 127, log: /tmp/ktest-results/cc-plugin.log)
  boot: SUCCESS (return code = 0, log: /tmp/ktest-results/boot.log)
  llmount: SUCCESS (return code = 0, log: /tmp/ktest-results/llmount.log)
  llog-unit: SUCCESS (return code = 0, log: /tmp/ktest-results/llog-unit.log)
  mgs-setup: SUCCESS (return code = 0, log: /tmp/ktest-results/mgs-setup.log)
  sanity-1: SUCCESS (return code = 0, log: /tmp/ktest-results/sanity-1.log)
  sanity-2: SUCCESS (return code = 0, log: /tmp/ktest-results/sanity-2.log)
  sanity-3: SUCCESS (return code = 0, log: /tmp/ktest-results/sanity-3.log)
  sanity-4: SUCCESS (return code = 0, log: /tmp/ktest-results/sanity-4.log)