Creating kernel tarball at /tmp/ktest-kernel.tar.gz...
Creating lustre tarball at /tmp/ktest-lustre.tar.gz...
Executing 19 jobs with dependencies
Jobs will start as soon as their dependencies are satisfied

Starting job: lustre_mainline (ktest-out: /tmp/ktest_lustre_mainline_tznx2hak)
Starting job: contribution-report (ktest-out: /tmp/ktest_contribution-report_v1n77xz3)
Starting job: lustre_mainline_strict (ktest-out: /tmp/ktest_lustre_mainline_strict_ea8133fa)
Starting job: checkpatch-parallel (ktest-out: /tmp/ktest_checkpatch-parallel_gmfqjpxx)
Starting job: kernel-doc (ktest-out: /tmp/ktest_kernel-doc_zwszm_fj)
Starting job: license-status (ktest-out: /tmp/ktest_license-status_waz5chns)
Starting job: lustre_mainline_native (ktest-out: /tmp/ktest_lustre_mainline_native_kwp65x86)
Starting job: lustre_al2023 (ktest-out: /tmp/ktest_lustre_al2023_7_lsgu2w)
Starting job: lustre_u24 (ktest-out: /tmp/ktest_lustre_u24_qynngfyq)
put_archive(/tmp/ktest-kernel.tar.gz): 17.04s
put_archive(/tmp/ktest-kernel.tar.gz): 22.65s
put_archive(/tmp/ktest-kernel.tar.gz): 21.96s
put_archive(/tmp/ktest-kernel.tar.gz): 21.72s
put_archive(/tmp/ktest-kernel.tar.gz): 21.82s
put_archive(/tmp/ktest-kernel.tar.gz): 23.68s
put_archive(/tmp/ktest-kernel.tar.gz): 23.74s
put_archive(/tmp/ktest-kernel.tar.gz): 22.30s
put_archive(/tmp/ktest-kernel.tar.gz): 22.57s
put_archive(/tmp/ktest-lustre.tar.gz): 10.86s
put_archive(/tmp/ktest-lustre.tar.gz): 11.18s
put_archive(/tmp/ktest-lustre.tar.gz): 11.51s
put_archive(/tmp/ktest-lustre.tar.gz): 10.79s
put_archive(/tmp/ktest-lustre.tar.gz): 10.67s
put_archive(/tmp/ktest-lustre.tar.gz): 11.71s
put_archive(/tmp/ktest-lustre.tar.gz): 17.36s
put_archive(/tmp/ktest-lustre.tar.gz): 11.45s
put_archive(/tmp/ktest-lustre.tar.gz): 11.15s
Job contribution-report completed: SUCCESS (return code = 0, log: /tmp/ktest-results/contribution-report.log)
Job kernel-doc completed: SUCCESS (return code = 0, log: /tmp/ktest-results/kernel-doc.log)
Job license-status completed: SUCCESS (return code = 0, log: /tmp/ktest-results/license-status.log)
Job checkpatch-parallel completed: SUCCESS (return code = 0, log: /tmp/ktest-results/checkpatch-parallel.log)
Job lustre_al2023 completed: SUCCESS (return code = 0, log: /tmp/ktest-results/lustre_al2023.log)
Job lustre_u24 completed: SUCCESS (return code = 0, log: /tmp/ktest-results/lustre_u24.log)
get_archive(ktest-out): 5.78s
Job lustre_mainline_strict completed: FAILED (return code = 1, log: /tmp/ktest-results/lustre_mainline_strict.log)
get_archive(ktest-out): 3.16s
get_archive(ktest-out): 3.25s
Job lustre_mainline_native completed: SUCCESS (return code = 0, log: /tmp/ktest-results/lustre_mainline_native.log)
Starting job: clang-tidy (ktest-out: /tmp/ktest_lustre_mainline_native_kwp65x86)
Starting job: cc-plugin (ktest-out: /tmp/ktest_lustre_mainline_native_kwp65x86)
Starting job: boot (ktest-out: /tmp/ktest_lustre_mainline_native_kwp65x86)
Starting job: llmount (ktest-out: /tmp/ktest_lustre_mainline_native_kwp65x86)
Starting job: llog-unit (ktest-out: /tmp/ktest_lustre_mainline_native_kwp65x86)
Starting job: mgs-setup (ktest-out: /tmp/ktest_lustre_mainline_native_kwp65x86)
Starting job: sanity-1 (ktest-out: /tmp/ktest_lustre_mainline_native_kwp65x86)
Starting job: sanity-2 (ktest-out: /tmp/ktest_lustre_mainline_native_kwp65x86)
Starting job: sanity-3 (ktest-out: /tmp/ktest_lustre_mainline_native_kwp65x86)
Starting job: sanity-4 (ktest-out: /tmp/ktest_lustre_mainline_native_kwp65x86)
Job lustre_mainline completed: SUCCESS (return code = 0, log: /tmp/ktest-results/lustre_mainline.log)
put_archive(/tmp/ktest_lustre_mainline_native_kwp65x86.tar): 5.35s
put_archive(/tmp/ktest_lustre_mainline_native_kwp65x86.tar): 9.02s
put_archive(/tmp/ktest_lustre_mainline_native_kwp65x86.tar): 71.46s
put_archive(/tmp/ktest-kernel.tar.gz): 53.01s
put_archive(/tmp/ktest_lustre_mainline_native_kwp65x86.tar): 53.20s
put_archive(/tmp/ktest-kernel.tar.gz): 53.51s
put_archive(/tmp/ktest_lustre_mainline_native_kwp65x86.tar): 53.64s
put_archive(/tmp/ktest_lustre_mainline_native_kwp65x86.tar): 53.53s
put_archive(/tmp/ktest_lustre_mainline_native_kwp65x86.tar): 53.94s
Job mgs-setup completed: SUCCESS (return code = 0, log: /tmp/ktest-results/mgs-setup.log)
put_archive(/tmp/ktest-lustre.tar.gz): 58.20s
put_archive(/tmp/ktest-lustre.tar.gz): 60.19s
put_archive(/tmp/ktest_lustre_mainline_native_kwp65x86.tar): 25.45s
put_archive(/tmp/ktest_lustre_mainline_native_kwp65x86.tar): 23.66s
put_archive(/tmp/ktest_lustre_mainline_native_kwp65x86.tar): 23.55s
Job boot completed: SUCCESS (return code = 0, log: /tmp/ktest-results/boot.log)
Job cc-plugin completed: FAILED (return code = 127, log: /tmp/ktest-results/cc-plugin.log)
Job llog-unit completed: SUCCESS (return code = 0, log: /tmp/ktest-results/llog-unit.log)
Job clang-tidy completed: SUCCESS (return code = 0, log: /tmp/ktest-results/clang-tidy.log)
Job sanity-1 completed: SUCCESS (return code = 0, log: /tmp/ktest-results/sanity-1.log)
Job sanity-2 completed: SUCCESS (return code = 0, log: /tmp/ktest-results/sanity-2.log)
Job sanity-4 completed: SUCCESS (return code = 0, log: /tmp/ktest-results/sanity-4.log)
Job llmount completed: SUCCESS (return code = 0, log: /tmp/ktest-results/llmount.log)
Job sanity-3 completed: SUCCESS (return code = 0, log: /tmp/ktest-results/sanity-3.log)

============================================================
Final Results:
  checkpatch-parallel: SUCCESS (return code = 0, log: /tmp/ktest-results/checkpatch-parallel.log)
  contribution-report: SUCCESS (return code = 0, log: /tmp/ktest-results/contribution-report.log)
  license-status: SUCCESS (return code = 0, log: /tmp/ktest-results/license-status.log)
  kernel-doc: SUCCESS (return code = 0, log: /tmp/ktest-results/kernel-doc.log)
  lustre_u24: SUCCESS (return code = 0, log: /tmp/ktest-results/lustre_u24.log)
  lustre_al2023: SUCCESS (return code = 0, log: /tmp/ktest-results/lustre_al2023.log)
  lustre_mainline_strict: FAILED (return code = 1, log: /tmp/ktest-results/lustre_mainline_strict.log)
  lustre_mainline: SUCCESS (return code = 0, log: /tmp/ktest-results/lustre_mainline.log)
  lustre_mainline_native: SUCCESS (return code = 0, log: /tmp/ktest-results/lustre_mainline_native.log)
  clang-tidy: SUCCESS (return code = 0, log: /tmp/ktest-results/clang-tidy.log)
  cc-plugin: FAILED (return code = 127, log: /tmp/ktest-results/cc-plugin.log)
  boot: SUCCESS (return code = 0, log: /tmp/ktest-results/boot.log)
  llmount: SUCCESS (return code = 0, log: /tmp/ktest-results/llmount.log)
  llog-unit: SUCCESS (return code = 0, log: /tmp/ktest-results/llog-unit.log)
  mgs-setup: SUCCESS (return code = 0, log: /tmp/ktest-results/mgs-setup.log)
  sanity-1: SUCCESS (return code = 0, log: /tmp/ktest-results/sanity-1.log)
  sanity-2: SUCCESS (return code = 0, log: /tmp/ktest-results/sanity-2.log)
  sanity-3: SUCCESS (return code = 0, log: /tmp/ktest-results/sanity-3.log)
  sanity-4: SUCCESS (return code = 0, log: /tmp/ktest-results/sanity-4.log)