<html lang="en">
<body>
<pre>
Creating kernel tarball at /tmp/ktest-kernel.tar.gz...
Creating lustre tarball at /tmp/ktest-lustre.tar.gz...
Executing 19 jobs with dependencies
Jobs will start as soon as their dependencies are satisfied

Starting job: contribution-report (ktest-out: /tmp/ktest_contribution-report_az1u4fqu)
Starting job: kernel-doc (ktest-out: /tmp/ktest_kernel-doc_4g72jx8r)
Starting job: lustre_mainline_native (ktest-out: /tmp/ktest_lustre_mainline_native_azoyq7ku)
Starting job: checkpatch-parallel (ktest-out: /tmp/ktest_checkpatch-parallel_twx1gtzl)
Starting job: lustre_mainline_strict (ktest-out: /tmp/ktest_lustre_mainline_strict_uirwysub)
Starting job: lustre_al2023 (ktest-out: /tmp/ktest_lustre_al2023_x6szkxqe)
Starting job: lustre_mainline (ktest-out: /tmp/ktest_lustre_mainline_ncx645ow)
Starting job: license-status (ktest-out: /tmp/ktest_license-status_9_pz4qjs)
Starting job: lustre_u24 (ktest-out: /tmp/ktest_lustre_u24_v7jhgzy8)
put_archive(/tmp/ktest-kernel.tar.gz): 9.58s
put_archive(/tmp/ktest-kernel.tar.gz): 8.74s
put_archive(/tmp/ktest-kernel.tar.gz): 9.90s
put_archive(/tmp/ktest-kernel.tar.gz): 9.57s
put_archive(/tmp/ktest-kernel.tar.gz): 9.60s
put_archive(/tmp/ktest-kernel.tar.gz): 8.86s
put_archive(/tmp/ktest-kernel.tar.gz): 8.93s
put_archive(/tmp/ktest-kernel.tar.gz): 9.46s
put_archive(/tmp/ktest-kernel.tar.gz): 9.25s
put_archive(/tmp/ktest-lustre.tar.gz): 0.92s
put_archive(/tmp/ktest-lustre.tar.gz): 1.20s
put_archive(/tmp/ktest-lustre.tar.gz): 2.09s
put_archive(/tmp/ktest-lustre.tar.gz): 0.82s
put_archive(/tmp/ktest-lustre.tar.gz): 1.50s
put_archive(/tmp/ktest-lustre.tar.gz): 1.38s
put_archive(/tmp/ktest-lustre.tar.gz): 0.58s
put_archive(/tmp/ktest-lustre.tar.gz): 1.13s
put_archive(/tmp/ktest-lustre.tar.gz): 0.73s
Job contribution-report completed: FAILED (return code = 1, log: /tmp/ktest-results/contribution-report.log)
Job license-status completed: SUCCESS (return code = 0, log: /tmp/ktest-results/license-status.log)
Job kernel-doc completed: SUCCESS (return code = 0, log: /tmp/ktest-results/kernel-doc.log)
Job checkpatch-parallel completed: SUCCESS (return code = 0, log: /tmp/ktest-results/checkpatch-parallel.log)
Job lustre_al2023 completed: SUCCESS (return code = 0, log: /tmp/ktest-results/lustre_al2023.log)
Job lustre_u24 completed: SUCCESS (return code = 0, log: /tmp/ktest-results/lustre_u24.log)
get_archive(ktest-out): 2.94s
Job lustre_mainline_strict completed: FAILED (return code = 1, log: /tmp/ktest-results/lustre_mainline_strict.log)
get_archive(ktest-out): 2.13s
get_archive(ktest-out): 2.14s
Job lustre_mainline completed: SUCCESS (return code = 0, log: /tmp/ktest-results/lustre_mainline.log)
Job lustre_mainline_native completed: SUCCESS (return code = 0, log: /tmp/ktest-results/lustre_mainline_native.log)
Starting job: clang-tidy (ktest-out: /tmp/ktest_lustre_mainline_native_azoyq7ku)
Starting job: cc-plugin (ktest-out: /tmp/ktest_lustre_mainline_native_azoyq7ku)
Starting job: boot (ktest-out: /tmp/ktest_lustre_mainline_native_azoyq7ku)
Starting job: llmount (ktest-out: /tmp/ktest_lustre_mainline_native_azoyq7ku)
Starting job: llog-unit (ktest-out: /tmp/ktest_lustre_mainline_native_azoyq7ku)
Starting job: mgs-setup (ktest-out: /tmp/ktest_lustre_mainline_native_azoyq7ku)
Starting job: sanity-1 (ktest-out: /tmp/ktest_lustre_mainline_native_azoyq7ku)
Starting job: sanity-2 (ktest-out: /tmp/ktest_lustre_mainline_native_azoyq7ku)
Starting job: sanity-3 (ktest-out: /tmp/ktest_lustre_mainline_native_azoyq7ku)
Starting job: sanity-4 (ktest-out: /tmp/ktest_lustre_mainline_native_azoyq7ku)
put_archive(/tmp/ktest_lustre_mainline_native_azoyq7ku.tar): 1.30s
put_archive(/tmp/ktest_lustre_mainline_native_azoyq7ku.tar): 1.30s
put_archive(/tmp/ktest_lustre_mainline_native_azoyq7ku.tar): 4.33s
put_archive(/tmp/ktest_lustre_mainline_native_azoyq7ku.tar): 4.63s
put_archive(/tmp/ktest_lustre_mainline_native_azoyq7ku.tar): 4.69s
put_archive(/tmp/ktest_lustre_mainline_native_azoyq7ku.tar): 4.59s
put_archive(/tmp/ktest_lustre_mainline_native_azoyq7ku.tar): 4.76s
put_archive(/tmp/ktest_lustre_mainline_native_azoyq7ku.tar): 9.58s
put_archive(/tmp/ktest-kernel.tar.gz): 12.01s
put_archive(/tmp/ktest-kernel.tar.gz): 21.34s
put_archive(/tmp/ktest-lustre.tar.gz): 9.81s
put_archive(/tmp/ktest-lustre.tar.gz): 0.36s
put_archive(/tmp/ktest_lustre_mainline_native_azoyq7ku.tar): 3.45s
put_archive(/tmp/ktest_lustre_mainline_native_azoyq7ku.tar): 3.45s
Job cc-plugin completed: FAILED (return code = 127, log: /tmp/ktest-results/cc-plugin.log)
Job clang-tidy completed: SUCCESS (return code = 0, log: /tmp/ktest-results/clang-tidy.log)
Job llog-unit completed: FAILED (return code = 1, log: /tmp/ktest-results/llog-unit.log)
Job mgs-setup completed: FAILED (return code = 1, log: /tmp/ktest-results/mgs-setup.log)
Job boot completed: FAILED (return code = 1, log: /tmp/ktest-results/boot.log)
Job sanity-1 completed: FAILED (return code = 1, log: /tmp/ktest-results/sanity-1.log)
Job sanity-2 completed: FAILED (return code = 1, log: /tmp/ktest-results/sanity-2.log)
Job llmount completed: FAILED (return code = 1, log: /tmp/ktest-results/llmount.log)
Job sanity-4 completed: FAILED (return code = 1, log: /tmp/ktest-results/sanity-4.log)
Job sanity-3 completed: FAILED (return code = 1, log: /tmp/ktest-results/sanity-3.log)

============================================================
Final Results:
  checkpatch-parallel: SUCCESS (return code = 0, log: /tmp/ktest-results/checkpatch-parallel.log)
  contribution-report: FAILED (return code = 1, log: /tmp/ktest-results/contribution-report.log)
  license-status: SUCCESS (return code = 0, log: /tmp/ktest-results/license-status.log)
  kernel-doc: SUCCESS (return code = 0, log: /tmp/ktest-results/kernel-doc.log)
  lustre_u24: SUCCESS (return code = 0, log: /tmp/ktest-results/lustre_u24.log)
  lustre_al2023: SUCCESS (return code = 0, log: /tmp/ktest-results/lustre_al2023.log)
  lustre_mainline_strict: FAILED (return code = 1, log: /tmp/ktest-results/lustre_mainline_strict.log)
  lustre_mainline: SUCCESS (return code = 0, log: /tmp/ktest-results/lustre_mainline.log)
  lustre_mainline_native: SUCCESS (return code = 0, log: /tmp/ktest-results/lustre_mainline_native.log)
  clang-tidy: SUCCESS (return code = 0, log: /tmp/ktest-results/clang-tidy.log)
  cc-plugin: FAILED (return code = 127, log: /tmp/ktest-results/cc-plugin.log)
  boot: FAILED (return code = 1, log: /tmp/ktest-results/boot.log)
  llmount: FAILED (return code = 1, log: /tmp/ktest-results/llmount.log)
  llog-unit: FAILED (return code = 1, log: /tmp/ktest-results/llog-unit.log)
  mgs-setup: FAILED (return code = 1, log: /tmp/ktest-results/mgs-setup.log)
  sanity-1: FAILED (return code = 1, log: /tmp/ktest-results/sanity-1.log)
  sanity-2: FAILED (return code = 1, log: /tmp/ktest-results/sanity-2.log)
  sanity-3: FAILED (return code = 1, log: /tmp/ktest-results/sanity-3.log)
  sanity-4: FAILED (return code = 1, log: /tmp/ktest-results/sanity-4.log)
</pre>
</body>
</html>
