Creating kernel tarball at /tmp/ktest-kernel.tar.gz...
Creating lustre tarball at /tmp/ktest-lustre.tar.gz...
Executing 19 jobs with dependencies
Jobs will start as soon as their dependencies are satisfied

Starting job: checkpatch-parallel (ktest-out: /tmp/ktest_checkpatch-parallel_96lwwo0m)
Starting job: license-status (ktest-out: /tmp/ktest_license-status_w_26a0lp)
Starting job: lustre_mainline (ktest-out: /tmp/ktest_lustre_mainline_ekl6jkvk)
Starting job: lustre_u24 (ktest-out: /tmp/ktest_lustre_u24_6411e_mb)
Starting job: lustre_al2023 (ktest-out: /tmp/ktest_lustre_al2023_7ff_h8_a)
Starting job: lustre_mainline_native (ktest-out: /tmp/ktest_lustre_mainline_native_crp7iy79)
Starting job: contribution-report (ktest-out: /tmp/ktest_contribution-report_iqi55653)
Starting job: kernel-doc (ktest-out: /tmp/ktest_kernel-doc_q48y6nfl)
Starting job: lustre_mainline_strict (ktest-out: /tmp/ktest_lustre_mainline_strict_xw5920sh)
put_archive(/tmp/ktest-kernel.tar.gz): 28.87s
put_archive(/tmp/ktest-kernel.tar.gz): 27.79s
put_archive(/tmp/ktest-kernel.tar.gz): 28.73s
put_archive(/tmp/ktest-kernel.tar.gz): 28.52s
put_archive(/tmp/ktest-kernel.tar.gz): 28.26s
put_archive(/tmp/ktest-kernel.tar.gz): 28.74s
put_archive(/tmp/ktest-kernel.tar.gz): 28.54s
put_archive(/tmp/ktest-kernel.tar.gz): 28.48s
put_archive(/tmp/ktest-kernel.tar.gz): 28.75s
put_archive(/tmp/ktest-lustre.tar.gz): 10.89s
put_archive(/tmp/ktest-lustre.tar.gz): 11.08s
put_archive(/tmp/ktest-lustre.tar.gz): 10.78s
put_archive(/tmp/ktest-lustre.tar.gz): 10.11s
put_archive(/tmp/ktest-lustre.tar.gz): 9.97s
put_archive(/tmp/ktest-lustre.tar.gz): 10.40s
put_archive(/tmp/ktest-lustre.tar.gz): 10.69s
put_archive(/tmp/ktest-lustre.tar.gz): 10.30s
put_archive(/tmp/ktest-lustre.tar.gz): 10.60s
Job contribution-report completed: SUCCESS (return code = 0, log: /tmp/ktest-results/contribution-report.log)
Job kernel-doc completed: SUCCESS (return code = 0, log: /tmp/ktest-results/kernel-doc.log)
Job license-status completed: SUCCESS (return code = 0, log: /tmp/ktest-results/license-status.log)
Job checkpatch-parallel completed: SUCCESS (return code = 0, log: /tmp/ktest-results/checkpatch-parallel.log)
Job lustre_al2023 completed: SUCCESS (return code = 0, log: /tmp/ktest-results/lustre_al2023.log)
Job lustre_u24 completed: SUCCESS (return code = 0, log: /tmp/ktest-results/lustre_u24.log)
get_archive(ktest-out): 5.36s
Job lustre_mainline_strict completed: FAILED (return code = 1, log: /tmp/ktest-results/lustre_mainline_strict.log)
get_archive(ktest-out): 3.15s
get_archive(ktest-out): 3.11s
Job lustre_mainline_native completed: SUCCESS (return code = 0, log: /tmp/ktest-results/lustre_mainline_native.log)
Starting job: clang-tidy (ktest-out: /tmp/ktest_lustre_mainline_native_crp7iy79)
Starting job: cc-plugin (ktest-out: /tmp/ktest_lustre_mainline_native_crp7iy79)
Starting job: boot (ktest-out: /tmp/ktest_lustre_mainline_native_crp7iy79)
Starting job: llmount (ktest-out: /tmp/ktest_lustre_mainline_native_crp7iy79)
Starting job: llog-unit (ktest-out: /tmp/ktest_lustre_mainline_native_crp7iy79)
Starting job: mgs-setup (ktest-out: /tmp/ktest_lustre_mainline_native_crp7iy79)
Starting job: sanity-1 (ktest-out: /tmp/ktest_lustre_mainline_native_crp7iy79)
Starting job: sanity-2 (ktest-out: /tmp/ktest_lustre_mainline_native_crp7iy79)
Starting job: sanity-3 (ktest-out: /tmp/ktest_lustre_mainline_native_crp7iy79)
Starting job: sanity-4 (ktest-out: /tmp/ktest_lustre_mainline_native_crp7iy79)
Job lustre_mainline completed: SUCCESS (return code = 0, log: /tmp/ktest-results/lustre_mainline.log)
put_archive(/tmp/ktest_lustre_mainline_native_crp7iy79.tar): 1.72s
put_archive(/tmp/ktest_lustre_mainline_native_crp7iy79.tar): 21.78s
put_archive(/tmp/ktest-kernel.tar.gz): 22.54s
put_archive(/tmp/ktest_lustre_mainline_native_crp7iy79.tar): 21.19s
put_archive(/tmp/ktest-lustre.tar.gz): 62.29s
put_archive(/tmp/ktest_lustre_mainline_native_crp7iy79.tar): 62.51s
put_archive(/tmp/ktest_lustre_mainline_native_crp7iy79.tar): 61.93s
put_archive(/tmp/ktest_lustre_mainline_native_crp7iy79.tar): 62.56s
put_archive(/tmp/ktest_lustre_mainline_native_crp7iy79.tar): 62.58s
put_archive(/tmp/ktest_lustre_mainline_native_crp7iy79.tar): 62.23s
put_archive(/tmp/ktest-kernel.tar.gz): 62.20s
put_archive(/tmp/ktest-lustre.tar.gz): 54.17s
put_archive(/tmp/ktest_lustre_mainline_native_crp7iy79.tar): 54.53s
put_archive(/tmp/ktest_lustre_mainline_native_crp7iy79.tar): 15.58s
Job boot completed: SUCCESS (return code = 0, log: /tmp/ktest-results/boot.log)
Job cc-plugin completed: FAILED (return code = 127, log: /tmp/ktest-results/cc-plugin.log)
Job llog-unit completed: SUCCESS (return code = 0, log: /tmp/ktest-results/llog-unit.log)
Job sanity-4 completed: SUCCESS (return code = 0, log: /tmp/ktest-results/sanity-4.log)
Job clang-tidy completed: SUCCESS (return code = 0, log: /tmp/ktest-results/clang-tidy.log)
Job mgs-setup completed: SUCCESS (return code = 0, log: /tmp/ktest-results/mgs-setup.log)
Job sanity-3 completed: SUCCESS (return code = 0, log: /tmp/ktest-results/sanity-3.log)
Job sanity-1 completed: SUCCESS (return code = 0, log: /tmp/ktest-results/sanity-1.log)
Job sanity-2 completed: SUCCESS (return code = 0, log: /tmp/ktest-results/sanity-2.log)
Job llmount completed: SUCCESS (return code = 0, log: /tmp/ktest-results/llmount.log)

============================================================
Final Results:
  checkpatch-parallel: SUCCESS (return code = 0, log: /tmp/ktest-results/checkpatch-parallel.log)
  contribution-report: SUCCESS (return code = 0, log: /tmp/ktest-results/contribution-report.log)
  license-status: SUCCESS (return code = 0, log: /tmp/ktest-results/license-status.log)
  kernel-doc: SUCCESS (return code = 0, log: /tmp/ktest-results/kernel-doc.log)
  lustre_u24: SUCCESS (return code = 0, log: /tmp/ktest-results/lustre_u24.log)
  lustre_al2023: SUCCESS (return code = 0, log: /tmp/ktest-results/lustre_al2023.log)
  lustre_mainline_strict: FAILED (return code = 1, log: /tmp/ktest-results/lustre_mainline_strict.log)
  lustre_mainline: SUCCESS (return code = 0, log: /tmp/ktest-results/lustre_mainline.log)
  lustre_mainline_native: SUCCESS (return code = 0, log: /tmp/ktest-results/lustre_mainline_native.log)
  clang-tidy: SUCCESS (return code = 0, log: /tmp/ktest-results/clang-tidy.log)
  cc-plugin: FAILED (return code = 127, log: /tmp/ktest-results/cc-plugin.log)
  boot: SUCCESS (return code = 0, log: /tmp/ktest-results/boot.log)
  llmount: SUCCESS (return code = 0, log: /tmp/ktest-results/llmount.log)
  llog-unit: SUCCESS (return code = 0, log: /tmp/ktest-results/llog-unit.log)
  mgs-setup: SUCCESS (return code = 0, log: /tmp/ktest-results/mgs-setup.log)
  sanity-1: SUCCESS (return code = 0, log: /tmp/ktest-results/sanity-1.log)
  sanity-2: SUCCESS (return code = 0, log: /tmp/ktest-results/sanity-2.log)
  sanity-3: SUCCESS (return code = 0, log: /tmp/ktest-results/sanity-3.log)
  sanity-4: SUCCESS (return code = 0, log: /tmp/ktest-results/sanity-4.log)