<html lang="en">
<body>
<pre>
Creating kernel tarball at /tmp/ktest-kernel.tar.gz...
Creating lustre tarball at /tmp/ktest-lustre.tar.gz...
Executing 19 jobs with dependencies
Jobs will start as soon as their dependencies are satisfied

Starting job: checkpatch-parallel (ktest-out: /tmp/ktest_checkpatch-parallel_c_mvtqug)
Starting job: lustre_mainline_strict (ktest-out: /tmp/ktest_lustre_mainline_strict_ojrc7t2d)
Starting job: lustre_al2023 (ktest-out: /tmp/ktest_lustre_al2023_b6ei5ax2)
Starting job: lustre_mainline (ktest-out: /tmp/ktest_lustre_mainline_v_zwu2ms)
Starting job: contribution-report (ktest-out: /tmp/ktest_contribution-report_k_x322cy)
Starting job: license-status (ktest-out: /tmp/ktest_license-status_m7wwecmd)
Starting job: lustre_u24 (ktest-out: /tmp/ktest_lustre_u24_y9u1xfoj)
Starting job: kernel-doc (ktest-out: /tmp/ktest_kernel-doc_ii04su_i)
Starting job: lustre_mainline_native (ktest-out: /tmp/ktest_lustre_mainline_native_zz81u1_k)
put_archive(/tmp/ktest-kernel.tar.gz): 5.96s
put_archive(/tmp/ktest-kernel.tar.gz): 6.23s
put_archive(/tmp/ktest-lustre.tar.gz): 0.90s
put_archive(/tmp/ktest-kernel.tar.gz): 6.60s
put_archive(/tmp/ktest-kernel.tar.gz): 7.61s
put_archive(/tmp/ktest-kernel.tar.gz): 8.14s
put_archive(/tmp/ktest-kernel.tar.gz): 5.49s
put_archive(/tmp/ktest-kernel.tar.gz): 5.69s
put_archive(/tmp/ktest-lustre.tar.gz): 2.21s
put_archive(/tmp/ktest-lustre.tar.gz): 3.09s
put_archive(/tmp/ktest-lustre.tar.gz): 1.24s
put_archive(/tmp/ktest-lustre.tar.gz): 0.61s
put_archive(/tmp/ktest-lustre.tar.gz): 0.89s
put_archive(/tmp/ktest-lustre.tar.gz): 1.87s
put_archive(/tmp/ktest-kernel.tar.gz): 4.66s
put_archive(/tmp/ktest-lustre.tar.gz): 2.58s
Job license-status completed: SUCCESS (return code = 0, log: /tmp/ktest-results/license-status.log)
Job kernel-doc completed: SUCCESS (return code = 0, log: /tmp/ktest-results/kernel-doc.log)
Job contribution-report completed: FAILED (return code = 1, log: /tmp/ktest-results/contribution-report.log)
put_archive(/tmp/ktest-kernel.tar.gz): 10.32s
put_archive(/tmp/ktest-lustre.tar.gz): 0.55s
Job checkpatch-parallel completed: SUCCESS (return code = 0, log: /tmp/ktest-results/checkpatch-parallel.log)
Job lustre_al2023 completed: SUCCESS (return code = 0, log: /tmp/ktest-results/lustre_al2023.log)
Job lustre_u24 completed: SUCCESS (return code = 0, log: /tmp/ktest-results/lustre_u24.log)
get_archive(ktest-out): 4.16s
Job lustre_mainline_strict completed: FAILED (return code = 1, log: /tmp/ktest-results/lustre_mainline_strict.log)
get_archive(ktest-out): 2.47s
get_archive(ktest-out): 2.57s
Job lustre_mainline completed: SUCCESS (return code = 0, log: /tmp/ktest-results/lustre_mainline.log)
Job lustre_mainline_native completed: SUCCESS (return code = 0, log: /tmp/ktest-results/lustre_mainline_native.log)
Starting job: clang-tidy (ktest-out: /tmp/ktest_lustre_mainline_native_zz81u1_k)
Starting job: cc-plugin (ktest-out: /tmp/ktest_lustre_mainline_native_zz81u1_k)
Starting job: boot (ktest-out: /tmp/ktest_lustre_mainline_native_zz81u1_k)
Starting job: llmount (ktest-out: /tmp/ktest_lustre_mainline_native_zz81u1_k)
Starting job: llog-unit (ktest-out: /tmp/ktest_lustre_mainline_native_zz81u1_k)
Starting job: mgs-setup (ktest-out: /tmp/ktest_lustre_mainline_native_zz81u1_k)
Starting job: sanity-1 (ktest-out: /tmp/ktest_lustre_mainline_native_zz81u1_k)
Starting job: sanity-2 (ktest-out: /tmp/ktest_lustre_mainline_native_zz81u1_k)
Starting job: sanity-3 (ktest-out: /tmp/ktest_lustre_mainline_native_zz81u1_k)
Starting job: sanity-4 (ktest-out: /tmp/ktest_lustre_mainline_native_zz81u1_k)
put_archive(/tmp/ktest_lustre_mainline_native_zz81u1_k.tar): 2.61s
put_archive(/tmp/ktest-kernel.tar.gz): 4.11s
put_archive(/tmp/ktest-lustre.tar.gz): 4.93s
put_archive(/tmp/ktest_lustre_mainline_native_zz81u1_k.tar): 7.68s
put_archive(/tmp/ktest_lustre_mainline_native_zz81u1_k.tar): 7.60s
put_archive(/tmp/ktest_lustre_mainline_native_zz81u1_k.tar): 7.96s
put_archive(/tmp/ktest_lustre_mainline_native_zz81u1_k.tar): 7.67s
put_archive(/tmp/ktest_lustre_mainline_native_zz81u1_k.tar): 8.02s
put_archive(/tmp/ktest_lustre_mainline_native_zz81u1_k.tar): 16.41s
put_archive(/tmp/ktest_lustre_mainline_native_zz81u1_k.tar): 13.54s
put_archive(/tmp/ktest-kernel.tar.gz): 16.58s
put_archive(/tmp/ktest_lustre_mainline_native_zz81u1_k.tar): 13.71s
put_archive(/tmp/ktest-lustre.tar.gz): 0.27s
put_archive(/tmp/ktest_lustre_mainline_native_zz81u1_k.tar): 6.45s
Job cc-plugin completed: FAILED (return code = 127, log: /tmp/ktest-results/cc-plugin.log)
Job sanity-2 completed: FAILED (return code = 1, log: /tmp/ktest-results/sanity-2.log)
Job clang-tidy completed: SUCCESS (return code = 0, log: /tmp/ktest-results/clang-tidy.log)
Job boot completed: FAILED (return code = 1, log: /tmp/ktest-results/boot.log)
Job sanity-4 completed: FAILED (return code = 1, log: /tmp/ktest-results/sanity-4.log)
Job sanity-3 completed: FAILED (return code = 1, log: /tmp/ktest-results/sanity-3.log)
Job sanity-1 completed: FAILED (return code = 1, log: /tmp/ktest-results/sanity-1.log)
Job llog-unit completed: FAILED (return code = 1, log: /tmp/ktest-results/llog-unit.log)
Job llmount completed: FAILED (return code = 1, log: /tmp/ktest-results/llmount.log)
Job mgs-setup completed: FAILED (return code = 1, log: /tmp/ktest-results/mgs-setup.log)

============================================================
Final Results:
  checkpatch-parallel: SUCCESS (return code = 0, log: /tmp/ktest-results/checkpatch-parallel.log)
  contribution-report: FAILED (return code = 1, log: /tmp/ktest-results/contribution-report.log)
  license-status: SUCCESS (return code = 0, log: /tmp/ktest-results/license-status.log)
  kernel-doc: SUCCESS (return code = 0, log: /tmp/ktest-results/kernel-doc.log)
  lustre_u24: SUCCESS (return code = 0, log: /tmp/ktest-results/lustre_u24.log)
  lustre_al2023: SUCCESS (return code = 0, log: /tmp/ktest-results/lustre_al2023.log)
  lustre_mainline_strict: FAILED (return code = 1, log: /tmp/ktest-results/lustre_mainline_strict.log)
  lustre_mainline: SUCCESS (return code = 0, log: /tmp/ktest-results/lustre_mainline.log)
  lustre_mainline_native: SUCCESS (return code = 0, log: /tmp/ktest-results/lustre_mainline_native.log)
  clang-tidy: SUCCESS (return code = 0, log: /tmp/ktest-results/clang-tidy.log)
  cc-plugin: FAILED (return code = 127, log: /tmp/ktest-results/cc-plugin.log)
  boot: FAILED (return code = 1, log: /tmp/ktest-results/boot.log)
  llmount: FAILED (return code = 1, log: /tmp/ktest-results/llmount.log)
  llog-unit: FAILED (return code = 1, log: /tmp/ktest-results/llog-unit.log)
  mgs-setup: FAILED (return code = 1, log: /tmp/ktest-results/mgs-setup.log)
  sanity-1: FAILED (return code = 1, log: /tmp/ktest-results/sanity-1.log)
  sanity-2: FAILED (return code = 1, log: /tmp/ktest-results/sanity-2.log)
  sanity-3: FAILED (return code = 1, log: /tmp/ktest-results/sanity-3.log)
  sanity-4: FAILED (return code = 1, log: /tmp/ktest-results/sanity-4.log)
</pre>
</body>
</html>
